#
# There is insufficient memory for the Java Runtime Environment to continue.
# Native memory allocation (mmap) failed to map 482344960 bytes for G1 virtual space
# Possible reasons:
#   The system is out of physical RAM or swap space
#   The process is running with CompressedOops enabled, and the Java Heap may be blocking the growth of the native heap
# Possible solutions:
#   Reduce memory load on the system
#   Increase physical memory or swap space
#   Check if swap backing store is full
#   Decrease Java heap size (-Xmx/-Xms)
#   Decrease number of Java threads
#   Decrease Java thread stack sizes (-Xss)
#   Set larger code cache with -XX:ReservedCodeCacheSize=
#   JVM is running with Zero Based Compressed Oops mode in which the Java heap is
#     placed in the first 32GB address space. The Java Heap base address is the
#     maximum limit for the native heap growth. Please use -XX:HeapBaseMinAddress
#     to set the Java Heap base and to place the Java Heap above 32GB virtual address.
# This output file may be truncated or incomplete.
#
#  Out of Memory Error (os_windows.cpp:3548), pid=23252, tid=13336
#
# JRE version: Java(TM) SE Runtime Environment (17.0.10+11) (build 17.0.10+11-LTS-240)
# Java VM: Java HotSpot(TM) 64-Bit Server VM (17.0.10+11-LTS-240, mixed mode, emulated-client, sharing, tiered, compressed oops, compressed class ptrs, g1 gc, windows-amd64)
# No core dump will be written. Minidumps are not enabled by default on client versions of Windows
#

---------------  S U M M A R Y ------------

Command Line: -Dspring.output.ansi.enabled=ALWAYS -XX:TieredStopAtLevel=1 -Dfile.encoding=windows-1252 -Duser.country=FR -Duser.language=fr -Duser.variant org.apache.fineract.ServerApplication

Host: 11th Gen Intel(R) Core(TM) i5-1135G7 @ 2.40GHz, 8 cores, 11G,  Windows 10 , 64 bit Build 19041 (10.0.19041.3636)
Time: Tue Jun 11 18:04:25 2024 Afr. centrale Ouest elapsed time: 66.915717 seconds (0d 0h 1m 6s)

---------------  T H R E A D  ---------------

Current thread (0x000001bb7fc48150):  VMThread "VM Thread" [stack: 0x0000000525100000,0x0000000525200000] [id=13336]

Stack: [0x0000000525100000,0x0000000525200000]
Native frames: (J=compiled Java code, j=interpreted, Vv=VM code, C=native code)
V  [jvm.dll+0x677a5a]
V  [jvm.dll+0x7d8b2d]
V  [jvm.dll+0x7da48e]
V  [jvm.dll+0x7daaf3]
V  [jvm.dll+0x2455ff]
V  [jvm.dll+0x6749b9]
V  [jvm.dll+0x669382]
V  [jvm.dll+0x302e96]
V  [jvm.dll+0x30a416]
V  [jvm.dll+0x359cbe]
V  [jvm.dll+0x359eef]
V  [jvm.dll+0x2d9e88]
V  [jvm.dll+0x2d8295]
V  [jvm.dll+0x2d789c]
V  [jvm.dll+0x31b18b]
V  [jvm.dll+0x7df30b]
V  [jvm.dll+0x7e0044]
V  [jvm.dll+0x7e055d]
V  [jvm.dll+0x7e0934]
V  [jvm.dll+0x7e0a00]
V  [jvm.dll+0x78888a]
V  [jvm.dll+0x676935]
C  [ucrtbase.dll+0x21bb2]
C  [KERNEL32.DLL+0x17344]
C  [ntdll.dll+0x526b1]

VM_Operation (0x00000005273fe7f0): G1CollectForAllocation, mode: safepoint, requested by thread 0x000001bb5bfc1f90


---------------  P R O C E S S  ---------------

Threads class SMR info:
_java_thread_list=0x000001bb5c007be0, length=31, elements={
0x000001bb78e24950, 0x000001bb7fc4e820, 0x000001bb7fc4f3e0, 0x000001bb7fc65120,
0x000001bb7fc65ce0, 0x000001bb7fc686b0, 0x000001bb7fc6b080, 0x000001bb7fc6baf0,
0x000001bb7fc6f9f0, 0x000001bb0d7a8ce0, 0x000001bb0d7ad790, 0x000001bb7fc30f90,
0x000001bb561bf8f0, 0x000001bb561beed0, 0x000001bb561bf3e0, 0x000001bb561c0310,
0x000001bb5bc4c340, 0x000001bb561c0820, 0x000001bb561bda90, 0x000001bb561bd070,
0x000001bb5bfc38e0, 0x000001bb5bfc1f90, 0x000001bb5bfc2ec0, 0x000001bb5bfc6670,
0x000001bb5bfc5230, 0x000001bb5bfc3df0, 0x000001bb5bfc33d0, 0x000001bb5bfc5740,
0x000001bb5bfc29b0, 0x000001bb5bfc24a0, 0x000001bb5bfc5c50
}

Java Threads: ( => current thread )
  0x000001bb78e24950 JavaThread "main" [_thread_blocked, id=16064, stack(0x0000000524b00000,0x0000000524c00000)]
  0x000001bb7fc4e820 JavaThread "Reference Handler" daemon [_thread_blocked, id=2928, stack(0x0000000525200000,0x0000000525300000)]
  0x000001bb7fc4f3e0 JavaThread "Finalizer" daemon [_thread_blocked, id=25160, stack(0x0000000525300000,0x0000000525400000)]
  0x000001bb7fc65120 JavaThread "Signal Dispatcher" daemon [_thread_blocked, id=22676, stack(0x0000000525400000,0x0000000525500000)]
  0x000001bb7fc65ce0 JavaThread "Attach Listener" daemon [_thread_blocked, id=21696, stack(0x0000000525500000,0x0000000525600000)]
  0x000001bb7fc686b0 JavaThread "Service Thread" daemon [_thread_blocked, id=25012, stack(0x0000000525600000,0x0000000525700000)]
  0x000001bb7fc6b080 JavaThread "Monitor Deflation Thread" daemon [_thread_blocked, id=19080, stack(0x0000000525700000,0x0000000525800000)]
  0x000001bb7fc6baf0 JavaThread "C1 CompilerThread0" daemon [_thread_blocked, id=2124, stack(0x0000000525800000,0x0000000525900000)]
  0x000001bb7fc6f9f0 JavaThread "Sweeper thread" daemon [_thread_blocked, id=1032, stack(0x0000000525900000,0x0000000525a00000)]
  0x000001bb0d7a8ce0 JavaThread "Notification Thread" daemon [_thread_blocked, id=24348, stack(0x0000000525c00000,0x0000000525d00000)]
  0x000001bb0d7ad790 JavaThread "Common-Cleaner" daemon [_thread_blocked, id=23556, stack(0x0000000525e00000,0x0000000525f00000)]
  0x000001bb7fc30f90 JavaThread "HikariPool-1 housekeeper" daemon [_thread_blocked, id=22692, stack(0x0000000526a00000,0x0000000526b00000)]
  0x000001bb561bf8f0 JavaThread "HikariPool-2 housekeeper" daemon [_thread_blocked, id=18056, stack(0x0000000526700000,0x0000000526800000)]
  0x000001bb561beed0 JavaThread "Catalina-utility-1" [_thread_blocked, id=12572, stack(0x0000000526b00000,0x0000000526c00000)]
  0x000001bb561bf3e0 JavaThread "Catalina-utility-2" [_thread_blocked, id=5360, stack(0x0000000526f00000,0x0000000527000000)]
  0x000001bb561c0310 JavaThread "container-0" [_thread_blocked, id=13648, stack(0x0000000527000000,0x0000000527100000)]
  0x000001bb5bc4c340 JavaThread "C1 CompilerThread1" daemon [_thread_blocked, id=1412, stack(0x0000000524800000,0x0000000524900000)]
  0x000001bb561c0820 JavaThread "ClassGraph-worker-0" daemon [_thread_blocked, id=4572, stack(0x0000000524900000,0x0000000524a00000)]
  0x000001bb561bda90 JavaThread "ClassGraph-worker-1" daemon [_thread_blocked, id=2380, stack(0x0000000524a00000,0x0000000524b00000)]
  0x000001bb561bd070 JavaThread "ClassGraph-worker-2" daemon [_thread_blocked, id=16160, stack(0x0000000527100000,0x0000000527200000)]
  0x000001bb5bfc38e0 JavaThread "ClassGraph-worker-3" daemon [_thread_blocked, id=23288, stack(0x0000000527200000,0x0000000527300000)]
  0x000001bb5bfc1f90 JavaThread "ClassGraph-worker-4" daemon [_thread_blocked, id=23708, stack(0x0000000527300000,0x0000000527400000)]
  0x000001bb5bfc2ec0 JavaThread "ClassGraph-worker-5" daemon [_thread_blocked, id=22260, stack(0x0000000527400000,0x0000000527500000)]
  0x000001bb5bfc6670 JavaThread "ClassGraph-worker-6" daemon [_thread_blocked, id=16584, stack(0x0000000527500000,0x0000000527600000)]
  0x000001bb5bfc5230 JavaThread "ClassGraph-worker-7" daemon [_thread_blocked, id=14820, stack(0x0000000527600000,0x0000000527700000)]
  0x000001bb5bfc3df0 JavaThread "ClassGraph-worker-8" daemon [_thread_blocked, id=9324, stack(0x0000000527700000,0x0000000527800000)]
  0x000001bb5bfc33d0 JavaThread "ClassGraph-worker-9" daemon [_thread_blocked, id=18552, stack(0x0000000527800000,0x0000000527900000)]
  0x000001bb5bfc5740 JavaThread "ClassGraph-worker-10" daemon [_thread_blocked, id=14572, stack(0x0000000527900000,0x0000000527a00000)]
  0x000001bb5bfc29b0 JavaThread "ClassGraph-worker-11" daemon [_thread_blocked, id=25272, stack(0x0000000527a00000,0x0000000527b00000)]
  0x000001bb5bfc24a0 JavaThread "ClassGraph-worker-12" daemon [_thread_blocked, id=23976, stack(0x0000000527b00000,0x0000000527c00000)]
  0x000001bb5bfc5c50 JavaThread "ClassGraph-worker-13" daemon [_thread_blocked, id=23200, stack(0x0000000527c00000,0x0000000527d00000)]

Other Threads:
=>0x000001bb7fc48150 VMThread "VM Thread" [stack: 0x0000000525100000,0x0000000525200000] [id=13336]
  0x000001bb78e91b40 WatcherThread [stack: 0x0000000525d00000,0x0000000525e00000] [id=12672]
  0x000001bb78e7d140 GCTaskThread "GC Thread#0" [stack: 0x0000000524c00000,0x0000000524d00000] [id=9348]
  0x000001bb53b3f030 GCTaskThread "GC Thread#1" [stack: 0x0000000525f00000,0x0000000526000000] [id=13524]
  0x000001bb53c91c70 GCTaskThread "GC Thread#2" [stack: 0x0000000526000000,0x0000000526100000] [id=19072]
  0x000001bb53c91f30 GCTaskThread "GC Thread#3" [stack: 0x0000000526100000,0x0000000526200000] [id=24100]
  0x000001bb53f65790 GCTaskThread "GC Thread#4" [stack: 0x0000000526200000,0x0000000526300000] [id=3156]
  0x000001bb54165fd0 GCTaskThread "GC Thread#5" [stack: 0x0000000526300000,0x0000000526400000] [id=20676]
  0x000001bb54166290 GCTaskThread "GC Thread#6" [stack: 0x0000000526400000,0x0000000526500000] [id=13496]
  0x000001bb54166550 GCTaskThread "GC Thread#7" [stack: 0x0000000526500000,0x0000000526600000] [id=17836]
  0x000001bb78e8a3b0 ConcurrentGCThread "G1 Main Marker" [stack: 0x0000000524d00000,0x0000000524e00000] [id=12200]
  0x000001bb78e8adc0 ConcurrentGCThread "G1 Conc#0" [stack: 0x0000000524e00000,0x0000000524f00000] [id=18256]
  0x000001bb546b64e0 ConcurrentGCThread "G1 Conc#1" [stack: 0x0000000526600000,0x0000000526700000] [id=26308]
  0x000001bb78efde10 ConcurrentGCThread "G1 Refine#0" [stack: 0x0000000524f00000,0x0000000525000000] [id=21500]
  0x000001bb54f23750 ConcurrentGCThread "G1 Refine#1" [stack: 0x0000000525b00000,0x0000000525c00000] [id=25984]
  0x000001bb55527080 ConcurrentGCThread "G1 Refine#2" [stack: 0x0000000526c00000,0x0000000526d00000] [id=9796]
  0x000001bb55527660 ConcurrentGCThread "G1 Refine#3" [stack: 0x0000000526d00000,0x0000000526e00000] [id=21256]
  0x000001bb55527950 ConcurrentGCThread "G1 Refine#4" [stack: 0x0000000526e00000,0x0000000526f00000] [id=4324]
  0x000001bb78efe840 ConcurrentGCThread "G1 Service" [stack: 0x0000000525000000,0x0000000525100000] [id=9164]

Threads with active compile tasks:

VM state: at safepoint (normal execution)

VM Mutex/Monitor currently owned by a thread:  ([mutex/lock_event])
[0x000001bb78e20390] Threads_lock - owner thread: 0x000001bb7fc48150
[0x000001bb78e1f730] Heap_lock - owner thread: 0x000001bb5bfc1f90

Heap address: 0x0000000744e00000, size: 2994 MB, Compressed Oops mode: Zero based, Oop shift amount: 3

CDS archive(s) mapped at: [0x000001bb0e000000-0x000001bb0ebd0000-0x000001bb0ebd0000), size 12386304, SharedBaseAddress: 0x000001bb0e000000, ArchiveRelocationMode: 1.
Compressed class space mapped at: 0x000001bb0f000000-0x000001bb4f000000, reserved size: 1073741824
Narrow klass base: 0x000001bb0e000000, Narrow klass shift: 0, Narrow klass range: 0x100000000

GC Precious Log:
 CPUs: 8 total, 8 available
 Memory: 11968M
 Large Page Support: Disabled
 NUMA Support: Disabled
 Compressed Oops: Enabled (Zero based)
 Heap Region Size: 2M
 Heap Min Capacity: 8M
 Heap Initial Capacity: 188M
 Heap Max Capacity: 2994M
 Pre-touch: Disabled
 Parallel Workers: 8
 Concurrent Workers: 2
 Concurrent Refinement Workers: 8
 Periodic GC: Disabled

Heap:
 garbage-first heap   total 475136K, used 276324K [0x0000000744e00000, 0x0000000800000000)
  region size 2048K, 2 young (4096K), 2 survivors (4096K)
 Metaspace       used 137065K, committed 139456K, reserved 1179648K
  class space    used 16493K, committed 17472K, reserved 1048576K

Heap Regions: E=young(eden), S=young(survivor), O=old, HS=humongous(starts), HC=humongous(continues), CS=collection set, F=free, OA=open archive, CA=closed archive, TAMS=top-at-mark-start (previous, next)
|   0|0x0000000744e00000, 0x0000000745000000, 0x0000000745000000|100%| O|  |TAMS 0x0000000745000000, 0x0000000744e00000| Untracked 
|   1|0x0000000745000000, 0x0000000745200000, 0x0000000745200000|100%| O|  |TAMS 0x0000000745200000, 0x0000000745000000| Untracked 
|   2|0x0000000745200000, 0x0000000745400000, 0x0000000745400000|100%| O|  |TAMS 0x0000000745400000, 0x0000000745200000| Untracked 
|   3|0x0000000745400000, 0x0000000745600000, 0x0000000745600000|100%| O|  |TAMS 0x0000000745600000, 0x0000000745400000| Untracked 
|   4|0x0000000745600000, 0x0000000745800000, 0x0000000745800000|100%| O|  |TAMS 0x0000000745800000, 0x0000000745600000| Untracked 
|   5|0x0000000745800000, 0x0000000745a00000, 0x0000000745a00000|100%| O|  |TAMS 0x0000000745a00000, 0x0000000745800000| Untracked 
|   6|0x0000000745a00000, 0x0000000745c00000, 0x0000000745c00000|100%| O|  |TAMS 0x0000000745c00000, 0x0000000745a00000| Untracked 
|   7|0x0000000745c00000, 0x0000000745e00000, 0x0000000745e00000|100%| O|  |TAMS 0x0000000745e00000, 0x0000000745c00000| Untracked 
|   8|0x0000000745e00000, 0x0000000746000000, 0x0000000746000000|100%| O|  |TAMS 0x0000000746000000, 0x0000000745e00000| Untracked 
|   9|0x0000000746000000, 0x000000074617ee00, 0x0000000746200000| 74%| O|  |TAMS 0x000000074617ee00, 0x0000000746000000| Untracked 
|  10|0x0000000746200000, 0x0000000746400000, 0x0000000746400000|100%| O|  |TAMS 0x0000000746400000, 0x0000000746200000| Untracked 
|  11|0x0000000746400000, 0x0000000746600000, 0x0000000746600000|100%| O|  |TAMS 0x0000000746600000, 0x0000000746400000| Untracked 
|  12|0x0000000746600000, 0x0000000746800000, 0x0000000746800000|100%| O|  |TAMS 0x0000000746800000, 0x0000000746600000| Untracked 
|  13|0x0000000746800000, 0x0000000746a00000, 0x0000000746a00000|100%| O|  |TAMS 0x0000000746a00000, 0x0000000746800000| Untracked 
|  14|0x0000000746a00000, 0x0000000746c00000, 0x0000000746c00000|100%| O|  |TAMS 0x0000000746c00000, 0x0000000746a00000| Untracked 
|  15|0x0000000746c00000, 0x0000000746e00000, 0x0000000746e00000|100%| O|  |TAMS 0x0000000746e00000, 0x0000000746c00000| Untracked 
|  16|0x0000000746e00000, 0x0000000747000000, 0x0000000747000000|100%| O|  |TAMS 0x0000000747000000, 0x0000000746e00000| Untracked 
|  17|0x0000000747000000, 0x0000000747200000, 0x0000000747200000|100%| O|  |TAMS 0x0000000747200000, 0x0000000747000000| Untracked 
|  18|0x0000000747200000, 0x0000000747400000, 0x0000000747400000|100%| O|  |TAMS 0x0000000747400000, 0x0000000747200000| Untracked 
|  19|0x0000000747400000, 0x0000000747600000, 0x0000000747600000|100%| O|  |TAMS 0x0000000747600000, 0x0000000747400000| Untracked 
|  20|0x0000000747600000, 0x0000000747800000, 0x0000000747800000|100%| O|  |TAMS 0x0000000747800000, 0x0000000747600000| Untracked 
|  21|0x0000000747800000, 0x0000000747a00000, 0x0000000747a00000|100%| O|  |TAMS 0x0000000747a00000, 0x0000000747800000| Untracked 
|  22|0x0000000747a00000, 0x0000000747c00000, 0x0000000747c00000|100%| O|  |TAMS 0x0000000747c00000, 0x0000000747a00000| Untracked 
|  23|0x0000000747c00000, 0x0000000747e00000, 0x0000000747e00000|100%| O|  |TAMS 0x0000000747e00000, 0x0000000747c00000| Untracked 
|  24|0x0000000747e00000, 0x0000000748000000, 0x0000000748000000|100%| O|  |TAMS 0x0000000748000000, 0x0000000747e00000| Untracked 
|  25|0x0000000748000000, 0x0000000748200000, 0x0000000748200000|100%| O|  |TAMS 0x0000000748200000, 0x0000000748000000| Untracked 
|  26|0x0000000748200000, 0x0000000748400000, 0x0000000748400000|100%| O|  |TAMS 0x0000000748400000, 0x0000000748200000| Untracked 
|  27|0x0000000748400000, 0x0000000748600000, 0x0000000748600000|100%| O|  |TAMS 0x0000000748600000, 0x0000000748400000| Untracked 
|  28|0x0000000748600000, 0x0000000748800000, 0x0000000748800000|100%| O|  |TAMS 0x0000000748800000, 0x0000000748600000| Untracked 
|  29|0x0000000748800000, 0x0000000748a00000, 0x0000000748a00000|100%| O|  |TAMS 0x0000000748a00000, 0x0000000748800000| Untracked 
|  30|0x0000000748a00000, 0x0000000748c00000, 0x0000000748c00000|100%| O|  |TAMS 0x0000000748c00000, 0x0000000748a00000| Untracked 
|  31|0x0000000748c00000, 0x0000000748e00000, 0x0000000748e00000|100%| O|  |TAMS 0x0000000748e00000, 0x0000000748c00000| Untracked 
|  32|0x0000000748e00000, 0x0000000749000000, 0x0000000749000000|100%| O|  |TAMS 0x0000000749000000, 0x0000000748e00000| Untracked 
|  33|0x0000000749000000, 0x0000000749200000, 0x0000000749200000|100%| O|  |TAMS 0x0000000749200000, 0x0000000749000000| Untracked 
|  34|0x0000000749200000, 0x0000000749400000, 0x0000000749400000|100%| O|  |TAMS 0x0000000749400000, 0x0000000749200000| Untracked 
|  35|0x0000000749400000, 0x0000000749600000, 0x0000000749600000|100%| O|  |TAMS 0x0000000749600000, 0x0000000749400000| Untracked 
|  36|0x0000000749600000, 0x0000000749800000, 0x0000000749800000|100%| O|  |TAMS 0x0000000749800000, 0x0000000749600000| Untracked 
|  37|0x0000000749800000, 0x0000000749a00000, 0x0000000749a00000|100%| O|  |TAMS 0x0000000749a00000, 0x0000000749800000| Untracked 
|  38|0x0000000749a00000, 0x0000000749c00000, 0x0000000749c00000|100%| O|  |TAMS 0x0000000749c00000, 0x0000000749a00000| Untracked 
|  39|0x0000000749c00000, 0x0000000749e00000, 0x0000000749e00000|100%| O|  |TAMS 0x0000000749e00000, 0x0000000749c00000| Untracked 
|  40|0x0000000749e00000, 0x000000074a000000, 0x000000074a000000|100%| O|  |TAMS 0x000000074a000000, 0x0000000749e00000| Untracked 
|  41|0x000000074a000000, 0x000000074a200000, 0x000000074a200000|100%| O|  |TAMS 0x000000074a200000, 0x000000074a000000| Untracked 
|  42|0x000000074a200000, 0x000000074a400000, 0x000000074a400000|100%| O|  |TAMS 0x000000074a400000, 0x000000074a200000| Untracked 
|  43|0x000000074a400000, 0x000000074a600000, 0x000000074a600000|100%| O|  |TAMS 0x000000074a600000, 0x000000074a400000| Untracked 
|  44|0x000000074a600000, 0x000000074a800000, 0x000000074a800000|100%| O|  |TAMS 0x000000074a800000, 0x000000074a600000| Untracked 
|  45|0x000000074a800000, 0x000000074aa00000, 0x000000074aa00000|100%| O|  |TAMS 0x000000074aa00000, 0x000000074a800000| Untracked 
|  46|0x000000074aa00000, 0x000000074ac00000, 0x000000074ac00000|100%| O|  |TAMS 0x000000074ac00000, 0x000000074aa00000| Untracked 
|  47|0x000000074ac00000, 0x000000074ae00000, 0x000000074ae00000|100%| O|  |TAMS 0x000000074ae00000, 0x000000074ac00000| Untracked 
|  48|0x000000074ae00000, 0x000000074b000000, 0x000000074b000000|100%| O|  |TAMS 0x000000074b000000, 0x000000074ae00000| Untracked 
|  49|0x000000074b000000, 0x000000074b200000, 0x000000074b200000|100%| O|  |TAMS 0x000000074b200000, 0x000000074b000000| Untracked 
|  50|0x000000074b200000, 0x000000074b400000, 0x000000074b400000|100%| O|  |TAMS 0x000000074b400000, 0x000000074b200000| Untracked 
|  51|0x000000074b400000, 0x000000074b600000, 0x000000074b600000|100%| O|  |TAMS 0x000000074b600000, 0x000000074b400000| Untracked 
|  52|0x000000074b600000, 0x000000074b800000, 0x000000074b800000|100%| O|  |TAMS 0x000000074b800000, 0x000000074b600000| Untracked 
|  53|0x000000074b800000, 0x000000074ba00000, 0x000000074ba00000|100%| O|  |TAMS 0x000000074ba00000, 0x000000074b800000| Untracked 
|  54|0x000000074ba00000, 0x000000074bc00000, 0x000000074bc00000|100%| O|  |TAMS 0x000000074bc00000, 0x000000074ba00000| Untracked 
|  55|0x000000074bc00000, 0x000000074be00000, 0x000000074be00000|100%| O|  |TAMS 0x000000074be00000, 0x000000074bc00000| Untracked 
|  56|0x000000074be00000, 0x000000074c000000, 0x000000074c000000|100%| O|  |TAMS 0x000000074c000000, 0x000000074be00000| Untracked 
|  57|0x000000074c000000, 0x000000074c200000, 0x000000074c200000|100%| O|  |TAMS 0x000000074c200000, 0x000000074c000000| Untracked 
|  58|0x000000074c200000, 0x000000074c400000, 0x000000074c400000|100%| O|  |TAMS 0x000000074c400000, 0x000000074c200000| Untracked 
|  59|0x000000074c400000, 0x000000074c600000, 0x000000074c600000|100%| O|  |TAMS 0x000000074c600000, 0x000000074c400000| Untracked 
|  60|0x000000074c600000, 0x000000074c800000, 0x000000074c800000|100%| O|  |TAMS 0x000000074c800000, 0x000000074c600000| Untracked 
|  61|0x000000074c800000, 0x000000074ca00000, 0x000000074ca00000|100%| O|  |TAMS 0x000000074ca00000, 0x000000074c800000| Untracked 
|  62|0x000000074ca00000, 0x000000074cc00000, 0x000000074cc00000|100%| O|  |TAMS 0x000000074cc00000, 0x000000074ca00000| Untracked 
|  63|0x000000074cc00000, 0x000000074ce00000, 0x000000074ce00000|100%| O|  |TAMS 0x000000074ce00000, 0x000000074cc00000| Untracked 
|  64|0x000000074ce00000, 0x000000074d000000, 0x000000074d000000|100%| O|  |TAMS 0x000000074d000000, 0x000000074ce00000| Untracked 
|  65|0x000000074d000000, 0x000000074d200000, 0x000000074d200000|100%| O|  |TAMS 0x000000074d200000, 0x000000074d000000| Untracked 
|  66|0x000000074d200000, 0x000000074d400000, 0x000000074d400000|100%| O|  |TAMS 0x000000074d400000, 0x000000074d200000| Untracked 
|  67|0x000000074d400000, 0x000000074d600000, 0x000000074d600000|100%| O|  |TAMS 0x000000074d600000, 0x000000074d400000| Untracked 
|  68|0x000000074d600000, 0x000000074d800000, 0x000000074d800000|100%| O|  |TAMS 0x000000074d800000, 0x000000074d600000| Untracked 
|  69|0x000000074d800000, 0x000000074da00000, 0x000000074da00000|100%| O|  |TAMS 0x000000074da00000, 0x000000074d800000| Untracked 
|  70|0x000000074da00000, 0x000000074dc00000, 0x000000074dc00000|100%| O|  |TAMS 0x000000074dc00000, 0x000000074da00000| Untracked 
|  71|0x000000074dc00000, 0x000000074de00000, 0x000000074de00000|100%| O|  |TAMS 0x000000074de00000, 0x000000074dc00000| Untracked 
|  72|0x000000074de00000, 0x000000074e000000, 0x000000074e000000|100%| O|  |TAMS 0x000000074e000000, 0x000000074de00000| Untracked 
|  73|0x000000074e000000, 0x000000074e200000, 0x000000074e200000|100%| O|  |TAMS 0x000000074e200000, 0x000000074e000000| Untracked 
|  74|0x000000074e200000, 0x000000074e400000, 0x000000074e400000|100%| O|  |TAMS 0x000000074e400000, 0x000000074e200000| Untracked 
|  75|0x000000074e400000, 0x000000074e600000, 0x000000074e600000|100%| O|  |TAMS 0x000000074e600000, 0x000000074e400000| Untracked 
|  76|0x000000074e600000, 0x000000074e800000, 0x000000074e800000|100%| O|  |TAMS 0x000000074e800000, 0x000000074e600000| Untracked 
|  77|0x000000074e800000, 0x000000074ea00000, 0x000000074ea00000|100%| O|  |TAMS 0x000000074ea00000, 0x000000074e800000| Untracked 
|  78|0x000000074ea00000, 0x000000074ec00000, 0x000000074ec00000|100%| O|  |TAMS 0x000000074ec00000, 0x000000074ea00000| Untracked 
|  79|0x000000074ec00000, 0x000000074ee00000, 0x000000074ee00000|100%| O|  |TAMS 0x000000074ee00000, 0x000000074ec00000| Untracked 
|  80|0x000000074ee00000, 0x000000074f000000, 0x000000074f000000|100%| O|  |TAMS 0x000000074f000000, 0x000000074ee00000| Untracked 
|  81|0x000000074f000000, 0x000000074f200000, 0x000000074f200000|100%| O|  |TAMS 0x000000074f200000, 0x000000074f000000| Untracked 
|  82|0x000000074f200000, 0x000000074f400000, 0x000000074f400000|100%| O|  |TAMS 0x000000074f400000, 0x000000074f200000| Untracked 
|  83|0x000000074f400000, 0x000000074f600000, 0x000000074f600000|100%| O|  |TAMS 0x000000074f600000, 0x000000074f400000| Untracked 
|  84|0x000000074f600000, 0x000000074f800000, 0x000000074f800000|100%| O|  |TAMS 0x000000074f800000, 0x000000074f600000| Untracked 
|  85|0x000000074f800000, 0x000000074fa00000, 0x000000074fa00000|100%| O|  |TAMS 0x000000074fa00000, 0x000000074f800000| Untracked 
|  86|0x000000074fa00000, 0x000000074fa00000, 0x000000074fc00000|  0%| F|  |TAMS 0x000000074fa00000, 0x000000074fa00000| Untracked 
|  87|0x000000074fc00000, 0x000000074fe00000, 0x000000074fe00000|100%| O|  |TAMS 0x000000074fe00000, 0x000000074fc00000| Untracked 
|  88|0x000000074fe00000, 0x0000000750000000, 0x0000000750000000|100%| O|  |TAMS 0x0000000750000000, 0x000000074fe00000| Untracked 
|  89|0x0000000750000000, 0x0000000750200000, 0x0000000750200000|100%| O|  |TAMS 0x0000000750200000, 0x0000000750000000| Untracked 
|  90|0x0000000750200000, 0x0000000750400000, 0x0000000750400000|100%| O|  |TAMS 0x0000000750400000, 0x0000000750200000| Untracked 
|  91|0x0000000750400000, 0x0000000750600000, 0x0000000750600000|100%| O|  |TAMS 0x0000000750600000, 0x0000000750400000| Untracked 
|  92|0x0000000750600000, 0x0000000750800000, 0x0000000750800000|100%| O|  |TAMS 0x0000000750800000, 0x0000000750600000| Untracked 
|  93|0x0000000750800000, 0x0000000750a00000, 0x0000000750a00000|100%| O|  |TAMS 0x0000000750a00000, 0x0000000750800000| Untracked 
|  94|0x0000000750a00000, 0x0000000750a00000, 0x0000000750c00000|  0%| F|  |TAMS 0x0000000750a00000, 0x0000000750a00000| Untracked 
|  95|0x0000000750c00000, 0x0000000750e00000, 0x0000000750e00000|100%| O|  |TAMS 0x0000000750e00000, 0x0000000750c00000| Untracked 
|  96|0x0000000750e00000, 0x0000000751000000, 0x0000000751000000|100%| O|  |TAMS 0x0000000751000000, 0x0000000750e00000| Untracked 
|  97|0x0000000751000000, 0x0000000751200000, 0x0000000751200000|100%| O|  |TAMS 0x0000000751200000, 0x0000000751000000| Untracked 
|  98|0x0000000751200000, 0x0000000751400000, 0x0000000751400000|100%| O|  |TAMS 0x0000000751400000, 0x0000000751200000| Untracked 
|  99|0x0000000751400000, 0x0000000751600000, 0x0000000751600000|100%| O|  |TAMS 0x0000000751600000, 0x0000000751400000| Untracked 
| 100|0x0000000751600000, 0x0000000751800000, 0x0000000751800000|100%| O|  |TAMS 0x0000000751800000, 0x0000000751600000| Untracked 
| 101|0x0000000751800000, 0x0000000751a00000, 0x0000000751a00000|100%| O|  |TAMS 0x0000000751a00000, 0x0000000751800000| Untracked 
| 102|0x0000000751a00000, 0x0000000751c00000, 0x0000000751c00000|100%| O|  |TAMS 0x0000000751c00000, 0x0000000751a00000| Untracked 
| 103|0x0000000751c00000, 0x0000000751e00000, 0x0000000751e00000|100%| O|  |TAMS 0x0000000751e00000, 0x0000000751c00000| Untracked 
| 104|0x0000000751e00000, 0x0000000752000000, 0x0000000752000000|100%| O|  |TAMS 0x0000000752000000, 0x0000000751e00000| Untracked 
| 105|0x0000000752000000, 0x0000000752200000, 0x0000000752200000|100%| O|  |TAMS 0x0000000752200000, 0x0000000752000000| Untracked 
| 106|0x0000000752200000, 0x0000000752400000, 0x0000000752400000|100%| O|  |TAMS 0x0000000752400000, 0x0000000752200000| Untracked 
| 107|0x0000000752400000, 0x0000000752600000, 0x0000000752600000|100%| O|  |TAMS 0x0000000752600000, 0x0000000752400000| Untracked 
| 108|0x0000000752600000, 0x0000000752800000, 0x0000000752800000|100%| O|  |TAMS 0x0000000752800000, 0x0000000752600000| Untracked 
| 109|0x0000000752800000, 0x0000000752a00000, 0x0000000752a00000|100%| O|  |TAMS 0x0000000752a00000, 0x0000000752800000| Untracked 
| 110|0x0000000752a00000, 0x0000000752c00000, 0x0000000752c00000|100%| O|  |TAMS 0x0000000752c00000, 0x0000000752a00000| Untracked 
| 111|0x0000000752c00000, 0x0000000752e00000, 0x0000000752e00000|100%| O|  |TAMS 0x0000000752e00000, 0x0000000752c00000| Untracked 
| 112|0x0000000752e00000, 0x0000000753000000, 0x0000000753000000|100%| O|  |TAMS 0x0000000753000000, 0x0000000752e00000| Untracked 
| 113|0x0000000753000000, 0x0000000753200000, 0x0000000753200000|100%| O|  |TAMS 0x0000000753200000, 0x0000000753000000| Untracked 
| 114|0x0000000753200000, 0x0000000753400000, 0x0000000753400000|100%| O|  |TAMS 0x0000000753400000, 0x0000000753200000| Untracked 
| 115|0x0000000753400000, 0x0000000753600000, 0x0000000753600000|100%| O|  |TAMS 0x0000000753600000, 0x0000000753400000| Untracked 
| 116|0x0000000753600000, 0x0000000753800000, 0x0000000753800000|100%| O|  |TAMS 0x0000000753627400, 0x0000000753600000| Untracked 
| 117|0x0000000753800000, 0x0000000753a00000, 0x0000000753a00000|100%| O|  |TAMS 0x0000000753800000, 0x0000000753800000| Untracked 
| 118|0x0000000753a00000, 0x0000000753c00000, 0x0000000753c00000|100%| O|  |TAMS 0x0000000753a00000, 0x0000000753a00000| Untracked 
| 119|0x0000000753c00000, 0x0000000753e00000, 0x0000000753e00000|100%| O|  |TAMS 0x0000000753c00000, 0x0000000753c00000| Untracked 
| 120|0x0000000753e00000, 0x0000000754000000, 0x0000000754000000|100%| O|  |TAMS 0x0000000753e00000, 0x0000000753e00000| Untracked 
| 121|0x0000000754000000, 0x0000000754200000, 0x0000000754200000|100%| O|  |TAMS 0x0000000754000000, 0x0000000754000000| Untracked 
| 122|0x0000000754200000, 0x0000000754400000, 0x0000000754400000|100%| O|  |TAMS 0x0000000754200000, 0x0000000754200000| Untracked 
| 123|0x0000000754400000, 0x0000000754600000, 0x0000000754600000|100%| O|  |TAMS 0x0000000754400000, 0x0000000754400000| Untracked 
| 124|0x0000000754600000, 0x0000000754800000, 0x0000000754800000|100%| O|  |TAMS 0x0000000754600000, 0x0000000754600000| Untracked 
| 125|0x0000000754800000, 0x0000000754a00000, 0x0000000754a00000|100%| O|  |TAMS 0x0000000754800000, 0x0000000754800000| Untracked 
| 126|0x0000000754a00000, 0x0000000754c00000, 0x0000000754c00000|100%| O|  |TAMS 0x0000000754a00000, 0x0000000754a00000| Untracked 
| 127|0x0000000754c00000, 0x0000000754e00000, 0x0000000754e00000|100%| O|  |TAMS 0x0000000754c00000, 0x0000000754c00000| Untracked 
| 128|0x0000000754e00000, 0x0000000755000000, 0x0000000755000000|100%| O|  |TAMS 0x0000000754e00000, 0x0000000754e00000| Untracked 
| 129|0x0000000755000000, 0x0000000755200000, 0x0000000755200000|100%| O|  |TAMS 0x0000000755000000, 0x0000000755000000| Untracked 
| 130|0x0000000755200000, 0x0000000755400000, 0x0000000755400000|100%| O|  |TAMS 0x0000000755200000, 0x0000000755200000| Untracked 
| 131|0x0000000755400000, 0x0000000755600000, 0x0000000755600000|100%| O|  |TAMS 0x0000000755400000, 0x0000000755400000| Untracked 
| 132|0x0000000755600000, 0x0000000755800000, 0x0000000755800000|100%| O|  |TAMS 0x0000000755600000, 0x0000000755600000| Untracked 
| 133|0x0000000755800000, 0x0000000755a00000, 0x0000000755a00000|100%| O|  |TAMS 0x0000000755800000, 0x0000000755800000| Untracked 
| 134|0x0000000755a00000, 0x0000000755c00000, 0x0000000755c00000|100%| O|  |TAMS 0x0000000755a00000, 0x0000000755a00000| Untracked 
| 135|0x0000000755c00000, 0x0000000755c5a200, 0x0000000755e00000| 17%| O|  |TAMS 0x0000000755c00000, 0x0000000755c00000| Untracked 
| 136|0x0000000755e00000, 0x0000000755e00000, 0x0000000756000000|  0%| F|  |TAMS 0x0000000755e00000, 0x0000000755e00000| Untracked 
| 137|0x0000000756000000, 0x0000000756000000, 0x0000000756200000|  0%| F|  |TAMS 0x0000000756000000, 0x0000000756000000| Untracked 
| 138|0x0000000756200000, 0x0000000756200000, 0x0000000756400000|  0%| F|  |TAMS 0x0000000756200000, 0x0000000756200000| Untracked 
| 139|0x0000000756400000, 0x0000000756400000, 0x0000000756600000|  0%| F|  |TAMS 0x0000000756400000, 0x0000000756400000| Untracked 
| 140|0x0000000756600000, 0x0000000756600000, 0x0000000756800000|  0%| F|  |TAMS 0x0000000756600000, 0x0000000756600000| Untracked 
| 141|0x0000000756800000, 0x0000000756800000, 0x0000000756a00000|  0%| F|  |TAMS 0x0000000756800000, 0x0000000756800000| Untracked 
| 142|0x0000000756a00000, 0x0000000756a00000, 0x0000000756c00000|  0%| F|  |TAMS 0x0000000756a00000, 0x0000000756a00000| Untracked 
| 143|0x0000000756c00000, 0x0000000756c00000, 0x0000000756e00000|  0%| F|  |TAMS 0x0000000756c00000, 0x0000000756c00000| Untracked 
| 144|0x0000000756e00000, 0x0000000756e00000, 0x0000000757000000|  0%| F|  |TAMS 0x0000000756e00000, 0x0000000756e00000| Untracked 
| 145|0x0000000757000000, 0x0000000757000000, 0x0000000757200000|  0%| F|  |TAMS 0x0000000757000000, 0x0000000757000000| Untracked 
| 146|0x0000000757200000, 0x0000000757200000, 0x0000000757400000|  0%| F|  |TAMS 0x0000000757200000, 0x0000000757200000| Untracked 
| 147|0x0000000757400000, 0x0000000757400000, 0x0000000757600000|  0%| F|  |TAMS 0x0000000757400000, 0x0000000757400000| Untracked 
| 148|0x0000000757600000, 0x0000000757600000, 0x0000000757800000|  0%| F|  |TAMS 0x0000000757600000, 0x0000000757600000| Untracked 
| 149|0x0000000757800000, 0x0000000757800000, 0x0000000757a00000|  0%| F|  |TAMS 0x0000000757800000, 0x0000000757800000| Untracked 
| 150|0x0000000757a00000, 0x0000000757a00000, 0x0000000757c00000|  0%| F|  |TAMS 0x0000000757a00000, 0x0000000757a00000| Untracked 
| 151|0x0000000757c00000, 0x0000000757c00000, 0x0000000757e00000|  0%| F|  |TAMS 0x0000000757c00000, 0x0000000757c00000| Untracked 
| 152|0x0000000757e00000, 0x0000000757e00000, 0x0000000758000000|  0%| F|  |TAMS 0x0000000757e00000, 0x0000000757e00000| Untracked 
| 153|0x0000000758000000, 0x0000000758000000, 0x0000000758200000|  0%| F|  |TAMS 0x0000000758000000, 0x0000000758000000| Untracked 
| 154|0x0000000758200000, 0x0000000758200000, 0x0000000758400000|  0%| F|  |TAMS 0x0000000758200000, 0x0000000758200000| Untracked 
| 155|0x0000000758400000, 0x0000000758400000, 0x0000000758600000|  0%| F|  |TAMS 0x0000000758400000, 0x0000000758400000| Untracked 
| 156|0x0000000758600000, 0x0000000758600000, 0x0000000758800000|  0%| F|  |TAMS 0x0000000758600000, 0x0000000758600000| Untracked 
| 157|0x0000000758800000, 0x0000000758800000, 0x0000000758a00000|  0%| F|  |TAMS 0x0000000758800000, 0x0000000758800000| Untracked 
| 158|0x0000000758a00000, 0x0000000758a00000, 0x0000000758c00000|  0%| F|  |TAMS 0x0000000758a00000, 0x0000000758a00000| Untracked 
| 159|0x0000000758c00000, 0x0000000758c00000, 0x0000000758e00000|  0%| F|  |TAMS 0x0000000758c00000, 0x0000000758c00000| Untracked 
| 160|0x0000000758e00000, 0x0000000758e00000, 0x0000000759000000|  0%| F|  |TAMS 0x0000000758e00000, 0x0000000758e00000| Untracked 
| 161|0x0000000759000000, 0x0000000759000000, 0x0000000759200000|  0%| F|  |TAMS 0x0000000759000000, 0x0000000759000000| Untracked 
| 162|0x0000000759200000, 0x0000000759200000, 0x0000000759400000|  0%| F|  |TAMS 0x0000000759200000, 0x0000000759200000| Untracked 
| 163|0x0000000759400000, 0x0000000759400000, 0x0000000759600000|  0%| F|  |TAMS 0x0000000759400000, 0x0000000759400000| Untracked 
| 164|0x0000000759600000, 0x0000000759600000, 0x0000000759800000|  0%| F|  |TAMS 0x0000000759600000, 0x0000000759600000| Untracked 
| 165|0x0000000759800000, 0x0000000759800000, 0x0000000759a00000|  0%| F|  |TAMS 0x0000000759800000, 0x0000000759800000| Untracked 
| 166|0x0000000759a00000, 0x0000000759a00000, 0x0000000759c00000|  0%| F|  |TAMS 0x0000000759a00000, 0x0000000759a00000| Untracked 
| 167|0x0000000759c00000, 0x0000000759c00000, 0x0000000759e00000|  0%| F|  |TAMS 0x0000000759c00000, 0x0000000759c00000| Untracked 
| 168|0x0000000759e00000, 0x0000000759e00000, 0x000000075a000000|  0%| F|  |TAMS 0x0000000759e00000, 0x0000000759e00000| Untracked 
| 169|0x000000075a000000, 0x000000075a000000, 0x000000075a200000|  0%| F|  |TAMS 0x000000075a000000, 0x000000075a000000| Untracked 
| 170|0x000000075a200000, 0x000000075a200000, 0x000000075a400000|  0%| F|  |TAMS 0x000000075a200000, 0x000000075a200000| Untracked 
| 171|0x000000075a400000, 0x000000075a400000, 0x000000075a600000|  0%| F|  |TAMS 0x000000075a400000, 0x000000075a400000| Untracked 
| 172|0x000000075a600000, 0x000000075a600000, 0x000000075a800000|  0%| F|  |TAMS 0x000000075a600000, 0x000000075a600000| Untracked 
| 173|0x000000075a800000, 0x000000075a800000, 0x000000075aa00000|  0%| F|  |TAMS 0x000000075a800000, 0x000000075a800000| Untracked 
| 174|0x000000075aa00000, 0x000000075aa00000, 0x000000075ac00000|  0%| F|  |TAMS 0x000000075aa00000, 0x000000075aa00000| Untracked 
| 175|0x000000075ac00000, 0x000000075ac00000, 0x000000075ae00000|  0%| F|  |TAMS 0x000000075ac00000, 0x000000075ac00000| Untracked 
| 176|0x000000075ae00000, 0x000000075ae00000, 0x000000075b000000|  0%| F|  |TAMS 0x000000075ae00000, 0x000000075ae00000| Untracked 
| 177|0x000000075b000000, 0x000000075b000000, 0x000000075b200000|  0%| F|  |TAMS 0x000000075b000000, 0x000000075b000000| Untracked 
| 178|0x000000075b200000, 0x000000075b200000, 0x000000075b400000|  0%| F|  |TAMS 0x000000075b200000, 0x000000075b200000| Untracked 
| 179|0x000000075b400000, 0x000000075b400000, 0x000000075b600000|  0%| F|  |TAMS 0x000000075b400000, 0x000000075b400000| Untracked 
| 180|0x000000075b600000, 0x000000075b600000, 0x000000075b800000|  0%| F|  |TAMS 0x000000075b600000, 0x000000075b600000| Untracked 
| 181|0x000000075b800000, 0x000000075b800000, 0x000000075ba00000|  0%| F|  |TAMS 0x000000075b800000, 0x000000075b800000| Untracked 
| 182|0x000000075ba00000, 0x000000075ba00000, 0x000000075bc00000|  0%| F|  |TAMS 0x000000075ba00000, 0x000000075ba00000| Untracked 
| 183|0x000000075bc00000, 0x000000075bc00000, 0x000000075be00000|  0%| F|  |TAMS 0x000000075bc00000, 0x000000075bc00000| Untracked 
| 184|0x000000075be00000, 0x000000075be00000, 0x000000075c000000|  0%| F|  |TAMS 0x000000075be00000, 0x000000075be00000| Untracked 
| 185|0x000000075c000000, 0x000000075c000000, 0x000000075c200000|  0%| F|  |TAMS 0x000000075c000000, 0x000000075c000000| Untracked 
| 186|0x000000075c200000, 0x000000075c200000, 0x000000075c400000|  0%| F|  |TAMS 0x000000075c200000, 0x000000075c200000| Untracked 
| 187|0x000000075c400000, 0x000000075c400000, 0x000000075c600000|  0%| F|  |TAMS 0x000000075c400000, 0x000000075c400000| Untracked 
| 188|0x000000075c600000, 0x000000075c600000, 0x000000075c800000|  0%| F|  |TAMS 0x000000075c600000, 0x000000075c600000| Untracked 
| 189|0x000000075c800000, 0x000000075c800000, 0x000000075ca00000|  0%| F|  |TAMS 0x000000075c800000, 0x000000075c800000| Untracked 
| 190|0x000000075ca00000, 0x000000075ca00000, 0x000000075cc00000|  0%| F|  |TAMS 0x000000075ca00000, 0x000000075ca00000| Untracked 
| 191|0x000000075cc00000, 0x000000075cc00000, 0x000000075ce00000|  0%| F|  |TAMS 0x000000075cc00000, 0x000000075cc00000| Untracked 
| 192|0x000000075ce00000, 0x000000075ce00000, 0x000000075d000000|  0%| F|  |TAMS 0x000000075ce00000, 0x000000075ce00000| Untracked 
| 193|0x000000075d000000, 0x000000075d000000, 0x000000075d200000|  0%| F|  |TAMS 0x000000075d000000, 0x000000075d000000| Untracked 
| 194|0x000000075d200000, 0x000000075d200000, 0x000000075d400000|  0%| F|  |TAMS 0x000000075d200000, 0x000000075d200000| Untracked 
| 195|0x000000075d400000, 0x000000075d400000, 0x000000075d600000|  0%| F|  |TAMS 0x000000075d400000, 0x000000075d400000| Untracked 
| 196|0x000000075d600000, 0x000000075d600000, 0x000000075d800000|  0%| F|  |TAMS 0x000000075d600000, 0x000000075d600000| Untracked 
| 197|0x000000075d800000, 0x000000075d800000, 0x000000075da00000|  0%| F|  |TAMS 0x000000075d800000, 0x000000075d800000| Untracked 
| 198|0x000000075da00000, 0x000000075da00000, 0x000000075dc00000|  0%| F|  |TAMS 0x000000075da00000, 0x000000075da00000| Untracked 
| 199|0x000000075dc00000, 0x000000075dc00000, 0x000000075de00000|  0%| F|  |TAMS 0x000000075dc00000, 0x000000075dc00000| Untracked 
| 200|0x000000075de00000, 0x000000075de00000, 0x000000075e000000|  0%| F|  |TAMS 0x000000075de00000, 0x000000075de00000| Untracked 
| 201|0x000000075e000000, 0x000000075e000000, 0x000000075e200000|  0%| F|  |TAMS 0x000000075e000000, 0x000000075e000000| Untracked 
| 202|0x000000075e200000, 0x000000075e200000, 0x000000075e400000|  0%| F|  |TAMS 0x000000075e200000, 0x000000075e200000| Untracked 
| 203|0x000000075e400000, 0x000000075e400000, 0x000000075e600000|  0%| F|  |TAMS 0x000000075e400000, 0x000000075e400000| Untracked 
| 204|0x000000075e600000, 0x000000075e600000, 0x000000075e800000|  0%| F|  |TAMS 0x000000075e600000, 0x000000075e600000| Untracked 
| 205|0x000000075e800000, 0x000000075e800000, 0x000000075ea00000|  0%| F|  |TAMS 0x000000075e800000, 0x000000075e800000| Untracked 
| 206|0x000000075ea00000, 0x000000075ea00000, 0x000000075ec00000|  0%| F|  |TAMS 0x000000075ea00000, 0x000000075ea00000| Untracked 
| 207|0x000000075ec00000, 0x000000075ec00000, 0x000000075ee00000|  0%| F|  |TAMS 0x000000075ec00000, 0x000000075ec00000| Untracked 
| 208|0x000000075ee00000, 0x000000075ee00000, 0x000000075f000000|  0%| F|  |TAMS 0x000000075ee00000, 0x000000075ee00000| Untracked 
| 209|0x000000075f000000, 0x000000075f000000, 0x000000075f200000|  0%| F|  |TAMS 0x000000075f000000, 0x000000075f000000| Untracked 
| 210|0x000000075f200000, 0x000000075f200000, 0x000000075f400000|  0%| F|  |TAMS 0x000000075f200000, 0x000000075f200000| Untracked 
| 211|0x000000075f400000, 0x000000075f400000, 0x000000075f600000|  0%| F|  |TAMS 0x000000075f400000, 0x000000075f400000| Untracked 
| 212|0x000000075f600000, 0x000000075f600000, 0x000000075f800000|  0%| F|  |TAMS 0x000000075f600000, 0x000000075f600000| Untracked 
| 213|0x000000075f800000, 0x000000075f800000, 0x000000075fa00000|  0%| F|  |TAMS 0x000000075f800000, 0x000000075f800000| Untracked 
| 214|0x000000075fa00000, 0x000000075fa00000, 0x000000075fc00000|  0%| F|  |TAMS 0x000000075fa00000, 0x000000075fa00000| Untracked 
| 215|0x000000075fc00000, 0x000000075fc00000, 0x000000075fe00000|  0%| F|  |TAMS 0x000000075fc00000, 0x000000075fc00000| Untracked 
| 216|0x000000075fe00000, 0x000000075fe00000, 0x0000000760000000|  0%| F|  |TAMS 0x000000075fe00000, 0x000000075fe00000| Untracked 
| 217|0x0000000760000000, 0x0000000760000000, 0x0000000760200000|  0%| F|  |TAMS 0x0000000760000000, 0x0000000760000000| Untracked 
| 218|0x0000000760200000, 0x0000000760200000, 0x0000000760400000|  0%| F|  |TAMS 0x0000000760200000, 0x0000000760200000| Untracked 
| 219|0x0000000760400000, 0x0000000760400000, 0x0000000760600000|  0%| F|  |TAMS 0x0000000760400000, 0x0000000760400000| Untracked 
| 220|0x0000000760600000, 0x0000000760600000, 0x0000000760800000|  0%| F|  |TAMS 0x0000000760600000, 0x0000000760600000| Untracked 
| 221|0x0000000760800000, 0x0000000760a00000, 0x0000000760a00000|100%| S|CS|TAMS 0x0000000760800000, 0x0000000760800000| Complete 
| 222|0x0000000760a00000, 0x0000000760c00000, 0x0000000760c00000|100%| S|CS|TAMS 0x0000000760a00000, 0x0000000760a00000| Complete 
| 223|0x0000000760c00000, 0x0000000760c00000, 0x0000000760e00000|  0%| F|  |TAMS 0x0000000760c00000, 0x0000000760c00000| Untracked 
| 224|0x0000000760e00000, 0x0000000760e00000, 0x0000000761000000|  0%| F|  |TAMS 0x0000000760e00000, 0x0000000760e00000| Untracked 
| 225|0x0000000761000000, 0x0000000761000000, 0x0000000761200000|  0%| F|  |TAMS 0x0000000761000000, 0x0000000761000000| Untracked 
| 226|0x0000000761200000, 0x0000000761200000, 0x0000000761400000|  0%| F|  |TAMS 0x0000000761200000, 0x0000000761200000| Untracked 
| 227|0x0000000761400000, 0x0000000761400000, 0x0000000761600000|  0%| F|  |TAMS 0x0000000761400000, 0x0000000761400000| Untracked 
| 228|0x0000000761600000, 0x0000000761600000, 0x0000000761800000|  0%| F|  |TAMS 0x0000000761600000, 0x0000000761600000| Untracked 
| 229|0x0000000761800000, 0x0000000761800000, 0x0000000761a00000|  0%| F|  |TAMS 0x0000000761800000, 0x0000000761800000| Untracked 
| 230|0x0000000761a00000, 0x0000000761a00000, 0x0000000761c00000|  0%| F|  |TAMS 0x0000000761a00000, 0x0000000761a00000| Untracked 
| 231|0x0000000761c00000, 0x0000000761c00000, 0x0000000761e00000|  0%| F|  |TAMS 0x0000000761c00000, 0x0000000761c00000| Untracked 

Card table byte_map: [0x000001bb7c5f0000,0x000001bb7cbd0000] _byte_map_base: 0x000001bb78bc9000

Marking Bits (Prev, Next): (CMBitMap*) 0x000001bb78e7d7a0, (CMBitMap*) 0x000001bb78e7d760
 Prev Bits: [0x000001bb0a6b0000, 0x000001bb0d578000)
 Next Bits: [0x000001bb077e0000, 0x000001bb0a6a8000)

Polling page: 0x000001bb76d50000

Metaspace:

Usage:
  Non-class:    117.75 MB used.
      Class:     16.11 MB used.
       Both:    133.85 MB used.

Virtual space:
  Non-class space:      128.00 MB reserved,     119.12 MB ( 93%) committed,  2 nodes.
      Class space:        1.00 GB reserved,      17.06 MB (  2%) committed,  1 nodes.
             Both:        1.12 GB reserved,     136.19 MB ( 12%) committed. 

Chunk freelists:
   Non-Class:  8.08 MB
       Class:  14.98 MB
        Both:  23.06 MB

MaxMetaspaceSize: unlimited
CompressedClassSpaceSize: 1.00 GB
Initial GC threshold: 21.00 MB
Current GC threshold: 226.50 MB
CDS: on
MetaspaceReclaimPolicy: balanced
 - commit_granule_bytes: 65536.
 - commit_granule_words: 8192.
 - virtual_space_node_default_size: 8388608.
 - enlarge_chunks_in_place: 1.
 - new_chunks_are_fully_committed: 0.
 - uncommit_free_chunks: 1.
 - use_allocation_guard: 0.
 - handle_deallocations: 1.


Internal statistics:

num_allocs_failed_limit: 18.
num_arena_births: 3240.
num_arena_deaths: 2.
num_vsnodes_births: 3.
num_vsnodes_deaths: 0.
num_space_committed: 2179.
num_space_uncommitted: 0.
num_chunks_returned_to_freelist: 20.
num_chunks_taken_from_freelist: 10166.
num_chunk_merges: 18.
num_chunk_splits: 6634.
num_chunks_enlarged: 4251.
num_inconsistent_stats: 0.

CodeCache: size=49152Kb used=28183Kb max_used=28334Kb free=20968Kb
 bounds [0x000001bb78f00000, 0x000001bb7ab10000, 0x000001bb7bf00000]
 total_blobs=15296 nmethods=14537 adapters=681
 compilation: enabled
              stopped_count=0, restarted_count=0
 full_count=0

Compilation events (20 events):
Event: 66.905 Thread 0x000001bb7fc6baf0 nmethod 14760 0x000001bb7aa72410 code [0x000001bb7aa725a0, 0x000001bb7aa72688]
Event: 66.905 Thread 0x000001bb7fc6baf0 14764       1       java.io.IOException::<init> (6 bytes)
Event: 66.905 Thread 0x000001bb7fc6baf0 nmethod 14764 0x000001bb7aa72110 code [0x000001bb7aa722a0, 0x000001bb7aa72388]
Event: 66.905 Thread 0x000001bb7fc6baf0 14765       1       java.lang.Throwable::<init> (29 bytes)
Event: 66.905 Thread 0x000001bb5bc4c340 nmethod 14757 0x000001bb7aa6ec10 code [0x000001bb7aa6f0e0, 0x000001bb7aa71058]
Event: 66.906 Thread 0x000001bb7fc6baf0 nmethod 14765 0x000001bb7aa6e790 code [0x000001bb7aa6e940, 0x000001bb7aa6eb68]
Event: 66.906 Thread 0x000001bb7fc6baf0 14766       1       java.lang.Exception::<init> (5 bytes)
Event: 66.906 Thread 0x000001bb7fc6baf0 nmethod 14766 0x000001bb7aa6e310 code [0x000001bb7aa6e4c0, 0x000001bb7aa6e6e8]
Event: 66.906 Thread 0x000001bb7fc6baf0 14767       1       nonapi.io.github.classgraph.types.Parser::peek (30 bytes)
Event: 66.906 Thread 0x000001bb5bc4c340 14768       1       nonapi.io.github.classgraph.types.Parser::hasMore (20 bytes)
Event: 66.906 Thread 0x000001bb5bc4c340 nmethod 14768 0x000001bb7aa6df90 code [0x000001bb7aa6e120, 0x000001bb7aa6e218]
Event: 66.906 Thread 0x000001bb5bc4c340 14769       1       nonapi.io.github.classgraph.types.Parser::next (11 bytes)
Event: 66.906 Thread 0x000001bb5bc4c340 nmethod 14769 0x000001bb7aa6dc90 code [0x000001bb7aa6de20, 0x000001bb7aa6def8]
Event: 66.906 Thread 0x000001bb5bc4c340 14770       1       nonapi.io.github.classgraph.types.Parser::appendToToken (10 bytes)
Event: 66.907 Thread 0x000001bb5bc4c340 nmethod 14770 0x000001bb7aa6d910 code [0x000001bb7aa6daa0, 0x000001bb7aa6db88]
Event: 66.907 Thread 0x000001bb7fc6baf0 nmethod 14767 0x000001bb7aa6d390 code [0x000001bb7aa6d540, 0x000001bb7aa6d798]
Event: 66.907 Thread 0x000001bb7fc6baf0 14771       1       io.github.classgraph.ObjectTypedValueWrapper::instantiateOrGet (416 bytes)
Event: 66.907 Thread 0x000001bb5bc4c340 14772       1       nonapi.io.github.classgraph.fileslice.PathSlice::hashCode (5 bytes)
Event: 66.907 Thread 0x000001bb7fc6baf0 nmethod 14771 0x000001bb7aa6c410 code [0x000001bb7aa6c6e0, 0x000001bb7aa6d068]
Event: 66.907 Thread 0x000001bb5bc4c340 nmethod 14772 0x000001bb7aa6c110 code [0x000001bb7aa6c2a0, 0x000001bb7aa6c388]

GC Heap History (20 events):
Event: 59.377 GC heap after
{Heap after GC invocations=94 (full 0):
 garbage-first heap   total 403456K, used 218298K [0x0000000744e00000, 0x0000000800000000)
  region size 2048K, 1 young (2048K), 1 survivors (2048K)
 Metaspace       used 127417K, committed 129536K, reserved 1179648K
  class space    used 15765K, committed 16576K, reserved 1048576K
}
Event: 60.598 GC heap before
{Heap before GC invocations=94 (full 0):
 garbage-first heap   total 403456K, used 349370K [0x0000000744e00000, 0x0000000800000000)
  region size 2048K, 65 young (133120K), 1 survivors (2048K)
 Metaspace       used 129058K, committed 131200K, reserved 1179648K
  class space    used 15879K, committed 16704K, reserved 1048576K
}
Event: 60.605 GC heap after
{Heap after GC invocations=95 (full 0):
 garbage-first heap   total 403456K, used 220996K [0x0000000744e00000, 0x0000000800000000)
  region size 2048K, 3 young (6144K), 3 survivors (6144K)
 Metaspace       used 129058K, committed 131200K, reserved 1179648K
  class space    used 15879K, committed 16704K, reserved 1048576K
}
Event: 62.094 GC heap before
{Heap before GC invocations=95 (full 0):
 garbage-first heap   total 403456K, used 347972K [0x0000000744e00000, 0x0000000800000000)
  region size 2048K, 65 young (133120K), 3 survivors (6144K)
 Metaspace       used 131081K, committed 133312K, reserved 1179648K
  class space    used 16020K, committed 16896K, reserved 1048576K
}
Event: 62.102 GC heap after
{Heap after GC invocations=96 (full 0):
 garbage-first heap   total 403456K, used 224997K [0x0000000744e00000, 0x0000000800000000)
  region size 2048K, 5 young (10240K), 5 survivors (10240K)
 Metaspace       used 131081K, committed 133312K, reserved 1179648K
  class space    used 16020K, committed 16896K, reserved 1048576K
}
Event: 63.095 GC heap before
{Heap before GC invocations=96 (full 0):
 garbage-first heap   total 403456K, used 347877K [0x0000000744e00000, 0x0000000800000000)
  region size 2048K, 65 young (133120K), 5 survivors (10240K)
 Metaspace       used 132522K, committed 134784K, reserved 1179648K
  class space    used 16115K, committed 17024K, reserved 1048576K
}
Event: 63.104 GC heap after
{Heap after GC invocations=97 (full 0):
 garbage-first heap   total 403456K, used 229544K [0x0000000744e00000, 0x0000000800000000)
  region size 2048K, 7 young (14336K), 7 survivors (14336K)
 Metaspace       used 132522K, committed 134784K, reserved 1179648K
  class space    used 16115K, committed 17024K, reserved 1048576K
}
Event: 64.309 GC heap before
{Heap before GC invocations=98 (full 0):
 garbage-first heap   total 413696K, used 344232K [0x0000000744e00000, 0x0000000800000000)
  region size 2048K, 63 young (129024K), 7 survivors (14336K)
 Metaspace       used 134190K, committed 136512K, reserved 1179648K
  class space    used 16232K, committed 17152K, reserved 1048576K
}
Event: 64.320 GC heap after
{Heap after GC invocations=99 (full 0):
 garbage-first heap   total 413696K, used 233413K [0x0000000744e00000, 0x0000000800000000)
  region size 2048K, 7 young (14336K), 7 survivors (14336K)
 Metaspace       used 134190K, committed 136512K, reserved 1179648K
  class space    used 16232K, committed 17152K, reserved 1048576K
}
Event: 64.369 GC heap before
{Heap before GC invocations=99 (full 0):
 garbage-first heap   total 413696K, used 239557K [0x0000000744e00000, 0x0000000800000000)
  region size 2048K, 10 young (20480K), 7 survivors (14336K)
 Metaspace       used 134257K, committed 136576K, reserved 1179648K
  class space    used 16237K, committed 17152K, reserved 1048576K
}
Event: 64.382 GC heap after
{Heap after GC invocations=100 (full 0):
 garbage-first heap   total 413696K, used 232760K [0x0000000744e00000, 0x0000000800000000)
  region size 2048K, 1 young (2048K), 1 survivors (2048K)
 Metaspace       used 134257K, committed 136576K, reserved 1179648K
  class space    used 16237K, committed 17152K, reserved 1048576K
}
Event: 65.282 GC heap before
{Heap before GC invocations=100 (full 0):
 garbage-first heap   total 413696K, used 357688K [0x0000000744e00000, 0x0000000800000000)
  region size 2048K, 62 young (126976K), 1 survivors (2048K)
 Metaspace       used 135695K, committed 138048K, reserved 1179648K
  class space    used 16351K, committed 17280K, reserved 1048576K
}
Event: 65.289 GC heap after
{Heap after GC invocations=101 (full 0):
 garbage-first heap   total 413696K, used 235172K [0x0000000744e00000, 0x0000000800000000)
  region size 2048K, 3 young (6144K), 3 survivors (6144K)
 Metaspace       used 135695K, committed 138048K, reserved 1179648K
  class space    used 16351K, committed 17280K, reserved 1048576K
}
Event: 65.593 GC heap before
{Heap before GC invocations=101 (full 0):
 garbage-first heap   total 413696K, used 356004K [0x0000000744e00000, 0x0000000800000000)
  region size 2048K, 62 young (126976K), 3 survivors (6144K)
 Metaspace       used 136747K, committed 139136K, reserved 1179648K
  class space    used 16458K, committed 17408K, reserved 1048576K
}
Event: 65.603 GC heap after
{Heap after GC invocations=102 (full 0):
 garbage-first heap   total 413696K, used 253592K [0x0000000744e00000, 0x0000000800000000)
  region size 2048K, 8 young (16384K), 8 survivors (16384K)
 Metaspace       used 136747K, committed 139136K, reserved 1179648K
  class space    used 16458K, committed 17408K, reserved 1048576K
}
Event: 66.360 GC heap before
{Heap before GC invocations=102 (full 0):
 garbage-first heap   total 413696K, used 343704K [0x0000000744e00000, 0x0000000800000000)
  region size 2048K, 52 young (106496K), 8 survivors (16384K)
 Metaspace       used 136761K, committed 139136K, reserved 1179648K
  class space    used 16460K, committed 17408K, reserved 1048576K
}
Event: 66.375 GC heap after
{Heap after GC invocations=103 (full 0):
 garbage-first heap   total 413696K, used 270771K [0x0000000744e00000, 0x0000000800000000)
  region size 2048K, 7 young (14336K), 7 survivors (14336K)
 Metaspace       used 136761K, committed 139136K, reserved 1179648K
  class space    used 16460K, committed 17408K, reserved 1048576K
}
Event: 66.856 GC heap before
{Heap before GC invocations=104 (full 0):
 garbage-first heap   total 475136K, used 342451K [0x0000000744e00000, 0x0000000800000000)
  region size 2048K, 42 young (86016K), 7 survivors (14336K)
 Metaspace       used 136763K, committed 139136K, reserved 1179648K
  class space    used 16460K, committed 17408K, reserved 1048576K
}
Event: 66.864 GC heap after
{Heap after GC invocations=105 (full 0):
 garbage-first heap   total 475136K, used 276075K [0x0000000744e00000, 0x0000000800000000)
  region size 2048K, 2 young (4096K), 2 survivors (4096K)
 Metaspace       used 136763K, committed 139136K, reserved 1179648K
  class space    used 16460K, committed 17408K, reserved 1048576K
}
Event: 66.908 GC heap before
{Heap before GC invocations=105 (full 0):
 garbage-first heap   total 475136K, used 292459K [0x0000000744e00000, 0x0000000800000000)
  region size 2048K, 11 young (22528K), 2 survivors (4096K)
 Metaspace       used 137065K, committed 139456K, reserved 1179648K
  class space    used 16493K, committed 17472K, reserved 1048576K
}

Deoptimization events (20 events):
Event: 34.137 Thread 0x000001bb78e24950 DEOPT PACKING pc=0x000001bb7946ee62 sp=0x0000000524bf5d70
Event: 34.137 Thread 0x000001bb78e24950 DEOPT UNPACKING pc=0x000001bb78f566e3 sp=0x0000000524bf5278 mode 3
Event: 34.137 Thread 0x000001bb78e24950 DEOPT PACKING pc=0x000001bb794635e5 sp=0x0000000524bf5d30
Event: 34.137 Thread 0x000001bb78e24950 DEOPT UNPACKING pc=0x000001bb78f566e3 sp=0x0000000524bf5278 mode 3
Event: 35.164 Thread 0x000001bb78e24950 DEOPT PACKING pc=0x000001bb79c815b4 sp=0x0000000524bf5c10
Event: 35.164 Thread 0x000001bb78e24950 DEOPT UNPACKING pc=0x000001bb78f566e3 sp=0x0000000524bf51d8 mode 0
Event: 35.203 Thread 0x000001bb78e24950 DEOPT PACKING pc=0x000001bb79c815b4 sp=0x0000000524bf6db0
Event: 35.203 Thread 0x000001bb78e24950 DEOPT UNPACKING pc=0x000001bb78f566e3 sp=0x0000000524bf6378 mode 0
Event: 35.275 Thread 0x000001bb78e24950 DEOPT PACKING pc=0x000001bb79c815b4 sp=0x0000000524bf9110
Event: 35.275 Thread 0x000001bb78e24950 DEOPT UNPACKING pc=0x000001bb78f566e3 sp=0x0000000524bf86d8 mode 0
Event: 35.313 Thread 0x000001bb78e24950 DEOPT PACKING pc=0x000001bb79c815b4 sp=0x0000000524bfa2a0
Event: 35.313 Thread 0x000001bb78e24950 DEOPT UNPACKING pc=0x000001bb78f566e3 sp=0x0000000524bf9868 mode 0
Event: 54.302 Thread 0x000001bb78e24950 DEOPT PACKING pc=0x000001bb79c815b4 sp=0x0000000524bfc6b0
Event: 54.302 Thread 0x000001bb78e24950 DEOPT UNPACKING pc=0x000001bb78f566e3 sp=0x0000000524bfbc78 mode 0
Event: 54.839 Thread 0x000001bb78e24950 DEOPT PACKING pc=0x000001bb799cc06c sp=0x0000000524bfe610
Event: 54.839 Thread 0x000001bb78e24950 DEOPT UNPACKING pc=0x000001bb78f566e3 sp=0x0000000524bfdba8 mode 0
Event: 54.839 Thread 0x000001bb78e24950 DEOPT PACKING pc=0x000001bb799cc06c sp=0x0000000524bfeb00
Event: 54.839 Thread 0x000001bb78e24950 DEOPT UNPACKING pc=0x000001bb78f566e3 sp=0x0000000524bfe098 mode 0
Event: 65.176 Thread 0x000001bb78e24950 DEOPT PACKING pc=0x000001bb7a8ea9a4 sp=0x0000000524bfc9f0
Event: 65.176 Thread 0x000001bb78e24950 DEOPT UNPACKING pc=0x000001bb78f566e3 sp=0x0000000524bfbf68 mode 0

Classes unloaded (1 events):
Event: 10.240 Thread 0x000001bb7fc48150 Unloading class 0x000001bb0f1b0000 'SC'

Classes redefined (0 events):
No events

Internal exceptions (20 events):
Event: 66.905 Thread 0x000001bb561bd070 Exception <a 'sun/nio/fs/WindowsException'{0x0000000760cd35e0}> (0x0000000760cd35e0) 
thrown [s\open\src\hotspot\share\prims\jni.cpp, line 516]
Event: 66.905 Thread 0x000001bb561bd070 Exception <a 'sun/nio/fs/WindowsException'{0x0000000760cd42c0}> (0x0000000760cd42c0) 
thrown [s\open\src\hotspot\share\prims\jni.cpp, line 516]
Event: 66.905 Thread 0x000001bb5bfc29b0 Exception <a 'sun/nio/fs/WindowsException'{0x0000000760c63a98}> (0x0000000760c63a98) 
thrown [s\open\src\hotspot\share\prims\jni.cpp, line 516]
Event: 66.905 Thread 0x000001bb561bd070 Exception <a 'sun/nio/fs/WindowsException'{0x0000000760cd4640}> (0x0000000760cd4640) 
thrown [s\open\src\hotspot\share\prims\jni.cpp, line 516]
Event: 66.905 Thread 0x000001bb5bfc33d0 Exception <a 'sun/nio/fs/WindowsException'{0x0000000760cf55c8}> (0x0000000760cf55c8) 
thrown [s\open\src\hotspot\share\prims\jni.cpp, line 516]
Event: 66.905 Thread 0x000001bb5bfc29b0 Exception <a 'sun/nio/fs/WindowsException'{0x0000000760c64a00}> (0x0000000760c64a00) 
thrown [s\open\src\hotspot\share\prims\jni.cpp, line 516]
Event: 66.905 Thread 0x000001bb5bfc29b0 Exception <a 'sun/nio/fs/WindowsException'{0x0000000760c64dc0}> (0x0000000760c64dc0) 
thrown [s\open\src\hotspot\share\prims\jni.cpp, line 516]
Event: 66.906 Thread 0x000001bb5bfc29b0 Exception <a 'sun/nio/fs/WindowsException'{0x0000000760d41fa0}> (0x0000000760d41fa0) 
thrown [s\open\src\hotspot\share\prims\jni.cpp, line 516]
Event: 66.906 Thread 0x000001bb5bfc29b0 Exception <a 'sun/nio/fs/WindowsException'{0x0000000760d42350}> (0x0000000760d42350) 
thrown [s\open\src\hotspot\share\prims\jni.cpp, line 516]
Event: 66.906 Thread 0x000001bb5bfc33d0 Exception <a 'sun/nio/fs/WindowsException'{0x0000000760cf5920}> (0x0000000760cf5920) 
thrown [s\open\src\hotspot\share\prims\jni.cpp, line 516]
Event: 66.906 Thread 0x000001bb5bfc29b0 Exception <a 'sun/nio/fs/WindowsException'{0x0000000760d42ec8}> (0x0000000760d42ec8) 
thrown [s\open\src\hotspot\share\prims\jni.cpp, line 516]
Event: 66.906 Thread 0x000001bb5bfc29b0 Exception <a 'sun/nio/fs/WindowsException'{0x0000000760d43278}> (0x0000000760d43278) 
thrown [s\open\src\hotspot\share\prims\jni.cpp, line 516]
Event: 66.906 Thread 0x000001bb5bfc3df0 Exception <a 'sun/nio/fs/WindowsException'{0x0000000760d290c0}> (0x0000000760d290c0) 
thrown [s\open\src\hotspot\share\prims\jni.cpp, line 516]
Event: 66.906 Thread 0x000001bb5bfc3df0 Exception <a 'sun/nio/fs/WindowsException'{0x0000000760d29480}> (0x0000000760d29480) 
thrown [s\open\src\hotspot\share\prims\jni.cpp, line 516]
Event: 66.906 Thread 0x000001bb5bfc1f90 Exception <a 'sun/nio/fs/WindowsException'{0x0000000760e257e0}> (0x0000000760e257e0) 
thrown [s\open\src\hotspot\share\prims\jni.cpp, line 516]
Event: 66.906 Thread 0x000001bb5bfc1f90 Exception <a 'sun/nio/fs/WindowsException'{0x0000000760e25b70}> (0x0000000760e25b70) 
thrown [s\open\src\hotspot\share\prims\jni.cpp, line 516]
Event: 66.907 Thread 0x000001bb5bfc1f90 Exception <a 'sun/nio/fs/WindowsException'{0x0000000760d8ed38}> (0x0000000760d8ed38) 
thrown [s\open\src\hotspot\share\prims\jni.cpp, line 516]
Event: 66.907 Thread 0x000001bb5bfc1f90 Exception <a 'sun/nio/fs/WindowsException'{0x0000000760d8f178}> (0x0000000760d8f178) 
thrown [s\open\src\hotspot\share\prims\jni.cpp, line 516]
Event: 66.907 Thread 0x000001bb5bfc1f90 Exception <a 'sun/nio/fs/WindowsException'{0x0000000760d92020}> (0x0000000760d92020) 
thrown [s\open\src\hotspot\share\prims\jni.cpp, line 516]
Event: 66.907 Thread 0x000001bb5bfc1f90 Exception <a 'sun/nio/fs/WindowsException'{0x0000000760d92450}> (0x0000000760d92450) 
thrown [s\open\src\hotspot\share\prims\jni.cpp, line 516]

VM Operations (20 events):
Event: 64.382 Executing VM operation: G1CollectForAllocation done
Event: 65.176 Executing VM operation: HandshakeAllThreads
Event: 65.176 Executing VM operation: HandshakeAllThreads done
Event: 65.281 Executing VM operation: G1CollectForAllocation
Event: 65.289 Executing VM operation: G1CollectForAllocation done
Event: 65.593 Executing VM operation: G1CollectForAllocation
Event: 65.603 Executing VM operation: G1CollectForAllocation done
Event: 65.648 Executing VM operation: HandshakeAllThreads
Event: 65.648 Executing VM operation: HandshakeAllThreads done
Event: 66.360 Executing VM operation: G1CollectForAllocation
Event: 66.375 Executing VM operation: G1CollectForAllocation done
Event: 66.552 Executing VM operation: G1Concurrent
Event: 66.564 Executing VM operation: G1Concurrent done
Event: 66.665 Executing VM operation: G1Concurrent
Event: 66.666 Executing VM operation: G1Concurrent done
Event: 66.856 Executing VM operation: G1CollectForAllocation
Event: 66.864 Executing VM operation: G1CollectForAllocation done
Event: 66.887 Executing VM operation: HandshakeAllThreads
Event: 66.887 Executing VM operation: HandshakeAllThreads done
Event: 66.908 Executing VM operation: G1CollectForAllocation

Events (20 events):
Event: 65.460 Thread 0x000001bb5bfc1f90 Thread added: 0x000001bb5bfc1f90
Event: 65.460 Thread 0x000001bb5bfc2ec0 Thread added: 0x000001bb5bfc2ec0
Event: 65.460 Thread 0x000001bb5bfc6670 Thread added: 0x000001bb5bfc6670
Event: 65.460 Thread 0x000001bb5bfc5230 Thread added: 0x000001bb5bfc5230
Event: 65.460 loading class sun/nio/fs/WindowsLinkSupport
Event: 65.460 Thread 0x000001bb5bfc3df0 Thread added: 0x000001bb5bfc3df0
Event: 65.460 Thread 0x000001bb5bfc33d0 Thread added: 0x000001bb5bfc33d0
Event: 65.460 Thread 0x000001bb5bfc5740 Thread added: 0x000001bb5bfc5740
Event: 65.460 Thread 0x000001bb5bfc29b0 Thread added: 0x000001bb5bfc29b0
Event: 65.460 Thread 0x000001bb5bfc24a0 Thread added: 0x000001bb5bfc24a0
Event: 65.460 Thread 0x000001bb5bfc5c50 Thread added: 0x000001bb5bfc5c50
Event: 65.460 loading class sun/nio/fs/WindowsLinkSupport done
Event: 65.469 loading class java/nio/channels/spi/AbstractInterruptibleChannel$1
Event: 65.469 loading class java/nio/channels/spi/AbstractInterruptibleChannel$1 done
Event: 65.469 loading class java/nio/ReadOnlyBufferException
Event: 65.470 loading class java/nio/ReadOnlyBufferException done
Event: 65.471 loading class java/util/zip/DataFormatException
Event: 65.471 loading class java/util/zip/DataFormatException done
Event: 66.879 loading class sun/nio/fs/WindowsChannelFactory$2
Event: 66.882 loading class sun/nio/fs/WindowsChannelFactory$2 done


Dynamic libraries:
0x00007ff613560000 - 0x00007ff613570000 	C:\Program Files\Java\jdk-17\bin\java.exe
0x00007ffe9a5f0000 - 0x00007ffe9a7e8000 	C:\Windows\SYSTEM32\ntdll.dll
0x00007ffe98990000 - 0x00007ffe98a4d000 	C:\Windows\System32\KERNEL32.DLL
0x00007ffe981b0000 - 0x00007ffe984a6000 	C:\Windows\System32\KERNELBASE.dll
0x00007ffe984b0000 - 0x00007ffe985b0000 	C:\Windows\System32\ucrtbase.dll
0x00007ffe923f0000 - 0x00007ffe92409000 	C:\Program Files\Java\jdk-17\bin\jli.dll
0x00007ffe925e0000 - 0x00007ffe925fb000 	C:\Program Files\Java\jdk-17\bin\VCRUNTIME140.dll
0x00007ffe98620000 - 0x00007ffe986d0000 	C:\Windows\System32\ADVAPI32.dll
0x00007ffe98a90000 - 0x00007ffe98b2e000 	C:\Windows\System32\msvcrt.dll
0x00007ffe99ab0000 - 0x00007ffe99b50000 	C:\Windows\System32\sechost.dll
0x00007ffe98840000 - 0x00007ffe98963000 	C:\Windows\System32\RPCRT4.dll
0x00007ffe97db0000 - 0x00007ffe97dd7000 	C:\Windows\System32\bcrypt.dll
0x00007ffe99380000 - 0x00007ffe9951f000 	C:\Windows\System32\USER32.dll
0x00007ffe84080000 - 0x00007ffe8431a000 	C:\Windows\WinSxS\amd64_microsoft.windows.common-controls_6595b64144ccf1df_6.0.19041.4355_none_60b8b9eb71f62e16\COMCTL32.dll
0x00007ffe97d30000 - 0x00007ffe97d52000 	C:\Windows\System32\win32u.dll
0x00007ffe99350000 - 0x00007ffe9937b000 	C:\Windows\System32\GDI32.dll
0x00007ffe97e80000 - 0x00007ffe97f97000 	C:\Windows\System32\gdi32full.dll
0x00007ffe97de0000 - 0x00007ffe97e7d000 	C:\Windows\System32\msvcp_win.dll
0x00007ffe8bb50000 - 0x00007ffe8bb5a000 	C:\Windows\SYSTEM32\VERSION.dll
0x00007ffe98a50000 - 0x00007ffe98a82000 	C:\Windows\System32\IMM32.DLL
0x00007ffe92480000 - 0x00007ffe9248c000 	C:\Program Files\Java\jdk-17\bin\vcruntime140_1.dll
0x00007ffe63140000 - 0x00007ffe631ce000 	C:\Program Files\Java\jdk-17\bin\msvcp140.dll
0x00007ffe24a90000 - 0x00007ffe2566f000 	C:\Program Files\Java\jdk-17\bin\server\jvm.dll
0x00007ffe74cc0000 - 0x00007ffe74cc9000 	C:\Windows\SYSTEM32\WSOCK32.dll
0x00007ffe9a4d0000 - 0x00007ffe9a4d8000 	C:\Windows\System32\PSAPI.DLL
0x00007ffe881d0000 - 0x00007ffe881f7000 	C:\Windows\SYSTEM32\WINMM.dll
0x00007ffe99f70000 - 0x00007ffe99fdb000 	C:\Windows\System32\WS2_32.dll
0x00007ffe962b0000 - 0x00007ffe962c2000 	C:\Windows\SYSTEM32\kernel.appcore.dll
0x00007ffe92450000 - 0x00007ffe9245a000 	C:\Program Files\Java\jdk-17\bin\jimage.dll
0x00007ffe95590000 - 0x00007ffe95774000 	C:\Windows\SYSTEM32\DBGHELP.DLL
0x00007ffe74a10000 - 0x00007ffe74a44000 	C:\Windows\SYSTEM32\dbgcore.DLL
0x00007ffe97ca0000 - 0x00007ffe97d22000 	C:\Windows\System32\bcryptPrimitives.dll
0x00007ffe8d880000 - 0x00007ffe8d8a5000 	C:\Program Files\Java\jdk-17\bin\java.dll
0x00007ffe5f330000 - 0x00007ffe5f407000 	C:\Program Files\Java\jdk-17\bin\jsvml.dll
0x00007ffe98be0000 - 0x00007ffe9934b000 	C:\Windows\System32\SHELL32.dll
0x00007ffe959d0000 - 0x00007ffe9616d000 	C:\Windows\SYSTEM32\windows.storage.dll
0x00007ffe99590000 - 0x00007ffe998e3000 	C:\Windows\System32\combase.dll
0x00007ffe97570000 - 0x00007ffe9759e000 	C:\Windows\SYSTEM32\Wldp.dll
0x00007ffe9a4e0000 - 0x00007ffe9a5ad000 	C:\Windows\System32\OLEAUT32.dll
0x00007ffe98730000 - 0x00007ffe987dd000 	C:\Windows\System32\SHCORE.dll
0x00007ffe986d0000 - 0x00007ffe98725000 	C:\Windows\System32\shlwapi.dll
0x00007ffe97bd0000 - 0x00007ffe97bf4000 	C:\Windows\SYSTEM32\profapi.dll
0x00007ffe8dc50000 - 0x00007ffe8dc69000 	C:\Program Files\Java\jdk-17\bin\net.dll
0x00007ffe96bb0000 - 0x00007ffe96cba000 	C:\Windows\SYSTEM32\WINHTTP.dll
0x00007ffe97350000 - 0x00007ffe973ba000 	C:\Windows\system32\mswsock.dll
0x00007ffe8d840000 - 0x00007ffe8d856000 	C:\Program Files\Java\jdk-17\bin\nio.dll
0x00007ffe8bd40000 - 0x00007ffe8bd58000 	C:\Program Files\Java\jdk-17\bin\zip.dll
0x00007ffe836d0000 - 0x00007ffe836de000 	C:\Program Files\Java\jdk-17\bin\sunmscapi.dll
0x00007ffe98050000 - 0x00007ffe981ae000 	C:\Windows\System32\CRYPT32.dll
0x00007ffe97730000 - 0x00007ffe97759000 	C:\Windows\SYSTEM32\ncrypt.dll
0x00007ffe976f0000 - 0x00007ffe9772b000 	C:\Windows\SYSTEM32\NTASN1.dll
0x00007ffe8eb90000 - 0x00007ffe8eba0000 	C:\Program Files\Java\jdk-17\bin\verify.dll
0x00007ffe8d8d0000 - 0x00007ffe8d8da000 	C:\Program Files\Java\jdk-17\bin\management.dll
0x00007ffe8aa00000 - 0x00007ffe8aa0b000 	C:\Program Files\Java\jdk-17\bin\management_ext.dll
0x00007ffe975b0000 - 0x00007ffe975c8000 	C:\Windows\SYSTEM32\CRYPTSP.dll
0x00007ffe96b20000 - 0x00007ffe96b54000 	C:\Windows\system32\rsaenh.dll
0x00007ffe97b40000 - 0x00007ffe97b6e000 	C:\Windows\SYSTEM32\USERENV.dll
0x00007ffe974e0000 - 0x00007ffe974ec000 	C:\Windows\SYSTEM32\CRYPTBASE.dll
0x00007ffe97050000 - 0x00007ffe9708b000 	C:\Windows\SYSTEM32\IPHLPAPI.DLL
0x00007ffe99de0000 - 0x00007ffe99de8000 	C:\Windows\System32\NSI.dll
0x00007ffe8f510000 - 0x00007ffe8f527000 	C:\Windows\SYSTEM32\dhcpcsvc6.DLL
0x00007ffe8f4f0000 - 0x00007ffe8f50d000 	C:\Windows\SYSTEM32\dhcpcsvc.DLL
0x00007ffe97090000 - 0x00007ffe9715b000 	C:\Windows\SYSTEM32\DNSAPI.dll
0x00007ffe8ec00000 - 0x00007ffe8ec0a000 	C:\Windows\System32\rasadhlp.dll
0x00007ffe8f530000 - 0x00007ffe8f5b0000 	C:\Windows\System32\fwpuclnt.dll
0x00007ffe74ca0000 - 0x00007ffe74cb7000 	C:\Windows\system32\napinsp.dll
0x00007ffe74c80000 - 0x00007ffe74c9b000 	C:\Windows\system32\pnrpnsp.dll
0x00007ffe90150000 - 0x00007ffe90165000 	C:\Windows\system32\wshbth.dll
0x00007ffe923d0000 - 0x00007ffe923ed000 	C:\Windows\system32\NLAapi.dll
0x00007ffe74bf0000 - 0x00007ffe74c02000 	C:\Windows\System32\winrnr.dll

dbghelp: loaded successfully - version: 4.0.5 - missing functions: none
symbol engine: initialized successfully - sym options: 0x614 - pdb path: .;C:\Program Files\Java\jdk-17\bin;C:\Windows\SYSTEM32;C:\Windows\WinSxS\amd64_microsoft.windows.common-controls_6595b64144ccf1df_6.0.19041.4355_none_60b8b9eb71f62e16;C:\Program Files\Java\jdk-17\bin\server

VM Arguments:
jvm_args: -Dspring.output.ansi.enabled=ALWAYS -XX:TieredStopAtLevel=1 -Dfile.encoding=windows-1252 -Duser.country=FR -Duser.language=fr -Duser.variant 
java_command: org.apache.fineract.ServerApplication
java_class_path (initial): C:\Users\d.ngantchou\.gradle\.tmp\gradle-javaexec-classpath17349719277616950132.jar
Launcher Type: SUN_STANDARD

[Global flags]
     intx CICompilerCount                          = 4                                         {product} {ergonomic}
     uint ConcGCThreads                            = 2                                         {product} {ergonomic}
     uint G1ConcRefinementThreads                  = 8                                         {product} {ergonomic}
   size_t G1HeapRegionSize                         = 2097152                                   {product} {ergonomic}
    uintx GCDrainStackTargetSize                   = 64                                        {product} {ergonomic}
   size_t InitialHeapSize                          = 197132288                                 {product} {ergonomic}
   size_t MarkStackSize                            = 4194304                                   {product} {ergonomic}
   size_t MaxHeapSize                              = 3139436544                                {product} {ergonomic}
   size_t MaxNewSize                               = 1883242496                                {product} {ergonomic}
   size_t MinHeapDeltaBytes                        = 2097152                                   {product} {ergonomic}
   size_t MinHeapSize                              = 8388608                                   {product} {ergonomic}
    uintx NonProfiledCodeHeapSize                  = 0                                      {pd product} {ergonomic}
     bool ProfileInterpreter                       = false                                  {pd product} {command line}
    uintx ProfiledCodeHeapSize                     = 0                                      {pd product} {ergonomic}
   size_t SoftMaxHeapSize                          = 3139436544                             {manageable} {ergonomic}
     intx TieredStopAtLevel                        = 1                                         {product} {command line}
     bool UseCompressedClassPointers               = true                           {product lp64_product} {ergonomic}
     bool UseCompressedOops                        = true                           {product lp64_product} {ergonomic}
     bool UseG1GC                                  = true                                      {product} {ergonomic}
     bool UseLargePagesIndividualAllocation        = false                                  {pd product} {ergonomic}

Logging:
Log output configuration:
 #0: stdout all=warning uptime,level,tags
 #1: stderr all=off uptime,level,tags

Environment Variables:
JAVA_HOME=C:\Program Files\Java\jdk-17
PATH=C:\Users\d.ngantchou\bin;C:\Program Files\Git\mingw64\bin;C:\Program Files\Git\usr\local\bin;C:\Program Files\Git\usr\bin;C:\Program Files\Git\usr\bin;C:\Program Files\Git\mingw64\bin;C:\Program Files\Git\usr\bin;C:\Users\d.ngantchou\bin;C:\Program Files\Common Files\Oracle\Java\javapath;C:\Windows\system32;C:\Windows;C:\Windows\System32\Wbem;C:\Windows\System32\WindowsPowerShell\v1.0;C:\Windows\System32\OpenSSH;C:\Program Files\Git\cmd;C:\Program Files\nodejs;C:\Program Files\Docker\Docker\resources\bin;C:\xampp\php;C:\composer;C:\Program Files\Java\jdk-17\bin;C:\xampp\mysql\bin;C:\Gradle\gradle-8.6\bin;C:\Users\d.ngantchou\AppData\Local\Microsoft\WindowsApps;C:\Users\d.ngantchou\AppData\Local\Programs\Microsoft VS Code\bin;C:\Users\d.ngantchou\AppData\Roaming\npm;C:\Users\d.ngantchou\AppData\Roaming\Composer\vendor\bin;C:\Program Files\Git\usr\bin\vendor_perl;C:\Program Files\Git\usr\bin\core_perl
USERNAME=d.ngantchou
SHELL=C:\Program Files\Git\usr\bin\bash.exe
DISPLAY=needs-to-be-defined
LC_CTYPE=fr_FR.UTF-8
OS=Windows_NT
PROCESSOR_IDENTIFIER=Intel64 Family 6 Model 140 Stepping 1, GenuineIntel



---------------  S Y S T E M  ---------------

OS:
 Windows 10 , 64 bit Build 19041 (10.0.19041.3636)
OS uptime: 6 days 16:54 hours
Hyper-V role detected

CPU: total 8 (initial active 8) (4 cores per cpu, 2 threads per core) family 6 model 140 stepping 1 microcode 0xb6, cx8, cmov, fxsr, ht, mmx, 3dnowpref, sse, sse2, sse3, ssse3, sse4.1, sse4.2, popcnt, lzcnt, tsc, tscinvbit, avx, avx2, aes, erms, clmul, bmi1, bmi2, adx, avx512f, avx512dq, avx512cd, avx512bw, avx512vl, sha, fma, vzeroupper, avx512_vpopcntdq, avx512_vpclmulqdq, avx512_vaes, avx512_vnni, clflush, clflushopt, clwb, avx512_vbmi2, avx512_vbmi, hv

Memory: 4k page, system-wide physical 11968M (667M free)
TotalPageFile size 28479M (AvailPageFile size 425M)
current process WorkingSet (physical memory assigned to process): 751M, peak: 751M
current process commit charge ("private bytes"): 801M, peak: 1261M

vm_info: Java HotSpot(TM) 64-Bit Server VM (17.0.10+11-LTS-240) for windows-amd64 JRE (17.0.10+11-LTS-240), built on Dec 19 2023 21:47:25 by "mach5one" with MS VC++ 17.1 (VS2022)

END.
