#
# There is insufficient memory for the Java Runtime Environment to continue.
# Native memory allocation (mmap) failed to map 438304768 bytes for G1 virtual space
# Possible reasons:
#   The system is out of physical RAM or swap space
#   The process is running with CompressedOops enabled, and the Java Heap may be blocking the growth of the native heap
# Possible solutions:
#   Reduce memory load on the system
#   Increase physical memory or swap space
#   Check if swap backing store is full
#   Decrease Java heap size (-Xmx/-Xms)
#   Decrease number of Java threads
#   Decrease Java thread stack sizes (-Xss)
#   Set larger code cache with -XX:ReservedCodeCacheSize=
#   JVM is running with Zero Based Compressed Oops mode in which the Java heap is
#     placed in the first 32GB address space. The Java Heap base address is the
#     maximum limit for the native heap growth. Please use -XX:HeapBaseMinAddress
#     to set the Java Heap base and to place the Java Heap above 32GB virtual address.
# This output file may be truncated or incomplete.
#
#  Out of Memory Error (os_windows.cpp:3548), pid=24332, tid=21832
#
# JRE version: Java(TM) SE Runtime Environment (17.0.10+11) (build 17.0.10+11-LTS-240)
# Java VM: Java HotSpot(TM) 64-Bit Server VM (17.0.10+11-LTS-240, mixed mode, emulated-client, sharing, tiered, compressed oops, compressed class ptrs, g1 gc, windows-amd64)
# No core dump will be written. Minidumps are not enabled by default on client versions of Windows
#

---------------  S U M M A R Y ------------

Command Line: -Dspring.output.ansi.enabled=ALWAYS -XX:TieredStopAtLevel=1 -Dfile.encoding=windows-1252 -Duser.country=FR -Duser.language=fr -Duser.variant org.apache.fineract.ServerApplication

Host: 11th Gen Intel(R) Core(TM) i5-1135G7 @ 2.40GHz, 8 cores, 11G,  Windows 10 , 64 bit Build 19041 (10.0.19041.4842)
Time: Fri Sep 27 00:39:57 2024 Afr. centrale Ouest elapsed time: 39.800127 seconds (0d 0h 0m 39s)

---------------  T H R E A D  ---------------

Current thread (0x000001fa304e5b70):  VMThread "VM Thread" [stack: 0x000000c34cc00000,0x000000c34cd00000] [id=21832]

Stack: [0x000000c34cc00000,0x000000c34cd00000]
Native frames: (J=compiled Java code, j=interpreted, Vv=VM code, C=native code)
V  [jvm.dll+0x677a5a]
V  [jvm.dll+0x7d8b2d]
V  [jvm.dll+0x7da48e]
V  [jvm.dll+0x7daaf3]
V  [jvm.dll+0x2455ff]
V  [jvm.dll+0x6749b9]
V  [jvm.dll+0x669382]
V  [jvm.dll+0x302e96]
V  [jvm.dll+0x30a416]
V  [jvm.dll+0x359cbe]
V  [jvm.dll+0x359eef]
V  [jvm.dll+0x2d9e88]
V  [jvm.dll+0x2d8295]
V  [jvm.dll+0x2d789c]
V  [jvm.dll+0x31b18b]
V  [jvm.dll+0x7df30b]
V  [jvm.dll+0x7e0044]
V  [jvm.dll+0x7e055d]
V  [jvm.dll+0x7e0934]
V  [jvm.dll+0x7e0a00]
V  [jvm.dll+0x78888a]
V  [jvm.dll+0x676935]
C  [ucrtbase.dll+0x21bb2]
C  [KERNEL32.DLL+0x17374]
C  [ntdll.dll+0x4cc91]

VM_Operation (0x000000c34c6f39d0): G1CollectForAllocation, mode: safepoint, requested by thread 0x000001fa1a19bd40


---------------  P R O C E S S  ---------------

Threads class SMR info:
_java_thread_list=0x000001fa7e06c0e0, length=16, elements={
0x000001fa1a19bd40, 0x000001fa304e9520, 0x000001fa304e9ee0, 0x000001fa305001f0,
0x000001fa30500ac0, 0x000001fa30501a90, 0x000001fa30504870, 0x000001fa305058f0,
0x000001fa30508320, 0x000001fa3079d710, 0x000001fa307a9810, 0x000001fa79009860,
0x000001fa78b97060, 0x000001fa7785cc90, 0x000001fa79009d40, 0x000001fa7e2d2c80
}

Java Threads: ( => current thread )
  0x000001fa1a19bd40 JavaThread "main" [_thread_blocked, id=26680, stack(0x000000c34c600000,0x000000c34c700000)]
  0x000001fa304e9520 JavaThread "Reference Handler" daemon [_thread_blocked, id=10216, stack(0x000000c34cd00000,0x000000c34ce00000)]
  0x000001fa304e9ee0 JavaThread "Finalizer" daemon [_thread_blocked, id=24212, stack(0x000000c34ce00000,0x000000c34cf00000)]
  0x000001fa305001f0 JavaThread "Signal Dispatcher" daemon [_thread_blocked, id=21484, stack(0x000000c34cf00000,0x000000c34d000000)]
  0x000001fa30500ac0 JavaThread "Attach Listener" daemon [_thread_blocked, id=20468, stack(0x000000c34d000000,0x000000c34d100000)]
  0x000001fa30501a90 JavaThread "Service Thread" daemon [_thread_blocked, id=29296, stack(0x000000c34d100000,0x000000c34d200000)]
  0x000001fa30504870 JavaThread "Monitor Deflation Thread" daemon [_thread_blocked, id=12620, stack(0x000000c34d200000,0x000000c34d300000)]
  0x000001fa305058f0 JavaThread "C1 CompilerThread0" daemon [_thread_blocked, id=27112, stack(0x000000c34d300000,0x000000c34d400000)]
  0x000001fa30508320 JavaThread "Sweeper thread" daemon [_thread_blocked, id=17576, stack(0x000000c34d400000,0x000000c34d500000)]
  0x000001fa3079d710 JavaThread "Notification Thread" daemon [_thread_blocked, id=10860, stack(0x000000c34d600000,0x000000c34d700000)]
  0x000001fa307a9810 JavaThread "Common-Cleaner" daemon [_thread_blocked, id=17004, stack(0x000000c34d800000,0x000000c34d900000)]
  0x000001fa79009860 JavaThread "HikariPool-1 housekeeper" daemon [_thread_blocked, id=14648, stack(0x000000c34dd00000,0x000000c34de00000)]
  0x000001fa78b97060 JavaThread "HikariPool-2 housekeeper" daemon [_thread_blocked, id=21664, stack(0x000000c34e700000,0x000000c34e800000)]
  0x000001fa7785cc90 JavaThread "C1 CompilerThread1" daemon [_thread_blocked, id=18400, stack(0x000000c34e300000,0x000000c34e400000)]
  0x000001fa79009d40 JavaThread "C1 CompilerThread2" daemon [_thread_blocked, id=1596, stack(0x000000c34e400000,0x000000c34e500000)]
  0x000001fa7e2d2c80 JavaThread "C1 CompilerThread3" daemon [_thread_blocked, id=17988, stack(0x000000c34e500000,0x000000c34e600000)]

Other Threads:
=>0x000001fa304e5b70 VMThread "VM Thread" [stack: 0x000000c34cc00000,0x000000c34cd00000] [id=21832]
  0x000001fa1a24ec80 WatcherThread [stack: 0x000000c34d700000,0x000000c34d800000] [id=17944]
  0x000001fa1a1f4530 GCTaskThread "GC Thread#0" [stack: 0x000000c34c700000,0x000000c34c800000] [id=27252]
  0x000001fa76b536a0 GCTaskThread "GC Thread#1" [stack: 0x000000c34d900000,0x000000c34da00000] [id=27660]
  0x000001fa76b53960 GCTaskThread "GC Thread#2" [stack: 0x000000c34da00000,0x000000c34db00000] [id=14056]
  0x000001fa76b53c20 GCTaskThread "GC Thread#3" [stack: 0x000000c34db00000,0x000000c34dc00000] [id=29424]
  0x000001fa76f5c6d0 GCTaskThread "GC Thread#4" [stack: 0x000000c34dc00000,0x000000c34dd00000] [id=17628]
  0x000001fa771a8f30 GCTaskThread "GC Thread#5" [stack: 0x000000c34de00000,0x000000c34df00000] [id=16792]
  0x000001fa771a91f0 GCTaskThread "GC Thread#6" [stack: 0x000000c34df00000,0x000000c34e000000] [id=16776]
  0x000001fa771abc80 GCTaskThread "GC Thread#7" [stack: 0x000000c34e000000,0x000000c34e100000] [id=26228]
  0x000001fa1a200e90 ConcurrentGCThread "G1 Main Marker" [stack: 0x000000c34c800000,0x000000c34c900000] [id=5200]
  0x000001fa1a2017a0 ConcurrentGCThread "G1 Conc#0" [stack: 0x000000c34c900000,0x000000c34ca00000] [id=19264]
  0x000001fa776288b0 ConcurrentGCThread "G1 Conc#1" [stack: 0x000000c34e100000,0x000000c34e200000] [id=13352]
  0x000001fa303a30e0 ConcurrentGCThread "G1 Refine#0" [stack: 0x000000c34ca00000,0x000000c34cb00000] [id=4720]
  0x000001fa7802b960 ConcurrentGCThread "G1 Refine#1" [stack: 0x000000c34e200000,0x000000c34e300000] [id=9104]
  0x000001fa7e4cda70 ConcurrentGCThread "G1 Refine#2" [stack: 0x000000c34e600000,0x000000c34e700000] [id=28180]
  0x000001fa303a3a10 ConcurrentGCThread "G1 Service" [stack: 0x000000c34cb00000,0x000000c34cc00000] [id=20176]

Threads with active compile tasks:

VM state: at safepoint (normal execution)

VM Mutex/Monitor currently owned by a thread:  ([mutex/lock_event])
[0x000001fa1a198710] Threads_lock - owner thread: 0x000001fa304e5b70
[0x000001fa1a198950] Heap_lock - owner thread: 0x000001fa1a19bd40

Heap address: 0x0000000744e00000, size: 2994 MB, Compressed Oops mode: Zero based, Oop shift amount: 3

CDS archive(s) mapped at: [0x000001fa31000000-0x000001fa31bd0000-0x000001fa31bd0000), size 12386304, SharedBaseAddress: 0x000001fa31000000, ArchiveRelocationMode: 1.
Compressed class space mapped at: 0x000001fa32000000-0x000001fa72000000, reserved size: 1073741824
Narrow klass base: 0x000001fa31000000, Narrow klass shift: 0, Narrow klass range: 0x100000000

GC Precious Log:
 CPUs: 8 total, 8 available
 Memory: 11968M
 Large Page Support: Disabled
 NUMA Support: Disabled
 Compressed Oops: Enabled (Zero based)
 Heap Region Size: 2M
 Heap Min Capacity: 8M
 Heap Initial Capacity: 188M
 Heap Max Capacity: 2994M
 Pre-touch: Disabled
 Parallel Workers: 8
 Concurrent Workers: 2
 Concurrent Refinement Workers: 8
 Periodic GC: Disabled

Heap:
 garbage-first heap   total 294912K, used 155646K [0x0000000744e00000, 0x0000000800000000)
  region size 2048K, 5 young (10240K), 5 survivors (10240K)
 Metaspace       used 110115K, committed 112000K, reserved 1179648K
  class space    used 14046K, committed 14720K, reserved 1048576K

Heap Regions: E=young(eden), S=young(survivor), O=old, HS=humongous(starts), HC=humongous(continues), CS=collection set, F=free, OA=open archive, CA=closed archive, TAMS=top-at-mark-start (previous, next)
|   0|0x0000000744e00000, 0x0000000745000000, 0x0000000745000000|100%| O|  |TAMS 0x0000000745000000, 0x0000000744e00000| Untracked 
|   1|0x0000000745000000, 0x0000000745200000, 0x0000000745200000|100%| O|  |TAMS 0x0000000745200000, 0x0000000745000000| Untracked 
|   2|0x0000000745200000, 0x0000000745400000, 0x0000000745400000|100%| O|  |TAMS 0x0000000745400000, 0x0000000745200000| Untracked 
|   3|0x0000000745400000, 0x0000000745600000, 0x0000000745600000|100%| O|  |TAMS 0x0000000745600000, 0x0000000745400000| Untracked 
|   4|0x0000000745600000, 0x0000000745800000, 0x0000000745800000|100%| O|  |TAMS 0x0000000745800000, 0x0000000745600000| Untracked 
|   5|0x0000000745800000, 0x0000000745a00000, 0x0000000745a00000|100%| O|  |TAMS 0x0000000745a00000, 0x0000000745800000| Untracked 
|   6|0x0000000745a00000, 0x0000000745c00000, 0x0000000745c00000|100%| O|  |TAMS 0x0000000745c00000, 0x0000000745a00000| Untracked 
|   7|0x0000000745c00000, 0x0000000745e00000, 0x0000000745e00000|100%| O|  |TAMS 0x0000000745e00000, 0x0000000745c00000| Untracked 
|   8|0x0000000745e00000, 0x0000000746000000, 0x0000000746000000|100%| O|  |TAMS 0x0000000746000000, 0x0000000745e00000| Untracked 
|   9|0x0000000746000000, 0x0000000746200000, 0x0000000746200000|100%| O|  |TAMS 0x0000000746200000, 0x0000000746000000| Untracked 
|  10|0x0000000746200000, 0x0000000746400000, 0x0000000746400000|100%| O|  |TAMS 0x0000000746400000, 0x0000000746200000| Untracked 
|  11|0x0000000746400000, 0x0000000746600000, 0x0000000746600000|100%| O|  |TAMS 0x0000000746600000, 0x0000000746400000| Untracked 
|  12|0x0000000746600000, 0x0000000746800000, 0x0000000746800000|100%| O|  |TAMS 0x0000000746800000, 0x0000000746600000| Untracked 
|  13|0x0000000746800000, 0x0000000746a00000, 0x0000000746a00000|100%| O|  |TAMS 0x0000000746a00000, 0x0000000746800000| Untracked 
|  14|0x0000000746a00000, 0x0000000746c00000, 0x0000000746c00000|100%| O|  |TAMS 0x0000000746c00000, 0x0000000746a00000| Untracked 
|  15|0x0000000746c00000, 0x0000000746e00000, 0x0000000746e00000|100%| O|  |TAMS 0x0000000746e00000, 0x0000000746c00000| Untracked 
|  16|0x0000000746e00000, 0x0000000747000000, 0x0000000747000000|100%| O|  |TAMS 0x0000000747000000, 0x0000000746e00000| Untracked 
|  17|0x0000000747000000, 0x0000000747200000, 0x0000000747200000|100%| O|  |TAMS 0x0000000747200000, 0x0000000747000000| Untracked 
|  18|0x0000000747200000, 0x0000000747400000, 0x0000000747400000|100%| O|  |TAMS 0x0000000747400000, 0x0000000747200000| Untracked 
|  19|0x0000000747400000, 0x0000000747600000, 0x0000000747600000|100%| O|  |TAMS 0x0000000747600000, 0x0000000747400000| Untracked 
|  20|0x0000000747600000, 0x0000000747800000, 0x0000000747800000|100%| O|  |TAMS 0x0000000747800000, 0x0000000747600000| Untracked 
|  21|0x0000000747800000, 0x0000000747a00000, 0x0000000747a00000|100%| O|  |TAMS 0x0000000747a00000, 0x0000000747800000| Untracked 
|  22|0x0000000747a00000, 0x0000000747c00000, 0x0000000747c00000|100%| O|  |TAMS 0x0000000747c00000, 0x0000000747a00000| Untracked 
|  23|0x0000000747c00000, 0x0000000747e00000, 0x0000000747e00000|100%| O|  |TAMS 0x0000000747e00000, 0x0000000747c00000| Untracked 
|  24|0x0000000747e00000, 0x0000000748000000, 0x0000000748000000|100%| O|  |TAMS 0x0000000748000000, 0x0000000747e00000| Untracked 
|  25|0x0000000748000000, 0x0000000748200000, 0x0000000748200000|100%| O|  |TAMS 0x0000000748200000, 0x0000000748000000| Untracked 
|  26|0x0000000748200000, 0x0000000748400000, 0x0000000748400000|100%| O|  |TAMS 0x0000000748400000, 0x0000000748200000| Untracked 
|  27|0x0000000748400000, 0x0000000748600000, 0x0000000748600000|100%| O|  |TAMS 0x0000000748600000, 0x0000000748400000| Untracked 
|  28|0x0000000748600000, 0x0000000748800000, 0x0000000748800000|100%| O|  |TAMS 0x0000000748800000, 0x0000000748600000| Untracked 
|  29|0x0000000748800000, 0x0000000748a00000, 0x0000000748a00000|100%| O|  |TAMS 0x0000000748a00000, 0x0000000748800000| Untracked 
|  30|0x0000000748a00000, 0x0000000748c00000, 0x0000000748c00000|100%| O|  |TAMS 0x0000000748c00000, 0x0000000748a00000| Untracked 
|  31|0x0000000748c00000, 0x0000000748e00000, 0x0000000748e00000|100%| O|  |TAMS 0x0000000748c00000, 0x0000000748c00000| Untracked 
|  32|0x0000000748e00000, 0x0000000749000000, 0x0000000749000000|100%| O|  |TAMS 0x0000000749000000, 0x0000000748e00000| Untracked 
|  33|0x0000000749000000, 0x0000000749200000, 0x0000000749200000|100%| O|  |TAMS 0x0000000749200000, 0x0000000749000000| Untracked 
|  34|0x0000000749200000, 0x0000000749400000, 0x0000000749400000|100%| O|  |TAMS 0x0000000749400000, 0x0000000749200000| Untracked 
|  35|0x0000000749400000, 0x0000000749600000, 0x0000000749600000|100%| O|  |TAMS 0x0000000749600000, 0x0000000749400000| Untracked 
|  36|0x0000000749600000, 0x0000000749800000, 0x0000000749800000|100%| O|  |TAMS 0x0000000749800000, 0x0000000749600000| Untracked 
|  37|0x0000000749800000, 0x0000000749a00000, 0x0000000749a00000|100%| O|  |TAMS 0x0000000749a00000, 0x0000000749800000| Untracked 
|  38|0x0000000749a00000, 0x0000000749c00000, 0x0000000749c00000|100%| O|  |TAMS 0x0000000749c00000, 0x0000000749a00000| Untracked 
|  39|0x0000000749c00000, 0x0000000749e00000, 0x0000000749e00000|100%| O|  |TAMS 0x0000000749e00000, 0x0000000749c00000| Untracked 
|  40|0x0000000749e00000, 0x000000074a000000, 0x000000074a000000|100%| O|  |TAMS 0x000000074a000000, 0x0000000749e00000| Untracked 
|  41|0x000000074a000000, 0x000000074a200000, 0x000000074a200000|100%| O|  |TAMS 0x000000074a200000, 0x000000074a000000| Untracked 
|  42|0x000000074a200000, 0x000000074a400000, 0x000000074a400000|100%| O|  |TAMS 0x000000074a400000, 0x000000074a200000| Untracked 
|  43|0x000000074a400000, 0x000000074a600000, 0x000000074a600000|100%| O|  |TAMS 0x000000074a600000, 0x000000074a400000| Untracked 
|  44|0x000000074a600000, 0x000000074a800000, 0x000000074a800000|100%| O|  |TAMS 0x000000074a800000, 0x000000074a600000| Untracked 
|  45|0x000000074a800000, 0x000000074aa00000, 0x000000074aa00000|100%| O|  |TAMS 0x000000074aa00000, 0x000000074a800000| Untracked 
|  46|0x000000074aa00000, 0x000000074ac00000, 0x000000074ac00000|100%| O|  |TAMS 0x000000074ac00000, 0x000000074aa00000| Untracked 
|  47|0x000000074ac00000, 0x000000074ae00000, 0x000000074ae00000|100%| O|  |TAMS 0x000000074ae00000, 0x000000074ac00000| Untracked 
|  48|0x000000074ae00000, 0x000000074b000000, 0x000000074b000000|100%| O|  |TAMS 0x000000074b000000, 0x000000074ae00000| Untracked 
|  49|0x000000074b000000, 0x000000074b200000, 0x000000074b200000|100%| O|  |TAMS 0x000000074b200000, 0x000000074b000000| Untracked 
|  50|0x000000074b200000, 0x000000074b400000, 0x000000074b400000|100%| O|  |TAMS 0x000000074b400000, 0x000000074b200000| Untracked 
|  51|0x000000074b400000, 0x000000074b600000, 0x000000074b600000|100%| O|  |TAMS 0x000000074b600000, 0x000000074b400000| Untracked 
|  52|0x000000074b600000, 0x000000074b800000, 0x000000074b800000|100%| O|  |TAMS 0x000000074b600000, 0x000000074b600000| Untracked 
|  53|0x000000074b800000, 0x000000074ba00000, 0x000000074ba00000|100%| O|  |TAMS 0x000000074ba00000, 0x000000074b800000| Untracked 
|  54|0x000000074ba00000, 0x000000074bc00000, 0x000000074bc00000|100%| O|  |TAMS 0x000000074bc00000, 0x000000074ba00000| Untracked 
|  55|0x000000074bc00000, 0x000000074be00000, 0x000000074be00000|100%| O|  |TAMS 0x000000074bc00000, 0x000000074bc00000| Untracked 
|  56|0x000000074be00000, 0x000000074c000000, 0x000000074c000000|100%| O|  |TAMS 0x000000074be00000, 0x000000074be00000| Untracked 
|  57|0x000000074c000000, 0x000000074c1ffff8, 0x000000074c200000| 99%| O|  |TAMS 0x000000074c000000, 0x000000074c000000| Untracked 
|  58|0x000000074c200000, 0x000000074c400000, 0x000000074c400000|100%| O|  |TAMS 0x000000074c400000, 0x000000074c200000| Untracked 
|  59|0x000000074c400000, 0x000000074c600000, 0x000000074c600000|100%| O|  |TAMS 0x000000074c400000, 0x000000074c400000| Untracked 
|  60|0x000000074c600000, 0x000000074c800000, 0x000000074c800000|100%| O|  |TAMS 0x000000074c800000, 0x000000074c600000| Untracked 
|  61|0x000000074c800000, 0x000000074ca00000, 0x000000074ca00000|100%| O|  |TAMS 0x000000074ca00000, 0x000000074c800000| Untracked 
|  62|0x000000074ca00000, 0x000000074cc00000, 0x000000074cc00000|100%| O|  |TAMS 0x000000074ca08000, 0x000000074ca00000| Untracked 
|  63|0x000000074cc00000, 0x000000074ce00000, 0x000000074ce00000|100%| O|  |TAMS 0x000000074ce00000, 0x000000074cc00000| Untracked 
|  64|0x000000074ce00000, 0x000000074d000000, 0x000000074d000000|100%| O|  |TAMS 0x000000074d000000, 0x000000074ce00000| Untracked 
|  65|0x000000074d000000, 0x000000074d134000, 0x000000074d200000| 60%| O|  |TAMS 0x000000074d000000, 0x000000074d000000| Untracked 
|  66|0x000000074d200000, 0x000000074d400000, 0x000000074d400000|100%| O|  |TAMS 0x000000074d400000, 0x000000074d200000| Untracked 
|  67|0x000000074d400000, 0x000000074d600000, 0x000000074d600000|100%| O|  |TAMS 0x000000074d600000, 0x000000074d400000| Untracked 
|  68|0x000000074d600000, 0x000000074d800000, 0x000000074d800000|100%| O|  |TAMS 0x000000074d800000, 0x000000074d600000| Untracked 
|  69|0x000000074d800000, 0x000000074d800000, 0x000000074da00000|  0%| F|  |TAMS 0x000000074d800000, 0x000000074d800000| Untracked 
|  70|0x000000074da00000, 0x000000074da00000, 0x000000074dc00000|  0%| F|  |TAMS 0x000000074da00000, 0x000000074da00000| Untracked 
|  71|0x000000074dc00000, 0x000000074de00000, 0x000000074de00000|100%| O|  |TAMS 0x000000074de00000, 0x000000074dc00000| Untracked 
|  72|0x000000074de00000, 0x000000074e000000, 0x000000074e000000|100%| O|  |TAMS 0x000000074e000000, 0x000000074de00000| Untracked 
|  73|0x000000074e000000, 0x000000074e200000, 0x000000074e200000|100%| O|  |TAMS 0x000000074e200000, 0x000000074e000000| Untracked 
|  74|0x000000074e200000, 0x000000074e200000, 0x000000074e400000|  0%| F|  |TAMS 0x000000074e200000, 0x000000074e200000| Untracked 
|  75|0x000000074e400000, 0x000000074e400000, 0x000000074e600000|  0%| F|  |TAMS 0x000000074e400000, 0x000000074e400000| Untracked 
|  76|0x000000074e600000, 0x000000074e600000, 0x000000074e800000|  0%| F|  |TAMS 0x000000074e600000, 0x000000074e600000| Untracked 
|  77|0x000000074e800000, 0x000000074e800000, 0x000000074ea00000|  0%| F|  |TAMS 0x000000074e800000, 0x000000074e800000| Untracked 
|  78|0x000000074ea00000, 0x000000074ea00000, 0x000000074ec00000|  0%| F|  |TAMS 0x000000074ea00000, 0x000000074ea00000| Untracked 
|  79|0x000000074ec00000, 0x000000074ec00000, 0x000000074ee00000|  0%| F|  |TAMS 0x000000074ec00000, 0x000000074ec00000| Untracked 
|  80|0x000000074ee00000, 0x000000074ee00000, 0x000000074f000000|  0%| F|  |TAMS 0x000000074ee00000, 0x000000074ee00000| Untracked 
|  81|0x000000074f000000, 0x000000074f000000, 0x000000074f200000|  0%| F|  |TAMS 0x000000074f000000, 0x000000074f000000| Untracked 
|  82|0x000000074f200000, 0x000000074f200000, 0x000000074f400000|  0%| F|  |TAMS 0x000000074f200000, 0x000000074f200000| Untracked 
|  83|0x000000074f400000, 0x000000074f400000, 0x000000074f600000|  0%| F|  |TAMS 0x000000074f400000, 0x000000074f400000| Untracked 
|  84|0x000000074f600000, 0x000000074f600000, 0x000000074f800000|  0%| F|  |TAMS 0x000000074f600000, 0x000000074f600000| Untracked 
|  85|0x000000074f800000, 0x000000074f800000, 0x000000074fa00000|  0%| F|  |TAMS 0x000000074f800000, 0x000000074f800000| Untracked 
|  86|0x000000074fa00000, 0x000000074fa00000, 0x000000074fc00000|  0%| F|  |TAMS 0x000000074fa00000, 0x000000074fa00000| Untracked 
|  87|0x000000074fc00000, 0x000000074fc00000, 0x000000074fe00000|  0%| F|  |TAMS 0x000000074fc00000, 0x000000074fc00000| Untracked 
|  88|0x000000074fe00000, 0x000000074fe00000, 0x0000000750000000|  0%| F|  |TAMS 0x000000074fe00000, 0x000000074fe00000| Untracked 
|  89|0x0000000750000000, 0x0000000750000000, 0x0000000750200000|  0%| F|  |TAMS 0x0000000750000000, 0x0000000750000000| Untracked 
|  90|0x0000000750200000, 0x0000000750200000, 0x0000000750400000|  0%| F|  |TAMS 0x0000000750200000, 0x0000000750200000| Untracked 
|  91|0x0000000750400000, 0x0000000750400000, 0x0000000750600000|  0%| F|  |TAMS 0x0000000750400000, 0x0000000750400000| Untracked 
|  92|0x0000000750600000, 0x00000007506cb9e0, 0x0000000750800000| 39%| S|CS|TAMS 0x0000000750600000, 0x0000000750600000| Complete 
|  93|0x0000000750800000, 0x0000000750a00000, 0x0000000750a00000|100%| S|CS|TAMS 0x0000000750800000, 0x0000000750800000| Complete 
|  94|0x0000000750a00000, 0x0000000750c00000, 0x0000000750c00000|100%| S|CS|TAMS 0x0000000750a00000, 0x0000000750a00000| Complete 
|  95|0x0000000750c00000, 0x0000000750e00000, 0x0000000750e00000|100%| S|CS|TAMS 0x0000000750c00000, 0x0000000750c00000| Complete 
|  96|0x0000000750e00000, 0x0000000751000000, 0x0000000751000000|100%| S|CS|TAMS 0x0000000750e00000, 0x0000000750e00000| Complete 
|  97|0x0000000751000000, 0x0000000751000000, 0x0000000751200000|  0%| F|  |TAMS 0x0000000751000000, 0x0000000751000000| Untracked 
|  98|0x0000000751200000, 0x0000000751200000, 0x0000000751400000|  0%| F|  |TAMS 0x0000000751200000, 0x0000000751200000| Untracked 
|  99|0x0000000751400000, 0x0000000751400000, 0x0000000751600000|  0%| F|  |TAMS 0x0000000751400000, 0x0000000751400000| Untracked 
| 100|0x0000000751600000, 0x0000000751600000, 0x0000000751800000|  0%| F|  |TAMS 0x0000000751600000, 0x0000000751600000| Untracked 
| 101|0x0000000751800000, 0x0000000751800000, 0x0000000751a00000|  0%| F|  |TAMS 0x0000000751800000, 0x0000000751800000| Untracked 
| 102|0x0000000751a00000, 0x0000000751a00000, 0x0000000751c00000|  0%| F|  |TAMS 0x0000000751a00000, 0x0000000751a00000| Untracked 
| 103|0x0000000751c00000, 0x0000000751c00000, 0x0000000751e00000|  0%| F|  |TAMS 0x0000000751c00000, 0x0000000751c00000| Untracked 
| 104|0x0000000751e00000, 0x0000000751e00000, 0x0000000752000000|  0%| F|  |TAMS 0x0000000751e00000, 0x0000000751e00000| Untracked 
| 105|0x0000000752000000, 0x0000000752000000, 0x0000000752200000|  0%| F|  |TAMS 0x0000000752000000, 0x0000000752000000| Untracked 
| 106|0x0000000752200000, 0x0000000752200000, 0x0000000752400000|  0%| F|  |TAMS 0x0000000752200000, 0x0000000752200000| Untracked 
| 107|0x0000000752400000, 0x0000000752400000, 0x0000000752600000|  0%| F|  |TAMS 0x0000000752400000, 0x0000000752400000| Untracked 
| 108|0x0000000752600000, 0x0000000752600000, 0x0000000752800000|  0%| F|  |TAMS 0x0000000752600000, 0x0000000752600000| Untracked 
| 109|0x0000000752800000, 0x0000000752800000, 0x0000000752a00000|  0%| F|  |TAMS 0x0000000752800000, 0x0000000752800000| Untracked 
| 110|0x0000000752a00000, 0x0000000752a00000, 0x0000000752c00000|  0%| F|  |TAMS 0x0000000752a00000, 0x0000000752a00000| Untracked 
| 111|0x0000000752c00000, 0x0000000752c00000, 0x0000000752e00000|  0%| F|  |TAMS 0x0000000752c00000, 0x0000000752c00000| Untracked 
| 112|0x0000000752e00000, 0x0000000752e00000, 0x0000000753000000|  0%| F|  |TAMS 0x0000000752e00000, 0x0000000752e00000| Untracked 
| 113|0x0000000753000000, 0x0000000753000000, 0x0000000753200000|  0%| F|  |TAMS 0x0000000753000000, 0x0000000753000000| Untracked 
| 114|0x0000000753200000, 0x0000000753200000, 0x0000000753400000|  0%| F|  |TAMS 0x0000000753200000, 0x0000000753200000| Untracked 
| 115|0x0000000753400000, 0x0000000753400000, 0x0000000753600000|  0%| F|  |TAMS 0x0000000753400000, 0x0000000753400000| Untracked 
| 116|0x0000000753600000, 0x0000000753600000, 0x0000000753800000|  0%| F|  |TAMS 0x0000000753600000, 0x0000000753600000| Untracked 
| 117|0x0000000753800000, 0x0000000753800000, 0x0000000753a00000|  0%| F|  |TAMS 0x0000000753800000, 0x0000000753800000| Untracked 
| 118|0x0000000753a00000, 0x0000000753a00000, 0x0000000753c00000|  0%| F|  |TAMS 0x0000000753a00000, 0x0000000753a00000| Untracked 
| 119|0x0000000753c00000, 0x0000000753c00000, 0x0000000753e00000|  0%| F|  |TAMS 0x0000000753c00000, 0x0000000753c00000| Untracked 
| 120|0x0000000753e00000, 0x0000000753e00000, 0x0000000754000000|  0%| F|  |TAMS 0x0000000753e00000, 0x0000000753e00000| Untracked 
| 121|0x0000000754000000, 0x0000000754000000, 0x0000000754200000|  0%| F|  |TAMS 0x0000000754000000, 0x0000000754000000| Untracked 
| 122|0x0000000754200000, 0x0000000754200000, 0x0000000754400000|  0%| F|  |TAMS 0x0000000754200000, 0x0000000754200000| Untracked 
| 123|0x0000000754400000, 0x0000000754400000, 0x0000000754600000|  0%| F|  |TAMS 0x0000000754400000, 0x0000000754400000| Untracked 
| 124|0x0000000754600000, 0x0000000754600000, 0x0000000754800000|  0%| F|  |TAMS 0x0000000754600000, 0x0000000754600000| Untracked 
| 125|0x0000000754800000, 0x0000000754800000, 0x0000000754a00000|  0%| F|  |TAMS 0x0000000754800000, 0x0000000754800000| Untracked 
| 126|0x0000000754a00000, 0x0000000754a00000, 0x0000000754c00000|  0%| F|  |TAMS 0x0000000754a00000, 0x0000000754a00000| Untracked 
| 127|0x0000000754c00000, 0x0000000754c00000, 0x0000000754e00000|  0%| F|  |TAMS 0x0000000754c00000, 0x0000000754c00000| Untracked 
| 128|0x0000000754e00000, 0x0000000754e00000, 0x0000000755000000|  0%| F|  |TAMS 0x0000000754e00000, 0x0000000754e00000| Untracked 
| 129|0x0000000755000000, 0x0000000755000000, 0x0000000755200000|  0%| F|  |TAMS 0x0000000755000000, 0x0000000755000000| Untracked 
| 130|0x0000000755200000, 0x0000000755200000, 0x0000000755400000|  0%| F|  |TAMS 0x0000000755200000, 0x0000000755200000| Untracked 
| 131|0x0000000755400000, 0x0000000755400000, 0x0000000755600000|  0%| F|  |TAMS 0x0000000755400000, 0x0000000755400000| Untracked 
| 132|0x0000000755600000, 0x0000000755600000, 0x0000000755800000|  0%| F|  |TAMS 0x0000000755600000, 0x0000000755600000| Untracked 
| 133|0x0000000755800000, 0x0000000755800000, 0x0000000755a00000|  0%| F|  |TAMS 0x0000000755800000, 0x0000000755800000| Untracked 
| 134|0x0000000755a00000, 0x0000000755a00000, 0x0000000755c00000|  0%| F|  |TAMS 0x0000000755a00000, 0x0000000755a00000| Untracked 
| 135|0x0000000755c00000, 0x0000000755c00000, 0x0000000755e00000|  0%| F|  |TAMS 0x0000000755c00000, 0x0000000755c00000| Untracked 
| 136|0x0000000755e00000, 0x0000000755e00000, 0x0000000756000000|  0%| F|  |TAMS 0x0000000755e00000, 0x0000000755e00000| Untracked 
| 137|0x0000000756000000, 0x0000000756000000, 0x0000000756200000|  0%| F|  |TAMS 0x0000000756000000, 0x0000000756000000| Untracked 
| 138|0x0000000756200000, 0x0000000756200000, 0x0000000756400000|  0%| F|  |TAMS 0x0000000756200000, 0x0000000756200000| Untracked 
| 139|0x0000000756400000, 0x0000000756400000, 0x0000000756600000|  0%| F|  |TAMS 0x0000000756400000, 0x0000000756400000| Untracked 
| 140|0x0000000756600000, 0x0000000756600000, 0x0000000756800000|  0%| F|  |TAMS 0x0000000756600000, 0x0000000756600000| Untracked 
| 141|0x0000000756800000, 0x0000000756800000, 0x0000000756a00000|  0%| F|  |TAMS 0x0000000756800000, 0x0000000756800000| Untracked 
| 142|0x0000000756a00000, 0x0000000756a00000, 0x0000000756c00000|  0%| F|  |TAMS 0x0000000756a00000, 0x0000000756a00000| Untracked 
| 143|0x0000000756c00000, 0x0000000756c00000, 0x0000000756e00000|  0%| F|  |TAMS 0x0000000756c00000, 0x0000000756c00000| Untracked 

Card table byte_map: [0x000001fa270e0000,0x000001fa276c0000] _byte_map_base: 0x000001fa236b9000

Marking Bits (Prev, Next): (CMBitMap*) 0x000001fa1a1f4a50, (CMBitMap*) 0x000001fa1a1f4a90
 Prev Bits: [0x000001fa27ca0000, 0x000001fa2ab68000)
 Next Bits: [0x000001fa2ab70000, 0x000001fa2da38000)

Polling page: 0x000001fa1a060000

Metaspace:

Usage:
  Non-class:     93.82 MB used.
      Class:     13.72 MB used.
       Both:    107.54 MB used.

Virtual space:
  Non-class space:      128.00 MB reserved,      95.00 MB ( 74%) committed,  2 nodes.
      Class space:        1.00 GB reserved,      14.38 MB (  1%) committed,  1 nodes.
             Both:        1.12 GB reserved,     109.38 MB (  9%) committed. 

Chunk freelists:
   Non-Class:  288.00 KB
       Class:  1.51 MB
        Both:  1.79 MB

MaxMetaspaceSize: unlimited
CompressedClassSpaceSize: 1.00 GB
Initial GC threshold: 21.00 MB
Current GC threshold: 177.94 MB
CDS: on
MetaspaceReclaimPolicy: balanced
 - commit_granule_bytes: 65536.
 - commit_granule_words: 8192.
 - virtual_space_node_default_size: 8388608.
 - enlarge_chunks_in_place: 1.
 - new_chunks_are_fully_committed: 0.
 - uncommit_free_chunks: 1.
 - use_allocation_guard: 0.
 - handle_deallocations: 1.


Internal statistics:

num_allocs_failed_limit: 18.
num_arena_births: 2138.
num_arena_deaths: 2.
num_vsnodes_births: 3.
num_vsnodes_deaths: 0.
num_space_committed: 1750.
num_space_uncommitted: 0.
num_chunks_returned_to_freelist: 20.
num_chunks_taken_from_freelist: 6912.
num_chunk_merges: 18.
num_chunk_splits: 4974.
num_chunks_enlarged: 3644.
num_inconsistent_stats: 0.

CodeCache: size=49152Kb used=26122Kb max_used=26122Kb free=23029Kb
 bounds [0x000001fa23210000, 0x000001fa24ba0000, 0x000001fa26210000]
 total_blobs=13815 nmethods=13095 adapters=641
 compilation: enabled
              stopped_count=0, restarted_count=0
 full_count=0

Compilation events (20 events):
Event: 39.709 Thread 0x000001fa79009d40 13315   !   1       jdk.proxy2.$Proxy171::getEntityManagerFactory (29 bytes)
Event: 39.709 Thread 0x000001fa7785cc90 13316       1       org.eclipse.persistence.jpa.jpql.parser.AbstractConditionalClause::isParsingComplete (25 bytes)
Event: 39.709 Thread 0x000001fa79009d40 nmethod 13315 0x000001fa24b8f610 code [0x000001fa24b8f7c0, 0x000001fa24b8f9f8]
Event: 39.709 Thread 0x000001fa7785cc90 nmethod 13316 0x000001fa24b8fb10 code [0x000001fa24b8fcc0, 0x000001fa24b8fe78]
Event: 39.709 Thread 0x000001fa7785cc90 13317       1       org.eclipse.persistence.jpa.jpql.parser.InputParameter::getParameter (5 bytes)
Event: 39.709 Thread 0x000001fa7785cc90 nmethod 13317 0x000001fa24b8ff90 code [0x000001fa24b90120, 0x000001fa24b901f8]
Event: 39.744 Thread 0x000001fa7785cc90 13318       1       org.springframework.beans.factory.config.ConstructorArgumentValues::getGenericArgumentValue (152 bytes)
Event: 39.746 Thread 0x000001fa7785cc90 nmethod 13318 0x000001fa24b90290 code [0x000001fa24b904e0, 0x000001fa24b90b38]
Event: 39.763 Thread 0x000001fa7785cc90 13319       1       org.springframework.beans.BeanWrapperImpl$BeanPropertyHandler::<init> (43 bytes)
Event: 39.763 Thread 0x000001fa79009d40 13320       1       org.springframework.beans.AbstractNestablePropertyAccessor$PropertyHandler::<init> (20 bytes)
Event: 39.763 Thread 0x000001fa7e2d2c80 13321       1       org.springframework.beans.GenericTypeAwarePropertyDescriptor::getWriteMethodForActualAccess (68 bytes)
Event: 39.763 Thread 0x000001fa79009d40 nmethod 13320 0x000001fa24b90f90 code [0x000001fa24b91120, 0x000001fa24b91258]
Event: 39.763 Thread 0x000001fa7785cc90 nmethod 13319 0x000001fa24b91310 code [0x000001fa24b914a0, 0x000001fa24b916d8]
Event: 39.763 Thread 0x000001fa7e2d2c80 nmethod 13321 0x000001fa24b91790 code [0x000001fa24b91980, 0x000001fa24b91ce8]
Event: 39.774 Thread 0x000001fa7e2d2c80 13322       1       org.springframework.data.jpa.repository.query.JpaParameters$JpaParameter::isBindable (18 bytes)
Event: 39.774 Thread 0x000001fa79009d40 13323       1       org.springframework.data.repository.query.Parameter::isBindable (13 bytes)
Event: 39.774 Thread 0x000001fa79009d40 nmethod 13323 0x000001fa24b91f10 code [0x000001fa24b920c0, 0x000001fa24b92218]
Event: 39.774 Thread 0x000001fa7e2d2c80 nmethod 13322 0x000001fa24b92310 code [0x000001fa24b924c0, 0x000001fa24b926d8]
Event: 39.776 Thread 0x000001fa7e2d2c80 13324       1       org.eclipse.persistence.internal.expressions.CompoundExpression::resetPlaceHolderBuilder (24 bytes)
Event: 39.776 Thread 0x000001fa7e2d2c80 nmethod 13324 0x000001fa24b92810 code [0x000001fa24b929c0, 0x000001fa24b92af8]

GC Heap History (20 events):
Event: 33.378 GC heap after
{Heap after GC invocations=44 (full 0):
 garbage-first heap   total 294912K, used 148685K [0x0000000744e00000, 0x0000000800000000)
  region size 2048K, 1 young (2048K), 1 survivors (2048K)
 Metaspace       used 104789K, committed 106560K, reserved 1179648K
  class space    used 13444K, committed 14080K, reserved 1048576K
}
Event: 34.097 GC heap before
{Heap before GC invocations=44 (full 0):
 garbage-first heap   total 294912K, used 242893K [0x0000000744e00000, 0x0000000800000000)
  region size 2048K, 47 young (96256K), 1 survivors (2048K)
 Metaspace       used 105906K, committed 107712K, reserved 1179648K
  class space    used 13596K, committed 14272K, reserved 1048576K
}
Event: 34.102 GC heap after
{Heap after GC invocations=45 (full 0):
 garbage-first heap   total 294912K, used 151175K [0x0000000744e00000, 0x0000000800000000)
  region size 2048K, 3 young (6144K), 3 survivors (6144K)
 Metaspace       used 105906K, committed 107712K, reserved 1179648K
  class space    used 13596K, committed 14272K, reserved 1048576K
}
Event: 34.861 GC heap before
{Heap before GC invocations=46 (full 0):
 garbage-first heap   total 294912K, used 237191K [0x0000000744e00000, 0x0000000800000000)
  region size 2048K, 48 young (98304K), 3 survivors (6144K)
 Metaspace       used 106933K, committed 108736K, reserved 1179648K
  class space    used 13754K, committed 14400K, reserved 1048576K
}
Event: 34.868 GC heap after
{Heap after GC invocations=47 (full 0):
 garbage-first heap   total 294912K, used 147522K [0x0000000744e00000, 0x0000000800000000)
  region size 2048K, 4 young (8192K), 4 survivors (8192K)
 Metaspace       used 106933K, committed 108736K, reserved 1179648K
  class space    used 13754K, committed 14400K, reserved 1048576K
}
Event: 34.900 GC heap before
{Heap before GC invocations=47 (full 0):
 garbage-first heap   total 294912K, used 153666K [0x0000000744e00000, 0x0000000800000000)
  region size 2048K, 7 young (14336K), 4 survivors (8192K)
 Metaspace       used 106943K, committed 108800K, reserved 1179648K
  class space    used 13756K, committed 14400K, reserved 1048576K
}
Event: 34.909 GC heap after
{Heap after GC invocations=48 (full 0):
 garbage-first heap   total 294912K, used 136340K [0x0000000744e00000, 0x0000000800000000)
  region size 2048K, 1 young (2048K), 1 survivors (2048K)
 Metaspace       used 106943K, committed 108800K, reserved 1179648K
  class space    used 13756K, committed 14400K, reserved 1048576K
}
Event: 35.877 GC heap before
{Heap before GC invocations=48 (full 0):
 garbage-first heap   total 294912K, used 242836K [0x0000000744e00000, 0x0000000800000000)
  region size 2048K, 53 young (108544K), 1 survivors (2048K)
 Metaspace       used 107430K, committed 109312K, reserved 1179648K
  class space    used 13805K, committed 14464K, reserved 1048576K
}
Event: 35.883 GC heap after
{Heap after GC invocations=49 (full 0):
 garbage-first heap   total 294912K, used 140217K [0x0000000744e00000, 0x0000000800000000)
  region size 2048K, 3 young (6144K), 3 survivors (6144K)
 Metaspace       used 107430K, committed 109312K, reserved 1179648K
  class space    used 13805K, committed 14464K, reserved 1048576K
}
Event: 36.984 GC heap before
{Heap before GC invocations=50 (full 0):
 garbage-first heap   total 294912K, used 244665K [0x0000000744e00000, 0x0000000800000000)
  region size 2048K, 54 young (110592K), 3 survivors (6144K)
 Metaspace       used 107874K, committed 109760K, reserved 1179648K
  class space    used 13849K, committed 14528K, reserved 1048576K
}
Event: 36.993 GC heap after
{Heap after GC invocations=51 (full 0):
 garbage-first heap   total 294912K, used 144195K [0x0000000744e00000, 0x0000000800000000)
  region size 2048K, 5 young (10240K), 5 survivors (10240K)
 Metaspace       used 107874K, committed 109760K, reserved 1179648K
  class space    used 13849K, committed 14528K, reserved 1048576K
}
Event: 37.012 GC heap before
{Heap before GC invocations=51 (full 0):
 garbage-first heap   total 294912K, used 148291K [0x0000000744e00000, 0x0000000800000000)
  region size 2048K, 7 young (14336K), 5 survivors (10240K)
 Metaspace       used 107874K, committed 109760K, reserved 1179648K
  class space    used 13849K, committed 14528K, reserved 1048576K
}
Event: 37.024 GC heap after
{Heap after GC invocations=52 (full 0):
 garbage-first heap   total 294912K, used 142547K [0x0000000744e00000, 0x0000000800000000)
  region size 2048K, 1 young (2048K), 1 survivors (2048K)
 Metaspace       used 107874K, committed 109760K, reserved 1179648K
  class space    used 13849K, committed 14528K, reserved 1048576K
}
Event: 37.784 GC heap before
{Heap before GC invocations=52 (full 0):
 garbage-first heap   total 294912K, used 246995K [0x0000000744e00000, 0x0000000800000000)
  region size 2048K, 52 young (106496K), 1 survivors (2048K)
 Metaspace       used 108288K, committed 110144K, reserved 1179648K
  class space    used 13917K, committed 14592K, reserved 1048576K
}
Event: 37.790 GC heap after
{Heap after GC invocations=53 (full 0):
 garbage-first heap   total 294912K, used 147639K [0x0000000744e00000, 0x0000000800000000)
  region size 2048K, 4 young (8192K), 4 survivors (8192K)
 Metaspace       used 108288K, committed 110144K, reserved 1179648K
  class space    used 13917K, committed 14592K, reserved 1048576K
}
Event: 38.493 GC heap before
{Heap before GC invocations=53 (full 0):
 garbage-first heap   total 294912K, used 245943K [0x0000000744e00000, 0x0000000800000000)
  region size 2048K, 52 young (106496K), 4 survivors (8192K)
 Metaspace       used 108925K, committed 110784K, reserved 1179648K
  class space    used 13970K, committed 14656K, reserved 1048576K
}
Event: 38.501 GC heap after
{Heap after GC invocations=54 (full 0):
 garbage-first heap   total 294912K, used 149990K [0x0000000744e00000, 0x0000000800000000)
  region size 2048K, 5 young (10240K), 5 survivors (10240K)
 Metaspace       used 108925K, committed 110784K, reserved 1179648K
  class space    used 13970K, committed 14656K, reserved 1048576K
}
Event: 39.159 GC heap before
{Heap before GC invocations=54 (full 0):
 garbage-first heap   total 294912K, used 248294K [0x0000000744e00000, 0x0000000800000000)
  region size 2048K, 53 young (108544K), 5 survivors (10240K)
 Metaspace       used 109427K, committed 111360K, reserved 1179648K
  class space    used 14009K, committed 14720K, reserved 1048576K
}
Event: 39.170 GC heap after
{Heap after GC invocations=55 (full 0):
 garbage-first heap   total 294912K, used 153029K [0x0000000744e00000, 0x0000000800000000)
  region size 2048K, 4 young (8192K), 4 survivors (8192K)
 Metaspace       used 109427K, committed 111360K, reserved 1179648K
  class space    used 14009K, committed 14720K, reserved 1048576K
}
Event: 39.786 GC heap before
{Heap before GC invocations=55 (full 0):
 garbage-first heap   total 294912K, used 249285K [0x0000000744e00000, 0x0000000800000000)
  region size 2048K, 51 young (104448K), 4 survivors (8192K)
 Metaspace       used 110115K, committed 112000K, reserved 1179648K
  class space    used 14046K, committed 14720K, reserved 1048576K
}

Deoptimization events (20 events):
Event: 15.842 Thread 0x000001fa1a19bd40 DEOPT PACKING pc=0x000001fa23e9078a sp=0x000000c34c6f9550
Event: 15.842 Thread 0x000001fa1a19bd40 DEOPT UNPACKING pc=0x000001fa232666e3 sp=0x000000c34c6f8ae8 mode 0
Event: 15.902 Thread 0x000001fa1a19bd40 DEOPT PACKING pc=0x000001fa23d7b064 sp=0x000000c34c6f8ff0
Event: 15.902 Thread 0x000001fa1a19bd40 DEOPT UNPACKING pc=0x000001fa232666e3 sp=0x000000c34c6f8478 mode 0
Event: 21.145 Thread 0x000001fa1a19bd40 DEOPT PACKING pc=0x000001fa237b6089 sp=0x000000c34c6f23d0
Event: 21.145 Thread 0x000001fa1a19bd40 DEOPT UNPACKING pc=0x000001fa232666e3 sp=0x000000c34c6f1860 mode 3
Event: 32.203 Thread 0x000001fa1a19bd40 DEOPT PACKING pc=0x000001fa237c5554 sp=0x000000c34c6f66b0
Event: 32.203 Thread 0x000001fa1a19bd40 DEOPT UNPACKING pc=0x000001fa232666e3 sp=0x000000c34c6f5c08 mode 0
Event: 33.053 Thread 0x000001fa1a19bd40 DEOPT PACKING pc=0x000001fa23774962 sp=0x000000c34c6f59f0
Event: 33.053 Thread 0x000001fa1a19bd40 DEOPT UNPACKING pc=0x000001fa232666e3 sp=0x000000c34c6f4ef8 mode 3
Event: 33.054 Thread 0x000001fa1a19bd40 DEOPT PACKING pc=0x000001fa23767765 sp=0x000000c34c6f59b0
Event: 33.054 Thread 0x000001fa1a19bd40 DEOPT UNPACKING pc=0x000001fa232666e3 sp=0x000000c34c6f4ef8 mode 3
Event: 34.452 Thread 0x000001fa1a19bd40 DEOPT PACKING pc=0x000001fa23f8f134 sp=0x000000c34c6f5890
Event: 34.452 Thread 0x000001fa1a19bd40 DEOPT UNPACKING pc=0x000001fa232666e3 sp=0x000000c34c6f4e58 mode 0
Event: 34.512 Thread 0x000001fa1a19bd40 DEOPT PACKING pc=0x000001fa23f8f134 sp=0x000000c34c6f6a30
Event: 34.512 Thread 0x000001fa1a19bd40 DEOPT UNPACKING pc=0x000001fa232666e3 sp=0x000000c34c6f5ff8 mode 0
Event: 34.587 Thread 0x000001fa1a19bd40 DEOPT PACKING pc=0x000001fa23f8f134 sp=0x000000c34c6f8d90
Event: 34.587 Thread 0x000001fa1a19bd40 DEOPT UNPACKING pc=0x000001fa232666e3 sp=0x000000c34c6f8358 mode 0
Event: 34.790 Thread 0x000001fa1a19bd40 DEOPT PACKING pc=0x000001fa23f8f134 sp=0x000000c34c6f9f20
Event: 34.790 Thread 0x000001fa1a19bd40 DEOPT UNPACKING pc=0x000001fa232666e3 sp=0x000000c34c6f94e8 mode 0

Classes unloaded (1 events):
Event: 10.136 Thread 0x000001fa304e5b70 Unloading class 0x000001fa321b0000 'SC'

Classes redefined (0 events):
No events

Internal exceptions (20 events):
Event: 34.473 Thread 0x000001fa1a19bd40 Exception <a 'java/lang/IncompatibleClassChangeError'{0x0000000754660068}: Found class java.lang.Object, but interface was expected> (0x0000000754660068) 
thrown [s\open\src\hotspot\share\interpreter\linkResolver.cpp, line 826]
Event: 34.473 Thread 0x000001fa1a19bd40 Exception <a 'java/lang/NoSuchMethodError'{0x0000000754667730}: 'java.lang.Object java.lang.invoke.DirectMethodHandle$Holder.invokeStatic(java.lang.Object, long, java.lang.Object)'> (0x0000000754667730) 
thrown [s\open\src\hotspot\share\interpreter\linkResolver.cpp, line 759]
Event: 34.473 Thread 0x000001fa1a19bd40 Exception <a 'java/lang/NoSuchMethodError'{0x000000075466e8a0}: 'java.lang.Object java.lang.invoke.DirectMethodHandle$Holder.newInvokeSpecial(java.lang.Object, long)'> (0x000000075466e8a0) 
thrown [s\open\src\hotspot\share\interpreter\linkResolver.cpp, line 759]
Event: 34.476 Thread 0x000001fa1a19bd40 Exception <a 'java/lang/NoSuchMethodError'{0x00000007546ad158}: 'java.lang.Object java.lang.invoke.DirectMethodHandle$Holder.newInvokeSpecial(java.lang.Object, double)'> (0x00000007546ad158) 
thrown [s\open\src\hotspot\share\interpreter\linkResolver.cpp, line 759]
Event: 34.476 Thread 0x000001fa1a19bd40 Exception <a 'java/lang/NoSuchMethodError'{0x00000007546b2868}: 'java.lang.Object java.lang.invoke.DirectMethodHandle$Holder.invokeStatic(java.lang.Object, long, java.lang.Object, java.lang.Object)'> (0x00000007546b2868) 
thrown [s\open\src\hotspot\share\interpreter\linkResolver.cpp, line 759]
Event: 34.476 Thread 0x000001fa1a19bd40 Exception <a 'java/lang/NoSuchMethodError'{0x00000007546ba1d0}: 'java.lang.Object java.lang.invoke.DirectMethodHandle$Holder.newInvokeSpecial(java.lang.Object, long, java.lang.Object)'> (0x00000007546ba1d0) 
thrown [s\open\src\hotspot\share\interpreter\linkResolver.cpp, line 759]
Event: 34.476 Thread 0x000001fa1a19bd40 Exception <a 'java/lang/NoSuchMethodError'{0x00000007546bedd0}: 'java.lang.Object java.lang.invoke.DirectMethodHandle$Holder.invokeSpecial(java.lang.Object, java.lang.Object, long, java.lang.Object)'> (0x00000007546bedd0) 
thrown [s\open\src\hotspot\share\interpreter\linkResolver.cpp, line 759]
Event: 34.481 Thread 0x000001fa1a19bd40 Exception <a 'java/lang/NoSuchMethodError'{0x00000007546e6e28}: 'void java.lang.invoke.DirectMethodHandle$Holder.invokeStatic(java.lang.Object, long)'> (0x00000007546e6e28) 
thrown [s\open\src\hotspot\share\interpreter\linkResolver.cpp, line 759]
Event: 34.484 Thread 0x000001fa1a19bd40 Exception <a 'java/lang/NoSuchMethodError'{0x00000007546fcf18}: 'double java.lang.invoke.DirectMethodHandle$Holder.invokeStatic(java.lang.Object, java.lang.Object)'> (0x00000007546fcf18) 
thrown [s\open\src\hotspot\share\interpreter\linkResolver.cpp, line 759]
Event: 34.642 Thread 0x000001fa1a19bd40 Exception <a 'java/lang/reflect/InvocationTargetException'{0x0000000753334bb0}> (0x0000000753334bb0) 
thrown [s\open\src\hotspot\share\runtime\reflection.cpp, line 1121]
Event: 34.645 Thread 0x000001fa1a19bd40 Exception <a 'java/lang/reflect/InvocationTargetException'{0x0000000753354698}> (0x0000000753354698) 
thrown [s\open\src\hotspot\share\runtime\reflection.cpp, line 1121]
Event: 34.648 Thread 0x000001fa1a19bd40 Exception <a 'java/lang/reflect/InvocationTargetException'{0x000000075336e798}> (0x000000075336e798) 
thrown [s\open\src\hotspot\share\runtime\reflection.cpp, line 1121]
Event: 34.653 Thread 0x000001fa1a19bd40 Exception <a 'java/lang/reflect/InvocationTargetException'{0x00000007533d39a8}> (0x00000007533d39a8) 
thrown [s\open\src\hotspot\share\runtime\reflection.cpp, line 1121]
Event: 34.657 Thread 0x000001fa1a19bd40 Exception <a 'java/lang/reflect/InvocationTargetException'{0x0000000753025150}> (0x0000000753025150) 
thrown [s\open\src\hotspot\share\runtime\reflection.cpp, line 1121]
Event: 34.660 Thread 0x000001fa1a19bd40 Exception <a 'java/lang/reflect/InvocationTargetException'{0x00000007530440c0}> (0x00000007530440c0) 
thrown [s\open\src\hotspot\share\runtime\reflection.cpp, line 1121]
Event: 34.683 Thread 0x000001fa1a19bd40 Exception <a 'java/lang/reflect/InvocationTargetException'{0x00000007528a4278}> (0x00000007528a4278) 
thrown [s\open\src\hotspot\share\runtime\reflection.cpp, line 1121]
Event: 34.697 Thread 0x000001fa1a19bd40 Exception <a 'java/lang/reflect/InvocationTargetException'{0x000000075297de78}> (0x000000075297de78) 
thrown [s\open\src\hotspot\share\runtime\reflection.cpp, line 1121]
Event: 34.706 Thread 0x000001fa1a19bd40 Exception <a 'java/lang/reflect/InvocationTargetException'{0x0000000752615cb8}> (0x0000000752615cb8) 
thrown [s\open\src\hotspot\share\runtime\reflection.cpp, line 1121]
Event: 34.713 Thread 0x000001fa1a19bd40 Exception <a 'java/lang/reflect/InvocationTargetException'{0x0000000752657bb8}> (0x0000000752657bb8) 
thrown [s\open\src\hotspot\share\runtime\reflection.cpp, line 1121]
Event: 37.408 Thread 0x000001fa1a19bd40 Exception <a 'java/lang/NoSuchMethodError'{0x00000007536cc5a0}: 'java.lang.Object java.lang.invoke.DirectMethodHandle$Holder.invokeInterface(java.lang.Object, java.lang.Object, int)'> (0x00000007536cc5a0) 
thrown [s\open\src\hotspot\share\interpreter\linkResolver.cpp, line 759]

VM Operations (20 events):
Event: 34.868 Executing VM operation: G1CollectForAllocation done
Event: 34.900 Executing VM operation: G1CollectForAllocation
Event: 34.909 Executing VM operation: G1CollectForAllocation done
Event: 35.877 Executing VM operation: G1CollectForAllocation
Event: 35.883 Executing VM operation: G1CollectForAllocation done
Event: 35.991 Executing VM operation: G1Concurrent
Event: 36.005 Executing VM operation: G1Concurrent done
Event: 36.070 Executing VM operation: G1Concurrent
Event: 36.070 Executing VM operation: G1Concurrent done
Event: 36.984 Executing VM operation: G1CollectForAllocation
Event: 36.993 Executing VM operation: G1CollectForAllocation done
Event: 37.012 Executing VM operation: G1CollectForAllocation
Event: 37.024 Executing VM operation: G1CollectForAllocation done
Event: 37.784 Executing VM operation: G1CollectForAllocation
Event: 37.790 Executing VM operation: G1CollectForAllocation done
Event: 38.493 Executing VM operation: G1CollectForAllocation
Event: 38.501 Executing VM operation: G1CollectForAllocation done
Event: 39.159 Executing VM operation: G1CollectForAllocation
Event: 39.170 Executing VM operation: G1CollectForAllocation done
Event: 39.786 Executing VM operation: G1CollectForAllocation

Events (20 events):
Event: 33.773 loading class java/util/concurrent/atomic/AtomicIntegerArray
Event: 33.774 loading class java/util/concurrent/atomic/AtomicIntegerArray done
Event: 34.125 loading class java/time/DurationEditor
Event: 34.125 loading class java/time/DurationEditor done
Event: 34.129 loading class java/time/Duration$1
Event: 34.129 loading class java/time/Duration$1 done
Event: 34.281 loading class java/util/stream/ReduceOps$1
Event: 34.281 loading class java/util/stream/ReduceOps$1 done
Event: 34.281 loading class java/util/stream/ReduceOps$1ReducingSink
Event: 34.281 loading class java/util/stream/ReduceOps$1ReducingSink done
Event: 34.456 loading class sun/reflect/annotation/AnnotationInvocationHandler$1
Event: 34.456 loading class sun/reflect/annotation/AnnotationInvocationHandler$1 done
Event: 34.491 loading class java/util/concurrent/locks/StampedLock
Event: 34.492 loading class java/util/concurrent/locks/StampedLock done
Event: 37.407 loading class java/util/stream/IntPipeline$1
Event: 37.408 loading class java/util/stream/IntPipeline$1 done
Event: 37.409 loading class java/util/stream/IntPipeline$1$1
Event: 37.409 loading class java/util/stream/IntPipeline$1$1 done
Event: 38.288 loading class java/lang/invoke/SerializedLambda
Event: 38.288 loading class java/lang/invoke/SerializedLambda done


Dynamic libraries:
0x00007ff70cf90000 - 0x00007ff70cfa0000 	C:\Program Files\Java\jdk-17\bin\java.exe
0x00007ff8f59b0000 - 0x00007ff8f5ba8000 	C:\Windows\SYSTEM32\ntdll.dll
0x00007ff8f3f70000 - 0x00007ff8f4031000 	C:\Windows\System32\KERNEL32.DLL
0x00007ff8f3100000 - 0x00007ff8f33fd000 	C:\Windows\System32\KERNELBASE.dll
0x00007ff8f3530000 - 0x00007ff8f3630000 	C:\Windows\System32\ucrtbase.dll
0x00007ff8c8360000 - 0x00007ff8c8379000 	C:\Program Files\Java\jdk-17\bin\jli.dll
0x00007ff8c8170000 - 0x00007ff8c818b000 	C:\Program Files\Java\jdk-17\bin\VCRUNTIME140.dll
0x00007ff8f4730000 - 0x00007ff8f47e0000 	C:\Windows\System32\ADVAPI32.dll
0x00007ff8f4de0000 - 0x00007ff8f4e7e000 	C:\Windows\System32\msvcrt.dll
0x00007ff8f4860000 - 0x00007ff8f4900000 	C:\Windows\System32\sechost.dll
0x00007ff8f56a0000 - 0x00007ff8f57c3000 	C:\Windows\System32\RPCRT4.dll
0x00007ff8f3450000 - 0x00007ff8f3477000 	C:\Windows\System32\bcrypt.dll
0x00007ff8f3ac0000 - 0x00007ff8f3c5d000 	C:\Windows\System32\USER32.dll
0x00007ff8f3890000 - 0x00007ff8f38b2000 	C:\Windows\System32\win32u.dll
0x00007ff8d90f0000 - 0x00007ff8d938a000 	C:\Windows\WinSxS\amd64_microsoft.windows.common-controls_6595b64144ccf1df_6.0.19041.4355_none_60b8b9eb71f62e16\COMCTL32.dll
0x00007ff8f4280000 - 0x00007ff8f42ab000 	C:\Windows\System32\GDI32.dll
0x00007ff8f38c0000 - 0x00007ff8f39d7000 	C:\Windows\System32\gdi32full.dll
0x00007ff8f3060000 - 0x00007ff8f30fd000 	C:\Windows\System32\msvcp_win.dll
0x00007ff8e9460000 - 0x00007ff8e946a000 	C:\Windows\SYSTEM32\VERSION.dll
0x00007ff8f3ed0000 - 0x00007ff8f3eff000 	C:\Windows\System32\IMM32.DLL
0x00007ff8ca090000 - 0x00007ff8ca09c000 	C:\Program Files\Java\jdk-17\bin\vcruntime140_1.dll
0x00007ff8b4430000 - 0x00007ff8b44be000 	C:\Program Files\Java\jdk-17\bin\msvcp140.dll
0x00007ff87ccf0000 - 0x00007ff87d8cf000 	C:\Program Files\Java\jdk-17\bin\server\jvm.dll
0x00007ff8de780000 - 0x00007ff8de7a7000 	C:\Windows\SYSTEM32\WINMM.dll
0x00007ff8f3d90000 - 0x00007ff8f3d98000 	C:\Windows\System32\PSAPI.DLL
0x00007ff8cf9e0000 - 0x00007ff8cf9e9000 	C:\Windows\SYSTEM32\WSOCK32.dll
0x00007ff8f3f00000 - 0x00007ff8f3f6b000 	C:\Windows\System32\WS2_32.dll
0x00007ff8f18a0000 - 0x00007ff8f18b2000 	C:\Windows\SYSTEM32\kernel.appcore.dll
0x00007ff8c9120000 - 0x00007ff8c912a000 	C:\Program Files\Java\jdk-17\bin\jimage.dll
0x00007ff8f1280000 - 0x00007ff8f1464000 	C:\Windows\SYSTEM32\DBGHELP.DLL
0x00007ff8e5e30000 - 0x00007ff8e5e64000 	C:\Windows\SYSTEM32\dbgcore.DLL
0x00007ff8f3630000 - 0x00007ff8f36b2000 	C:\Windows\System32\bcryptPrimitives.dll
0x00007ff8c0090000 - 0x00007ff8c00b5000 	C:\Program Files\Java\jdk-17\bin\java.dll
0x00007ff8af970000 - 0x00007ff8afa47000 	C:\Program Files\Java\jdk-17\bin\jsvml.dll
0x00007ff8f4f30000 - 0x00007ff8f569f000 	C:\Windows\System32\SHELL32.dll
0x00007ff8f0920000 - 0x00007ff8f10c3000 	C:\Windows\SYSTEM32\windows.storage.dll
0x00007ff8f4910000 - 0x00007ff8f4c63000 	C:\Windows\System32\combase.dll
0x00007ff8f2940000 - 0x00007ff8f296e000 	C:\Windows\SYSTEM32\Wldp.dll
0x00007ff8f3cc0000 - 0x00007ff8f3d8d000 	C:\Windows\System32\OLEAUT32.dll
0x00007ff8f4cd0000 - 0x00007ff8f4d7d000 	C:\Windows\System32\SHCORE.dll
0x00007ff8f3c60000 - 0x00007ff8f3cb5000 	C:\Windows\System32\shlwapi.dll
0x00007ff8f2f90000 - 0x00007ff8f2fb4000 	C:\Windows\SYSTEM32\profapi.dll
0x00007ff8c7af0000 - 0x00007ff8c7b09000 	C:\Program Files\Java\jdk-17\bin\net.dll
0x00007ff8f1f80000 - 0x00007ff8f208d000 	C:\Windows\SYSTEM32\WINHTTP.dll
0x00007ff8f2720000 - 0x00007ff8f278a000 	C:\Windows\system32\mswsock.dll
0x00007ff8c0a20000 - 0x00007ff8c0a36000 	C:\Program Files\Java\jdk-17\bin\nio.dll
0x00007ff8c0600000 - 0x00007ff8c0618000 	C:\Program Files\Java\jdk-17\bin\zip.dll
0x00007ff8ea5c0000 - 0x00007ff8ea5ce000 	C:\Program Files\Java\jdk-17\bin\sunmscapi.dll
0x00007ff8f3730000 - 0x00007ff8f388c000 	C:\Windows\System32\CRYPT32.dll
0x00007ff8f2b00000 - 0x00007ff8f2b29000 	C:\Windows\SYSTEM32\ncrypt.dll
0x00007ff8f2ac0000 - 0x00007ff8f2afb000 	C:\Windows\SYSTEM32\NTASN1.dll
0x00007ff8c8480000 - 0x00007ff8c8490000 	C:\Program Files\Java\jdk-17\bin\verify.dll
0x00007ff8c8280000 - 0x00007ff8c828a000 	C:\Program Files\Java\jdk-17\bin\management.dll
0x00007ff8c7e80000 - 0x00007ff8c7e8b000 	C:\Program Files\Java\jdk-17\bin\management_ext.dll
0x00007ff8f29f0000 - 0x00007ff8f2a08000 	C:\Windows\SYSTEM32\CRYPTSP.dll
0x00007ff8f1ef0000 - 0x00007ff8f1f24000 	C:\Windows\system32\rsaenh.dll
0x00007ff8f2f50000 - 0x00007ff8f2f7e000 	C:\Windows\SYSTEM32\USERENV.dll
0x00007ff8f28b0000 - 0x00007ff8f28bc000 	C:\Windows\SYSTEM32\CRYPTBASE.dll
0x00007ff8f2420000 - 0x00007ff8f245b000 	C:\Windows\SYSTEM32\IPHLPAPI.DLL
0x00007ff8f42b0000 - 0x00007ff8f42b8000 	C:\Windows\System32\NSI.dll
0x00007ff8ec930000 - 0x00007ff8ec947000 	C:\Windows\SYSTEM32\dhcpcsvc6.DLL
0x00007ff8ec910000 - 0x00007ff8ec92d000 	C:\Windows\SYSTEM32\dhcpcsvc.DLL
0x00007ff8f2460000 - 0x00007ff8f252a000 	C:\Windows\SYSTEM32\DNSAPI.dll
0x00007ff8e9d70000 - 0x00007ff8e9d7a000 	C:\Windows\System32\rasadhlp.dll
0x00007ff8ec950000 - 0x00007ff8ec9d0000 	C:\Windows\System32\fwpuclnt.dll
0x00007ff8c6e50000 - 0x00007ff8c6e67000 	C:\Windows\system32\napinsp.dll
0x00007ff8c22d0000 - 0x00007ff8c22eb000 	C:\Windows\system32\pnrpnsp.dll
0x00007ff8ed180000 - 0x00007ff8ed195000 	C:\Windows\system32\wshbth.dll
0x00007ff8eced0000 - 0x00007ff8eceed000 	C:\Windows\system32\NLAapi.dll
0x00007ff8c22b0000 - 0x00007ff8c22c2000 	C:\Windows\System32\winrnr.dll

dbghelp: loaded successfully - version: 4.0.5 - missing functions: none
symbol engine: initialized successfully - sym options: 0x614 - pdb path: .;C:\Program Files\Java\jdk-17\bin;C:\Windows\SYSTEM32;C:\Windows\WinSxS\amd64_microsoft.windows.common-controls_6595b64144ccf1df_6.0.19041.4355_none_60b8b9eb71f62e16;C:\Program Files\Java\jdk-17\bin\server

VM Arguments:
jvm_args: -Dspring.output.ansi.enabled=ALWAYS -XX:TieredStopAtLevel=1 -Dfile.encoding=windows-1252 -Duser.country=FR -Duser.language=fr -Duser.variant 
java_command: org.apache.fineract.ServerApplication
java_class_path (initial): C:\Users\d.ngantchou\.gradle\.tmp\gradle-javaexec-classpath525330911150943586.jar
Launcher Type: SUN_STANDARD

[Global flags]
     intx CICompilerCount                          = 4                                         {product} {ergonomic}
     uint ConcGCThreads                            = 2                                         {product} {ergonomic}
     uint G1ConcRefinementThreads                  = 8                                         {product} {ergonomic}
   size_t G1HeapRegionSize                         = 2097152                                   {product} {ergonomic}
    uintx GCDrainStackTargetSize                   = 64                                        {product} {ergonomic}
   size_t InitialHeapSize                          = 197132288                                 {product} {ergonomic}
   size_t MarkStackSize                            = 4194304                                   {product} {ergonomic}
   size_t MaxHeapSize                              = 3139436544                                {product} {ergonomic}
   size_t MaxNewSize                               = 1883242496                                {product} {ergonomic}
   size_t MinHeapDeltaBytes                        = 2097152                                   {product} {ergonomic}
   size_t MinHeapSize                              = 8388608                                   {product} {ergonomic}
    uintx NonProfiledCodeHeapSize                  = 0                                      {pd product} {ergonomic}
     bool ProfileInterpreter                       = false                                  {pd product} {command line}
    uintx ProfiledCodeHeapSize                     = 0                                      {pd product} {ergonomic}
   size_t SoftMaxHeapSize                          = 3139436544                             {manageable} {ergonomic}
     intx TieredStopAtLevel                        = 1                                         {product} {command line}
     bool UseCompressedClassPointers               = true                           {product lp64_product} {ergonomic}
     bool UseCompressedOops                        = true                           {product lp64_product} {ergonomic}
     bool UseG1GC                                  = true                                      {product} {ergonomic}
     bool UseLargePagesIndividualAllocation        = false                                  {pd product} {ergonomic}

Logging:
Log output configuration:
 #0: stdout all=warning uptime,level,tags
 #1: stderr all=off uptime,level,tags

Environment Variables:
JAVA_HOME=C:\Program Files\Java\jdk-17
PATH=C:\Users\d.ngantchou\bin;C:\Program Files\Git\mingw64\bin;C:\Program Files\Git\usr\local\bin;C:\Program Files\Git\usr\bin;C:\Program Files\Git\usr\bin;C:\Program Files\Git\mingw64\bin;C:\Program Files\Git\usr\bin;C:\Users\d.ngantchou\bin;D:\app\d.ngantchou\product\11.2.0\client_2\bin;C:\Program Files\Common Files\Oracle\Java\javapath;C:\Windows\system32;C:\Windows;C:\Windows\System32\Wbem;C:\Windows\System32\WindowsPowerShell\v1.0;C:\Windows\System32\OpenSSH;C:\Program Files\Git\cmd;C:\Program Files\nodejs;C:\xampp\php;C:\composer;C:\Program Files\Java\jdk-17\bin;C:\xampp\mysql\bin;C:\Gradle\gradle-8.6\bin;C:\Program Files\Microsoft SQL Server\150\Tools\Binn;C:\Program Files\Microsoft SQL Server\Client SDK\ODBC\170\Tools\Binn;C:\Program Files\dotnet;C:\instantclient_23_4;C:\Users\d.ngantchou\AppData\Local\Microsoft\WindowsApps;C:\Users\d.ngantchou\AppData\Local\Programs\Microsoft VS Code\bin;C:\Users\d.ngantchou\AppData\Roaming\npm;C:\Users\d.ngantchou\AppData\Roaming\Composer\vendor\bin;C:\Users\d.ngantchou\.dotnet\tools;C:\instantclient_23_4;C:\Users\d.ngantchou\flutter\bin;C:\Program Files\Git\usr\bin\vendor_perl;C:\Program Files\Git\usr\bin\core_perl
USERNAME=d.ngantchou
SHELL=C:\Program Files\Git\usr\bin\bash.exe
DISPLAY=needs-to-be-defined
LC_CTYPE=fr_FR.UTF-8
OS=Windows_NT
PROCESSOR_IDENTIFIER=Intel64 Family 6 Model 140 Stepping 1, GenuineIntel



---------------  S Y S T E M  ---------------

OS:
 Windows 10 , 64 bit Build 19041 (10.0.19041.4842)
OS uptime: 9 days 0:15 hours
Hyper-V role detected

CPU: total 8 (initial active 8) (4 cores per cpu, 2 threads per core) family 6 model 140 stepping 1 microcode 0xb6, cx8, cmov, fxsr, ht, mmx, 3dnowpref, sse, sse2, sse3, ssse3, sse4.1, sse4.2, popcnt, lzcnt, tsc, tscinvbit, avx, avx2, aes, erms, clmul, bmi1, bmi2, adx, avx512f, avx512dq, avx512cd, avx512bw, avx512vl, sha, fma, vzeroupper, avx512_vpopcntdq, avx512_vpclmulqdq, avx512_vaes, avx512_vnni, clflush, clflushopt, clwb, avx512_vbmi2, avx512_vbmi, hv

Memory: 4k page, system-wide physical 11968M (504M free)
TotalPageFile size 25904M (AvailPageFile size 390M)
current process WorkingSet (physical memory assigned to process): 525M, peak: 525M
current process commit charge ("private bytes"): 575M, peak: 993M

vm_info: Java HotSpot(TM) 64-Bit Server VM (17.0.10+11-LTS-240) for windows-amd64 JRE (17.0.10+11-LTS-240), built on Dec 19 2023 21:47:25 by "mach5one" with MS VC++ 17.1 (VS2022)

END.
