#
# There is insufficient memory for the Java Runtime Environment to continue.
# Native memory allocation (mmap) failed to map 65536 bytes for Failed to commit metaspace.
# Possible reasons:
#   The system is out of physical RAM or swap space
#   The process is running with CompressedOops enabled, and the Java Heap may be blocking the growth of the native heap
# Possible solutions:
#   Reduce memory load on the system
#   Increase physical memory or swap space
#   Check if swap backing store is full
#   Decrease Java heap size (-Xmx/-Xms)
#   Decrease number of Java threads
#   Decrease Java thread stack sizes (-Xss)
#   Set larger code cache with -XX:ReservedCodeCacheSize=
#   JVM is running with Zero Based Compressed Oops mode in which the Java heap is
#     placed in the first 32GB address space. The Java Heap base address is the
#     maximum limit for the native heap growth. Please use -XX:HeapBaseMinAddress
#     to set the Java Heap base and to place the Java Heap above 32GB virtual address.
# This output file may be truncated or incomplete.
#
#  Out of Memory Error (virtualSpaceNode.cpp:110), pid=22540, tid=18604
#
# JRE version: Java(TM) SE Runtime Environment (17.0.10+11) (build 17.0.10+11-LTS-240)
# Java VM: Java HotSpot(TM) 64-Bit Server VM (17.0.10+11-LTS-240, mixed mode, emulated-client, sharing, tiered, compressed oops, compressed class ptrs, g1 gc, windows-amd64)
# No core dump will be written. Minidumps are not enabled by default on client versions of Windows
#

---------------  S U M M A R Y ------------

Command Line: -Dspring.output.ansi.enabled=ALWAYS -XX:TieredStopAtLevel=1 -Dfile.encoding=windows-1252 -Duser.country=FR -Duser.language=fr -Duser.variant org.apache.fineract.ServerApplication

Host: 11th Gen Intel(R) Core(TM) i5-1135G7 @ 2.40GHz, 8 cores, 11G,  Windows 10 , 64 bit Build 19041 (10.0.19041.3636)
Time: Tue Jul  9 13:00:25 2024 Afr. centrale Ouest elapsed time: 12.403332 seconds (0d 0h 0m 12s)

---------------  T H R E A D  ---------------

Current thread (0x000001d9c59fafe0):  JavaThread "main" [_thread_in_vm, id=18604, stack(0x00000078e6900000,0x00000078e6a00000)]

Stack: [0x00000078e6900000,0x00000078e6a00000]
Native frames: (J=compiled Java code, j=interpreted, Vv=VM code, C=native code)
V  [jvm.dll+0x677a5a]
V  [jvm.dll+0x7d8b2d]
V  [jvm.dll+0x7da48e]
V  [jvm.dll+0x7daaf3]
V  [jvm.dll+0x2455ff]
V  [jvm.dll+0x7d483b]
V  [jvm.dll+0x61dc06]
V  [jvm.dll+0x1bfa87]
V  [jvm.dll+0x620570]
V  [jvm.dll+0x61e5c6]
V  [jvm.dll+0x23b031]
V  [jvm.dll+0x125292]
V  [jvm.dll+0x24dbd9]
V  [jvm.dll+0x24ef3f]
V  [jvm.dll+0x1e1c5f]
V  [jvm.dll+0x1e11ed]
V  [jvm.dll+0x53d5b5]
V  [jvm.dll+0x753438]
V  [jvm.dll+0x753524]
V  [jvm.dll+0x40babf]
V  [jvm.dll+0x411a89]
C  [java.dll+0x17ec]

Java frames: (J=compiled Java code, j=interpreted, Vv=VM code)
J 856  java.lang.ClassLoader.defineClass1(Ljava/lang/ClassLoader;Ljava/lang/String;[BIILjava/security/ProtectionDomain;Ljava/lang/String;)Ljava/lang/Class; java.base@17.0.10 (0 bytes) @ 0x000001d9cf7ccc63 [0x000001d9cf7ccba0+0x00000000000000c3]
J 976 c1 java.lang.ClassLoader.defineClass(Ljava/lang/String;[BIILjava/security/ProtectionDomain;)Ljava/lang/Class; java.base@17.0.10 (43 bytes) @ 0x000001d9cf7f976c [0x000001d9cf7f9660+0x000000000000010c]
J 865 c1 jdk.internal.loader.BuiltinClassLoader.defineClass(Ljava/lang/String;Ljdk/internal/loader/Resource;)Ljava/lang/Class; java.base@17.0.10 (121 bytes) @ 0x000001d9cf7d1ff4 [0x000001d9cf7d1b20+0x00000000000004d4]
J 838 c1 jdk.internal.loader.BuiltinClassLoader.findClassOnClassPathOrNull(Ljava/lang/String;)Ljava/lang/Class; java.base@17.0.10 (64 bytes) @ 0x000001d9cf7c7044 [0x000001d9cf7c6d80+0x00000000000002c4]
J 523 c1 jdk.internal.loader.BuiltinClassLoader.loadClassOrNull(Ljava/lang/String;Z)Ljava/lang/Class; java.base@17.0.10 (143 bytes) @ 0x000001d9cf747704 [0x000001d9cf747280+0x0000000000000484]
J 744 c1 jdk.internal.loader.ClassLoaders$AppClassLoader.loadClass(Ljava/lang/String;Z)Ljava/lang/Class; java.base@17.0.10 (40 bytes) @ 0x000001d9cf79dcac [0x000001d9cf79db60+0x000000000000014c]
J 740 c1 java.lang.ClassLoader.loadClass(Ljava/lang/String;)Ljava/lang/Class; java.base@17.0.10 (7 bytes) @ 0x000001d9cf79d4e4 [0x000001d9cf79d4a0+0x0000000000000044]
v  ~StubRoutines::call_stub
J 2950  java.lang.Class.getDeclaredMethods0(Z)[Ljava/lang/reflect/Method; java.base@17.0.10 (0 bytes) @ 0x000001d9cfbb03e3 [0x000001d9cfbb03a0+0x0000000000000043]
J 2206 c1 java.lang.Class.privateGetDeclaredMethods(Z)[Ljava/lang/reflect/Method; java.base@17.0.10 (64 bytes) @ 0x000001d9cf9eeea4 [0x000001d9cf9eee00+0x00000000000000a4]
J 4965 c1 org.springframework.util.ReflectionUtils.getDeclaredMethods(Ljava/lang/Class;Z)[Ljava/lang/reflect/Method; (183 bytes) @ 0x000001d9cfef865c [0x000001d9cfef8560+0x00000000000000fc]
J 5783 c1 org.springframework.util.ReflectionUtils.doWithLocalMethods(Ljava/lang/Class;Lorg/springframework/util/ReflectionUtils$MethodCallback;)V (68 bytes) @ 0x000001d9d007367c [0x000001d9d0073660+0x000000000000001c]
J 5825 c1 org.springframework.beans.factory.annotation.AutowiredAnnotationBeanPostProcessor.checkLookupMethods(Ljava/lang/Class;Ljava/lang/String;)V (80 bytes) @ 0x000001d9d008109c [0x000001d9d0080e40+0x000000000000025c]
J 5824 c1 org.springframework.beans.factory.annotation.AutowiredAnnotationBeanPostProcessor.determineCandidateConstructors(Ljava/lang/Class;Ljava/lang/String;)[Ljava/lang/reflect/Constructor; (551 bytes) @ 0x000001d9d0083a64 [0x000001d9d0083a00+0x0000000000000064]
J 5822 c1 org.springframework.beans.factory.support.AbstractAutowireCapableBeanFactory.determineConstructorsFromBeanPostProcessors(Ljava/lang/Class;Ljava/lang/String;)[Ljava/lang/reflect/Constructor; (68 bytes) @ 0x000001d9d007fdc4 [0x000001d9d007fc80+0x0000000000000144]
J 5850 c1 org.springframework.beans.factory.support.AbstractAutowireCapableBeanFactory.createBeanInstance(Ljava/lang/String;Lorg/springframework/beans/factory/support/RootBeanDefinition;[Ljava/lang/Object;)Lorg/springframework/beans/BeanWrapper; (245 bytes) @ 0x000001d9d00907bc [0x000001d9d0090500+0x00000000000002bc]
J 6929 c1 org.springframework.beans.factory.support.AbstractAutowireCapableBeanFactory.doCreateBean(Ljava/lang/String;Lorg/springframework/beans/factory/support/RootBeanDefinition;[Ljava/lang/Object;)Ljava/lang/Object; (469 bytes) @ 0x000001d9d026b32c [0x000001d9d026b1a0+0x000000000000018c]
J 6928 c1 org.springframework.beans.factory.support.AbstractAutowireCapableBeanFactory.createBean(Ljava/lang/String;Lorg/springframework/beans/factory/support/RootBeanDefinition;[Ljava/lang/Object;)Ljava/lang/Object; (214 bytes) @ 0x000001d9d0269a7c [0x000001d9d0269600+0x000000000000047c]
J 6926 c1 org.springframework.beans.factory.support.AbstractBeanFactory$$Lambda$461+0x000001d981258420.getObject()Ljava/lang/Object; (20 bytes) @ 0x000001d9d0268cec [0x000001d9d0268c80+0x000000000000006c]
J 6472 c1 org.springframework.beans.factory.support.DefaultSingletonBeanRegistry.getSingleton(Ljava/lang/String;Lorg/springframework/beans/factory/ObjectFactory;)Ljava/lang/Object; (279 bytes) @ 0x000001d9d01a570c [0x000001d9d01a5400+0x000000000000030c]
J 4404 c1 org.springframework.beans.factory.support.AbstractBeanFactory.doGetBean(Ljava/lang/String;Ljava/lang/Class;[Ljava/lang/Object;Z)Ljava/lang/Object; (787 bytes) @ 0x000001d9cfe06e8c [0x000001d9cfe06820+0x000000000000066c]
j  org.springframework.beans.factory.support.AbstractBeanFactory.getBean(Ljava/lang/String;)Ljava/lang/Object;+5
j  org.springframework.beans.factory.config.DependencyDescriptor.resolveCandidate(Ljava/lang/String;Ljava/lang/Class;Lorg/springframework/beans/factory/BeanFactory;)Ljava/lang/Object;+2
j  org.springframework.beans.factory.support.DefaultListableBeanFactory.addCandidateEntry(Ljava/util/Map;Ljava/lang/String;Lorg/springframework/beans/factory/config/DependencyDescriptor;Ljava/lang/Class;)V+12
J 6521 c1 org.springframework.beans.factory.support.DefaultListableBeanFactory.findAutowireCandidates(Ljava/lang/String;Ljava/lang/Class;Lorg/springframework/beans/factory/config/DependencyDescriptor;)Ljava/util/Map; (389 bytes) @ 0x000001d9d01ba0ec [0x000001d9d01b9a20+0x00000000000006cc]
j  org.springframework.beans.factory.support.DefaultListableBeanFactory.resolveMultipleBeanCollection(Lorg/springframework/beans/factory/config/DependencyDescriptor;Ljava/lang/String;Ljava/util/Set;Lorg/springframework/beans/TypeConverter;)Ljava/lang/Object;+34
J 6538 c1 org.springframework.beans.factory.support.DefaultListableBeanFactory.resolveMultipleBeans(Lorg/springframework/beans/factory/config/DependencyDescriptor;Ljava/lang/String;Ljava/util/Set;Lorg/springframework/beans/TypeConverter;)Ljava/lang/Object; (343 bytes) @ 0x000001d9d01c1694 [0x000001d9d01c0840+0x0000000000000e54]
J 6536 c1 org.springframework.beans.factory.support.DefaultListableBeanFactory.doResolveDependency(Lorg/springframework/beans/factory/config/DependencyDescriptor;Ljava/lang/String;Ljava/util/Set;Lorg/springframework/beans/TypeConverter;)Ljava/lang/Object; (563 bytes) @ 0x000001d9d01c3da4 [0x000001d9d01c3460+0x0000000000000944]
J 6176 c1 org.springframework.beans.factory.support.DefaultListableBeanFactory.resolveDependency(Lorg/springframework/beans/factory/config/DependencyDescriptor;Ljava/lang/String;Ljava/util/Set;Lorg/springframework/beans/TypeConverter;)Ljava/lang/Object; (121 bytes) @ 0x000001d9d0138104 [0x000001d9d0137f60+0x00000000000001a4]
J 6181 c1 org.springframework.beans.factory.support.ConstructorResolver.resolveAutowiredArgument(Lorg/springframework/beans/factory/config/DependencyDescriptor;Ljava/lang/Class;Ljava/lang/String;Ljava/util/Set;Lorg/springframework/beans/TypeConverter;Z)Ljava/lang/Object; (114 bytes) @ 0x000001d9d013b244 [0x000001d9d013b120+0x0000000000000124]
J 6128 c1 org.springframework.beans.factory.support.ConstructorResolver.createArgumentArray(Ljava/lang/String;Lorg/springframework/beans/factory/support/RootBeanDefinition;Lorg/springframework/beans/factory/config/ConstructorArgumentValues;Lorg/springframework/beans/BeanWrapper;[Ljava/lang/Class;[Ljava/lang/String;Ljava/lang/reflect/Executable;ZZ)Lorg/springframework/beans/factory/support/ConstructorResolver$ArgumentsHolder; (533 bytes) @ 0x000001d9d0116fdc [0x000001d9d0116180+0x0000000000000e5c]
j  org.springframework.beans.factory.support.ConstructorResolver.autowireConstructor(Ljava/lang/String;Lorg/springframework/beans/factory/support/RootBeanDefinition;[Ljava/lang/reflect/Constructor;[Ljava/lang/Object;)Lorg/springframework/beans/BeanWrapper;+530
J 5850 c1 org.springframework.beans.factory.support.AbstractAutowireCapableBeanFactory.createBeanInstance(Ljava/lang/String;Lorg/springframework/beans/factory/support/RootBeanDefinition;[Ljava/lang/Object;)Lorg/springframework/beans/BeanWrapper; (245 bytes) @ 0x000001d9d0090c24 [0x000001d9d0090500+0x0000000000000724]
J 6929 c1 org.springframework.beans.factory.support.AbstractAutowireCapableBeanFactory.doCreateBean(Ljava/lang/String;Lorg/springframework/beans/factory/support/RootBeanDefinition;[Ljava/lang/Object;)Ljava/lang/Object; (469 bytes) @ 0x000001d9d026b32c [0x000001d9d026b1a0+0x000000000000018c]
J 6928 c1 org.springframework.beans.factory.support.AbstractAutowireCapableBeanFactory.createBean(Ljava/lang/String;Lorg/springframework/beans/factory/support/RootBeanDefinition;[Ljava/lang/Object;)Ljava/lang/Object; (214 bytes) @ 0x000001d9d0269a7c [0x000001d9d0269600+0x000000000000047c]
J 6926 c1 org.springframework.beans.factory.support.AbstractBeanFactory$$Lambda$461+0x000001d981258420.getObject()Ljava/lang/Object; (20 bytes) @ 0x000001d9d0268cec [0x000001d9d0268c80+0x000000000000006c]
J 6472 c1 org.springframework.beans.factory.support.DefaultSingletonBeanRegistry.getSingleton(Ljava/lang/String;Lorg/springframework/beans/factory/ObjectFactory;)Ljava/lang/Object; (279 bytes) @ 0x000001d9d01a570c [0x000001d9d01a5400+0x000000000000030c]
J 4404 c1 org.springframework.beans.factory.support.AbstractBeanFactory.doGetBean(Ljava/lang/String;Ljava/lang/Class;[Ljava/lang/Object;Z)Ljava/lang/Object; (787 bytes) @ 0x000001d9cfe06e8c [0x000001d9cfe06820+0x000000000000066c]
J 4404 c1 org.springframework.beans.factory.support.AbstractBeanFactory.doGetBean(Ljava/lang/String;Ljava/lang/Class;[Ljava/lang/Object;Z)Ljava/lang/Object; (787 bytes) @ 0x000001d9cfe06cbc [0x000001d9cfe06820+0x000000000000049c]
j  org.springframework.beans.factory.support.AbstractBeanFactory.getBean(Ljava/lang/String;)Ljava/lang/Object;+5
j  org.springframework.beans.factory.support.BeanDefinitionValueResolver.resolveReference(Ljava/lang/Object;Lorg/springframework/beans/factory/config/RuntimeBeanReference;)Ljava/lang/Object;+145
j  org.springframework.beans.factory.support.BeanDefinitionValueResolver.resolveValueIfNecessary(Ljava/lang/Object;Ljava/lang/Object;)Ljava/lang/Object;+15
j  org.springframework.beans.factory.support.ConstructorResolver.resolveConstructorArguments(Ljava/lang/String;Lorg/springframework/beans/factory/support/RootBeanDefinition;Lorg/springframework/beans/BeanWrapper;Lorg/springframework/beans/factory/config/ConstructorArgumentValues;Lorg/springframework/beans/factory/config/ConstructorArgumentValues;)I+182
j  org.springframework.beans.factory.support.ConstructorResolver.instantiateUsingFactoryMethod(Ljava/lang/String;Lorg/springframework/beans/factory/support/RootBeanDefinition;[Ljava/lang/Object;)Lorg/springframework/beans/BeanWrapper;+588
J 5850 c1 org.springframework.beans.factory.support.AbstractAutowireCapableBeanFactory.createBeanInstance(Ljava/lang/String;Lorg/springframework/beans/factory/support/RootBeanDefinition;[Ljava/lang/Object;)Lorg/springframework/beans/BeanWrapper; (245 bytes) @ 0x000001d9d0090e3c [0x000001d9d0090500+0x000000000000093c]
J 6929 c1 org.springframework.beans.factory.support.AbstractAutowireCapableBeanFactory.doCreateBean(Ljava/lang/String;Lorg/springframework/beans/factory/support/RootBeanDefinition;[Ljava/lang/Object;)Ljava/lang/Object; (469 bytes) @ 0x000001d9d026b32c [0x000001d9d026b1a0+0x000000000000018c]
J 6928 c1 org.springframework.beans.factory.support.AbstractAutowireCapableBeanFactory.createBean(Ljava/lang/String;Lorg/springframework/beans/factory/support/RootBeanDefinition;[Ljava/lang/Object;)Ljava/lang/Object; (214 bytes) @ 0x000001d9d0269a7c [0x000001d9d0269600+0x000000000000047c]
J 6926 c1 org.springframework.beans.factory.support.AbstractBeanFactory$$Lambda$461+0x000001d981258420.getObject()Ljava/lang/Object; (20 bytes) @ 0x000001d9d0268cec [0x000001d9d0268c80+0x000000000000006c]
J 6472 c1 org.springframework.beans.factory.support.DefaultSingletonBeanRegistry.getSingleton(Ljava/lang/String;Lorg/springframework/beans/factory/ObjectFactory;)Ljava/lang/Object; (279 bytes) @ 0x000001d9d01a570c [0x000001d9d01a5400+0x000000000000030c]
J 4404 c1 org.springframework.beans.factory.support.AbstractBeanFactory.doGetBean(Ljava/lang/String;Ljava/lang/Class;[Ljava/lang/Object;Z)Ljava/lang/Object; (787 bytes) @ 0x000001d9cfe06e8c [0x000001d9cfe06820+0x000000000000066c]
j  org.springframework.beans.factory.support.AbstractBeanFactory.getBean(Ljava/lang/String;)Ljava/lang/Object;+5
j  org.springframework.beans.factory.support.BeanDefinitionValueResolver.resolveReference(Ljava/lang/Object;Lorg/springframework/beans/factory/config/RuntimeBeanReference;)Ljava/lang/Object;+145
j  org.springframework.beans.factory.support.BeanDefinitionValueResolver.resolveValueIfNecessary(Ljava/lang/Object;Ljava/lang/Object;)Ljava/lang/Object;+15
j  org.springframework.beans.factory.support.AbstractAutowireCapableBeanFactory.applyPropertyValues(Ljava/lang/String;Lorg/springframework/beans/factory/config/BeanDefinition;Lorg/springframework/beans/BeanWrapper;Lorg/springframework/beans/PropertyValues;)V+274
j  org.springframework.beans.factory.support.AbstractAutowireCapableBeanFactory.populateBean(Ljava/lang/String;Lorg/springframework/beans/factory/support/RootBeanDefinition;Lorg/springframework/beans/BeanWrapper;)V+351
J 6929 c1 org.springframework.beans.factory.support.AbstractAutowireCapableBeanFactory.doCreateBean(Ljava/lang/String;Lorg/springframework/beans/factory/support/RootBeanDefinition;[Ljava/lang/Object;)Ljava/lang/Object; (469 bytes) @ 0x000001d9d026b744 [0x000001d9d026b1a0+0x00000000000005a4]
J 6928 c1 org.springframework.beans.factory.support.AbstractAutowireCapableBeanFactory.createBean(Ljava/lang/String;Lorg/springframework/beans/factory/support/RootBeanDefinition;[Ljava/lang/Object;)Ljava/lang/Object; (214 bytes) @ 0x000001d9d0269a7c [0x000001d9d0269600+0x000000000000047c]
J 6926 c1 org.springframework.beans.factory.support.AbstractBeanFactory$$Lambda$461+0x000001d981258420.getObject()Ljava/lang/Object; (20 bytes) @ 0x000001d9d0268cec [0x000001d9d0268c80+0x000000000000006c]
J 6472 c1 org.springframework.beans.factory.support.DefaultSingletonBeanRegistry.getSingleton(Ljava/lang/String;Lorg/springframework/beans/factory/ObjectFactory;)Ljava/lang/Object; (279 bytes) @ 0x000001d9d01a570c [0x000001d9d01a5400+0x000000000000030c]
J 4404 c1 org.springframework.beans.factory.support.AbstractBeanFactory.doGetBean(Ljava/lang/String;Ljava/lang/Class;[Ljava/lang/Object;Z)Ljava/lang/Object; (787 bytes) @ 0x000001d9cfe06e8c [0x000001d9cfe06820+0x000000000000066c]
J 6536 c1 org.springframework.beans.factory.support.DefaultListableBeanFactory.doResolveDependency(Lorg/springframework/beans/factory/config/DependencyDescriptor;Ljava/lang/String;Ljava/util/Set;Lorg/springframework/beans/TypeConverter;)Ljava/lang/Object; (563 bytes) @ 0x000001d9d01c47b4 [0x000001d9d01c3460+0x0000000000001354]
J 6176 c1 org.springframework.beans.factory.support.DefaultListableBeanFactory.resolveDependency(Lorg/springframework/beans/factory/config/DependencyDescriptor;Ljava/lang/String;Ljava/util/Set;Lorg/springframework/beans/TypeConverter;)Ljava/lang/Object; (121 bytes) @ 0x000001d9d0138104 [0x000001d9d0137f60+0x00000000000001a4]
J 6181 c1 org.springframework.beans.factory.support.ConstructorResolver.resolveAutowiredArgument(Lorg/springframework/beans/factory/config/DependencyDescriptor;Ljava/lang/Class;Ljava/lang/String;Ljava/util/Set;Lorg/springframework/beans/TypeConverter;Z)Ljava/lang/Object; (114 bytes) @ 0x000001d9d013b244 [0x000001d9d013b120+0x0000000000000124]
J 6128 c1 org.springframework.beans.factory.support.ConstructorResolver.createArgumentArray(Ljava/lang/String;Lorg/springframework/beans/factory/support/RootBeanDefinition;Lorg/springframework/beans/factory/config/ConstructorArgumentValues;Lorg/springframework/beans/BeanWrapper;[Ljava/lang/Class;[Ljava/lang/String;Ljava/lang/reflect/Executable;ZZ)Lorg/springframework/beans/factory/support/ConstructorResolver$ArgumentsHolder; (533 bytes) @ 0x000001d9d0116fdc [0x000001d9d0116180+0x0000000000000e5c]
j  org.springframework.beans.factory.support.ConstructorResolver.autowireConstructor(Ljava/lang/String;Lorg/springframework/beans/factory/support/RootBeanDefinition;[Ljava/lang/reflect/Constructor;[Ljava/lang/Object;)Lorg/springframework/beans/BeanWrapper;+530
J 5850 c1 org.springframework.beans.factory.support.AbstractAutowireCapableBeanFactory.createBeanInstance(Ljava/lang/String;Lorg/springframework/beans/factory/support/RootBeanDefinition;[Ljava/lang/Object;)Lorg/springframework/beans/BeanWrapper; (245 bytes) @ 0x000001d9d0090c24 [0x000001d9d0090500+0x0000000000000724]
J 6929 c1 org.springframework.beans.factory.support.AbstractAutowireCapableBeanFactory.doCreateBean(Ljava/lang/String;Lorg/springframework/beans/factory/support/RootBeanDefinition;[Ljava/lang/Object;)Ljava/lang/Object; (469 bytes) @ 0x000001d9d026b32c [0x000001d9d026b1a0+0x000000000000018c]
J 6928 c1 org.springframework.beans.factory.support.AbstractAutowireCapableBeanFactory.createBean(Ljava/lang/String;Lorg/springframework/beans/factory/support/RootBeanDefinition;[Ljava/lang/Object;)Ljava/lang/Object; (214 bytes) @ 0x000001d9d0269a7c [0x000001d9d0269600+0x000000000000047c]
J 6926 c1 org.springframework.beans.factory.support.AbstractBeanFactory$$Lambda$461+0x000001d981258420.getObject()Ljava/lang/Object; (20 bytes) @ 0x000001d9d0268cec [0x000001d9d0268c80+0x000000000000006c]
J 6472 c1 org.springframework.beans.factory.support.DefaultSingletonBeanRegistry.getSingleton(Ljava/lang/String;Lorg/springframework/beans/factory/ObjectFactory;)Ljava/lang/Object; (279 bytes) @ 0x000001d9d01a570c [0x000001d9d01a5400+0x000000000000030c]
J 4404 c1 org.springframework.beans.factory.support.AbstractBeanFactory.doGetBean(Ljava/lang/String;Ljava/lang/Class;[Ljava/lang/Object;Z)Ljava/lang/Object; (787 bytes) @ 0x000001d9cfe06e8c [0x000001d9cfe06820+0x000000000000066c]
J 6536 c1 org.springframework.beans.factory.support.DefaultListableBeanFactory.doResolveDependency(Lorg/springframework/beans/factory/config/DependencyDescriptor;Ljava/lang/String;Ljava/util/Set;Lorg/springframework/beans/TypeConverter;)Ljava/lang/Object; (563 bytes) @ 0x000001d9d01c47b4 [0x000001d9d01c3460+0x0000000000001354]
J 6176 c1 org.springframework.beans.factory.support.DefaultListableBeanFactory.resolveDependency(Lorg/springframework/beans/factory/config/DependencyDescriptor;Ljava/lang/String;Ljava/util/Set;Lorg/springframework/beans/TypeConverter;)Ljava/lang/Object; (121 bytes) @ 0x000001d9d0138104 [0x000001d9d0137f60+0x00000000000001a4]
J 6181 c1 org.springframework.beans.factory.support.ConstructorResolver.resolveAutowiredArgument(Lorg/springframework/beans/factory/config/DependencyDescriptor;Ljava/lang/Class;Ljava/lang/String;Ljava/util/Set;Lorg/springframework/beans/TypeConverter;Z)Ljava/lang/Object; (114 bytes) @ 0x000001d9d013b244 [0x000001d9d013b120+0x0000000000000124]
J 6128 c1 org.springframework.beans.factory.support.ConstructorResolver.createArgumentArray(Ljava/lang/String;Lorg/springframework/beans/factory/support/RootBeanDefinition;Lorg/springframework/beans/factory/config/ConstructorArgumentValues;Lorg/springframework/beans/BeanWrapper;[Ljava/lang/Class;[Ljava/lang/String;Ljava/lang/reflect/Executable;ZZ)Lorg/springframework/beans/factory/support/ConstructorResolver$ArgumentsHolder; (533 bytes) @ 0x000001d9d0116fdc [0x000001d9d0116180+0x0000000000000e5c]
j  org.springframework.beans.factory.support.ConstructorResolver.autowireConstructor(Ljava/lang/String;Lorg/springframework/beans/factory/support/RootBeanDefinition;[Ljava/lang/reflect/Constructor;[Ljava/lang/Object;)Lorg/springframework/beans/BeanWrapper;+530
J 5850 c1 org.springframework.beans.factory.support.AbstractAutowireCapableBeanFactory.createBeanInstance(Ljava/lang/String;Lorg/springframework/beans/factory/support/RootBeanDefinition;[Ljava/lang/Object;)Lorg/springframework/beans/BeanWrapper; (245 bytes) @ 0x000001d9d0090c24 [0x000001d9d0090500+0x0000000000000724]
J 6929 c1 org.springframework.beans.factory.support.AbstractAutowireCapableBeanFactory.doCreateBean(Ljava/lang/String;Lorg/springframework/beans/factory/support/RootBeanDefinition;[Ljava/lang/Object;)Ljava/lang/Object; (469 bytes) @ 0x000001d9d026b32c [0x000001d9d026b1a0+0x000000000000018c]
J 6928 c1 org.springframework.beans.factory.support.AbstractAutowireCapableBeanFactory.createBean(Ljava/lang/String;Lorg/springframework/beans/factory/support/RootBeanDefinition;[Ljava/lang/Object;)Ljava/lang/Object; (214 bytes) @ 0x000001d9d0269a7c [0x000001d9d0269600+0x000000000000047c]
J 6926 c1 org.springframework.beans.factory.support.AbstractBeanFactory$$Lambda$461+0x000001d981258420.getObject()Ljava/lang/Object; (20 bytes) @ 0x000001d9d0268cec [0x000001d9d0268c80+0x000000000000006c]
J 6472 c1 org.springframework.beans.factory.support.DefaultSingletonBeanRegistry.getSingleton(Ljava/lang/String;Lorg/springframework/beans/factory/ObjectFactory;)Ljava/lang/Object; (279 bytes) @ 0x000001d9d01a570c [0x000001d9d01a5400+0x000000000000030c]
J 4404 c1 org.springframework.beans.factory.support.AbstractBeanFactory.doGetBean(Ljava/lang/String;Ljava/lang/Class;[Ljava/lang/Object;Z)Ljava/lang/Object; (787 bytes) @ 0x000001d9cfe06e8c [0x000001d9cfe06820+0x000000000000066c]
J 6536 c1 org.springframework.beans.factory.support.DefaultListableBeanFactory.doResolveDependency(Lorg/springframework/beans/factory/config/DependencyDescriptor;Ljava/lang/String;Ljava/util/Set;Lorg/springframework/beans/TypeConverter;)Ljava/lang/Object; (563 bytes) @ 0x000001d9d01c47b4 [0x000001d9d01c3460+0x0000000000001354]
J 6176 c1 org.springframework.beans.factory.support.DefaultListableBeanFactory.resolveDependency(Lorg/springframework/beans/factory/config/DependencyDescriptor;Ljava/lang/String;Ljava/util/Set;Lorg/springframework/beans/TypeConverter;)Ljava/lang/Object; (121 bytes) @ 0x000001d9d0138104 [0x000001d9d0137f60+0x00000000000001a4]
J 6181 c1 org.springframework.beans.factory.support.ConstructorResolver.resolveAutowiredArgument(Lorg/springframework/beans/factory/config/DependencyDescriptor;Ljava/lang/Class;Ljava/lang/String;Ljava/util/Set;Lorg/springframework/beans/TypeConverter;Z)Ljava/lang/Object; (114 bytes) @ 0x000001d9d013b244 [0x000001d9d013b120+0x0000000000000124]
J 6128 c1 org.springframework.beans.factory.support.ConstructorResolver.createArgumentArray(Ljava/lang/String;Lorg/springframework/beans/factory/support/RootBeanDefinition;Lorg/springframework/beans/factory/config/ConstructorArgumentValues;Lorg/springframework/beans/BeanWrapper;[Ljava/lang/Class;[Ljava/lang/String;Ljava/lang/reflect/Executable;ZZ)Lorg/springframework/beans/factory/support/ConstructorResolver$ArgumentsHolder; (533 bytes) @ 0x000001d9d0116fdc [0x000001d9d0116180+0x0000000000000e5c]
j  org.springframework.beans.factory.support.ConstructorResolver.autowireConstructor(Ljava/lang/String;Lorg/springframework/beans/factory/support/RootBeanDefinition;[Ljava/lang/reflect/Constructor;[Ljava/lang/Object;)Lorg/springframework/beans/BeanWrapper;+530
J 5850 c1 org.springframework.beans.factory.support.AbstractAutowireCapableBeanFactory.createBeanInstance(Ljava/lang/String;Lorg/springframework/beans/factory/support/RootBeanDefinition;[Ljava/lang/Object;)Lorg/springframework/beans/BeanWrapper; (245 bytes) @ 0x000001d9d0090c24 [0x000001d9d0090500+0x0000000000000724]
j  org.springframework.beans.factory.support.AbstractAutowireCapableBeanFactory.doCreateBean(Ljava/lang/String;Lorg/springframework/beans/factory/support/RootBeanDefinition;[Ljava/lang/Object;)Ljava/lang/Object;+34
j  org.springframework.beans.factory.support.AbstractAutowireCapableBeanFactory.createBean(Ljava/lang/String;Lorg/springframework/beans/factory/support/RootBeanDefinition;[Ljava/lang/Object;)Ljava/lang/Object;+153
j  org.springframework.beans.factory.support.AbstractBeanFactory.lambda$doGetBean$0(Ljava/lang/String;Lorg/springframework/beans/factory/support/RootBeanDefinition;[Ljava/lang/Object;)Ljava/lang/Object;+4
j  org.springframework.beans.factory.support.AbstractBeanFactory$$Lambda$461+0x000001d981258420.getObject()Ljava/lang/Object;+16
J 6472 c1 org.springframework.beans.factory.support.DefaultSingletonBeanRegistry.getSingleton(Ljava/lang/String;Lorg/springframework/beans/factory/ObjectFactory;)Ljava/lang/Object; (279 bytes) @ 0x000001d9d01a570c [0x000001d9d01a5400+0x000000000000030c]
J 4404 c1 org.springframework.beans.factory.support.AbstractBeanFactory.doGetBean(Ljava/lang/String;Ljava/lang/Class;[Ljava/lang/Object;Z)Ljava/lang/Object; (787 bytes) @ 0x000001d9cfe06e8c [0x000001d9cfe06820+0x000000000000066c]
j  org.springframework.beans.factory.support.AbstractBeanFactory.getBean(Ljava/lang/String;)Ljava/lang/Object;+5
j  org.springframework.beans.factory.support.DefaultListableBeanFactory.getBeansWithAnnotation(Ljava/lang/Class;)Ljava/util/Map;+40
j  org.springframework.context.support.AbstractApplicationContext.getBeansWithAnnotation(Ljava/lang/Class;)Ljava/util/Map;+9
j  org.apache.fineract.infrastructure.core.jersey.JerseyConfig.setup()V+6
v  ~StubRoutines::call_stub
J 2949  jdk.internal.reflect.NativeMethodAccessorImpl.invoke0(Ljava/lang/reflect/Method;Ljava/lang/Object;[Ljava/lang/Object;)Ljava/lang/Object; java.base@17.0.10 (0 bytes) @ 0x000001d9cfbae7a7 [0x000001d9cfbae720+0x0000000000000087]
J 2948 c1 jdk.internal.reflect.NativeMethodAccessorImpl.invoke(Ljava/lang/Object;[Ljava/lang/Object;)Ljava/lang/Object; java.base@17.0.10 (137 bytes) @ 0x000001d9cfbafccc [0x000001d9cfbaf980+0x000000000000034c]
J 2935 c1 jdk.internal.reflect.DelegatingMethodAccessorImpl.invoke(Ljava/lang/Object;[Ljava/lang/Object;)Ljava/lang/Object; java.base@17.0.10 (10 bytes) @ 0x000001d9cfba9a64 [0x000001d9cfba9a20+0x0000000000000044]
J 2945 c1 java.lang.reflect.Method.invoke(Ljava/lang/Object;[Ljava/lang/Object;)Ljava/lang/Object; java.base@17.0.10 (65 bytes) @ 0x000001d9cfbad4ec [0x000001d9cfbad3e0+0x000000000000010c]
j  org.springframework.beans.factory.annotation.InitDestroyAnnotationBeanPostProcessor$LifecycleMethod.invoke(Ljava/lang/Object;)V+16
j  org.springframework.beans.factory.annotation.InitDestroyAnnotationBeanPostProcessor$LifecycleMetadata.invokeInitMethods(Ljava/lang/Object;Ljava/lang/String;)V+101
j  org.springframework.beans.factory.annotation.InitDestroyAnnotationBeanPostProcessor.postProcessBeforeInitialization(Ljava/lang/Object;Ljava/lang/String;)Ljava/lang/Object;+12
j  org.springframework.beans.factory.support.AbstractAutowireCapableBeanFactory.applyBeanPostProcessorsBeforeInitialization(Ljava/lang/Object;Ljava/lang/String;)Ljava/lang/Object;+39
j  org.springframework.beans.factory.support.AbstractAutowireCapableBeanFactory.initializeBean(Ljava/lang/String;Ljava/lang/Object;Lorg/springframework/beans/factory/support/RootBeanDefinition;)Ljava/lang/Object;+24
j  org.springframework.beans.factory.support.AbstractAutowireCapableBeanFactory.doCreateBean(Ljava/lang/String;Lorg/springframework/beans/factory/support/RootBeanDefinition;[Ljava/lang/Object;)Ljava/lang/Object;+228
j  org.springframework.beans.factory.support.AbstractAutowireCapableBeanFactory.createBean(Ljava/lang/String;Lorg/springframework/beans/factory/support/RootBeanDefinition;[Ljava/lang/Object;)Ljava/lang/Object;+153
j  org.springframework.beans.factory.support.AbstractBeanFactory.lambda$doGetBean$0(Ljava/lang/String;Lorg/springframework/beans/factory/support/RootBeanDefinition;[Ljava/lang/Object;)Ljava/lang/Object;+4
j  org.springframework.beans.factory.support.AbstractBeanFactory$$Lambda$461+0x000001d981258420.getObject()Ljava/lang/Object;+16
J 6472 c1 org.springframework.beans.factory.support.DefaultSingletonBeanRegistry.getSingleton(Ljava/lang/String;Lorg/springframework/beans/factory/ObjectFactory;)Ljava/lang/Object; (279 bytes) @ 0x000001d9d01a570c [0x000001d9d01a5400+0x000000000000030c]
J 4404 c1 org.springframework.beans.factory.support.AbstractBeanFactory.doGetBean(Ljava/lang/String;Ljava/lang/Class;[Ljava/lang/Object;Z)Ljava/lang/Object; (787 bytes) @ 0x000001d9cfe06e8c [0x000001d9cfe06820+0x000000000000066c]
J 6536 c1 org.springframework.beans.factory.support.DefaultListableBeanFactory.doResolveDependency(Lorg/springframework/beans/factory/config/DependencyDescriptor;Ljava/lang/String;Ljava/util/Set;Lorg/springframework/beans/TypeConverter;)Ljava/lang/Object; (563 bytes) @ 0x000001d9d01c47b4 [0x000001d9d01c3460+0x0000000000001354]
J 6176 c1 org.springframework.beans.factory.support.DefaultListableBeanFactory.resolveDependency(Lorg/springframework/beans/factory/config/DependencyDescriptor;Ljava/lang/String;Ljava/util/Set;Lorg/springframework/beans/TypeConverter;)Ljava/lang/Object; (121 bytes) @ 0x000001d9d0138104 [0x000001d9d0137f60+0x00000000000001a4]
J 6181 c1 org.springframework.beans.factory.support.ConstructorResolver.resolveAutowiredArgument(Lorg/springframework/beans/factory/config/DependencyDescriptor;Ljava/lang/Class;Ljava/lang/String;Ljava/util/Set;Lorg/springframework/beans/TypeConverter;Z)Ljava/lang/Object; (114 bytes) @ 0x000001d9d013b244 [0x000001d9d013b120+0x0000000000000124]
J 6128 c1 org.springframework.beans.factory.support.ConstructorResolver.createArgumentArray(Ljava/lang/String;Lorg/springframework/beans/factory/support/RootBeanDefinition;Lorg/springframework/beans/factory/config/ConstructorArgumentValues;Lorg/springframework/beans/BeanWrapper;[Ljava/lang/Class;[Ljava/lang/String;Ljava/lang/reflect/Executable;ZZ)Lorg/springframework/beans/factory/support/ConstructorResolver$ArgumentsHolder; (533 bytes) @ 0x000001d9d0116fdc [0x000001d9d0116180+0x0000000000000e5c]
j  org.springframework.beans.factory.support.ConstructorResolver.autowireConstructor(Ljava/lang/String;Lorg/springframework/beans/factory/support/RootBeanDefinition;[Ljava/lang/reflect/Constructor;[Ljava/lang/Object;)Lorg/springframework/beans/BeanWrapper;+530
J 5850 c1 org.springframework.beans.factory.support.AbstractAutowireCapableBeanFactory.createBeanInstance(Ljava/lang/String;Lorg/springframework/beans/factory/support/RootBeanDefinition;[Ljava/lang/Object;)Lorg/springframework/beans/BeanWrapper; (245 bytes) @ 0x000001d9d0090c24 [0x000001d9d0090500+0x0000000000000724]
j  org.springframework.beans.factory.support.AbstractAutowireCapableBeanFactory.doCreateBean(Ljava/lang/String;Lorg/springframework/beans/factory/support/RootBeanDefinition;[Ljava/lang/Object;)Ljava/lang/Object;+34
j  org.springframework.beans.factory.support.AbstractAutowireCapableBeanFactory.createBean(Ljava/lang/String;Lorg/springframework/beans/factory/support/RootBeanDefinition;[Ljava/lang/Object;)Ljava/lang/Object;+153
j  org.springframework.beans.factory.support.AbstractBeanFactory.lambda$doGetBean$0(Ljava/lang/String;Lorg/springframework/beans/factory/support/RootBeanDefinition;[Ljava/lang/Object;)Ljava/lang/Object;+4
j  org.springframework.beans.factory.support.AbstractBeanFactory$$Lambda$461+0x000001d981258420.getObject()Ljava/lang/Object;+16
J 6472 c1 org.springframework.beans.factory.support.DefaultSingletonBeanRegistry.getSingleton(Ljava/lang/String;Lorg/springframework/beans/factory/ObjectFactory;)Ljava/lang/Object; (279 bytes) @ 0x000001d9d01a570c [0x000001d9d01a5400+0x000000000000030c]
J 4404 c1 org.springframework.beans.factory.support.AbstractBeanFactory.doGetBean(Ljava/lang/String;Ljava/lang/Class;[Ljava/lang/Object;Z)Ljava/lang/Object; (787 bytes) @ 0x000001d9cfe06e8c [0x000001d9cfe06820+0x000000000000066c]
j  org.springframework.beans.factory.support.AbstractBeanFactory.getBean(Ljava/lang/String;)Ljava/lang/Object;+5
j  org.springframework.beans.factory.support.ConstructorResolver.instantiateUsingFactoryMethod(Ljava/lang/String;Lorg/springframework/beans/factory/support/RootBeanDefinition;[Ljava/lang/Object;)Lorg/springframework/beans/BeanWrapper;+60
J 5850 c1 org.springframework.beans.factory.support.AbstractAutowireCapableBeanFactory.createBeanInstance(Ljava/lang/String;Lorg/springframework/beans/factory/support/RootBeanDefinition;[Ljava/lang/Object;)Lorg/springframework/beans/BeanWrapper; (245 bytes) @ 0x000001d9d0090e3c [0x000001d9d0090500+0x000000000000093c]
j  org.springframework.beans.factory.support.AbstractAutowireCapableBeanFactory.doCreateBean(Ljava/lang/String;Lorg/springframework/beans/factory/support/RootBeanDefinition;[Ljava/lang/Object;)Ljava/lang/Object;+34
j  org.springframework.beans.factory.support.AbstractAutowireCapableBeanFactory.createBean(Ljava/lang/String;Lorg/springframework/beans/factory/support/RootBeanDefinition;[Ljava/lang/Object;)Ljava/lang/Object;+153
j  org.springframework.beans.factory.support.AbstractBeanFactory.lambda$doGetBean$0(Ljava/lang/String;Lorg/springframework/beans/factory/support/RootBeanDefinition;[Ljava/lang/Object;)Ljava/lang/Object;+4
j  org.springframework.beans.factory.support.AbstractBeanFactory$$Lambda$461+0x000001d981258420.getObject()Ljava/lang/Object;+16
J 6472 c1 org.springframework.beans.factory.support.DefaultSingletonBeanRegistry.getSingleton(Ljava/lang/String;Lorg/springframework/beans/factory/ObjectFactory;)Ljava/lang/Object; (279 bytes) @ 0x000001d9d01a570c [0x000001d9d01a5400+0x000000000000030c]
J 4404 c1 org.springframework.beans.factory.support.AbstractBeanFactory.doGetBean(Ljava/lang/String;Ljava/lang/Class;[Ljava/lang/Object;Z)Ljava/lang/Object; (787 bytes) @ 0x000001d9cfe06e8c [0x000001d9cfe06820+0x000000000000066c]
J 4230 c1 org.springframework.beans.factory.support.AbstractBeanFactory.getBean(Ljava/lang/String;Ljava/lang/Class;)Ljava/lang/Object; (9 bytes) @ 0x000001d9cfcc6364 [0x000001d9cfcc6320+0x0000000000000044]
j  org.springframework.boot.web.servlet.ServletContextInitializerBeans.getOrderedBeansOfType(Lorg/springframework/beans/factory/ListableBeanFactory;Ljava/lang/Class;Ljava/util/Set;)Ljava/util/List;+69
j  org.springframework.boot.web.servlet.ServletContextInitializerBeans.getOrderedBeansOfType(Lorg/springframework/beans/factory/ListableBeanFactory;Ljava/lang/Class;)Ljava/util/List;+6
j  org.springframework.boot.web.servlet.ServletContextInitializerBeans.addServletContextInitializerBeans(Lorg/springframework/beans/factory/ListableBeanFactory;)V+32
j  org.springframework.boot.web.servlet.ServletContextInitializerBeans.<init>(Lorg/springframework/beans/factory/ListableBeanFactory;[Ljava/lang/Class;)V+49
j  org.springframework.boot.web.servlet.context.ServletWebServerApplicationContext.getServletContextInitializerBeans()Ljava/util/Collection;+12
j  org.springframework.boot.web.servlet.context.ServletWebServerApplicationContext.selfInitialize(Ljakarta/servlet/ServletContext;)V+19
j  org.springframework.boot.web.servlet.context.ServletWebServerApplicationContext$$Lambda$1104+0x000001d98193db40.onStartup(Ljakarta/servlet/ServletContext;)V+5
j  org.springframework.boot.web.embedded.tomcat.TomcatStarter.onStartup(Ljava/util/Set;Ljakarta/servlet/ServletContext;)V+28
j  org.apache.catalina.core.StandardContext.startInternal()V+1050
j  org.apache.catalina.util.LifecycleBase.start()V+210
j  org.apache.catalina.core.ContainerBase$StartChild.call()Ljava/lang/Void;+4
j  org.apache.catalina.core.ContainerBase$StartChild.call()Ljava/lang/Object;+1
J 5648 c1 java.util.concurrent.FutureTask.run()V java.base@17.0.10 (123 bytes) @ 0x000001d9d003b06c [0x000001d9d003aee0+0x000000000000018c]
j  org.apache.tomcat.util.threads.InlineExecutorService.execute(Ljava/lang/Runnable;)V+38
j  java.util.concurrent.AbstractExecutorService.submit(Ljava/util/concurrent/Callable;)Ljava/util/concurrent/Future;+20 java.base@17.0.10
j  org.apache.catalina.core.ContainerBase.startInternal()V+116
j  org.apache.catalina.core.StandardHost.startInternal()V+179
j  org.apache.catalina.util.LifecycleBase.start()V+210
j  org.apache.catalina.core.ContainerBase$StartChild.call()Ljava/lang/Void;+4
j  org.apache.catalina.core.ContainerBase$StartChild.call()Ljava/lang/Object;+1
J 5648 c1 java.util.concurrent.FutureTask.run()V java.base@17.0.10 (123 bytes) @ 0x000001d9d003b06c [0x000001d9d003aee0+0x000000000000018c]
j  org.apache.tomcat.util.threads.InlineExecutorService.execute(Ljava/lang/Runnable;)V+38
j  java.util.concurrent.AbstractExecutorService.submit(Ljava/util/concurrent/Callable;)Ljava/util/concurrent/Future;+20 java.base@17.0.10
j  org.apache.catalina.core.ContainerBase.startInternal()V+116
j  org.apache.catalina.core.StandardEngine.startInternal()V+38
j  org.apache.catalina.util.LifecycleBase.start()V+210
j  org.apache.catalina.core.StandardService.startInternal()V+57
j  org.apache.catalina.util.LifecycleBase.start()V+210
j  org.apache.catalina.core.StandardServer.startInternal()V+84
j  org.apache.catalina.util.LifecycleBase.start()V+210
j  org.apache.catalina.startup.Tomcat.start()V+9
j  org.springframework.boot.web.embedded.tomcat.TomcatWebServer.initialize()V+55
j  org.springframework.boot.web.embedded.tomcat.TomcatWebServer.<init>(Lorg/apache/catalina/startup/Tomcat;ZLorg/springframework/boot/web/server/Shutdown;)V+66
j  org.springframework.boot.web.embedded.tomcat.TomcatServletWebServerFactory.getTomcatWebServer(Lorg/apache/catalina/startup/Tomcat;)Lorg/springframework/boot/web/embedded/tomcat/TomcatWebServer;+21
j  org.springframework.boot.web.embedded.tomcat.TomcatServletWebServerFactory.getWebServer([Lorg/springframework/boot/web/servlet/ServletContextInitializer;)Lorg/springframework/boot/web/server/WebServer;+212
j  org.springframework.boot.web.servlet.context.ServletWebServerApplicationContext.createWebServer()V+67
j  org.springframework.boot.web.servlet.context.ServletWebServerApplicationContext.onRefresh()V+5
j  org.springframework.context.support.AbstractApplicationContext.refresh()V+85
j  org.springframework.boot.web.servlet.context.ServletWebServerApplicationContext.refresh()V+1
j  org.springframework.boot.SpringApplication.refresh(Lorg/springframework/context/ConfigurableApplicationContext;)V+1
j  org.springframework.boot.SpringApplication.refreshContext(Lorg/springframework/context/ConfigurableApplicationContext;)V+16
j  org.springframework.boot.SpringApplication.run([Ljava/lang/String;)Lorg/springframework/context/ConfigurableApplicationContext;+110
j  org.springframework.boot.builder.SpringApplicationBuilder.run([Ljava/lang/String;)Lorg/springframework/context/ConfigurableApplicationContext;+38
j  org.apache.fineract.ServerApplication.main([Ljava/lang/String;)V+20
v  ~StubRoutines::call_stub

---------------  P R O C E S S  ---------------

Threads class SMR info:
_java_thread_list=0x000001d9e2118390, length=16, elements={
0x000001d9c59fafe0, 0x000001d9dbecfab0, 0x000001d9dbed0580, 0x000001d9dbee44e0,
0x000001d9dbee4fb0, 0x000001d9dbee7990, 0x000001d9dbeea270, 0x000001d9dbeeab40,
0x000001d9dbeeb450, 0x000001d9e01d3ec0, 0x000001d9e01fff80, 0x000001d9e020e640,
0x000001d9e20746d0, 0x000001d9e22c1840, 0x000001d9e317f190, 0x000001d9e317fbb0
}

Java Threads: ( => current thread )
=>0x000001d9c59fafe0 JavaThread "main" [_thread_in_vm, id=18604, stack(0x00000078e6900000,0x00000078e6a00000)]
  0x000001d9dbecfab0 JavaThread "Reference Handler" daemon [_thread_blocked, id=10616, stack(0x00000078e7000000,0x00000078e7100000)]
  0x000001d9dbed0580 JavaThread "Finalizer" daemon [_thread_blocked, id=22440, stack(0x00000078e7100000,0x00000078e7200000)]
  0x000001d9dbee44e0 JavaThread "Signal Dispatcher" daemon [_thread_blocked, id=15944, stack(0x00000078e7200000,0x00000078e7300000)]
  0x000001d9dbee4fb0 JavaThread "Attach Listener" daemon [_thread_blocked, id=8612, stack(0x00000078e7300000,0x00000078e7400000)]
  0x000001d9dbee7990 JavaThread "Service Thread" daemon [_thread_blocked, id=23124, stack(0x00000078e7400000,0x00000078e7500000)]
  0x000001d9dbeea270 JavaThread "Monitor Deflation Thread" daemon [_thread_blocked, id=13104, stack(0x00000078e7500000,0x00000078e7600000)]
  0x000001d9dbeeab40 JavaThread "C1 CompilerThread0" daemon [_thread_blocked, id=21800, stack(0x00000078e7600000,0x00000078e7700000)]
  0x000001d9dbeeb450 JavaThread "Sweeper thread" daemon [_thread_blocked, id=4844, stack(0x00000078e7700000,0x00000078e7800000)]
  0x000001d9e01d3ec0 JavaThread "C1 CompilerThread1" daemon [_thread_blocked, id=23088, stack(0x00000078e7800000,0x00000078e7900000)]
  0x000001d9e01fff80 JavaThread "Notification Thread" daemon [_thread_blocked, id=13872, stack(0x00000078e7900000,0x00000078e7a00000)]
  0x000001d9e020e640 JavaThread "Common-Cleaner" daemon [_thread_blocked, id=16728, stack(0x00000078e7b00000,0x00000078e7c00000)]
  0x000001d9e20746d0 JavaThread "C1 CompilerThread2" daemon [_thread_blocked, id=22660, stack(0x00000078e7c00000,0x00000078e7d00000)]
  0x000001d9e22c1840 JavaThread "C1 CompilerThread3" daemon [_thread_blocked, id=18228, stack(0x00000078e8500000,0x00000078e8600000)]
  0x000001d9e317f190 JavaThread "HikariPool-1 housekeeper" daemon [_thread_blocked, id=22288, stack(0x00000078e8900000,0x00000078e8a00000)]
  0x000001d9e317fbb0 JavaThread "HikariPool-1 connection adder" daemon [_thread_blocked, id=13920, stack(0x00000078e8a00000,0x00000078e8b00000)]

Other Threads:
  0x000001d9dbec9830 VMThread "VM Thread" [stack: 0x00000078e6f00000,0x00000078e7000000] [id=7288]
  0x000001d9c7c04510 WatcherThread [stack: 0x00000078e7a00000,0x00000078e7b00000] [id=21940]
  0x000001d9c7bef8c0 GCTaskThread "GC Thread#0" [stack: 0x00000078e6a00000,0x00000078e6b00000] [id=20336]
  0x000001d9e0d268d0 GCTaskThread "GC Thread#1" [stack: 0x00000078e7d00000,0x00000078e7e00000] [id=12308]
  0x000001d9e10360d0 GCTaskThread "GC Thread#2" [stack: 0x00000078e7e00000,0x00000078e7f00000] [id=20984]
  0x000001d9e1036390 GCTaskThread "GC Thread#3" [stack: 0x00000078e7f00000,0x00000078e8000000] [id=21516]
  0x000001d9e148b2d0 GCTaskThread "GC Thread#4" [stack: 0x00000078e8000000,0x00000078e8100000] [id=9624]
  0x000001d9e16aa280 GCTaskThread "GC Thread#5" [stack: 0x00000078e8100000,0x00000078e8200000] [id=7524]
  0x000001d9e16ab550 GCTaskThread "GC Thread#6" [stack: 0x00000078e8200000,0x00000078e8300000] [id=13908]
  0x000001d9e16ab810 GCTaskThread "GC Thread#7" [stack: 0x00000078e8300000,0x00000078e8400000] [id=4804]
  0x000001d9c7bfc230 ConcurrentGCThread "G1 Main Marker" [stack: 0x00000078e6b00000,0x00000078e6c00000] [id=20996]
  0x000001d9c7bfcb50 ConcurrentGCThread "G1 Conc#0" [stack: 0x00000078e6c00000,0x00000078e6d00000] [id=12304]
  0x000001d9e1b229e0 ConcurrentGCThread "G1 Conc#1" [stack: 0x00000078e8400000,0x00000078e8500000] [id=1660]
  0x000001d9c7c6d040 ConcurrentGCThread "G1 Refine#0" [stack: 0x00000078e6d00000,0x00000078e6e00000] [id=12720]
  0x000001d9e25da4f0 ConcurrentGCThread "G1 Refine#1" [stack: 0x00000078e8600000,0x00000078e8700000] [id=5240]
  0x000001d9e362b210 ConcurrentGCThread "G1 Refine#2" [stack: 0x00000078e8700000,0x00000078e8800000] [id=18864]
  0x000001d9c7c6d980 ConcurrentGCThread "G1 Service" [stack: 0x00000078e6e00000,0x00000078e6f00000] [id=3900]

Threads with active compile tasks:

VM state: not at safepoint (normal execution)

VM Mutex/Monitor currently owned by a thread:  ([mutex/lock_event])
[0x000001d9c59f8b90] Metaspace_lock - owner thread: 0x000001d9c59fafe0

Heap address: 0x0000000744e00000, size: 2994 MB, Compressed Oops mode: Zero based, Oop shift amount: 3

CDS archive(s) mapped at: [0x000001d980000000-0x000001d980bd0000-0x000001d980bd0000), size 12386304, SharedBaseAddress: 0x000001d980000000, ArchiveRelocationMode: 1.
Compressed class space mapped at: 0x000001d981000000-0x000001d9c1000000, reserved size: 1073741824
Narrow klass base: 0x000001d980000000, Narrow klass shift: 0, Narrow klass range: 0x100000000

GC Precious Log:
 CPUs: 8 total, 8 available
 Memory: 11968M
 Large Page Support: Disabled
 NUMA Support: Disabled
 Compressed Oops: Enabled (Zero based)
 Heap Region Size: 2M
 Heap Min Capacity: 8M
 Heap Initial Capacity: 188M
 Heap Max Capacity: 2994M
 Pre-touch: Disabled
 Parallel Workers: 8
 Concurrent Workers: 2
 Concurrent Refinement Workers: 8
 Periodic GC: Disabled

Heap:
 garbage-first heap   total 249856K, used 98108K [0x0000000744e00000, 0x0000000800000000)
  region size 2048K, 7 young (14336K), 4 survivors (8192K)
 Metaspace       used 73917K, committed 75584K, reserved 1179648K
  class space    used 9488K, committed 10048K, reserved 1048576K

Heap Regions: E=young(eden), S=young(survivor), O=old, HS=humongous(starts), HC=humongous(continues), CS=collection set, F=free, OA=open archive, CA=closed archive, TAMS=top-at-mark-start (previous, next)
|   0|0x0000000744e00000, 0x0000000745000000, 0x0000000745000000|100%| O|  |TAMS 0x0000000745000000, 0x0000000744e00000| Untracked 
|   1|0x0000000745000000, 0x0000000745200000, 0x0000000745200000|100%| O|  |TAMS 0x0000000745200000, 0x0000000745000000| Untracked 
|   2|0x0000000745200000, 0x0000000745400000, 0x0000000745400000|100%| O|  |TAMS 0x0000000745400000, 0x0000000745200000| Untracked 
|   3|0x0000000745400000, 0x0000000745600000, 0x0000000745600000|100%| O|  |TAMS 0x0000000745600000, 0x0000000745400000| Untracked 
|   4|0x0000000745600000, 0x0000000745800000, 0x0000000745800000|100%| O|  |TAMS 0x0000000745800000, 0x0000000745600000| Untracked 
|   5|0x0000000745800000, 0x0000000745a00000, 0x0000000745a00000|100%| O|  |TAMS 0x0000000745a00000, 0x0000000745800000| Untracked 
|   6|0x0000000745a00000, 0x0000000745c00000, 0x0000000745c00000|100%| O|  |TAMS 0x0000000745c00000, 0x0000000745a00000| Untracked 
|   7|0x0000000745c00000, 0x0000000745e00000, 0x0000000745e00000|100%| O|  |TAMS 0x0000000745e00000, 0x0000000745c00000| Untracked 
|   8|0x0000000745e00000, 0x0000000746000000, 0x0000000746000000|100%| O|  |TAMS 0x0000000746000000, 0x0000000745e00000| Untracked 
|   9|0x0000000746000000, 0x0000000746200000, 0x0000000746200000|100%| O|  |TAMS 0x0000000746200000, 0x0000000746000000| Untracked 
|  10|0x0000000746200000, 0x0000000746203000, 0x0000000746400000|  0%| O|  |TAMS 0x0000000746203000, 0x0000000746200000| Untracked 
|  11|0x0000000746400000, 0x0000000746600000, 0x0000000746600000|100%| O|  |TAMS 0x0000000746600000, 0x0000000746400000| Untracked 
|  12|0x0000000746600000, 0x0000000746800000, 0x0000000746800000|100%| O|  |TAMS 0x0000000746800000, 0x0000000746600000| Untracked 
|  13|0x0000000746800000, 0x0000000746a00000, 0x0000000746a00000|100%| O|  |TAMS 0x0000000746a00000, 0x0000000746800000| Untracked 
|  14|0x0000000746a00000, 0x0000000746c00000, 0x0000000746c00000|100%| O|  |TAMS 0x0000000746c00000, 0x0000000746a00000| Untracked 
|  15|0x0000000746c00000, 0x0000000746e00000, 0x0000000746e00000|100%| O|  |TAMS 0x0000000746e00000, 0x0000000746c00000| Untracked 
|  16|0x0000000746e00000, 0x0000000747000000, 0x0000000747000000|100%| O|  |TAMS 0x0000000747000000, 0x0000000746e00000| Untracked 
|  17|0x0000000747000000, 0x0000000747200000, 0x0000000747200000|100%| O|  |TAMS 0x0000000747200000, 0x0000000747000000| Untracked 
|  18|0x0000000747200000, 0x0000000747400000, 0x0000000747400000|100%| O|  |TAMS 0x0000000747400000, 0x0000000747200000| Untracked 
|  19|0x0000000747400000, 0x0000000747600000, 0x0000000747600000|100%| O|  |TAMS 0x0000000747600000, 0x0000000747400000| Untracked 
|  20|0x0000000747600000, 0x0000000747800000, 0x0000000747800000|100%| O|  |TAMS 0x0000000747800000, 0x0000000747600000| Untracked 
|  21|0x0000000747800000, 0x0000000747a00000, 0x0000000747a00000|100%| O|  |TAMS 0x0000000747a00000, 0x0000000747800000| Untracked 
|  22|0x0000000747a00000, 0x0000000747c00000, 0x0000000747c00000|100%| O|  |TAMS 0x0000000747c00000, 0x0000000747a00000| Untracked 
|  23|0x0000000747c00000, 0x0000000747e00000, 0x0000000747e00000|100%| O|  |TAMS 0x0000000747e00000, 0x0000000747c00000| Untracked 
|  24|0x0000000747e00000, 0x0000000748000000, 0x0000000748000000|100%| O|  |TAMS 0x0000000748000000, 0x0000000747e00000| Untracked 
|  25|0x0000000748000000, 0x0000000748200000, 0x0000000748200000|100%| O|  |TAMS 0x0000000748200000, 0x0000000748000000| Untracked 
|  26|0x0000000748200000, 0x0000000748400000, 0x0000000748400000|100%| O|  |TAMS 0x0000000748400000, 0x0000000748200000| Untracked 
|  27|0x0000000748400000, 0x0000000748600000, 0x0000000748600000|100%| O|  |TAMS 0x0000000748600000, 0x0000000748400000| Untracked 
|  28|0x0000000748600000, 0x0000000748800000, 0x0000000748800000|100%| O|  |TAMS 0x0000000748800000, 0x0000000748600000| Untracked 
|  29|0x0000000748800000, 0x0000000748a00000, 0x0000000748a00000|100%| O|  |TAMS 0x0000000748a00000, 0x0000000748800000| Untracked 
|  30|0x0000000748a00000, 0x0000000748c00000, 0x0000000748c00000|100%| O|  |TAMS 0x0000000748c00000, 0x0000000748a00000| Untracked 
|  31|0x0000000748c00000, 0x0000000748e00000, 0x0000000748e00000|100%| O|  |TAMS 0x0000000748e00000, 0x0000000748c00000| Untracked 
|  32|0x0000000748e00000, 0x0000000749000000, 0x0000000749000000|100%| O|  |TAMS 0x0000000748f3fa00, 0x0000000748e00000| Untracked 
|  33|0x0000000749000000, 0x0000000749200000, 0x0000000749200000|100%| O|  |TAMS 0x0000000749000000, 0x0000000749000000| Untracked 
|  34|0x0000000749200000, 0x0000000749400000, 0x0000000749400000|100%| O|  |TAMS 0x0000000749200000, 0x0000000749200000| Untracked 
|  35|0x0000000749400000, 0x0000000749600000, 0x0000000749600000|100%| O|  |TAMS 0x0000000749400000, 0x0000000749400000| Untracked 
|  36|0x0000000749600000, 0x0000000749800000, 0x0000000749800000|100%| O|  |TAMS 0x0000000749600000, 0x0000000749600000| Untracked 
|  37|0x0000000749800000, 0x0000000749a00000, 0x0000000749a00000|100%| O|  |TAMS 0x0000000749800000, 0x0000000749800000| Untracked 
|  38|0x0000000749a00000, 0x0000000749c00000, 0x0000000749c00000|100%| O|  |TAMS 0x0000000749a00000, 0x0000000749a00000| Untracked 
|  39|0x0000000749c00000, 0x0000000749e00000, 0x0000000749e00000|100%| O|  |TAMS 0x0000000749c00000, 0x0000000749c00000| Untracked 
|  40|0x0000000749e00000, 0x000000074a000000, 0x000000074a000000|100%| O|  |TAMS 0x0000000749e00000, 0x0000000749e00000| Untracked 
|  41|0x000000074a000000, 0x000000074a200000, 0x000000074a200000|100%| O|  |TAMS 0x000000074a000000, 0x000000074a000000| Untracked 
|  42|0x000000074a200000, 0x000000074a3cc200, 0x000000074a400000| 89%| O|  |TAMS 0x000000074a200000, 0x000000074a200000| Untracked 
|  43|0x000000074a400000, 0x000000074a400000, 0x000000074a600000|  0%| F|  |TAMS 0x000000074a400000, 0x000000074a400000| Untracked 
|  44|0x000000074a600000, 0x000000074a600000, 0x000000074a800000|  0%| F|  |TAMS 0x000000074a600000, 0x000000074a600000| Untracked 
|  45|0x000000074a800000, 0x000000074a800000, 0x000000074aa00000|  0%| F|  |TAMS 0x000000074a800000, 0x000000074a800000| Untracked 
|  46|0x000000074aa00000, 0x000000074aa00000, 0x000000074ac00000|  0%| F|  |TAMS 0x000000074aa00000, 0x000000074aa00000| Untracked 
|  47|0x000000074ac00000, 0x000000074ac00000, 0x000000074ae00000|  0%| F|  |TAMS 0x000000074ac00000, 0x000000074ac00000| Untracked 
|  48|0x000000074ae00000, 0x000000074ae00000, 0x000000074b000000|  0%| F|  |TAMS 0x000000074ae00000, 0x000000074ae00000| Untracked 
|  49|0x000000074b000000, 0x000000074b000000, 0x000000074b200000|  0%| F|  |TAMS 0x000000074b000000, 0x000000074b000000| Untracked 
|  50|0x000000074b200000, 0x000000074b200000, 0x000000074b400000|  0%| F|  |TAMS 0x000000074b200000, 0x000000074b200000| Untracked 
|  51|0x000000074b400000, 0x000000074b400000, 0x000000074b600000|  0%| F|  |TAMS 0x000000074b400000, 0x000000074b400000| Untracked 
|  52|0x000000074b600000, 0x000000074b600000, 0x000000074b800000|  0%| F|  |TAMS 0x000000074b600000, 0x000000074b600000| Untracked 
|  53|0x000000074b800000, 0x000000074b800000, 0x000000074ba00000|  0%| F|  |TAMS 0x000000074b800000, 0x000000074b800000| Untracked 
|  54|0x000000074ba00000, 0x000000074ba00000, 0x000000074bc00000|  0%| F|  |TAMS 0x000000074ba00000, 0x000000074ba00000| Untracked 
|  55|0x000000074bc00000, 0x000000074bc00000, 0x000000074be00000|  0%| F|  |TAMS 0x000000074bc00000, 0x000000074bc00000| Untracked 
|  56|0x000000074be00000, 0x000000074be00000, 0x000000074c000000|  0%| F|  |TAMS 0x000000074be00000, 0x000000074be00000| Untracked 
|  57|0x000000074c000000, 0x000000074c000000, 0x000000074c200000|  0%| F|  |TAMS 0x000000074c000000, 0x000000074c000000| Untracked 
|  58|0x000000074c200000, 0x000000074c200000, 0x000000074c400000|  0%| F|  |TAMS 0x000000074c200000, 0x000000074c200000| Untracked 
|  59|0x000000074c400000, 0x000000074c400000, 0x000000074c600000|  0%| F|  |TAMS 0x000000074c400000, 0x000000074c400000| Untracked 
|  60|0x000000074c600000, 0x000000074c800000, 0x000000074c800000|100%| S|CS|TAMS 0x000000074c600000, 0x000000074c600000| Complete 
|  61|0x000000074c800000, 0x000000074ca00000, 0x000000074ca00000|100%| S|CS|TAMS 0x000000074c800000, 0x000000074c800000| Complete 
|  62|0x000000074ca00000, 0x000000074ca00000, 0x000000074cc00000|  0%| F|  |TAMS 0x000000074ca00000, 0x000000074ca00000| Untracked 
|  63|0x000000074cc00000, 0x000000074cc00000, 0x000000074ce00000|  0%| F|  |TAMS 0x000000074cc00000, 0x000000074cc00000| Untracked 
|  64|0x000000074ce00000, 0x000000074d000000, 0x000000074d000000|100%| S|CS|TAMS 0x000000074ce00000, 0x000000074ce00000| Complete 
|  65|0x000000074d000000, 0x000000074d200000, 0x000000074d200000|100%| S|CS|TAMS 0x000000074d000000, 0x000000074d000000| Complete 
|  66|0x000000074d200000, 0x000000074d200000, 0x000000074d400000|  0%| F|  |TAMS 0x000000074d200000, 0x000000074d200000| Untracked 
|  67|0x000000074d400000, 0x000000074d400000, 0x000000074d600000|  0%| F|  |TAMS 0x000000074d400000, 0x000000074d400000| Untracked 
|  68|0x000000074d600000, 0x000000074d600000, 0x000000074d800000|  0%| F|  |TAMS 0x000000074d600000, 0x000000074d600000| Untracked 
|  69|0x000000074d800000, 0x000000074d800000, 0x000000074da00000|  0%| F|  |TAMS 0x000000074d800000, 0x000000074d800000| Untracked 
|  70|0x000000074da00000, 0x000000074da00000, 0x000000074dc00000|  0%| F|  |TAMS 0x000000074da00000, 0x000000074da00000| Untracked 
|  71|0x000000074dc00000, 0x000000074dc00000, 0x000000074de00000|  0%| F|  |TAMS 0x000000074dc00000, 0x000000074dc00000| Untracked 
|  72|0x000000074de00000, 0x000000074de00000, 0x000000074e000000|  0%| F|  |TAMS 0x000000074de00000, 0x000000074de00000| Untracked 
|  73|0x000000074e000000, 0x000000074e000000, 0x000000074e200000|  0%| F|  |TAMS 0x000000074e000000, 0x000000074e000000| Untracked 
|  74|0x000000074e200000, 0x000000074e200000, 0x000000074e400000|  0%| F|  |TAMS 0x000000074e200000, 0x000000074e200000| Untracked 
|  75|0x000000074e400000, 0x000000074e400000, 0x000000074e600000|  0%| F|  |TAMS 0x000000074e400000, 0x000000074e400000| Untracked 
|  76|0x000000074e600000, 0x000000074e600000, 0x000000074e800000|  0%| F|  |TAMS 0x000000074e600000, 0x000000074e600000| Untracked 
|  77|0x000000074e800000, 0x000000074e800000, 0x000000074ea00000|  0%| F|  |TAMS 0x000000074e800000, 0x000000074e800000| Untracked 
|  78|0x000000074ea00000, 0x000000074ea00000, 0x000000074ec00000|  0%| F|  |TAMS 0x000000074ea00000, 0x000000074ea00000| Untracked 
|  79|0x000000074ec00000, 0x000000074ec00000, 0x000000074ee00000|  0%| F|  |TAMS 0x000000074ec00000, 0x000000074ec00000| Untracked 
|  80|0x000000074ee00000, 0x000000074ee00000, 0x000000074f000000|  0%| F|  |TAMS 0x000000074ee00000, 0x000000074ee00000| Untracked 
|  81|0x000000074f000000, 0x000000074f000000, 0x000000074f200000|  0%| F|  |TAMS 0x000000074f000000, 0x000000074f000000| Untracked 
|  82|0x000000074f200000, 0x000000074f200000, 0x000000074f400000|  0%| F|  |TAMS 0x000000074f200000, 0x000000074f200000| Untracked 
|  83|0x000000074f400000, 0x000000074f400000, 0x000000074f600000|  0%| F|  |TAMS 0x000000074f400000, 0x000000074f400000| Untracked 
|  84|0x000000074f600000, 0x000000074f600000, 0x000000074f800000|  0%| F|  |TAMS 0x000000074f600000, 0x000000074f600000| Untracked 
|  85|0x000000074f800000, 0x000000074f800000, 0x000000074fa00000|  0%| F|  |TAMS 0x000000074f800000, 0x000000074f800000| Untracked 
|  86|0x000000074fa00000, 0x000000074fa00000, 0x000000074fc00000|  0%| F|  |TAMS 0x000000074fa00000, 0x000000074fa00000| Untracked 
|  87|0x000000074fc00000, 0x000000074fc00000, 0x000000074fe00000|  0%| F|  |TAMS 0x000000074fc00000, 0x000000074fc00000| Untracked 
|  88|0x000000074fe00000, 0x000000074fe00000, 0x0000000750000000|  0%| F|  |TAMS 0x000000074fe00000, 0x000000074fe00000| Untracked 
|  89|0x0000000750000000, 0x0000000750000000, 0x0000000750200000|  0%| F|  |TAMS 0x0000000750000000, 0x0000000750000000| Untracked 
|  90|0x0000000750200000, 0x0000000750200000, 0x0000000750400000|  0%| F|  |TAMS 0x0000000750200000, 0x0000000750200000| Untracked 
|  91|0x0000000750400000, 0x0000000750400000, 0x0000000750600000|  0%| F|  |TAMS 0x0000000750400000, 0x0000000750400000| Untracked 
|  92|0x0000000750600000, 0x0000000750600000, 0x0000000750800000|  0%| F|  |TAMS 0x0000000750600000, 0x0000000750600000| Untracked 
|  93|0x0000000750800000, 0x0000000750800000, 0x0000000750a00000|  0%| F|  |TAMS 0x0000000750800000, 0x0000000750800000| Untracked 
|  94|0x0000000750a00000, 0x0000000750a00000, 0x0000000750c00000|  0%| F|  |TAMS 0x0000000750a00000, 0x0000000750a00000| Untracked 
|  95|0x0000000750c00000, 0x0000000750c00000, 0x0000000750e00000|  0%| F|  |TAMS 0x0000000750c00000, 0x0000000750c00000| Untracked 
|  96|0x0000000750e00000, 0x0000000750e00000, 0x0000000751000000|  0%| F|  |TAMS 0x0000000750e00000, 0x0000000750e00000| Untracked 
|  97|0x0000000751000000, 0x0000000751000000, 0x0000000751200000|  0%| F|  |TAMS 0x0000000751000000, 0x0000000751000000| Untracked 
|  98|0x0000000751200000, 0x0000000751200000, 0x0000000751400000|  0%| F|  |TAMS 0x0000000751200000, 0x0000000751200000| Untracked 
|  99|0x0000000751400000, 0x0000000751400000, 0x0000000751600000|  0%| F|  |TAMS 0x0000000751400000, 0x0000000751400000| Untracked 
| 100|0x0000000751600000, 0x0000000751600000, 0x0000000751800000|  0%| F|  |TAMS 0x0000000751600000, 0x0000000751600000| Untracked 
| 101|0x0000000751800000, 0x0000000751800000, 0x0000000751a00000|  0%| F|  |TAMS 0x0000000751800000, 0x0000000751800000| Untracked 
| 102|0x0000000751a00000, 0x0000000751a00000, 0x0000000751c00000|  0%| F|  |TAMS 0x0000000751a00000, 0x0000000751a00000| Untracked 
| 103|0x0000000751c00000, 0x0000000751c00000, 0x0000000751e00000|  0%| F|  |TAMS 0x0000000751c00000, 0x0000000751c00000| Untracked 
| 104|0x0000000751e00000, 0x0000000751e00000, 0x0000000752000000|  0%| F|  |TAMS 0x0000000751e00000, 0x0000000751e00000| Untracked 
| 105|0x0000000752000000, 0x0000000752000000, 0x0000000752200000|  0%| F|  |TAMS 0x0000000752000000, 0x0000000752000000| Untracked 
| 106|0x0000000752200000, 0x0000000752200000, 0x0000000752400000|  0%| F|  |TAMS 0x0000000752200000, 0x0000000752200000| Untracked 
| 107|0x0000000752400000, 0x0000000752400000, 0x0000000752600000|  0%| F|  |TAMS 0x0000000752400000, 0x0000000752400000| Untracked 
| 108|0x0000000752600000, 0x0000000752600000, 0x0000000752800000|  0%| F|  |TAMS 0x0000000752600000, 0x0000000752600000| Untracked 
| 109|0x0000000752800000, 0x0000000752800000, 0x0000000752a00000|  0%| F|  |TAMS 0x0000000752800000, 0x0000000752800000| Untracked 
| 110|0x0000000752a00000, 0x0000000752a00000, 0x0000000752c00000|  0%| F|  |TAMS 0x0000000752a00000, 0x0000000752a00000| Untracked 
| 111|0x0000000752c00000, 0x0000000752c00000, 0x0000000752e00000|  0%| F|  |TAMS 0x0000000752c00000, 0x0000000752c00000| Untracked 
| 112|0x0000000752e00000, 0x0000000752e00000, 0x0000000753000000|  0%| F|  |TAMS 0x0000000752e00000, 0x0000000752e00000| Untracked 
| 113|0x0000000753000000, 0x0000000753000000, 0x0000000753200000|  0%| F|  |TAMS 0x0000000753000000, 0x0000000753000000| Untracked 
| 114|0x0000000753200000, 0x0000000753200000, 0x0000000753400000|  0%| F|  |TAMS 0x0000000753200000, 0x0000000753200000| Untracked 
| 115|0x0000000753400000, 0x0000000753400000, 0x0000000753600000|  0%| F|  |TAMS 0x0000000753400000, 0x0000000753400000| Untracked 
| 116|0x0000000753600000, 0x0000000753600000, 0x0000000753800000|  0%| F|  |TAMS 0x0000000753600000, 0x0000000753600000| Untracked 
| 117|0x0000000753800000, 0x0000000753800000, 0x0000000753a00000|  0%| F|  |TAMS 0x0000000753800000, 0x0000000753800000| Untracked 
| 118|0x0000000753a00000, 0x0000000753a00000, 0x0000000753c00000|  0%| F|  |TAMS 0x0000000753a00000, 0x0000000753a00000| Untracked 
| 119|0x0000000753c00000, 0x0000000753c71260, 0x0000000753e00000| 22%| E|  |TAMS 0x0000000753c00000, 0x0000000753c00000| Complete 
| 120|0x0000000753e00000, 0x0000000754000000, 0x0000000754000000|100%| E|CS|TAMS 0x0000000753e00000, 0x0000000753e00000| Complete 
| 121|0x0000000754000000, 0x0000000754200000, 0x0000000754200000|100%| E|CS|TAMS 0x0000000754000000, 0x0000000754000000| Complete 

Card table byte_map: [0x000001d9d2b40000,0x000001d9d3120000] _byte_map_base: 0x000001d9cf119000

Marking Bits (Prev, Next): (CMBitMap*) 0x000001d9c7befe30, (CMBitMap*) 0x000001d9c7befdf0
 Prev Bits: [0x000001d9d65d0000, 0x000001d9d9498000)
 Next Bits: [0x000001d9d3700000, 0x000001d9d65c8000)

Polling page: 0x000001d9c5b00000

Metaspace:

Usage:
  Non-class:     62.92 MB used.
      Class:      9.27 MB used.
       Both:     72.19 MB used.

Virtual space:
  Non-class space:      128.00 MB reserved,      64.00 MB ( 50%) committed,  2 nodes.
      Class space:        1.00 GB reserved,       9.81 MB ( <1%) committed,  1 nodes.
             Both:        1.12 GB reserved,      73.81 MB (  6%) committed. 

Chunk freelists:
   Non-Class:  15.98 MB
       Class:  6.18 MB
        Both:  22.17 MB

MaxMetaspaceSize: unlimited
CompressedClassSpaceSize: 1.00 GB
Initial GC threshold: 21.00 MB
Current GC threshold: 76.19 MB
CDS: on
MetaspaceReclaimPolicy: balanced
 - commit_granule_bytes: 65536.
 - commit_granule_words: 8192.
 - virtual_space_node_default_size: 8388608.
 - enlarge_chunks_in_place: 1.
 - new_chunks_are_fully_committed: 0.
 - uncommit_free_chunks: 1.
 - use_allocation_guard: 0.
 - handle_deallocations: 1.


Internal statistics:

num_allocs_failed_limit: 9.
num_arena_births: 1596.
num_arena_deaths: 2.
num_vsnodes_births: 3.
num_vsnodes_deaths: 0.
num_space_committed: 1181.
num_space_uncommitted: 0.
num_chunks_returned_to_freelist: 11.
num_chunks_taken_from_freelist: 4856.
num_chunk_merges: 9.
num_chunk_splits: 3497.
num_chunks_enlarged: 2583.
num_inconsistent_stats: 0.

CodeCache: size=49152Kb used=14565Kb max_used=14565Kb free=34586Kb
 bounds [0x000001d9cf450000, 0x000001d9d0290000, 0x000001d9d2450000]
 total_blobs=7563 nmethods=6977 adapters=510
 compilation: enabled
              stopped_count=0, restarted_count=0
 full_count=0

Compilation events (20 events):
Event: 12.335 Thread 0x000001d9e20746d0 6966       1       java.net.URLStreamHandler::hashCode (128 bytes)
Event: 12.336 Thread 0x000001d9e20746d0 nmethod 6966 0x000001d9d0284590 code [0x000001d9d0284780, 0x000001d9d0284a78]
Event: 12.341 Thread 0x000001d9e22c1840 6967       1       org.aspectj.apache.bcel.classfile.ConstantValue::<init> (13 bytes)
Event: 12.341 Thread 0x000001d9dbeeab40 6968       1       org.aspectj.apache.bcel.classfile.ConstantValue::<init> (15 bytes)
Event: 12.341 Thread 0x000001d9dbeeab40 nmethod 6968 0x000001d9d0284d10 code [0x000001d9d0284ea0, 0x000001d9d0284fd8]
Event: 12.341 Thread 0x000001d9e22c1840 nmethod 6967 0x000001d9d0285090 code [0x000001d9d0285220, 0x000001d9d02853a8]
Event: 12.349 Thread 0x000001d9e20746d0 6969       1       org.springframework.aop.scope.ScopedProxyFactoryBean::getObjectType (23 bytes)
Event: 12.349 Thread 0x000001d9e20746d0 nmethod 6969 0x000001d9d0285490 code [0x000001d9d0285640, 0x000001d9d0285788]
Event: 12.363 Thread 0x000001d9dbeeab40 6970       1       org.springframework.util.ClassUtils::getAllInterfacesForClassAsSet (6 bytes)
Event: 12.363 Thread 0x000001d9dbeeab40 nmethod 6970 0x000001d9d0285890 code [0x000001d9d0285a20, 0x000001d9d0285ae8]
Event: 12.368 Thread 0x000001d9e20746d0 6971       1       java.util.regex.Pattern::expr (142 bytes)
Event: 12.369 Thread 0x000001d9e20746d0 nmethod 6971 0x000001d9d0285b90 code [0x000001d9d0285da0, 0x000001d9d0286468]
Event: 12.383 Thread 0x000001d9e20746d0 6973       1       org.springframework.core.annotation.MissingMergedAnnotation::getDistance (2 bytes)
Event: 12.383 Thread 0x000001d9e20746d0 nmethod 6973 0x000001d9d0286a90 code [0x000001d9d0286c20, 0x000001d9d0286cf8]
Event: 12.384 Thread 0x000001d9e20746d0 6974       1       java.lang.reflect.Field::checkAccess (32 bytes)
Event: 12.384 Thread 0x000001d9e20746d0 nmethod 6974 0x000001d9d0286d90 code [0x000001d9d0286f20, 0x000001d9d0287068]
Event: 12.385 Thread 0x000001d9e20746d0 6975   !   1       java.util.ServiceLoader$LazyClassPathLookupIterator::hasNextService (144 bytes)
Event: 12.385 Thread 0x000001d9dbeeab40 6976   !   1       java.util.ServiceLoader$ModuleServicesLookupIterator::hasNext (102 bytes)
Event: 12.385 Thread 0x000001d9dbeeab40 nmethod 6976 0x000001d9d0287110 code [0x000001d9d0287320, 0x000001d9d02878f8]
Event: 12.386 Thread 0x000001d9e20746d0 nmethod 6975 0x000001d9d0287b90 code [0x000001d9d0287e40, 0x000001d9d0288858]

GC Heap History (20 events):
Event: 6.320 GC heap before
{Heap before GC invocations=17 (full 0):
 garbage-first heap   total 206848K, used 113697K [0x0000000744e00000, 0x0000000800000000)
  region size 2048K, 28 young (57344K), 5 survivors (10240K)
 Metaspace       used 35438K, committed 36096K, reserved 1114112K
  class space    used 5035K, committed 5376K, reserved 1048576K
}
Event: 6.327 GC heap after
{Heap after GC invocations=18 (full 0):
 garbage-first heap   total 206848K, used 69812K [0x0000000744e00000, 0x0000000800000000)
  region size 2048K, 3 young (6144K), 3 survivors (6144K)
 Metaspace       used 35438K, committed 36096K, reserved 1114112K
  class space    used 5035K, committed 5376K, reserved 1048576K
}
Event: 6.965 GC heap before
{Heap before GC invocations=19 (full 0):
 garbage-first heap   total 206848K, used 164020K [0x0000000744e00000, 0x0000000800000000)
  region size 2048K, 49 young (100352K), 3 survivors (6144K)
 Metaspace       used 45197K, committed 46784K, reserved 1114112K
  class space    used 5760K, committed 6272K, reserved 1048576K
}
Event: 6.971 GC heap after
{Heap after GC invocations=20 (full 0):
 garbage-first heap   total 206848K, used 70922K [0x0000000744e00000, 0x0000000800000000)
  region size 2048K, 3 young (6144K), 3 survivors (6144K)
 Metaspace       used 45197K, committed 46784K, reserved 1114112K
  class space    used 5760K, committed 6272K, reserved 1048576K
}
Event: 7.631 GC heap before
{Heap before GC invocations=21 (full 0):
 garbage-first heap   total 206848K, used 167178K [0x0000000744e00000, 0x0000000800000000)
  region size 2048K, 50 young (102400K), 3 survivors (6144K)
 Metaspace       used 50039K, committed 51584K, reserved 1114112K
  class space    used 6229K, committed 6720K, reserved 1048576K
}
Event: 7.637 GC heap after
{Heap after GC invocations=22 (full 0):
 garbage-first heap   total 206848K, used 74956K [0x0000000744e00000, 0x0000000800000000)
  region size 2048K, 5 young (10240K), 5 survivors (10240K)
 Metaspace       used 50039K, committed 51584K, reserved 1114112K
  class space    used 6229K, committed 6720K, reserved 1048576K
}
Event: 7.939 GC heap before
{Heap before GC invocations=22 (full 0):
 garbage-first heap   total 206848K, used 167116K [0x0000000744e00000, 0x0000000800000000)
  region size 2048K, 50 young (102400K), 5 survivors (10240K)
 Metaspace       used 50434K, committed 52032K, reserved 1114112K
  class space    used 6281K, committed 6784K, reserved 1048576K
}
Event: 7.946 GC heap after
{Heap after GC invocations=23 (full 0):
 garbage-first heap   total 206848K, used 75793K [0x0000000744e00000, 0x0000000800000000)
  region size 2048K, 4 young (8192K), 4 survivors (8192K)
 Metaspace       used 50434K, committed 52032K, reserved 1114112K
  class space    used 6281K, committed 6784K, reserved 1048576K
}
Event: 8.241 GC heap before
{Heap before GC invocations=23 (full 0):
 garbage-first heap   total 206848K, used 167953K [0x0000000744e00000, 0x0000000800000000)
  region size 2048K, 49 young (100352K), 4 survivors (8192K)
 Metaspace       used 50558K, committed 52096K, reserved 1114112K
  class space    used 6311K, committed 6784K, reserved 1048576K
}
Event: 8.248 GC heap after
{Heap after GC invocations=24 (full 0):
 garbage-first heap   total 206848K, used 79643K [0x0000000744e00000, 0x0000000800000000)
  region size 2048K, 6 young (12288K), 6 survivors (12288K)
 Metaspace       used 50558K, committed 52096K, reserved 1114112K
  class space    used 6311K, committed 6784K, reserved 1048576K
}
Event: 8.797 GC heap before
{Heap before GC invocations=24 (full 0):
 garbage-first heap   total 206848K, used 167707K [0x0000000744e00000, 0x0000000800000000)
  region size 2048K, 49 young (100352K), 6 survivors (12288K)
 Metaspace       used 52895K, committed 54464K, reserved 1114112K
  class space    used 6656K, committed 7168K, reserved 1048576K
}
Event: 8.804 GC heap after
{Heap after GC invocations=25 (full 0):
 garbage-first heap   total 249856K, used 77400K [0x0000000744e00000, 0x0000000800000000)
  region size 2048K, 2 young (4096K), 2 survivors (4096K)
 Metaspace       used 52895K, committed 54464K, reserved 1114112K
  class space    used 6656K, committed 7168K, reserved 1048576K
}
Event: 9.589 GC heap before
{Heap before GC invocations=25 (full 0):
 garbage-first heap   total 249856K, used 204376K [0x0000000744e00000, 0x0000000800000000)
  region size 2048K, 64 young (131072K), 2 survivors (4096K)
 Metaspace       used 57399K, committed 59072K, reserved 1114112K
  class space    used 7262K, committed 7808K, reserved 1048576K
}
Event: 9.596 GC heap after
{Heap after GC invocations=26 (full 0):
 garbage-first heap   total 249856K, used 81495K [0x0000000744e00000, 0x0000000800000000)
  region size 2048K, 4 young (8192K), 4 survivors (8192K)
 Metaspace       used 57399K, committed 59072K, reserved 1114112K
  class space    used 7262K, committed 7808K, reserved 1048576K
}
Event: 10.391 GC heap before
{Heap before GC invocations=26 (full 0):
 garbage-first heap   total 249856K, used 204375K [0x0000000744e00000, 0x0000000800000000)
  region size 2048K, 64 young (131072K), 4 survivors (8192K)
 Metaspace       used 63007K, committed 64576K, reserved 1114112K
  class space    used 7967K, committed 8448K, reserved 1048576K
}
Event: 10.399 GC heap after
{Heap after GC invocations=27 (full 0):
 garbage-first heap   total 249856K, used 86256K [0x0000000744e00000, 0x0000000800000000)
  region size 2048K, 6 young (12288K), 6 survivors (12288K)
 Metaspace       used 63007K, committed 64576K, reserved 1114112K
  class space    used 7967K, committed 8448K, reserved 1048576K
}
Event: 11.376 GC heap before
{Heap before GC invocations=27 (full 0):
 garbage-first heap   total 249856K, used 205040K [0x0000000744e00000, 0x0000000800000000)
  region size 2048K, 64 young (131072K), 6 survivors (12288K)
 Metaspace       used 67195K, committed 68864K, reserved 1114112K
  class space    used 8621K, committed 9152K, reserved 1048576K
}
Event: 11.387 GC heap after
{Heap after GC invocations=28 (full 0):
 garbage-first heap   total 249856K, used 89874K [0x0000000744e00000, 0x0000000800000000)
  region size 2048K, 5 young (10240K), 5 survivors (10240K)
 Metaspace       used 67195K, committed 68864K, reserved 1114112K
  class space    used 8621K, committed 9152K, reserved 1048576K
}
Event: 12.373 GC heap before
{Heap before GC invocations=28 (full 0):
 garbage-first heap   total 249856K, used 204562K [0x0000000744e00000, 0x0000000800000000)
  region size 2048K, 61 young (124928K), 5 survivors (10240K)
 Metaspace       used 73885K, committed 75584K, reserved 1114112K
  class space    used 9486K, committed 10048K, reserved 1048576K
}
Event: 12.382 GC heap after
{Heap after GC invocations=29 (full 0):
 garbage-first heap   total 249856K, used 94012K [0x0000000744e00000, 0x0000000800000000)
  region size 2048K, 4 young (8192K), 4 survivors (8192K)
 Metaspace       used 73885K, committed 75584K, reserved 1114112K
  class space    used 9486K, committed 10048K, reserved 1048576K
}

Deoptimization events (14 events):
Event: 4.845 Thread 0x000001d9c59fafe0 DEOPT PACKING pc=0x000001d9cfd2fc34 sp=0x00000078e69fdd40
Event: 4.845 Thread 0x000001d9c59fafe0 DEOPT UNPACKING pc=0x000001d9cf4a66e3 sp=0x00000078e69fd278 mode 0
Event: 9.900 Thread 0x000001d9c59fafe0 DEOPT PACKING pc=0x000001d9cfbf1654 sp=0x00000078e69fcc20
Event: 9.900 Thread 0x000001d9c59fafe0 DEOPT UNPACKING pc=0x000001d9cf4a66e3 sp=0x00000078e69fc1a8 mode 0
Event: 9.900 Thread 0x000001d9c59fafe0 DEOPT PACKING pc=0x000001d9cfb894ec sp=0x00000078e69fce00
Event: 9.900 Thread 0x000001d9c59fafe0 DEOPT UNPACKING pc=0x000001d9cf4a66e3 sp=0x00000078e69fc2b8 mode 0
Event: 10.417 Thread 0x000001d9c59fafe0 DEOPT PACKING pc=0x000001d9d00c1b8a sp=0x00000078e69f9270
Event: 10.417 Thread 0x000001d9c59fafe0 DEOPT UNPACKING pc=0x000001d9cf4a66e3 sp=0x00000078e69f8808 mode 0
Event: 10.451 Thread 0x000001d9c59fafe0 DEOPT PACKING pc=0x000001d9d0047c64 sp=0x00000078e69f8d10
Event: 10.451 Thread 0x000001d9c59fafe0 DEOPT UNPACKING pc=0x000001d9cf4a66e3 sp=0x00000078e69f8198 mode 0
Event: 12.263 Thread 0x000001d9c59fafe0 DEOPT PACKING pc=0x000001d9cfa00f89 sp=0x00000078e69f23d0
Event: 12.263 Thread 0x000001d9c59fafe0 DEOPT UNPACKING pc=0x000001d9cf4a66e3 sp=0x00000078e69f1860 mode 3
Event: 12.263 Thread 0x000001d9e317f190 DEOPT PACKING pc=0x000001d9cf9e7d9f sp=0x00000078e89fefe0
Event: 12.263 Thread 0x000001d9e317f190 DEOPT UNPACKING pc=0x000001d9cf4a66e3 sp=0x00000078e89fe438 mode 3

Classes unloaded (1 events):
Event: 6.356 Thread 0x000001d9dbec9830 Unloading class 0x000001d9811b0000 'SC'

Classes redefined (0 events):
No events

Internal exceptions (20 events):
Event: 10.641 Thread 0x000001d9c59fafe0 Exception <a 'java/lang/IncompatibleClassChangeError'{0x0000000752a3b8d0}: Found class java.lang.Object, but interface was expected> (0x0000000752a3b8d0) 
thrown [s\open\src\hotspot\share\interpreter\linkResolver.cpp, line 826]
Event: 10.734 Thread 0x000001d9c59fafe0 Exception <a 'java/lang/NoSuchMethodError'{0x00000007527ba018}: 'long java.lang.invoke.DirectMethodHandle$Holder.invokeVirtual(java.lang.Object, java.lang.Object)'> (0x00000007527ba018) 
thrown [s\open\src\hotspot\share\interpreter\linkResolver.cpp, line 759]
Event: 11.477 Thread 0x000001d9c59fafe0 Exception <a 'java/lang/NoSuchMethodError'{0x0000000753ad5ca0}: 'void java.lang.invoke.DirectMethodHandle$Holder.invokeStatic(java.lang.Object, java.lang.Object, int)'> (0x0000000753ad5ca0) 
thrown [s\open\src\hotspot\share\interpreter\linkResolver.cpp, line 759]
Event: 11.514 Thread 0x000001d9c59fafe0 Exception <a 'java/lang/IncompatibleClassChangeError'{0x00000007535a2180}: Found class java.lang.Object, but interface was expected> (0x00000007535a2180) 
thrown [s\open\src\hotspot\share\interpreter\linkResolver.cpp, line 826]
Event: 11.522 Thread 0x000001d9c59fafe0 Exception <a 'java/lang/NoSuchMethodError'{0x00000007532ff1b8}: 'void java.lang.invoke.DirectMethodHandle$Holder.invokeSpecial(java.lang.Object, java.lang.Object, java.lang.Object, java.lang.Object, java.lang.Object, java.lang.Object, java.lang.Object)'> (0x00000007532ff1b8) 
thrown [s\open\src\hotspot\share\interpreter\linkResolver.cpp, line 759]
Event: 11.558 Thread 0x000001d9c59fafe0 Exception <a 'java/lang/NoSuchMethodError'{0x0000000752a71310}: 'void java.lang.invoke.DirectMethodHandle$Holder.invokeInterface(java.lang.Object, java.lang.Object, int)'> (0x0000000752a71310) 
thrown [s\open\src\hotspot\share\interpreter\linkResolver.cpp, line 759]
Event: 11.561 Thread 0x000001d9c59fafe0 Exception <a 'java/lang/IncompatibleClassChangeError'{0x0000000752ac10f0}: Found class java.lang.Object, but interface was expected> (0x0000000752ac10f0) 
thrown [s\open\src\hotspot\share\interpreter\linkResolver.cpp, line 826]
Event: 11.562 Thread 0x000001d9c59fafe0 Exception <a 'java/lang/NoSuchMethodError'{0x0000000752ad1cb0}: 'int java.lang.invoke.DirectMethodHandle$Holder.invokeSpecialIFC(java.lang.Object, java.lang.Object, java.lang.Object)'> (0x0000000752ad1cb0) 
thrown [s\open\src\hotspot\share\interpreter\linkResolver.cpp, line 759]
Event: 11.562 Thread 0x000001d9c59fafe0 Exception <a 'java/lang/NoSuchMethodError'{0x0000000752adf4c8}: 'void java.lang.invoke.DirectMethodHandle$Holder.invokeStatic(java.lang.Object, int, java.lang.Object)'> (0x0000000752adf4c8) 
thrown [s\open\src\hotspot\share\interpreter\linkResolver.cpp, line 759]
Event: 11.564 Thread 0x000001d9c59fafe0 Exception <a 'java/lang/NoSuchMethodError'{0x0000000752b16ab8}: 'void java.lang.invoke.DirectMethodHandle$Holder.invokeVirtual(java.lang.Object, java.lang.Object, int)'> (0x0000000752b16ab8) 
thrown [s\open\src\hotspot\share\interpreter\linkResolver.cpp, line 759]
Event: 11.565 Thread 0x000001d9c59fafe0 Exception <a 'java/lang/NoSuchMethodError'{0x0000000752b1ccc8}: 'void java.lang.invoke.DirectMethodHandle$Holder.invokeStatic(java.lang.Object, java.lang.Object, java.lang.Object, int, java.lang.Object)'> (0x0000000752b1ccc8) 
thrown [s\open\src\hotspot\share\interpreter\linkResolver.cpp, line 759]
Event: 11.565 Thread 0x000001d9c59fafe0 Exception <a 'java/lang/NoSuchMethodError'{0x0000000752b240d0}: 'java.lang.Object java.lang.invoke.DirectMethodHandle$Holder.newInvokeSpecial(java.lang.Object, java.lang.Object, java.lang.Object, int)'> (0x0000000752b240d0) 
thrown [s\open\src\hotspot\share\interpreter\linkResolver.cpp, line 759]
Event: 11.713 Thread 0x000001d9c59fafe0 Exception <a 'java/lang/NoSuchMethodError'{0x0000000750d610c8}: 'java.lang.Object java.lang.invoke.DirectMethodHandle$Holder.invokeStaticInit(java.lang.Object, int, int, int, int)'> (0x0000000750d610c8) 
thrown [s\open\src\hotspot\share\interpreter\linkResolver.cpp, line 759]
Event: 11.798 Thread 0x000001d9c59fafe0 Exception <a 'java/lang/NoSuchMethodError'{0x0000000750db10e8}: 'java.lang.Object java.lang.invoke.DirectMethodHandle$Holder.invokeStaticInit(java.lang.Object, java.lang.Object, int, int, int, int)'> (0x0000000750db10e8) 
thrown [s\open\src\hotspot\share\interpreter\linkResolver.cpp, line 759]
Event: 11.939 Thread 0x000001d9c59fafe0 Exception <a 'java/lang/NoSuchMethodError'{0x000000075023d200}: 'java.lang.Object java.lang.invoke.DirectMethodHandle$Holder.invokeSpecial(java.lang.Object, java.lang.Object, long, java.lang.Object, java.lang.Object, java.lang.Object, java.lang.Object, java.lang.Object, java.lang.Object)'> (0x000000075023d200) 
thrown [s\open\src\hotspot\share\interpreter\linkResolver.cpp, line 759]
Event: 11.939 Thread 0x000001d9c59fafe0 Exception <a 'java/lang/NoSuchMethodError'{0x0000000750241d28}: 'java.lang.Object java.lang.invoke.DelegatingMethodHandle$Holder.reinvoke_L(java.lang.Object, long, java.lang.Object, java.lang.Object, java.lang.Object, java.lang.Object, java.lang.Object, java.lang.Object)'> (0x0000000750241d28) 
thrown [s\open\src\hotspot\share\interpreter\linkResolver.cpp, line 759]
Event: 11.974 Thread 0x000001d9c59fafe0 Exception <a 'java/lang/NoSuchMethodError'{0x0000000750063b68}: 'int java.lang.invoke.DirectMethodHandle$Holder.invokeInterface(java.lang.Object, java.lang.Object, java.lang.Object, java.lang.Object)'> (0x0000000750063b68) 
thrown [s\open\src\hotspot\share\interpreter\linkResolver.cpp, line 759]
Event: 12.005 Thread 0x000001d9c59fafe0 Exception <a 'java/lang/NoSuchMethodError'{0x000000074ffac058}: 'java.lang.Object java.lang.invoke.DirectMethodHandle$Holder.newInvokeSpecial(java.lang.Object, java.lang.Object, java.lang.Object, int, java.lang.Object, java.lang.Object)'> (0x000000074ffac058) 
thrown [s\open\src\hotspot\share\interpreter\linkResolver.cpp, line 759]
Event: 12.208 Thread 0x000001d9c59fafe0 Exception <a 'java/lang/NoSuchMethodError'{0x000000074e7a7af8}: 'java.lang.Object java.lang.invoke.DirectMethodHandle$Holder.newInvokeSpecial(java.lang.Object, java.lang.Object, java.lang.Object, java.lang.Object, int)'> (0x000000074e7a7af8) 
thrown [s\open\src\hotspot\share\interpreter\linkResolver.cpp, line 759]
Event: 12.382 Thread 0x000001d9e317f190 Exception <a 'java/lang/NoSuchMethodError'{0x00000007540004b0}: 'int java.lang.invoke.DirectMethodHandle$Holder.invokeStatic(java.lang.Object, int, java.lang.Object)'> (0x00000007540004b0) 
thrown [s\open\src\hotspot\share\interpreter\linkResolver.cpp, line 759]

VM Operations (20 events):
Event: 11.707 Executing VM operation: HandshakeAllThreads
Event: 11.707 Executing VM operation: HandshakeAllThreads done
Event: 11.708 Executing VM operation: HandshakeAllThreads
Event: 11.708 Executing VM operation: HandshakeAllThreads done
Event: 11.721 Executing VM operation: HandshakeAllThreads
Event: 11.721 Executing VM operation: HandshakeAllThreads done
Event: 11.722 Executing VM operation: HandshakeAllThreads
Event: 11.722 Executing VM operation: HandshakeAllThreads done
Event: 11.903 Executing VM operation: HandshakeAllThreads
Event: 11.903 Executing VM operation: HandshakeAllThreads done
Event: 11.947 Executing VM operation: HandshakeAllThreads
Event: 11.947 Executing VM operation: HandshakeAllThreads done
Event: 12.152 Executing VM operation: HandshakeAllThreads
Event: 12.152 Executing VM operation: HandshakeAllThreads done
Event: 12.153 Executing VM operation: ICBufferFull
Event: 12.153 Executing VM operation: ICBufferFull done
Event: 12.260 Executing VM operation: HandshakeAllThreads
Event: 12.260 Executing VM operation: HandshakeAllThreads done
Event: 12.373 Executing VM operation: G1CollectForAllocation
Event: 12.382 Executing VM operation: G1CollectForAllocation done

Events (20 events):
Event: 12.260 loading class java/util/concurrent/ThreadPoolExecutor$Worker
Event: 12.260 loading class java/util/concurrent/ThreadPoolExecutor$Worker done
Event: 12.260 Thread 0x000001d9e317f190 Thread added: 0x000001d9e317f190
Event: 12.260 loading class java/util/concurrent/TimeUnit$1
Event: 12.260 loading class java/util/concurrent/TimeUnit$1 done
Event: 12.261 loading class java/util/concurrent/locks/AbstractQueuedSynchronizer$ConditionNode
Event: 12.261 loading class java/util/concurrent/locks/AbstractQueuedSynchronizer$Node
Event: 12.261 loading class java/util/concurrent/locks/AbstractQueuedSynchronizer$Node done
Event: 12.261 loading class java/util/concurrent/locks/AbstractQueuedSynchronizer$ConditionNode done
Event: 12.261 loading class java/util/concurrent/ThreadPoolExecutor$CallerRunsPolicy
Event: 12.261 loading class java/util/concurrent/ThreadPoolExecutor$CallerRunsPolicy done
Event: 12.262 loading class java/util/concurrent/atomic/AtomicReferenceFieldUpdater
Event: 12.262 loading class java/util/concurrent/atomic/AtomicReferenceFieldUpdater done
Event: 12.262 loading class java/util/concurrent/atomic/AtomicReferenceFieldUpdater$AtomicReferenceFieldUpdaterImpl
Event: 12.262 loading class java/util/concurrent/atomic/AtomicReferenceFieldUpdater$AtomicReferenceFieldUpdaterImpl done
Event: 12.262 loading class java/util/concurrent/atomic/AtomicReferenceFieldUpdater$AtomicReferenceFieldUpdaterImpl$1
Event: 12.262 loading class java/util/concurrent/atomic/AtomicReferenceFieldUpdater$AtomicReferenceFieldUpdaterImpl$1 done
Event: 12.263 loading class java/util/concurrent/locks/AbstractQueuedSynchronizer$ExclusiveNode
Event: 12.263 loading class java/util/concurrent/locks/AbstractQueuedSynchronizer$ExclusiveNode done
Event: 12.383 Thread 0x000001d9e317fbb0 Thread added: 0x000001d9e317fbb0


Dynamic libraries:
0x00007ff7b04f0000 - 0x00007ff7b0500000 	C:\Program Files\Java\jdk-17\bin\java.exe
0x00007ffe02f10000 - 0x00007ffe03108000 	C:\Windows\SYSTEM32\ntdll.dll
0x00007ffe01730000 - 0x00007ffe017ed000 	C:\Windows\System32\KERNEL32.DLL
0x00007ffe00600000 - 0x00007ffe008f6000 	C:\Windows\System32\KERNELBASE.dll
0x00007ffe00b80000 - 0x00007ffe00c80000 	C:\Windows\System32\ucrtbase.dll
0x00007ffde1c10000 - 0x00007ffde1c29000 	C:\Program Files\Java\jdk-17\bin\jli.dll
0x00007ffdd3990000 - 0x00007ffdd39ab000 	C:\Program Files\Java\jdk-17\bin\VCRUNTIME140.dll
0x00007ffe02800000 - 0x00007ffe028b0000 	C:\Windows\System32\ADVAPI32.dll
0x00007ffe02d20000 - 0x00007ffe02dbe000 	C:\Windows\System32\msvcrt.dll
0x00007ffe01ee0000 - 0x00007ffe01f80000 	C:\Windows\System32\sechost.dll
0x00007ffe013a0000 - 0x00007ffe014c3000 	C:\Windows\System32\RPCRT4.dll
0x00007ffe00c80000 - 0x00007ffe00ca7000 	C:\Windows\System32\bcrypt.dll
0x00007ffe017f0000 - 0x00007ffe0198f000 	C:\Windows\System32\USER32.dll
0x00007ffe005d0000 - 0x00007ffe005f2000 	C:\Windows\System32\win32u.dll
0x00007ffdffa80000 - 0x00007ffdffd1a000 	C:\Windows\WinSxS\amd64_microsoft.windows.common-controls_6595b64144ccf1df_6.0.19041.4355_none_60b8b9eb71f62e16\COMCTL32.dll
0x00007ffe010e0000 - 0x00007ffe0110b000 	C:\Windows\System32\GDI32.dll
0x00007ffe00a60000 - 0x00007ffe00b77000 	C:\Windows\System32\gdi32full.dll
0x00007ffe00df0000 - 0x00007ffe00e8d000 	C:\Windows\System32\msvcp_win.dll
0x00007ffdfdc90000 - 0x00007ffdfdc9a000 	C:\Windows\SYSTEM32\VERSION.dll
0x00007ffe01120000 - 0x00007ffe0114f000 	C:\Windows\System32\IMM32.DLL
0x00007ffdf86a0000 - 0x00007ffdf86ac000 	C:\Program Files\Java\jdk-17\bin\vcruntime140_1.dll
0x00007ffd938a0000 - 0x00007ffd9392e000 	C:\Program Files\Java\jdk-17\bin\msvcp140.dll
0x00007ffd84e60000 - 0x00007ffd85a3f000 	C:\Program Files\Java\jdk-17\bin\server\jvm.dll
0x00007ffe01570000 - 0x00007ffe01578000 	C:\Windows\System32\PSAPI.DLL
0x00007ffddc150000 - 0x00007ffddc159000 	C:\Windows\SYSTEM32\WSOCK32.dll
0x00007ffdefe00000 - 0x00007ffdefe27000 	C:\Windows\SYSTEM32\WINMM.dll
0x00007ffe02dd0000 - 0x00007ffe02e3b000 	C:\Windows\System32\WS2_32.dll
0x00007ffdfdcb0000 - 0x00007ffdfdcc2000 	C:\Windows\SYSTEM32\kernel.appcore.dll
0x00007ffdf5c90000 - 0x00007ffdf5c9a000 	C:\Program Files\Java\jdk-17\bin\jimage.dll
0x00007ffdfffd0000 - 0x00007ffe001b4000 	C:\Windows\SYSTEM32\DBGHELP.DLL
0x00007ffdfff10000 - 0x00007ffdfff44000 	C:\Windows\SYSTEM32\dbgcore.DLL
0x00007ffe00d60000 - 0x00007ffe00de2000 	C:\Windows\System32\bcryptPrimitives.dll
0x00007ffdc5950000 - 0x00007ffdc5975000 	C:\Program Files\Java\jdk-17\bin\java.dll
0x00007ffd8c270000 - 0x00007ffd8c347000 	C:\Program Files\Java\jdk-17\bin\jsvml.dll
0x00007ffe02090000 - 0x00007ffe027fc000 	C:\Windows\System32\SHELL32.dll
0x00007ffdfd400000 - 0x00007ffdfdb9d000 	C:\Windows\SYSTEM32\windows.storage.dll
0x00007ffe01b80000 - 0x00007ffe01ed3000 	C:\Windows\System32\combase.dll
0x00007ffdff810000 - 0x00007ffdff83e000 	C:\Windows\SYSTEM32\Wldp.dll
0x00007ffe012d0000 - 0x00007ffe0139d000 	C:\Windows\System32\OLEAUT32.dll
0x00007ffe01ad0000 - 0x00007ffe01b7d000 	C:\Windows\System32\SHCORE.dll
0x00007ffe00f50000 - 0x00007ffe00fa5000 	C:\Windows\System32\shlwapi.dll
0x00007ffe00500000 - 0x00007ffe00524000 	C:\Windows\SYSTEM32\profapi.dll
0x00007ffdbc660000 - 0x00007ffdbc679000 	C:\Program Files\Java\jdk-17\bin\net.dll
0x00007ffdfeeb0000 - 0x00007ffdfefba000 	C:\Windows\SYSTEM32\WINHTTP.dll
0x00007ffdff5f0000 - 0x00007ffdff65a000 	C:\Windows\system32\mswsock.dll
0x00007ffdbc640000 - 0x00007ffdbc656000 	C:\Program Files\Java\jdk-17\bin\nio.dll
0x00007ffdbc620000 - 0x00007ffdbc638000 	C:\Program Files\Java\jdk-17\bin\zip.dll
0x00007ffdd3eb0000 - 0x00007ffdd3ebe000 	C:\Program Files\Java\jdk-17\bin\sunmscapi.dll
0x00007ffe00900000 - 0x00007ffe00a5e000 	C:\Windows\System32\CRYPT32.dll
0x00007ffdff960000 - 0x00007ffdff989000 	C:\Windows\SYSTEM32\ncrypt.dll
0x00007ffdff920000 - 0x00007ffdff95b000 	C:\Windows\SYSTEM32\NTASN1.dll
0x00007ffdc56d0000 - 0x00007ffdc56e0000 	C:\Program Files\Java\jdk-17\bin\verify.dll
0x00007ffdd82f0000 - 0x00007ffdd82fa000 	C:\Program Files\Java\jdk-17\bin\management.dll
0x00007ffdd81f0000 - 0x00007ffdd81fb000 	C:\Program Files\Java\jdk-17\bin\management_ext.dll
0x00007ffe00330000 - 0x00007ffe00348000 	C:\Windows\SYSTEM32\CRYPTSP.dll
0x00007ffdfee20000 - 0x00007ffdfee54000 	C:\Windows\system32\rsaenh.dll
0x00007ffe00470000 - 0x00007ffe0049e000 	C:\Windows\SYSTEM32\USERENV.dll
0x00007ffdff780000 - 0x00007ffdff78c000 	C:\Windows\SYSTEM32\CRYPTBASE.dll
0x00007ffdff290000 - 0x00007ffdff2cb000 	C:\Windows\SYSTEM32\IPHLPAPI.DLL
0x00007ffe02dc0000 - 0x00007ffe02dc8000 	C:\Windows\System32\NSI.dll
0x00007ffdf8f40000 - 0x00007ffdf8f57000 	C:\Windows\SYSTEM32\dhcpcsvc6.DLL
0x00007ffdf8f20000 - 0x00007ffdf8f3d000 	C:\Windows\SYSTEM32\dhcpcsvc.DLL
0x00007ffdff2d0000 - 0x00007ffdff39a000 	C:\Windows\SYSTEM32\DNSAPI.dll
0x00007ffdf5df0000 - 0x00007ffdf5dfa000 	C:\Windows\System32\rasadhlp.dll
0x00007ffdf8ea0000 - 0x00007ffdf8f20000 	C:\Windows\System32\fwpuclnt.dll

dbghelp: loaded successfully - version: 4.0.5 - missing functions: none
symbol engine: initialized successfully - sym options: 0x614 - pdb path: .;C:\Program Files\Java\jdk-17\bin;C:\Windows\SYSTEM32;C:\Windows\WinSxS\amd64_microsoft.windows.common-controls_6595b64144ccf1df_6.0.19041.4355_none_60b8b9eb71f62e16;C:\Program Files\Java\jdk-17\bin\server

VM Arguments:
jvm_args: -Dspring.output.ansi.enabled=ALWAYS -XX:TieredStopAtLevel=1 -Dfile.encoding=windows-1252 -Duser.country=FR -Duser.language=fr -Duser.variant 
java_command: org.apache.fineract.ServerApplication
java_class_path (initial): C:\Users\d.ngantchou\.gradle\.tmp\gradle-javaexec-classpath7234581875202600472.jar
Launcher Type: SUN_STANDARD

[Global flags]
     intx CICompilerCount                          = 4                                         {product} {ergonomic}
     uint ConcGCThreads                            = 2                                         {product} {ergonomic}
     uint G1ConcRefinementThreads                  = 8                                         {product} {ergonomic}
   size_t G1HeapRegionSize                         = 2097152                                   {product} {ergonomic}
    uintx GCDrainStackTargetSize                   = 64                                        {product} {ergonomic}
   size_t InitialHeapSize                          = 197132288                                 {product} {ergonomic}
   size_t MarkStackSize                            = 4194304                                   {product} {ergonomic}
   size_t MaxHeapSize                              = 3139436544                                {product} {ergonomic}
   size_t MaxNewSize                               = 1883242496                                {product} {ergonomic}
   size_t MinHeapDeltaBytes                        = 2097152                                   {product} {ergonomic}
   size_t MinHeapSize                              = 8388608                                   {product} {ergonomic}
    uintx NonProfiledCodeHeapSize                  = 0                                      {pd product} {ergonomic}
     bool ProfileInterpreter                       = false                                  {pd product} {command line}
    uintx ProfiledCodeHeapSize                     = 0                                      {pd product} {ergonomic}
   size_t SoftMaxHeapSize                          = 3139436544                             {manageable} {ergonomic}
     intx TieredStopAtLevel                        = 1                                         {product} {command line}
     bool UseCompressedClassPointers               = true                           {product lp64_product} {ergonomic}
     bool UseCompressedOops                        = true                           {product lp64_product} {ergonomic}
     bool UseG1GC                                  = true                                      {product} {ergonomic}
     bool UseLargePagesIndividualAllocation        = false                                  {pd product} {ergonomic}

Logging:
Log output configuration:
 #0: stdout all=warning uptime,level,tags
 #1: stderr all=off uptime,level,tags

Environment Variables:
JAVA_HOME=C:\Program Files\Java\jdk-17
PATH=C:\Users\d.ngantchou\bin;C:\Program Files\Git\mingw64\bin;C:\Program Files\Git\usr\local\bin;C:\Program Files\Git\usr\bin;C:\Program Files\Git\usr\bin;C:\Program Files\Git\mingw64\bin;C:\Program Files\Git\usr\bin;C:\Users\d.ngantchou\bin;C:\Program Files\Common Files\Oracle\Java\javapath;C:\Windows\system32;C:\Windows;C:\Windows\System32\Wbem;C:\Windows\System32\WindowsPowerShell\v1.0;C:\Windows\System32\OpenSSH;C:\Program Files\Git\cmd;C:\Program Files\nodejs;C:\Program Files\Docker\Docker\resources\bin;C:\xampp\php;C:\composer;C:\Program Files\Java\jdk-17\bin;C:\xampp\mysql\bin;C:\Gradle\gradle-8.6\bin;C:\Program Files\Microsoft SQL Server\150\Tools\Binn;C:\Program Files\Microsoft SQL Server\Client SDK\ODBC\170\Tools\Binn;C:\Program Files\dotnet;C:\Users\d.ngantchou\AppData\Local\Microsoft\WindowsApps;C:\Users\d.ngantchou\AppData\Local\Programs\Microsoft VS Code\bin;C:\Users\d.ngantchou\AppData\Roaming\npm;C:\Users\d.ngantchou\AppData\Roaming\Composer\vendor\bin;C:\Users\d.ngantchou\.dotnet\tools;C:\Program Files\Git\usr\bin\vendor_perl;C:\Program Files\Git\usr\bin\core_perl
USERNAME=d.ngantchou
SHELL=C:\Program Files\Git\usr\bin\bash.exe
DISPLAY=needs-to-be-defined
LC_CTYPE=fr_FR.UTF-8
OS=Windows_NT
PROCESSOR_IDENTIFIER=Intel64 Family 6 Model 140 Stepping 1, GenuineIntel



---------------  S Y S T E M  ---------------

OS:
 Windows 10 , 64 bit Build 19041 (10.0.19041.3636)
OS uptime: 6 days 19:06 hours
Hyper-V role detected

CPU: total 8 (initial active 8) (4 cores per cpu, 2 threads per core) family 6 model 140 stepping 1 microcode 0xb6, cx8, cmov, fxsr, ht, mmx, 3dnowpref, sse, sse2, sse3, ssse3, sse4.1, sse4.2, popcnt, lzcnt, tsc, tscinvbit, avx, avx2, aes, erms, clmul, bmi1, bmi2, adx, avx512f, avx512dq, avx512cd, avx512bw, avx512vl, sha, fma, vzeroupper, avx512_vpopcntdq, avx512_vpclmulqdq, avx512_vaes, avx512_vnni, clflush, clflushopt, clwb, avx512_vbmi2, avx512_vbmi, hv

Memory: 4k page, system-wide physical 11968M (437M free)
TotalPageFile size 25904M (AvailPageFile size 0M)
current process WorkingSet (physical memory assigned to process): 412M, peak: 412M
current process commit charge ("private bytes"): 463M, peak: 463M

vm_info: Java HotSpot(TM) 64-Bit Server VM (17.0.10+11-LTS-240) for windows-amd64 JRE (17.0.10+11-LTS-240), built on Dec 19 2023 21:47:25 by "mach5one" with MS VC++ 17.1 (VS2022)

END.
