#
# There is insufficient memory for the Java Runtime Environment to continue.
# Native memory allocation (mmap) failed to map 559939584 bytes for G1 virtual space
# Possible reasons:
#   The system is out of physical RAM or swap space
#   The process is running with CompressedOops enabled, and the Java Heap may be blocking the growth of the native heap
# Possible solutions:
#   Reduce memory load on the system
#   Increase physical memory or swap space
#   Check if swap backing store is full
#   Decrease Java heap size (-Xmx/-Xms)
#   Decrease number of Java threads
#   Decrease Java thread stack sizes (-Xss)
#   Set larger code cache with -XX:ReservedCodeCacheSize=
#   JVM is running with Zero Based Compressed Oops mode in which the Java heap is
#     placed in the first 32GB address space. The Java Heap base address is the
#     maximum limit for the native heap growth. Please use -XX:HeapBaseMinAddress
#     to set the Java Heap base and to place the Java Heap above 32GB virtual address.
# This output file may be truncated or incomplete.
#
#  Out of Memory Error (os_windows.cpp:3548), pid=17464, tid=13168
#
# JRE version: Java(TM) SE Runtime Environment (17.0.10+11) (build 17.0.10+11-LTS-240)
# Java VM: Java HotSpot(TM) 64-Bit Server VM (17.0.10+11-LTS-240, mixed mode, emulated-client, sharing, tiered, compressed oops, compressed class ptrs, g1 gc, windows-amd64)
# No core dump will be written. Minidumps are not enabled by default on client versions of Windows
#

---------------  S U M M A R Y ------------

Command Line: -Dspring.output.ansi.enabled=ALWAYS -XX:TieredStopAtLevel=1 -Dfile.encoding=windows-1252 -Duser.country=FR -Duser.language=fr -Duser.variant org.apache.fineract.ServerApplication

Host: 11th Gen Intel(R) Core(TM) i5-1135G7 @ 2.40GHz, 8 cores, 11G,  Windows 10 , 64 bit Build 19041 (10.0.19041.3636)
Time: Sat Jun 29 09:29:25 2024 Afr. centrale Ouest elapsed time: 158.794339 seconds (0d 0h 2m 38s)

---------------  T H R E A D  ---------------

Current thread (0x000002963797b3f0):  VMThread "VM Thread" [stack: 0x00000098c5e00000,0x00000098c5f00000] [id=13168]

Stack: [0x00000098c5e00000,0x00000098c5f00000]
Native frames: (J=compiled Java code, j=interpreted, Vv=VM code, C=native code)
V  [jvm.dll+0x677a5a]
V  [jvm.dll+0x7d8b2d]
V  [jvm.dll+0x7da48e]
V  [jvm.dll+0x7daaf3]
V  [jvm.dll+0x2455ff]
V  [jvm.dll+0x6749b9]
V  [jvm.dll+0x669382]
V  [jvm.dll+0x302e96]
V  [jvm.dll+0x30a416]
V  [jvm.dll+0x359cbe]
V  [jvm.dll+0x359eef]
V  [jvm.dll+0x2d9e88]
V  [jvm.dll+0x2d8295]
V  [jvm.dll+0x2d789c]
V  [jvm.dll+0x31b18b]
V  [jvm.dll+0x7df30b]
V  [jvm.dll+0x7e0044]
V  [jvm.dll+0x7e055d]
V  [jvm.dll+0x7e0934]
V  [jvm.dll+0x7e0a00]
V  [jvm.dll+0x78888a]
V  [jvm.dll+0x676935]
C  [ucrtbase.dll+0x21bb2]
C  [KERNEL32.DLL+0x17344]
C  [ntdll.dll+0x4cc91]

VM_Operation (0x00000098c82fe5b0): G1CollectForAllocation, mode: safepoint, requested by thread 0x0000029605cb39f0


---------------  P R O C E S S  ---------------

Threads class SMR info:
_java_thread_list=0x0000029605d03b50, length=31, elements={
0x0000029621607180, 0x000002963797f6a0, 0x0000029637980260, 0x0000029637995f90,
0x0000029637996b50, 0x0000029637999c30, 0x000002963799f060, 0x000002963799cc10,
0x000002963799e590, 0x0000029637beded0, 0x0000029637bf1a80, 0x000002967f853740,
0x0000029600df8720, 0x0000029600df8210, 0x0000029600df77f0, 0x0000029605cb4920,
0x0000029637888280, 0x0000029605cb9a20, 0x0000029605cb34e0, 0x0000029605cb9510,
0x0000029605cb9f30, 0x0000029605cb5d60, 0x0000029605cba440, 0x0000029605cb4410,
0x0000029605cb39f0, 0x0000029605cb85e0, 0x0000029605cb4e30, 0x0000029605cb71a0,
0x0000029605cb2fd0, 0x0000029605cba950, 0x0000029605cb3f00
}

Java Threads: ( => current thread )
  0x0000029621607180 JavaThread "main" [_thread_blocked, id=11776, stack(0x00000098c5800000,0x00000098c5900000)]
  0x000002963797f6a0 JavaThread "Reference Handler" daemon [_thread_blocked, id=8884, stack(0x00000098c5f00000,0x00000098c6000000)]
  0x0000029637980260 JavaThread "Finalizer" daemon [_thread_blocked, id=13704, stack(0x00000098c6000000,0x00000098c6100000)]
  0x0000029637995f90 JavaThread "Signal Dispatcher" daemon [_thread_blocked, id=24108, stack(0x00000098c6100000,0x00000098c6200000)]
  0x0000029637996b50 JavaThread "Attach Listener" daemon [_thread_blocked, id=12276, stack(0x00000098c6200000,0x00000098c6300000)]
  0x0000029637999c30 JavaThread "Service Thread" daemon [_thread_blocked, id=14676, stack(0x00000098c6300000,0x00000098c6400000)]
  0x000002963799f060 JavaThread "Monitor Deflation Thread" daemon [_thread_blocked, id=22260, stack(0x00000098c6400000,0x00000098c6500000)]
  0x000002963799cc10 JavaThread "C1 CompilerThread0" daemon [_thread_blocked, id=23104, stack(0x00000098c6500000,0x00000098c6600000)]
  0x000002963799e590 JavaThread "Sweeper thread" daemon [_thread_blocked, id=23828, stack(0x00000098c6600000,0x00000098c6700000)]
  0x0000029637beded0 JavaThread "Notification Thread" daemon [_thread_blocked, id=16900, stack(0x00000098c6900000,0x00000098c6a00000)]
  0x0000029637bf1a80 JavaThread "Common-Cleaner" daemon [_thread_blocked, id=21484, stack(0x00000098c6b00000,0x00000098c6c00000)]
  0x000002967f853740 JavaThread "HikariPool-1 housekeeper" daemon [_thread_blocked, id=15084, stack(0x00000098c7900000,0x00000098c7a00000)]
  0x0000029600df8720 JavaThread "HikariPool-2 housekeeper" daemon [_thread_blocked, id=22164, stack(0x00000098c5500000,0x00000098c5600000)]
  0x0000029600df8210 JavaThread "Catalina-utility-1" [_thread_blocked, id=9404, stack(0x00000098c5600000,0x00000098c5700000)]
  0x0000029600df77f0 JavaThread "Catalina-utility-2" [_thread_blocked, id=11000, stack(0x00000098c6800000,0x00000098c6900000)]
  0x0000029605cb4920 JavaThread "container-0" [_thread_blocked, id=22756, stack(0x00000098c7500000,0x00000098c7600000)]
  0x0000029637888280 JavaThread "C1 CompilerThread1" daemon [_thread_blocked, id=22312, stack(0x00000098c7a00000,0x00000098c7b00000)]
  0x0000029605cb9a20 JavaThread "ClassGraph-worker-0" daemon [_thread_blocked, id=19420, stack(0x00000098c7b00000,0x00000098c7c00000)]
  0x0000029605cb34e0 JavaThread "ClassGraph-worker-1" daemon [_thread_blocked, id=20448, stack(0x00000098c7c00000,0x00000098c7d00000)]
  0x0000029605cb9510 JavaThread "ClassGraph-worker-2" daemon [_thread_blocked, id=19068, stack(0x00000098c7d00000,0x00000098c7e00000)]
  0x0000029605cb9f30 JavaThread "ClassGraph-worker-3" daemon [_thread_blocked, id=24080, stack(0x00000098c7e00000,0x00000098c7f00000)]
  0x0000029605cb5d60 JavaThread "ClassGraph-worker-4" daemon [_thread_blocked, id=17088, stack(0x00000098c7f00000,0x00000098c8000000)]
  0x0000029605cba440 JavaThread "ClassGraph-worker-5" daemon [_thread_blocked, id=20916, stack(0x00000098c8000000,0x00000098c8100000)]
  0x0000029605cb4410 JavaThread "ClassGraph-worker-6" daemon [_thread_blocked, id=1652, stack(0x00000098c8100000,0x00000098c8200000)]
  0x0000029605cb39f0 JavaThread "ClassGraph-worker-7" daemon [_thread_blocked, id=22188, stack(0x00000098c8200000,0x00000098c8300000)]
  0x0000029605cb85e0 JavaThread "ClassGraph-worker-8" daemon [_thread_blocked, id=12236, stack(0x00000098c8300000,0x00000098c8400000)]
  0x0000029605cb4e30 JavaThread "ClassGraph-worker-9" daemon [_thread_blocked, id=15012, stack(0x00000098c8400000,0x00000098c8500000)]
  0x0000029605cb71a0 JavaThread "ClassGraph-worker-10" daemon [_thread_blocked, id=23496, stack(0x00000098c8500000,0x00000098c8600000)]
  0x0000029605cb2fd0 JavaThread "ClassGraph-worker-11" daemon [_thread_blocked, id=20840, stack(0x00000098c8600000,0x00000098c8700000)]
  0x0000029605cba950 JavaThread "ClassGraph-worker-12" daemon [_thread_blocked, id=19560, stack(0x00000098c8700000,0x00000098c8800000)]
  0x0000029605cb3f00 JavaThread "ClassGraph-worker-13" daemon [_thread_blocked, id=10360, stack(0x00000098c8800000,0x00000098c8900000)]

Other Threads:
=>0x000002963797b3f0 VMThread "VM Thread" [stack: 0x00000098c5e00000,0x00000098c5f00000] [id=13168]
  0x0000029637bf03d0 WatcherThread [stack: 0x00000098c6a00000,0x00000098c6b00000] [id=19504]
  0x000002962165fb70 GCTaskThread "GC Thread#0" [stack: 0x00000098c5900000,0x00000098c5a00000] [id=18792]
  0x000002967db78cb0 GCTaskThread "GC Thread#1" [stack: 0x00000098c6c00000,0x00000098c6d00000] [id=4948]
  0x000002967dba92c0 GCTaskThread "GC Thread#2" [stack: 0x00000098c6d00000,0x00000098c6e00000] [id=14628]
  0x000002967dcfa490 GCTaskThread "GC Thread#3" [stack: 0x00000098c6e00000,0x00000098c6f00000] [id=8276]
  0x000002967dff2790 GCTaskThread "GC Thread#4" [stack: 0x00000098c6f00000,0x00000098c7000000] [id=21960]
  0x000002967e1ee000 GCTaskThread "GC Thread#5" [stack: 0x00000098c7000000,0x00000098c7100000] [id=17672]
  0x000002967e1ee2c0 GCTaskThread "GC Thread#6" [stack: 0x00000098c7100000,0x00000098c7200000] [id=10384]
  0x000002967e1ef590 GCTaskThread "GC Thread#7" [stack: 0x00000098c7200000,0x00000098c7300000] [id=6484]
  0x000002962166cde0 ConcurrentGCThread "G1 Main Marker" [stack: 0x00000098c5a00000,0x00000098c5b00000] [id=23876]
  0x000002962166d7f0 ConcurrentGCThread "G1 Conc#0" [stack: 0x00000098c5b00000,0x00000098c5c00000] [id=10092]
  0x0000029637bf68d0 ConcurrentGCThread "G1 Conc#1" [stack: 0x00000098c7300000,0x00000098c7400000] [id=8360]
  0x00000296216ddce0 ConcurrentGCThread "G1 Refine#0" [stack: 0x00000098c5c00000,0x00000098c5d00000] [id=19940]
  0x000002967f097f10 ConcurrentGCThread "G1 Refine#1" [stack: 0x00000098c7400000,0x00000098c7500000] [id=23180]
  0x000002967f096a80 ConcurrentGCThread "G1 Refine#2" [stack: 0x00000098c7600000,0x00000098c7700000] [id=2824]
  0x000002967f0955f0 ConcurrentGCThread "G1 Refine#3" [stack: 0x00000098c7700000,0x00000098c7800000] [id=18072]
  0x00000296216de710 ConcurrentGCThread "G1 Service" [stack: 0x00000098c5d00000,0x00000098c5e00000] [id=18452]

Threads with active compile tasks:

VM state: at safepoint (normal execution)

VM Mutex/Monitor currently owned by a thread:  ([mutex/lock_event])
[0x0000029621602d40] Threads_lock - owner thread: 0x000002963797b3f0
[0x0000029621602cb0] Heap_lock - owner thread: 0x0000029605cb39f0

Heap address: 0x0000000744e00000, size: 2994 MB, Compressed Oops mode: Zero based, Oop shift amount: 3

CDS archive(s) mapped at: [0x0000029638000000-0x0000029638bd0000-0x0000029638bd0000), size 12386304, SharedBaseAddress: 0x0000029638000000, ArchiveRelocationMode: 1.
Compressed class space mapped at: 0x0000029639000000-0x0000029679000000, reserved size: 1073741824
Narrow klass base: 0x0000029638000000, Narrow klass shift: 0, Narrow klass range: 0x100000000

GC Precious Log:
 CPUs: 8 total, 8 available
 Memory: 11968M
 Large Page Support: Disabled
 NUMA Support: Disabled
 Compressed Oops: Enabled (Zero based)
 Heap Region Size: 2M
 Heap Min Capacity: 8M
 Heap Initial Capacity: 188M
 Heap Max Capacity: 2994M
 Pre-touch: Disabled
 Parallel Workers: 8
 Concurrent Workers: 2
 Concurrent Refinement Workers: 8
 Periodic GC: Disabled

Heap:
 garbage-first heap   total 546816K, used 280066K [0x0000000744e00000, 0x0000000800000000)
  region size 2048K, 6 young (12288K), 6 survivors (12288K)
 Metaspace       used 137036K, committed 139456K, reserved 1179648K
  class space    used 16482K, committed 17472K, reserved 1048576K

Heap Regions: E=young(eden), S=young(survivor), O=old, HS=humongous(starts), HC=humongous(continues), CS=collection set, F=free, OA=open archive, CA=closed archive, TAMS=top-at-mark-start (previous, next)
|   0|0x0000000744e00000, 0x0000000745000000, 0x0000000745000000|100%| O|  |TAMS 0x0000000745000000, 0x0000000744e00000| Untracked 
|   1|0x0000000745000000, 0x0000000745200000, 0x0000000745200000|100%| O|  |TAMS 0x0000000745200000, 0x0000000745000000| Untracked 
|   2|0x0000000745200000, 0x0000000745400000, 0x0000000745400000|100%| O|  |TAMS 0x0000000745400000, 0x0000000745200000| Untracked 
|   3|0x0000000745400000, 0x0000000745600000, 0x0000000745600000|100%| O|  |TAMS 0x0000000745600000, 0x0000000745400000| Untracked 
|   4|0x0000000745600000, 0x0000000745800000, 0x0000000745800000|100%| O|  |TAMS 0x0000000745800000, 0x0000000745600000| Untracked 
|   5|0x0000000745800000, 0x0000000745a00000, 0x0000000745a00000|100%| O|  |TAMS 0x0000000745a00000, 0x0000000745800000| Untracked 
|   6|0x0000000745a00000, 0x0000000745c00000, 0x0000000745c00000|100%| O|  |TAMS 0x0000000745c00000, 0x0000000745a00000| Untracked 
|   7|0x0000000745c00000, 0x0000000745e00000, 0x0000000745e00000|100%| O|  |TAMS 0x0000000745e00000, 0x0000000745c00000| Untracked 
|   8|0x0000000745e00000, 0x0000000746000000, 0x0000000746000000|100%| O|  |TAMS 0x0000000746000000, 0x0000000745e00000| Untracked 
|   9|0x0000000746000000, 0x0000000746200000, 0x0000000746200000|100%| O|  |TAMS 0x0000000746200000, 0x0000000746000000| Untracked 
|  10|0x0000000746200000, 0x0000000746400000, 0x0000000746400000|100%| O|  |TAMS 0x0000000746400000, 0x0000000746200000| Untracked 
|  11|0x0000000746400000, 0x0000000746600000, 0x0000000746600000|100%| O|  |TAMS 0x0000000746600000, 0x0000000746400000| Untracked 
|  12|0x0000000746600000, 0x0000000746800000, 0x0000000746800000|100%| O|  |TAMS 0x0000000746800000, 0x0000000746600000| Untracked 
|  13|0x0000000746800000, 0x0000000746a00000, 0x0000000746a00000|100%| O|  |TAMS 0x0000000746a00000, 0x0000000746800000| Untracked 
|  14|0x0000000746a00000, 0x0000000746c00000, 0x0000000746c00000|100%| O|  |TAMS 0x0000000746c00000, 0x0000000746a00000| Untracked 
|  15|0x0000000746c00000, 0x0000000746e00000, 0x0000000746e00000|100%| O|  |TAMS 0x0000000746e00000, 0x0000000746c00000| Untracked 
|  16|0x0000000746e00000, 0x0000000747000000, 0x0000000747000000|100%| O|  |TAMS 0x0000000747000000, 0x0000000746e00000| Untracked 
|  17|0x0000000747000000, 0x0000000747200000, 0x0000000747200000|100%| O|  |TAMS 0x0000000747200000, 0x0000000747000000| Untracked 
|  18|0x0000000747200000, 0x0000000747400000, 0x0000000747400000|100%| O|  |TAMS 0x0000000747400000, 0x0000000747200000| Untracked 
|  19|0x0000000747400000, 0x0000000747600000, 0x0000000747600000|100%| O|  |TAMS 0x0000000747600000, 0x0000000747400000| Untracked 
|  20|0x0000000747600000, 0x0000000747800000, 0x0000000747800000|100%| O|  |TAMS 0x0000000747800000, 0x0000000747600000| Untracked 
|  21|0x0000000747800000, 0x0000000747a00000, 0x0000000747a00000|100%| O|  |TAMS 0x0000000747a00000, 0x0000000747800000| Untracked 
|  22|0x0000000747a00000, 0x0000000747c00000, 0x0000000747c00000|100%| O|  |TAMS 0x0000000747c00000, 0x0000000747a00000| Untracked 
|  23|0x0000000747c00000, 0x0000000747e00000, 0x0000000747e00000|100%| O|  |TAMS 0x0000000747e00000, 0x0000000747c00000| Untracked 
|  24|0x0000000747e00000, 0x0000000748000000, 0x0000000748000000|100%| O|  |TAMS 0x0000000748000000, 0x0000000747e00000| Untracked 
|  25|0x0000000748000000, 0x0000000748200000, 0x0000000748200000|100%| O|  |TAMS 0x0000000748000000, 0x0000000748000000| Untracked 
|  26|0x0000000748200000, 0x0000000748200000, 0x0000000748400000|  0%| F|  |TAMS 0x0000000748200000, 0x0000000748200000| Untracked 
|  27|0x0000000748400000, 0x0000000748600000, 0x0000000748600000|100%| O|  |TAMS 0x0000000748400000, 0x0000000748400000| Untracked 
|  28|0x0000000748600000, 0x0000000748800000, 0x0000000748800000|100%| O|  |TAMS 0x0000000748600000, 0x0000000748600000| Untracked 
|  29|0x0000000748800000, 0x0000000748a00000, 0x0000000748a00000|100%| O|  |TAMS 0x0000000748800000, 0x0000000748800000| Untracked 
|  30|0x0000000748a00000, 0x0000000748c00000, 0x0000000748c00000|100%| O|  |TAMS 0x0000000748c00000, 0x0000000748a00000| Untracked 
|  31|0x0000000748c00000, 0x0000000748e00000, 0x0000000748e00000|100%| O|  |TAMS 0x0000000748e00000, 0x0000000748c00000| Untracked 
|  32|0x0000000748e00000, 0x0000000749000000, 0x0000000749000000|100%| O|  |TAMS 0x0000000749000000, 0x0000000748e00000| Untracked 
|  33|0x0000000749000000, 0x0000000749200000, 0x0000000749200000|100%| O|  |TAMS 0x0000000749200000, 0x0000000749000000| Untracked 
|  34|0x0000000749200000, 0x0000000749400000, 0x0000000749400000|100%| O|  |TAMS 0x0000000749400000, 0x0000000749200000| Untracked 
|  35|0x0000000749400000, 0x0000000749600000, 0x0000000749600000|100%| O|  |TAMS 0x0000000749600000, 0x0000000749400000| Untracked 
|  36|0x0000000749600000, 0x0000000749800000, 0x0000000749800000|100%| O|  |TAMS 0x0000000749800000, 0x0000000749600000| Untracked 
|  37|0x0000000749800000, 0x0000000749a00000, 0x0000000749a00000|100%| O|  |TAMS 0x0000000749a00000, 0x0000000749800000| Untracked 
|  38|0x0000000749a00000, 0x0000000749c00000, 0x0000000749c00000|100%| O|  |TAMS 0x0000000749c00000, 0x0000000749a00000| Untracked 
|  39|0x0000000749c00000, 0x0000000749e00000, 0x0000000749e00000|100%| O|  |TAMS 0x0000000749e00000, 0x0000000749c00000| Untracked 
|  40|0x0000000749e00000, 0x000000074a000000, 0x000000074a000000|100%| O|  |TAMS 0x000000074a000000, 0x0000000749e00000| Untracked 
|  41|0x000000074a000000, 0x000000074a000000, 0x000000074a200000|  0%| F|  |TAMS 0x000000074a000000, 0x000000074a000000| Untracked 
|  42|0x000000074a200000, 0x000000074a400000, 0x000000074a400000|100%| O|  |TAMS 0x000000074a400000, 0x000000074a200000| Untracked 
|  43|0x000000074a400000, 0x000000074a600000, 0x000000074a600000|100%| O|  |TAMS 0x000000074a600000, 0x000000074a400000| Untracked 
|  44|0x000000074a600000, 0x000000074a800000, 0x000000074a800000|100%| O|  |TAMS 0x000000074a800000, 0x000000074a600000| Untracked 
|  45|0x000000074a800000, 0x000000074aa00000, 0x000000074aa00000|100%| O|  |TAMS 0x000000074aa00000, 0x000000074a800000| Untracked 
|  46|0x000000074aa00000, 0x000000074ac00000, 0x000000074ac00000|100%| O|  |TAMS 0x000000074ac00000, 0x000000074aa00000| Untracked 
|  47|0x000000074ac00000, 0x000000074ac00000, 0x000000074ae00000|  0%| F|  |TAMS 0x000000074ac00000, 0x000000074ac00000| Untracked 
|  48|0x000000074ae00000, 0x000000074b000000, 0x000000074b000000|100%| O|  |TAMS 0x000000074ae00000, 0x000000074ae00000| Untracked 
|  49|0x000000074b000000, 0x000000074b200000, 0x000000074b200000|100%| O|  |TAMS 0x000000074b200000, 0x000000074b000000| Untracked 
|  50|0x000000074b200000, 0x000000074b400000, 0x000000074b400000|100%| O|  |TAMS 0x000000074b200000, 0x000000074b200000| Untracked 
|  51|0x000000074b400000, 0x000000074b600000, 0x000000074b600000|100%| O|  |TAMS 0x000000074b400000, 0x000000074b400000| Untracked 
|  52|0x000000074b600000, 0x000000074b800000, 0x000000074b800000|100%| O|  |TAMS 0x000000074b800000, 0x000000074b600000| Untracked 
|  53|0x000000074b800000, 0x000000074ba00000, 0x000000074ba00000|100%| O|  |TAMS 0x000000074b800000, 0x000000074b800000| Untracked 
|  54|0x000000074ba00000, 0x000000074bc00000, 0x000000074bc00000|100%| O|  |TAMS 0x000000074bc00000, 0x000000074ba00000| Untracked 
|  55|0x000000074bc00000, 0x000000074be00000, 0x000000074be00000|100%| O|  |TAMS 0x000000074be00000, 0x000000074bc00000| Untracked 
|  56|0x000000074be00000, 0x000000074c000000, 0x000000074c000000|100%| O|  |TAMS 0x000000074c000000, 0x000000074be00000| Untracked 
|  57|0x000000074c000000, 0x000000074c200000, 0x000000074c200000|100%| O|  |TAMS 0x000000074c200000, 0x000000074c000000| Untracked 
|  58|0x000000074c200000, 0x000000074c400000, 0x000000074c400000|100%| O|  |TAMS 0x000000074c400000, 0x000000074c200000| Untracked 
|  59|0x000000074c400000, 0x000000074c600000, 0x000000074c600000|100%| O|  |TAMS 0x000000074c600000, 0x000000074c400000| Untracked 
|  60|0x000000074c600000, 0x000000074c800000, 0x000000074c800000|100%| O|  |TAMS 0x000000074c800000, 0x000000074c600000| Untracked 
|  61|0x000000074c800000, 0x000000074ca00000, 0x000000074ca00000|100%| O|  |TAMS 0x000000074ca00000, 0x000000074c800000| Untracked 
|  62|0x000000074ca00000, 0x000000074cc00000, 0x000000074cc00000|100%| O|  |TAMS 0x000000074cc00000, 0x000000074ca00000| Untracked 
|  63|0x000000074cc00000, 0x000000074ce00000, 0x000000074ce00000|100%| O|  |TAMS 0x000000074ce00000, 0x000000074cc00000| Untracked 
|  64|0x000000074ce00000, 0x000000074d000000, 0x000000074d000000|100%| O|  |TAMS 0x000000074ce00000, 0x000000074ce00000| Untracked 
|  65|0x000000074d000000, 0x000000074d200000, 0x000000074d200000|100%| O|  |TAMS 0x000000074d200000, 0x000000074d000000| Untracked 
|  66|0x000000074d200000, 0x000000074d400000, 0x000000074d400000|100%| O|  |TAMS 0x000000074d400000, 0x000000074d200000| Untracked 
|  67|0x000000074d400000, 0x000000074d600000, 0x000000074d600000|100%| O|  |TAMS 0x000000074d600000, 0x000000074d400000| Untracked 
|  68|0x000000074d600000, 0x000000074d600000, 0x000000074d800000|  0%| F|  |TAMS 0x000000074d600000, 0x000000074d600000| Untracked 
|  69|0x000000074d800000, 0x000000074da00000, 0x000000074da00000|100%| O|  |TAMS 0x000000074da00000, 0x000000074d800000| Untracked 
|  70|0x000000074da00000, 0x000000074dc00000, 0x000000074dc00000|100%| O|  |TAMS 0x000000074dc00000, 0x000000074da00000| Untracked 
|  71|0x000000074dc00000, 0x000000074de00000, 0x000000074de00000|100%| O|  |TAMS 0x000000074de00000, 0x000000074dc00000| Untracked 
|  72|0x000000074de00000, 0x000000074e000000, 0x000000074e000000|100%| O|  |TAMS 0x000000074e000000, 0x000000074de00000| Untracked 
|  73|0x000000074e000000, 0x000000074e200000, 0x000000074e200000|100%| O|  |TAMS 0x000000074e200000, 0x000000074e000000| Untracked 
|  74|0x000000074e200000, 0x000000074e400000, 0x000000074e400000|100%| O|  |TAMS 0x000000074e400000, 0x000000074e200000| Untracked 
|  75|0x000000074e400000, 0x000000074e600000, 0x000000074e600000|100%| O|  |TAMS 0x000000074e600000, 0x000000074e400000| Untracked 
|  76|0x000000074e600000, 0x000000074e800000, 0x000000074e800000|100%| O|  |TAMS 0x000000074e800000, 0x000000074e600000| Untracked 
|  77|0x000000074e800000, 0x000000074ea00000, 0x000000074ea00000|100%| O|  |TAMS 0x000000074ea00000, 0x000000074e800000| Untracked 
|  78|0x000000074ea00000, 0x000000074ec00000, 0x000000074ec00000|100%| O|  |TAMS 0x000000074ec00000, 0x000000074ea00000| Untracked 
|  79|0x000000074ec00000, 0x000000074ee00000, 0x000000074ee00000|100%| O|  |TAMS 0x000000074ee00000, 0x000000074ec00000| Untracked 
|  80|0x000000074ee00000, 0x000000074f000000, 0x000000074f000000|100%| O|  |TAMS 0x000000074ee00000, 0x000000074ee00000| Untracked 
|  81|0x000000074f000000, 0x000000074f200000, 0x000000074f200000|100%| O|  |TAMS 0x000000074f200000, 0x000000074f000000| Untracked 
|  82|0x000000074f200000, 0x000000074f400000, 0x000000074f400000|100%| O|  |TAMS 0x000000074f400000, 0x000000074f200000| Untracked 
|  83|0x000000074f400000, 0x000000074f600000, 0x000000074f600000|100%| O|  |TAMS 0x000000074f600000, 0x000000074f400000| Untracked 
|  84|0x000000074f600000, 0x000000074f800000, 0x000000074f800000|100%| O|  |TAMS 0x000000074f800000, 0x000000074f600000| Untracked 
|  85|0x000000074f800000, 0x000000074fa00000, 0x000000074fa00000|100%| O|  |TAMS 0x000000074fa00000, 0x000000074f800000| Untracked 
|  86|0x000000074fa00000, 0x000000074fc00000, 0x000000074fc00000|100%| O|  |TAMS 0x000000074fc00000, 0x000000074fa00000| Untracked 
|  87|0x000000074fc00000, 0x000000074fe00000, 0x000000074fe00000|100%| O|  |TAMS 0x000000074fe00000, 0x000000074fc00000| Untracked 
|  88|0x000000074fe00000, 0x0000000750000000, 0x0000000750000000|100%| O|  |TAMS 0x0000000750000000, 0x000000074fe00000| Untracked 
|  89|0x0000000750000000, 0x0000000750200000, 0x0000000750200000|100%| O|  |TAMS 0x0000000750200000, 0x0000000750000000| Untracked 
|  90|0x0000000750200000, 0x0000000750400000, 0x0000000750400000|100%| O|  |TAMS 0x0000000750400000, 0x0000000750200000| Untracked 
|  91|0x0000000750400000, 0x0000000750600000, 0x0000000750600000|100%| O|  |TAMS 0x0000000750600000, 0x0000000750400000| Untracked 
|  92|0x0000000750600000, 0x0000000750800000, 0x0000000750800000|100%| O|  |TAMS 0x0000000750800000, 0x0000000750600000| Untracked 
|  93|0x0000000750800000, 0x0000000750a00000, 0x0000000750a00000|100%| O|  |TAMS 0x0000000750a00000, 0x0000000750800000| Untracked 
|  94|0x0000000750a00000, 0x0000000750c00000, 0x0000000750c00000|100%| O|  |TAMS 0x0000000750c00000, 0x0000000750a00000| Untracked 
|  95|0x0000000750c00000, 0x0000000750e00000, 0x0000000750e00000|100%| O|  |TAMS 0x0000000750e00000, 0x0000000750c00000| Untracked 
|  96|0x0000000750e00000, 0x0000000751000000, 0x0000000751000000|100%| O|  |TAMS 0x0000000751000000, 0x0000000750e00000| Untracked 
|  97|0x0000000751000000, 0x0000000751200000, 0x0000000751200000|100%| O|  |TAMS 0x0000000751200000, 0x0000000751000000| Untracked 
|  98|0x0000000751200000, 0x0000000751400000, 0x0000000751400000|100%| O|  |TAMS 0x0000000751400000, 0x0000000751200000| Untracked 
|  99|0x0000000751400000, 0x0000000751600000, 0x0000000751600000|100%| O|  |TAMS 0x0000000751600000, 0x0000000751400000| Untracked 
| 100|0x0000000751600000, 0x0000000751800000, 0x0000000751800000|100%| O|  |TAMS 0x0000000751800000, 0x0000000751600000| Untracked 
| 101|0x0000000751800000, 0x0000000751a00000, 0x0000000751a00000|100%| O|  |TAMS 0x0000000751a00000, 0x0000000751800000| Untracked 
| 102|0x0000000751a00000, 0x0000000751c00000, 0x0000000751c00000|100%| O|  |TAMS 0x0000000751c00000, 0x0000000751a00000| Untracked 
| 103|0x0000000751c00000, 0x0000000751e00000, 0x0000000751e00000|100%| O|  |TAMS 0x0000000751e00000, 0x0000000751c00000| Untracked 
| 104|0x0000000751e00000, 0x0000000752000000, 0x0000000752000000|100%| O|  |TAMS 0x0000000752000000, 0x0000000751e00000| Untracked 
| 105|0x0000000752000000, 0x0000000752200000, 0x0000000752200000|100%| O|  |TAMS 0x0000000752200000, 0x0000000752000000| Untracked 
| 106|0x0000000752200000, 0x0000000752400000, 0x0000000752400000|100%| O|  |TAMS 0x0000000752400000, 0x0000000752200000| Untracked 
| 107|0x0000000752400000, 0x0000000752600000, 0x0000000752600000|100%| O|  |TAMS 0x0000000752600000, 0x0000000752400000| Untracked 
| 108|0x0000000752600000, 0x0000000752800000, 0x0000000752800000|100%| O|  |TAMS 0x0000000752800000, 0x0000000752600000| Untracked 
| 109|0x0000000752800000, 0x0000000752a00000, 0x0000000752a00000|100%| O|  |TAMS 0x0000000752a00000, 0x0000000752800000| Untracked 
| 110|0x0000000752a00000, 0x0000000752c00000, 0x0000000752c00000|100%| O|  |TAMS 0x0000000752c00000, 0x0000000752a00000| Untracked 
| 111|0x0000000752c00000, 0x0000000752e00000, 0x0000000752e00000|100%| O|  |TAMS 0x0000000752e00000, 0x0000000752c00000| Untracked 
| 112|0x0000000752e00000, 0x0000000753000000, 0x0000000753000000|100%| O|  |TAMS 0x0000000753000000, 0x0000000752e00000| Untracked 
| 113|0x0000000753000000, 0x0000000753200000, 0x0000000753200000|100%| O|  |TAMS 0x0000000753200000, 0x0000000753000000| Untracked 
| 114|0x0000000753200000, 0x0000000753400000, 0x0000000753400000|100%| O|  |TAMS 0x0000000753400000, 0x0000000753200000| Untracked 
| 115|0x0000000753400000, 0x0000000753600000, 0x0000000753600000|100%| O|  |TAMS 0x0000000753600000, 0x0000000753400000| Untracked 
| 116|0x0000000753600000, 0x0000000753800000, 0x0000000753800000|100%| O|  |TAMS 0x0000000753800000, 0x0000000753600000| Untracked 
| 117|0x0000000753800000, 0x0000000753a00000, 0x0000000753a00000|100%| O|  |TAMS 0x0000000753a00000, 0x0000000753800000| Untracked 
| 118|0x0000000753a00000, 0x0000000753c00000, 0x0000000753c00000|100%| O|  |TAMS 0x0000000753c00000, 0x0000000753a00000| Untracked 
| 119|0x0000000753c00000, 0x0000000753e00000, 0x0000000753e00000|100%| O|  |TAMS 0x0000000753e00000, 0x0000000753c00000| Untracked 
| 120|0x0000000753e00000, 0x0000000754000000, 0x0000000754000000|100%| O|  |TAMS 0x0000000754000000, 0x0000000753e00000| Untracked 
| 121|0x0000000754000000, 0x0000000754200000, 0x0000000754200000|100%| O|  |TAMS 0x0000000754200000, 0x0000000754000000| Untracked 
| 122|0x0000000754200000, 0x0000000754400000, 0x0000000754400000|100%| O|  |TAMS 0x0000000754400000, 0x0000000754200000| Untracked 
| 123|0x0000000754400000, 0x0000000754600000, 0x0000000754600000|100%| O|  |TAMS 0x0000000754600000, 0x0000000754400000| Untracked 
| 124|0x0000000754600000, 0x0000000754800000, 0x0000000754800000|100%| O|  |TAMS 0x0000000754698e00, 0x0000000754600000| Untracked 
| 125|0x0000000754800000, 0x0000000754a00000, 0x0000000754a00000|100%| O|  |TAMS 0x0000000754800000, 0x0000000754800000| Untracked 
| 126|0x0000000754a00000, 0x0000000754c00000, 0x0000000754c00000|100%| O|  |TAMS 0x0000000754a00000, 0x0000000754a00000| Untracked 
| 127|0x0000000754c00000, 0x0000000754e00000, 0x0000000754e00000|100%| O|  |TAMS 0x0000000754c00000, 0x0000000754c00000| Untracked 
| 128|0x0000000754e00000, 0x0000000755000000, 0x0000000755000000|100%| O|  |TAMS 0x0000000754e00000, 0x0000000754e00000| Untracked 
| 129|0x0000000755000000, 0x0000000755200000, 0x0000000755200000|100%| O|  |TAMS 0x0000000755000000, 0x0000000755000000| Untracked 
| 130|0x0000000755200000, 0x0000000755400000, 0x0000000755400000|100%| O|  |TAMS 0x0000000755200000, 0x0000000755200000| Untracked 
| 131|0x0000000755400000, 0x0000000755600000, 0x0000000755600000|100%| O|  |TAMS 0x0000000755400000, 0x0000000755400000| Untracked 
| 132|0x0000000755600000, 0x0000000755800000, 0x0000000755800000|100%| O|  |TAMS 0x0000000755600000, 0x0000000755600000| Untracked 
| 133|0x0000000755800000, 0x0000000755a00000, 0x0000000755a00000|100%| O|  |TAMS 0x0000000755800000, 0x0000000755800000| Untracked 
| 134|0x0000000755a00000, 0x0000000755c00000, 0x0000000755c00000|100%| O|  |TAMS 0x0000000755a00000, 0x0000000755a00000| Untracked 
| 135|0x0000000755c00000, 0x0000000755cb9600, 0x0000000755e00000| 36%| O|  |TAMS 0x0000000755c00000, 0x0000000755c00000| Untracked 
| 136|0x0000000755e00000, 0x0000000755e00000, 0x0000000756000000|  0%| F|  |TAMS 0x0000000755e00000, 0x0000000755e00000| Untracked 
| 137|0x0000000756000000, 0x0000000756000000, 0x0000000756200000|  0%| F|  |TAMS 0x0000000756000000, 0x0000000756000000| Untracked 
| 138|0x0000000756200000, 0x0000000756200000, 0x0000000756400000|  0%| F|  |TAMS 0x0000000756200000, 0x0000000756200000| Untracked 
| 139|0x0000000756400000, 0x0000000756400000, 0x0000000756600000|  0%| F|  |TAMS 0x0000000756400000, 0x0000000756400000| Untracked 
| 140|0x0000000756600000, 0x0000000756600000, 0x0000000756800000|  0%| F|  |TAMS 0x0000000756600000, 0x0000000756600000| Untracked 
| 141|0x0000000756800000, 0x0000000756800000, 0x0000000756a00000|  0%| F|  |TAMS 0x0000000756800000, 0x0000000756800000| Untracked 
| 142|0x0000000756a00000, 0x0000000756a00000, 0x0000000756c00000|  0%| F|  |TAMS 0x0000000756a00000, 0x0000000756a00000| Untracked 
| 143|0x0000000756c00000, 0x0000000756c00000, 0x0000000756e00000|  0%| F|  |TAMS 0x0000000756c00000, 0x0000000756c00000| Untracked 
| 144|0x0000000756e00000, 0x0000000756e00000, 0x0000000757000000|  0%| F|  |TAMS 0x0000000756e00000, 0x0000000756e00000| Untracked 
| 145|0x0000000757000000, 0x0000000757000000, 0x0000000757200000|  0%| F|  |TAMS 0x0000000757000000, 0x0000000757000000| Untracked 
| 146|0x0000000757200000, 0x0000000757200000, 0x0000000757400000|  0%| F|  |TAMS 0x0000000757200000, 0x0000000757200000| Untracked 
| 147|0x0000000757400000, 0x0000000757400000, 0x0000000757600000|  0%| F|  |TAMS 0x0000000757400000, 0x0000000757400000| Untracked 
| 148|0x0000000757600000, 0x0000000757600000, 0x0000000757800000|  0%| F|  |TAMS 0x0000000757600000, 0x0000000757600000| Untracked 
| 149|0x0000000757800000, 0x0000000757800000, 0x0000000757a00000|  0%| F|  |TAMS 0x0000000757800000, 0x0000000757800000| Untracked 
| 150|0x0000000757a00000, 0x0000000757a00000, 0x0000000757c00000|  0%| F|  |TAMS 0x0000000757a00000, 0x0000000757a00000| Untracked 
| 151|0x0000000757c00000, 0x0000000757c00000, 0x0000000757e00000|  0%| F|  |TAMS 0x0000000757c00000, 0x0000000757c00000| Untracked 
| 152|0x0000000757e00000, 0x0000000757e00000, 0x0000000758000000|  0%| F|  |TAMS 0x0000000757e00000, 0x0000000757e00000| Untracked 
| 153|0x0000000758000000, 0x0000000758000000, 0x0000000758200000|  0%| F|  |TAMS 0x0000000758000000, 0x0000000758000000| Untracked 
| 154|0x0000000758200000, 0x0000000758200000, 0x0000000758400000|  0%| F|  |TAMS 0x0000000758200000, 0x0000000758200000| Untracked 
| 155|0x0000000758400000, 0x0000000758400000, 0x0000000758600000|  0%| F|  |TAMS 0x0000000758400000, 0x0000000758400000| Untracked 
| 156|0x0000000758600000, 0x0000000758600000, 0x0000000758800000|  0%| F|  |TAMS 0x0000000758600000, 0x0000000758600000| Untracked 
| 157|0x0000000758800000, 0x0000000758800000, 0x0000000758a00000|  0%| F|  |TAMS 0x0000000758800000, 0x0000000758800000| Untracked 
| 158|0x0000000758a00000, 0x0000000758a00000, 0x0000000758c00000|  0%| F|  |TAMS 0x0000000758a00000, 0x0000000758a00000| Untracked 
| 159|0x0000000758c00000, 0x0000000758c00000, 0x0000000758e00000|  0%| F|  |TAMS 0x0000000758c00000, 0x0000000758c00000| Untracked 
| 160|0x0000000758e00000, 0x0000000758e00000, 0x0000000759000000|  0%| F|  |TAMS 0x0000000758e00000, 0x0000000758e00000| Untracked 
| 161|0x0000000759000000, 0x0000000759000000, 0x0000000759200000|  0%| F|  |TAMS 0x0000000759000000, 0x0000000759000000| Untracked 
| 162|0x0000000759200000, 0x0000000759200000, 0x0000000759400000|  0%| F|  |TAMS 0x0000000759200000, 0x0000000759200000| Untracked 
| 163|0x0000000759400000, 0x0000000759400000, 0x0000000759600000|  0%| F|  |TAMS 0x0000000759400000, 0x0000000759400000| Untracked 
| 164|0x0000000759600000, 0x0000000759600000, 0x0000000759800000|  0%| F|  |TAMS 0x0000000759600000, 0x0000000759600000| Untracked 
| 165|0x0000000759800000, 0x0000000759800000, 0x0000000759a00000|  0%| F|  |TAMS 0x0000000759800000, 0x0000000759800000| Untracked 
| 166|0x0000000759a00000, 0x0000000759a00000, 0x0000000759c00000|  0%| F|  |TAMS 0x0000000759a00000, 0x0000000759a00000| Untracked 
| 167|0x0000000759c00000, 0x0000000759c00000, 0x0000000759e00000|  0%| F|  |TAMS 0x0000000759c00000, 0x0000000759c00000| Untracked 
| 168|0x0000000759e00000, 0x0000000759e00000, 0x000000075a000000|  0%| F|  |TAMS 0x0000000759e00000, 0x0000000759e00000| Untracked 
| 169|0x000000075a000000, 0x000000075a000000, 0x000000075a200000|  0%| F|  |TAMS 0x000000075a000000, 0x000000075a000000| Untracked 
| 170|0x000000075a200000, 0x000000075a200000, 0x000000075a400000|  0%| F|  |TAMS 0x000000075a200000, 0x000000075a200000| Untracked 
| 171|0x000000075a400000, 0x000000075a400000, 0x000000075a600000|  0%| F|  |TAMS 0x000000075a400000, 0x000000075a400000| Untracked 
| 172|0x000000075a600000, 0x000000075a600000, 0x000000075a800000|  0%| F|  |TAMS 0x000000075a600000, 0x000000075a600000| Untracked 
| 173|0x000000075a800000, 0x000000075a800000, 0x000000075aa00000|  0%| F|  |TAMS 0x000000075a800000, 0x000000075a800000| Untracked 
| 174|0x000000075aa00000, 0x000000075aa00000, 0x000000075ac00000|  0%| F|  |TAMS 0x000000075aa00000, 0x000000075aa00000| Untracked 
| 175|0x000000075ac00000, 0x000000075ac00000, 0x000000075ae00000|  0%| F|  |TAMS 0x000000075ac00000, 0x000000075ac00000| Untracked 
| 176|0x000000075ae00000, 0x000000075ae00000, 0x000000075b000000|  0%| F|  |TAMS 0x000000075ae00000, 0x000000075ae00000| Untracked 
| 177|0x000000075b000000, 0x000000075b0c7380, 0x000000075b200000| 38%| S|CS|TAMS 0x000000075b000000, 0x000000075b000000| Complete 
| 178|0x000000075b200000, 0x000000075b400000, 0x000000075b400000|100%| S|CS|TAMS 0x000000075b200000, 0x000000075b200000| Complete 
| 179|0x000000075b400000, 0x000000075b600000, 0x000000075b600000|100%| S|CS|TAMS 0x000000075b400000, 0x000000075b400000| Complete 
| 180|0x000000075b600000, 0x000000075b800000, 0x000000075b800000|100%| S|CS|TAMS 0x000000075b600000, 0x000000075b600000| Complete 
| 181|0x000000075b800000, 0x000000075ba00000, 0x000000075ba00000|100%| S|CS|TAMS 0x000000075b800000, 0x000000075b800000| Complete 
| 182|0x000000075ba00000, 0x000000075bc00000, 0x000000075bc00000|100%| S|CS|TAMS 0x000000075ba00000, 0x000000075ba00000| Complete 
| 183|0x000000075bc00000, 0x000000075bc00000, 0x000000075be00000|  0%| F|  |TAMS 0x000000075bc00000, 0x000000075bc00000| Untracked 
| 184|0x000000075be00000, 0x000000075be00000, 0x000000075c000000|  0%| F|  |TAMS 0x000000075be00000, 0x000000075be00000| Untracked 
| 185|0x000000075c000000, 0x000000075c000000, 0x000000075c200000|  0%| F|  |TAMS 0x000000075c000000, 0x000000075c000000| Untracked 
| 186|0x000000075c200000, 0x000000075c200000, 0x000000075c400000|  0%| F|  |TAMS 0x000000075c200000, 0x000000075c200000| Untracked 
| 187|0x000000075c400000, 0x000000075c400000, 0x000000075c600000|  0%| F|  |TAMS 0x000000075c400000, 0x000000075c400000| Untracked 
| 188|0x000000075c600000, 0x000000075c600000, 0x000000075c800000|  0%| F|  |TAMS 0x000000075c600000, 0x000000075c600000| Untracked 
| 189|0x000000075c800000, 0x000000075c800000, 0x000000075ca00000|  0%| F|  |TAMS 0x000000075c800000, 0x000000075c800000| Untracked 
| 190|0x000000075ca00000, 0x000000075ca00000, 0x000000075cc00000|  0%| F|  |TAMS 0x000000075ca00000, 0x000000075ca00000| Untracked 
| 191|0x000000075cc00000, 0x000000075cc00000, 0x000000075ce00000|  0%| F|  |TAMS 0x000000075cc00000, 0x000000075cc00000| Untracked 
| 192|0x000000075ce00000, 0x000000075ce00000, 0x000000075d000000|  0%| F|  |TAMS 0x000000075ce00000, 0x000000075ce00000| Untracked 
| 193|0x000000075d000000, 0x000000075d000000, 0x000000075d200000|  0%| F|  |TAMS 0x000000075d000000, 0x000000075d000000| Untracked 
| 194|0x000000075d200000, 0x000000075d200000, 0x000000075d400000|  0%| F|  |TAMS 0x000000075d200000, 0x000000075d200000| Untracked 
| 195|0x000000075d400000, 0x000000075d400000, 0x000000075d600000|  0%| F|  |TAMS 0x000000075d400000, 0x000000075d400000| Untracked 
| 196|0x000000075d600000, 0x000000075d600000, 0x000000075d800000|  0%| F|  |TAMS 0x000000075d600000, 0x000000075d600000| Untracked 
| 197|0x000000075d800000, 0x000000075d800000, 0x000000075da00000|  0%| F|  |TAMS 0x000000075d800000, 0x000000075d800000| Untracked 
| 198|0x000000075da00000, 0x000000075da00000, 0x000000075dc00000|  0%| F|  |TAMS 0x000000075da00000, 0x000000075da00000| Untracked 
| 199|0x000000075dc00000, 0x000000075dc00000, 0x000000075de00000|  0%| F|  |TAMS 0x000000075dc00000, 0x000000075dc00000| Untracked 
| 200|0x000000075de00000, 0x000000075de00000, 0x000000075e000000|  0%| F|  |TAMS 0x000000075de00000, 0x000000075de00000| Untracked 
| 201|0x000000075e000000, 0x000000075e000000, 0x000000075e200000|  0%| F|  |TAMS 0x000000075e000000, 0x000000075e000000| Untracked 
| 202|0x000000075e200000, 0x000000075e200000, 0x000000075e400000|  0%| F|  |TAMS 0x000000075e200000, 0x000000075e200000| Untracked 
| 203|0x000000075e400000, 0x000000075e400000, 0x000000075e600000|  0%| F|  |TAMS 0x000000075e400000, 0x000000075e400000| Untracked 
| 204|0x000000075e600000, 0x000000075e600000, 0x000000075e800000|  0%| F|  |TAMS 0x000000075e600000, 0x000000075e600000| Untracked 
| 205|0x000000075e800000, 0x000000075e800000, 0x000000075ea00000|  0%| F|  |TAMS 0x000000075e800000, 0x000000075e800000| Untracked 
| 206|0x000000075ea00000, 0x000000075ea00000, 0x000000075ec00000|  0%| F|  |TAMS 0x000000075ea00000, 0x000000075ea00000| Untracked 
| 207|0x000000075ec00000, 0x000000075ec00000, 0x000000075ee00000|  0%| F|  |TAMS 0x000000075ec00000, 0x000000075ec00000| Untracked 
| 208|0x000000075ee00000, 0x000000075ee00000, 0x000000075f000000|  0%| F|  |TAMS 0x000000075ee00000, 0x000000075ee00000| Untracked 
| 209|0x000000075f000000, 0x000000075f000000, 0x000000075f200000|  0%| F|  |TAMS 0x000000075f000000, 0x000000075f000000| Untracked 
| 210|0x000000075f200000, 0x000000075f200000, 0x000000075f400000|  0%| F|  |TAMS 0x000000075f200000, 0x000000075f200000| Untracked 
| 211|0x000000075f400000, 0x000000075f400000, 0x000000075f600000|  0%| F|  |TAMS 0x000000075f400000, 0x000000075f400000| Untracked 
| 212|0x000000075f600000, 0x000000075f600000, 0x000000075f800000|  0%| F|  |TAMS 0x000000075f600000, 0x000000075f600000| Untracked 
| 213|0x000000075f800000, 0x000000075f800000, 0x000000075fa00000|  0%| F|  |TAMS 0x000000075f800000, 0x000000075f800000| Untracked 
| 214|0x000000075fa00000, 0x000000075fa00000, 0x000000075fc00000|  0%| F|  |TAMS 0x000000075fa00000, 0x000000075fa00000| Untracked 
| 215|0x000000075fc00000, 0x000000075fc00000, 0x000000075fe00000|  0%| F|  |TAMS 0x000000075fc00000, 0x000000075fc00000| Untracked 
| 216|0x000000075fe00000, 0x000000075fe00000, 0x0000000760000000|  0%| F|  |TAMS 0x000000075fe00000, 0x000000075fe00000| Untracked 
| 217|0x0000000760000000, 0x0000000760000000, 0x0000000760200000|  0%| F|  |TAMS 0x0000000760000000, 0x0000000760000000| Untracked 
| 218|0x0000000760200000, 0x0000000760200000, 0x0000000760400000|  0%| F|  |TAMS 0x0000000760200000, 0x0000000760200000| Untracked 
| 219|0x0000000760400000, 0x0000000760400000, 0x0000000760600000|  0%| F|  |TAMS 0x0000000760400000, 0x0000000760400000| Untracked 
| 220|0x0000000760600000, 0x0000000760600000, 0x0000000760800000|  0%| F|  |TAMS 0x0000000760600000, 0x0000000760600000| Untracked 
| 221|0x0000000760800000, 0x0000000760800000, 0x0000000760a00000|  0%| F|  |TAMS 0x0000000760800000, 0x0000000760800000| Untracked 
| 222|0x0000000760a00000, 0x0000000760a00000, 0x0000000760c00000|  0%| F|  |TAMS 0x0000000760a00000, 0x0000000760a00000| Untracked 
| 223|0x0000000760c00000, 0x0000000760c00000, 0x0000000760e00000|  0%| F|  |TAMS 0x0000000760c00000, 0x0000000760c00000| Untracked 
| 224|0x0000000760e00000, 0x0000000760e00000, 0x0000000761000000|  0%| F|  |TAMS 0x0000000760e00000, 0x0000000760e00000| Untracked 
| 225|0x0000000761000000, 0x0000000761000000, 0x0000000761200000|  0%| F|  |TAMS 0x0000000761000000, 0x0000000761000000| Untracked 
| 226|0x0000000761200000, 0x0000000761200000, 0x0000000761400000|  0%| F|  |TAMS 0x0000000761200000, 0x0000000761200000| Untracked 
| 227|0x0000000761400000, 0x0000000761400000, 0x0000000761600000|  0%| F|  |TAMS 0x0000000761400000, 0x0000000761400000| Untracked 
| 228|0x0000000761600000, 0x0000000761600000, 0x0000000761800000|  0%| F|  |TAMS 0x0000000761600000, 0x0000000761600000| Untracked 
| 229|0x0000000761800000, 0x0000000761800000, 0x0000000761a00000|  0%| F|  |TAMS 0x0000000761800000, 0x0000000761800000| Untracked 
| 230|0x0000000761a00000, 0x0000000761a00000, 0x0000000761c00000|  0%| F|  |TAMS 0x0000000761a00000, 0x0000000761a00000| Untracked 
| 231|0x0000000761c00000, 0x0000000761c00000, 0x0000000761e00000|  0%| F|  |TAMS 0x0000000761c00000, 0x0000000761c00000| Untracked 
| 232|0x0000000761e00000, 0x0000000761e00000, 0x0000000762000000|  0%| F|  |TAMS 0x0000000761e00000, 0x0000000761e00000| Untracked 
| 233|0x0000000762000000, 0x0000000762000000, 0x0000000762200000|  0%| F|  |TAMS 0x0000000762000000, 0x0000000762000000| Untracked 
| 234|0x0000000762200000, 0x0000000762200000, 0x0000000762400000|  0%| F|  |TAMS 0x0000000762200000, 0x0000000762200000| Untracked 
| 235|0x0000000762400000, 0x0000000762400000, 0x0000000762600000|  0%| F|  |TAMS 0x0000000762400000, 0x0000000762400000| Untracked 
| 236|0x0000000762600000, 0x0000000762600000, 0x0000000762800000|  0%| F|  |TAMS 0x0000000762600000, 0x0000000762600000| Untracked 
| 237|0x0000000762800000, 0x0000000762800000, 0x0000000762a00000|  0%| F|  |TAMS 0x0000000762800000, 0x0000000762800000| Untracked 
| 238|0x0000000762a00000, 0x0000000762a00000, 0x0000000762c00000|  0%| F|  |TAMS 0x0000000762a00000, 0x0000000762a00000| Untracked 
| 239|0x0000000762c00000, 0x0000000762c00000, 0x0000000762e00000|  0%| F|  |TAMS 0x0000000762c00000, 0x0000000762c00000| Untracked 
| 240|0x0000000762e00000, 0x0000000762e00000, 0x0000000763000000|  0%| F|  |TAMS 0x0000000762e00000, 0x0000000762e00000| Untracked 
| 241|0x0000000763000000, 0x0000000763000000, 0x0000000763200000|  0%| F|  |TAMS 0x0000000763000000, 0x0000000763000000| Untracked 
| 242|0x0000000763200000, 0x0000000763200000, 0x0000000763400000|  0%| F|  |TAMS 0x0000000763200000, 0x0000000763200000| Untracked 
| 243|0x0000000763400000, 0x0000000763400000, 0x0000000763600000|  0%| F|  |TAMS 0x0000000763400000, 0x0000000763400000| Untracked 
| 244|0x0000000763600000, 0x0000000763600000, 0x0000000763800000|  0%| F|  |TAMS 0x0000000763600000, 0x0000000763600000| Untracked 
| 245|0x0000000763800000, 0x0000000763800000, 0x0000000763a00000|  0%| F|  |TAMS 0x0000000763800000, 0x0000000763800000| Untracked 
| 246|0x0000000763a00000, 0x0000000763a00000, 0x0000000763c00000|  0%| F|  |TAMS 0x0000000763a00000, 0x0000000763a00000| Untracked 
| 247|0x0000000763c00000, 0x0000000763c00000, 0x0000000763e00000|  0%| F|  |TAMS 0x0000000763c00000, 0x0000000763c00000| Untracked 
| 248|0x0000000763e00000, 0x0000000763e00000, 0x0000000764000000|  0%| F|  |TAMS 0x0000000763e00000, 0x0000000763e00000| Untracked 
| 249|0x0000000764000000, 0x0000000764000000, 0x0000000764200000|  0%| F|  |TAMS 0x0000000764000000, 0x0000000764000000| Untracked 
| 250|0x0000000764200000, 0x0000000764200000, 0x0000000764400000|  0%| F|  |TAMS 0x0000000764200000, 0x0000000764200000| Untracked 
| 251|0x0000000764400000, 0x0000000764400000, 0x0000000764600000|  0%| F|  |TAMS 0x0000000764400000, 0x0000000764400000| Untracked 
| 252|0x0000000764600000, 0x0000000764600000, 0x0000000764800000|  0%| F|  |TAMS 0x0000000764600000, 0x0000000764600000| Untracked 
| 253|0x0000000764800000, 0x0000000764800000, 0x0000000764a00000|  0%| F|  |TAMS 0x0000000764800000, 0x0000000764800000| Untracked 
| 254|0x0000000764a00000, 0x0000000764a00000, 0x0000000764c00000|  0%| F|  |TAMS 0x0000000764a00000, 0x0000000764a00000| Untracked 
| 255|0x0000000764c00000, 0x0000000764c00000, 0x0000000764e00000|  0%| F|  |TAMS 0x0000000764c00000, 0x0000000764c00000| Untracked 
| 256|0x0000000764e00000, 0x0000000764e00000, 0x0000000765000000|  0%| F|  |TAMS 0x0000000764e00000, 0x0000000764e00000| Untracked 
| 257|0x0000000765000000, 0x0000000765000000, 0x0000000765200000|  0%| F|  |TAMS 0x0000000765000000, 0x0000000765000000| Untracked 
| 258|0x0000000765200000, 0x0000000765200000, 0x0000000765400000|  0%| F|  |TAMS 0x0000000765200000, 0x0000000765200000| Untracked 
| 259|0x0000000765400000, 0x0000000765400000, 0x0000000765600000|  0%| F|  |TAMS 0x0000000765400000, 0x0000000765400000| Untracked 
| 260|0x0000000765600000, 0x0000000765600000, 0x0000000765800000|  0%| F|  |TAMS 0x0000000765600000, 0x0000000765600000| Untracked 
| 261|0x0000000765800000, 0x0000000765800000, 0x0000000765a00000|  0%| F|  |TAMS 0x0000000765800000, 0x0000000765800000| Untracked 
| 262|0x0000000765a00000, 0x0000000765a00000, 0x0000000765c00000|  0%| F|  |TAMS 0x0000000765a00000, 0x0000000765a00000| Untracked 
| 263|0x0000000765c00000, 0x0000000765c00000, 0x0000000765e00000|  0%| F|  |TAMS 0x0000000765c00000, 0x0000000765c00000| Untracked 
| 264|0x0000000765e00000, 0x0000000765e00000, 0x0000000766000000|  0%| F|  |TAMS 0x0000000765e00000, 0x0000000765e00000| Untracked 
| 265|0x0000000766000000, 0x0000000766000000, 0x0000000766200000|  0%| F|  |TAMS 0x0000000766000000, 0x0000000766000000| Untracked 
| 266|0x0000000766200000, 0x0000000766200000, 0x0000000766400000|  0%| F|  |TAMS 0x0000000766200000, 0x0000000766200000| Untracked 

Card table byte_map: [0x000002962e570000,0x000002962eb50000] _byte_map_base: 0x000002962ab49000

Marking Bits (Prev, Next): (CMBitMap*) 0x00000296216601d0, (CMBitMap*) 0x0000029621660190
 Prev Bits: [0x0000029632000000, 0x0000029634ec8000)
 Next Bits: [0x000002962f130000, 0x0000029631ff8000)

Polling page: 0x00000296216e0000

Metaspace:

Usage:
  Non-class:    117.73 MB used.
      Class:     16.10 MB used.
       Both:    133.83 MB used.

Virtual space:
  Non-class space:      128.00 MB reserved,     119.12 MB ( 93%) committed,  2 nodes.
      Class space:        1.00 GB reserved,      17.06 MB (  2%) committed,  1 nodes.
             Both:        1.12 GB reserved,     136.19 MB ( 12%) committed. 

Chunk freelists:
   Non-Class:  8.66 MB
       Class:  14.98 MB
        Both:  23.64 MB

MaxMetaspaceSize: unlimited
CompressedClassSpaceSize: 1.00 GB
Initial GC threshold: 21.00 MB
Current GC threshold: 226.38 MB
CDS: on
MetaspaceReclaimPolicy: balanced
 - commit_granule_bytes: 65536.
 - commit_granule_words: 8192.
 - virtual_space_node_default_size: 8388608.
 - enlarge_chunks_in_place: 1.
 - new_chunks_are_fully_committed: 0.
 - uncommit_free_chunks: 1.
 - use_allocation_guard: 0.
 - handle_deallocations: 1.


Internal statistics:

num_allocs_failed_limit: 24.
num_arena_births: 3240.
num_arena_deaths: 38.
num_vsnodes_births: 3.
num_vsnodes_deaths: 0.
num_space_committed: 2179.
num_space_uncommitted: 0.
num_chunks_returned_to_freelist: 65.
num_chunks_taken_from_freelist: 10220.
num_chunk_merges: 32.
num_chunk_splits: 6647.
num_chunks_enlarged: 4233.
num_inconsistent_stats: 0.

CodeCache: size=49152Kb used=28523Kb max_used=28523Kb free=20628Kb
 bounds [0x000002962a6b0000, 0x000002962c290000, 0x000002962d6b0000]
 total_blobs=15391 nmethods=14631 adapters=682
 compilation: enabled
              stopped_count=0, restarted_count=0
 full_count=0

Compilation events (20 events):
Event: 158.594 Thread 0x000002963799cc10 nmethod 14851 0x000002962c0e4310 code [0x000002962c0e44c0, 0x000002962c0e4698]
Event: 158.598 Thread 0x0000029637888280 nmethod 14847 0x000002962c287210 code [0x000002962c287820, 0x000002962c289d48]
Event: 158.639 Thread 0x000002963799cc10 14855       1       sun.nio.fs.WindowsException::fillInStackTrace (2 bytes)
Event: 158.639 Thread 0x0000029637888280 14854       1       sun.nio.fs.WindowsException::<init> (15 bytes)
Event: 158.639 Thread 0x000002963799cc10 nmethod 14855 0x000002962c0e3c10 code [0x000002962c0e3da0, 0x000002962c0e3e78]
Event: 158.639 Thread 0x0000029637888280 nmethod 14854 0x000002962c0e3790 code [0x000002962c0e3940, 0x000002962c0e3b98]
Event: 158.641 Thread 0x0000029637888280 14856       1       nonapi.io.github.classgraph.types.TypeUtils::getIdentifierToken (91 bytes)
Event: 158.643 Thread 0x0000029637888280 nmethod 14856 0x000002962c0e3010 code [0x000002962c0e31e0, 0x000002962c0e34d8]
Event: 158.646 Thread 0x0000029637888280 14857       1       sun.nio.fs.WindowsException::translateToIOException (109 bytes)
Event: 158.646 Thread 0x000002963799cc10 14858       1       java.nio.file.NoSuchFileException::<init> (8 bytes)
Event: 158.646 Thread 0x000002963799cc10 nmethod 14858 0x000002962c0e2c10 code [0x000002962c0e2da0, 0x000002962c0e2f68]
Event: 158.646 Thread 0x000002963799cc10 14859       1       java.nio.file.FileSystemException::<init> (16 bytes)
Event: 158.647 Thread 0x000002963799cc10 nmethod 14859 0x000002962c0e2810 code [0x000002962c0e29a0, 0x000002962c0e2b48]
Event: 158.647 Thread 0x0000029637888280 nmethod 14857 0x000002962c0e1d10 code [0x000002962c0e1f40, 0x000002962c0e25a8]
Event: 158.659 Thread 0x0000029637888280 14860       1       sun.nio.fs.WindowsException::rethrowAsIOException (39 bytes)
Event: 158.660 Thread 0x0000029637888280 nmethod 14860 0x000002962c0e1690 code [0x000002962c0e1820, 0x000002962c0e1928]
Event: 158.713 Thread 0x0000029637888280 14861       1       nonapi.io.github.classgraph.types.Parser::getPosition (5 bytes)
Event: 158.713 Thread 0x0000029637888280 nmethod 14861 0x000002962c0e1390 code [0x000002962c0e1520, 0x000002962c0e15f8]
Event: 158.713 Thread 0x0000029637888280 14862       1       io.github.classgraph.ScanResultObject::setScanResult (6 bytes)
Event: 158.713 Thread 0x0000029637888280 nmethod 14862 0x000002962c0e1090 code [0x000002962c0e1220, 0x000002962c0e1338]

GC Heap History (20 events):
Event: 143.366 GC heap after
{Heap after GC invocations=78 (full 0):
 garbage-first heap   total 382976K, used 237829K [0x0000000744e00000, 0x0000000800000000)
  region size 2048K, 5 young (10240K), 5 survivors (10240K)
 Metaspace       used 128312K, committed 130432K, reserved 1179648K
  class space    used 15817K, committed 16640K, reserved 1048576K
}
Event: 145.029 GC heap before
{Heap before GC invocations=78 (full 0):
 garbage-first heap   total 382976K, used 332037K [0x0000000744e00000, 0x0000000800000000)
  region size 2048K, 51 young (104448K), 5 survivors (10240K)
 Metaspace       used 129663K, committed 131840K, reserved 1179648K
  class space    used 15913K, committed 16768K, reserved 1048576K
}
Event: 145.049 GC heap after
{Heap after GC invocations=79 (full 0):
 garbage-first heap   total 382976K, used 240879K [0x0000000744e00000, 0x0000000800000000)
  region size 2048K, 5 young (10240K), 5 survivors (10240K)
 Metaspace       used 129663K, committed 131840K, reserved 1179648K
  class space    used 15913K, committed 16768K, reserved 1048576K
}
Event: 147.090 GC heap before
{Heap before GC invocations=79 (full 0):
 garbage-first heap   total 382976K, used 333039K [0x0000000744e00000, 0x0000000800000000)
  region size 2048K, 50 young (102400K), 5 survivors (10240K)
 Metaspace       used 131118K, committed 133376K, reserved 1179648K
  class space    used 16012K, committed 16896K, reserved 1048576K
}
Event: 147.108 GC heap after
{Heap after GC invocations=80 (full 0):
 garbage-first heap   total 382976K, used 244339K [0x0000000744e00000, 0x0000000800000000)
  region size 2048K, 5 young (10240K), 5 survivors (10240K)
 Metaspace       used 131118K, committed 133376K, reserved 1179648K
  class space    used 16012K, committed 16896K, reserved 1048576K
}
Event: 148.643 GC heap before
{Heap before GC invocations=80 (full 0):
 garbage-first heap   total 382976K, used 332403K [0x0000000744e00000, 0x0000000800000000)
  region size 2048K, 48 young (98304K), 5 survivors (10240K)
 Metaspace       used 132325K, committed 134656K, reserved 1179648K
  class space    used 16095K, committed 17024K, reserved 1048576K
}
Event: 148.660 GC heap after
{Heap after GC invocations=81 (full 0):
 garbage-first heap   total 382976K, used 247327K [0x0000000744e00000, 0x0000000800000000)
  region size 2048K, 5 young (10240K), 5 survivors (10240K)
 Metaspace       used 132325K, committed 134656K, reserved 1179648K
  class space    used 16095K, committed 17024K, reserved 1048576K
}
Event: 149.560 GC heap before
{Heap before GC invocations=81 (full 0):
 garbage-first heap   total 382976K, used 308767K [0x0000000744e00000, 0x0000000800000000)
  region size 2048K, 36 young (73728K), 5 survivors (10240K)
 Metaspace       used 133203K, committed 135488K, reserved 1179648K
  class space    used 16156K, committed 17088K, reserved 1048576K
}
Event: 149.576 GC heap after
{Heap after GC invocations=82 (full 0):
 garbage-first heap   total 382976K, used 249318K [0x0000000744e00000, 0x0000000800000000)
  region size 2048K, 5 young (10240K), 5 survivors (10240K)
 Metaspace       used 133203K, committed 135488K, reserved 1179648K
  class space    used 16156K, committed 17088K, reserved 1048576K
}
Event: 151.295 GC heap before
{Heap before GC invocations=83 (full 0):
 garbage-first heap   total 450560K, used 323046K [0x0000000744e00000, 0x0000000800000000)
  region size 2048K, 42 young (86016K), 5 survivors (10240K)
 Metaspace       used 134021K, committed 136320K, reserved 1179648K
  class space    used 16211K, committed 17152K, reserved 1048576K
}
Event: 151.315 GC heap after
{Heap after GC invocations=84 (full 0):
 garbage-first heap   total 450560K, used 249762K [0x0000000744e00000, 0x0000000800000000)
  region size 2048K, 4 young (8192K), 4 survivors (8192K)
 Metaspace       used 134021K, committed 136320K, reserved 1179648K
  class space    used 16211K, committed 17152K, reserved 1048576K
}
Event: 151.492 GC heap before
{Heap before GC invocations=84 (full 0):
 garbage-first heap   total 450560K, used 264098K [0x0000000744e00000, 0x0000000800000000)
  region size 2048K, 11 young (22528K), 4 survivors (8192K)
 Metaspace       used 134100K, committed 136448K, reserved 1179648K
  class space    used 16216K, committed 17152K, reserved 1048576K
}
Event: 151.513 GC heap after
{Heap after GC invocations=85 (full 0):
 garbage-first heap   total 450560K, used 235548K [0x0000000744e00000, 0x0000000800000000)
  region size 2048K, 1 young (2048K), 1 survivors (2048K)
 Metaspace       used 134100K, committed 136448K, reserved 1179648K
  class space    used 16216K, committed 17152K, reserved 1048576K
}
Event: 153.980 GC heap before
{Heap before GC invocations=85 (full 0):
 garbage-first heap   total 450560K, used 389148K [0x0000000744e00000, 0x0000000800000000)
  region size 2048K, 76 young (155648K), 1 survivors (2048K)
 Metaspace       used 135997K, committed 138368K, reserved 1179648K
  class space    used 16368K, committed 17344K, reserved 1048576K
}
Event: 153.994 GC heap after
{Heap after GC invocations=86 (full 0):
 garbage-first heap   total 450560K, used 239426K [0x0000000744e00000, 0x0000000800000000)
  region size 2048K, 3 young (6144K), 3 survivors (6144K)
 Metaspace       used 135997K, committed 138368K, reserved 1179648K
  class space    used 16368K, committed 17344K, reserved 1048576K
}
Event: 155.073 GC heap before
{Heap before GC invocations=87 (full 0):
 garbage-first heap   total 546816K, used 378690K [0x0000000744e00000, 0x0000000800000000)
  region size 2048K, 72 young (147456K), 3 survivors (6144K)
 Metaspace       used 136729K, committed 139136K, reserved 1179648K
  class space    used 16448K, committed 17408K, reserved 1048576K
}
Event: 155.143 GC heap after
{Heap after GC invocations=88 (full 0):
 garbage-first heap   total 546816K, used 272011K [0x0000000744e00000, 0x0000000800000000)
  region size 2048K, 9 young (18432K), 9 survivors (18432K)
 Metaspace       used 136729K, committed 139136K, reserved 1179648K
  class space    used 16448K, committed 17408K, reserved 1048576K
}
Event: 155.475 GC heap before
{Heap before GC invocations=88 (full 0):
 garbage-first heap   total 546816K, used 280203K [0x0000000744e00000, 0x0000000800000000)
  region size 2048K, 13 young (26624K), 9 survivors (18432K)
 Metaspace       used 136729K, committed 139136K, reserved 1179648K
  class space    used 16448K, committed 17408K, reserved 1048576K
}
Event: 155.509 GC heap after
{Heap after GC invocations=89 (full 0):
 garbage-first heap   total 546816K, used 269774K [0x0000000744e00000, 0x0000000800000000)
  region size 2048K, 1 young (2048K), 1 survivors (2048K)
 Metaspace       used 136729K, committed 139136K, reserved 1179648K
  class space    used 16448K, committed 17408K, reserved 1048576K
}
Event: 158.773 GC heap before
{Heap before GC invocations=89 (full 0):
 garbage-first heap   total 546816K, used 439758K [0x0000000744e00000, 0x0000000800000000)
  region size 2048K, 84 young (172032K), 1 survivors (2048K)
 Metaspace       used 137036K, committed 139456K, reserved 1179648K
  class space    used 16482K, committed 17472K, reserved 1048576K
}

Deoptimization events (20 events):
Event: 88.259 Thread 0x0000029621607180 DEOPT PACKING pc=0x000002962ac197e2 sp=0x00000098c58f5770
Event: 88.259 Thread 0x0000029621607180 DEOPT UNPACKING pc=0x000002962a7066e3 sp=0x00000098c58f4c78 mode 3
Event: 88.259 Thread 0x0000029621607180 DEOPT PACKING pc=0x000002962ac0b9e5 sp=0x00000098c58f5730
Event: 88.259 Thread 0x0000029621607180 DEOPT UNPACKING pc=0x000002962a7066e3 sp=0x00000098c58f4c78 mode 3
Event: 90.709 Thread 0x0000029621607180 DEOPT PACKING pc=0x000002962b444434 sp=0x00000098c58f5610
Event: 90.709 Thread 0x0000029621607180 DEOPT UNPACKING pc=0x000002962a7066e3 sp=0x00000098c58f4bd8 mode 0
Event: 90.945 Thread 0x0000029621607180 DEOPT PACKING pc=0x000002962b444434 sp=0x00000098c58f67b0
Event: 90.946 Thread 0x0000029621607180 DEOPT UNPACKING pc=0x000002962a7066e3 sp=0x00000098c58f5d78 mode 0
Event: 91.198 Thread 0x0000029621607180 DEOPT PACKING pc=0x000002962b444434 sp=0x00000098c58f8b10
Event: 91.198 Thread 0x0000029621607180 DEOPT UNPACKING pc=0x000002962a7066e3 sp=0x00000098c58f80d8 mode 0
Event: 91.278 Thread 0x0000029621607180 DEOPT PACKING pc=0x000002962b444434 sp=0x00000098c58f9ca0
Event: 91.278 Thread 0x0000029621607180 DEOPT UNPACKING pc=0x000002962a7066e3 sp=0x00000098c58f9268 mode 0
Event: 132.026 Thread 0x0000029621607180 DEOPT PACKING pc=0x000002962b444434 sp=0x00000098c58fc0b0
Event: 132.026 Thread 0x0000029621607180 DEOPT UNPACKING pc=0x000002962a7066e3 sp=0x00000098c58fb678 mode 0
Event: 133.362 Thread 0x0000029621607180 DEOPT PACKING pc=0x000002962b215aec sp=0x00000098c58fe010
Event: 133.362 Thread 0x0000029621607180 DEOPT UNPACKING pc=0x000002962a7066e3 sp=0x00000098c58fd5a8 mode 0
Event: 133.362 Thread 0x0000029621607180 DEOPT PACKING pc=0x000002962b215aec sp=0x00000098c58fe500
Event: 133.362 Thread 0x0000029621607180 DEOPT UNPACKING pc=0x000002962a7066e3 sp=0x00000098c58fda98 mode 0
Event: 153.418 Thread 0x0000029621607180 DEOPT PACKING pc=0x000002962c02cda4 sp=0x00000098c58fc3f0
Event: 153.418 Thread 0x0000029621607180 DEOPT UNPACKING pc=0x000002962a7066e3 sp=0x00000098c58fb968 mode 0

Classes unloaded (19 events):
Event: 24.461 Thread 0x000002963797b3f0 Unloading class 0x00000296391b0000 'SC'
Event: 150.091 Thread 0x000002963797b3f0 Unloading class 0x00000296392d0400 'java/lang/invoke/LambdaForm$DMH+0x00000296392d0400'
Event: 150.091 Thread 0x000002963797b3f0 Unloading class 0x00000296391c9c00 'java/lang/invoke/LambdaForm$MH+0x00000296391c9c00'
Event: 150.091 Thread 0x000002963797b3f0 Unloading class 0x00000296391b2c00 'java/lang/invoke/LambdaForm$MH+0x00000296391b2c00'
Event: 150.091 Thread 0x000002963797b3f0 Unloading class 0x00000296391b2400 'java/lang/invoke/LambdaForm$MH+0x00000296391b2400'
Event: 150.091 Thread 0x000002963797b3f0 Unloading class 0x00000296391b2000 'java/lang/invoke/LambdaForm$MH+0x00000296391b2000'
Event: 150.091 Thread 0x000002963797b3f0 Unloading class 0x00000296391b1c00 'java/lang/invoke/LambdaForm$MH+0x00000296391b1c00'
Event: 150.091 Thread 0x000002963797b3f0 Unloading class 0x00000296391b1800 'java/lang/invoke/LambdaForm$MH+0x00000296391b1800'
Event: 150.091 Thread 0x000002963797b3f0 Unloading class 0x00000296391b1400 'java/lang/invoke/LambdaForm$MH+0x00000296391b1400'
Event: 150.091 Thread 0x000002963797b3f0 Unloading class 0x00000296391b0c00 'java/lang/invoke/LambdaForm$MH+0x00000296391b0c00'
Event: 150.091 Thread 0x000002963797b3f0 Unloading class 0x000002963910c400 'java/lang/invoke/LambdaForm$DMH+0x000002963910c400'
Event: 150.091 Thread 0x000002963797b3f0 Unloading class 0x0000029639016c00 'java/lang/invoke/LambdaForm$MH+0x0000029639016c00'
Event: 150.091 Thread 0x000002963797b3f0 Unloading class 0x0000029639016400 'java/lang/invoke/LambdaForm$MH+0x0000029639016400'
Event: 150.091 Thread 0x000002963797b3f0 Unloading class 0x0000029639016000 'java/lang/invoke/LambdaForm$MH+0x0000029639016000'
Event: 150.091 Thread 0x000002963797b3f0 Unloading class 0x0000029639015c00 'java/lang/invoke/LambdaForm$MH+0x0000029639015c00'
Event: 150.091 Thread 0x000002963797b3f0 Unloading class 0x0000029639015800 'java/lang/invoke/LambdaForm$MH+0x0000029639015800'
Event: 150.091 Thread 0x000002963797b3f0 Unloading class 0x0000029639015400 'java/lang/invoke/LambdaForm$MH+0x0000029639015400'
Event: 150.091 Thread 0x000002963797b3f0 Unloading class 0x0000029639014c00 'java/lang/invoke/LambdaForm$MH+0x0000029639014c00'
Event: 150.091 Thread 0x000002963797b3f0 Unloading class 0x0000029639014400 'java/lang/invoke/LambdaForm$MH+0x0000029639014400'

Classes redefined (0 events):
No events

Internal exceptions (20 events):
Event: 158.683 Thread 0x0000029605cb9f30 Exception <a 'sun/nio/fs/WindowsException'{0x000000075d29dcb8}> (0x000000075d29dcb8) 
thrown [s\open\src\hotspot\share\prims\jni.cpp, line 516]
Event: 158.684 Thread 0x0000029605cb9f30 Exception <a 'sun/nio/fs/WindowsException'{0x000000075d29e088}> (0x000000075d29e088) 
thrown [s\open\src\hotspot\share\prims\jni.cpp, line 516]
Event: 158.688 Thread 0x0000029605cb4e30 Exception <a 'sun/nio/fs/WindowsException'{0x000000075c744c58}> (0x000000075c744c58) 
thrown [s\open\src\hotspot\share\prims\jni.cpp, line 516]
Event: 158.688 Thread 0x0000029605cb4e30 Exception <a 'sun/nio/fs/WindowsException'{0x000000075c745060}> (0x000000075c745060) 
thrown [s\open\src\hotspot\share\prims\jni.cpp, line 516]
Event: 158.688 Thread 0x0000029605cb71a0 Exception <a 'sun/nio/fs/WindowsException'{0x000000075ca24c90}> (0x000000075ca24c90) 
thrown [s\open\src\hotspot\share\prims\jni.cpp, line 516]
Event: 158.688 Thread 0x0000029605cb71a0 Exception <a 'sun/nio/fs/WindowsException'{0x000000075ca25140}> (0x000000075ca25140) 
thrown [s\open\src\hotspot\share\prims\jni.cpp, line 516]
Event: 158.688 Thread 0x0000029605cb4e30 Exception <a 'sun/nio/fs/WindowsException'{0x000000075c745be0}> (0x000000075c745be0) 
thrown [s\open\src\hotspot\share\prims\jni.cpp, line 516]
Event: 158.688 Thread 0x0000029605cba950 Exception <a 'sun/nio/fs/WindowsException'{0x000000075c6b0278}> (0x000000075c6b0278) 
thrown [s\open\src\hotspot\share\prims\jni.cpp, line 516]
Event: 158.689 Thread 0x0000029605cb4e30 Exception <a 'sun/nio/fs/WindowsException'{0x000000075c745f58}> (0x000000075c745f58) 
thrown [s\open\src\hotspot\share\prims\jni.cpp, line 516]
Event: 158.689 Thread 0x0000029605cba950 Exception <a 'sun/nio/fs/WindowsException'{0x000000075c6b0608}> (0x000000075c6b0608) 
thrown [s\open\src\hotspot\share\prims\jni.cpp, line 516]
Event: 158.707 Thread 0x0000029605cb3f00 Exception <a 'sun/nio/fs/WindowsException'{0x000000075c44a1b0}> (0x000000075c44a1b0) 
thrown [s\open\src\hotspot\share\prims\jni.cpp, line 516]
Event: 158.708 Thread 0x0000029605cb3f00 Exception <a 'sun/nio/fs/WindowsException'{0x000000075c44a508}> (0x000000075c44a508) 
thrown [s\open\src\hotspot\share\prims\jni.cpp, line 516]
Event: 158.709 Thread 0x0000029605cb3f00 Exception <a 'sun/nio/fs/WindowsException'{0x000000075c44b990}> (0x000000075c44b990) 
thrown [s\open\src\hotspot\share\prims\jni.cpp, line 516]
Event: 158.709 Thread 0x0000029605cb3f00 Exception <a 'sun/nio/fs/WindowsException'{0x000000075c44bcf0}> (0x000000075c44bcf0) 
thrown [s\open\src\hotspot\share\prims\jni.cpp, line 516]
Event: 158.710 Thread 0x0000029605cb3f00 Exception <a 'sun/nio/fs/WindowsException'{0x000000075c44cd78}> (0x000000075c44cd78) 
thrown [s\open\src\hotspot\share\prims\jni.cpp, line 516]
Event: 158.710 Thread 0x0000029605cb3f00 Exception <a 'sun/nio/fs/WindowsException'{0x000000075c44d198}> (0x000000075c44d198) 
thrown [s\open\src\hotspot\share\prims\jni.cpp, line 516]
Event: 158.710 Thread 0x0000029605cb3f00 Exception <a 'sun/nio/fs/WindowsException'{0x000000075c44e018}> (0x000000075c44e018) 
thrown [s\open\src\hotspot\share\prims\jni.cpp, line 516]
Event: 158.710 Thread 0x0000029605cb3f00 Exception <a 'sun/nio/fs/WindowsException'{0x000000075c44e378}> (0x000000075c44e378) 
thrown [s\open\src\hotspot\share\prims\jni.cpp, line 516]
Event: 158.772 Thread 0x0000029605cb9f30 Exception <a 'sun/nio/fs/WindowsException'{0x000000075bcbab00}> (0x000000075bcbab00) 
thrown [s\open\src\hotspot\share\prims\jni.cpp, line 516]
Event: 158.773 Thread 0x0000029605cb9f30 Exception <a 'sun/nio/fs/WindowsException'{0x000000075bcbafa0}> (0x000000075bcbafa0) 
thrown [s\open\src\hotspot\share\prims\jni.cpp, line 516]

VM Operations (20 events):
Event: 153.417 Executing VM operation: HandshakeAllThreads done
Event: 153.980 Executing VM operation: G1CollectForAllocation
Event: 153.994 Executing VM operation: G1CollectForAllocation done
Event: 154.590 Executing VM operation: G1Concurrent
Event: 154.609 Executing VM operation: G1Concurrent done
Event: 154.876 Executing VM operation: HandshakeAllThreads
Event: 154.876 Executing VM operation: HandshakeAllThreads done
Event: 154.967 Executing VM operation: G1Concurrent
Event: 154.967 Executing VM operation: G1Concurrent done
Event: 155.072 Executing VM operation: G1CollectForAllocation
Event: 155.143 Executing VM operation: G1CollectForAllocation done
Event: 155.475 Executing VM operation: G1CollectForAllocation
Event: 155.509 Executing VM operation: G1CollectForAllocation done
Event: 156.517 Executing VM operation: Cleanup
Event: 156.518 Executing VM operation: Cleanup done
Event: 158.445 Executing VM operation: HandshakeAllThreads
Event: 158.445 Executing VM operation: HandshakeAllThreads done
Event: 158.445 Executing VM operation: Cleanup
Event: 158.446 Executing VM operation: Cleanup done
Event: 158.773 Executing VM operation: G1CollectForAllocation

Events (20 events):
Event: 154.158 Thread 0x0000029605cb4410 Thread added: 0x0000029605cb4410
Event: 154.158 Thread 0x0000029605cb39f0 Thread added: 0x0000029605cb39f0
Event: 154.158 loading class sun/nio/fs/WindowsLinkSupport
Event: 154.158 Thread 0x0000029605cb85e0 Thread added: 0x0000029605cb85e0
Event: 154.159 Thread 0x0000029605cb4e30 Thread added: 0x0000029605cb4e30
Event: 154.159 Thread 0x0000029605cb71a0 Thread added: 0x0000029605cb71a0
Event: 154.159 Thread 0x0000029605cb2fd0 Thread added: 0x0000029605cb2fd0
Event: 154.159 loading class sun/nio/fs/WindowsLinkSupport done
Event: 154.159 Thread 0x0000029605cba950 Thread added: 0x0000029605cba950
Event: 154.160 Thread 0x0000029605cb3f00 Thread added: 0x0000029605cb3f00
Event: 154.184 loading class java/nio/channels/spi/AbstractInterruptibleChannel$1
Event: 154.184 loading class java/nio/channels/spi/AbstractInterruptibleChannel$1 done
Event: 154.186 loading class java/nio/ReadOnlyBufferException
Event: 154.186 loading class java/nio/ReadOnlyBufferException done
Event: 154.189 loading class java/util/zip/DataFormatException
Event: 154.189 loading class java/util/zip/DataFormatException done
Event: 154.776 loading class java/util/concurrent/locks/AbstractQueuedSynchronizer$SharedNode
Event: 154.777 loading class java/util/concurrent/locks/AbstractQueuedSynchronizer$SharedNode done
Event: 158.430 loading class sun/nio/fs/WindowsChannelFactory$2
Event: 158.431 loading class sun/nio/fs/WindowsChannelFactory$2 done


Dynamic libraries:
0x00007ff7ae1a0000 - 0x00007ff7ae1b0000 	C:\Program Files\Java\jdk-17\bin\java.exe
0x00007ff87b8b0000 - 0x00007ff87baa8000 	C:\Windows\SYSTEM32\ntdll.dll
0x00007ff87b420000 - 0x00007ff87b4dd000 	C:\Windows\System32\KERNEL32.DLL
0x00007ff8793c0000 - 0x00007ff8796b6000 	C:\Windows\System32\KERNELBASE.dll
0x00007ff879150000 - 0x00007ff879250000 	C:\Windows\System32\ucrtbase.dll
0x00007ff83fdb0000 - 0x00007ff83fdc9000 	C:\Program Files\Java\jdk-17\bin\jli.dll
0x00007ff83fc30000 - 0x00007ff83fc4b000 	C:\Program Files\Java\jdk-17\bin\VCRUNTIME140.dll
0x00007ff87ae80000 - 0x00007ff87af30000 	C:\Windows\System32\ADVAPI32.dll
0x00007ff87b170000 - 0x00007ff87b20e000 	C:\Windows\System32\msvcrt.dll
0x00007ff879a40000 - 0x00007ff879ae0000 	C:\Windows\System32\sechost.dll
0x00007ff87ad50000 - 0x00007ff87ae73000 	C:\Windows\System32\RPCRT4.dll
0x00007ff878f70000 - 0x00007ff878f97000 	C:\Windows\System32\bcrypt.dll
0x00007ff879ae0000 - 0x00007ff879c7f000 	C:\Windows\System32\USER32.dll
0x00007ff857ed0000 - 0x00007ff85816a000 	C:\Windows\WinSxS\amd64_microsoft.windows.common-controls_6595b64144ccf1df_6.0.19041.4355_none_60b8b9eb71f62e16\COMCTL32.dll
0x00007ff879820000 - 0x00007ff879842000 	C:\Windows\System32\win32u.dll
0x00007ff87b290000 - 0x00007ff87b2bb000 	C:\Windows\System32\GDI32.dll
0x00007ff8792a0000 - 0x00007ff8793b7000 	C:\Windows\System32\gdi32full.dll
0x00007ff879850000 - 0x00007ff8798ed000 	C:\Windows\System32\msvcp_win.dll
0x00007ff86feb0000 - 0x00007ff86feba000 	C:\Windows\SYSTEM32\VERSION.dll
0x00007ff87af40000 - 0x00007ff87af6f000 	C:\Windows\System32\IMM32.DLL
0x00007ff8551f0000 - 0x00007ff8551fc000 	C:\Program Files\Java\jdk-17\bin\vcruntime140_1.dll
0x00007ff8345c0000 - 0x00007ff83464e000 	C:\Program Files\Java\jdk-17\bin\msvcp140.dll
0x00007fffef830000 - 0x00007ffff040f000 	C:\Program Files\Java\jdk-17\bin\server\jvm.dll
0x00007ff8667b0000 - 0x00007ff8667d7000 	C:\Windows\SYSTEM32\WINMM.dll
0x00007ff87af30000 - 0x00007ff87af38000 	C:\Windows\System32\PSAPI.DLL
0x00007ff84e370000 - 0x00007ff84e379000 	C:\Windows\SYSTEM32\WSOCK32.dll
0x00007ff87b210000 - 0x00007ff87b27b000 	C:\Windows\System32\WS2_32.dll
0x00007ff877450000 - 0x00007ff877462000 	C:\Windows\SYSTEM32\kernel.appcore.dll
0x00007ff854d70000 - 0x00007ff854d7a000 	C:\Program Files\Java\jdk-17\bin\jimage.dll
0x00007ff8769d0000 - 0x00007ff876bb4000 	C:\Windows\SYSTEM32\DBGHELP.DLL
0x00007ff84d8d0000 - 0x00007ff84d904000 	C:\Windows\SYSTEM32\dbgcore.DLL
0x00007ff8790c0000 - 0x00007ff879142000 	C:\Windows\System32\bcryptPrimitives.dll
0x00007ff83fae0000 - 0x00007ff83fb05000 	C:\Program Files\Java\jdk-17\bin\java.dll
0x00007ff820290000 - 0x00007ff820367000 	C:\Program Files\Java\jdk-17\bin\jsvml.dll
0x00007ff879c80000 - 0x00007ff87a3ec000 	C:\Windows\System32\SHELL32.dll
0x00007ff876ca0000 - 0x00007ff87743d000 	C:\Windows\SYSTEM32\windows.storage.dll
0x00007ff87a4b0000 - 0x00007ff87a803000 	C:\Windows\System32\combase.dll
0x00007ff8788b0000 - 0x00007ff8788de000 	C:\Windows\SYSTEM32\Wldp.dll
0x00007ff8798f0000 - 0x00007ff8799bd000 	C:\Windows\System32\OLEAUT32.dll
0x00007ff87a810000 - 0x00007ff87a8bd000 	C:\Windows\System32\SHCORE.dll
0x00007ff87a3f0000 - 0x00007ff87a445000 	C:\Windows\System32\shlwapi.dll
0x00007ff878ea0000 - 0x00007ff878ec4000 	C:\Windows\SYSTEM32\profapi.dll
0x00007ff83f970000 - 0x00007ff83f989000 	C:\Program Files\Java\jdk-17\bin\net.dll
0x00007ff877ee0000 - 0x00007ff877fea000 	C:\Windows\SYSTEM32\WINHTTP.dll
0x00007ff878690000 - 0x00007ff8786fa000 	C:\Windows\system32\mswsock.dll
0x00007ff83e8b0000 - 0x00007ff83e8c6000 	C:\Program Files\Java\jdk-17\bin\nio.dll
0x00007ff83e870000 - 0x00007ff83e888000 	C:\Program Files\Java\jdk-17\bin\zip.dll
0x00007ff84d820000 - 0x00007ff84d82e000 	C:\Program Files\Java\jdk-17\bin\sunmscapi.dll
0x00007ff8796c0000 - 0x00007ff87981e000 	C:\Windows\System32\CRYPT32.dll
0x00007ff878a00000 - 0x00007ff878a29000 	C:\Windows\SYSTEM32\ncrypt.dll
0x00007ff8789c0000 - 0x00007ff8789fb000 	C:\Windows\SYSTEM32\NTASN1.dll
0x00007ff852ed0000 - 0x00007ff852ee0000 	C:\Program Files\Java\jdk-17\bin\verify.dll
0x00007ff84fc90000 - 0x00007ff84fc9a000 	C:\Program Files\Java\jdk-17\bin\management.dll
0x00007ff84f610000 - 0x00007ff84f61b000 	C:\Program Files\Java\jdk-17\bin\management_ext.dll
0x00007ff8788f0000 - 0x00007ff878908000 	C:\Windows\SYSTEM32\CRYPTSP.dll
0x00007ff877e50000 - 0x00007ff877e84000 	C:\Windows\system32\rsaenh.dll
0x00007ff878e10000 - 0x00007ff878e3e000 	C:\Windows\SYSTEM32\USERENV.dll
0x00007ff878820000 - 0x00007ff87882c000 	C:\Windows\SYSTEM32\CRYPTBASE.dll
0x00007ff878340000 - 0x00007ff87837b000 	C:\Windows\SYSTEM32\IPHLPAPI.DLL
0x00007ff87b280000 - 0x00007ff87b288000 	C:\Windows\System32\NSI.dll
0x00007ff872450000 - 0x00007ff872467000 	C:\Windows\SYSTEM32\dhcpcsvc6.DLL
0x00007ff872340000 - 0x00007ff87235d000 	C:\Windows\SYSTEM32\dhcpcsvc.DLL
0x00007ff878380000 - 0x00007ff87844a000 	C:\Windows\SYSTEM32\DNSAPI.dll
0x00007ff871100000 - 0x00007ff87110a000 	C:\Windows\System32\rasadhlp.dll
0x00007ff872360000 - 0x00007ff8723e0000 	C:\Windows\System32\fwpuclnt.dll
0x00007ff84e270000 - 0x00007ff84e287000 	C:\Windows\system32\napinsp.dll
0x00007ff84e250000 - 0x00007ff84e26b000 	C:\Windows\system32\pnrpnsp.dll
0x00007ff8730f0000 - 0x00007ff873105000 	C:\Windows\system32\wshbth.dll
0x00007ff872c50000 - 0x00007ff872c6d000 	C:\Windows\system32\NLAapi.dll
0x00007ff84e230000 - 0x00007ff84e242000 	C:\Windows\System32\winrnr.dll

dbghelp: loaded successfully - version: 4.0.5 - missing functions: none
symbol engine: initialized successfully - sym options: 0x614 - pdb path: .;C:\Program Files\Java\jdk-17\bin;C:\Windows\SYSTEM32;C:\Windows\WinSxS\amd64_microsoft.windows.common-controls_6595b64144ccf1df_6.0.19041.4355_none_60b8b9eb71f62e16;C:\Program Files\Java\jdk-17\bin\server

VM Arguments:
jvm_args: -Dspring.output.ansi.enabled=ALWAYS -XX:TieredStopAtLevel=1 -Dfile.encoding=windows-1252 -Duser.country=FR -Duser.language=fr -Duser.variant 
java_command: org.apache.fineract.ServerApplication
java_class_path (initial): C:\Users\d.ngantchou\.gradle\.tmp\gradle-javaexec-classpath8134863153494843154.jar
Launcher Type: SUN_STANDARD

[Global flags]
     intx CICompilerCount                          = 4                                         {product} {ergonomic}
     uint ConcGCThreads                            = 2                                         {product} {ergonomic}
     uint G1ConcRefinementThreads                  = 8                                         {product} {ergonomic}
   size_t G1HeapRegionSize                         = 2097152                                   {product} {ergonomic}
    uintx GCDrainStackTargetSize                   = 64                                        {product} {ergonomic}
   size_t InitialHeapSize                          = 197132288                                 {product} {ergonomic}
   size_t MarkStackSize                            = 4194304                                   {product} {ergonomic}
   size_t MaxHeapSize                              = 3139436544                                {product} {ergonomic}
   size_t MaxNewSize                               = 1883242496                                {product} {ergonomic}
   size_t MinHeapDeltaBytes                        = 2097152                                   {product} {ergonomic}
   size_t MinHeapSize                              = 8388608                                   {product} {ergonomic}
    uintx NonProfiledCodeHeapSize                  = 0                                      {pd product} {ergonomic}
     bool ProfileInterpreter                       = false                                  {pd product} {command line}
    uintx ProfiledCodeHeapSize                     = 0                                      {pd product} {ergonomic}
   size_t SoftMaxHeapSize                          = 3139436544                             {manageable} {ergonomic}
     intx TieredStopAtLevel                        = 1                                         {product} {command line}
     bool UseCompressedClassPointers               = true                           {product lp64_product} {ergonomic}
     bool UseCompressedOops                        = true                           {product lp64_product} {ergonomic}
     bool UseG1GC                                  = true                                      {product} {ergonomic}
     bool UseLargePagesIndividualAllocation        = false                                  {pd product} {ergonomic}

Logging:
Log output configuration:
 #0: stdout all=warning uptime,level,tags
 #1: stderr all=off uptime,level,tags

Environment Variables:
JAVA_HOME=C:\Program Files\Java\jdk-17
PATH=C:\Users\d.ngantchou\bin;C:\Program Files\Git\mingw64\bin;C:\Program Files\Git\usr\local\bin;C:\Program Files\Git\usr\bin;C:\Program Files\Git\usr\bin;C:\Program Files\Git\mingw64\bin;C:\Program Files\Git\usr\bin;C:\Users\d.ngantchou\bin;C:\Program Files\Common Files\Oracle\Java\javapath;C:\Windows\system32;C:\Windows;C:\Windows\System32\Wbem;C:\Windows\System32\WindowsPowerShell\v1.0;C:\Windows\System32\OpenSSH;C:\Program Files\Git\cmd;C:\Program Files\nodejs;C:\Program Files\Docker\Docker\resources\bin;C:\xampp\php;C:\composer;C:\Program Files\Java\jdk-17\bin;C:\xampp\mysql\bin;C:\Gradle\gradle-8.6\bin;C:\Program Files\Microsoft SQL Server\150\Tools\Binn;C:\Program Files\Microsoft SQL Server\Client SDK\ODBC\170\Tools\Binn;C:\Program Files\dotnet;C:\Users\d.ngantchou\AppData\Local\Microsoft\WindowsApps;C:\Users\d.ngantchou\AppData\Local\Programs\Microsoft VS Code\bin;C:\Users\d.ngantchou\AppData\Roaming\npm;C:\Users\d.ngantchou\AppData\Roaming\Composer\vendor\bin;C:\Users\d.ngantchou\.dotnet\tools;C:\Program Files\Git\usr\bin\vendor_perl;C:\Program Files\Git\usr\bin\core_perl
USERNAME=d.ngantchou
SHELL=C:\Program Files\Git\usr\bin\bash.exe
DISPLAY=needs-to-be-defined
LC_CTYPE=fr_FR.UTF-8
OS=Windows_NT
PROCESSOR_IDENTIFIER=Intel64 Family 6 Model 140 Stepping 1, GenuineIntel



---------------  S Y S T E M  ---------------

OS:
 Windows 10 , 64 bit Build 19041 (10.0.19041.3636)
OS uptime: 1 days 7:57 hours
Hyper-V role detected

CPU: total 8 (initial active 8) (4 cores per cpu, 2 threads per core) family 6 model 140 stepping 1 microcode 0xb6, cx8, cmov, fxsr, ht, mmx, 3dnowpref, sse, sse2, sse3, ssse3, sse4.1, sse4.2, popcnt, lzcnt, tsc, tscinvbit, avx, avx2, aes, erms, clmul, bmi1, bmi2, adx, avx512f, avx512dq, avx512cd, avx512bw, avx512vl, sha, fma, vzeroupper, avx512_vpopcntdq, avx512_vpclmulqdq, avx512_vaes, avx512_vnni, clflush, clflushopt, clwb, avx512_vbmi2, avx512_vbmi, hv

Memory: 4k page, system-wide physical 11968M (415M free)
TotalPageFile size 25884M (AvailPageFile size 257M)
current process WorkingSet (physical memory assigned to process): 805M, peak: 805M
current process commit charge ("private bytes"): 875M, peak: 1409M

vm_info: Java HotSpot(TM) 64-Bit Server VM (17.0.10+11-LTS-240) for windows-amd64 JRE (17.0.10+11-LTS-240), built on Dec 19 2023 21:47:25 by "mach5one" with MS VC++ 17.1 (VS2022)

END.
