#
# There is insufficient memory for the Java Runtime Environment to continue.
# Native memory allocation (mmap) failed to map 67108864 bytes for G1 virtual space
# Possible reasons:
#   The system is out of physical RAM or swap space
#   The process is running with CompressedOops enabled, and the Java Heap may be blocking the growth of the native heap
# Possible solutions:
#   Reduce memory load on the system
#   Increase physical memory or swap space
#   Check if swap backing store is full
#   Decrease Java heap size (-Xmx/-Xms)
#   Decrease number of Java threads
#   Decrease Java thread stack sizes (-Xss)
#   Set larger code cache with -XX:ReservedCodeCacheSize=
#   JVM is running with Zero Based Compressed Oops mode in which the Java heap is
#     placed in the first 32GB address space. The Java Heap base address is the
#     maximum limit for the native heap growth. Please use -XX:HeapBaseMinAddress
#     to set the Java Heap base and to place the Java Heap above 32GB virtual address.
# This output file may be truncated or incomplete.
#
#  Out of Memory Error (os_windows.cpp:3548), pid=19604, tid=21604
#
# JRE version: Java(TM) SE Runtime Environment (17.0.10+11) (build 17.0.10+11-LTS-240)
# Java VM: Java HotSpot(TM) 64-Bit Server VM (17.0.10+11-LTS-240, mixed mode, emulated-client, sharing, tiered, compressed oops, compressed class ptrs, g1 gc, windows-amd64)
# No core dump will be written. Minidumps are not enabled by default on client versions of Windows
#

---------------  S U M M A R Y ------------

Command Line: -Dspring.output.ansi.enabled=ALWAYS -XX:TieredStopAtLevel=1 -Dfile.encoding=windows-1252 -Duser.country=FR -Duser.language=fr -Duser.variant org.apache.fineract.ServerApplication

Host: 11th Gen Intel(R) Core(TM) i5-1135G7 @ 2.40GHz, 8 cores, 11G,  Windows 10 , 64 bit Build 19041 (10.0.19041.3636)
Time: Tue Jul  9 12:44:11 2024 Afr. centrale Ouest elapsed time: 32.825923 seconds (0d 0h 0m 32s)

---------------  T H R E A D  ---------------

Current thread (0x000001ea197ee750):  VMThread "VM Thread" [stack: 0x0000007908a00000,0x0000007908b00000] [id=21604]

Stack: [0x0000007908a00000,0x0000007908b00000]
Native frames: (J=compiled Java code, j=interpreted, Vv=VM code, C=native code)
V  [jvm.dll+0x677a5a]
V  [jvm.dll+0x7d8b2d]
V  [jvm.dll+0x7da48e]
V  [jvm.dll+0x7daaf3]
V  [jvm.dll+0x2455ff]
V  [jvm.dll+0x6749b9]
V  [jvm.dll+0x669382]
V  [jvm.dll+0x302e96]
V  [jvm.dll+0x30a416]
V  [jvm.dll+0x359cbe]
V  [jvm.dll+0x359eef]
V  [jvm.dll+0x2d9e88]
V  [jvm.dll+0x2d8295]
V  [jvm.dll+0x2d789c]
V  [jvm.dll+0x31b18b]
V  [jvm.dll+0x7df30b]
V  [jvm.dll+0x7e0044]
V  [jvm.dll+0x7e055d]
V  [jvm.dll+0x7e0934]
V  [jvm.dll+0x7e0a00]
V  [jvm.dll+0x78888a]
V  [jvm.dll+0x676935]
C  [ucrtbase.dll+0x21bb2]
C  [KERNEL32.DLL+0x17344]
C  [ntdll.dll+0x4cc91]

VM_Operation (0x00000079084e9940): G1CollectForAllocation, mode: safepoint, requested by thread 0x000001ea054a7680


---------------  P R O C E S S  ---------------

Threads class SMR info:
_java_thread_list=0x000001ea67c43ca0, length=14, elements={
0x000001ea054a7680, 0x000001ea197f2ab0, 0x000001ea197f3670, 0x000001ea1980ac70,
0x000001ea1980b830, 0x000001ea1980e200, 0x000001ea19811be0, 0x000001ea198125a0,
0x000001ea19812fa0, 0x000001ea19a4ece0, 0x000001ea19a83ee0, 0x000001ea19a88810,
0x000001ea61f9b090, 0x000001ea5f298a80
}

Java Threads: ( => current thread )
  0x000001ea054a7680 JavaThread "main" [_thread_blocked, id=16884, stack(0x0000007908400000,0x0000007908500000)]
  0x000001ea197f2ab0 JavaThread "Reference Handler" daemon [_thread_blocked, id=14708, stack(0x0000007908b00000,0x0000007908c00000)]
  0x000001ea197f3670 JavaThread "Finalizer" daemon [_thread_blocked, id=22624, stack(0x0000007908c00000,0x0000007908d00000)]
  0x000001ea1980ac70 JavaThread "Signal Dispatcher" daemon [_thread_blocked, id=18620, stack(0x0000007908d00000,0x0000007908e00000)]
  0x000001ea1980b830 JavaThread "Attach Listener" daemon [_thread_blocked, id=7996, stack(0x0000007908e00000,0x0000007908f00000)]
  0x000001ea1980e200 JavaThread "Service Thread" daemon [_thread_blocked, id=21664, stack(0x0000007908f00000,0x0000007909000000)]
  0x000001ea19811be0 JavaThread "Monitor Deflation Thread" daemon [_thread_blocked, id=12460, stack(0x0000007909000000,0x0000007909100000)]
  0x000001ea198125a0 JavaThread "C1 CompilerThread0" daemon [_thread_blocked, id=19820, stack(0x0000007909100000,0x0000007909200000)]
  0x000001ea19812fa0 JavaThread "Sweeper thread" daemon [_thread_blocked, id=19524, stack(0x0000007909200000,0x0000007909300000)]
  0x000001ea19a4ece0 JavaThread "C1 CompilerThread1" daemon [_thread_blocked, id=21932, stack(0x0000007909300000,0x0000007909400000)]
  0x000001ea19a83ee0 JavaThread "Notification Thread" daemon [_thread_blocked, id=23060, stack(0x0000007909500000,0x0000007909600000)]
  0x000001ea19a88810 JavaThread "Common-Cleaner" daemon [_thread_blocked, id=15660, stack(0x0000007909700000,0x0000007909800000)]
  0x000001ea61f9b090 JavaThread "HikariPool-1 housekeeper" daemon [_thread_blocked, id=15544, stack(0x000000790a300000,0x000000790a400000)]
  0x000001ea5f298a80 JavaThread "HikariPool-2 housekeeper" daemon [_thread_blocked, id=12632, stack(0x0000007909400000,0x0000007909500000)]

Other Threads:
=>0x000001ea197ee750 VMThread "VM Thread" [stack: 0x0000007908a00000,0x0000007908b00000] [id=21604]
  0x000001ea19a843c0 WatcherThread [stack: 0x0000007909600000,0x0000007909700000] [id=17052]
  0x000001ea054fde50 GCTaskThread "GC Thread#0" [stack: 0x0000007908500000,0x0000007908600000] [id=13632]
  0x000001ea5f834d90 GCTaskThread "GC Thread#1" [stack: 0x0000007909800000,0x0000007909900000] [id=7972]
  0x000001ea5fb470c0 GCTaskThread "GC Thread#2" [stack: 0x0000007909900000,0x0000007909a00000] [id=4948]
  0x000001ea5fb47380 GCTaskThread "GC Thread#3" [stack: 0x0000007909a00000,0x0000007909b00000] [id=22032]
  0x000001ea5ff83c10 GCTaskThread "GC Thread#4" [stack: 0x0000007909b00000,0x0000007909c00000] [id=1660]
  0x000001ea601ba010 GCTaskThread "GC Thread#5" [stack: 0x0000007909c00000,0x0000007909d00000] [id=2932]
  0x000001ea601ba2d0 GCTaskThread "GC Thread#6" [stack: 0x0000007909d00000,0x0000007909e00000] [id=21508]
  0x000001ea601badb0 GCTaskThread "GC Thread#7" [stack: 0x0000007909e00000,0x0000007909f00000] [id=23248]
  0x000001ea0550a8b0 ConcurrentGCThread "G1 Main Marker" [stack: 0x0000007908600000,0x0000007908700000] [id=23264]
  0x000001ea0550b2c0 ConcurrentGCThread "G1 Conc#0" [stack: 0x0000007908700000,0x0000007908800000] [id=22088]
  0x000001ea605b93e0 ConcurrentGCThread "G1 Conc#1" [stack: 0x0000007909f00000,0x000000790a000000] [id=23352]
  0x000001ea196ab520 ConcurrentGCThread "G1 Refine#0" [stack: 0x0000007908800000,0x0000007908900000] [id=12328]
  0x000001ea60e551d0 ConcurrentGCThread "G1 Refine#1" [stack: 0x000000790a000000,0x000000790a100000] [id=4480]
  0x000001ea60e557b0 ConcurrentGCThread "G1 Refine#2" [stack: 0x000000790a100000,0x000000790a200000] [id=11380]
  0x000001ea616139c0 ConcurrentGCThread "G1 Refine#3" [stack: 0x000000790a500000,0x000000790a600000] [id=12300]
  0x000001ea61616ea0 ConcurrentGCThread "G1 Refine#4" [stack: 0x000000790a600000,0x000000790a700000] [id=5936]
  0x000001ea61614e50 ConcurrentGCThread "G1 Refine#5" [stack: 0x000000790a700000,0x000000790a800000] [id=20748]
  0x000001ea196abd60 ConcurrentGCThread "G1 Service" [stack: 0x0000007908900000,0x0000007908a00000] [id=21492]

Threads with active compile tasks:

VM state: at safepoint (normal execution)

VM Mutex/Monitor currently owned by a thread:  ([mutex/lock_event])
[0x000001ea054a1700] Threads_lock - owner thread: 0x000001ea197ee750
[0x000001ea054a2120] Heap_lock - owner thread: 0x000001ea054a7680

Heap address: 0x0000000744e00000, size: 2994 MB, Compressed Oops mode: Zero based, Oop shift amount: 3

CDS archive(s) mapped at: [0x000001ea1a000000-0x000001ea1abd0000-0x000001ea1abd0000), size 12386304, SharedBaseAddress: 0x000001ea1a000000, ArchiveRelocationMode: 1.
Compressed class space mapped at: 0x000001ea1b000000-0x000001ea5b000000, reserved size: 1073741824
Narrow klass base: 0x000001ea1a000000, Narrow klass shift: 0, Narrow klass range: 0x100000000

GC Precious Log:
 CPUs: 8 total, 8 available
 Memory: 11968M
 Large Page Support: Disabled
 NUMA Support: Disabled
 Compressed Oops: Enabled (Zero based)
 Heap Region Size: 2M
 Heap Min Capacity: 8M
 Heap Initial Capacity: 188M
 Heap Max Capacity: 2994M
 Pre-touch: Disabled
 Parallel Workers: 8
 Concurrent Workers: 2
 Concurrent Refinement Workers: 8
 Periodic GC: Disabled

Heap:
 garbage-first heap   total 319488K, used 161171K [0x0000000744e00000, 0x0000000800000000)
  region size 2048K, 2 young (4096K), 2 survivors (4096K)
 Metaspace       used 111880K, committed 113856K, reserved 1179648K
  class space    used 14118K, committed 14848K, reserved 1048576K

Heap Regions: E=young(eden), S=young(survivor), O=old, HS=humongous(starts), HC=humongous(continues), CS=collection set, F=free, OA=open archive, CA=closed archive, TAMS=top-at-mark-start (previous, next)
|   0|0x0000000744e00000, 0x0000000745000000, 0x0000000745000000|100%| O|  |TAMS 0x0000000745000000, 0x0000000745000000| Untracked 
|   1|0x0000000745000000, 0x0000000745200000, 0x0000000745200000|100%| O|  |TAMS 0x0000000745200000, 0x0000000745200000| Untracked 
|   2|0x0000000745200000, 0x0000000745400000, 0x0000000745400000|100%| O|  |TAMS 0x0000000745400000, 0x0000000745400000| Untracked 
|   3|0x0000000745400000, 0x0000000745600000, 0x0000000745600000|100%| O|  |TAMS 0x0000000745600000, 0x0000000745600000| Untracked 
|   4|0x0000000745600000, 0x0000000745800000, 0x0000000745800000|100%| O|  |TAMS 0x0000000745800000, 0x0000000745800000| Untracked 
|   5|0x0000000745800000, 0x0000000745a00000, 0x0000000745a00000|100%| O|  |TAMS 0x0000000745a00000, 0x0000000745a00000| Untracked 
|   6|0x0000000745a00000, 0x0000000745c00000, 0x0000000745c00000|100%| O|  |TAMS 0x0000000745c00000, 0x0000000745c00000| Untracked 
|   7|0x0000000745c00000, 0x0000000745e00000, 0x0000000745e00000|100%| O|  |TAMS 0x0000000745e00000, 0x0000000745e00000| Untracked 
|   8|0x0000000745e00000, 0x0000000746000000, 0x0000000746000000|100%| O|  |TAMS 0x0000000746000000, 0x0000000746000000| Untracked 
|   9|0x0000000746000000, 0x0000000746200000, 0x0000000746200000|100%| O|  |TAMS 0x0000000746200000, 0x0000000746200000| Untracked 
|  10|0x0000000746200000, 0x0000000746400000, 0x0000000746400000|100%| O|  |TAMS 0x0000000746400000, 0x0000000746400000| Untracked 
|  11|0x0000000746400000, 0x0000000746600000, 0x0000000746600000|100%| O|  |TAMS 0x0000000746600000, 0x0000000746600000| Untracked 
|  12|0x0000000746600000, 0x0000000746800000, 0x0000000746800000|100%| O|  |TAMS 0x0000000746800000, 0x0000000746800000| Untracked 
|  13|0x0000000746800000, 0x0000000746a00000, 0x0000000746a00000|100%| O|  |TAMS 0x0000000746a00000, 0x0000000746a00000| Untracked 
|  14|0x0000000746a00000, 0x0000000746c00000, 0x0000000746c00000|100%| O|  |TAMS 0x0000000746c00000, 0x0000000746c00000| Untracked 
|  15|0x0000000746c00000, 0x0000000746e00000, 0x0000000746e00000|100%| O|  |TAMS 0x0000000746e00000, 0x0000000746e00000| Untracked 
|  16|0x0000000746e00000, 0x0000000747000000, 0x0000000747000000|100%| O|  |TAMS 0x0000000747000000, 0x0000000747000000| Untracked 
|  17|0x0000000747000000, 0x0000000747200000, 0x0000000747200000|100%| O|  |TAMS 0x0000000747200000, 0x0000000747200000| Untracked 
|  18|0x0000000747200000, 0x0000000747400000, 0x0000000747400000|100%| O|  |TAMS 0x0000000747400000, 0x0000000747400000| Untracked 
|  19|0x0000000747400000, 0x0000000747600000, 0x0000000747600000|100%| O|  |TAMS 0x0000000747600000, 0x0000000747600000| Untracked 
|  20|0x0000000747600000, 0x0000000747800000, 0x0000000747800000|100%| O|  |TAMS 0x0000000747800000, 0x0000000747800000| Untracked 
|  21|0x0000000747800000, 0x0000000747a00000, 0x0000000747a00000|100%| O|  |TAMS 0x0000000747a00000, 0x0000000747a00000| Untracked 
|  22|0x0000000747a00000, 0x0000000747c00000, 0x0000000747c00000|100%| O|  |TAMS 0x0000000747c00000, 0x0000000747c00000| Untracked 
|  23|0x0000000747c00000, 0x0000000747e00000, 0x0000000747e00000|100%| O|  |TAMS 0x0000000747e00000, 0x0000000747e00000| Untracked 
|  24|0x0000000747e00000, 0x0000000748000000, 0x0000000748000000|100%| O|  |TAMS 0x0000000748000000, 0x0000000748000000| Untracked 
|  25|0x0000000748000000, 0x0000000748200000, 0x0000000748200000|100%| O|  |TAMS 0x0000000748200000, 0x0000000748200000| Untracked 
|  26|0x0000000748200000, 0x0000000748400000, 0x0000000748400000|100%| O|  |TAMS 0x0000000748400000, 0x0000000748400000| Untracked 
|  27|0x0000000748400000, 0x0000000748600000, 0x0000000748600000|100%| O|  |TAMS 0x0000000748600000, 0x0000000748600000| Untracked 
|  28|0x0000000748600000, 0x0000000748800000, 0x0000000748800000|100%| O|  |TAMS 0x0000000748800000, 0x0000000748800000| Untracked 
|  29|0x0000000748800000, 0x0000000748a00000, 0x0000000748a00000|100%| O|  |TAMS 0x0000000748a00000, 0x0000000748a00000| Untracked 
|  30|0x0000000748a00000, 0x0000000748c00000, 0x0000000748c00000|100%| O|  |TAMS 0x0000000748c00000, 0x0000000748c00000| Untracked 
|  31|0x0000000748c00000, 0x0000000748e00000, 0x0000000748e00000|100%| O|  |TAMS 0x0000000748e00000, 0x0000000748e00000| Untracked 
|  32|0x0000000748e00000, 0x0000000749000000, 0x0000000749000000|100%| O|  |TAMS 0x0000000749000000, 0x0000000749000000| Untracked 
|  33|0x0000000749000000, 0x0000000749200000, 0x0000000749200000|100%| O|  |TAMS 0x0000000749200000, 0x0000000749200000| Untracked 
|  34|0x0000000749200000, 0x0000000749400000, 0x0000000749400000|100%| O|  |TAMS 0x0000000749400000, 0x0000000749400000| Untracked 
|  35|0x0000000749400000, 0x0000000749600000, 0x0000000749600000|100%| O|  |TAMS 0x0000000749600000, 0x0000000749600000| Untracked 
|  36|0x0000000749600000, 0x0000000749800000, 0x0000000749800000|100%| O|  |TAMS 0x0000000749800000, 0x0000000749800000| Untracked 
|  37|0x0000000749800000, 0x0000000749a00000, 0x0000000749a00000|100%| O|  |TAMS 0x0000000749a00000, 0x0000000749a00000| Untracked 
|  38|0x0000000749a00000, 0x0000000749c00000, 0x0000000749c00000|100%| O|  |TAMS 0x0000000749c00000, 0x0000000749c00000| Untracked 
|  39|0x0000000749c00000, 0x0000000749e00000, 0x0000000749e00000|100%| O|  |TAMS 0x0000000749e00000, 0x0000000749e00000| Untracked 
|  40|0x0000000749e00000, 0x000000074a000000, 0x000000074a000000|100%| O|  |TAMS 0x000000074a000000, 0x000000074a000000| Untracked 
|  41|0x000000074a000000, 0x000000074a200000, 0x000000074a200000|100%| O|  |TAMS 0x000000074a200000, 0x000000074a200000| Untracked 
|  42|0x000000074a200000, 0x000000074a400000, 0x000000074a400000|100%| O|  |TAMS 0x000000074a400000, 0x000000074a400000| Untracked 
|  43|0x000000074a400000, 0x000000074a600000, 0x000000074a600000|100%| O|  |TAMS 0x000000074a600000, 0x000000074a600000| Untracked 
|  44|0x000000074a600000, 0x000000074a800000, 0x000000074a800000|100%| O|  |TAMS 0x000000074a800000, 0x000000074a800000| Untracked 
|  45|0x000000074a800000, 0x000000074aa00000, 0x000000074aa00000|100%| O|  |TAMS 0x000000074aa00000, 0x000000074aa00000| Untracked 
|  46|0x000000074aa00000, 0x000000074ac00000, 0x000000074ac00000|100%| O|  |TAMS 0x000000074ac00000, 0x000000074ac00000| Untracked 
|  47|0x000000074ac00000, 0x000000074ae00000, 0x000000074ae00000|100%| O|  |TAMS 0x000000074ae00000, 0x000000074ae00000| Untracked 
|  48|0x000000074ae00000, 0x000000074b000000, 0x000000074b000000|100%| O|  |TAMS 0x000000074b000000, 0x000000074b000000| Untracked 
|  49|0x000000074b000000, 0x000000074b200000, 0x000000074b200000|100%| O|  |TAMS 0x000000074b200000, 0x000000074b200000| Untracked 
|  50|0x000000074b200000, 0x000000074b400000, 0x000000074b400000|100%| O|  |TAMS 0x000000074b400000, 0x000000074b400000| Untracked 
|  51|0x000000074b400000, 0x000000074b600000, 0x000000074b600000|100%| O|  |TAMS 0x000000074b600000, 0x000000074b600000| Untracked 
|  52|0x000000074b600000, 0x000000074b800000, 0x000000074b800000|100%| O|  |TAMS 0x000000074b800000, 0x000000074b800000| Untracked 
|  53|0x000000074b800000, 0x000000074ba00000, 0x000000074ba00000|100%| O|  |TAMS 0x000000074ba00000, 0x000000074ba00000| Untracked 
|  54|0x000000074ba00000, 0x000000074ba00000, 0x000000074bc00000|  0%| F|  |TAMS 0x000000074ba00000, 0x000000074ba00000| Untracked 
|  55|0x000000074bc00000, 0x000000074be00000, 0x000000074be00000|100%| O|  |TAMS 0x000000074be00000, 0x000000074be00000| Untracked 
|  56|0x000000074be00000, 0x000000074c000000, 0x000000074c000000|100%| O|  |TAMS 0x000000074c000000, 0x000000074c000000| Untracked 
|  57|0x000000074c000000, 0x000000074c200000, 0x000000074c200000|100%| O|  |TAMS 0x000000074c200000, 0x000000074c200000| Untracked 
|  58|0x000000074c200000, 0x000000074c400000, 0x000000074c400000|100%| O|  |TAMS 0x000000074c400000, 0x000000074c400000| Untracked 
|  59|0x000000074c400000, 0x000000074c600000, 0x000000074c600000|100%| O|  |TAMS 0x000000074c600000, 0x000000074c600000| Untracked 
|  60|0x000000074c600000, 0x000000074c800000, 0x000000074c800000|100%| O|  |TAMS 0x000000074c800000, 0x000000074c800000| Untracked 
|  61|0x000000074c800000, 0x000000074ca00000, 0x000000074ca00000|100%| O|  |TAMS 0x000000074ca00000, 0x000000074ca00000| Untracked 
|  62|0x000000074ca00000, 0x000000074cc00000, 0x000000074cc00000|100%| O|  |TAMS 0x000000074cac6400, 0x000000074cc00000| Untracked 
|  63|0x000000074cc00000, 0x000000074ce00000, 0x000000074ce00000|100%| O|  |TAMS 0x000000074cc00000, 0x000000074ce00000| Untracked 
|  64|0x000000074ce00000, 0x000000074d000000, 0x000000074d000000|100%| O|  |TAMS 0x000000074ce00000, 0x000000074d000000| Untracked 
|  65|0x000000074d000000, 0x000000074d200000, 0x000000074d200000|100%| O|  |TAMS 0x000000074d000000, 0x000000074d200000| Untracked 
|  66|0x000000074d200000, 0x000000074d400000, 0x000000074d400000|100%| O|  |TAMS 0x000000074d200000, 0x000000074d400000| Untracked 
|  67|0x000000074d400000, 0x000000074d600000, 0x000000074d600000|100%| O|  |TAMS 0x000000074d400000, 0x000000074d600000| Untracked 
|  68|0x000000074d600000, 0x000000074d800000, 0x000000074d800000|100%| O|  |TAMS 0x000000074d600000, 0x000000074d800000| Untracked 
|  69|0x000000074d800000, 0x000000074d800000, 0x000000074da00000|  0%| F|  |TAMS 0x000000074d800000, 0x000000074d800000| Untracked 
|  70|0x000000074da00000, 0x000000074dc00000, 0x000000074dc00000|100%| O|  |TAMS 0x000000074dc00000, 0x000000074dc00000| Untracked 
|  71|0x000000074dc00000, 0x000000074de00000, 0x000000074de00000|100%| O|  |TAMS 0x000000074de00000, 0x000000074de00000| Untracked 
|  72|0x000000074de00000, 0x000000074e000000, 0x000000074e000000|100%| O|  |TAMS 0x000000074e000000, 0x000000074e000000| Untracked 
|  73|0x000000074e000000, 0x000000074e200000, 0x000000074e200000|100%| O|  |TAMS 0x000000074e200000, 0x000000074e200000| Untracked 
|  74|0x000000074e200000, 0x000000074e400000, 0x000000074e400000|100%| O|  |TAMS 0x000000074e400000, 0x000000074e400000| Untracked 
|  75|0x000000074e400000, 0x000000074e600000, 0x000000074e600000|100%| O|  |TAMS 0x000000074e600000, 0x000000074e600000| Untracked 
|  76|0x000000074e600000, 0x000000074e800000, 0x000000074e800000|100%| O|  |TAMS 0x000000074e800000, 0x000000074e800000| Untracked 
|  77|0x000000074e800000, 0x000000074ea00000, 0x000000074ea00000|100%| O|  |TAMS 0x000000074ea00000, 0x000000074ea00000| Untracked 
|  78|0x000000074ea00000, 0x000000074ebf9a00, 0x000000074ec00000| 98%| O|  |TAMS 0x000000074ea00000, 0x000000074ebf9a00| Untracked 
|  79|0x000000074ec00000, 0x000000074ec00000, 0x000000074ee00000|  0%| F|  |TAMS 0x000000074ec00000, 0x000000074ec00000| Untracked 
|  80|0x000000074ee00000, 0x000000074ee00000, 0x000000074f000000|  0%| F|  |TAMS 0x000000074ee00000, 0x000000074ee00000| Untracked 
|  81|0x000000074f000000, 0x000000074f000000, 0x000000074f200000|  0%| F|  |TAMS 0x000000074f000000, 0x000000074f000000| Untracked 
|  82|0x000000074f200000, 0x000000074f200000, 0x000000074f400000|  0%| F|  |TAMS 0x000000074f200000, 0x000000074f200000| Untracked 
|  83|0x000000074f400000, 0x000000074f400000, 0x000000074f600000|  0%| F|  |TAMS 0x000000074f400000, 0x000000074f400000| Untracked 
|  84|0x000000074f600000, 0x000000074f600000, 0x000000074f800000|  0%| F|  |TAMS 0x000000074f600000, 0x000000074f600000| Untracked 
|  85|0x000000074f800000, 0x000000074f800000, 0x000000074fa00000|  0%| F|  |TAMS 0x000000074f800000, 0x000000074f800000| Untracked 
|  86|0x000000074fa00000, 0x000000074fa00000, 0x000000074fc00000|  0%| F|  |TAMS 0x000000074fa00000, 0x000000074fa00000| Untracked 
|  87|0x000000074fc00000, 0x000000074fc00000, 0x000000074fe00000|  0%| F|  |TAMS 0x000000074fc00000, 0x000000074fc00000| Untracked 
|  88|0x000000074fe00000, 0x000000074fe00000, 0x0000000750000000|  0%| F|  |TAMS 0x000000074fe00000, 0x000000074fe00000| Untracked 
|  89|0x0000000750000000, 0x0000000750000000, 0x0000000750200000|  0%| F|  |TAMS 0x0000000750000000, 0x0000000750000000| Untracked 
|  90|0x0000000750200000, 0x0000000750200000, 0x0000000750400000|  0%| F|  |TAMS 0x0000000750200000, 0x0000000750200000| Untracked 
|  91|0x0000000750400000, 0x0000000750400000, 0x0000000750600000|  0%| F|  |TAMS 0x0000000750400000, 0x0000000750400000| Untracked 
|  92|0x0000000750600000, 0x0000000750600000, 0x0000000750800000|  0%| F|  |TAMS 0x0000000750600000, 0x0000000750600000| Untracked 
|  93|0x0000000750800000, 0x0000000750800000, 0x0000000750a00000|  0%| F|  |TAMS 0x0000000750800000, 0x0000000750800000| Untracked 
|  94|0x0000000750a00000, 0x0000000750a00000, 0x0000000750c00000|  0%| F|  |TAMS 0x0000000750a00000, 0x0000000750a00000| Untracked 
|  95|0x0000000750c00000, 0x0000000750c00000, 0x0000000750e00000|  0%| F|  |TAMS 0x0000000750c00000, 0x0000000750c00000| Untracked 
|  96|0x0000000750e00000, 0x0000000750e00000, 0x0000000751000000|  0%| F|  |TAMS 0x0000000750e00000, 0x0000000750e00000| Untracked 
|  97|0x0000000751000000, 0x0000000751000000, 0x0000000751200000|  0%| F|  |TAMS 0x0000000751000000, 0x0000000751000000| Untracked 
|  98|0x0000000751200000, 0x000000075136b290, 0x0000000751400000| 70%| S|CS|TAMS 0x0000000751200000, 0x0000000751200000| Complete 
|  99|0x0000000751400000, 0x0000000751600000, 0x0000000751600000|100%| S|CS|TAMS 0x0000000751400000, 0x0000000751400000| Complete 
| 100|0x0000000751600000, 0x0000000751600000, 0x0000000751800000|  0%| F|  |TAMS 0x0000000751600000, 0x0000000751600000| Untracked 
| 101|0x0000000751800000, 0x0000000751800000, 0x0000000751a00000|  0%| F|  |TAMS 0x0000000751800000, 0x0000000751800000| Untracked 
| 102|0x0000000751a00000, 0x0000000751a00000, 0x0000000751c00000|  0%| F|  |TAMS 0x0000000751a00000, 0x0000000751a00000| Untracked 
| 103|0x0000000751c00000, 0x0000000751c00000, 0x0000000751e00000|  0%| F|  |TAMS 0x0000000751c00000, 0x0000000751c00000| Untracked 
| 104|0x0000000751e00000, 0x0000000751e00000, 0x0000000752000000|  0%| F|  |TAMS 0x0000000751e00000, 0x0000000751e00000| Untracked 
| 105|0x0000000752000000, 0x0000000752000000, 0x0000000752200000|  0%| F|  |TAMS 0x0000000752000000, 0x0000000752000000| Untracked 
| 106|0x0000000752200000, 0x0000000752200000, 0x0000000752400000|  0%| F|  |TAMS 0x0000000752200000, 0x0000000752200000| Untracked 
| 107|0x0000000752400000, 0x0000000752400000, 0x0000000752600000|  0%| F|  |TAMS 0x0000000752400000, 0x0000000752400000| Untracked 
| 108|0x0000000752600000, 0x0000000752600000, 0x0000000752800000|  0%| F|  |TAMS 0x0000000752600000, 0x0000000752600000| Untracked 
| 109|0x0000000752800000, 0x0000000752800000, 0x0000000752a00000|  0%| F|  |TAMS 0x0000000752800000, 0x0000000752800000| Untracked 
| 110|0x0000000752a00000, 0x0000000752a00000, 0x0000000752c00000|  0%| F|  |TAMS 0x0000000752a00000, 0x0000000752a00000| Untracked 
| 111|0x0000000752c00000, 0x0000000752c00000, 0x0000000752e00000|  0%| F|  |TAMS 0x0000000752c00000, 0x0000000752c00000| Untracked 
| 112|0x0000000752e00000, 0x0000000752e00000, 0x0000000753000000|  0%| F|  |TAMS 0x0000000752e00000, 0x0000000752e00000| Untracked 
| 113|0x0000000753000000, 0x0000000753000000, 0x0000000753200000|  0%| F|  |TAMS 0x0000000753000000, 0x0000000753000000| Untracked 
| 114|0x0000000753200000, 0x0000000753200000, 0x0000000753400000|  0%| F|  |TAMS 0x0000000753200000, 0x0000000753200000| Untracked 
| 115|0x0000000753400000, 0x0000000753400000, 0x0000000753600000|  0%| F|  |TAMS 0x0000000753400000, 0x0000000753400000| Untracked 
| 116|0x0000000753600000, 0x0000000753600000, 0x0000000753800000|  0%| F|  |TAMS 0x0000000753600000, 0x0000000753600000| Untracked 
| 117|0x0000000753800000, 0x0000000753800000, 0x0000000753a00000|  0%| F|  |TAMS 0x0000000753800000, 0x0000000753800000| Untracked 
| 118|0x0000000753a00000, 0x0000000753a00000, 0x0000000753c00000|  0%| F|  |TAMS 0x0000000753a00000, 0x0000000753a00000| Untracked 
| 119|0x0000000753c00000, 0x0000000753c00000, 0x0000000753e00000|  0%| F|  |TAMS 0x0000000753c00000, 0x0000000753c00000| Untracked 
| 120|0x0000000753e00000, 0x0000000753e00000, 0x0000000754000000|  0%| F|  |TAMS 0x0000000753e00000, 0x0000000753e00000| Untracked 
| 121|0x0000000754000000, 0x0000000754000000, 0x0000000754200000|  0%| F|  |TAMS 0x0000000754000000, 0x0000000754000000| Untracked 
| 122|0x0000000754200000, 0x0000000754200000, 0x0000000754400000|  0%| F|  |TAMS 0x0000000754200000, 0x0000000754200000| Untracked 
| 123|0x0000000754400000, 0x0000000754400000, 0x0000000754600000|  0%| F|  |TAMS 0x0000000754400000, 0x0000000754400000| Untracked 
| 124|0x0000000754600000, 0x0000000754600000, 0x0000000754800000|  0%| F|  |TAMS 0x0000000754600000, 0x0000000754600000| Untracked 
| 125|0x0000000754800000, 0x0000000754800000, 0x0000000754a00000|  0%| F|  |TAMS 0x0000000754800000, 0x0000000754800000| Untracked 
| 126|0x0000000754a00000, 0x0000000754a00000, 0x0000000754c00000|  0%| F|  |TAMS 0x0000000754a00000, 0x0000000754a00000| Untracked 
| 127|0x0000000754c00000, 0x0000000754c00000, 0x0000000754e00000|  0%| F|  |TAMS 0x0000000754c00000, 0x0000000754c00000| Untracked 
| 128|0x0000000754e00000, 0x0000000754e00000, 0x0000000755000000|  0%| F|  |TAMS 0x0000000754e00000, 0x0000000754e00000| Untracked 
| 129|0x0000000755000000, 0x0000000755000000, 0x0000000755200000|  0%| F|  |TAMS 0x0000000755000000, 0x0000000755000000| Untracked 
| 130|0x0000000755200000, 0x0000000755200000, 0x0000000755400000|  0%| F|  |TAMS 0x0000000755200000, 0x0000000755200000| Untracked 
| 131|0x0000000755400000, 0x0000000755400000, 0x0000000755600000|  0%| F|  |TAMS 0x0000000755400000, 0x0000000755400000| Untracked 
| 132|0x0000000755600000, 0x0000000755600000, 0x0000000755800000|  0%| F|  |TAMS 0x0000000755600000, 0x0000000755600000| Untracked 
| 133|0x0000000755800000, 0x0000000755800000, 0x0000000755a00000|  0%| F|  |TAMS 0x0000000755800000, 0x0000000755800000| Untracked 
| 134|0x0000000755a00000, 0x0000000755a00000, 0x0000000755c00000|  0%| F|  |TAMS 0x0000000755a00000, 0x0000000755a00000| Untracked 
| 135|0x0000000755c00000, 0x0000000755c00000, 0x0000000755e00000|  0%| F|  |TAMS 0x0000000755c00000, 0x0000000755c00000| Untracked 
| 136|0x0000000755e00000, 0x0000000755e00000, 0x0000000756000000|  0%| F|  |TAMS 0x0000000755e00000, 0x0000000755e00000| Untracked 
| 137|0x0000000756000000, 0x0000000756000000, 0x0000000756200000|  0%| F|  |TAMS 0x0000000756000000, 0x0000000756000000| Untracked 
| 138|0x0000000756200000, 0x0000000756200000, 0x0000000756400000|  0%| F|  |TAMS 0x0000000756200000, 0x0000000756200000| Untracked 
| 139|0x0000000756400000, 0x0000000756400000, 0x0000000756600000|  0%| F|  |TAMS 0x0000000756400000, 0x0000000756400000| Untracked 
| 140|0x0000000756600000, 0x0000000756600000, 0x0000000756800000|  0%| F|  |TAMS 0x0000000756600000, 0x0000000756600000| Untracked 
| 141|0x0000000756800000, 0x0000000756800000, 0x0000000756a00000|  0%| F|  |TAMS 0x0000000756800000, 0x0000000756800000| Untracked 
| 142|0x0000000756a00000, 0x0000000756a00000, 0x0000000756c00000|  0%| F|  |TAMS 0x0000000756a00000, 0x0000000756a00000| Untracked 
| 143|0x0000000756c00000, 0x0000000756c00000, 0x0000000756e00000|  0%| F|  |TAMS 0x0000000756c00000, 0x0000000756c00000| Untracked 
| 144|0x0000000756e00000, 0x0000000756e00000, 0x0000000757000000|  0%| F|  |TAMS 0x0000000756e00000, 0x0000000756e00000| Untracked 
| 145|0x0000000757000000, 0x0000000757000000, 0x0000000757200000|  0%| F|  |TAMS 0x0000000757000000, 0x0000000757000000| Untracked 
| 146|0x0000000757200000, 0x0000000757200000, 0x0000000757400000|  0%| F|  |TAMS 0x0000000757200000, 0x0000000757200000| Untracked 
| 147|0x0000000757400000, 0x0000000757400000, 0x0000000757600000|  0%| F|  |TAMS 0x0000000757400000, 0x0000000757400000| Untracked 
| 148|0x0000000757600000, 0x0000000757600000, 0x0000000757800000|  0%| F|  |TAMS 0x0000000757600000, 0x0000000757600000| Untracked 
| 149|0x0000000757800000, 0x0000000757800000, 0x0000000757a00000|  0%| F|  |TAMS 0x0000000757800000, 0x0000000757800000| Untracked 
| 150|0x0000000757a00000, 0x0000000757a00000, 0x0000000757c00000|  0%| F|  |TAMS 0x0000000757a00000, 0x0000000757a00000| Untracked 
| 151|0x0000000757c00000, 0x0000000757c00000, 0x0000000757e00000|  0%| F|  |TAMS 0x0000000757c00000, 0x0000000757c00000| Untracked 
| 152|0x0000000757e00000, 0x0000000757e00000, 0x0000000758000000|  0%| F|  |TAMS 0x0000000757e00000, 0x0000000757e00000| Untracked 
| 153|0x0000000758000000, 0x0000000758000000, 0x0000000758200000|  0%| F|  |TAMS 0x0000000758000000, 0x0000000758000000| Untracked 
| 154|0x0000000758200000, 0x0000000758200000, 0x0000000758400000|  0%| F|  |TAMS 0x0000000758200000, 0x0000000758200000| Untracked 
| 155|0x0000000758400000, 0x0000000758400000, 0x0000000758600000|  0%| F|  |TAMS 0x0000000758400000, 0x0000000758400000| Untracked 

Card table byte_map: [0x000001ea10450000,0x000001ea10a30000] _byte_map_base: 0x000001ea0ca29000

Marking Bits (Prev, Next): (CMBitMap*) 0x000001ea054fe470, (CMBitMap*) 0x000001ea054fe4b0
 Prev Bits: [0x000001ea11010000, 0x000001ea13ed8000)
 Next Bits: [0x000001ea13ee0000, 0x000001ea16da8000)

Polling page: 0x000001ea032c0000

Metaspace:

Usage:
  Non-class:     95.47 MB used.
      Class:     13.79 MB used.
       Both:    109.26 MB used.

Virtual space:
  Non-class space:      128.00 MB reserved,      96.69 MB ( 76%) committed,  2 nodes.
      Class space:        1.00 GB reserved,      14.50 MB (  1%) committed,  1 nodes.
             Both:        1.12 GB reserved,     111.19 MB ( 10%) committed. 

Chunk freelists:
   Non-Class:  15.06 MB
       Class:  1.33 MB
        Both:  16.39 MB

MaxMetaspaceSize: unlimited
CompressedClassSpaceSize: 1.00 GB
Initial GC threshold: 21.00 MB
Current GC threshold: 181.19 MB
CDS: on
MetaspaceReclaimPolicy: balanced
 - commit_granule_bytes: 65536.
 - commit_granule_words: 8192.
 - virtual_space_node_default_size: 8388608.
 - enlarge_chunks_in_place: 1.
 - new_chunks_are_fully_committed: 0.
 - uncommit_free_chunks: 1.
 - use_allocation_guard: 0.
 - handle_deallocations: 1.


Internal statistics:

num_allocs_failed_limit: 15.
num_arena_births: 2182.
num_arena_deaths: 2.
num_vsnodes_births: 3.
num_vsnodes_deaths: 0.
num_space_committed: 1779.
num_space_uncommitted: 0.
num_chunks_returned_to_freelist: 17.
num_chunks_taken_from_freelist: 6963.
num_chunk_merges: 15.
num_chunk_splits: 5024.
num_chunks_enlarged: 3685.
num_inconsistent_stats: 0.

CodeCache: size=49152Kb used=25486Kb max_used=25941Kb free=23665Kb
 bounds [0x000001ea0cd60000, 0x000001ea0e6c0000, 0x000001ea0fd60000]
 total_blobs=14036 nmethods=13321 adapters=637
 compilation: enabled
              stopped_count=0, restarted_count=0
 full_count=0

Compilation events (20 events):
Event: 32.786 Thread 0x000001ea198125a0 nmethod 13543 0x000001ea0e165d10 code [0x000001ea0e165ec0, 0x000001ea0e166258]
Event: 32.786 Thread 0x000001ea198125a0 13542       1       java.util.Collections$UnmodifiableMap::size (10 bytes)
Event: 32.786 Thread 0x000001ea198125a0 nmethod 13542 0x000001ea0e165a10 code [0x000001ea0e165ba0, 0x000001ea0e165c88]
Event: 32.786 Thread 0x000001ea19a4ece0 nmethod 13541 0x000001ea0e164c90 code [0x000001ea0e164f00, 0x000001ea0e1655a8]
Event: 32.806 Thread 0x000001ea19a4ece0 13544   !   1       java.util.ArrayList$Itr::remove (68 bytes)
Event: 32.806 Thread 0x000001ea19a4ece0 nmethod 13544 0x000001ea0e164390 code [0x000001ea0e164580, 0x000001ea0e164968]
Event: 32.814 Thread 0x000001ea19a4ece0 13545       1       org.springframework.data.mapping.model.AbstractPersistentProperty$$Lambda$1471/0x000001ea1bc91a20::get (8 bytes)
Event: 32.814 Thread 0x000001ea198125a0 13546       1       org.springframework.data.mapping.model.AbstractPersistentProperty::lambda$new$0 (16 bytes)
Event: 32.815 Thread 0x000001ea198125a0 nmethod 13546 0x000001ea0e163d10 code [0x000001ea0e163ee0, 0x000001ea0e1641d8]
Event: 32.815 Thread 0x000001ea198125a0 13547       1       org.springframework.data.jpa.mapping.JpaPersistentPropertyImpl::createAssociation (10 bytes)
Event: 32.815 Thread 0x000001ea19a4ece0 nmethod 13545 0x000001ea0e163690 code [0x000001ea0e163860, 0x000001ea0e163b58]
Event: 32.815 Thread 0x000001ea19a4ece0 13548       1       org.springframework.data.mapping.Association::<init> (15 bytes)
Event: 32.815 Thread 0x000001ea19a4ece0 nmethod 13548 0x000001ea0e163310 code [0x000001ea0e1634a0, 0x000001ea0e163618]
Event: 32.815 Thread 0x000001ea198125a0 nmethod 13547 0x000001ea0e162f90 code [0x000001ea0e163120, 0x000001ea0e163298]
Event: 32.816 Thread 0x000001ea198125a0 13549       1       org.springframework.data.mapping.model.ClassGeneratingPropertyAccessorFactory$$Lambda$1520/0x000001ea1bc9b218::doWithAssociation (13 bytes)
Event: 32.816 Thread 0x000001ea19a4ece0 13550       1       org.springframework.data.mapping.model.ClassGeneratingPropertyAccessorFactory::lambda$hasUniquePropertyHashCodes$2 (35 bytes)
Event: 32.816 Thread 0x000001ea198125a0 nmethod 13549 0x000001ea0e162a90 code [0x000001ea0e162c40, 0x000001ea0e162e08]
Event: 32.816 Thread 0x000001ea19a4ece0 nmethod 13550 0x000001ea0e162510 code [0x000001ea0e1626c0, 0x000001ea0e1628d8]
Event: 32.819 Thread 0x000001ea198125a0 13551       1       org.springframework.data.jpa.repository.query.DefaultJpaEntityMetadata::<init> (16 bytes)
Event: 32.819 Thread 0x000001ea198125a0 nmethod 13551 0x000001ea0e162090 code [0x000001ea0e162240, 0x000001ea0e162408]

GC Heap History (20 events):
Event: 27.411 GC heap after
{Heap after GC invocations=64 (full 0):
 garbage-first heap   total 319488K, used 150673K [0x0000000744e00000, 0x0000000800000000)
  region size 2048K, 3 young (6144K), 3 survivors (6144K)
 Metaspace       used 105321K, committed 107328K, reserved 1179648K
  class space    used 13601K, committed 14336K, reserved 1048576K
}
Event: 28.089 GC heap before
{Heap before GC invocations=65 (full 0):
 garbage-first heap   total 319488K, used 259217K [0x0000000744e00000, 0x0000000800000000)
  region size 2048K, 57 young (116736K), 3 survivors (6144K)
 Metaspace       used 105902K, committed 107904K, reserved 1179648K
  class space    used 13663K, committed 14400K, reserved 1048576K
}
Event: 28.095 GC heap after
{Heap after GC invocations=66 (full 0):
 garbage-first heap   total 319488K, used 153297K [0x0000000744e00000, 0x0000000800000000)
  region size 2048K, 5 young (10240K), 5 survivors (10240K)
 Metaspace       used 105902K, committed 107904K, reserved 1179648K
  class space    used 13663K, committed 14400K, reserved 1048576K
}
Event: 28.122 GC heap before
{Heap before GC invocations=66 (full 0):
 garbage-first heap   total 319488K, used 157393K [0x0000000744e00000, 0x0000000800000000)
  region size 2048K, 7 young (14336K), 5 survivors (10240K)
 Metaspace       used 105996K, committed 108032K, reserved 1179648K
  class space    used 13676K, committed 14400K, reserved 1048576K
}
Event: 28.129 GC heap after
{Heap after GC invocations=67 (full 0):
 garbage-first heap   total 319488K, used 136476K [0x0000000744e00000, 0x0000000800000000)
  region size 2048K, 1 young (2048K), 1 survivors (2048K)
 Metaspace       used 105996K, committed 108032K, reserved 1179648K
  class space    used 13676K, committed 14400K, reserved 1048576K
}
Event: 28.821 GC heap before
{Heap before GC invocations=67 (full 0):
 garbage-first heap   total 319488K, used 265500K [0x0000000744e00000, 0x0000000800000000)
  region size 2048K, 64 young (131072K), 1 survivors (2048K)
 Metaspace       used 106542K, committed 108544K, reserved 1179648K
  class space    used 13725K, committed 14464K, reserved 1048576K
}
Event: 28.826 GC heap after
{Heap after GC invocations=68 (full 0):
 garbage-first heap   total 319488K, used 140811K [0x0000000744e00000, 0x0000000800000000)
  region size 2048K, 3 young (6144K), 3 survivors (6144K)
 Metaspace       used 106542K, committed 108544K, reserved 1179648K
  class space    used 13725K, committed 14464K, reserved 1048576K
}
Event: 29.401 GC heap before
{Heap before GC invocations=68 (full 0):
 garbage-first heap   total 319488K, used 267787K [0x0000000744e00000, 0x0000000800000000)
  region size 2048K, 65 young (133120K), 3 survivors (6144K)
 Metaspace       used 107138K, committed 109120K, reserved 1179648K
  class space    used 13807K, committed 14528K, reserved 1048576K
}
Event: 29.408 GC heap after
{Heap after GC invocations=69 (full 0):
 garbage-first heap   total 319488K, used 146432K [0x0000000744e00000, 0x0000000800000000)
  region size 2048K, 6 young (12288K), 6 survivors (12288K)
 Metaspace       used 107138K, committed 109120K, reserved 1179648K
  class space    used 13807K, committed 14528K, reserved 1048576K
}
Event: 30.161 GC heap before
{Heap before GC invocations=69 (full 0):
 garbage-first heap   total 319488K, used 267264K [0x0000000744e00000, 0x0000000800000000)
  region size 2048K, 65 young (133120K), 6 survivors (12288K)
 Metaspace       used 107882K, committed 109888K, reserved 1179648K
  class space    used 13869K, committed 14592K, reserved 1048576K
}
Event: 30.170 GC heap after
{Heap after GC invocations=70 (full 0):
 garbage-first heap   total 319488K, used 150315K [0x0000000744e00000, 0x0000000800000000)
  region size 2048K, 5 young (10240K), 5 survivors (10240K)
 Metaspace       used 107882K, committed 109888K, reserved 1179648K
  class space    used 13869K, committed 14592K, reserved 1048576K
}
Event: 30.758 GC heap before
{Heap before GC invocations=70 (full 0):
 garbage-first heap   total 319488K, used 269099K [0x0000000744e00000, 0x0000000800000000)
  region size 2048K, 63 young (129024K), 5 survivors (10240K)
 Metaspace       used 108538K, committed 110592K, reserved 1179648K
  class space    used 13910K, committed 14656K, reserved 1048576K
}
Event: 30.765 GC heap after
{Heap after GC invocations=71 (full 0):
 garbage-first heap   total 319488K, used 153598K [0x0000000744e00000, 0x0000000800000000)
  region size 2048K, 4 young (8192K), 4 survivors (8192K)
 Metaspace       used 108538K, committed 110592K, reserved 1179648K
  class space    used 13910K, committed 14656K, reserved 1048576K
}
Event: 31.378 GC heap before
{Heap before GC invocations=71 (full 0):
 garbage-first heap   total 319488K, used 270334K [0x0000000744e00000, 0x0000000800000000)
  region size 2048K, 61 young (124928K), 4 survivors (8192K)
 Metaspace       used 109181K, committed 111232K, reserved 1179648K
  class space    used 13957K, committed 14720K, reserved 1048576K
}
Event: 31.386 GC heap after
{Heap after GC invocations=72 (full 0):
 garbage-first heap   total 319488K, used 157481K [0x0000000744e00000, 0x0000000800000000)
  region size 2048K, 6 young (12288K), 6 survivors (12288K)
 Metaspace       used 109181K, committed 111232K, reserved 1179648K
  class space    used 13957K, committed 14720K, reserved 1048576K
}
Event: 32.046 GC heap before
{Heap before GC invocations=73 (full 0):
 garbage-first heap   total 319488K, used 270121K [0x0000000744e00000, 0x0000000800000000)
  region size 2048K, 61 young (124928K), 6 survivors (12288K)
 Metaspace       used 109837K, committed 111808K, reserved 1179648K
  class space    used 14012K, committed 14720K, reserved 1048576K
}
Event: 32.055 GC heap after
{Heap after GC invocations=74 (full 0):
 garbage-first heap   total 319488K, used 162372K [0x0000000744e00000, 0x0000000800000000)
  region size 2048K, 7 young (14336K), 7 survivors (14336K)
 Metaspace       used 109837K, committed 111808K, reserved 1179648K
  class space    used 14012K, committed 14720K, reserved 1048576K
}
Event: 32.071 GC heap before
{Heap before GC invocations=74 (full 0):
 garbage-first heap   total 319488K, used 164420K [0x0000000744e00000, 0x0000000800000000)
  region size 2048K, 8 young (16384K), 7 survivors (14336K)
 Metaspace       used 109840K, committed 111808K, reserved 1179648K
  class space    used 14012K, committed 14720K, reserved 1048576K
}
Event: 32.078 GC heap after
{Heap after GC invocations=75 (full 0):
 garbage-first heap   total 319488K, used 159718K [0x0000000744e00000, 0x0000000800000000)
  region size 2048K, 1 young (2048K), 1 survivors (2048K)
 Metaspace       used 109840K, committed 111808K, reserved 1179648K
  class space    used 14012K, committed 14720K, reserved 1048576K
}
Event: 32.819 GC heap before
{Heap before GC invocations=75 (full 0):
 garbage-first heap   total 319488K, used 272358K [0x0000000744e00000, 0x0000000800000000)
  region size 2048K, 56 young (114688K), 1 survivors (2048K)
 Metaspace       used 111880K, committed 113856K, reserved 1179648K
  class space    used 14118K, committed 14848K, reserved 1048576K
}

Deoptimization events (20 events):
Event: 11.185 Thread 0x000001ea054a7680 DEOPT PACKING pc=0x000001ea0d8c3d64 sp=0x00000079084f8da0
Event: 11.185 Thread 0x000001ea054a7680 DEOPT UNPACKING pc=0x000001ea0cdb66e3 sp=0x00000079084f8228 mode 0
Event: 13.305 Thread 0x000001ea054a7680 DEOPT PACKING pc=0x000001ea0d326089 sp=0x00000079084f2460
Event: 13.305 Thread 0x000001ea054a7680 DEOPT UNPACKING pc=0x000001ea0cdb66e3 sp=0x00000079084f18f0 mode 3
Event: 13.305 Thread 0x000001ea61f9b090 DEOPT PACKING pc=0x000001ea0d2ff29f sp=0x000000790a3fef70
Event: 13.305 Thread 0x000001ea61f9b090 DEOPT UNPACKING pc=0x000001ea0cdb66e3 sp=0x000000790a3fe3c8 mode 3
Event: 25.835 Thread 0x000001ea054a7680 DEOPT PACKING pc=0x000001ea0d332bd4 sp=0x00000079084f6460
Event: 25.835 Thread 0x000001ea054a7680 DEOPT UNPACKING pc=0x000001ea0cdb66e3 sp=0x00000079084f59b8 mode 0
Event: 26.355 Thread 0x000001ea054a7680 DEOPT PACKING pc=0x000001ea0d2c8662 sp=0x00000079084f57a0
Event: 26.355 Thread 0x000001ea054a7680 DEOPT UNPACKING pc=0x000001ea0cdb66e3 sp=0x00000079084f4ca8 mode 3
Event: 26.355 Thread 0x000001ea054a7680 DEOPT PACKING pc=0x000001ea0d2bde65 sp=0x00000079084f5760
Event: 26.355 Thread 0x000001ea054a7680 DEOPT UNPACKING pc=0x000001ea0cdb66e3 sp=0x00000079084f4ca8 mode 3
Event: 27.307 Thread 0x000001ea054a7680 DEOPT PACKING pc=0x000001ea0da44a34 sp=0x00000079084f5640
Event: 27.307 Thread 0x000001ea054a7680 DEOPT UNPACKING pc=0x000001ea0cdb66e3 sp=0x00000079084f4c08 mode 0
Event: 27.352 Thread 0x000001ea054a7680 DEOPT PACKING pc=0x000001ea0da44a34 sp=0x00000079084f67e0
Event: 27.352 Thread 0x000001ea054a7680 DEOPT UNPACKING pc=0x000001ea0cdb66e3 sp=0x00000079084f5da8 mode 0
Event: 27.438 Thread 0x000001ea054a7680 DEOPT PACKING pc=0x000001ea0da44a34 sp=0x00000079084f8b40
Event: 27.438 Thread 0x000001ea054a7680 DEOPT UNPACKING pc=0x000001ea0cdb66e3 sp=0x00000079084f8108 mode 0
Event: 27.502 Thread 0x000001ea054a7680 DEOPT PACKING pc=0x000001ea0da44a34 sp=0x00000079084f9cd0
Event: 27.502 Thread 0x000001ea054a7680 DEOPT UNPACKING pc=0x000001ea0cdb66e3 sp=0x00000079084f9298 mode 0

Classes unloaded (1 events):
Event: 6.703 Thread 0x000001ea197ee750 Unloading class 0x000001ea1b1b0000 'SC'

Classes redefined (0 events):
No events

Internal exceptions (20 events):
Event: 27.326 Thread 0x000001ea054a7680 Exception <a 'java/lang/IncompatibleClassChangeError'{0x00000007520bfa48}: Found class java.lang.Object, but interface was expected> (0x00000007520bfa48) 
thrown [s\open\src\hotspot\share\interpreter\linkResolver.cpp, line 826]
Event: 27.327 Thread 0x000001ea054a7680 Exception <a 'java/lang/NoSuchMethodError'{0x00000007520c6fe8}: 'java.lang.Object java.lang.invoke.DirectMethodHandle$Holder.invokeStatic(java.lang.Object, long, java.lang.Object)'> (0x00000007520c6fe8) 
thrown [s\open\src\hotspot\share\interpreter\linkResolver.cpp, line 759]
Event: 27.327 Thread 0x000001ea054a7680 Exception <a 'java/lang/NoSuchMethodError'{0x00000007520ce158}: 'java.lang.Object java.lang.invoke.DirectMethodHandle$Holder.newInvokeSpecial(java.lang.Object, long)'> (0x00000007520ce158) 
thrown [s\open\src\hotspot\share\interpreter\linkResolver.cpp, line 759]
Event: 27.330 Thread 0x000001ea054a7680 Exception <a 'java/lang/NoSuchMethodError'{0x000000075210c960}: 'java.lang.Object java.lang.invoke.DirectMethodHandle$Holder.newInvokeSpecial(java.lang.Object, double)'> (0x000000075210c960) 
thrown [s\open\src\hotspot\share\interpreter\linkResolver.cpp, line 759]
Event: 27.330 Thread 0x000001ea054a7680 Exception <a 'java/lang/NoSuchMethodError'{0x0000000752112070}: 'java.lang.Object java.lang.invoke.DirectMethodHandle$Holder.invokeStatic(java.lang.Object, long, java.lang.Object, java.lang.Object)'> (0x0000000752112070) 
thrown [s\open\src\hotspot\share\interpreter\linkResolver.cpp, line 759]
Event: 27.330 Thread 0x000001ea054a7680 Exception <a 'java/lang/NoSuchMethodError'{0x00000007521199d8}: 'java.lang.Object java.lang.invoke.DirectMethodHandle$Holder.newInvokeSpecial(java.lang.Object, long, java.lang.Object)'> (0x00000007521199d8) 
thrown [s\open\src\hotspot\share\interpreter\linkResolver.cpp, line 759]
Event: 27.330 Thread 0x000001ea054a7680 Exception <a 'java/lang/NoSuchMethodError'{0x000000075211e5d8}: 'java.lang.Object java.lang.invoke.DirectMethodHandle$Holder.invokeSpecial(java.lang.Object, java.lang.Object, long, java.lang.Object)'> (0x000000075211e5d8) 
thrown [s\open\src\hotspot\share\interpreter\linkResolver.cpp, line 759]
Event: 27.334 Thread 0x000001ea054a7680 Exception <a 'java/lang/NoSuchMethodError'{0x00000007521464d0}: 'void java.lang.invoke.DirectMethodHandle$Holder.invokeStatic(java.lang.Object, long)'> (0x00000007521464d0) 
thrown [s\open\src\hotspot\share\interpreter\linkResolver.cpp, line 759]
Event: 27.335 Thread 0x000001ea054a7680 Exception <a 'java/lang/NoSuchMethodError'{0x000000075215c558}: 'double java.lang.invoke.DirectMethodHandle$Holder.invokeStatic(java.lang.Object, java.lang.Object)'> (0x000000075215c558) 
thrown [s\open\src\hotspot\share\interpreter\linkResolver.cpp, line 759]
Event: 27.874 Thread 0x000001ea054a7680 Exception <a 'java/lang/reflect/InvocationTargetException'{0x00000007546eb168}> (0x00000007546eb168) 
thrown [s\open\src\hotspot\share\runtime\reflection.cpp, line 1121]
Event: 27.923 Thread 0x000001ea054a7680 Exception <a 'java/lang/reflect/InvocationTargetException'{0x0000000753e16318}> (0x0000000753e16318) 
thrown [s\open\src\hotspot\share\runtime\reflection.cpp, line 1121]
Event: 28.104 Thread 0x000001ea054a7680 Exception <a 'java/lang/reflect/InvocationTargetException'{0x00000007585db8b0}> (0x00000007585db8b0) 
thrown [s\open\src\hotspot\share\runtime\reflection.cpp, line 1121]
Event: 28.108 Thread 0x000001ea054a7680 Exception <a 'java/lang/reflect/InvocationTargetException'{0x00000007582757b8}> (0x00000007582757b8) 
thrown [s\open\src\hotspot\share\runtime\reflection.cpp, line 1121]
Event: 28.115 Thread 0x000001ea054a7680 Exception <a 'java/lang/reflect/InvocationTargetException'{0x00000007582cdb00}> (0x00000007582cdb00) 
thrown [s\open\src\hotspot\share\runtime\reflection.cpp, line 1121]
Event: 28.116 Thread 0x000001ea054a7680 Exception <a 'java/lang/reflect/InvocationTargetException'{0x00000007582f17e8}> (0x00000007582f17e8) 
thrown [s\open\src\hotspot\share\runtime\reflection.cpp, line 1121]
Event: 28.278 Thread 0x000001ea054a7680 Exception <a 'java/lang/reflect/InvocationTargetException'{0x0000000756405288}> (0x0000000756405288) 
thrown [s\open\src\hotspot\share\runtime\reflection.cpp, line 1121]
Event: 28.282 Thread 0x000001ea054a7680 Exception <a 'java/lang/reflect/InvocationTargetException'{0x00000007564fa628}> (0x00000007564fa628) 
thrown [s\open\src\hotspot\share\runtime\reflection.cpp, line 1121]
Event: 28.351 Thread 0x000001ea054a7680 Exception <a 'java/lang/reflect/InvocationTargetException'{0x0000000755b9aa10}> (0x0000000755b9aa10) 
thrown [s\open\src\hotspot\share\runtime\reflection.cpp, line 1121]
Event: 28.352 Thread 0x000001ea054a7680 Exception <a 'java/lang/reflect/InvocationTargetException'{0x0000000755bb97f0}> (0x0000000755bb97f0) 
thrown [s\open\src\hotspot\share\runtime\reflection.cpp, line 1121]
Event: 29.088 Thread 0x000001ea054a7680 Exception <a 'java/lang/NoSuchMethodError'{0x00000007549ad808}: 'java.lang.Object java.lang.invoke.DirectMethodHandle$Holder.invokeInterface(java.lang.Object, java.lang.Object, int)'> (0x00000007549ad808) 
thrown [s\open\src\hotspot\share\interpreter\linkResolver.cpp, line 759]

VM Operations (20 events):
Event: 28.826 Executing VM operation: G1CollectForAllocation done
Event: 29.112 Executing VM operation: HandshakeAllThreads
Event: 29.112 Executing VM operation: HandshakeAllThreads done
Event: 29.401 Executing VM operation: G1CollectForAllocation
Event: 29.408 Executing VM operation: G1CollectForAllocation done
Event: 30.161 Executing VM operation: G1CollectForAllocation
Event: 30.170 Executing VM operation: G1CollectForAllocation done
Event: 30.758 Executing VM operation: G1CollectForAllocation
Event: 30.765 Executing VM operation: G1CollectForAllocation done
Event: 31.378 Executing VM operation: G1CollectForAllocation
Event: 31.386 Executing VM operation: G1CollectForAllocation done
Event: 31.468 Executing VM operation: G1Concurrent
Event: 31.473 Executing VM operation: G1Concurrent done
Event: 31.519 Executing VM operation: G1Concurrent
Event: 31.520 Executing VM operation: G1Concurrent done
Event: 32.046 Executing VM operation: G1CollectForAllocation
Event: 32.055 Executing VM operation: G1CollectForAllocation done
Event: 32.070 Executing VM operation: G1CollectForAllocation
Event: 32.078 Executing VM operation: G1CollectForAllocation done
Event: 32.819 Executing VM operation: G1CollectForAllocation

Events (20 events):
Event: 27.120 loading class java/time/DurationEditor done
Event: 27.122 loading class java/time/Duration$1
Event: 27.123 loading class java/time/Duration$1 done
Event: 27.202 loading class java/util/stream/ReduceOps$1
Event: 27.202 loading class java/util/stream/ReduceOps$1 done
Event: 27.202 loading class java/util/stream/ReduceOps$1ReducingSink
Event: 27.202 loading class java/util/stream/ReduceOps$1ReducingSink done
Event: 27.310 loading class sun/reflect/annotation/AnnotationInvocationHandler$1
Event: 27.311 loading class sun/reflect/annotation/AnnotationInvocationHandler$1 done
Event: 27.340 loading class java/util/concurrent/locks/StampedLock
Event: 27.341 loading class java/util/concurrent/locks/StampedLock done
Event: 29.087 loading class java/util/stream/IntPipeline$1
Event: 29.088 loading class java/util/stream/IntPipeline$1 done
Event: 29.088 loading class java/util/stream/IntPipeline$1$1
Event: 29.088 loading class java/util/stream/IntPipeline$1$1 done
Event: 29.697 loading class java/lang/invoke/SerializedLambda
Event: 29.697 loading class java/lang/invoke/SerializedLambda done
Event: 32.664 Thread 0x000001ea60761c30 Thread exited: 0x000001ea60761c30
Event: 32.697 loading class jdk/internal/math/FDBigInteger
Event: 32.697 loading class jdk/internal/math/FDBigInteger done


Dynamic libraries:
0x00007ff7b04f0000 - 0x00007ff7b0500000 	C:\Program Files\Java\jdk-17\bin\java.exe
0x00007ffe02f10000 - 0x00007ffe03108000 	C:\Windows\SYSTEM32\ntdll.dll
0x00007ffe01730000 - 0x00007ffe017ed000 	C:\Windows\System32\KERNEL32.DLL
0x00007ffe00600000 - 0x00007ffe008f6000 	C:\Windows\System32\KERNELBASE.dll
0x00007ffe00b80000 - 0x00007ffe00c80000 	C:\Windows\System32\ucrtbase.dll
0x00007ffde1c10000 - 0x00007ffde1c29000 	C:\Program Files\Java\jdk-17\bin\jli.dll
0x00007ffdd3990000 - 0x00007ffdd39ab000 	C:\Program Files\Java\jdk-17\bin\VCRUNTIME140.dll
0x00007ffe02800000 - 0x00007ffe028b0000 	C:\Windows\System32\ADVAPI32.dll
0x00007ffe02d20000 - 0x00007ffe02dbe000 	C:\Windows\System32\msvcrt.dll
0x00007ffe01ee0000 - 0x00007ffe01f80000 	C:\Windows\System32\sechost.dll
0x00007ffe013a0000 - 0x00007ffe014c3000 	C:\Windows\System32\RPCRT4.dll
0x00007ffe00c80000 - 0x00007ffe00ca7000 	C:\Windows\System32\bcrypt.dll
0x00007ffe017f0000 - 0x00007ffe0198f000 	C:\Windows\System32\USER32.dll
0x00007ffdffa80000 - 0x00007ffdffd1a000 	C:\Windows\WinSxS\amd64_microsoft.windows.common-controls_6595b64144ccf1df_6.0.19041.4355_none_60b8b9eb71f62e16\COMCTL32.dll
0x00007ffe010e0000 - 0x00007ffe0110b000 	C:\Windows\System32\GDI32.dll
0x00007ffe005d0000 - 0x00007ffe005f2000 	C:\Windows\System32\win32u.dll
0x00007ffe00a60000 - 0x00007ffe00b77000 	C:\Windows\System32\gdi32full.dll
0x00007ffe00df0000 - 0x00007ffe00e8d000 	C:\Windows\System32\msvcp_win.dll
0x00007ffdfdc90000 - 0x00007ffdfdc9a000 	C:\Windows\SYSTEM32\VERSION.dll
0x00007ffe01120000 - 0x00007ffe0114f000 	C:\Windows\System32\IMM32.DLL
0x00007ffdf86a0000 - 0x00007ffdf86ac000 	C:\Program Files\Java\jdk-17\bin\vcruntime140_1.dll
0x00007ffd938a0000 - 0x00007ffd9392e000 	C:\Program Files\Java\jdk-17\bin\msvcp140.dll
0x00007ffd84e60000 - 0x00007ffd85a3f000 	C:\Program Files\Java\jdk-17\bin\server\jvm.dll
0x00007ffe01570000 - 0x00007ffe01578000 	C:\Windows\System32\PSAPI.DLL
0x00007ffdefe00000 - 0x00007ffdefe27000 	C:\Windows\SYSTEM32\WINMM.dll
0x00007ffddc150000 - 0x00007ffddc159000 	C:\Windows\SYSTEM32\WSOCK32.dll
0x00007ffe02dd0000 - 0x00007ffe02e3b000 	C:\Windows\System32\WS2_32.dll
0x00007ffdfdcb0000 - 0x00007ffdfdcc2000 	C:\Windows\SYSTEM32\kernel.appcore.dll
0x00007ffdf5c90000 - 0x00007ffdf5c9a000 	C:\Program Files\Java\jdk-17\bin\jimage.dll
0x00007ffdfffd0000 - 0x00007ffe001b4000 	C:\Windows\SYSTEM32\DBGHELP.DLL
0x00007ffdfff10000 - 0x00007ffdfff44000 	C:\Windows\SYSTEM32\dbgcore.DLL
0x00007ffe00d60000 - 0x00007ffe00de2000 	C:\Windows\System32\bcryptPrimitives.dll
0x00007ffdc5950000 - 0x00007ffdc5975000 	C:\Program Files\Java\jdk-17\bin\java.dll
0x00007ffd8c270000 - 0x00007ffd8c347000 	C:\Program Files\Java\jdk-17\bin\jsvml.dll
0x00007ffe02090000 - 0x00007ffe027fc000 	C:\Windows\System32\SHELL32.dll
0x00007ffdfd400000 - 0x00007ffdfdb9d000 	C:\Windows\SYSTEM32\windows.storage.dll
0x00007ffe01b80000 - 0x00007ffe01ed3000 	C:\Windows\System32\combase.dll
0x00007ffdff810000 - 0x00007ffdff83e000 	C:\Windows\SYSTEM32\Wldp.dll
0x00007ffe012d0000 - 0x00007ffe0139d000 	C:\Windows\System32\OLEAUT32.dll
0x00007ffe01ad0000 - 0x00007ffe01b7d000 	C:\Windows\System32\SHCORE.dll
0x00007ffe00f50000 - 0x00007ffe00fa5000 	C:\Windows\System32\shlwapi.dll
0x00007ffe00500000 - 0x00007ffe00524000 	C:\Windows\SYSTEM32\profapi.dll
0x00007ffdbc660000 - 0x00007ffdbc679000 	C:\Program Files\Java\jdk-17\bin\net.dll
0x00007ffdfeeb0000 - 0x00007ffdfefba000 	C:\Windows\SYSTEM32\WINHTTP.dll
0x00007ffdff5f0000 - 0x00007ffdff65a000 	C:\Windows\system32\mswsock.dll
0x00007ffdbc640000 - 0x00007ffdbc656000 	C:\Program Files\Java\jdk-17\bin\nio.dll
0x00007ffdbc620000 - 0x00007ffdbc638000 	C:\Program Files\Java\jdk-17\bin\zip.dll
0x00007ffdd3eb0000 - 0x00007ffdd3ebe000 	C:\Program Files\Java\jdk-17\bin\sunmscapi.dll
0x00007ffe00900000 - 0x00007ffe00a5e000 	C:\Windows\System32\CRYPT32.dll
0x00007ffdff960000 - 0x00007ffdff989000 	C:\Windows\SYSTEM32\ncrypt.dll
0x00007ffdff920000 - 0x00007ffdff95b000 	C:\Windows\SYSTEM32\NTASN1.dll
0x00007ffdc56d0000 - 0x00007ffdc56e0000 	C:\Program Files\Java\jdk-17\bin\verify.dll
0x00007ffdd82f0000 - 0x00007ffdd82fa000 	C:\Program Files\Java\jdk-17\bin\management.dll
0x00007ffdd81f0000 - 0x00007ffdd81fb000 	C:\Program Files\Java\jdk-17\bin\management_ext.dll
0x00007ffe00330000 - 0x00007ffe00348000 	C:\Windows\SYSTEM32\CRYPTSP.dll
0x00007ffdfee20000 - 0x00007ffdfee54000 	C:\Windows\system32\rsaenh.dll
0x00007ffe00470000 - 0x00007ffe0049e000 	C:\Windows\SYSTEM32\USERENV.dll
0x00007ffdff780000 - 0x00007ffdff78c000 	C:\Windows\SYSTEM32\CRYPTBASE.dll
0x00007ffdff290000 - 0x00007ffdff2cb000 	C:\Windows\SYSTEM32\IPHLPAPI.DLL
0x00007ffe02dc0000 - 0x00007ffe02dc8000 	C:\Windows\System32\NSI.dll
0x00007ffdf8f40000 - 0x00007ffdf8f57000 	C:\Windows\SYSTEM32\dhcpcsvc6.DLL
0x00007ffdf8f20000 - 0x00007ffdf8f3d000 	C:\Windows\SYSTEM32\dhcpcsvc.DLL
0x00007ffdff2d0000 - 0x00007ffdff39a000 	C:\Windows\SYSTEM32\DNSAPI.dll
0x00007ffdf5df0000 - 0x00007ffdf5dfa000 	C:\Windows\System32\rasadhlp.dll
0x00007ffdf8ea0000 - 0x00007ffdf8f20000 	C:\Windows\System32\fwpuclnt.dll
0x00007ffddc170000 - 0x00007ffddc187000 	C:\Windows\system32\napinsp.dll
0x00007ffddc080000 - 0x00007ffddc09b000 	C:\Windows\system32\pnrpnsp.dll
0x00007ffdf9c90000 - 0x00007ffdf9ca5000 	C:\Windows\system32\wshbth.dll
0x00007ffdf97a0000 - 0x00007ffdf97bd000 	C:\Windows\system32\NLAapi.dll
0x00007ffddc060000 - 0x00007ffddc072000 	C:\Windows\System32\winrnr.dll

dbghelp: loaded successfully - version: 4.0.5 - missing functions: none
symbol engine: initialized successfully - sym options: 0x614 - pdb path: .;C:\Program Files\Java\jdk-17\bin;C:\Windows\SYSTEM32;C:\Windows\WinSxS\amd64_microsoft.windows.common-controls_6595b64144ccf1df_6.0.19041.4355_none_60b8b9eb71f62e16;C:\Program Files\Java\jdk-17\bin\server

VM Arguments:
jvm_args: -Dspring.output.ansi.enabled=ALWAYS -XX:TieredStopAtLevel=1 -Dfile.encoding=windows-1252 -Duser.country=FR -Duser.language=fr -Duser.variant 
java_command: org.apache.fineract.ServerApplication
java_class_path (initial): C:\Users\d.ngantchou\.gradle\.tmp\gradle-javaexec-classpath15221093458473349107.jar
Launcher Type: SUN_STANDARD

[Global flags]
     intx CICompilerCount                          = 4                                         {product} {ergonomic}
     uint ConcGCThreads                            = 2                                         {product} {ergonomic}
     uint G1ConcRefinementThreads                  = 8                                         {product} {ergonomic}
   size_t G1HeapRegionSize                         = 2097152                                   {product} {ergonomic}
    uintx GCDrainStackTargetSize                   = 64                                        {product} {ergonomic}
   size_t InitialHeapSize                          = 197132288                                 {product} {ergonomic}
   size_t MarkStackSize                            = 4194304                                   {product} {ergonomic}
   size_t MaxHeapSize                              = 3139436544                                {product} {ergonomic}
   size_t MaxNewSize                               = 1883242496                                {product} {ergonomic}
   size_t MinHeapDeltaBytes                        = 2097152                                   {product} {ergonomic}
   size_t MinHeapSize                              = 8388608                                   {product} {ergonomic}
    uintx NonProfiledCodeHeapSize                  = 0                                      {pd product} {ergonomic}
     bool ProfileInterpreter                       = false                                  {pd product} {command line}
    uintx ProfiledCodeHeapSize                     = 0                                      {pd product} {ergonomic}
   size_t SoftMaxHeapSize                          = 3139436544                             {manageable} {ergonomic}
     intx TieredStopAtLevel                        = 1                                         {product} {command line}
     bool UseCompressedClassPointers               = true                           {product lp64_product} {ergonomic}
     bool UseCompressedOops                        = true                           {product lp64_product} {ergonomic}
     bool UseG1GC                                  = true                                      {product} {ergonomic}
     bool UseLargePagesIndividualAllocation        = false                                  {pd product} {ergonomic}

Logging:
Log output configuration:
 #0: stdout all=warning uptime,level,tags
 #1: stderr all=off uptime,level,tags

Environment Variables:
JAVA_HOME=C:\Program Files\Java\jdk-17
PATH=C:\Users\d.ngantchou\bin;C:\Program Files\Git\mingw64\bin;C:\Program Files\Git\usr\local\bin;C:\Program Files\Git\usr\bin;C:\Program Files\Git\usr\bin;C:\Program Files\Git\mingw64\bin;C:\Program Files\Git\usr\bin;C:\Users\d.ngantchou\bin;C:\Program Files\Common Files\Oracle\Java\javapath;C:\Windows\system32;C:\Windows;C:\Windows\System32\Wbem;C:\Windows\System32\WindowsPowerShell\v1.0;C:\Windows\System32\OpenSSH;C:\Program Files\Git\cmd;C:\Program Files\nodejs;C:\Program Files\Docker\Docker\resources\bin;C:\xampp\php;C:\composer;C:\Program Files\Java\jdk-17\bin;C:\xampp\mysql\bin;C:\Gradle\gradle-8.6\bin;C:\Program Files\Microsoft SQL Server\150\Tools\Binn;C:\Program Files\Microsoft SQL Server\Client SDK\ODBC\170\Tools\Binn;C:\Program Files\dotnet;C:\Users\d.ngantchou\AppData\Local\Microsoft\WindowsApps;C:\Users\d.ngantchou\AppData\Local\Programs\Microsoft VS Code\bin;C:\Users\d.ngantchou\AppData\Roaming\npm;C:\Users\d.ngantchou\AppData\Roaming\Composer\vendor\bin;C:\Users\d.ngantchou\.dotnet\tools;C:\Program Files\Git\usr\bin\vendor_perl;C:\Program Files\Git\usr\bin\core_perl
USERNAME=d.ngantchou
SHELL=C:\Program Files\Git\usr\bin\bash.exe
DISPLAY=needs-to-be-defined
LC_CTYPE=fr_FR.UTF-8
OS=Windows_NT
PROCESSOR_IDENTIFIER=Intel64 Family 6 Model 140 Stepping 1, GenuineIntel



---------------  S Y S T E M  ---------------

OS:
 Windows 10 , 64 bit Build 19041 (10.0.19041.3636)
OS uptime: 6 days 18:49 hours
Hyper-V role detected

CPU: total 8 (initial active 8) (4 cores per cpu, 2 threads per core) family 6 model 140 stepping 1 microcode 0xb6, cx8, cmov, fxsr, ht, mmx, 3dnowpref, sse, sse2, sse3, ssse3, sse4.1, sse4.2, popcnt, lzcnt, tsc, tscinvbit, avx, avx2, aes, erms, clmul, bmi1, bmi2, adx, avx512f, avx512dq, avx512cd, avx512bw, avx512vl, sha, fma, vzeroupper, avx512_vpopcntdq, avx512_vpclmulqdq, avx512_vaes, avx512_vnni, clflush, clflushopt, clwb, avx512_vbmi2, avx512_vbmi, hv

Memory: 4k page, system-wide physical 11968M (309M free)
TotalPageFile size 25904M (AvailPageFile size 50M)
current process WorkingSet (physical memory assigned to process): 554M, peak: 554M
current process commit charge ("private bytes"): 600M, peak: 664M

vm_info: Java HotSpot(TM) 64-Bit Server VM (17.0.10+11-LTS-240) for windows-amd64 JRE (17.0.10+11-LTS-240), built on Dec 19 2023 21:47:25 by "mach5one" with MS VC++ 17.1 (VS2022)

END.
