#
# There is insufficient memory for the Java Runtime Environment to continue.
# Native memory allocation (malloc) failed to allocate 32744 bytes. Error detail: ChunkPool::allocate
# Possible reasons:
#   The system is out of physical RAM or swap space
#   This process is running with CompressedOops enabled, and the Java Heap may be blocking the growth of the native heap
# Possible solutions:
#   Reduce memory load on the system
#   Increase physical memory or swap space
#   Check if swap backing store is full
#   Decrease Java heap size (-Xmx/-Xms)
#   Decrease number of Java threads
#   Decrease Java thread stack sizes (-Xss)
#   Set larger code cache with -XX:ReservedCodeCacheSize=
#   JVM is running with Unscaled Compressed Oops mode in which the Java heap is
#     placed in the first 4GB address space. The Java Heap base address is the
#     maximum limit for the native heap growth. Please use -XX:HeapBaseMinAddress
#     to set the Java Heap base and to place the Java Heap above 4GB virtual address.
# This output file may be truncated or incomplete.
#
#  Out of Memory Error (arena.cpp:79), pid=27416, tid=26144
#
# JRE version: OpenJDK Runtime Environment Temurin-17.0.12+7 (17.0.12+7) (build 17.0.12+7)
# Java VM: OpenJDK 64-Bit Server VM Temurin-17.0.12+7 (17.0.12+7, mixed mode, emulated-client, tiered, compressed oops, compressed class ptrs, g1 gc, windows-amd64)
# No core dump will be written. Minidumps are not enabled by default on client versions of Windows
#

---------------  S U M M A R Y ------------

Command Line: -Xmx1024m -Dsts.lsp.client=vscode -Dsts.log.file=/dev/null -XX:TieredStopAtLevel=1 -Xlog:jni+resolve=off c:\Users\d.ngantchou\.vscode\extensions\vmware.vscode-spring-boot-1.57.0\language-server\spring-boot-language-server-1.57.0-SNAPSHOT-exec.jar

Host: 11th Gen Intel(R) Core(TM) i5-1135G7 @ 2.40GHz, 8 cores, 11G,  Windows 10 , 64 bit Build 19041 (10.0.19041.4842)
Time: Thu Sep 26 21:04:14 2024 Afr. centrale Ouest elapsed time: 1142.933951 seconds (0d 0h 19m 2s)

---------------  T H R E A D  ---------------

Current thread (0x0000021d449fdd00):  JavaThread "C1 CompilerThread1" daemon [_thread_in_native, id=26144, stack(0x00000040c2200000,0x00000040c2300000)]


Current CompileTask:
C1:1142934 8610       1       org.eclipse.jdt.internal.compiler.ClassFile::traverse (7188 bytes)

Stack: [0x00000040c2200000,0x00000040c2300000]
Native frames: (J=compiled Java code, j=interpreted, Vv=VM code, C=native code)
V  [jvm.dll+0x67f929]
V  [jvm.dll+0x8371ba]
V  [jvm.dll+0x838c7e]
V  [jvm.dll+0x8392e3]
V  [jvm.dll+0x24834f]
V  [jvm.dll+0xacbd1]
V  [jvm.dll+0xad01c]
V  [jvm.dll+0x11e325]
V  [jvm.dll+0x17c024]
V  [jvm.dll+0x17c603]
V  [jvm.dll+0x136bc3]
V  [jvm.dll+0x1364cf]
V  [jvm.dll+0x136706]
V  [jvm.dll+0x135b9a]
V  [jvm.dll+0x137851]
V  [jvm.dll+0x229a2d]
V  [jvm.dll+0x227bdc]
V  [jvm.dll+0x7ec1f7]
V  [jvm.dll+0x7e65dc]
V  [jvm.dll+0x67e7f7]
C  [ucrtbase.dll+0x21bb2]
C  [KERNEL32.DLL+0x17374]
C  [ntdll.dll+0x4cc91]


---------------  P R O C E S S  ---------------

Threads class SMR info:
_java_thread_list=0x0000021d43d926e0, length=42, elements={
0x0000021d3d9ec740, 0x0000021d3d9ed210, 0x0000021d3da06df0, 0x0000021d3da076c0,
0x0000021d3da07f90, 0x0000021d3da08860, 0x0000021d3db57900, 0x0000021d3db58210,
0x0000021d3dbf3e60, 0x0000021d3dc29c80, 0x0000021d4365b060, 0x0000021d436f4570,
0x0000021d436f6df0, 0x0000021d436f7300, 0x0000021d436f4060, 0x0000021d436f59b0,
0x0000021d437c0000, 0x0000021d437bfaf0, 0x0000021d437bf5e0, 0x0000021d437c46e0,
0x0000021d437c2370, 0x0000021d437c0510, 0x0000021d437c1440, 0x0000021d437c37b0,
0x0000021d437c5100, 0x0000021d437c5610, 0x0000021d437c6030, 0x0000021d437c32a0,
0x0000021d437c0a20, 0x0000021d437c6540, 0x0000021d437c4bf0, 0x0000021d437c0f30,
0x0000021d437bf0d0, 0x0000021d437c1950, 0x0000021d437c2880, 0x0000021d437c2d90,
0x0000021d437c6a50, 0x0000021d437c3cc0, 0x0000021d436f4a80, 0x0000021d449fdd00,
0x0000021d438d9180, 0x0000021d436f4f90
}

Java Threads: ( => current thread )
  0x0000021d3d9ec740 JavaThread "Reference Handler" daemon [_thread_blocked, id=6644, stack(0x00000040c0000000,0x00000040c0100000)]
  0x0000021d3d9ed210 JavaThread "Finalizer" daemon [_thread_blocked, id=12540, stack(0x00000040c0100000,0x00000040c0200000)]
  0x0000021d3da06df0 JavaThread "Signal Dispatcher" daemon [_thread_blocked, id=23608, stack(0x00000040c0200000,0x00000040c0300000)]
  0x0000021d3da076c0 JavaThread "Attach Listener" daemon [_thread_blocked, id=2856, stack(0x00000040c0300000,0x00000040c0400000)]
  0x0000021d3da07f90 JavaThread "Service Thread" daemon [_thread_blocked, id=7076, stack(0x00000040c0400000,0x00000040c0500000)]
  0x0000021d3da08860 JavaThread "Monitor Deflation Thread" daemon [_thread_blocked, id=14600, stack(0x00000040c0500000,0x00000040c0600000)]
  0x0000021d3db57900 JavaThread "C1 CompilerThread0" daemon [_thread_blocked, id=15940, stack(0x00000040c0600000,0x00000040c0700000)]
  0x0000021d3db58210 JavaThread "Sweeper thread" daemon [_thread_blocked, id=1716, stack(0x00000040c0700000,0x00000040c0800000)]
  0x0000021d3dbf3e60 JavaThread "Notification Thread" daemon [_thread_blocked, id=5476, stack(0x00000040c0800000,0x00000040c0900000)]
  0x0000021d3dc29c80 JavaThread "Common-Cleaner" daemon [_thread_blocked, id=28944, stack(0x00000040c0b00000,0x00000040c0c00000)]
  0x0000021d4365b060 JavaThread "boundedElastic-evictor-1" daemon [_thread_blocked, id=20976, stack(0x00000040c0f00000,0x00000040c1000000)]
  0x0000021d436f4570 JavaThread "pool-13-thread-1" [_thread_blocked, id=18040, stack(0x00000040c1300000,0x00000040c1400000)]
  0x0000021d436f6df0 JavaThread "LanguageServerApp-lifecycle" [_thread_blocked, id=25576, stack(0x00000040c1a00000,0x00000040c1b00000)]
  0x0000021d436f7300 JavaThread "DestroyJavaVM" [_thread_blocked, id=11544, stack(0x00000040bf900000,0x00000040bfa00000)]
  0x0000021d436f4060 JavaThread "pool-14-thread-1" [_thread_in_native, id=23088, stack(0x00000040c1b00000,0x00000040c1c00000)]
  0x0000021d436f59b0 JavaThread "Simple-Language-Server main thread" daemon [_thread_blocked, id=26540, stack(0x00000040c1c00000,0x00000040c1d00000)]
  0x0000021d437c0000 JavaThread "pool-8-thread-1" [_thread_blocked, id=27480, stack(0x00000040c4000000,0x00000040c4100000)]
  0x0000021d437bfaf0 JavaThread "parallel-1" daemon [_thread_blocked, id=16896, stack(0x00000040c4100000,0x00000040c4200000)]
  0x0000021d437bf5e0 JavaThread "pool-6-thread-1" [_thread_blocked, id=2848, stack(0x00000040c4200000,0x00000040c4300000)]
  0x0000021d437c46e0 JavaThread "parallel-2" daemon [_thread_blocked, id=10028, stack(0x00000040c4300000,0x00000040c4400000)]
  0x0000021d437c2370 JavaThread "Reconciler-1" daemon [_thread_blocked, id=868, stack(0x00000040c4400000,0x00000040c4500000)]
  0x0000021d437c0510 JavaThread "parallel-3" daemon [_thread_blocked, id=18148, stack(0x00000040c4500000,0x00000040c4600000)]
  0x0000021d437c1440 JavaThread "parallel-4" daemon [_thread_blocked, id=28220, stack(0x00000040c4a00000,0x00000040c4b00000)]
  0x0000021d437c37b0 JavaThread "parallel-5" daemon [_thread_blocked, id=24672, stack(0x00000040c4b00000,0x00000040c4c00000)]
  0x0000021d437c5100 JavaThread "parallel-6" daemon [_thread_blocked, id=20256, stack(0x00000040c4d00000,0x00000040c4e00000)]
  0x0000021d437c5610 JavaThread "parallel-7" daemon [_thread_blocked, id=13404, stack(0x00000040c4e00000,0x00000040c4f00000)]
  0x0000021d437c6030 JavaThread "parallel-8" daemon [_thread_blocked, id=4760, stack(0x00000040c5000000,0x00000040c5100000)]
  0x0000021d437c32a0 JavaThread "ForkJoinPool.commonPool-worker-6" daemon [_thread_blocked, id=14128, stack(0x00000040bf700000,0x00000040bf800000)]
  0x0000021d437c0a20 JavaThread "pool-3-thread-6" [_thread_in_vm, id=24836, stack(0x00000040bf800000,0x00000040bf900000)]
  0x0000021d437c6540 JavaThread "pool-5-thread-3" [_thread_in_vm, id=12608, stack(0x00000040c0a00000,0x00000040c0b00000)]
  0x0000021d437c4bf0 JavaThread "pool-3-thread-7" [_thread_in_Java, id=2240, stack(0x00000040c1600000,0x00000040c1700000)]
  0x0000021d437c0f30 JavaThread "ForkJoinPool.commonPool-worker-7" daemon [_thread_blocked, id=28192, stack(0x00000040c1700000,0x00000040c1800000)]
  0x0000021d437bf0d0 JavaThread "ForkJoinPool.commonPool-worker-8" daemon [_thread_blocked, id=19744, stack(0x00000040c1f00000,0x00000040c2000000)]
  0x0000021d437c1950 JavaThread "ForkJoinPool.commonPool-worker-9" daemon [_thread_blocked, id=21520, stack(0x00000040c1800000,0x00000040c1900000)]
  0x0000021d437c2880 JavaThread "ForkJoinPool.commonPool-worker-10" daemon [_thread_blocked, id=16936, stack(0x00000040c1900000,0x00000040c1a00000)]
  0x0000021d437c2d90 JavaThread "ForkJoinPool.commonPool-worker-11" daemon [_thread_blocked, id=19232, stack(0x00000040c1d00000,0x00000040c1e00000)]
  0x0000021d437c6a50 JavaThread "pool-3-thread-12" [_thread_in_Java, id=17900, stack(0x00000040c1e00000,0x00000040c1f00000)]
  0x0000021d437c3cc0 JavaThread "pool-3-thread-13" [_thread_blocked, id=13616, stack(0x00000040c2000000,0x00000040c2100000)]
  0x0000021d436f4a80 JavaThread "pool-3-thread-14" [_thread_in_Java, id=1968, stack(0x00000040c2100000,0x00000040c2200000)]
=>0x0000021d449fdd00 JavaThread "C1 CompilerThread1" daemon [_thread_in_native, id=26144, stack(0x00000040c2200000,0x00000040c2300000)]
  0x0000021d438d9180 JavaThread "C1 CompilerThread2" daemon [_thread_blocked, id=10156, stack(0x00000040c2300000,0x00000040c2400000)]
  0x0000021d436f4f90 JavaThread "pool-3-thread-15" [_thread_blocked, id=22588, stack(0x00000040c2400000,0x00000040c2500000)]

Other Threads:
  0x0000021d3d9d7400 VMThread "VM Thread" [stack: 0x00000040bff00000,0x00000040c0000000] [id=19516]
  0x0000021d3db91850 WatcherThread [stack: 0x00000040c0900000,0x00000040c0a00000] [id=13676]
  0x0000021d32bc6970 GCTaskThread "GC Thread#0" [stack: 0x00000040bfa00000,0x00000040bfb00000] [id=11864]
  0x0000021d42653ed0 GCTaskThread "GC Thread#1" [stack: 0x00000040c0c00000,0x00000040c0d00000] [id=20612]
  0x0000021d42654190 GCTaskThread "GC Thread#2" [stack: 0x00000040c0d00000,0x00000040c0e00000] [id=14036]
  0x0000021d42654450 GCTaskThread "GC Thread#3" [stack: 0x00000040c0e00000,0x00000040c0f00000] [id=3224]
  0x0000021d42d40790 GCTaskThread "GC Thread#4" [stack: 0x00000040c1000000,0x00000040c1100000] [id=15852]
  0x0000021d42d40a50 GCTaskThread "GC Thread#5" [stack: 0x00000040c1100000,0x00000040c1200000] [id=28012]
  0x0000021d42d40d10 GCTaskThread "GC Thread#6" [stack: 0x00000040c1200000,0x00000040c1300000] [id=10588]
  0x0000021d42e013c0 GCTaskThread "GC Thread#7" [stack: 0x00000040c1400000,0x00000040c1500000] [id=12900]
  0x0000021d32bcf8c0 ConcurrentGCThread "G1 Main Marker" [stack: 0x00000040bfb00000,0x00000040bfc00000] [id=13720]
  0x0000021d32bd02e0 ConcurrentGCThread "G1 Conc#0" [stack: 0x00000040bfc00000,0x00000040bfd00000] [id=14632]
  0x0000021d42e654c0 ConcurrentGCThread "G1 Conc#1" [stack: 0x00000040c1500000,0x00000040c1600000] [id=12940]
  0x0000021d3d8420c0 ConcurrentGCThread "G1 Refine#0" [stack: 0x00000040bfd00000,0x00000040bfe00000] [id=17920]
  0x0000021d43e06a90 ConcurrentGCThread "G1 Refine#1" [stack: 0x00000040c5300000,0x00000040c5400000] [id=10648]
  0x0000021d43e01810 ConcurrentGCThread "G1 Refine#2" [stack: 0x00000040c5400000,0x00000040c5500000] [id=5520]
  0x0000021d43e020e0 ConcurrentGCThread "G1 Refine#3" [stack: 0x00000040c5500000,0x00000040c5600000] [id=23212]
  0x0000021d43e01df0 ConcurrentGCThread "G1 Refine#4" [stack: 0x00000040c5600000,0x00000040c5700000] [id=9664]
  0x0000021d3d842af0 ConcurrentGCThread "G1 Service" [stack: 0x00000040bfe00000,0x00000040bff00000] [id=17172]

Threads with active compile tasks:
C1 CompilerThread1  1142962 8610       1       org.eclipse.jdt.internal.compiler.ClassFile::traverse (7188 bytes)

VM state: not at safepoint (normal execution)

VM Mutex/Monitor currently owned by a thread: None

Heap address: 0x00000000c0000000, size: 1024 MB, Compressed Oops mode: 32-bit

CDS archive(s) not mapped
Compressed class space mapped at: 0x0000000100000000-0x0000000140000000, reserved size: 1073741824
Narrow klass base: 0x0000000000000000, Narrow klass shift: 3, Narrow klass range: 0x140000000

GC Precious Log:
 CPUs: 8 total, 8 available
 Memory: 11968M
 Large Page Support: Disabled
 NUMA Support: Disabled
 Compressed Oops: Enabled (32-bit)
 Heap Region Size: 1M
 Heap Min Capacity: 8M
 Heap Initial Capacity: 188M
 Heap Max Capacity: 1G
 Pre-touch: Disabled
 Parallel Workers: 8
 Concurrent Workers: 2
 Concurrent Refinement Workers: 8
 Periodic GC: Disabled

Heap:
 garbage-first heap   total 245760K, used 185867K [0x00000000c0000000, 0x0000000100000000)
  region size 1024K, 89 young (91136K), 1 survivors (1024K)
 Metaspace       used 57385K, committed 57792K, reserved 1114112K
  class space    used 7154K, committed 7360K, reserved 1048576K

Heap Regions: E=young(eden), S=young(survivor), O=old, HS=humongous(starts), HC=humongous(continues), CS=collection set, F=free, OA=open archive, CA=closed archive, TAMS=top-at-mark-start (previous, next)
|   0|0x00000000c0000000, 0x00000000c0100000, 0x00000000c0100000|100%|HS|  |TAMS 0x00000000c0100000, 0x00000000c0000000| Complete 
|   1|0x00000000c0100000, 0x00000000c0200000, 0x00000000c0200000|100%|HC|  |TAMS 0x00000000c0200000, 0x00000000c0100000| Complete 
|   2|0x00000000c0200000, 0x00000000c0300000, 0x00000000c0300000|100%|HC|  |TAMS 0x00000000c0300000, 0x00000000c0200000| Complete 
|   3|0x00000000c0300000, 0x00000000c0400000, 0x00000000c0400000|100%|HC|  |TAMS 0x00000000c0400000, 0x00000000c0300000| Complete 
|   4|0x00000000c0400000, 0x00000000c0500000, 0x00000000c0500000|100%|HS|  |TAMS 0x00000000c0500000, 0x00000000c0400000| Complete 
|   5|0x00000000c0500000, 0x00000000c0600000, 0x00000000c0600000|100%|HC|  |TAMS 0x00000000c0600000, 0x00000000c0500000| Complete 
|   6|0x00000000c0600000, 0x00000000c0700000, 0x00000000c0700000|100%| O|  |TAMS 0x00000000c0700000, 0x00000000c0600000| Untracked 
|   7|0x00000000c0700000, 0x00000000c07ffd78, 0x00000000c0800000| 99%| O|  |TAMS 0x00000000c07ffd78, 0x00000000c0700000| Untracked 
|   8|0x00000000c0800000, 0x00000000c0900000, 0x00000000c0900000|100%| O|  |TAMS 0x00000000c0900000, 0x00000000c0800000| Untracked 
|   9|0x00000000c0900000, 0x00000000c0a00000, 0x00000000c0a00000|100%| O|  |TAMS 0x00000000c0a00000, 0x00000000c0900000| Untracked 
|  10|0x00000000c0a00000, 0x00000000c0affff8, 0x00000000c0b00000| 99%| O|  |TAMS 0x00000000c0affff8, 0x00000000c0a00000| Untracked 
|  11|0x00000000c0b00000, 0x00000000c0bffff0, 0x00000000c0c00000| 99%| O|  |TAMS 0x00000000c0bffff0, 0x00000000c0b00000| Untracked 
|  12|0x00000000c0c00000, 0x00000000c0cffff8, 0x00000000c0d00000| 99%| O|  |TAMS 0x00000000c0cffff8, 0x00000000c0c00000| Untracked 
|  13|0x00000000c0d00000, 0x00000000c0e00000, 0x00000000c0e00000|100%| O|  |TAMS 0x00000000c0e00000, 0x00000000c0d00000| Untracked 
|  14|0x00000000c0e00000, 0x00000000c0effff0, 0x00000000c0f00000| 99%| O|  |TAMS 0x00000000c0effff0, 0x00000000c0e00000| Untracked 
|  15|0x00000000c0f00000, 0x00000000c0fffb48, 0x00000000c1000000| 99%| O|  |TAMS 0x00000000c0fffb48, 0x00000000c0f00000| Untracked 
|  16|0x00000000c1000000, 0x00000000c10fffd0, 0x00000000c1100000| 99%| O|  |TAMS 0x00000000c10fffd0, 0x00000000c1000000| Untracked 
|  17|0x00000000c1100000, 0x00000000c11fffe0, 0x00000000c1200000| 99%| O|  |TAMS 0x00000000c11fffe0, 0x00000000c1100000| Untracked 
|  18|0x00000000c1200000, 0x00000000c12ffff8, 0x00000000c1300000| 99%| O|  |TAMS 0x00000000c12ffff8, 0x00000000c1200000| Untracked 
|  19|0x00000000c1300000, 0x00000000c13ffff0, 0x00000000c1400000| 99%| O|  |TAMS 0x00000000c13ffff0, 0x00000000c1300000| Untracked 
|  20|0x00000000c1400000, 0x00000000c14fffe8, 0x00000000c1500000| 99%| O|  |TAMS 0x00000000c14fffe8, 0x00000000c1400000| Untracked 
|  21|0x00000000c1500000, 0x00000000c15fffd0, 0x00000000c1600000| 99%| O|  |TAMS 0x00000000c15fffd0, 0x00000000c1500000| Untracked 
|  22|0x00000000c1600000, 0x00000000c16fffb0, 0x00000000c1700000| 99%| O|  |TAMS 0x00000000c16fffb0, 0x00000000c1600000| Untracked 
|  23|0x00000000c1700000, 0x00000000c17ebe90, 0x00000000c1800000| 92%| O|  |TAMS 0x00000000c17ebe90, 0x00000000c1700000| Untracked 
|  24|0x00000000c1800000, 0x00000000c18ffff0, 0x00000000c1900000| 99%| O|  |TAMS 0x00000000c18ffff0, 0x00000000c1800000| Untracked 
|  25|0x00000000c1900000, 0x00000000c19ffa68, 0x00000000c1a00000| 99%| O|  |TAMS 0x00000000c19ffa68, 0x00000000c1900000| Untracked 
|  26|0x00000000c1a00000, 0x00000000c1afff90, 0x00000000c1b00000| 99%| O|  |TAMS 0x00000000c1afff90, 0x00000000c1a00000| Untracked 
|  27|0x00000000c1b00000, 0x00000000c1bd2da8, 0x00000000c1c00000| 82%| O|  |TAMS 0x00000000c1bd2da8, 0x00000000c1b00000| Untracked 
|  28|0x00000000c1c00000, 0x00000000c1d00000, 0x00000000c1d00000|100%| O|  |TAMS 0x00000000c1d00000, 0x00000000c1c00000| Untracked 
|  29|0x00000000c1d00000, 0x00000000c1dfffe8, 0x00000000c1e00000| 99%| O|  |TAMS 0x00000000c1dfffe8, 0x00000000c1d00000| Untracked 
|  30|0x00000000c1e00000, 0x00000000c1efbb08, 0x00000000c1f00000| 98%| O|  |TAMS 0x00000000c1efbb08, 0x00000000c1e00000| Untracked 
|  31|0x00000000c1f00000, 0x00000000c1fffff0, 0x00000000c2000000| 99%| O|  |TAMS 0x00000000c1fffff0, 0x00000000c1f00000| Untracked 
|  32|0x00000000c2000000, 0x00000000c20ffff8, 0x00000000c2100000| 99%| O|  |TAMS 0x00000000c20ffff8, 0x00000000c2000000| Untracked 
|  33|0x00000000c2100000, 0x00000000c21ea2a8, 0x00000000c2200000| 91%| O|  |TAMS 0x00000000c21ea2a8, 0x00000000c2100000| Untracked 
|  34|0x00000000c2200000, 0x00000000c22fffa8, 0x00000000c2300000| 99%| O|  |TAMS 0x00000000c22fffa8, 0x00000000c2200000| Untracked 
|  35|0x00000000c2300000, 0x00000000c2400000, 0x00000000c2400000|100%| O|  |TAMS 0x00000000c2400000, 0x00000000c2300000| Untracked 
|  36|0x00000000c2400000, 0x00000000c2500000, 0x00000000c2500000|100%| O|  |TAMS 0x00000000c2500000, 0x00000000c2400000| Untracked 
|  37|0x00000000c2500000, 0x00000000c25ffff8, 0x00000000c2600000| 99%| O|  |TAMS 0x00000000c25ffff8, 0x00000000c2500000| Untracked 
|  38|0x00000000c2600000, 0x00000000c2700000, 0x00000000c2700000|100%| O|  |TAMS 0x00000000c2700000, 0x00000000c2600000| Untracked 
|  39|0x00000000c2700000, 0x00000000c27fffe8, 0x00000000c2800000| 99%| O|  |TAMS 0x00000000c27fffe8, 0x00000000c2700000| Untracked 
|  40|0x00000000c2800000, 0x00000000c28ffff0, 0x00000000c2900000| 99%| O|  |TAMS 0x00000000c28ffff0, 0x00000000c2800000| Untracked 
|  41|0x00000000c2900000, 0x00000000c2a00000, 0x00000000c2a00000|100%| O|  |TAMS 0x00000000c2a00000, 0x00000000c2900000| Untracked 
|  42|0x00000000c2a00000, 0x00000000c2afffb8, 0x00000000c2b00000| 99%| O|  |TAMS 0x00000000c2afffb8, 0x00000000c2a00000| Untracked 
|  43|0x00000000c2b00000, 0x00000000c2c00000, 0x00000000c2c00000|100%| O|  |TAMS 0x00000000c2c00000, 0x00000000c2b00000| Untracked 
|  44|0x00000000c2c00000, 0x00000000c2d00000, 0x00000000c2d00000|100%| O|  |TAMS 0x00000000c2d00000, 0x00000000c2c00000| Untracked 
|  45|0x00000000c2d00000, 0x00000000c2e00000, 0x00000000c2e00000|100%|HS|  |TAMS 0x00000000c2e00000, 0x00000000c2d00000| Complete 
|  46|0x00000000c2e00000, 0x00000000c2efffa8, 0x00000000c2f00000| 99%| O|  |TAMS 0x00000000c2efffa8, 0x00000000c2e00000| Untracked 
|  47|0x00000000c2f00000, 0x00000000c3000000, 0x00000000c3000000|100%| O|  |TAMS 0x00000000c3000000, 0x00000000c2f00000| Untracked 
|  48|0x00000000c3000000, 0x00000000c3100000, 0x00000000c3100000|100%| O|  |TAMS 0x00000000c3100000, 0x00000000c3000000| Untracked 
|  49|0x00000000c3100000, 0x00000000c31fffd8, 0x00000000c3200000| 99%| O|  |TAMS 0x00000000c31fffd8, 0x00000000c3100000| Untracked 
|  50|0x00000000c3200000, 0x00000000c3300000, 0x00000000c3300000|100%| O|  |TAMS 0x00000000c3300000, 0x00000000c3200000| Untracked 
|  51|0x00000000c3300000, 0x00000000c33f5508, 0x00000000c3400000| 95%| O|  |TAMS 0x00000000c33f5508, 0x00000000c3300000| Untracked 
|  52|0x00000000c3400000, 0x00000000c3500000, 0x00000000c3500000|100%| O|  |TAMS 0x00000000c3400000, 0x00000000c3400000| Untracked 
|  53|0x00000000c3500000, 0x00000000c35fffd0, 0x00000000c3600000| 99%| O|  |TAMS 0x00000000c35fffd0, 0x00000000c3500000| Untracked 
|  54|0x00000000c3600000, 0x00000000c3700000, 0x00000000c3700000|100%| O|  |TAMS 0x00000000c3700000, 0x00000000c3600000| Untracked 
|  55|0x00000000c3700000, 0x00000000c37fffe8, 0x00000000c3800000| 99%| O|  |TAMS 0x00000000c37fffe8, 0x00000000c3700000| Untracked 
|  56|0x00000000c3800000, 0x00000000c3900000, 0x00000000c3900000|100%| O|  |TAMS 0x00000000c3900000, 0x00000000c3800000| Untracked 
|  57|0x00000000c3900000, 0x00000000c3a00000, 0x00000000c3a00000|100%| O|  |TAMS 0x00000000c3a00000, 0x00000000c3900000| Untracked 
|  58|0x00000000c3a00000, 0x00000000c3b00000, 0x00000000c3b00000|100%| O|  |TAMS 0x00000000c3b00000, 0x00000000c3a00000| Untracked 
|  59|0x00000000c3b00000, 0x00000000c3bffff8, 0x00000000c3c00000| 99%| O|  |TAMS 0x00000000c3bffff8, 0x00000000c3b00000| Untracked 
|  60|0x00000000c3c00000, 0x00000000c3d00000, 0x00000000c3d00000|100%| O|  |TAMS 0x00000000c3d00000, 0x00000000c3c00000| Untracked 
|  61|0x00000000c3d00000, 0x00000000c3e00000, 0x00000000c3e00000|100%| O|  |TAMS 0x00000000c3e00000, 0x00000000c3d00000| Untracked 
|  62|0x00000000c3e00000, 0x00000000c3effff0, 0x00000000c3f00000| 99%| O|  |TAMS 0x00000000c3effff0, 0x00000000c3e00000| Untracked 
|  63|0x00000000c3f00000, 0x00000000c3fffff8, 0x00000000c4000000| 99%| O|  |TAMS 0x00000000c3fffff8, 0x00000000c3f00000| Untracked 
|  64|0x00000000c4000000, 0x00000000c4100000, 0x00000000c4100000|100%| O|  |TAMS 0x00000000c4100000, 0x00000000c4000000| Untracked 
|  65|0x00000000c4100000, 0x00000000c4200000, 0x00000000c4200000|100%| O|  |TAMS 0x00000000c4200000, 0x00000000c4100000| Untracked 
|  66|0x00000000c4200000, 0x00000000c4300000, 0x00000000c4300000|100%| O|  |TAMS 0x00000000c4300000, 0x00000000c4200000| Untracked 
|  67|0x00000000c4300000, 0x00000000c4400000, 0x00000000c4400000|100%| O|  |TAMS 0x00000000c4400000, 0x00000000c4300000| Untracked 
|  68|0x00000000c4400000, 0x00000000c44fffd8, 0x00000000c4500000| 99%| O|  |TAMS 0x00000000c44fffd8, 0x00000000c4400000| Untracked 
|  69|0x00000000c4500000, 0x00000000c45ffff0, 0x00000000c4600000| 99%| O|  |TAMS 0x00000000c45ffff0, 0x00000000c4500000| Untracked 
|  70|0x00000000c4600000, 0x00000000c46ffff8, 0x00000000c4700000| 99%| O|  |TAMS 0x00000000c46ffff8, 0x00000000c4600000| Untracked 
|  71|0x00000000c4700000, 0x00000000c4800000, 0x00000000c4800000|100%| O|  |TAMS 0x00000000c4800000, 0x00000000c4700000| Untracked 
|  72|0x00000000c4800000, 0x00000000c4900000, 0x00000000c4900000|100%| O|  |TAMS 0x00000000c4900000, 0x00000000c4800000| Untracked 
|  73|0x00000000c4900000, 0x00000000c49ffff0, 0x00000000c4a00000| 99%| O|  |TAMS 0x00000000c49ffff0, 0x00000000c4900000| Untracked 
|  74|0x00000000c4a00000, 0x00000000c4b00000, 0x00000000c4b00000|100%| O|  |TAMS 0x00000000c4b00000, 0x00000000c4a00000| Untracked 
|  75|0x00000000c4b00000, 0x00000000c4c00000, 0x00000000c4c00000|100%| O|  |TAMS 0x00000000c4c00000, 0x00000000c4b00000| Untracked 
|  76|0x00000000c4c00000, 0x00000000c4cffff0, 0x00000000c4d00000| 99%| O|  |TAMS 0x00000000c4cffff0, 0x00000000c4c00000| Untracked 
|  77|0x00000000c4d00000, 0x00000000c4e00000, 0x00000000c4e00000|100%| O|  |TAMS 0x00000000c4e00000, 0x00000000c4d00000| Untracked 
|  78|0x00000000c4e00000, 0x00000000c4f00000, 0x00000000c4f00000|100%| O|  |TAMS 0x00000000c4f00000, 0x00000000c4e00000| Untracked 
|  79|0x00000000c4f00000, 0x00000000c5000000, 0x00000000c5000000|100%| O|  |TAMS 0x00000000c5000000, 0x00000000c4f00000| Untracked 
|  80|0x00000000c5000000, 0x00000000c5100000, 0x00000000c5100000|100%| O|  |TAMS 0x00000000c5100000, 0x00000000c5000000| Untracked 
|  81|0x00000000c5100000, 0x00000000c5200000, 0x00000000c5200000|100%| O|  |TAMS 0x00000000c5200000, 0x00000000c5100000| Untracked 
|  82|0x00000000c5200000, 0x00000000c5300000, 0x00000000c5300000|100%| O|  |TAMS 0x00000000c5300000, 0x00000000c5200000| Untracked 
|  83|0x00000000c5300000, 0x00000000c5400000, 0x00000000c5400000|100%| O|  |TAMS 0x00000000c5400000, 0x00000000c5300000| Untracked 
|  84|0x00000000c5400000, 0x00000000c5500000, 0x00000000c5500000|100%| O|  |TAMS 0x00000000c5500000, 0x00000000c5400000| Untracked 
|  85|0x00000000c5500000, 0x00000000c5600000, 0x00000000c5600000|100%| O|  |TAMS 0x00000000c5600000, 0x00000000c5500000| Untracked 
|  86|0x00000000c5600000, 0x00000000c5600000, 0x00000000c5700000|  0%| F|  |TAMS 0x00000000c5600000, 0x00000000c5600000| Untracked 
|  87|0x00000000c5700000, 0x00000000c5700000, 0x00000000c5800000|  0%| F|  |TAMS 0x00000000c5700000, 0x00000000c5700000| Untracked 
|  88|0x00000000c5800000, 0x00000000c5900000, 0x00000000c5900000|100%| O|  |TAMS 0x00000000c5900000, 0x00000000c5800000| Untracked 
|  89|0x00000000c5900000, 0x00000000c5a00000, 0x00000000c5a00000|100%| O|  |TAMS 0x00000000c5a00000, 0x00000000c5900000| Untracked 
|  90|0x00000000c5a00000, 0x00000000c5b00000, 0x00000000c5b00000|100%| O|  |TAMS 0x00000000c5b00000, 0x00000000c5a00000| Untracked 
|  91|0x00000000c5b00000, 0x00000000c5c00000, 0x00000000c5c00000|100%| O|  |TAMS 0x00000000c5c00000, 0x00000000c5b00000| Untracked 
|  92|0x00000000c5c00000, 0x00000000c5d00000, 0x00000000c5d00000|100%| O|  |TAMS 0x00000000c5d00000, 0x00000000c5c00000| Untracked 
|  93|0x00000000c5d00000, 0x00000000c5e00000, 0x00000000c5e00000|100%| O|  |TAMS 0x00000000c5e00000, 0x00000000c5d00000| Untracked 
|  94|0x00000000c5e00000, 0x00000000c5f00000, 0x00000000c5f00000|100%| O|  |TAMS 0x00000000c5e00000, 0x00000000c5e00000| Untracked 
|  95|0x00000000c5f00000, 0x00000000c5f0c200, 0x00000000c6000000|  4%| O|  |TAMS 0x00000000c5f00000, 0x00000000c5f00000| Untracked 
|  96|0x00000000c6000000, 0x00000000c6000000, 0x00000000c6100000|  0%| F|  |TAMS 0x00000000c6000000, 0x00000000c6000000| Untracked 
|  97|0x00000000c6100000, 0x00000000c6100000, 0x00000000c6200000|  0%| F|  |TAMS 0x00000000c6100000, 0x00000000c6100000| Untracked 
|  98|0x00000000c6200000, 0x00000000c6200000, 0x00000000c6300000|  0%| F|  |TAMS 0x00000000c6200000, 0x00000000c6200000| Untracked 
|  99|0x00000000c6300000, 0x00000000c6300000, 0x00000000c6400000|  0%| F|  |TAMS 0x00000000c6300000, 0x00000000c6300000| Untracked 
| 100|0x00000000c6400000, 0x00000000c6400000, 0x00000000c6500000|  0%| F|  |TAMS 0x00000000c6400000, 0x00000000c6400000| Untracked 
| 101|0x00000000c6500000, 0x00000000c6500000, 0x00000000c6600000|  0%| F|  |TAMS 0x00000000c6500000, 0x00000000c6500000| Untracked 
| 102|0x00000000c6600000, 0x00000000c6600000, 0x00000000c6700000|  0%| F|  |TAMS 0x00000000c6600000, 0x00000000c6600000| Untracked 
| 103|0x00000000c6700000, 0x00000000c6700000, 0x00000000c6800000|  0%| F|  |TAMS 0x00000000c6700000, 0x00000000c6700000| Untracked 
| 104|0x00000000c6800000, 0x00000000c6800000, 0x00000000c6900000|  0%| F|  |TAMS 0x00000000c6800000, 0x00000000c6800000| Untracked 
| 105|0x00000000c6900000, 0x00000000c6900000, 0x00000000c6a00000|  0%| F|  |TAMS 0x00000000c6900000, 0x00000000c6900000| Untracked 
| 106|0x00000000c6a00000, 0x00000000c6a00000, 0x00000000c6b00000|  0%| F|  |TAMS 0x00000000c6a00000, 0x00000000c6a00000| Untracked 
| 107|0x00000000c6b00000, 0x00000000c6b00000, 0x00000000c6c00000|  0%| F|  |TAMS 0x00000000c6b00000, 0x00000000c6b00000| Untracked 
| 108|0x00000000c6c00000, 0x00000000c6c00000, 0x00000000c6d00000|  0%| F|  |TAMS 0x00000000c6c00000, 0x00000000c6c00000| Untracked 
| 109|0x00000000c6d00000, 0x00000000c6d00000, 0x00000000c6e00000|  0%| F|  |TAMS 0x00000000c6d00000, 0x00000000c6d00000| Untracked 
| 110|0x00000000c6e00000, 0x00000000c6e00000, 0x00000000c6f00000|  0%| F|  |TAMS 0x00000000c6e00000, 0x00000000c6e00000| Untracked 
| 111|0x00000000c6f00000, 0x00000000c6f00000, 0x00000000c7000000|  0%| F|  |TAMS 0x00000000c6f00000, 0x00000000c6f00000| Untracked 
| 112|0x00000000c7000000, 0x00000000c7000000, 0x00000000c7100000|  0%| F|  |TAMS 0x00000000c7000000, 0x00000000c7000000| Untracked 
| 113|0x00000000c7100000, 0x00000000c7100000, 0x00000000c7200000|  0%| F|  |TAMS 0x00000000c7100000, 0x00000000c7100000| Untracked 
| 114|0x00000000c7200000, 0x00000000c7200000, 0x00000000c7300000|  0%| F|  |TAMS 0x00000000c7200000, 0x00000000c7200000| Untracked 
| 115|0x00000000c7300000, 0x00000000c7300000, 0x00000000c7400000|  0%| F|  |TAMS 0x00000000c7300000, 0x00000000c7300000| Untracked 
| 116|0x00000000c7400000, 0x00000000c7400000, 0x00000000c7500000|  0%| F|  |TAMS 0x00000000c7400000, 0x00000000c7400000| Untracked 
| 117|0x00000000c7500000, 0x00000000c7500000, 0x00000000c7600000|  0%| F|  |TAMS 0x00000000c7500000, 0x00000000c7500000| Untracked 
| 118|0x00000000c7600000, 0x00000000c7600000, 0x00000000c7700000|  0%| F|  |TAMS 0x00000000c7600000, 0x00000000c7600000| Untracked 
| 119|0x00000000c7700000, 0x00000000c7700000, 0x00000000c7800000|  0%| F|  |TAMS 0x00000000c7700000, 0x00000000c7700000| Untracked 
| 120|0x00000000c7800000, 0x00000000c7800000, 0x00000000c7900000|  0%| F|  |TAMS 0x00000000c7800000, 0x00000000c7800000| Untracked 
| 121|0x00000000c7900000, 0x00000000c7900000, 0x00000000c7a00000|  0%| F|  |TAMS 0x00000000c7900000, 0x00000000c7900000| Untracked 
| 122|0x00000000c7a00000, 0x00000000c7a00000, 0x00000000c7b00000|  0%| F|  |TAMS 0x00000000c7a00000, 0x00000000c7a00000| Untracked 
| 123|0x00000000c7b00000, 0x00000000c7b00000, 0x00000000c7c00000|  0%| F|  |TAMS 0x00000000c7b00000, 0x00000000c7b00000| Untracked 
| 124|0x00000000c7c00000, 0x00000000c7c00000, 0x00000000c7d00000|  0%| F|  |TAMS 0x00000000c7c00000, 0x00000000c7c00000| Untracked 
| 125|0x00000000c7d00000, 0x00000000c7d00000, 0x00000000c7e00000|  0%| F|  |TAMS 0x00000000c7d00000, 0x00000000c7d00000| Untracked 
| 126|0x00000000c7e00000, 0x00000000c7e00000, 0x00000000c7f00000|  0%| F|  |TAMS 0x00000000c7e00000, 0x00000000c7e00000| Untracked 
| 127|0x00000000c7f00000, 0x00000000c7f00000, 0x00000000c8000000|  0%| F|  |TAMS 0x00000000c7f00000, 0x00000000c7f00000| Untracked 
| 128|0x00000000c8000000, 0x00000000c8000000, 0x00000000c8100000|  0%| F|  |TAMS 0x00000000c8000000, 0x00000000c8000000| Untracked 
| 129|0x00000000c8100000, 0x00000000c8100000, 0x00000000c8200000|  0%| F|  |TAMS 0x00000000c8100000, 0x00000000c8100000| Untracked 
| 130|0x00000000c8200000, 0x00000000c8200000, 0x00000000c8300000|  0%| F|  |TAMS 0x00000000c8200000, 0x00000000c8200000| Untracked 
| 131|0x00000000c8300000, 0x00000000c8300000, 0x00000000c8400000|  0%| F|  |TAMS 0x00000000c8300000, 0x00000000c8300000| Untracked 
| 132|0x00000000c8400000, 0x00000000c8400000, 0x00000000c8500000|  0%| F|  |TAMS 0x00000000c8400000, 0x00000000c8400000| Untracked 
| 133|0x00000000c8500000, 0x00000000c8500000, 0x00000000c8600000|  0%| F|  |TAMS 0x00000000c8500000, 0x00000000c8500000| Untracked 
| 134|0x00000000c8600000, 0x00000000c8600000, 0x00000000c8700000|  0%| F|  |TAMS 0x00000000c8600000, 0x00000000c8600000| Untracked 
| 135|0x00000000c8700000, 0x00000000c8700000, 0x00000000c8800000|  0%| F|  |TAMS 0x00000000c8700000, 0x00000000c8700000| Untracked 
| 136|0x00000000c8800000, 0x00000000c8800000, 0x00000000c8900000|  0%| F|  |TAMS 0x00000000c8800000, 0x00000000c8800000| Untracked 
| 137|0x00000000c8900000, 0x00000000c8900000, 0x00000000c8a00000|  0%| F|  |TAMS 0x00000000c8900000, 0x00000000c8900000| Untracked 
| 138|0x00000000c8a00000, 0x00000000c8a00000, 0x00000000c8b00000|  0%| F|  |TAMS 0x00000000c8a00000, 0x00000000c8a00000| Untracked 
| 139|0x00000000c8b00000, 0x00000000c8b00000, 0x00000000c8c00000|  0%| F|  |TAMS 0x00000000c8b00000, 0x00000000c8b00000| Untracked 
| 140|0x00000000c8c00000, 0x00000000c8c00000, 0x00000000c8d00000|  0%| F|  |TAMS 0x00000000c8c00000, 0x00000000c8c00000| Untracked 
| 141|0x00000000c8d00000, 0x00000000c8d00000, 0x00000000c8e00000|  0%| F|  |TAMS 0x00000000c8d00000, 0x00000000c8d00000| Untracked 
| 142|0x00000000c8e00000, 0x00000000c8e00000, 0x00000000c8f00000|  0%| F|  |TAMS 0x00000000c8e00000, 0x00000000c8e00000| Untracked 
| 143|0x00000000c8f00000, 0x00000000c8f00000, 0x00000000c9000000|  0%| F|  |TAMS 0x00000000c8f00000, 0x00000000c8f00000| Untracked 
| 144|0x00000000c9000000, 0x00000000c9000000, 0x00000000c9100000|  0%| F|  |TAMS 0x00000000c9000000, 0x00000000c9000000| Untracked 
| 145|0x00000000c9100000, 0x00000000c9100000, 0x00000000c9200000|  0%| F|  |TAMS 0x00000000c9100000, 0x00000000c9100000| Untracked 
| 146|0x00000000c9200000, 0x00000000c9200000, 0x00000000c9300000|  0%| F|  |TAMS 0x00000000c9200000, 0x00000000c9200000| Untracked 
| 147|0x00000000c9300000, 0x00000000c938b840, 0x00000000c9400000| 54%| E|  |TAMS 0x00000000c9300000, 0x00000000c9300000| Complete 
| 148|0x00000000c9400000, 0x00000000c9500000, 0x00000000c9500000|100%| E|CS|TAMS 0x00000000c9400000, 0x00000000c9400000| Complete 
| 149|0x00000000c9500000, 0x00000000c9600000, 0x00000000c9600000|100%| E|CS|TAMS 0x00000000c9500000, 0x00000000c9500000| Complete 
| 150|0x00000000c9600000, 0x00000000c9700000, 0x00000000c9700000|100%| E|CS|TAMS 0x00000000c9600000, 0x00000000c9600000| Complete 
| 151|0x00000000c9700000, 0x00000000c9800000, 0x00000000c9800000|100%| E|CS|TAMS 0x00000000c9700000, 0x00000000c9700000| Complete 
| 152|0x00000000c9800000, 0x00000000c9900000, 0x00000000c9900000|100%| E|CS|TAMS 0x00000000c9800000, 0x00000000c9800000| Complete 
| 153|0x00000000c9900000, 0x00000000c9a00000, 0x00000000c9a00000|100%| E|CS|TAMS 0x00000000c9900000, 0x00000000c9900000| Complete 
| 154|0x00000000c9a00000, 0x00000000c9b00000, 0x00000000c9b00000|100%| E|CS|TAMS 0x00000000c9a00000, 0x00000000c9a00000| Complete 
| 155|0x00000000c9b00000, 0x00000000c9c00000, 0x00000000c9c00000|100%| E|CS|TAMS 0x00000000c9b00000, 0x00000000c9b00000| Complete 
| 156|0x00000000c9c00000, 0x00000000c9d00000, 0x00000000c9d00000|100%| E|CS|TAMS 0x00000000c9c00000, 0x00000000c9c00000| Complete 
| 157|0x00000000c9d00000, 0x00000000c9e00000, 0x00000000c9e00000|100%| E|CS|TAMS 0x00000000c9d00000, 0x00000000c9d00000| Complete 
| 158|0x00000000c9e00000, 0x00000000c9f00000, 0x00000000c9f00000|100%| E|CS|TAMS 0x00000000c9e00000, 0x00000000c9e00000| Complete 
| 159|0x00000000c9f00000, 0x00000000ca000000, 0x00000000ca000000|100%| E|CS|TAMS 0x00000000c9f00000, 0x00000000c9f00000| Complete 
| 160|0x00000000ca000000, 0x00000000ca100000, 0x00000000ca100000|100%| E|CS|TAMS 0x00000000ca000000, 0x00000000ca000000| Complete 
| 161|0x00000000ca100000, 0x00000000ca200000, 0x00000000ca200000|100%| E|CS|TAMS 0x00000000ca100000, 0x00000000ca100000| Complete 
| 162|0x00000000ca200000, 0x00000000ca300000, 0x00000000ca300000|100%| E|CS|TAMS 0x00000000ca200000, 0x00000000ca200000| Complete 
| 163|0x00000000ca300000, 0x00000000ca400000, 0x00000000ca400000|100%| E|CS|TAMS 0x00000000ca300000, 0x00000000ca300000| Complete 
| 164|0x00000000ca400000, 0x00000000ca500000, 0x00000000ca500000|100%| E|CS|TAMS 0x00000000ca400000, 0x00000000ca400000| Complete 
| 165|0x00000000ca500000, 0x00000000ca600000, 0x00000000ca600000|100%| E|CS|TAMS 0x00000000ca500000, 0x00000000ca500000| Complete 
| 166|0x00000000ca600000, 0x00000000ca700000, 0x00000000ca700000|100%| E|CS|TAMS 0x00000000ca600000, 0x00000000ca600000| Complete 
| 167|0x00000000ca700000, 0x00000000ca800000, 0x00000000ca800000|100%| E|CS|TAMS 0x00000000ca700000, 0x00000000ca700000| Complete 
| 168|0x00000000ca800000, 0x00000000ca900000, 0x00000000ca900000|100%| E|CS|TAMS 0x00000000ca800000, 0x00000000ca800000| Complete 
| 169|0x00000000ca900000, 0x00000000caa00000, 0x00000000caa00000|100%| E|CS|TAMS 0x00000000ca900000, 0x00000000ca900000| Complete 
| 170|0x00000000caa00000, 0x00000000cab00000, 0x00000000cab00000|100%| E|CS|TAMS 0x00000000caa00000, 0x00000000caa00000| Complete 
| 171|0x00000000cab00000, 0x00000000cac00000, 0x00000000cac00000|100%| E|CS|TAMS 0x00000000cab00000, 0x00000000cab00000| Complete 
| 172|0x00000000cac00000, 0x00000000cad00000, 0x00000000cad00000|100%| E|CS|TAMS 0x00000000cac00000, 0x00000000cac00000| Complete 
| 173|0x00000000cad00000, 0x00000000cae00000, 0x00000000cae00000|100%| E|CS|TAMS 0x00000000cad00000, 0x00000000cad00000| Complete 
| 174|0x00000000cae00000, 0x00000000caf00000, 0x00000000caf00000|100%| E|CS|TAMS 0x00000000cae00000, 0x00000000cae00000| Complete 
| 175|0x00000000caf00000, 0x00000000cb000000, 0x00000000cb000000|100%| E|CS|TAMS 0x00000000caf00000, 0x00000000caf00000| Complete 
| 176|0x00000000cb000000, 0x00000000cb100000, 0x00000000cb100000|100%| E|CS|TAMS 0x00000000cb000000, 0x00000000cb000000| Complete 
| 177|0x00000000cb100000, 0x00000000cb200000, 0x00000000cb200000|100%| E|CS|TAMS 0x00000000cb100000, 0x00000000cb100000| Complete 
| 178|0x00000000cb200000, 0x00000000cb300000, 0x00000000cb300000|100%| E|CS|TAMS 0x00000000cb200000, 0x00000000cb200000| Complete 
| 179|0x00000000cb300000, 0x00000000cb400000, 0x00000000cb400000|100%| E|CS|TAMS 0x00000000cb300000, 0x00000000cb300000| Complete 
| 180|0x00000000cb400000, 0x00000000cb500000, 0x00000000cb500000|100%| E|CS|TAMS 0x00000000cb400000, 0x00000000cb400000| Complete 
| 181|0x00000000cb500000, 0x00000000cb600000, 0x00000000cb600000|100%| E|CS|TAMS 0x00000000cb500000, 0x00000000cb500000| Complete 
| 182|0x00000000cb600000, 0x00000000cb700000, 0x00000000cb700000|100%| E|CS|TAMS 0x00000000cb600000, 0x00000000cb600000| Complete 
| 183|0x00000000cb700000, 0x00000000cb800000, 0x00000000cb800000|100%| E|CS|TAMS 0x00000000cb700000, 0x00000000cb700000| Complete 
| 184|0x00000000cb800000, 0x00000000cb900000, 0x00000000cb900000|100%| E|CS|TAMS 0x00000000cb800000, 0x00000000cb800000| Complete 
| 185|0x00000000cb900000, 0x00000000cba00000, 0x00000000cba00000|100%| E|CS|TAMS 0x00000000cb900000, 0x00000000cb900000| Complete 
| 186|0x00000000cba00000, 0x00000000cbb00000, 0x00000000cbb00000|100%| E|CS|TAMS 0x00000000cba00000, 0x00000000cba00000| Complete 
| 187|0x00000000cbb00000, 0x00000000cbc00000, 0x00000000cbc00000|100%| E|CS|TAMS 0x00000000cbb00000, 0x00000000cbb00000| Complete 
| 188|0x00000000cbc00000, 0x00000000cbd00000, 0x00000000cbd00000|100%| E|CS|TAMS 0x00000000cbc00000, 0x00000000cbc00000| Complete 
| 189|0x00000000cbd00000, 0x00000000cbe00000, 0x00000000cbe00000|100%| E|CS|TAMS 0x00000000cbd00000, 0x00000000cbd00000| Complete 
| 190|0x00000000cbe00000, 0x00000000cbf00000, 0x00000000cbf00000|100%| E|CS|TAMS 0x00000000cbe00000, 0x00000000cbe00000| Complete 
| 191|0x00000000cbf00000, 0x00000000cc000000, 0x00000000cc000000|100%| E|CS|TAMS 0x00000000cbf00000, 0x00000000cbf00000| Complete 
| 192|0x00000000cc000000, 0x00000000cc100000, 0x00000000cc100000|100%| E|CS|TAMS 0x00000000cc000000, 0x00000000cc000000| Complete 
| 193|0x00000000cc100000, 0x00000000cc200000, 0x00000000cc200000|100%| E|CS|TAMS 0x00000000cc100000, 0x00000000cc100000| Complete 
| 194|0x00000000cc200000, 0x00000000cc300000, 0x00000000cc300000|100%| E|  |TAMS 0x00000000cc200000, 0x00000000cc200000| Complete 
| 195|0x00000000cc300000, 0x00000000cc400000, 0x00000000cc400000|100%| E|CS|TAMS 0x00000000cc300000, 0x00000000cc300000| Complete 
| 196|0x00000000cc400000, 0x00000000cc500000, 0x00000000cc500000|100%| E|CS|TAMS 0x00000000cc400000, 0x00000000cc400000| Complete 
| 197|0x00000000cc500000, 0x00000000cc600000, 0x00000000cc600000|100%| E|CS|TAMS 0x00000000cc500000, 0x00000000cc500000| Complete 
| 198|0x00000000cc600000, 0x00000000cc700000, 0x00000000cc700000|100%| E|CS|TAMS 0x00000000cc600000, 0x00000000cc600000| Complete 
| 199|0x00000000cc700000, 0x00000000cc800000, 0x00000000cc800000|100%| E|CS|TAMS 0x00000000cc700000, 0x00000000cc700000| Complete 
| 200|0x00000000cc800000, 0x00000000cc900000, 0x00000000cc900000|100%| E|CS|TAMS 0x00000000cc800000, 0x00000000cc800000| Complete 
| 201|0x00000000cc900000, 0x00000000cca00000, 0x00000000cca00000|100%| E|CS|TAMS 0x00000000cc900000, 0x00000000cc900000| Complete 
| 202|0x00000000cca00000, 0x00000000ccb00000, 0x00000000ccb00000|100%| E|CS|TAMS 0x00000000cca00000, 0x00000000cca00000| Complete 
| 203|0x00000000ccb00000, 0x00000000ccc00000, 0x00000000ccc00000|100%| E|CS|TAMS 0x00000000ccb00000, 0x00000000ccb00000| Complete 
| 204|0x00000000ccc00000, 0x00000000ccd00000, 0x00000000ccd00000|100%| E|CS|TAMS 0x00000000ccc00000, 0x00000000ccc00000| Complete 
| 205|0x00000000ccd00000, 0x00000000cce00000, 0x00000000cce00000|100%| E|CS|TAMS 0x00000000ccd00000, 0x00000000ccd00000| Complete 
| 206|0x00000000cce00000, 0x00000000ccf00000, 0x00000000ccf00000|100%| E|CS|TAMS 0x00000000cce00000, 0x00000000cce00000| Complete 
| 207|0x00000000ccf00000, 0x00000000cd000000, 0x00000000cd000000|100%| E|CS|TAMS 0x00000000ccf00000, 0x00000000ccf00000| Complete 
| 208|0x00000000cd000000, 0x00000000cd100000, 0x00000000cd100000|100%| E|CS|TAMS 0x00000000cd000000, 0x00000000cd000000| Complete 
| 209|0x00000000cd100000, 0x00000000cd200000, 0x00000000cd200000|100%| E|CS|TAMS 0x00000000cd100000, 0x00000000cd100000| Complete 
| 210|0x00000000cd200000, 0x00000000cd300000, 0x00000000cd300000|100%| E|CS|TAMS 0x00000000cd200000, 0x00000000cd200000| Complete 
| 211|0x00000000cd300000, 0x00000000cd400000, 0x00000000cd400000|100%| E|CS|TAMS 0x00000000cd300000, 0x00000000cd300000| Complete 
| 212|0x00000000cd400000, 0x00000000cd500000, 0x00000000cd500000|100%| E|CS|TAMS 0x00000000cd400000, 0x00000000cd400000| Complete 
| 213|0x00000000cd500000, 0x00000000cd600000, 0x00000000cd600000|100%| E|CS|TAMS 0x00000000cd500000, 0x00000000cd500000| Complete 
| 214|0x00000000cd600000, 0x00000000cd700000, 0x00000000cd700000|100%| E|CS|TAMS 0x00000000cd600000, 0x00000000cd600000| Complete 
| 215|0x00000000cd700000, 0x00000000cd800000, 0x00000000cd800000|100%| E|CS|TAMS 0x00000000cd700000, 0x00000000cd700000| Complete 
| 216|0x00000000cd800000, 0x00000000cd900000, 0x00000000cd900000|100%| E|CS|TAMS 0x00000000cd800000, 0x00000000cd800000| Complete 
| 217|0x00000000cd900000, 0x00000000cda00000, 0x00000000cda00000|100%| E|CS|TAMS 0x00000000cd900000, 0x00000000cd900000| Complete 
| 218|0x00000000cda00000, 0x00000000cdb00000, 0x00000000cdb00000|100%| E|CS|TAMS 0x00000000cda00000, 0x00000000cda00000| Complete 
| 219|0x00000000cdb00000, 0x00000000cdc00000, 0x00000000cdc00000|100%| E|CS|TAMS 0x00000000cdb00000, 0x00000000cdb00000| Complete 
| 220|0x00000000cdc00000, 0x00000000cdd00000, 0x00000000cdd00000|100%| E|CS|TAMS 0x00000000cdc00000, 0x00000000cdc00000| Complete 
| 221|0x00000000cdd00000, 0x00000000cde00000, 0x00000000cde00000|100%| E|CS|TAMS 0x00000000cdd00000, 0x00000000cdd00000| Complete 
| 222|0x00000000cde00000, 0x00000000cdf00000, 0x00000000cdf00000|100%| E|CS|TAMS 0x00000000cde00000, 0x00000000cde00000| Complete 
| 223|0x00000000cdf00000, 0x00000000ce000000, 0x00000000ce000000|100%| E|CS|TAMS 0x00000000cdf00000, 0x00000000cdf00000| Complete 
| 224|0x00000000ce000000, 0x00000000ce100000, 0x00000000ce100000|100%| E|CS|TAMS 0x00000000ce000000, 0x00000000ce000000| Complete 
| 225|0x00000000ce100000, 0x00000000ce200000, 0x00000000ce200000|100%| E|CS|TAMS 0x00000000ce100000, 0x00000000ce100000| Complete 
| 226|0x00000000ce200000, 0x00000000ce300000, 0x00000000ce300000|100%| E|CS|TAMS 0x00000000ce200000, 0x00000000ce200000| Complete 
| 227|0x00000000ce300000, 0x00000000ce400000, 0x00000000ce400000|100%| E|CS|TAMS 0x00000000ce300000, 0x00000000ce300000| Complete 
| 228|0x00000000ce400000, 0x00000000ce4dde10, 0x00000000ce500000| 86%| S|CS|TAMS 0x00000000ce400000, 0x00000000ce400000| Complete 
| 229|0x00000000ce500000, 0x00000000ce600000, 0x00000000ce600000|100%| E|CS|TAMS 0x00000000ce500000, 0x00000000ce500000| Complete 
| 230|0x00000000ce600000, 0x00000000ce700000, 0x00000000ce700000|100%| E|CS|TAMS 0x00000000ce600000, 0x00000000ce600000| Complete 
| 231|0x00000000ce700000, 0x00000000ce800000, 0x00000000ce800000|100%| E|CS|TAMS 0x00000000ce700000, 0x00000000ce700000| Complete 
| 232|0x00000000ce800000, 0x00000000ce900000, 0x00000000ce900000|100%| E|CS|TAMS 0x00000000ce800000, 0x00000000ce800000| Complete 
| 233|0x00000000ce900000, 0x00000000cea00000, 0x00000000cea00000|100%| E|CS|TAMS 0x00000000ce900000, 0x00000000ce900000| Complete 
| 234|0x00000000cea00000, 0x00000000ceb00000, 0x00000000ceb00000|100%| E|CS|TAMS 0x00000000cea00000, 0x00000000cea00000| Complete 
| 235|0x00000000ceb00000, 0x00000000cec00000, 0x00000000cec00000|100%| E|CS|TAMS 0x00000000ceb00000, 0x00000000ceb00000| Complete 
| 236|0x00000000cec00000, 0x00000000ced00000, 0x00000000ced00000|100%| E|CS|TAMS 0x00000000cec00000, 0x00000000cec00000| Complete 
| 237|0x00000000ced00000, 0x00000000cee00000, 0x00000000cee00000|100%| E|CS|TAMS 0x00000000ced00000, 0x00000000ced00000| Complete 
| 311|0x00000000d3700000, 0x00000000d3800000, 0x00000000d3800000|100%| O|  |TAMS 0x00000000d3800000, 0x00000000d3700000| Untracked 
| 312|0x00000000d3800000, 0x00000000d38fffc8, 0x00000000d3900000| 99%| O|  |TAMS 0x00000000d38fffc8, 0x00000000d3800000| Untracked 

Card table byte_map: [0x0000021d38b40000,0x0000021d38d40000] _byte_map_base: 0x0000021d38540000

Marking Bits (Prev, Next): (CMBitMap*) 0x0000021d32bc6f90, (CMBitMap*) 0x0000021d32bc6fd0
 Prev Bits: [0x0000021d38f40000, 0x0000021d39f40000)
 Next Bits: [0x0000021d39f40000, 0x0000021d3af40000)

Polling page: 0x0000021d32350000

Metaspace:

Usage:
  Non-class:     49.05 MB used.
      Class:      6.99 MB used.
       Both:     56.04 MB used.

Virtual space:
  Non-class space:       64.00 MB reserved,      49.25 MB ( 77%) committed,  1 nodes.
      Class space:        1.00 GB reserved,       7.19 MB ( <1%) committed,  1 nodes.
             Both:        1.06 GB reserved,      56.44 MB (  5%) committed. 

Chunk freelists:
   Non-Class:  14.65 MB
       Class:  8.65 MB
        Both:  23.30 MB

MaxMetaspaceSize: unlimited
CompressedClassSpaceSize: 1.00 GB
Initial GC threshold: 21.00 MB
Current GC threshold: 94.06 MB
CDS: off
MetaspaceReclaimPolicy: balanced
 - commit_granule_bytes: 65536.
 - commit_granule_words: 8192.
 - virtual_space_node_default_size: 8388608.
 - enlarge_chunks_in_place: 1.
 - new_chunks_are_fully_committed: 0.
 - uncommit_free_chunks: 1.
 - use_allocation_guard: 0.
 - handle_deallocations: 1.


Internal statistics:

num_allocs_failed_limit: 6.
num_arena_births: 754.
num_arena_deaths: 244.
num_vsnodes_births: 2.
num_vsnodes_deaths: 0.
num_space_committed: 902.
num_space_uncommitted: 0.
num_chunks_returned_to_freelist: 282.
num_chunks_taken_from_freelist: 2688.
num_chunk_merges: 83.
num_chunk_splits: 1753.
num_chunks_enlarged: 1296.
num_inconsistent_stats: 0.

CodeCache: size=49152Kb used=17654Kb max_used=17654Kb free=31497Kb
 bounds [0x0000021d35830000, 0x0000021d36970000, 0x0000021d38830000]
 total_blobs=9293 nmethods=8653 adapters=563
 compilation: enabled
              stopped_count=0, restarted_count=0
 full_count=0

Compilation events (20 events):
Event: 1142.916 Thread 0x0000021d449fdd00 8610       1       org.eclipse.jdt.internal.compiler.ClassFile::traverse (7188 bytes)
Event: 1142.917 Thread 0x0000021d3db57900 nmethod 8607 0x0000021d36959d10 code [0x0000021d3695a040, 0x0000021d3695b6a8]
Event: 1142.917 Thread 0x0000021d3db57900 8611       1       org.eclipse.jdt.internal.compiler.codegen.CodeStream::iload (203 bytes)
Event: 1142.917 Thread 0x0000021d3db57900 nmethod 8611 0x0000021d3695c290 code [0x0000021d3695c480, 0x0000021d3695c998]
Event: 1142.918 Thread 0x0000021d3db57900 8612       1       org.eclipse.jdt.internal.compiler.ClassFile$$Lambda$1118/0x000000010070a890::test (12 bytes)
Event: 1142.918 Thread 0x0000021d438d9180 8613       1       org.eclipse.jdt.internal.compiler.ClassFile::lambda$4 (10 bytes)
Event: 1142.918 Thread 0x0000021d438d9180 nmethod 8613 0x0000021d3695cd90 code [0x0000021d3695cf20, 0x0000021d3695cfd8]
Event: 1142.918 Thread 0x0000021d3db57900 nmethod 8612 0x0000021d3695d090 code [0x0000021d3695d220, 0x0000021d3695d338]
Event: 1142.918 Thread 0x0000021d3db57900 8614       1       org.eclipse.jdt.internal.compiler.codegen.CodeStream::pop (68 bytes)
Event: 1142.918 Thread 0x0000021d3db57900 nmethod 8614 0x0000021d3695d410 code [0x0000021d3695d620, 0x0000021d3695dcb8]
Event: 1142.926 Thread 0x0000021d438d9180 8615       1       org.eclipse.jdt.internal.compiler.ClassFile::isLikelyLocalTypeName (49 bytes)
Event: 1142.926 Thread 0x0000021d3db57900 8616       1       org.eclipse.jdt.internal.compiler.ast.SubRoutineStatement::reenterAllExceptionHandlers (44 bytes)
Event: 1142.926 Thread 0x0000021d438d9180 nmethod 8615 0x0000021d3695e110 code [0x0000021d3695e2c0, 0x0000021d3695e4e8]
Event: 1142.926 Thread 0x0000021d3db57900 nmethod 8616 0x0000021d3695e690 code [0x0000021d3695e860, 0x0000021d3695eb18]
Event: 1142.927 Thread 0x0000021d3db57900 8617       1       org.eclipse.jdt.internal.compiler.ast.ReturnStatement::generateCode (262 bytes)
Event: 1142.927 Thread 0x0000021d438d9180 8618       1       org.eclipse.jdt.internal.compiler.ast.ReturnStatement::generateStoreSaveValueIfNecessary (25 bytes)
Event: 1142.928 Thread 0x0000021d438d9180 nmethod 8618 0x0000021d3695ed10 code [0x0000021d3695eec0, 0x0000021d3695eff8]
Event: 1142.928 Thread 0x0000021d438d9180 8619       1       org.eclipse.jdt.internal.compiler.ast.ReturnStatement::generateReturnBytecode (9 bytes)
Event: 1142.928 Thread 0x0000021d438d9180 nmethod 8619 0x0000021d3695f110 code [0x0000021d3695f2a0, 0x0000021d3695f388]
Event: 1142.928 Thread 0x0000021d3db57900 nmethod 8617 0x0000021d3695f490 code [0x0000021d3695f720, 0x0000021d3695fd78]

GC Heap History (20 events):
Event: 785.381 GC heap before
{Heap before GC invocations=107 (full 67):
 garbage-first heap   total 245760K, used 72332K [0x00000000c0000000, 0x0000000100000000)
  region size 1024K, 1 young (1024K), 0 survivors (0K)
 Metaspace       used 56441K, committed 57216K, reserved 1114112K
  class space    used 6980K, committed 7296K, reserved 1048576K
}
Event: 785.406 GC heap after
{Heap after GC invocations=108 (full 68):
 garbage-first heap   total 245760K, used 72332K [0x00000000c0000000, 0x0000000100000000)
  region size 1024K, 0 young (0K), 0 survivors (0K)
 Metaspace       used 56441K, committed 57216K, reserved 1114112K
  class space    used 6980K, committed 7296K, reserved 1048576K
}
Event: 796.091 GC heap before
{Heap before GC invocations=108 (full 68):
 garbage-first heap   total 245760K, used 72332K [0x00000000c0000000, 0x0000000100000000)
  region size 1024K, 1 young (1024K), 0 survivors (0K)
 Metaspace       used 56441K, committed 57216K, reserved 1114112K
  class space    used 6980K, committed 7296K, reserved 1048576K
}
Event: 796.121 GC heap after
{Heap after GC invocations=109 (full 69):
 garbage-first heap   total 245760K, used 72332K [0x00000000c0000000, 0x0000000100000000)
  region size 1024K, 0 young (0K), 0 survivors (0K)
 Metaspace       used 56441K, committed 57216K, reserved 1114112K
  class space    used 6980K, committed 7296K, reserved 1048576K
}
Event: 805.071 GC heap before
{Heap before GC invocations=109 (full 69):
 garbage-first heap   total 245760K, used 145036K [0x00000000c0000000, 0x0000000100000000)
  region size 1024K, 72 young (73728K), 0 survivors (0K)
 Metaspace       used 56508K, committed 57216K, reserved 1114112K
  class space    used 6994K, committed 7296K, reserved 1048576K
}
Event: 805.094 GC heap after
{Heap after GC invocations=110 (full 69):
 garbage-first heap   total 245760K, used 88552K [0x00000000c0000000, 0x0000000100000000)
  region size 1024K, 9 young (9216K), 9 survivors (9216K)
 Metaspace       used 56508K, committed 57216K, reserved 1114112K
  class space    used 6994K, committed 7296K, reserved 1048576K
}
Event: 826.626 GC heap before
{Heap before GC invocations=111 (full 69):
 garbage-first heap   total 245760K, used 159208K [0x00000000c0000000, 0x0000000100000000)
  region size 1024K, 79 young (80896K), 9 survivors (9216K)
 Metaspace       used 56938K, committed 57408K, reserved 1114112K
  class space    used 7068K, committed 7296K, reserved 1048576K
}
Event: 826.670 GC heap after
{Heap after GC invocations=112 (full 69):
 garbage-first heap   total 245760K, used 101244K [0x00000000c0000000, 0x0000000100000000)
  region size 1024K, 10 young (10240K), 10 survivors (10240K)
 Metaspace       used 56938K, committed 57408K, reserved 1114112K
  class space    used 7068K, committed 7296K, reserved 1048576K
}
Event: 884.163 GC heap before
{Heap before GC invocations=112 (full 69):
 garbage-first heap   total 245760K, used 166780K [0x00000000c0000000, 0x0000000100000000)
  region size 1024K, 75 young (76800K), 10 survivors (10240K)
 Metaspace       used 56970K, committed 57408K, reserved 1114112K
  class space    used 7076K, committed 7296K, reserved 1048576K
}
Event: 884.172 GC heap after
{Heap after GC invocations=113 (full 69):
 garbage-first heap   total 245760K, used 100106K [0x00000000c0000000, 0x0000000100000000)
  region size 1024K, 5 young (5120K), 5 survivors (5120K)
 Metaspace       used 56970K, committed 57408K, reserved 1114112K
  class space    used 7076K, committed 7296K, reserved 1048576K
}
Event: 933.630 GC heap before
{Heap before GC invocations=114 (full 69):
 garbage-first heap   total 245760K, used 173834K [0x00000000c0000000, 0x0000000100000000)
  region size 1024K, 77 young (78848K), 5 survivors (5120K)
 Metaspace       used 57182K, committed 57536K, reserved 1114112K
  class space    used 7118K, committed 7296K, reserved 1048576K
}
Event: 933.634 GC heap after
{Heap after GC invocations=115 (full 69):
 garbage-first heap   total 245760K, used 102746K [0x00000000c0000000, 0x0000000100000000)
  region size 1024K, 8 young (8192K), 8 survivors (8192K)
 Metaspace       used 57182K, committed 57536K, reserved 1114112K
  class space    used 7118K, committed 7296K, reserved 1048576K
}
Event: 933.912 GC heap before
{Heap before GC invocations=115 (full 69):
 garbage-first heap   total 245760K, used 106842K [0x00000000c0000000, 0x0000000100000000)
  region size 1024K, 12 young (12288K), 8 survivors (8192K)
 Metaspace       used 57182K, committed 57536K, reserved 1114112K
  class space    used 7118K, committed 7296K, reserved 1048576K
}
Event: 933.920 GC heap after
{Heap after GC invocations=116 (full 69):
 garbage-first heap   total 245760K, used 103504K [0x00000000c0000000, 0x0000000100000000)
  region size 1024K, 2 young (2048K), 2 survivors (2048K)
 Metaspace       used 57182K, committed 57536K, reserved 1114112K
  class space    used 7118K, committed 7296K, reserved 1048576K
}
Event: 1018.574 GC heap before
{Heap before GC invocations=116 (full 69):
 garbage-first heap   total 245760K, used 181328K [0x00000000c0000000, 0x0000000100000000)
  region size 1024K, 78 young (79872K), 2 survivors (2048K)
 Metaspace       used 57286K, committed 57728K, reserved 1114112K
  class space    used 7137K, committed 7360K, reserved 1048576K
}
Event: 1018.576 GC heap after
{Heap after GC invocations=117 (full 69):
 garbage-first heap   total 245760K, used 103900K [0x00000000c0000000, 0x0000000100000000)
  region size 1024K, 2 young (2048K), 2 survivors (2048K)
 Metaspace       used 57286K, committed 57728K, reserved 1114112K
  class space    used 7137K, committed 7360K, reserved 1048576K
}
Event: 1040.149 GC heap before
{Heap before GC invocations=118 (full 69):
 garbage-first heap   total 245760K, used 185918K [0x00000000c0000000, 0x0000000100000000)
  region size 1024K, 87 young (89088K), 2 survivors (2048K)
 Metaspace       used 57380K, committed 57792K, reserved 1114112K
  class space    used 7153K, committed 7360K, reserved 1048576K
}
Event: 1040.151 GC heap after
{Heap after GC invocations=119 (full 69):
 garbage-first heap   total 245760K, used 99385K [0x00000000c0000000, 0x0000000100000000)
  region size 1024K, 3 young (3072K), 3 survivors (3072K)
 Metaspace       used 57380K, committed 57792K, reserved 1114112K
  class space    used 7153K, committed 7360K, reserved 1048576K
}
Event: 1055.354 GC heap before
{Heap before GC invocations=119 (full 69):
 garbage-first heap   total 245760K, used 108601K [0x00000000c0000000, 0x0000000100000000)
  region size 1024K, 12 young (12288K), 3 survivors (3072K)
 Metaspace       used 57380K, committed 57792K, reserved 1114112K
  class space    used 7153K, committed 7360K, reserved 1048576K
}
Event: 1055.360 GC heap after
{Heap after GC invocations=120 (full 69):
 garbage-first heap   total 245760K, used 97803K [0x00000000c0000000, 0x0000000100000000)
  region size 1024K, 1 young (1024K), 1 survivors (1024K)
 Metaspace       used 57380K, committed 57792K, reserved 1114112K
  class space    used 7153K, committed 7360K, reserved 1048576K
}

Dll operation events (10 events):
Event: 0.019 Loaded shared library c:\Users\d.ngantchou\.vscode\extensions\redhat.java-1.34.0-win32-x64\jre\17.0.12-win32-x86_64\bin\java.dll
Event: 0.938 Loaded shared library C:\Users\d.ngantchou\.vscode\extensions\redhat.java-1.34.0-win32-x64\jre\17.0.12-win32-x86_64\bin\net.dll
Event: 0.948 Loaded shared library C:\Users\d.ngantchou\.vscode\extensions\redhat.java-1.34.0-win32-x64\jre\17.0.12-win32-x86_64\bin\nio.dll
Event: 0.968 Loaded shared library C:\Users\d.ngantchou\.vscode\extensions\redhat.java-1.34.0-win32-x64\jre\17.0.12-win32-x86_64\bin\zip.dll
Event: 4.694 Loaded shared library C:\Users\d.ngantchou\.vscode\extensions\redhat.java-1.34.0-win32-x64\jre\17.0.12-win32-x86_64\bin\jimage.dll
Event: 7.386 Loaded shared library c:\Users\d.ngantchou\.vscode\extensions\redhat.java-1.34.0-win32-x64\jre\17.0.12-win32-x86_64\bin\verify.dll
Event: 12.234 Loaded shared library C:\Users\d.ngantchou\.vscode\extensions\redhat.java-1.34.0-win32-x64\jre\17.0.12-win32-x86_64\bin\management.dll
Event: 12.244 Loaded shared library C:\Users\d.ngantchou\.vscode\extensions\redhat.java-1.34.0-win32-x64\jre\17.0.12-win32-x86_64\bin\management_ext.dll
Event: 21.781 Loaded shared library C:\Users\d.ngantchou\.vscode\extensions\redhat.java-1.34.0-win32-x64\jre\17.0.12-win32-x86_64\bin\sunmscapi.dll
Event: 21.915 Loaded shared library C:\Users\d.ngantchou\.vscode\extensions\redhat.java-1.34.0-win32-x64\jre\17.0.12-win32-x86_64\bin\extnet.dll

Deoptimization events (16 events):
Event: 13.527 Thread 0x0000021d437aa170 DEOPT PACKING pc=0x0000021d35d70401 sp=0x00000040c37feeb0
Event: 13.527 Thread 0x0000021d437aa170 DEOPT UNPACKING pc=0x0000021d3588ace3 sp=0x00000040c37fe340 mode 3
Event: 13.797 Thread 0x0000021d436f59b0 DEOPT PACKING pc=0x0000021d35d28197 sp=0x00000040c1cfec20
Event: 13.797 Thread 0x0000021d436f59b0 DEOPT UNPACKING pc=0x0000021d3588ace3 sp=0x00000040c1cfe078 mode 3
Event: 21.469 Thread 0x0000021d437c2d90 DEOPT PACKING pc=0x0000021d35c3df0c sp=0x00000040c4cfac50
Event: 21.469 Thread 0x0000021d437c2d90 DEOPT UNPACKING pc=0x0000021d3588ace3 sp=0x00000040c4cfa118 mode 0
Event: 24.987 Thread 0x0000021d437c0f30 DEOPT PACKING pc=0x0000021d35e83324 sp=0x00000040c49feed0
Event: 24.987 Thread 0x0000021d437c0f30 DEOPT UNPACKING pc=0x0000021d3588ace3 sp=0x00000040c49fe3b8 mode 0
Event: 24.987 Thread 0x0000021d437c0a20 DEOPT PACKING pc=0x0000021d35e83324 sp=0x00000040c46feca0
Event: 24.987 Thread 0x0000021d437c0a20 DEOPT UNPACKING pc=0x0000021d3588ace3 sp=0x00000040c46fe188 mode 0
Event: 171.581 Thread 0x0000021d436f4060 DEOPT PACKING pc=0x0000021d35ab6ad4 sp=0x00000040c1bfebf0
Event: 171.582 Thread 0x0000021d436f4060 DEOPT UNPACKING pc=0x0000021d3588ace3 sp=0x00000040c1bfe078 mode 0
Event: 826.285 Thread 0x0000021d437c6540 DEOPT PACKING pc=0x0000021d363f93bc sp=0x00000040c0afdb40
Event: 826.285 Thread 0x0000021d437c6540 DEOPT UNPACKING pc=0x0000021d3588ace3 sp=0x00000040c0afd168 mode 0
Event: 826.285 Thread 0x0000021d437c6540 DEOPT PACKING pc=0x0000021d363f926c sp=0x00000040c0afdd50
Event: 826.285 Thread 0x0000021d437c6540 DEOPT UNPACKING pc=0x0000021d3588ace3 sp=0x00000040c0afd378 mode 0

Classes loaded (20 events):
Event: 824.048 Loading class java/util/stream/Nodes$IntFixedNodeBuilder
Event: 824.053 Loading class java/util/stream/Node$Builder$OfInt
Event: 824.054 Loading class java/util/stream/Node$Builder$OfInt done
Event: 824.054 Loading class java/util/stream/Nodes$IntArrayNode
Event: 824.056 Loading class java/util/stream/Nodes$IntArrayNode done
Event: 824.056 Loading class java/util/stream/Nodes$IntFixedNodeBuilder done
Event: 893.153 Loading class java/util/logging/LogRecord
Event: 893.157 Loading class java/util/logging/LogRecord done
Event: 1018.589 Loading class sun/util/resources/LocaleData$CommonResourceBundleProvider
Event: 1018.590 Loading class sun/util/resources/LocaleData$LocaleDataResourceBundleProvider
Event: 1018.590 Loading class java/util/spi/ResourceBundleProvider
Event: 1018.590 Loading class java/util/spi/ResourceBundleProvider done
Event: 1018.590 Loading class sun/util/resources/LocaleData$LocaleDataResourceBundleProvider done
Event: 1018.590 Loading class sun/util/resources/LocaleData$CommonResourceBundleProvider done
Event: 1018.591 Loading class sun/util/resources/Bundles$2
Event: 1018.592 Loading class sun/util/resources/Bundles$2 done
Event: 1018.598 Loading class java/util/stream/ReduceOps$7
Event: 1018.599 Loading class java/util/stream/ReduceOps$7 done
Event: 1018.599 Loading class java/util/stream/ReduceOps$6ReducingSink
Event: 1018.599 Loading class java/util/stream/ReduceOps$6ReducingSink done

Classes unloaded (20 events):
Event: 235.136 Thread 0x0000021d3d9d7400 Unloading class 0x0000000100740000 'jdk/internal/reflect/GeneratedConstructorAccessor37'
Event: 235.136 Thread 0x0000021d3d9d7400 Unloading class 0x00000001006a4000 'jdk/internal/reflect/GeneratedConstructorAccessor31'
Event: 235.136 Thread 0x0000021d3d9d7400 Unloading class 0x0000000100690800 'jdk/internal/reflect/GeneratedConstructorAccessor29'
Event: 235.136 Thread 0x0000021d3d9d7400 Unloading class 0x0000000100682400 'jdk/internal/reflect/GeneratedConstructorAccessor26'
Event: 235.136 Thread 0x0000021d3d9d7400 Unloading class 0x00000001000ce800 'java/lang/invoke/LambdaForm$MH+0x00000001000ce800'
Event: 235.136 Thread 0x0000021d3d9d7400 Unloading class 0x00000001000ce400 'java/lang/invoke/LambdaForm$MH+0x00000001000ce400'
Event: 235.136 Thread 0x0000021d3d9d7400 Unloading class 0x00000001000ce000 'java/lang/invoke/LambdaForm$MH+0x00000001000ce000'
Event: 235.136 Thread 0x0000021d3d9d7400 Unloading class 0x00000001000cdc00 'java/lang/invoke/LambdaForm$MH+0x00000001000cdc00'
Event: 235.136 Thread 0x0000021d3d9d7400 Unloading class 0x00000001000cd800 'java/lang/invoke/LambdaForm$MH+0x00000001000cd800'
Event: 235.136 Thread 0x0000021d3d9d7400 Unloading class 0x00000001000cd400 'java/lang/invoke/LambdaForm$MH+0x00000001000cd400'
Event: 235.136 Thread 0x0000021d3d9d7400 Unloading class 0x00000001000cbc00 'java/lang/invoke/LambdaForm$MH+0x00000001000cbc00'
Event: 1018.612 Thread 0x0000021d3d9d7400 Unloading class 0x0000000100560400 'java/lang/invoke/LambdaForm$MH+0x0000000100560400'
Event: 1018.613 Thread 0x0000021d3d9d7400 Unloading class 0x0000000100561c00 'java/lang/invoke/LambdaForm$MH+0x0000000100561c00'
Event: 1018.613 Thread 0x0000021d3d9d7400 Unloading class 0x00000001000cbc00 'java/lang/invoke/LambdaForm$MH+0x00000001000cbc00'
Event: 1018.613 Thread 0x0000021d3d9d7400 Unloading class 0x00000001000cd400 'java/lang/invoke/LambdaForm$MH+0x00000001000cd400'
Event: 1018.613 Thread 0x0000021d3d9d7400 Unloading class 0x0000000100568400 'java/lang/invoke/LambdaForm$MH+0x0000000100568400'
Event: 1018.613 Thread 0x0000021d3d9d7400 Unloading class 0x0000000100682400 'java/lang/invoke/LambdaForm$MH+0x0000000100682400'
Event: 1018.613 Thread 0x0000021d3d9d7400 Unloading class 0x00000001000ce800 'java/lang/invoke/LambdaForm$MH+0x00000001000ce800'
Event: 1018.613 Thread 0x0000021d3d9d7400 Unloading class 0x0000000100690800 'java/lang/invoke/LambdaForm$MH+0x0000000100690800'
Event: 1018.613 Thread 0x0000021d3d9d7400 Unloading class 0x00000001006a4000 'java/lang/invoke/LambdaForm$MH+0x00000001006a4000'

Classes redefined (0 events):
No events

Internal exceptions (20 events):
Event: 40.845 Thread 0x0000021d437bf5e0 Exception <a 'sun/nio/fs/WindowsException'{0x00000000cf45c3c0}> (0x00000000cf45c3c0) 
thrown [s\src\hotspot\share\prims\jni.cpp, line 516]
Event: 40.845 Thread 0x0000021d437bf5e0 Exception <a 'sun/nio/fs/WindowsException'{0x00000000cf45ce80}> (0x00000000cf45ce80) 
thrown [s\src\hotspot\share\prims\jni.cpp, line 516]
Event: 40.845 Thread 0x0000021d437bf5e0 Exception <a 'sun/nio/fs/WindowsException'{0x00000000cf45eb28}> (0x00000000cf45eb28) 
thrown [s\src\hotspot\share\prims\jni.cpp, line 516]
Event: 40.845 Thread 0x0000021d437bf5e0 Exception <a 'sun/nio/fs/WindowsException'{0x00000000cf45f7c8}> (0x00000000cf45f7c8) 
thrown [s\src\hotspot\share\prims\jni.cpp, line 516]
Event: 40.845 Thread 0x0000021d437bf5e0 Exception <a 'sun/nio/fs/WindowsException'{0x00000000cf460468}> (0x00000000cf460468) 
thrown [s\src\hotspot\share\prims\jni.cpp, line 516]
Event: 41.033 Thread 0x0000021d437bf5e0 Exception <a 'sun/nio/fs/WindowsException'{0x00000000cf389d90}> (0x00000000cf389d90) 
thrown [s\src\hotspot\share\prims\jni.cpp, line 516]
Event: 41.034 Thread 0x0000021d437bf5e0 Exception <a 'sun/nio/fs/WindowsException'{0x00000000cf38a7d0}> (0x00000000cf38a7d0) 
thrown [s\src\hotspot\share\prims\jni.cpp, line 516]
Event: 41.034 Thread 0x0000021d437bf5e0 Exception <a 'sun/nio/fs/WindowsException'{0x00000000cf38b260}> (0x00000000cf38b260) 
thrown [s\src\hotspot\share\prims\jni.cpp, line 516]
Event: 41.034 Thread 0x0000021d437bf5e0 Exception <a 'sun/nio/fs/WindowsException'{0x00000000cf38bca0}> (0x00000000cf38bca0) 
thrown [s\src\hotspot\share\prims\jni.cpp, line 516]
Event: 41.034 Thread 0x0000021d437bf5e0 Exception <a 'sun/nio/fs/WindowsException'{0x00000000cf38c8c0}> (0x00000000cf38c8c0) 
thrown [s\src\hotspot\share\prims\jni.cpp, line 516]
Event: 41.034 Thread 0x0000021d437bf5e0 Exception <a 'sun/nio/fs/WindowsException'{0x00000000cf38d4e0}> (0x00000000cf38d4e0) 
thrown [s\src\hotspot\share\prims\jni.cpp, line 516]
Event: 41.034 Thread 0x0000021d437bf5e0 Exception <a 'sun/nio/fs/WindowsException'{0x00000000cf38eaf0}> (0x00000000cf38eaf0) 
thrown [s\src\hotspot\share\prims\jni.cpp, line 516]
Event: 41.034 Thread 0x0000021d437bf5e0 Exception <a 'sun/nio/fs/WindowsException'{0x00000000cf38f530}> (0x00000000cf38f530) 
thrown [s\src\hotspot\share\prims\jni.cpp, line 516]
Event: 41.034 Thread 0x0000021d437bf5e0 Exception <a 'sun/nio/fs/WindowsException'{0x00000000cf38ffc0}> (0x00000000cf38ffc0) 
thrown [s\src\hotspot\share\prims\jni.cpp, line 516]
Event: 41.034 Thread 0x0000021d437bf5e0 Exception <a 'sun/nio/fs/WindowsException'{0x00000000cf390a00}> (0x00000000cf390a00) 
thrown [s\src\hotspot\share\prims\jni.cpp, line 516]
Event: 41.034 Thread 0x0000021d437bf5e0 Exception <a 'sun/nio/fs/WindowsException'{0x00000000cf391620}> (0x00000000cf391620) 
thrown [s\src\hotspot\share\prims\jni.cpp, line 516]
Event: 41.034 Thread 0x0000021d437bf5e0 Exception <a 'sun/nio/fs/WindowsException'{0x00000000cf392240}> (0x00000000cf392240) 
thrown [s\src\hotspot\share\prims\jni.cpp, line 516]
Event: 72.306 Thread 0x0000021d436f4570 Exception <a 'java/lang/NoSuchMethodError'{0x00000000cf3c5938}: 'void java.lang.invoke.DirectMethodHandle$Holder.invokeStatic(java.lang.Object, long)'> (0x00000000cf3c5938) 
thrown [s\src\hotspot\share\interpreter\linkResolver.cpp, line 759]
Event: 72.307 Thread 0x0000021d436f4570 Exception <a 'java/lang/NoSuchMethodError'{0x00000000cf3cace8}: 'java.lang.Object java.lang.invoke.DirectMethodHandle$Holder.newInvokeSpecial(java.lang.Object, long)'> (0x00000000cf3cace8) 
thrown [s\src\hotspot\share\interpreter\linkResolver.cpp, line 759]
Event: 891.194 Thread 0x0000021d437c0a20 Exception <a 'java/lang/NullPointerException'{0x00000000ce4a6a78}> (0x00000000ce4a6a78) 
thrown [s\src\hotspot\share\interpreter\linkResolver.cpp, line 1350]

VM Operations (20 events):
Event: 1055.354 Executing VM operation: G1CollectForAllocation
Event: 1055.360 Executing VM operation: G1CollectForAllocation done
Event: 1074.530 Executing VM operation: Cleanup
Event: 1074.530 Executing VM operation: Cleanup done
Event: 1082.850 Executing VM operation: HandshakeAllThreads
Event: 1082.850 Executing VM operation: HandshakeAllThreads done
Event: 1087.917 Executing VM operation: Cleanup
Event: 1087.917 Executing VM operation: Cleanup done
Event: 1102.050 Executing VM operation: Cleanup
Event: 1102.050 Executing VM operation: Cleanup done
Event: 1118.768 Executing VM operation: HandshakeAllThreads
Event: 1118.768 Executing VM operation: HandshakeAllThreads done
Event: 1119.776 Executing VM operation: Cleanup
Event: 1119.776 Executing VM operation: Cleanup done
Event: 1136.930 Executing VM operation: Cleanup
Event: 1136.930 Executing VM operation: Cleanup done
Event: 1137.936 Executing VM operation: Cleanup
Event: 1137.936 Executing VM operation: Cleanup done
Event: 1139.958 Executing VM operation: Cleanup
Event: 1139.959 Executing VM operation: Cleanup done

Events (20 events):
Event: 884.152 Thread 0x0000021d448904f0 Thread added: 0x0000021d448904f0
Event: 884.152 Thread 0x0000021d448a9200 Thread added: 0x0000021d448a9200
Event: 884.942 Thread 0x0000021d448a9200 Thread exited: 0x0000021d448a9200
Event: 886.636 Thread 0x0000021d437c2d90 Thread exited: 0x0000021d437c2d90
Event: 886.699 Thread 0x0000021d437c1950 Thread exited: 0x0000021d437c1950
Event: 891.006 Thread 0x0000021d448904f0 Thread exited: 0x0000021d448904f0
Event: 892.957 Thread 0x0000021d437c1950 Thread added: 0x0000021d437c1950
Event: 917.254 Thread 0x0000021d448904f0 Thread added: 0x0000021d448904f0
Event: 925.259 Thread 0x0000021d448904f0 Thread exited: 0x0000021d448904f0
Event: 944.227 Thread 0x0000021d437c3cc0 Thread exited: 0x0000021d437c3cc0
Event: 959.329 Thread 0x0000021d43584a30 Thread added: 0x0000021d43584a30
Event: 961.638 Thread 0x0000021d43584a30 Thread exited: 0x0000021d43584a30
Event: 967.008 Thread 0x0000021d437c2880 Thread added: 0x0000021d437c2880
Event: 1037.804 Thread 0x0000021d437c2d90 Thread added: 0x0000021d437c2d90
Event: 1142.624 Thread 0x0000021d437c6a50 Thread added: 0x0000021d437c6a50
Event: 1142.624 Thread 0x0000021d437c3cc0 Thread added: 0x0000021d437c3cc0
Event: 1142.659 Thread 0x0000021d436f4a80 Thread added: 0x0000021d436f4a80
Event: 1142.816 Thread 0x0000021d449fdd00 Thread added: 0x0000021d449fdd00
Event: 1142.816 Thread 0x0000021d438d9180 Thread added: 0x0000021d438d9180
Event: 1142.885 Thread 0x0000021d436f4f90 Thread added: 0x0000021d436f4f90


Dynamic libraries:
0x00007ff755d50000 - 0x00007ff755d5e000 	c:\Users\d.ngantchou\.vscode\extensions\redhat.java-1.34.0-win32-x64\jre\17.0.12-win32-x86_64\bin\java.exe
0x00007ff8f59b0000 - 0x00007ff8f5ba8000 	C:\Windows\SYSTEM32\ntdll.dll
0x00007ff8f3f70000 - 0x00007ff8f4031000 	C:\Windows\System32\KERNEL32.DLL
0x00007ff8f3100000 - 0x00007ff8f33fd000 	C:\Windows\System32\KERNELBASE.dll
0x00007ff8f3530000 - 0x00007ff8f3630000 	C:\Windows\System32\ucrtbase.dll
0x00007ff8e6c80000 - 0x00007ff8e6c97000 	c:\Users\d.ngantchou\.vscode\extensions\redhat.java-1.34.0-win32-x64\jre\17.0.12-win32-x86_64\bin\jli.dll
0x00007ff8f3ac0000 - 0x00007ff8f3c5d000 	C:\Windows\System32\USER32.dll
0x00007ff8f3890000 - 0x00007ff8f38b2000 	C:\Windows\System32\win32u.dll
0x00007ff8f4280000 - 0x00007ff8f42ab000 	C:\Windows\System32\GDI32.dll
0x00007ff8f38c0000 - 0x00007ff8f39d7000 	C:\Windows\System32\gdi32full.dll
0x00007ff8f3060000 - 0x00007ff8f30fd000 	C:\Windows\System32\msvcp_win.dll
0x00007ff8d8b50000 - 0x00007ff8d8b6b000 	c:\Users\d.ngantchou\.vscode\extensions\redhat.java-1.34.0-win32-x64\jre\17.0.12-win32-x86_64\bin\VCRUNTIME140.dll
0x00007ff8d90f0000 - 0x00007ff8d938a000 	C:\Windows\WinSxS\amd64_microsoft.windows.common-controls_6595b64144ccf1df_6.0.19041.4355_none_60b8b9eb71f62e16\COMCTL32.dll
0x00007ff8f4de0000 - 0x00007ff8f4e7e000 	C:\Windows\System32\msvcrt.dll
0x00007ff8f3ed0000 - 0x00007ff8f3eff000 	C:\Windows\System32\IMM32.DLL
0x00007ff8ea3f0000 - 0x00007ff8ea3fc000 	c:\Users\d.ngantchou\.vscode\extensions\redhat.java-1.34.0-win32-x64\jre\17.0.12-win32-x86_64\bin\vcruntime140_1.dll
0x00007ff8b6b50000 - 0x00007ff8b6bdd000 	c:\Users\d.ngantchou\.vscode\extensions\redhat.java-1.34.0-win32-x64\jre\17.0.12-win32-x86_64\bin\msvcp140.dll
0x00007ff890980000 - 0x00007ff8915ea000 	c:\Users\d.ngantchou\.vscode\extensions\redhat.java-1.34.0-win32-x64\jre\17.0.12-win32-x86_64\bin\server\jvm.dll
0x00007ff8f4730000 - 0x00007ff8f47e0000 	C:\Windows\System32\ADVAPI32.dll
0x00007ff8f4860000 - 0x00007ff8f4900000 	C:\Windows\System32\sechost.dll
0x00007ff8f56a0000 - 0x00007ff8f57c3000 	C:\Windows\System32\RPCRT4.dll
0x00007ff8f3450000 - 0x00007ff8f3477000 	C:\Windows\System32\bcrypt.dll
0x00007ff8f3f00000 - 0x00007ff8f3f6b000 	C:\Windows\System32\WS2_32.dll
0x00007ff8f29a0000 - 0x00007ff8f29eb000 	C:\Windows\SYSTEM32\POWRPROF.dll
0x00007ff8de780000 - 0x00007ff8de7a7000 	C:\Windows\SYSTEM32\WINMM.dll
0x00007ff8e9460000 - 0x00007ff8e946a000 	C:\Windows\SYSTEM32\VERSION.dll
0x00007ff8f2980000 - 0x00007ff8f2992000 	C:\Windows\SYSTEM32\UMPDC.dll
0x00007ff8f18a0000 - 0x00007ff8f18b2000 	C:\Windows\SYSTEM32\kernel.appcore.dll
0x00007ff8e8e80000 - 0x00007ff8e8e8a000 	c:\Users\d.ngantchou\.vscode\extensions\redhat.java-1.34.0-win32-x64\jre\17.0.12-win32-x86_64\bin\jimage.dll
0x00007ff8f1280000 - 0x00007ff8f1464000 	C:\Windows\SYSTEM32\DBGHELP.DLL
0x00007ff8e5e30000 - 0x00007ff8e5e64000 	C:\Windows\SYSTEM32\dbgcore.DLL
0x00007ff8f3630000 - 0x00007ff8f36b2000 	C:\Windows\System32\bcryptPrimitives.dll
0x00007ff8c6e20000 - 0x00007ff8c6e45000 	c:\Users\d.ngantchou\.vscode\extensions\redhat.java-1.34.0-win32-x64\jre\17.0.12-win32-x86_64\bin\java.dll
0x00007ff8d8a20000 - 0x00007ff8d8a38000 	c:\Users\d.ngantchou\.vscode\extensions\redhat.java-1.34.0-win32-x64\jre\17.0.12-win32-x86_64\bin\zip.dll
0x00007ff8f4f30000 - 0x00007ff8f569f000 	C:\Windows\System32\SHELL32.dll
0x00007ff8f0920000 - 0x00007ff8f10c3000 	C:\Windows\SYSTEM32\windows.storage.dll
0x00007ff8f4910000 - 0x00007ff8f4c63000 	C:\Windows\System32\combase.dll
0x00007ff8f2940000 - 0x00007ff8f296e000 	C:\Windows\SYSTEM32\Wldp.dll
0x00007ff8f3cc0000 - 0x00007ff8f3d8d000 	C:\Windows\System32\OLEAUT32.dll
0x00007ff8f4cd0000 - 0x00007ff8f4d7d000 	C:\Windows\System32\SHCORE.dll
0x00007ff8f3c60000 - 0x00007ff8f3cb5000 	C:\Windows\System32\shlwapi.dll
0x00007ff8f2f90000 - 0x00007ff8f2fb4000 	C:\Windows\SYSTEM32\profapi.dll
0x00007ff8ccd70000 - 0x00007ff8ccd89000 	C:\Users\d.ngantchou\.vscode\extensions\redhat.java-1.34.0-win32-x64\jre\17.0.12-win32-x86_64\bin\net.dll
0x00007ff8f1f80000 - 0x00007ff8f208d000 	C:\Windows\SYSTEM32\WINHTTP.dll
0x00007ff8f2720000 - 0x00007ff8f278a000 	C:\Windows\system32\mswsock.dll
0x00007ff8ca260000 - 0x00007ff8ca276000 	C:\Users\d.ngantchou\.vscode\extensions\redhat.java-1.34.0-win32-x64\jre\17.0.12-win32-x86_64\bin\nio.dll
0x00007ff8e1520000 - 0x00007ff8e1530000 	c:\Users\d.ngantchou\.vscode\extensions\redhat.java-1.34.0-win32-x64\jre\17.0.12-win32-x86_64\bin\verify.dll
0x00007ff8f29f0000 - 0x00007ff8f2a08000 	C:\Windows\SYSTEM32\CRYPTSP.dll
0x00007ff8f1ef0000 - 0x00007ff8f1f24000 	C:\Windows\system32\rsaenh.dll
0x00007ff8f2f50000 - 0x00007ff8f2f7e000 	C:\Windows\SYSTEM32\USERENV.dll
0x00007ff8f28b0000 - 0x00007ff8f28bc000 	C:\Windows\SYSTEM32\CRYPTBASE.dll
0x00007ff8f2420000 - 0x00007ff8f245b000 	C:\Windows\SYSTEM32\IPHLPAPI.DLL
0x00007ff8f42b0000 - 0x00007ff8f42b8000 	C:\Windows\System32\NSI.dll
0x00007ff8ec930000 - 0x00007ff8ec947000 	C:\Windows\SYSTEM32\dhcpcsvc6.DLL
0x00007ff8ec910000 - 0x00007ff8ec92d000 	C:\Windows\SYSTEM32\dhcpcsvc.DLL
0x00007ff8f2460000 - 0x00007ff8f252a000 	C:\Windows\SYSTEM32\DNSAPI.dll
0x00007ff8deb80000 - 0x00007ff8deb89000 	C:\Users\d.ngantchou\.vscode\extensions\redhat.java-1.34.0-win32-x64\jre\17.0.12-win32-x86_64\bin\management.dll
0x00007ff8dca70000 - 0x00007ff8dca7b000 	C:\Users\d.ngantchou\.vscode\extensions\redhat.java-1.34.0-win32-x64\jre\17.0.12-win32-x86_64\bin\management_ext.dll
0x00007ff8f3d90000 - 0x00007ff8f3d98000 	C:\Windows\System32\PSAPI.DLL
0x00007ff8d8b30000 - 0x00007ff8d8b3e000 	C:\Users\d.ngantchou\.vscode\extensions\redhat.java-1.34.0-win32-x64\jre\17.0.12-win32-x86_64\bin\sunmscapi.dll
0x00007ff8f3730000 - 0x00007ff8f388c000 	C:\Windows\System32\CRYPT32.dll
0x00007ff8f2b00000 - 0x00007ff8f2b29000 	C:\Windows\SYSTEM32\ncrypt.dll
0x00007ff8f2ac0000 - 0x00007ff8f2afb000 	C:\Windows\SYSTEM32\NTASN1.dll
0x00007ff8cf920000 - 0x00007ff8cf927000 	C:\Windows\system32\wshunix.dll
0x00007ff8cca50000 - 0x00007ff8cca59000 	C:\Users\d.ngantchou\.vscode\extensions\redhat.java-1.34.0-win32-x64\jre\17.0.12-win32-x86_64\bin\extnet.dll
0x00007ff8e9d70000 - 0x00007ff8e9d7a000 	C:\Windows\System32\rasadhlp.dll

dbghelp: loaded successfully - version: 4.0.5 - missing functions: none
symbol engine: initialized successfully - sym options: 0x614 - pdb path: .;c:\Users\d.ngantchou\.vscode\extensions\redhat.java-1.34.0-win32-x64\jre\17.0.12-win32-x86_64\bin;C:\Windows\SYSTEM32;C:\Windows\WinSxS\amd64_microsoft.windows.common-controls_6595b64144ccf1df_6.0.19041.4355_none_60b8b9eb71f62e16;c:\Users\d.ngantchou\.vscode\extensions\redhat.java-1.34.0-win32-x64\jre\17.0.12-win32-x86_64\bin\server

VM Arguments:
jvm_args: -Xmx1024m -Dsts.lsp.client=vscode -Dsts.log.file=/dev/null -XX:TieredStopAtLevel=1 -Xlog:jni+resolve=off 
java_command: c:\Users\d.ngantchou\.vscode\extensions\vmware.vscode-spring-boot-1.57.0\language-server\spring-boot-language-server-1.57.0-SNAPSHOT-exec.jar
java_class_path (initial): c:\Users\d.ngantchou\.vscode\extensions\vmware.vscode-spring-boot-1.57.0\language-server\spring-boot-language-server-1.57.0-SNAPSHOT-exec.jar
Launcher Type: SUN_STANDARD

[Global flags]
     intx CICompilerCount                          = 4                                         {product} {ergonomic}
     uint ConcGCThreads                            = 2                                         {product} {ergonomic}
     uint G1ConcRefinementThreads                  = 8                                         {product} {ergonomic}
   size_t G1HeapRegionSize                         = 1048576                                   {product} {ergonomic}
    uintx GCDrainStackTargetSize                   = 64                                        {product} {ergonomic}
   size_t InitialHeapSize                          = 197132288                                 {product} {ergonomic}
   size_t MarkStackSize                            = 4194304                                   {product} {ergonomic}
   size_t MaxHeapSize                              = 1073741824                                {product} {command line}
   size_t MaxNewSize                               = 643825664                                 {product} {ergonomic}
   size_t MinHeapDeltaBytes                        = 1048576                                   {product} {ergonomic}
   size_t MinHeapSize                              = 8388608                                   {product} {ergonomic}
    uintx NonProfiledCodeHeapSize                  = 0                                      {pd product} {ergonomic}
     bool ProfileInterpreter                       = false                                  {pd product} {command line}
    uintx ProfiledCodeHeapSize                     = 0                                      {pd product} {ergonomic}
   size_t SoftMaxHeapSize                          = 1073741824                             {manageable} {ergonomic}
     intx TieredStopAtLevel                        = 1                                         {product} {command line}
     bool UseCompressedClassPointers               = true                           {product lp64_product} {ergonomic}
     bool UseCompressedOops                        = true                           {product lp64_product} {ergonomic}
     bool UseG1GC                                  = true                                      {product} {ergonomic}
     bool UseLargePagesIndividualAllocation        = false                                  {pd product} {ergonomic}

Logging:
Log output configuration:
 #0: stdout all=warning,jni+resolve=off uptime,level,tags
 #1: stderr all=off uptime,level,tags

Environment Variables:
JAVA_HOME=C:\Program Files\Java\jdk-17
PATH=D:\app\d.ngantchou\product\11.2.0\client_2\bin;C:\Program Files\Common Files\Oracle\Java\javapath;C:\Windows\system32;C:\Windows;C:\Windows\System32\Wbem;C:\Windows\System32\WindowsPowerShell\v1.0\;C:\Windows\System32\OpenSSH\;C:\Program Files\Git\cmd;C:\Program Files\nodejs\;C:\xampp\php;C:\composer;C:\Program Files\Java\jdk-17\bin;C:\xampp\mysql\bin;C:\Gradle\gradle-8.6\bin;C:\Program Files\Microsoft SQL Server\150\Tools\Binn\;C:\Program Files\Microsoft SQL Server\Client SDK\ODBC\170\Tools\Binn\;C:\Program Files\dotnet\;C:\instantclient_23_4;C:\Users\d.ngantchou\AppData\Local\Microsoft\WindowsApps;C:\Users\d.ngantchou\AppData\Local\Programs\Microsoft VS Code\bin;C:\Users\d.ngantchou\AppData\Roaming\npm;C:\Users\d.ngantchou\AppData\Roaming\Composer\vendor\bin;C:\Users\d.ngantchou\.dotnet\tools;C:\instantclient_23_4;C:\Users\d.ngantchou\flutter\bin
USERNAME=d.ngantchou
OS=Windows_NT
PROCESSOR_IDENTIFIER=Intel64 Family 6 Model 140 Stepping 1, GenuineIntel
TMP=C:\Users\D98E0~1.NGA\AppData\Local\Temp
TEMP=C:\Users\D98E0~1.NGA\AppData\Local\Temp



Periodic native trim disabled


---------------  S Y S T E M  ---------------

OS:
 Windows 10 , 64 bit Build 19041 (10.0.19041.4842)
OS uptime: 8 days 20:39 hours
Hyper-V role detected

CPU: total 8 (initial active 8) (4 cores per cpu, 2 threads per core) family 6 model 140 stepping 1 microcode 0xb6, cx8, cmov, fxsr, ht, mmx, 3dnowpref, sse, sse2, sse3, ssse3, sse4.1, sse4.2, popcnt, lzcnt, tsc, tscinvbit, avx, avx2, aes, erms, clmul, bmi1, bmi2, adx, avx512f, avx512dq, avx512cd, avx512bw, avx512vl, sha, fma, vzeroupper, avx512_vpopcntdq, avx512_vpclmulqdq, avx512_vaes, avx512_vnni, clflush, clflushopt, clwb, avx512_vbmi2, avx512_vbmi, hv
Processor Information for all 8 processors :
  Max Mhz: 2419, Current Mhz: 2419, Mhz Limit: 2419

Memory: 4k page, system-wide physical 11968M (584M free)
TotalPageFile size 25904M (AvailPageFile size 53M)
current process WorkingSet (physical memory assigned to process): 302M, peak: 356M
current process commit charge ("private bytes"): 424M, peak: 543M

vm_info: OpenJDK 64-Bit Server VM (17.0.12+7) for windows-amd64 JRE (17.0.12+7), built on Jul 16 2024 22:08:24 by "admin" with MS VC++ 16.10 / 16.11 (VS2019)

END.
