#
# There is insufficient memory for the Java Runtime Environment to continue.
# Native memory allocation (malloc) failed to allocate 64016 bytes. Error detail: Chunk::new
# Possible reasons:
#   The system is out of physical RAM or swap space
#   This process is running with CompressedOops enabled, and the Java Heap may be blocking the growth of the native heap
# Possible solutions:
#   Reduce memory load on the system
#   Increase physical memory or swap space
#   Check if swap backing store is full
#   Decrease Java heap size (-Xmx/-Xms)
#   Decrease number of Java threads
#   Decrease Java thread stack sizes (-Xss)
#   Set larger code cache with -XX:ReservedCodeCacheSize=
#   JVM is running with Unscaled Compressed Oops mode in which the Java heap is
#     placed in the first 4GB address space. The Java Heap base address is the
#     maximum limit for the native heap growth. Please use -XX:HeapBaseMinAddress
#     to set the Java Heap base and to place the Java Heap above 4GB virtual address.
# This output file may be truncated or incomplete.
#
#  Out of Memory Error (arena.cpp:191), pid=22636, tid=3884
#
# JRE version: OpenJDK Runtime Environment Temurin-17.0.11+9 (17.0.11+9) (build 17.0.11+9)
# Java VM: OpenJDK 64-Bit Server VM Temurin-17.0.11+9 (17.0.11+9, mixed mode, tiered, compressed oops, compressed class ptrs, parallel gc, windows-amd64)
# No core dump will be written. Minidumps are not enabled by default on client versions of Windows
#

---------------  S U M M A R Y ------------

Command Line: --add-modules=ALL-SYSTEM --add-opens=java.base/java.util=ALL-UNNAMED --add-opens=java.base/java.lang=ALL-UNNAMED --add-opens=java.base/sun.nio.fs=ALL-UNNAMED -Declipse.application=org.eclipse.jdt.ls.core.id1 -Dosgi.bundles.defaultStartLevel=4 -Declipse.product=org.eclipse.jdt.ls.core.product -Djava.import.generatesMetadataFilesAtProjectRoot=false -DDetectVMInstallationsJob.disabled=true -Dfile.encoding=utf8 -XX:+UseParallelGC -XX:GCTimeRatio=4 -XX:AdaptiveSizePolicyWeight=90 -Dsun.zip.disableMemoryMapping=true -Xmx1G -Xms100m -Xlog:disable -javaagent:c:\Users\d.ngantchou\.vscode\extensions\redhat.java-1.31.0-win32-x64\lombok\lombok-1.18.32.jar c:\Users\d.ngantchou\.vscode\extensions\redhat.java-1.31.0-win32-x64\server\plugins\org.eclipse.equinox.launcher_1.6.800.v20240513-1750.jar -configuration c:\Users\d.ngantchou\AppData\Roaming\Code\User\globalStorage\redhat.java\1.31.0\config_ss_win -data c:\Users\d.ngantchou\AppData\Roaming\Code\User\workspaceStorage\a36cf5bfe26e3b125d54e50f5ed0c1b0\redhat.java\ss_ws --pipe=\\.\pipe\lsp-53b5316d2617c086e9ddf67b064a594e-sock

Host: 11th Gen Intel(R) Core(TM) i5-1135G7 @ 2.40GHz, 8 cores, 11G,  Windows 10 , 64 bit Build 19041 (10.0.19041.3636)
Time: Mon Jun 24 22:10:03 2024 Afr. centrale Ouest elapsed time: 69.017821 seconds (0d 0h 1m 9s)

---------------  T H R E A D  ---------------

Current thread (0x0000020515065010):  JavaThread "C2 CompilerThread0" daemon [_thread_in_native, id=3884, stack(0x0000002166400000,0x0000002166500000)]


Current CompileTask:
C2:  69018 6474       4       org.eclipse.core.runtime.Path::equals (124 bytes)

Stack: [0x0000002166400000,0x0000002166500000]
Native frames: (J=compiled Java code, j=interpreted, Vv=VM code, C=native code)
V  [jvm.dll+0x67d429]
V  [jvm.dll+0x834b7a]
V  [jvm.dll+0x83663e]
V  [jvm.dll+0x836ca3]
V  [jvm.dll+0x247dbf]
V  [jvm.dll+0xac534]
V  [jvm.dll+0xacb7c]
V  [jvm.dll+0x2af2cf]
V  [jvm.dll+0x5848b7]
V  [jvm.dll+0x222d82]
V  [jvm.dll+0x21bf3f]
V  [jvm.dll+0x2197a1]
V  [jvm.dll+0x1a534d]
V  [jvm.dll+0x2295cd]
V  [jvm.dll+0x22779c]
V  [jvm.dll+0x7e9d07]
V  [jvm.dll+0x7e410a]
V  [jvm.dll+0x67c315]
C  [ucrtbase.dll+0x21bb2]
C  [KERNEL32.DLL+0x17344]
C  [ntdll.dll+0x4cc91]


---------------  P R O C E S S  ---------------

Threads class SMR info:
_java_thread_list=0x0000020518f0a240, length=39, elements={
0x000002057c054740, 0x000002057eed0630, 0x000002057eed2190, 0x000002057eeda220,
0x000002057eedaaf0, 0x000002057eedb3c0, 0x000002057eeddca0, 0x0000020515065010,
0x00000205150cb740, 0x00000205150d0420, 0x000002051519b030, 0x00000205152d2fc0,
0x00000205165d8790, 0x0000020516860fc0, 0x000002051680e880, 0x00000205167486c0,
0x0000020516178930, 0x000002051617a790, 0x000002051617aca0, 0x0000020516179860,
0x000002051617bbd0, 0x0000020516179350, 0x0000020516179d70, 0x000002051617c0e0,
0x000002051617a280, 0x000002051617b1b0, 0x000002051628f230, 0x000002051628e810,
0x000002051628d3d0, 0x0000020516293910, 0x0000020516294330, 0x00000205162915a0,
0x000002051628d8e0, 0x000002051628cec0, 0x0000020516294840, 0x0000020516290670,
0x000002051628fc50, 0x0000020516290b80, 0x00000205168d6c10
}

Java Threads: ( => current thread )
  0x000002057c054740 JavaThread "main" [_thread_blocked, id=13328, stack(0x0000002165b00000,0x0000002165c00000)]
  0x000002057eed0630 JavaThread "Reference Handler" daemon [_thread_blocked, id=20140, stack(0x0000002165e00000,0x0000002165f00000)]
  0x000002057eed2190 JavaThread "Finalizer" daemon [_thread_blocked, id=26596, stack(0x0000002165f00000,0x0000002166000000)]
  0x000002057eeda220 JavaThread "Signal Dispatcher" daemon [_thread_blocked, id=10476, stack(0x0000002166000000,0x0000002166100000)]
  0x000002057eedaaf0 JavaThread "Attach Listener" daemon [_thread_blocked, id=13140, stack(0x0000002166100000,0x0000002166200000)]
  0x000002057eedb3c0 JavaThread "Service Thread" daemon [_thread_blocked, id=25712, stack(0x0000002166200000,0x0000002166300000)]
  0x000002057eeddca0 JavaThread "Monitor Deflation Thread" daemon [_thread_blocked, id=24832, stack(0x0000002166300000,0x0000002166400000)]
=>0x0000020515065010 JavaThread "C2 CompilerThread0" daemon [_thread_in_native, id=3884, stack(0x0000002166400000,0x0000002166500000)]
  0x00000205150cb740 JavaThread "C1 CompilerThread0" daemon [_thread_blocked, id=26052, stack(0x0000002166500000,0x0000002166600000)]
  0x00000205150d0420 JavaThread "Sweeper thread" daemon [_thread_blocked, id=24348, stack(0x0000002166600000,0x0000002166700000)]
  0x000002051519b030 JavaThread "Common-Cleaner" daemon [_thread_blocked, id=17768, stack(0x0000002166700000,0x0000002166800000)]
  0x00000205152d2fc0 JavaThread "Notification Thread" daemon [_thread_blocked, id=6608, stack(0x0000002166800000,0x0000002166900000)]
  0x00000205165d8790 JavaThread "Active Thread: Equinox Container: d900d09a-1193-4985-a8ef-aa39d0312eb9" [_thread_blocked, id=17652, stack(0x0000002167000000,0x0000002167100000)]
  0x0000020516860fc0 JavaThread "Framework Event Dispatcher: Equinox Container: d900d09a-1193-4985-a8ef-aa39d0312eb9" daemon [_thread_blocked, id=18536, stack(0x0000002167200000,0x0000002167300000)]
  0x000002051680e880 JavaThread "Start Level: Equinox Container: d900d09a-1193-4985-a8ef-aa39d0312eb9" daemon [_thread_blocked, id=27424, stack(0x0000002167300000,0x0000002167400000)]
  0x00000205167486c0 JavaThread "SCR Component Actor" daemon [_thread_blocked, id=27392, stack(0x0000002167400000,0x0000002167500000)]
  0x0000020516178930 JavaThread "Worker-JM" [_thread_blocked, id=9176, stack(0x0000002167600000,0x0000002167700000)]
  0x000002051617a790 JavaThread "Worker-0" [_thread_blocked, id=7252, stack(0x0000002167900000,0x0000002167a00000)]
  0x000002051617aca0 JavaThread "Worker-1: Shutdown..." [_thread_in_Java, id=14328, stack(0x0000002167800000,0x0000002167900000)]
  0x0000020516179860 JavaThread "JNA Cleaner" daemon [_thread_blocked, id=12956, stack(0x0000002167500000,0x0000002167600000)]
  0x000002051617bbd0 JavaThread "Thread-2" daemon [_thread_in_native, id=4612, stack(0x0000002167b00000,0x0000002167c00000)]
  0x0000020516179350 JavaThread "Thread-3" daemon [_thread_in_native, id=11428, stack(0x0000002167c00000,0x0000002167d00000)]
  0x0000020516179d70 JavaThread "Thread-4" daemon [_thread_in_native, id=2844, stack(0x0000002167d00000,0x0000002167e00000)]
  0x000002051617c0e0 JavaThread "Thread-5" daemon [_thread_in_native, id=10588, stack(0x0000002167e00000,0x0000002167f00000)]
  0x000002051617a280 JavaThread "Thread-6" daemon [_thread_in_native, id=5096, stack(0x0000002167f00000,0x0000002168000000)]
  0x000002051617b1b0 JavaThread "Thread-7" daemon [_thread_in_native, id=9132, stack(0x0000002168000000,0x0000002168100000)]
  0x000002051628f230 JavaThread "Thread-8" daemon [_thread_in_native, id=14948, stack(0x0000002168100000,0x0000002168200000)]
  0x000002051628e810 JavaThread "Thread-9" daemon [_thread_in_native, id=11332, stack(0x0000002168200000,0x0000002168300000)]
  0x000002051628d3d0 JavaThread "Thread-10" daemon [_thread_in_native, id=25040, stack(0x0000002168300000,0x0000002168400000)]
  0x0000020516293910 JavaThread "pool-2-thread-1" [_thread_blocked, id=20700, stack(0x0000002168400000,0x0000002168500000)]
  0x0000020516294330 JavaThread "WorkspaceEventsHandler" [_thread_blocked, id=21920, stack(0x0000002168500000,0x0000002168600000)]
  0x00000205162915a0 JavaThread "pool-1-thread-1" [_thread_blocked, id=16308, stack(0x0000002168600000,0x0000002168700000)]
  0x000002051628d8e0 JavaThread "ForkJoinPool.commonPool-worker-1" daemon [_thread_blocked, id=4876, stack(0x0000002168700000,0x0000002168800000)]
  0x000002051628cec0 JavaThread "ForkJoinPool.commonPool-worker-2" daemon [_thread_blocked, id=23884, stack(0x0000002168800000,0x0000002168900000)]
  0x0000020516294840 JavaThread "ForkJoinPool.commonPool-worker-3" daemon [_thread_blocked, id=18072, stack(0x0000002168900000,0x0000002168a00000)]
  0x0000020516290670 JavaThread "ForkJoinPool.commonPool-worker-4" daemon [_thread_blocked, id=18380, stack(0x0000002168a00000,0x0000002168b00000)]
  0x000002051628fc50 JavaThread "Worker-2" [_thread_blocked, id=4528, stack(0x0000002168d00000,0x0000002168e00000)]
  0x0000020516290b80 JavaThread "pool-3-thread-1" [_thread_blocked, id=24296, stack(0x0000002165900000,0x0000002165a00000)]
  0x00000205168d6c10 JavaThread "C2 CompilerThread1" daemon [_thread_in_native, id=24252, stack(0x0000002165a00000,0x0000002165b00000)]

Other Threads:
  0x0000020515041650 VMThread "VM Thread" [stack: 0x0000002165d00000,0x0000002165e00000] [id=6300]
  0x00000205152d2920 WatcherThread [stack: 0x0000002166900000,0x0000002166a00000] [id=25456]
  0x000002057c06a3f0 GCTaskThread "GC Thread#0" [stack: 0x0000002165c00000,0x0000002165d00000] [id=16392]
  0x00000205163fff60 GCTaskThread "GC Thread#1" [stack: 0x0000002166a00000,0x0000002166b00000] [id=26768]
  0x00000205167ef4c0 GCTaskThread "GC Thread#2" [stack: 0x0000002166b00000,0x0000002166c00000] [id=1668]
  0x0000020516555c30 GCTaskThread "GC Thread#3" [stack: 0x0000002166c00000,0x0000002166d00000] [id=12316]
  0x0000020516555ef0 GCTaskThread "GC Thread#4" [stack: 0x0000002166d00000,0x0000002166e00000] [id=1664]
  0x000002051628c310 GCTaskThread "GC Thread#5" [stack: 0x0000002166e00000,0x0000002166f00000] [id=14404]
  0x000002051628c5d0 GCTaskThread "GC Thread#6" [stack: 0x0000002166f00000,0x0000002167000000] [id=24396]
  0x00000205164fdbd0 GCTaskThread "GC Thread#7" [stack: 0x0000002167100000,0x0000002167200000] [id=24552]

Threads with active compile tasks:
C2 CompilerThread0    69067 6474       4       org.eclipse.core.runtime.Path::equals (124 bytes)
C2 CompilerThread1    69067 6476       4       org.eclipse.core.internal.dtree.DataTreeWriter::writeNode (182 bytes)

VM state: not at safepoint (normal execution)

VM Mutex/Monitor currently owned by a thread: None

Heap address: 0x00000000c0000000, size: 1024 MB, Compressed Oops mode: 32-bit

CDS archive(s) not mapped
Compressed class space mapped at: 0x0000000100000000-0x0000000140000000, reserved size: 1073741824
Narrow klass base: 0x0000000000000000, Narrow klass shift: 3, Narrow klass range: 0x140000000

GC Precious Log:
 CPUs: 8 total, 8 available
 Memory: 11968M
 Large Page Support: Disabled
 NUMA Support: Disabled
 Compressed Oops: Enabled (32-bit)
 Alignments: Space 512K, Generation 512K, Heap 2M
 Heap Min Capacity: 100M
 Heap Initial Capacity: 100M
 Heap Max Capacity: 1G
 Pre-touch: Disabled
 Parallel Workers: 8

Heap:
 PSYoungGen      total 17408K, used 11089K [0x00000000eab00000, 0x00000000ecb80000, 0x0000000100000000)
  eden space 15872K, 60% used [0x00000000eab00000,0x00000000eb457298,0x00000000eba80000)
  from space 1536K, 99% used [0x00000000ec100000,0x00000000ec27d418,0x00000000ec280000)
  to   space 6656K, 0% used [0x00000000eba80000,0x00000000eba80000,0x00000000ec100000)
 ParOldGen       total 68608K, used 40229K [0x00000000c0000000, 0x00000000c4300000, 0x00000000eab00000)
  object space 68608K, 58% used [0x00000000c0000000,0x00000000c2749420,0x00000000c4300000)
 Metaspace       used 49719K, committed 50624K, reserved 1114112K
  class space    used 4900K, committed 5312K, reserved 1048576K

Card table byte_map: [0x000002057ba10000,0x000002057bc20000] _byte_map_base: 0x000002057b410000

Marking Bits: (ParMarkBitMap*) 0x00007fff836ad820
 Begin Bits: [0x000002050f000000, 0x0000020510000000)
 End Bits:   [0x0000020510000000, 0x0000020511000000)

Polling page: 0x000002057b800000

Metaspace:

Usage:
  Non-class:     43.77 MB used.
      Class:      4.79 MB used.
       Both:     48.55 MB used.

Virtual space:
  Non-class space:       64.00 MB reserved,      44.25 MB ( 69%) committed,  1 nodes.
      Class space:        1.00 GB reserved,       5.19 MB ( <1%) committed,  1 nodes.
             Both:        1.06 GB reserved,      49.44 MB (  5%) committed. 

Chunk freelists:
   Non-Class:  3.67 MB
       Class:  10.84 MB
        Both:  14.52 MB

MaxMetaspaceSize: unlimited
CompressedClassSpaceSize: 1.00 GB
Initial GC threshold: 21.00 MB
Current GC threshold: 58.38 MB
CDS: off
MetaspaceReclaimPolicy: balanced
 - commit_granule_bytes: 65536.
 - commit_granule_words: 8192.
 - virtual_space_node_default_size: 8388608.
 - enlarge_chunks_in_place: 1.
 - new_chunks_are_fully_committed: 0.
 - uncommit_free_chunks: 1.
 - use_allocation_guard: 0.
 - handle_deallocations: 1.


Internal statistics:

num_allocs_failed_limit: 6.
num_arena_births: 496.
num_arena_deaths: 14.
num_vsnodes_births: 2.
num_vsnodes_deaths: 0.
num_space_committed: 791.
num_space_uncommitted: 0.
num_chunks_returned_to_freelist: 20.
num_chunks_taken_from_freelist: 2253.
num_chunk_merges: 8.
num_chunk_splits: 1434.
num_chunks_enlarged: 931.
num_inconsistent_stats: 0.

CodeHeap 'non-profiled nmethods': size=120000Kb used=4825Kb max_used=4825Kb free=115174Kb
 bounds [0x0000020507ad0000, 0x0000020507f90000, 0x000002050f000000]
CodeHeap 'profiled nmethods': size=120000Kb used=12584Kb max_used=12584Kb free=107415Kb
 bounds [0x0000020500000000, 0x0000020500c50000, 0x0000020507530000]
CodeHeap 'non-nmethods': size=5760Kb used=1359Kb max_used=1440Kb free=4401Kb
 bounds [0x0000020507530000, 0x00000205077a0000, 0x0000020507ad0000]
 total_blobs=6298 nmethods=5611 adapters=600
 compilation: enabled
              stopped_count=0, restarted_count=0
 full_count=0

Compilation events (20 events):
Event: 68.959 Thread 0x00000205150cb740 nmethod 6462 0x0000020500c48d10 code [0x0000020500c48ea0, 0x0000020500c48fe8]
Event: 68.959 Thread 0x00000205150cb740 6465       3       org.eclipse.core.internal.dtree.DataTreeWriter::writeNode (182 bytes)
Event: 68.960 Thread 0x00000205150cb740 nmethod 6465 0x0000020500c49090 code [0x0000020500c49320, 0x0000020500c49fc8]
Event: 68.960 Thread 0x00000205150cb740 6463  s    3       java.io.DataOutputStream::write (16 bytes)
Event: 68.961 Thread 0x00000205150cb740 nmethod 6463 0x0000020500c4a390 code [0x0000020500c4a540, 0x0000020500c4a868]
Event: 68.961 Thread 0x00000205150cb740 6464       3       org.eclipse.core.internal.resources.ResourceInfo::getContentId (8 bytes)
Event: 68.961 Thread 0x00000205150cb740 nmethod 6464 0x0000020500c4a990 code [0x0000020500c4ab20, 0x0000020500c4ac38]
Event: 68.961 Thread 0x00000205150cb740 6466       3       org.eclipse.core.internal.watson.ElementTreeWriter$1::writeData (25 bytes)
Event: 68.961 Thread 0x00000205150cb740 nmethod 6466 0x0000020500c4ad10 code [0x0000020500c4aec0, 0x0000020500c4b0d8]
Event: 68.961 Thread 0x00000205150cb740 6467       3       org.eclipse.core.internal.resources.SaveManager::writeElement (36 bytes)
Event: 68.962 Thread 0x00000205150cb740 nmethod 6467 0x0000020500c4b210 code [0x0000020500c4b480, 0x0000020500c4bf38]
Event: 68.962 Thread 0x00000205150cb740 6468       3       org.eclipse.core.internal.resources.ResourceInfo::writeTo (41 bytes)
Event: 68.962 Thread 0x00000205150cb740 nmethod 6468 0x0000020500c4c390 code [0x0000020500c4c560, 0x0000020500c4ca78]
Event: 68.968 Thread 0x0000020515065010 nmethod 6461 0x0000020507f81590 code [0x0000020507f81740, 0x0000020507f81d08]
Event: 68.969 Thread 0x0000020515065010 6469       4       java.io.DataOutputStream::writeUTF (411 bytes)
Event: 69.002 Thread 0x0000020515065010 nmethod 6469 0x0000020507f82090 code [0x0000020507f82280, 0x0000020507f831a8]
Event: 69.003 Thread 0x0000020515065010 6470       4       java.io.DataOutputStream::writeByte (14 bytes)
Event: 69.010 Thread 0x0000020515065010 nmethod 6470 0x0000020507f83a90 code [0x0000020507f83c40, 0x0000020507f84048]
Event: 69.011 Thread 0x0000020515065010 6474       4       org.eclipse.core.runtime.Path::equals (124 bytes)
Event: 69.011 Thread 0x00000205168d6c10 6471       4       org.eclipse.core.internal.dtree.DataTreeWriter::writeNumber (47 bytes)

GC Heap History (20 events):
Event: 24.598 GC heap before
{Heap before GC invocations=21 (full 2):
 PSYoungGen      total 22016K, used 21987K [0x00000000eab00000, 0x00000000ec680000, 0x0000000100000000)
  eden space 20480K, 100% used [0x00000000eab00000,0x00000000ebf00000,0x00000000ebf00000)
  from space 1536K, 98% used [0x00000000ec200000,0x00000000ec378c90,0x00000000ec380000)
  to   space 3072K, 0% used [0x00000000ebf00000,0x00000000ebf00000,0x00000000ec200000)
 ParOldGen       total 68608K, used 27347K [0x00000000c0000000, 0x00000000c4300000, 0x00000000eab00000)
  object space 68608K, 39% used [0x00000000c0000000,0x00000000c1ab4d80,0x00000000c4300000)
 Metaspace       used 41025K, committed 41792K, reserved 1114112K
  class space    used 4096K, committed 4416K, reserved 1048576K
}
Event: 24.600 GC heap after
{Heap after GC invocations=21 (full 2):
 PSYoungGen      total 20992K, used 96K [0x00000000eab00000, 0x00000000ec280000, 0x0000000100000000)
  eden space 20480K, 0% used [0x00000000eab00000,0x00000000eab00000,0x00000000ebf00000)
  from space 512K, 18% used [0x00000000ebf00000,0x00000000ebf18000,0x00000000ebf80000)
  to   space 1024K, 0% used [0x00000000ec180000,0x00000000ec180000,0x00000000ec280000)
 ParOldGen       total 68608K, used 27905K [0x00000000c0000000, 0x00000000c4300000, 0x00000000eab00000)
  object space 68608K, 40% used [0x00000000c0000000,0x00000000c1b40488,0x00000000c4300000)
 Metaspace       used 41025K, committed 41792K, reserved 1114112K
  class space    used 4096K, committed 4416K, reserved 1048576K
}
Event: 27.531 GC heap before
{Heap before GC invocations=22 (full 2):
 PSYoungGen      total 20992K, used 20576K [0x00000000eab00000, 0x00000000ec280000, 0x0000000100000000)
  eden space 20480K, 100% used [0x00000000eab00000,0x00000000ebf00000,0x00000000ebf00000)
  from space 512K, 18% used [0x00000000ebf00000,0x00000000ebf18000,0x00000000ebf80000)
  to   space 1024K, 0% used [0x00000000ec180000,0x00000000ec180000,0x00000000ec280000)
 ParOldGen       total 68608K, used 27905K [0x00000000c0000000, 0x00000000c4300000, 0x00000000eab00000)
  object space 68608K, 40% used [0x00000000c0000000,0x00000000c1b40488,0x00000000c4300000)
 Metaspace       used 42435K, committed 43136K, reserved 1114112K
  class space    used 4276K, committed 4608K, reserved 1048576K
}
Event: 27.535 GC heap after
{Heap after GC invocations=22 (full 2):
 PSYoungGen      total 21504K, used 562K [0x00000000eab00000, 0x00000000ec280000, 0x0000000100000000)
  eden space 20480K, 0% used [0x00000000eab00000,0x00000000eab00000,0x00000000ebf00000)
  from space 1024K, 54% used [0x00000000ec180000,0x00000000ec20c9a0,0x00000000ec280000)
  to   space 1024K, 0% used [0x00000000ec080000,0x00000000ec080000,0x00000000ec180000)
 ParOldGen       total 68608K, used 27937K [0x00000000c0000000, 0x00000000c4300000, 0x00000000eab00000)
  object space 68608K, 40% used [0x00000000c0000000,0x00000000c1b48488,0x00000000c4300000)
 Metaspace       used 42435K, committed 43136K, reserved 1114112K
  class space    used 4276K, committed 4608K, reserved 1048576K
}
Event: 29.724 GC heap before
{Heap before GC invocations=23 (full 2):
 PSYoungGen      total 21504K, used 21042K [0x00000000eab00000, 0x00000000ec280000, 0x0000000100000000)
  eden space 20480K, 100% used [0x00000000eab00000,0x00000000ebf00000,0x00000000ebf00000)
  from space 1024K, 54% used [0x00000000ec180000,0x00000000ec20c9a0,0x00000000ec280000)
  to   space 1024K, 0% used [0x00000000ec080000,0x00000000ec080000,0x00000000ec180000)
 ParOldGen       total 68608K, used 27937K [0x00000000c0000000, 0x00000000c4300000, 0x00000000eab00000)
  object space 68608K, 40% used [0x00000000c0000000,0x00000000c1b48488,0x00000000c4300000)
 Metaspace       used 43938K, committed 44736K, reserved 1114112K
  class space    used 4414K, committed 4736K, reserved 1048576K
}
Event: 29.727 GC heap after
{Heap after GC invocations=23 (full 2):
 PSYoungGen      total 21504K, used 1018K [0x00000000eab00000, 0x00000000ec200000, 0x0000000100000000)
  eden space 20480K, 0% used [0x00000000eab00000,0x00000000eab00000,0x00000000ebf00000)
  from space 1024K, 99% used [0x00000000ec080000,0x00000000ec17e980,0x00000000ec180000)
  to   space 512K, 0% used [0x00000000ec180000,0x00000000ec180000,0x00000000ec200000)
 ParOldGen       total 68608K, used 28297K [0x00000000c0000000, 0x00000000c4300000, 0x00000000eab00000)
  object space 68608K, 41% used [0x00000000c0000000,0x00000000c1ba2488,0x00000000c4300000)
 Metaspace       used 43938K, committed 44736K, reserved 1114112K
  class space    used 4414K, committed 4736K, reserved 1048576K
}
Event: 31.076 GC heap before
{Heap before GC invocations=24 (full 2):
 PSYoungGen      total 21504K, used 21498K [0x00000000eab00000, 0x00000000ec200000, 0x0000000100000000)
  eden space 20480K, 100% used [0x00000000eab00000,0x00000000ebf00000,0x00000000ebf00000)
  from space 1024K, 99% used [0x00000000ec080000,0x00000000ec17e980,0x00000000ec180000)
  to   space 512K, 0% used [0x00000000ec180000,0x00000000ec180000,0x00000000ec200000)
 ParOldGen       total 68608K, used 28297K [0x00000000c0000000, 0x00000000c4300000, 0x00000000eab00000)
  object space 68608K, 41% used [0x00000000c0000000,0x00000000c1ba2488,0x00000000c4300000)
 Metaspace       used 45048K, committed 45888K, reserved 1114112K
  class space    used 4520K, committed 4864K, reserved 1048576K
}
Event: 31.079 GC heap after
{Heap after GC invocations=24 (full 2):
 PSYoungGen      total 20992K, used 496K [0x00000000eab00000, 0x00000000ec300000, 0x0000000100000000)
  eden space 20480K, 0% used [0x00000000eab00000,0x00000000eab00000,0x00000000ebf00000)
  from space 512K, 96% used [0x00000000ec180000,0x00000000ec1fc030,0x00000000ec200000)
  to   space 2048K, 0% used [0x00000000ebf00000,0x00000000ebf00000,0x00000000ec100000)
 ParOldGen       total 68608K, used 29297K [0x00000000c0000000, 0x00000000c4300000, 0x00000000eab00000)
  object space 68608K, 42% used [0x00000000c0000000,0x00000000c1c9c728,0x00000000c4300000)
 Metaspace       used 45048K, committed 45888K, reserved 1114112K
  class space    used 4520K, committed 4864K, reserved 1048576K
}
Event: 33.146 GC heap before
{Heap before GC invocations=25 (full 2):
 PSYoungGen      total 20992K, used 20976K [0x00000000eab00000, 0x00000000ec300000, 0x0000000100000000)
  eden space 20480K, 100% used [0x00000000eab00000,0x00000000ebf00000,0x00000000ebf00000)
  from space 512K, 96% used [0x00000000ec180000,0x00000000ec1fc030,0x00000000ec200000)
  to   space 2048K, 0% used [0x00000000ebf00000,0x00000000ebf00000,0x00000000ec100000)
 ParOldGen       total 68608K, used 29297K [0x00000000c0000000, 0x00000000c4300000, 0x00000000eab00000)
  object space 68608K, 42% used [0x00000000c0000000,0x00000000c1c9c728,0x00000000c4300000)
 Metaspace       used 45476K, committed 46208K, reserved 1114112K
  class space    used 4545K, committed 4864K, reserved 1048576K
}
Event: 33.155 GC heap after
{Heap after GC invocations=25 (full 2):
 PSYoungGen      total 22528K, used 1585K [0x00000000eab00000, 0x00000000ec300000, 0x0000000100000000)
  eden space 20480K, 0% used [0x00000000eab00000,0x00000000eab00000,0x00000000ebf00000)
  from space 2048K, 77% used [0x00000000ebf00000,0x00000000ec08c5c0,0x00000000ec100000)
  to   space 2048K, 0% used [0x00000000ec100000,0x00000000ec100000,0x00000000ec300000)
 ParOldGen       total 68608K, used 29713K [0x00000000c0000000, 0x00000000c4300000, 0x00000000eab00000)
  object space 68608K, 43% used [0x00000000c0000000,0x00000000c1d04788,0x00000000c4300000)
 Metaspace       used 45476K, committed 46208K, reserved 1114112K
  class space    used 4545K, committed 4864K, reserved 1048576K
}
Event: 33.777 GC heap before
{Heap before GC invocations=26 (full 2):
 PSYoungGen      total 22528K, used 22065K [0x00000000eab00000, 0x00000000ec300000, 0x0000000100000000)
  eden space 20480K, 100% used [0x00000000eab00000,0x00000000ebf00000,0x00000000ebf00000)
  from space 2048K, 77% used [0x00000000ebf00000,0x00000000ec08c5c0,0x00000000ec100000)
  to   space 2048K, 0% used [0x00000000ec100000,0x00000000ec100000,0x00000000ec300000)
 ParOldGen       total 68608K, used 29713K [0x00000000c0000000, 0x00000000c4300000, 0x00000000eab00000)
  object space 68608K, 43% used [0x00000000c0000000,0x00000000c1d04788,0x00000000c4300000)
 Metaspace       used 45477K, committed 46208K, reserved 1114112K
  class space    used 4545K, committed 4864K, reserved 1048576K
}
Event: 33.783 GC heap after
{Heap after GC invocations=26 (full 2):
 PSYoungGen      total 22016K, used 2048K [0x00000000eab00000, 0x00000000ec400000, 0x0000000100000000)
  eden space 19968K, 0% used [0x00000000eab00000,0x00000000eab00000,0x00000000ebe80000)
  from space 2048K, 100% used [0x00000000ec100000,0x00000000ec300000,0x00000000ec300000)
  to   space 2560K, 0% used [0x00000000ebe80000,0x00000000ebe80000,0x00000000ec100000)
 ParOldGen       total 68608K, used 31075K [0x00000000c0000000, 0x00000000c4300000, 0x00000000eab00000)
  object space 68608K, 45% used [0x00000000c0000000,0x00000000c1e58d48,0x00000000c4300000)
 Metaspace       used 45477K, committed 46208K, reserved 1114112K
  class space    used 4545K, committed 4864K, reserved 1048576K
}
Event: 33.887 GC heap before
{Heap before GC invocations=27 (full 2):
 PSYoungGen      total 22016K, used 22016K [0x00000000eab00000, 0x00000000ec400000, 0x0000000100000000)
  eden space 19968K, 100% used [0x00000000eab00000,0x00000000ebe80000,0x00000000ebe80000)
  from space 2048K, 100% used [0x00000000ec100000,0x00000000ec300000,0x00000000ec300000)
  to   space 2560K, 0% used [0x00000000ebe80000,0x00000000ebe80000,0x00000000ec100000)
 ParOldGen       total 68608K, used 31075K [0x00000000c0000000, 0x00000000c4300000, 0x00000000eab00000)
  object space 68608K, 45% used [0x00000000c0000000,0x00000000c1e58d48,0x00000000c4300000)
 Metaspace       used 45478K, committed 46208K, reserved 1114112K
  class space    used 4545K, committed 4864K, reserved 1048576K
}
Event: 33.893 GC heap after
{Heap after GC invocations=27 (full 2):
 PSYoungGen      total 22528K, used 2048K [0x00000000eab00000, 0x00000000ec380000, 0x0000000100000000)
  eden space 19968K, 0% used [0x00000000eab00000,0x00000000eab00000,0x00000000ebe80000)
  from space 2560K, 80% used [0x00000000ebe80000,0x00000000ec080010,0x00000000ec100000)
  to   space 2560K, 0% used [0x00000000ec100000,0x00000000ec100000,0x00000000ec380000)
 ParOldGen       total 68608K, used 32851K [0x00000000c0000000, 0x00000000c4300000, 0x00000000eab00000)
  object space 68608K, 47% used [0x00000000c0000000,0x00000000c2014d48,0x00000000c4300000)
 Metaspace       used 45478K, committed 46208K, reserved 1114112K
  class space    used 4545K, committed 4864K, reserved 1048576K
}
Event: 34.120 GC heap before
{Heap before GC invocations=28 (full 2):
 PSYoungGen      total 22528K, used 22016K [0x00000000eab00000, 0x00000000ec380000, 0x0000000100000000)
  eden space 19968K, 100% used [0x00000000eab00000,0x00000000ebe80000,0x00000000ebe80000)
  from space 2560K, 80% used [0x00000000ebe80000,0x00000000ec080010,0x00000000ec100000)
  to   space 2560K, 0% used [0x00000000ec100000,0x00000000ec100000,0x00000000ec380000)
 ParOldGen       total 68608K, used 32851K [0x00000000c0000000, 0x00000000c4300000, 0x00000000eab00000)
  object space 68608K, 47% used [0x00000000c0000000,0x00000000c2014d48,0x00000000c4300000)
 Metaspace       used 45506K, committed 46208K, reserved 1114112K
  class space    used 4547K, committed 4864K, reserved 1048576K
}
Event: 34.127 GC heap after
{Heap after GC invocations=28 (full 2):
 PSYoungGen      total 22016K, used 1600K [0x00000000eab00000, 0x00000000ec300000, 0x0000000100000000)
  eden space 19968K, 0% used [0x00000000eab00000,0x00000000eab00000,0x00000000ebe80000)
  from space 2048K, 78% used [0x00000000ec100000,0x00000000ec290000,0x00000000ec300000)
  to   space 2048K, 0% used [0x00000000ebf00000,0x00000000ebf00000,0x00000000ec100000)
 ParOldGen       total 68608K, used 34715K [0x00000000c0000000, 0x00000000c4300000, 0x00000000eab00000)
  object space 68608K, 50% used [0x00000000c0000000,0x00000000c21e6d58,0x00000000c4300000)
 Metaspace       used 45506K, committed 46208K, reserved 1114112K
  class space    used 4547K, committed 4864K, reserved 1048576K
}
Event: 35.523 GC heap before
{Heap before GC invocations=29 (full 2):
 PSYoungGen      total 22016K, used 21568K [0x00000000eab00000, 0x00000000ec300000, 0x0000000100000000)
  eden space 19968K, 100% used [0x00000000eab00000,0x00000000ebe80000,0x00000000ebe80000)
  from space 2048K, 78% used [0x00000000ec100000,0x00000000ec290000,0x00000000ec300000)
  to   space 2048K, 0% used [0x00000000ebf00000,0x00000000ebf00000,0x00000000ec100000)
 ParOldGen       total 68608K, used 34715K [0x00000000c0000000, 0x00000000c4300000, 0x00000000eab00000)
  object space 68608K, 50% used [0x00000000c0000000,0x00000000c21e6d58,0x00000000c4300000)
 Metaspace       used 47061K, committed 47872K, reserved 1114112K
  class space    used 4701K, committed 5056K, reserved 1048576K
}
Event: 35.529 GC heap after
{Heap after GC invocations=29 (full 2):
 PSYoungGen      total 22016K, used 1888K [0x00000000eab00000, 0x00000000ec280000, 0x0000000100000000)
  eden space 19968K, 0% used [0x00000000eab00000,0x00000000eab00000,0x00000000ebe80000)
  from space 2048K, 92% used [0x00000000ebf00000,0x00000000ec0d8020,0x00000000ec100000)
  to   space 1536K, 0% used [0x00000000ec100000,0x00000000ec100000,0x00000000ec280000)
 ParOldGen       total 68608K, used 36215K [0x00000000c0000000, 0x00000000c4300000, 0x00000000eab00000)
  object space 68608K, 52% used [0x00000000c0000000,0x00000000c235df58,0x00000000c4300000)
 Metaspace       used 47061K, committed 47872K, reserved 1114112K
  class space    used 4701K, committed 5056K, reserved 1048576K
}
Event: 37.977 GC heap before
{Heap before GC invocations=30 (full 2):
 PSYoungGen      total 22016K, used 21856K [0x00000000eab00000, 0x00000000ec280000, 0x0000000100000000)
  eden space 19968K, 100% used [0x00000000eab00000,0x00000000ebe80000,0x00000000ebe80000)
  from space 2048K, 92% used [0x00000000ebf00000,0x00000000ec0d8020,0x00000000ec100000)
  to   space 1536K, 0% used [0x00000000ec100000,0x00000000ec100000,0x00000000ec280000)
 ParOldGen       total 68608K, used 36215K [0x00000000c0000000, 0x00000000c4300000, 0x00000000eab00000)
  object space 68608K, 52% used [0x00000000c0000000,0x00000000c235df58,0x00000000c4300000)
 Metaspace       used 49164K, committed 49984K, reserved 1114112K
  class space    used 4861K, committed 5248K, reserved 1048576K
}
Event: 37.988 GC heap after
{Heap after GC invocations=30 (full 2):
 PSYoungGen      total 17408K, used 1525K [0x00000000eab00000, 0x00000000ecb80000, 0x0000000100000000)
  eden space 15872K, 0% used [0x00000000eab00000,0x00000000eab00000,0x00000000eba80000)
  from space 1536K, 99% used [0x00000000ec100000,0x00000000ec27d418,0x00000000ec280000)
  to   space 6656K, 0% used [0x00000000eba80000,0x00000000eba80000,0x00000000ec100000)
 ParOldGen       total 68608K, used 40229K [0x00000000c0000000, 0x00000000c4300000, 0x00000000eab00000)
  object space 68608K, 58% used [0x00000000c0000000,0x00000000c2749420,0x00000000c4300000)
 Metaspace       used 49164K, committed 49984K, reserved 1114112K
  class space    used 4861K, committed 5248K, reserved 1048576K
}

Dll operation events (10 events):
Event: 0.029 Loaded shared library c:\Users\d.ngantchou\.vscode\extensions\redhat.java-1.31.0-win32-x64\jre\17.0.11-win32-x86_64\bin\java.dll
Event: 0.606 Loaded shared library c:\Users\d.ngantchou\.vscode\extensions\redhat.java-1.31.0-win32-x64\jre\17.0.11-win32-x86_64\bin\zip.dll
Event: 0.619 Loaded shared library C:\Users\d.ngantchou\.vscode\extensions\redhat.java-1.31.0-win32-x64\jre\17.0.11-win32-x86_64\bin\instrument.dll
Event: 0.700 Loaded shared library C:\Users\d.ngantchou\.vscode\extensions\redhat.java-1.31.0-win32-x64\jre\17.0.11-win32-x86_64\bin\net.dll
Event: 0.719 Loaded shared library C:\Users\d.ngantchou\.vscode\extensions\redhat.java-1.31.0-win32-x64\jre\17.0.11-win32-x86_64\bin\nio.dll
Event: 0.751 Loaded shared library C:\Users\d.ngantchou\.vscode\extensions\redhat.java-1.31.0-win32-x64\jre\17.0.11-win32-x86_64\bin\zip.dll
Event: 0.820 Loaded shared library C:\Users\d.ngantchou\.vscode\extensions\redhat.java-1.31.0-win32-x64\jre\17.0.11-win32-x86_64\bin\jimage.dll
Event: 1.072 Loaded shared library c:\Users\d.ngantchou\.vscode\extensions\redhat.java-1.31.0-win32-x64\jre\17.0.11-win32-x86_64\bin\verify.dll
Event: 6.480 Loaded shared library C:\Users\d.ngantchou\AppData\Roaming\Code\User\globalStorage\redhat.java\1.31.0\config_ss_win\org.eclipse.equinox.launcher\org.eclipse.equinox.launcher.win32.win32.x86_64_1.2.1000.v20240507-1834\eclipse_11902.dll
Event: 16.643 Loaded shared library C:\Users\d.ngantchou\AppData\Local\Temp\jna-1561045647\jna357335447676863156.dll

Deoptimization events (20 events):
Event: 68.884 Thread 0x000002051617aca0 Uncommon trap: trap_request=0xffffffde fr.pc=0x0000020507cc37d0 relative=0x0000000000000b50
Event: 68.884 Thread 0x000002051617aca0 Uncommon trap: reason=class_check action=maybe_recompile pc=0x0000020507cc37d0 method=java.util.Spliterators$1Adapter.hasNext()Z @ 12 c2
Event: 68.884 Thread 0x000002051617aca0 DEOPT PACKING pc=0x0000020507cc37d0 sp=0x00000021678fe8e0
Event: 68.884 Thread 0x000002051617aca0 DEOPT UNPACKING pc=0x0000020507589ea3 sp=0x00000021678fe8a8 mode 2
Event: 68.885 Thread 0x000002051617aca0 Uncommon trap: trap_request=0xffffffde fr.pc=0x0000020507cc37d0 relative=0x0000000000000b50
Event: 68.885 Thread 0x000002051617aca0 Uncommon trap: reason=class_check action=maybe_recompile pc=0x0000020507cc37d0 method=java.util.Spliterators$1Adapter.hasNext()Z @ 12 c2
Event: 68.885 Thread 0x000002051617aca0 DEOPT PACKING pc=0x0000020507cc37d0 sp=0x00000021678fe8f0
Event: 68.885 Thread 0x000002051617aca0 DEOPT UNPACKING pc=0x0000020507589ea3 sp=0x00000021678fe8b8 mode 2
Event: 68.885 Thread 0x000002051617aca0 Uncommon trap: trap_request=0xffffffde fr.pc=0x0000020507cc37d0 relative=0x0000000000000b50
Event: 68.885 Thread 0x000002051617aca0 Uncommon trap: reason=class_check action=maybe_recompile pc=0x0000020507cc37d0 method=java.util.Spliterators$1Adapter.hasNext()Z @ 12 c2
Event: 68.885 Thread 0x000002051617aca0 DEOPT PACKING pc=0x0000020507cc37d0 sp=0x00000021678fe8f0
Event: 68.885 Thread 0x000002051617aca0 DEOPT UNPACKING pc=0x0000020507589ea3 sp=0x00000021678fe8b8 mode 2
Event: 68.895 Thread 0x000002051617aca0 Uncommon trap: trap_request=0xffffff45 fr.pc=0x0000020507ee56a8 relative=0x0000000000002808
Event: 68.895 Thread 0x000002051617aca0 Uncommon trap: reason=unstable_if action=reinterpret pc=0x0000020507ee56a8 method=org.eclipse.jdt.internal.core.JavaModelCache.getInfo(Lorg/eclipse/jdt/core/IJavaElement;)Lorg/eclipse/jdt/internal/compiler/env/IElementInfo; @ 6 c2
Event: 68.895 Thread 0x000002051617aca0 DEOPT PACKING pc=0x0000020507ee56a8 sp=0x00000021678feb20
Event: 68.895 Thread 0x000002051617aca0 DEOPT UNPACKING pc=0x0000020507589ea3 sp=0x00000021678feb18 mode 2
Event: 68.955 Thread 0x000002051617aca0 Uncommon trap: trap_request=0xffffff45 fr.pc=0x0000020507f809e8 relative=0x00000000000001e8
Event: 68.955 Thread 0x000002051617aca0 Uncommon trap: reason=unstable_if action=reinterpret pc=0x0000020507f809e8 method=java.io.BufferedOutputStream.write(I)V @ 9 c2
Event: 68.955 Thread 0x000002051617aca0 DEOPT PACKING pc=0x0000020507f809e8 sp=0x00000021678fe4e0
Event: 68.955 Thread 0x000002051617aca0 DEOPT UNPACKING pc=0x0000020507589ea3 sp=0x00000021678fe488 mode 2

Classes unloaded (7 events):
Event: 9.637 Thread 0x0000020515041650 Unloading class 0x0000000100212400 'java/lang/invoke/LambdaForm$MH+0x0000000100212400'
Event: 9.637 Thread 0x0000020515041650 Unloading class 0x0000000100212000 'java/lang/invoke/LambdaForm$MH+0x0000000100212000'
Event: 9.637 Thread 0x0000020515041650 Unloading class 0x0000000100211c00 'java/lang/invoke/LambdaForm$MH+0x0000000100211c00'
Event: 9.637 Thread 0x0000020515041650 Unloading class 0x0000000100211800 'java/lang/invoke/LambdaForm$MH+0x0000000100211800'
Event: 9.637 Thread 0x0000020515041650 Unloading class 0x0000000100211400 'java/lang/invoke/LambdaForm$BMH+0x0000000100211400'
Event: 9.637 Thread 0x0000020515041650 Unloading class 0x0000000100211000 'java/lang/invoke/LambdaForm$DMH+0x0000000100211000'
Event: 9.637 Thread 0x0000020515041650 Unloading class 0x000000010020c400 'java/lang/invoke/LambdaForm$DMH+0x000000010020c400'

Classes redefined (0 events):
No events

Internal exceptions (20 events):
Event: 28.363 Thread 0x00000205162915a0 Implicit null exception at 0x0000020507c1d54c to 0x0000020507c1e1f4
Event: 29.870 Thread 0x000002051628cec0 Exception <a 'java/lang/LinkageError'{0x00000000eace3df0}: loader lombok.launch.ShadowClassLoader @445e18dc attempted duplicate class definition for lombok.launch.PatchFixesHider$FieldInitializer. (lombok.launch.PatchFixesHider$FieldInitializer is in unnamed module of loader lombok.launch.ShadowClassLoader @445e18dc, parent loader org.eclipse.osgi.internal.loader.EquinoxClassLoader @1f915f8d)> (0x00000000eace3df0) 
thrown [s\src\hotspot\share\classfile\systemDictionary.cpp, line 1723]
Event: 29.963 Thread 0x000002051628cec0 Exception <a 'java/lang/LinkageError'{0x00000000eaddf650}: loader lombok.launch.ShadowClassLoader @445e18dc attempted duplicate class definition for lombok.launch.PatchFixesHider$PatchFixes. (lombok.launch.PatchFixesHider$PatchFixes is in unnamed module of loader lombok.launch.ShadowClassLoader @445e18dc, parent loader org.eclipse.osgi.internal.loader.EquinoxClassLoader @1f915f8d)> (0x00000000eaddf650) 
thrown [s\src\hotspot\share\classfile\systemDictionary.cpp, line 1723]
Event: 30.612 Thread 0x000002051628d8e0 Implicit null exception at 0x0000020507d50c75 to 0x0000020507d51e04
Event: 31.714 Thread 0x000002051628cec0 Exception <a 'java/lang/NoSuchMethodError'{0x00000000eb04c038}: 'int java.lang.invoke.DirectMethodHandle$Holder.invokeVirtual(java.lang.Object, java.lang.Object)'> (0x00000000eb04c038) 
thrown [s\src\hotspot\share\interpreter\linkResolver.cpp, line 759]
Event: 34.756 Thread 0x000002051617a790 Exception <a 'java/lang/NoSuchMethodError'{0x00000000eb4f3030}: 'int java.lang.invoke.DirectMethodHandle$Holder.invokeStatic(java.lang.Object, java.lang.Object, java.lang.Object, int)'> (0x00000000eb4f3030) 
thrown [s\src\hotspot\share\interpreter\linkResolver.cpp, line 759]
Event: 34.839 Thread 0x000002051617a790 Exception <a 'java/lang/NoSuchMethodError'{0x00000000eb6b3e60}: 'int java.lang.invoke.DirectMethodHandle$Holder.invokeVirtual(java.lang.Object, java.lang.Object, java.lang.Object)'> (0x00000000eb6b3e60) 
thrown [s\src\hotspot\share\interpreter\linkResolver.cpp, line 759]
Event: 34.896 Thread 0x000002051617a790 Exception <a 'java/lang/NoSuchMethodError'{0x00000000eb6dfaa0}: 'int java.lang.invoke.DirectMethodHandle$Holder.invokeSpecialIFC(java.lang.Object, java.lang.Object, java.lang.Object)'> (0x00000000eb6dfaa0) 
thrown [s\src\hotspot\share\interpreter\linkResolver.cpp, line 759]
Event: 34.988 Thread 0x000002051617a790 Implicit null exception at 0x0000020507e68d84 to 0x0000020507e6a060
Event: 35.070 Thread 0x000002051628cec0 Exception <a 'java/lang/NoSuchMethodError'{0x00000000eb9d9ec8}: 'int java.lang.invoke.DirectMethodHandle$Holder.invokeInterface(java.lang.Object, java.lang.Object)'> (0x00000000eb9d9ec8) 
thrown [s\src\hotspot\share\interpreter\linkResolver.cpp, line 759]
Event: 35.071 Thread 0x000002051628cec0 Exception <a 'java/lang/IncompatibleClassChangeError'{0x00000000eb9dd458}: Found class java.lang.Object, but interface was expected> (0x00000000eb9dd458) 
thrown [s\src\hotspot\share\interpreter\linkResolver.cpp, line 826]
Event: 35.075 Thread 0x000002051617a790 Implicit null exception at 0x0000020507d2f49b to 0x0000020507d2f658
Event: 35.396 Thread 0x000002051628cec0 Implicit null exception at 0x0000020507d861c7 to 0x0000020507d8634e
Event: 35.399 Thread 0x000002051628cec0 Exception <a 'java/io/FileNotFoundException'{0x00000000ebcf6418}> (0x00000000ebcf6418) 
thrown [s\src\hotspot\share\prims\jni.cpp, line 516]
Event: 35.400 Thread 0x000002051628cec0 Exception <a 'java/io/FileNotFoundException'{0x00000000ebcf7bf0}> (0x00000000ebcf7bf0) 
thrown [s\src\hotspot\share\prims\jni.cpp, line 516]
Event: 35.400 Thread 0x000002051628cec0 Implicit null exception at 0x0000020507d54931 to 0x0000020507d56468
Event: 35.761 Thread 0x000002051628cec0 Implicit null exception at 0x0000020507e0ea75 to 0x0000020507e0edac
Event: 38.426 Thread 0x000002051617a790 Exception <a 'java/io/FileNotFoundException'{0x00000000eacfcb38}> (0x00000000eacfcb38) 
thrown [s\src\hotspot\share\prims\jni.cpp, line 516]
Event: 38.427 Thread 0x000002051617a790 Exception <a 'java/io/FileNotFoundException'{0x00000000eacfdb70}> (0x00000000eacfdb70) 
thrown [s\src\hotspot\share\prims\jni.cpp, line 516]
Event: 38.427 Thread 0x000002051617a790 Exception <a 'java/io/FileNotFoundException'{0x00000000eacfee30}> (0x00000000eacfee30) 
thrown [s\src\hotspot\share\prims\jni.cpp, line 516]

VM Operations (20 events):
Event: 35.653 Executing VM operation: HandshakeAllThreads
Event: 35.677 Executing VM operation: HandshakeAllThreads done
Event: 35.767 Executing VM operation: HandshakeAllThreads
Event: 36.265 Executing VM operation: HandshakeAllThreads done
Event: 36.279 Executing VM operation: HandshakeAllThreads
Event: 36.296 Executing VM operation: HandshakeAllThreads done
Event: 36.417 Executing VM operation: ICBufferFull
Event: 36.418 Executing VM operation: ICBufferFull done
Event: 37.268 Executing VM operation: ICBufferFull
Event: 37.295 Executing VM operation: ICBufferFull done
Event: 37.972 Executing VM operation: ParallelGCFailedAllocation
Event: 37.994 Executing VM operation: ParallelGCFailedAllocation done
Event: 38.995 Executing VM operation: Cleanup
Event: 39.042 Executing VM operation: Cleanup done
Event: 40.050 Executing VM operation: Cleanup
Event: 40.050 Executing VM operation: Cleanup done
Event: 42.059 Executing VM operation: Cleanup
Event: 42.059 Executing VM operation: Cleanup done
Event: 60.094 Executing VM operation: HandshakeAllThreads
Event: 60.094 Executing VM operation: HandshakeAllThreads done

Events (20 events):
Event: 68.928 loading class java/util/stream/Nodes$CollectorTask$OfRef done
Event: 68.929 loading class java/util/function/LongFunction
Event: 68.929 loading class java/util/function/LongFunction done
Event: 68.930 loading class java/util/stream/Nodes$ConcNode
Event: 68.930 loading class java/util/stream/Nodes$AbstractConcNode
Event: 68.930 loading class java/util/stream/Nodes$AbstractConcNode done
Event: 68.930 loading class java/util/stream/Nodes$ConcNode done
Event: 68.932 Thread 0x0000020516292ef0 Thread added: 0x0000020516292ef0
Event: 68.933 loading class java/util/stream/Nodes$ToArrayTask$OfRef
Event: 68.933 loading class java/util/stream/Nodes$ToArrayTask
Event: 68.933 loading class java/util/stream/Nodes$ToArrayTask done
Event: 68.933 loading class java/util/stream/Nodes$ToArrayTask$OfRef done
Event: 68.934 Thread 0x000002051628f740 Thread exited: 0x000002051628f740
Event: 68.934 Thread 0x0000020516292ef0 Thread exited: 0x0000020516292ef0
Event: 68.940 loading class java/util/concurrent/Executors$DelegatedScheduledExecutorService
Event: 68.940 loading class java/util/concurrent/Executors$DelegatedExecutorService
Event: 68.940 loading class java/util/concurrent/Executors$DelegatedExecutorService done
Event: 68.940 loading class java/util/concurrent/Executors$DelegatedScheduledExecutorService done
Event: 68.941 Thread 0x0000020516290b80 Thread added: 0x0000020516290b80
Event: 69.010 Thread 0x00000205168d6c10 Thread added: 0x00000205168d6c10


Dynamic libraries:
0x00007ff7467f0000 - 0x00007ff7467fe000 	c:\Users\d.ngantchou\.vscode\extensions\redhat.java-1.31.0-win32-x64\jre\17.0.11-win32-x86_64\bin\java.exe
0x00007fffefbd0000 - 0x00007fffefdc8000 	C:\Windows\SYSTEM32\ntdll.dll
0x00007fffef550000 - 0x00007fffef60d000 	C:\Windows\System32\KERNEL32.DLL
0x00007fffed730000 - 0x00007fffeda26000 	C:\Windows\System32\KERNELBASE.dll
0x00007fffe5a60000 - 0x00007fffe5af0000 	C:\Windows\SYSTEM32\apphelp.dll
0x00007fffedb10000 - 0x00007fffedc10000 	C:\Windows\System32\ucrtbase.dll
0x00007fffca210000 - 0x00007fffca227000 	c:\Users\d.ngantchou\.vscode\extensions\redhat.java-1.31.0-win32-x64\jre\17.0.11-win32-x86_64\bin\jli.dll
0x00007fffef710000 - 0x00007fffef8af000 	C:\Windows\System32\USER32.dll
0x00007fffeda30000 - 0x00007fffeda52000 	C:\Windows\System32\win32u.dll
0x00007fffeedf0000 - 0x00007fffeee1b000 	C:\Windows\System32\GDI32.dll
0x00007fffed290000 - 0x00007fffed3a7000 	C:\Windows\System32\gdi32full.dll
0x00007fffed5d0000 - 0x00007fffed66d000 	C:\Windows\System32\msvcp_win.dll
0x00007fffceea0000 - 0x00007fffceebb000 	c:\Users\d.ngantchou\.vscode\extensions\redhat.java-1.31.0-win32-x64\jre\17.0.11-win32-x86_64\bin\VCRUNTIME140.dll
0x00007fffd0ab0000 - 0x00007fffd0d4a000 	C:\Windows\WinSxS\amd64_microsoft.windows.common-controls_6595b64144ccf1df_6.0.19041.4355_none_60b8b9eb71f62e16\COMCTL32.dll
0x00007fffef610000 - 0x00007fffef6ae000 	C:\Windows\System32\msvcrt.dll
0x00007fffee4f0000 - 0x00007fffee51f000 	C:\Windows\System32\IMM32.DLL
0x00007fffe5820000 - 0x00007fffe582c000 	c:\Users\d.ngantchou\.vscode\extensions\redhat.java-1.31.0-win32-x64\jre\17.0.11-win32-x86_64\bin\vcruntime140_1.dll
0x00007fffaece0000 - 0x00007fffaed6d000 	c:\Users\d.ngantchou\.vscode\extensions\redhat.java-1.31.0-win32-x64\jre\17.0.11-win32-x86_64\bin\msvcp140.dll
0x00007fff82b10000 - 0x00007fff83772000 	c:\Users\d.ngantchou\.vscode\extensions\redhat.java-1.31.0-win32-x64\jre\17.0.11-win32-x86_64\bin\server\jvm.dll
0x00007fffefa60000 - 0x00007fffefb10000 	C:\Windows\System32\ADVAPI32.dll
0x00007fffedc10000 - 0x00007fffedcb0000 	C:\Windows\System32\sechost.dll
0x00007fffeee90000 - 0x00007fffeefb3000 	C:\Windows\System32\RPCRT4.dll
0x00007fffed5a0000 - 0x00007fffed5c7000 	C:\Windows\System32\bcrypt.dll
0x00007fffecbc0000 - 0x00007fffecc0b000 	C:\Windows\SYSTEM32\POWRPROF.dll
0x00007fffc9540000 - 0x00007fffc9549000 	C:\Windows\SYSTEM32\WSOCK32.dll
0x00007fffeecf0000 - 0x00007fffeed5b000 	C:\Windows\System32\WS2_32.dll
0x00007fffdd790000 - 0x00007fffdd7b7000 	C:\Windows\SYSTEM32\WINMM.dll
0x00007fffe35d0000 - 0x00007fffe35da000 	C:\Windows\SYSTEM32\VERSION.dll
0x00007fffecba0000 - 0x00007fffecbb2000 	C:\Windows\SYSTEM32\UMPDC.dll
0x00007fffeb8a0000 - 0x00007fffeb8b2000 	C:\Windows\SYSTEM32\kernel.appcore.dll
0x00007fffe1f20000 - 0x00007fffe1f2a000 	c:\Users\d.ngantchou\.vscode\extensions\redhat.java-1.31.0-win32-x64\jre\17.0.11-win32-x86_64\bin\jimage.dll
0x00007fffeacd0000 - 0x00007fffeaeb4000 	C:\Windows\SYSTEM32\DBGHELP.DLL
0x00007fffc8d00000 - 0x00007fffc8d34000 	C:\Windows\SYSTEM32\dbgcore.DLL
0x00007fffed3b0000 - 0x00007fffed432000 	C:\Windows\System32\bcryptPrimitives.dll
0x00007fffe1ef0000 - 0x00007fffe1efe000 	c:\Users\d.ngantchou\.vscode\extensions\redhat.java-1.31.0-win32-x64\jre\17.0.11-win32-x86_64\bin\instrument.dll
0x00007fffc39e0000 - 0x00007fffc3a05000 	c:\Users\d.ngantchou\.vscode\extensions\redhat.java-1.31.0-win32-x64\jre\17.0.11-win32-x86_64\bin\java.dll
0x00007fffc4750000 - 0x00007fffc4768000 	c:\Users\d.ngantchou\.vscode\extensions\redhat.java-1.31.0-win32-x64\jre\17.0.11-win32-x86_64\bin\zip.dll
0x00007fffedcb0000 - 0x00007fffee41c000 	C:\Windows\System32\SHELL32.dll
0x00007fffeafc0000 - 0x00007fffeb75d000 	C:\Windows\SYSTEM32\windows.storage.dll
0x00007fffee990000 - 0x00007fffeece3000 	C:\Windows\System32\combase.dll
0x00007fffecb60000 - 0x00007fffecb8e000 	C:\Windows\SYSTEM32\Wldp.dll
0x00007fffee420000 - 0x00007fffee4ed000 	C:\Windows\System32\OLEAUT32.dll
0x00007fffee520000 - 0x00007fffee5cd000 	C:\Windows\System32\SHCORE.dll
0x00007fffeee20000 - 0x00007fffeee75000 	C:\Windows\System32\shlwapi.dll
0x00007fffed1c0000 - 0x00007fffed1e4000 	C:\Windows\SYSTEM32\profapi.dll
0x00007fffc3760000 - 0x00007fffc3779000 	C:\Users\d.ngantchou\.vscode\extensions\redhat.java-1.31.0-win32-x64\jre\17.0.11-win32-x86_64\bin\net.dll
0x00007fffec200000 - 0x00007fffec30a000 	C:\Windows\SYSTEM32\WINHTTP.dll
0x00007fffec940000 - 0x00007fffec9aa000 	C:\Windows\system32\mswsock.dll
0x00007fffc1e20000 - 0x00007fffc1e36000 	C:\Users\d.ngantchou\.vscode\extensions\redhat.java-1.31.0-win32-x64\jre\17.0.11-win32-x86_64\bin\nio.dll
0x00007fffe0510000 - 0x00007fffe0520000 	c:\Users\d.ngantchou\.vscode\extensions\redhat.java-1.31.0-win32-x64\jre\17.0.11-win32-x86_64\bin\verify.dll
0x00007fffc4e80000 - 0x00007fffc4ec4000 	C:\Users\d.ngantchou\AppData\Roaming\Code\User\globalStorage\redhat.java\1.31.0\config_ss_win\org.eclipse.equinox.launcher\org.eclipse.equinox.launcher.win32.win32.x86_64_1.2.1000.v20240507-1834\eclipse_11902.dll
0x00007fffef8b0000 - 0x00007fffef9db000 	C:\Windows\System32\ole32.dll
0x00007fffecc10000 - 0x00007fffecc28000 	C:\Windows\SYSTEM32\CRYPTSP.dll
0x00007fffec110000 - 0x00007fffec144000 	C:\Windows\system32\rsaenh.dll
0x00007fffed130000 - 0x00007fffed15e000 	C:\Windows\SYSTEM32\USERENV.dll
0x00007fffecad0000 - 0x00007fffecadc000 	C:\Windows\SYSTEM32\CRYPTBASE.dll
0x00007fffec640000 - 0x00007fffec67b000 	C:\Windows\SYSTEM32\IPHLPAPI.DLL
0x00007fffee780000 - 0x00007fffee788000 	C:\Windows\System32\NSI.dll
0x00007fffe6bb0000 - 0x00007fffe6bc7000 	C:\Windows\SYSTEM32\dhcpcsvc6.DLL
0x00007fffe6b80000 - 0x00007fffe6b9d000 	C:\Windows\SYSTEM32\dhcpcsvc.DLL
0x00007fffec680000 - 0x00007fffec74a000 	C:\Windows\SYSTEM32\DNSAPI.dll
0x00007fffb4820000 - 0x00007fffb4865000 	C:\Users\d.ngantchou\AppData\Local\Temp\jna-1561045647\jna357335447676863156.dll
0x00007fffeee80000 - 0x00007fffeee88000 	C:\Windows\System32\PSAPI.DLL

dbghelp: loaded successfully - version: 4.0.5 - missing functions: none
symbol engine: initialized successfully - sym options: 0x614 - pdb path: .;c:\Users\d.ngantchou\.vscode\extensions\redhat.java-1.31.0-win32-x64\jre\17.0.11-win32-x86_64\bin;C:\Windows\SYSTEM32;C:\Windows\WinSxS\amd64_microsoft.windows.common-controls_6595b64144ccf1df_6.0.19041.4355_none_60b8b9eb71f62e16;c:\Users\d.ngantchou\.vscode\extensions\redhat.java-1.31.0-win32-x64\jre\17.0.11-win32-x86_64\bin\server;C:\Users\d.ngantchou\AppData\Roaming\Code\User\globalStorage\redhat.java\1.31.0\config_ss_win\org.eclipse.equinox.launcher\org.eclipse.equinox.launcher.win32.win32.x86_64_1.2.1000.v20240507-1834;C:\Users\d.ngantchou\AppData\Local\Temp\jna-1561045647

VM Arguments:
jvm_args: --add-modules=ALL-SYSTEM --add-opens=java.base/java.util=ALL-UNNAMED --add-opens=java.base/java.lang=ALL-UNNAMED --add-opens=java.base/sun.nio.fs=ALL-UNNAMED -Declipse.application=org.eclipse.jdt.ls.core.id1 -Dosgi.bundles.defaultStartLevel=4 -Declipse.product=org.eclipse.jdt.ls.core.product -Djava.import.generatesMetadataFilesAtProjectRoot=false -DDetectVMInstallationsJob.disabled=true -Dfile.encoding=utf8 -XX:+UseParallelGC -XX:GCTimeRatio=4 -XX:AdaptiveSizePolicyWeight=90 -Dsun.zip.disableMemoryMapping=true -Xmx1G -Xms100m -Xlog:disable -javaagent:c:\Users\d.ngantchou\.vscode\extensions\redhat.java-1.31.0-win32-x64\lombok\lombok-1.18.32.jar 
java_command: c:\Users\d.ngantchou\.vscode\extensions\redhat.java-1.31.0-win32-x64\server\plugins\org.eclipse.equinox.launcher_1.6.800.v20240513-1750.jar -configuration c:\Users\d.ngantchou\AppData\Roaming\Code\User\globalStorage\redhat.java\1.31.0\config_ss_win -data c:\Users\d.ngantchou\AppData\Roaming\Code\User\workspaceStorage\a36cf5bfe26e3b125d54e50f5ed0c1b0\redhat.java\ss_ws --pipe=\\.\pipe\lsp-53b5316d2617c086e9ddf67b064a594e-sock
java_class_path (initial): c:\Users\d.ngantchou\.vscode\extensions\redhat.java-1.31.0-win32-x64\server\plugins\org.eclipse.equinox.launcher_1.6.800.v20240513-1750.jar
Launcher Type: SUN_STANDARD

[Global flags]
    uintx AdaptiveSizePolicyWeight                 = 90                                        {product} {command line}
     intx CICompilerCount                          = 4                                         {product} {ergonomic}
    uintx GCTimeRatio                              = 4                                         {product} {command line}
   size_t InitialHeapSize                          = 104857600                                 {product} {command line}
   size_t MaxHeapSize                              = 1073741824                                {product} {command line}
   size_t MaxNewSize                               = 357564416                                 {product} {ergonomic}
   size_t MinHeapDeltaBytes                        = 524288                                    {product} {ergonomic}
   size_t MinHeapSize                              = 104857600                                 {product} {command line}
   size_t NewSize                                  = 34603008                                  {product} {ergonomic}
    uintx NonNMethodCodeHeapSize                   = 5839372                                {pd product} {ergonomic}
    uintx NonProfiledCodeHeapSize                  = 122909434                              {pd product} {ergonomic}
   size_t OldSize                                  = 70254592                                  {product} {ergonomic}
    uintx ProfiledCodeHeapSize                     = 122909434                              {pd product} {ergonomic}
    uintx ReservedCodeCacheSize                    = 251658240                              {pd product} {ergonomic}
     bool SegmentedCodeCache                       = true                                      {product} {ergonomic}
   size_t SoftMaxHeapSize                          = 1073741824                             {manageable} {ergonomic}
     bool UseCompressedClassPointers               = true                           {product lp64_product} {ergonomic}
     bool UseCompressedOops                        = true                           {product lp64_product} {ergonomic}
     bool UseLargePagesIndividualAllocation        = false                                  {pd product} {ergonomic}
     bool UseParallelGC                            = true                                      {product} {command line}

Logging:
Log output configuration:
 #0: stdout all=off uptime,level,tags
 #1: stderr all=off uptime,level,tags

Environment Variables:
JAVA_HOME=C:\Program Files\Java\jdk-17
PATH=C:\Program Files\Common Files\Oracle\Java\javapath;C:\Windows\system32;C:\Windows;C:\Windows\System32\Wbem;C:\Windows\System32\WindowsPowerShell\v1.0\;C:\Windows\System32\OpenSSH\;C:\Program Files\Git\cmd;C:\Program Files\nodejs\;C:\Program Files\Docker\Docker\resources\bin;C:\xampp\php;C:\composer;C:\Program Files\Java\jdk-17\bin;C:\xampp\mysql\bin;C:\Gradle\gradle-8.6\bin;C:\Program Files\Microsoft SQL Server\150\Tools\Binn\;C:\Program Files\Microsoft SQL Server\Client SDK\ODBC\170\Tools\Binn\;C:\Program Files\dotnet\;C:\Users\d.ngantchou\AppData\Local\Microsoft\WindowsApps;;C:\Users\d.ngantchou\AppData\Local\Programs\Microsoft VS Code\bin;C:\Users\d.ngantchou\AppData\Roaming\npm;C:\Users\d.ngantchou\AppData\Roaming\Composer\vendor\bin;C:\Users\d.ngantchou\.dotnet\tools
USERNAME=d.ngantchou
OS=Windows_NT
PROCESSOR_IDENTIFIER=Intel64 Family 6 Model 140 Stepping 1, GenuineIntel
TMP=C:\Users\D98E0~1.NGA\AppData\Local\Temp
TEMP=C:\Users\D98E0~1.NGA\AppData\Local\Temp



Periodic native trim disabled


---------------  S Y S T E M  ---------------

OS:
 Windows 10 , 64 bit Build 19041 (10.0.19041.3636)
OS uptime: 4 days 22:10 hours
Hyper-V role detected

CPU: total 8 (initial active 8) (4 cores per cpu, 2 threads per core) family 6 model 140 stepping 1 microcode 0xb6, cx8, cmov, fxsr, ht, mmx, 3dnowpref, sse, sse2, sse3, ssse3, sse4.1, sse4.2, popcnt, lzcnt, tsc, tscinvbit, avx, avx2, aes, erms, clmul, bmi1, bmi2, adx, avx512f, avx512dq, avx512cd, avx512bw, avx512vl, sha, fma, vzeroupper, avx512_vpopcntdq, avx512_vpclmulqdq, avx512_vaes, avx512_vnni, clflush, clflushopt, clwb, avx512_vbmi2, avx512_vbmi, hv
Processor Information for processor 0
  Max Mhz: 2419, Current Mhz: 2419, Mhz Limit: 2419
Processor Information for processor 1
  Max Mhz: 2419, Current Mhz: 2419, Mhz Limit: 2419
Processor Information for processor 2
  Max Mhz: 2419, Current Mhz: 2419, Mhz Limit: 2419
Processor Information for processor 3
  Max Mhz: 2419, Current Mhz: 2419, Mhz Limit: 2419
Processor Information for processor 4
  Max Mhz: 2419, Current Mhz: 2419, Mhz Limit: 2419
Processor Information for processor 5
  Max Mhz: 2419, Current Mhz: 1411, Mhz Limit: 2419
Processor Information for processor 6
  Max Mhz: 2419, Current Mhz: 2419, Mhz Limit: 2419
Processor Information for processor 7
  Max Mhz: 2419, Current Mhz: 2419, Mhz Limit: 2419

Memory: 4k page, system-wide physical 11968M (589M free)
TotalPageFile size 25904M (AvailPageFile size 4M)
current process WorkingSet (physical memory assigned to process): 191M, peak: 261M
current process commit charge ("private bytes"): 268M, peak: 339M

vm_info: OpenJDK 64-Bit Server VM (17.0.11+9) for windows-amd64 JRE (17.0.11+9), built on Apr 17 2024 06:07:48 by "admin" with MS VC++ 16.10 / 16.11 (VS2019)

END.
