#
# There is insufficient memory for the Java Runtime Environment to continue.
# Native memory allocation (malloc) failed to allocate 1184656 bytes for Chunk::new
# Possible reasons:
#   The system is out of physical RAM or swap space
#   The process is running with CompressedOops enabled, and the Java Heap may be blocking the growth of the native heap
# Possible solutions:
#   Reduce memory load on the system
#   Increase physical memory or swap space
#   Check if swap backing store is full
#   Decrease Java heap size (-Xmx/-Xms)
#   Decrease number of Java threads
#   Decrease Java thread stack sizes (-Xss)
#   Set larger code cache with -XX:ReservedCodeCacheSize=
#   JVM is running with Zero Based Compressed Oops mode in which the Java heap is
#     placed in the first 32GB address space. The Java Heap base address is the
#     maximum limit for the native heap growth. Please use -XX:HeapBaseMinAddress
#     to set the Java Heap base and to place the Java Heap above 32GB virtual address.
# This output file may be truncated or incomplete.
#
#  Out of Memory Error (arena.cpp:189), pid=10660, tid=19796
#
# JRE version: Java(TM) SE Runtime Environment (17.0.10+11) (build 17.0.10+11-LTS-240)
# Java VM: Java HotSpot(TM) 64-Bit Server VM (17.0.10+11-LTS-240, mixed mode, sharing, tiered, compressed oops, compressed class ptrs, g1 gc, windows-amd64)
# No core dump will be written. Minidumps are not enabled by default on client versions of Windows
#

---------------  S U M M A R Y ------------

Command Line: --add-exports=jdk.compiler/com.sun.tools.javac.api=ALL-UNNAMED --add-exports=jdk.compiler/com.sun.tools.javac.file=ALL-UNNAMED --add-exports=jdk.compiler/com.sun.tools.javac.parser=ALL-UNNAMED --add-exports=jdk.compiler/com.sun.tools.javac.tree=ALL-UNNAMED --add-exports=jdk.compiler/com.sun.tools.javac.util=ALL-UNNAMED --add-exports=java.naming/com.sun.jndi.ldap=ALL-UNNAMED --add-opens=java.base/java.lang=ALL-UNNAMED --add-opens=java.base/java.lang.invoke=ALL-UNNAMED --add-opens=java.base/java.io=ALL-UNNAMED --add-opens=java.base/java.security=ALL-UNNAMED --add-opens=java.base/java.util=ALL-UNNAMED --add-opens=java.management/javax.management=ALL-UNNAMED --add-opens=java.naming/javax.naming=ALL-UNNAMED --add-opens=java.rmi/sun.rmi.transport=null --add-opens=java.base/java.util=ALL-UNNAMED --add-opens=java.base/java.lang=ALL-UNNAMED --add-opens=java.base/java.lang.invoke=ALL-UNNAMED --add-opens=java.prefs/java.util.prefs=ALL-UNNAMED --add-opens=java.base/java.nio.charset=ALL-UNNAMED --add-opens=java.base/java.net=ALL-UNNAMED --add-opens=java.base/java.util.concurrent.atomic=ALL-UNNAMED -Xmx6g -Dfile.encoding=utf8 -Duser.country=FR -Duser.language=fr -Duser.variant -javaagent:C:\Users\d.ngantchou\.gradle\wrapper\dists\gradle-8.6-bin\afr5mpiioh2wthjmwnkmdsd5w\gradle-8.6\lib\agents\gradle-instrumentation-agent-8.6.jar org.gradle.launcher.daemon.bootstrap.GradleDaemon 8.6

Host: 11th Gen Intel(R) Core(TM) i5-1135G7 @ 2.40GHz, 8 cores, 11G,  Windows 10 , 64 bit Build 19041 (10.0.19041.3636)
Time: Tue Jun 25 13:15:01 2024 Afr. centrale Ouest elapsed time: 71.024985 seconds (0d 0h 1m 11s)

---------------  T H R E A D  ---------------

Current thread (0x000002aee6ed2420):  JavaThread "C2 CompilerThread0" daemon [_thread_in_native, id=19796, stack(0x000000bd57900000,0x000000bd57a00000)]


Current CompileTask:
C2:  71025 19327       4       com.google.common.cache.LocalCache::<init> (464 bytes)

Stack: [0x000000bd57900000,0x000000bd57a00000]
Native frames: (J=compiled Java code, j=interpreted, Vv=VM code, C=native code)
V  [jvm.dll+0x677a5a]
V  [jvm.dll+0x7d8b2d]
V  [jvm.dll+0x7da48e]
V  [jvm.dll+0x7daaf3]
V  [jvm.dll+0x2455ff]
V  [jvm.dll+0xaaafb]
V  [jvm.dll+0xab09c]
V  [jvm.dll+0x361b5f]
V  [jvm.dll+0x1bb1da]
V  [jvm.dll+0x217aa7]
V  [jvm.dll+0x216d81]
V  [jvm.dll+0x1a3410]
V  [jvm.dll+0x226aeb]
V  [jvm.dll+0x224cab]
V  [jvm.dll+0x78e45c]
V  [jvm.dll+0x78888a]
V  [jvm.dll+0x676935]
C  [ucrtbase.dll+0x21bb2]
C  [KERNEL32.DLL+0x17344]
C  [ntdll.dll+0x4cc91]


---------------  P R O C E S S  ---------------

Threads class SMR info:
_java_thread_list=0x000002af32e386f0, length=137, elements={
0x000002aebd538760, 0x000002aee6eae320, 0x000002aee6eaedf0, 0x000002aee6ec04d0,
0x000002aee6ec0fa0, 0x000002aee6ec5990, 0x000002aee6ec6260, 0x000002aee6ed2420,
0x000002aee6ed5e00, 0x000002aee6edeee0, 0x000002aee6e9a3c0, 0x000002af2c322b10,
0x000002af2d8244e0, 0x000002af2d98a4b0, 0x000002af2db3b510, 0x000002af2d5219b0,
0x000002af2df417a0, 0x000002af2d8fe7e0, 0x000002af2d147d50, 0x000002af2df3f190,
0x000002af2d9ac0b0, 0x000002af2d9ae420, 0x000002af2d9ac5c0, 0x000002af2d9acad0,
0x000002af2d9ab180, 0x000002af2d9ada00, 0x000002af2d9ad4f0, 0x000002af2d9ab690,
0x000002af2d9acfe0, 0x000002af2d9adf10, 0x000002af2f7a2d00, 0x000002af2f79e110,
0x000002af2f79eb30, 0x000002af2f79e620, 0x000002af2f7a3720, 0x000002af2f7a3c30,
0x000002af2f79d6f0, 0x000002af2f79f550, 0x000002af2f79fa60, 0x000002af2f79ff70,
0x000002af2f7a1dd0, 0x000002af2f7a4140, 0x000002af2f7a0ea0, 0x000002af2f7a13b0,
0x000002af2f7a22e0, 0x000002af2f7a18c0, 0x000002af2f7a27f0, 0x000002af2f7a4650,
0x000002af2f7a4b60, 0x000002af2f7a5070, 0x000002af2f79dc00, 0x000002af31568580,
0x000002af3156ae00, 0x000002af31569ed0, 0x000002af31563990, 0x000002af31567140,
0x000002af31563ea0, 0x000002af31568fa0, 0x000002af31566c30, 0x000002af3156a3e0,
0x000002af315648c0, 0x000002af31568a90, 0x000002af3156a8f0, 0x000002af3156b310,
0x000002af31566720, 0x000002af31564dd0, 0x000002af315699c0, 0x000002af315657f0,
0x000002af315643b0, 0x000002af31565d00, 0x000002af315652e0, 0x000002af31566210,
0x000002af31567b60, 0x000002af31568070, 0x000002af2f4a7ff0, 0x000002af2f4a9940,
0x000002af2f4a3400, 0x000002af2f4a75d0, 0x000002af2f4a4840, 0x000002af2f4a4d50,
0x000002af2f4aa360, 0x000002af2f4a8500, 0x000002af2f4a3e20, 0x000002af2f4a5260,
0x000002af2f4a8a10, 0x000002af2f4a5770, 0x000002af2f4a7ae0, 0x000002af2f4a5c80,
0x000002af2f4a8f20, 0x000002af2f4a66a0, 0x000002af2f4a6bb0, 0x000002af2f4a70c0,
0x000002af2f4a9430, 0x000002af2f4a6190, 0x000002af2f4aa870, 0x000002af2f4aad80,
0x000002af2f4a3910, 0x000002af2f4a4330, 0x000002af3190daa0, 0x000002af3190e9d0,
0x000002af3190f900, 0x000002af31910d40, 0x000002af3190fe10, 0x000002af31911250,
0x000002af319130b0, 0x000002af31911760, 0x000002af3190f3f0, 0x000002af31911c70,
0x000002af31913fe0, 0x000002af31912180, 0x000002af31910830, 0x000002af31912690,
0x000002af319144f0, 0x000002af31912ba0, 0x000002af319135c0, 0x000002af3190eee0,
0x000002af3190d080, 0x000002af31914a00, 0x000002af3190d590, 0x000002af3190dfb0,
0x000002af3190e4c0, 0x000002af2e86e030, 0x000002af2e86f980, 0x000002af2e86e540,
0x000002af2e86fe90, 0x000002af2e86ea50, 0x000002af2e86db20, 0x000002af2e86c6e0,
0x000002af2e86cbf0, 0x000002af2e86d100, 0x000002af2e86f470, 0x000002af2e86ef60,
0x000002af2e91eae0, 0x000002af2e91dbb0, 0x000002af2d7d9d70, 0x000002af2e91fa10,
0x000002af335fb190
}

Java Threads: ( => current thread )
  0x000002aebd538760 JavaThread "main" [_thread_blocked, id=19676, stack(0x000000bd56c00000,0x000000bd56d00000)]
  0x000002aee6eae320 JavaThread "Reference Handler" daemon [_thread_blocked, id=13812, stack(0x000000bd57300000,0x000000bd57400000)]
  0x000002aee6eaedf0 JavaThread "Finalizer" daemon [_thread_blocked, id=5116, stack(0x000000bd57400000,0x000000bd57500000)]
  0x000002aee6ec04d0 JavaThread "Signal Dispatcher" daemon [_thread_blocked, id=15296, stack(0x000000bd57500000,0x000000bd57600000)]
  0x000002aee6ec0fa0 JavaThread "Attach Listener" daemon [_thread_blocked, id=5024, stack(0x000000bd57600000,0x000000bd57700000)]
  0x000002aee6ec5990 JavaThread "Service Thread" daemon [_thread_blocked, id=17328, stack(0x000000bd57700000,0x000000bd57800000)]
  0x000002aee6ec6260 JavaThread "Monitor Deflation Thread" daemon [_thread_blocked, id=19352, stack(0x000000bd57800000,0x000000bd57900000)]
=>0x000002aee6ed2420 JavaThread "C2 CompilerThread0" daemon [_thread_in_native, id=19796, stack(0x000000bd57900000,0x000000bd57a00000)]
  0x000002aee6ed5e00 JavaThread "C1 CompilerThread0" daemon [_thread_blocked, id=14212, stack(0x000000bd57a00000,0x000000bd57b00000)]
  0x000002aee6edeee0 JavaThread "Sweeper thread" daemon [_thread_blocked, id=19800, stack(0x000000bd57b00000,0x000000bd57c00000)]
  0x000002aee6e9a3c0 JavaThread "Common-Cleaner" daemon [_thread_blocked, id=3164, stack(0x000000bd57c00000,0x000000bd57d00000)]
  0x000002af2c322b10 JavaThread "Notification Thread" daemon [_thread_blocked, id=1456, stack(0x000000bd57d00000,0x000000bd57e00000)]
  0x000002af2d8244e0 JavaThread "Daemon health stats" [_thread_blocked, id=14064, stack(0x000000bd58500000,0x000000bd58600000)]
  0x000002af2d98a4b0 JavaThread "Incoming local TCP Connector on port 57296" [_thread_in_native, id=11588, stack(0x000000bd57f00000,0x000000bd58000000)]
  0x000002af2db3b510 JavaThread "Daemon periodic checks" [_thread_blocked, id=13236, stack(0x000000bd58600000,0x000000bd58700000)]
  0x000002af2d5219b0 JavaThread "Daemon" [_thread_blocked, id=20684, stack(0x000000bd58700000,0x000000bd58800000)]
  0x000002af2df417a0 JavaThread "Handler for socket connection from /127.0.0.1:57296 to /127.0.0.1:57297" [_thread_in_native, id=1696, stack(0x000000bd58800000,0x000000bd58900000)]
  0x000002af2d8fe7e0 JavaThread "Cancel handler" [_thread_blocked, id=9360, stack(0x000000bd58900000,0x000000bd58a00000)]
  0x000002af2d147d50 JavaThread "Daemon worker" [_thread_in_Java, id=6688, stack(0x000000bd58a00000,0x000000bd58b00000)]
  0x000002af2df3f190 JavaThread "Asynchronous log dispatcher for DefaultDaemonConnection: socket connection from /127.0.0.1:57296 to /127.0.0.1:57297" [_thread_blocked, id=13556, stack(0x000000bd58b00000,0x000000bd58c00000)]
  0x000002af2d9ac0b0 JavaThread "Daemon client event forwarder" [_thread_blocked, id=20572, stack(0x000000bd59000000,0x000000bd59100000)]
  0x000002af2d9ae420 JavaThread "Cache worker for journal cache (C:\Users\d.ngantchou\.gradle\caches\journal-1)" [_thread_blocked, id=16248, stack(0x000000bd59100000,0x000000bd59200000)]
  0x000002af2d9ac5c0 JavaThread "File lock request listener" [_thread_in_native, id=1340, stack(0x000000bd59200000,0x000000bd59300000)]
  0x000002af2d9acad0 JavaThread "Cache worker for file hash cache (C:\Users\d.ngantchou\.gradle\caches\8.6\fileHashes)" [_thread_blocked, id=5628, stack(0x000000bd59300000,0x000000bd59400000)]
  0x000002af2d9ab180 JavaThread "File watcher server" daemon [_thread_in_native, id=8724, stack(0x000000bd59400000,0x000000bd59500000)]
  0x000002af2d9ada00 JavaThread "File watcher consumer" daemon [_thread_blocked, id=11500, stack(0x000000bd59500000,0x000000bd59600000)]
  0x000002af2d9ad4f0 JavaThread "jar transforms" [_thread_blocked, id=6392, stack(0x000000bd59700000,0x000000bd59800000)]
  0x000002af2d9ab690 JavaThread "jar transforms Thread 2" [_thread_blocked, id=3804, stack(0x000000bd59800000,0x000000bd59900000)]
  0x000002af2d9acfe0 JavaThread "jar transforms Thread 3" [_thread_blocked, id=20596, stack(0x000000bd59900000,0x000000bd59a00000)]
  0x000002af2d9adf10 JavaThread "Cache worker for checksums cache (C:\xampp\htdocs\lvm\fineract\.gradle\8.6\checksums)" [_thread_blocked, id=7100, stack(0x000000bd59a00000,0x000000bd59b00000)]
  0x000002af2f7a2d00 JavaThread "Cache worker for file hash cache (C:\xampp\htdocs\lvm\fineract\.gradle\8.6\fileHashes)" [_thread_blocked, id=4528, stack(0x000000bd59b00000,0x000000bd59c00000)]
  0x000002af2f79e110 JavaThread "Cache worker for cache directory md-supplier (C:\Users\d.ngantchou\.gradle\caches\8.6\md-supplier)" [_thread_blocked, id=7568, stack(0x000000bd59c00000,0x000000bd59d00000)]
  0x000002af2f79eb30 JavaThread "Cache worker for cache directory md-rule (C:\Users\d.ngantchou\.gradle\caches\8.6\md-rule)" [_thread_blocked, id=17664, stack(0x000000bd59d00000,0x000000bd59e00000)]
  0x000002af2f79e620 JavaThread "Cache worker for file content cache (C:\Users\d.ngantchou\.gradle\caches\8.6\fileContent)" [_thread_blocked, id=21288, stack(0x000000bd59e00000,0x000000bd59f00000)]
  0x000002af2f7a3720 JavaThread "jar transforms Thread 4" [_thread_blocked, id=10992, stack(0x000000bd5a000000,0x000000bd5a100000)]
  0x000002af2f7a3c30 JavaThread "jar transforms Thread 5" [_thread_blocked, id=12260, stack(0x000000bd5a100000,0x000000bd5a200000)]
  0x000002af2f79d6f0 JavaThread "jar transforms Thread 6" [_thread_blocked, id=14444, stack(0x000000bd5a200000,0x000000bd5a300000)]
  0x000002af2f79f550 JavaThread "jar transforms Thread 7" [_thread_blocked, id=21204, stack(0x000000bd5a300000,0x000000bd5a400000)]
  0x000002af2f79fa60 JavaThread "jar transforms Thread 8" [_thread_blocked, id=16256, stack(0x000000bd5a400000,0x000000bd5a500000)]
  0x000002af2f79ff70 JavaThread "Unconstrained build operations" [_thread_blocked, id=20592, stack(0x000000bd5a500000,0x000000bd5a600000)]
  0x000002af2f7a1dd0 JavaThread "Unconstrained build operations Thread 2" [_thread_blocked, id=21408, stack(0x000000bd5a600000,0x000000bd5a700000)]
  0x000002af2f7a4140 JavaThread "gradle-enterprise-worker-0" [_thread_blocked, id=4692, stack(0x000000bd5a700000,0x000000bd5a800000)]
  0x000002af2f7a0ea0 JavaThread "Cache worker for Build Output Cleanup Cache (C:\xampp\htdocs\lvm\fineract\buildSrc\.gradle\buildOutputCleanup)" [_thread_blocked, id=19172, stack(0x000000bd5a900000,0x000000bd5aa00000)]
  0x000002af2f7a13b0 JavaThread "Memory manager" [_thread_blocked, id=13796, stack(0x000000bd5aa00000,0x000000bd5ab00000)]
  0x000002af2f7a22e0 JavaThread "Unconstrained build operations Thread 3" [_thread_blocked, id=19616, stack(0x000000bd5ab00000,0x000000bd5ac00000)]
  0x000002af2f7a18c0 JavaThread "included builds" [_thread_blocked, id=15268, stack(0x000000bd5ac00000,0x000000bd5ad00000)]
  0x000002af2f7a27f0 JavaThread "Execution worker" [_thread_blocked, id=2232, stack(0x000000bd5ad00000,0x000000bd5ae00000)]
  0x000002af2f7a4650 JavaThread "Execution worker Thread 2" [_thread_blocked, id=20216, stack(0x000000bd5ae00000,0x000000bd5af00000)]
  0x000002af2f7a4b60 JavaThread "Execution worker Thread 3" [_thread_blocked, id=15068, stack(0x000000bd5af00000,0x000000bd5b000000)]
  0x000002af2f7a5070 JavaThread "Execution worker Thread 4" [_thread_blocked, id=3304, stack(0x000000bd5b000000,0x000000bd5b100000)]
  0x000002af2f79dc00 JavaThread "Execution worker Thread 5" [_thread_blocked, id=14576, stack(0x000000bd5b100000,0x000000bd5b200000)]
  0x000002af31568580 JavaThread "Execution worker Thread 6" [_thread_blocked, id=14216, stack(0x000000bd5b200000,0x000000bd5b300000)]
  0x000002af3156ae00 JavaThread "Execution worker Thread 7" [_thread_blocked, id=3224, stack(0x000000bd5b300000,0x000000bd5b400000)]
  0x000002af31569ed0 JavaThread "Cache worker for execution history cache (C:\xampp\htdocs\lvm\fineract\buildSrc\.gradle\8.6\executionHistory)" [_thread_blocked, id=3320, stack(0x000000bd5b400000,0x000000bd5b500000)]
  0x000002af31563990 JavaThread "Unconstrained build operations Thread 4" [_thread_blocked, id=18968, stack(0x000000bd59f00000,0x000000bd5a000000)]
  0x000002af31567140 JavaThread "Unconstrained build operations Thread 5" [_thread_blocked, id=20444, stack(0x000000bd5b500000,0x000000bd5b600000)]
  0x000002af31563ea0 JavaThread "Unconstrained build operations Thread 6" [_thread_blocked, id=14804, stack(0x000000bd5b600000,0x000000bd5b700000)]
  0x000002af31568fa0 JavaThread "Unconstrained build operations Thread 7" [_thread_blocked, id=13232, stack(0x000000bd5b700000,0x000000bd5b800000)]
  0x000002af31566c30 JavaThread "Unconstrained build operations Thread 8" [_thread_blocked, id=12700, stack(0x000000bd5b800000,0x000000bd5b900000)]
  0x000002af3156a3e0 JavaThread "Unconstrained build operations Thread 9" [_thread_blocked, id=19716, stack(0x000000bd5b900000,0x000000bd5ba00000)]
  0x000002af315648c0 JavaThread "Unconstrained build operations Thread 10" [_thread_blocked, id=21452, stack(0x000000bd5bb00000,0x000000bd5bc00000)]
  0x000002af31568a90 JavaThread "Unconstrained build operations Thread 11" [_thread_blocked, id=9368, stack(0x000000bd5bc00000,0x000000bd5bd00000)]
  0x000002af3156a8f0 JavaThread "Unconstrained build operations Thread 12" [_thread_blocked, id=6476, stack(0x000000bd5bd00000,0x000000bd5be00000)]
  0x000002af3156b310 JavaThread "Unconstrained build operations Thread 13" [_thread_blocked, id=3948, stack(0x000000bd5be00000,0x000000bd5bf00000)]
  0x000002af31566720 JavaThread "Unconstrained build operations Thread 14" [_thread_blocked, id=16972, stack(0x000000bd5bf00000,0x000000bd5c000000)]
  0x000002af31564dd0 JavaThread "Unconstrained build operations Thread 15" [_thread_blocked, id=14192, stack(0x000000bd5c000000,0x000000bd5c100000)]
  0x000002af315699c0 JavaThread "Unconstrained build operations Thread 16" [_thread_blocked, id=14000, stack(0x000000bd5c100000,0x000000bd5c200000)]
  0x000002af315657f0 JavaThread "Unconstrained build operations Thread 17" [_thread_blocked, id=5296, stack(0x000000bd5c200000,0x000000bd5c300000)]
  0x000002af315643b0 JavaThread "Unconstrained build operations Thread 18" [_thread_blocked, id=10436, stack(0x000000bd5c300000,0x000000bd5c400000)]
  0x000002af31565d00 JavaThread "Unconstrained build operations Thread 19" [_thread_blocked, id=20380, stack(0x000000bd5c400000,0x000000bd5c500000)]
  0x000002af315652e0 JavaThread "Unconstrained build operations Thread 20" [_thread_blocked, id=8408, stack(0x000000bd5c500000,0x000000bd5c600000)]
  0x000002af31566210 JavaThread "Unconstrained build operations Thread 21" [_thread_blocked, id=19044, stack(0x000000bd5c600000,0x000000bd5c700000)]
  0x000002af31567b60 JavaThread "Unconstrained build operations Thread 22" [_thread_blocked, id=15564, stack(0x000000bd5c700000,0x000000bd5c800000)]
  0x000002af31568070 JavaThread "Unconstrained build operations Thread 23" [_thread_blocked, id=16112, stack(0x000000bd5c800000,0x000000bd5c900000)]
  0x000002af2f4a7ff0 JavaThread "Unconstrained build operations Thread 24" [_thread_blocked, id=18356, stack(0x000000bd5c900000,0x000000bd5ca00000)]
  0x000002af2f4a9940 JavaThread "Unconstrained build operations Thread 25" [_thread_blocked, id=21492, stack(0x000000bd5ca00000,0x000000bd5cb00000)]
  0x000002af2f4a3400 JavaThread "Unconstrained build operations Thread 26" [_thread_blocked, id=18996, stack(0x000000bd5cb00000,0x000000bd5cc00000)]
  0x000002af2f4a75d0 JavaThread "Unconstrained build operations Thread 27" [_thread_blocked, id=19296, stack(0x000000bd5cc00000,0x000000bd5cd00000)]
  0x000002af2f4a4840 JavaThread "Unconstrained build operations Thread 28" [_thread_blocked, id=19264, stack(0x000000bd5cd00000,0x000000bd5ce00000)]
  0x000002af2f4a4d50 JavaThread "Unconstrained build operations Thread 29" [_thread_blocked, id=13876, stack(0x000000bd5ce00000,0x000000bd5cf00000)]
  0x000002af2f4aa360 JavaThread "Unconstrained build operations Thread 30" [_thread_blocked, id=15380, stack(0x000000bd5cf00000,0x000000bd5d000000)]
  0x000002af2f4a8500 JavaThread "Unconstrained build operations Thread 31" [_thread_blocked, id=8688, stack(0x000000bd5d000000,0x000000bd5d100000)]
  0x000002af2f4a3e20 JavaThread "Unconstrained build operations Thread 32" [_thread_blocked, id=14144, stack(0x000000bd5d100000,0x000000bd5d200000)]
  0x000002af2f4a5260 JavaThread "Unconstrained build operations Thread 33" [_thread_blocked, id=19668, stack(0x000000bd5d200000,0x000000bd5d300000)]
  0x000002af2f4a8a10 JavaThread "Unconstrained build operations Thread 34" [_thread_blocked, id=17516, stack(0x000000bd5d300000,0x000000bd5d400000)]
  0x000002af2f4a5770 JavaThread "Unconstrained build operations Thread 35" [_thread_blocked, id=20496, stack(0x000000bd5d400000,0x000000bd5d500000)]
  0x000002af2f4a7ae0 JavaThread "Unconstrained build operations Thread 36" [_thread_blocked, id=19348, stack(0x000000bd5d500000,0x000000bd5d600000)]
  0x000002af2f4a5c80 JavaThread "Unconstrained build operations Thread 37" [_thread_blocked, id=20192, stack(0x000000bd5d600000,0x000000bd5d700000)]
  0x000002af2f4a8f20 JavaThread "Unconstrained build operations Thread 38" [_thread_blocked, id=9080, stack(0x000000bd5d700000,0x000000bd5d800000)]
  0x000002af2f4a66a0 JavaThread "Unconstrained build operations Thread 39" [_thread_blocked, id=17908, stack(0x000000bd5d800000,0x000000bd5d900000)]
  0x000002af2f4a6bb0 JavaThread "Unconstrained build operations Thread 40" [_thread_blocked, id=11560, stack(0x000000bd5d900000,0x000000bd5da00000)]
  0x000002af2f4a70c0 JavaThread "Unconstrained build operations Thread 41" [_thread_blocked, id=5768, stack(0x000000bd5da00000,0x000000bd5db00000)]
  0x000002af2f4a9430 JavaThread "Unconstrained build operations Thread 42" [_thread_blocked, id=7068, stack(0x000000bd5db00000,0x000000bd5dc00000)]
  0x000002af2f4a6190 JavaThread "Unconstrained build operations Thread 43" [_thread_blocked, id=16480, stack(0x000000bd5dc00000,0x000000bd5dd00000)]
  0x000002af2f4aa870 JavaThread "Unconstrained build operations Thread 44" [_thread_blocked, id=14644, stack(0x000000bd5dd00000,0x000000bd5de00000)]
  0x000002af2f4aad80 JavaThread "Unconstrained build operations Thread 45" [_thread_blocked, id=10524, stack(0x000000bd5de00000,0x000000bd5df00000)]
  0x000002af2f4a3910 JavaThread "Unconstrained build operations Thread 46" [_thread_blocked, id=17716, stack(0x000000bd5df00000,0x000000bd5e000000)]
  0x000002af2f4a4330 JavaThread "Unconstrained build operations Thread 47" [_thread_blocked, id=17116, stack(0x000000bd5e000000,0x000000bd5e100000)]
  0x000002af3190daa0 JavaThread "Unconstrained build operations Thread 48" [_thread_blocked, id=16992, stack(0x000000bd5e100000,0x000000bd5e200000)]
  0x000002af3190e9d0 JavaThread "Unconstrained build operations Thread 49" [_thread_blocked, id=20872, stack(0x000000bd5e200000,0x000000bd5e300000)]
  0x000002af3190f900 JavaThread "Unconstrained build operations Thread 50" [_thread_blocked, id=21048, stack(0x000000bd5e300000,0x000000bd5e400000)]
  0x000002af31910d40 JavaThread "Unconstrained build operations Thread 51" [_thread_blocked, id=12468, stack(0x000000bd5e400000,0x000000bd5e500000)]
  0x000002af3190fe10 JavaThread "Unconstrained build operations Thread 52" [_thread_blocked, id=8620, stack(0x000000bd5e500000,0x000000bd5e600000)]
  0x000002af31911250 JavaThread "Unconstrained build operations Thread 53" [_thread_blocked, id=9944, stack(0x000000bd5e600000,0x000000bd5e700000)]
  0x000002af319130b0 JavaThread "Unconstrained build operations Thread 54" [_thread_blocked, id=4092, stack(0x000000bd5e700000,0x000000bd5e800000)]
  0x000002af31911760 JavaThread "Unconstrained build operations Thread 55" [_thread_blocked, id=13100, stack(0x000000bd5e800000,0x000000bd5e900000)]
  0x000002af3190f3f0 JavaThread "Unconstrained build operations Thread 56" [_thread_blocked, id=12620, stack(0x000000bd5e900000,0x000000bd5ea00000)]
  0x000002af31911c70 JavaThread "Unconstrained build operations Thread 57" [_thread_blocked, id=18972, stack(0x000000bd5ea00000,0x000000bd5eb00000)]
  0x000002af31913fe0 JavaThread "Unconstrained build operations Thread 58" [_thread_blocked, id=13952, stack(0x000000bd5eb00000,0x000000bd5ec00000)]
  0x000002af31912180 JavaThread "Unconstrained build operations Thread 59" [_thread_blocked, id=18916, stack(0x000000bd5ec00000,0x000000bd5ed00000)]
  0x000002af31910830 JavaThread "Unconstrained build operations Thread 60" [_thread_blocked, id=19836, stack(0x000000bd5ed00000,0x000000bd5ee00000)]
  0x000002af31912690 JavaThread "Unconstrained build operations Thread 61" [_thread_blocked, id=9960, stack(0x000000bd5ee00000,0x000000bd5ef00000)]
  0x000002af319144f0 JavaThread "Unconstrained build operations Thread 62" [_thread_blocked, id=20296, stack(0x000000bd5ef00000,0x000000bd5f000000)]
  0x000002af31912ba0 JavaThread "Unconstrained build operations Thread 63" [_thread_blocked, id=15000, stack(0x000000bd5f000000,0x000000bd5f100000)]
  0x000002af319135c0 JavaThread "Unconstrained build operations Thread 64" [_thread_blocked, id=9520, stack(0x000000bd5f100000,0x000000bd5f200000)]
  0x000002af3190eee0 JavaThread "Unconstrained build operations Thread 65" [_thread_blocked, id=3844, stack(0x000000bd5f200000,0x000000bd5f300000)]
  0x000002af3190d080 JavaThread "Unconstrained build operations Thread 66" [_thread_blocked, id=9792, stack(0x000000bd5f300000,0x000000bd5f400000)]
  0x000002af31914a00 JavaThread "Unconstrained build operations Thread 67" [_thread_blocked, id=8796, stack(0x000000bd5f400000,0x000000bd5f500000)]
  0x000002af3190d590 JavaThread "Unconstrained build operations Thread 68" [_thread_blocked, id=12492, stack(0x000000bd5f500000,0x000000bd5f600000)]
  0x000002af3190dfb0 JavaThread "Unconstrained build operations Thread 69" [_thread_blocked, id=20836, stack(0x000000bd5f600000,0x000000bd5f700000)]
  0x000002af3190e4c0 JavaThread "Unconstrained build operations Thread 70" [_thread_blocked, id=19816, stack(0x000000bd5f700000,0x000000bd5f800000)]
  0x000002af2e86e030 JavaThread "Unconstrained build operations Thread 71" [_thread_blocked, id=13180, stack(0x000000bd5f800000,0x000000bd5f900000)]
  0x000002af2e86f980 JavaThread "Unconstrained build operations Thread 72" [_thread_blocked, id=8672, stack(0x000000bd5f900000,0x000000bd5fa00000)]
  0x000002af2e86e540 JavaThread "Unconstrained build operations Thread 73" [_thread_blocked, id=13424, stack(0x000000bd5fa00000,0x000000bd5fb00000)]
  0x000002af2e86fe90 JavaThread "Unconstrained build operations Thread 74" [_thread_blocked, id=12324, stack(0x000000bd5fb00000,0x000000bd5fc00000)]
  0x000002af2e86ea50 JavaThread "Unconstrained build operations Thread 75" [_thread_blocked, id=21056, stack(0x000000bd5fc00000,0x000000bd5fd00000)]
  0x000002af2e86db20 JavaThread "Unconstrained build operations Thread 76" [_thread_blocked, id=10036, stack(0x000000bd5fd00000,0x000000bd5fe00000)]
  0x000002af2e86c6e0 JavaThread "Unconstrained build operations Thread 77" [_thread_blocked, id=20640, stack(0x000000bd5fe00000,0x000000bd5ff00000)]
  0x000002af2e86cbf0 JavaThread "Unconstrained build operations Thread 78" [_thread_blocked, id=14808, stack(0x000000bd5ff00000,0x000000bd60000000)]
  0x000002af2e86d100 JavaThread "Unconstrained build operations Thread 79" [_thread_blocked, id=11064, stack(0x000000bd60000000,0x000000bd60100000)]
  0x000002af2e86f470 JavaThread "Unconstrained build operations Thread 80" [_thread_blocked, id=12040, stack(0x000000bd60100000,0x000000bd60200000)]
  0x000002af2e86ef60 JavaThread "Cache worker for Build Output Cleanup Cache (C:\xampp\htdocs\lvm\fineract\.gradle\buildOutputCleanup)" [_thread_blocked, id=8964, stack(0x000000bd60200000,0x000000bd60300000)]
  0x000002af2e91eae0 JavaThread "JGit-FileStoreAttributeReader-1" daemon [_thread_blocked, id=10216, stack(0x000000bd56900000,0x000000bd56a00000)]
  0x000002af2e91dbb0 JavaThread "build event listener" [_thread_blocked, id=15420, stack(0x000000bd5ba00000,0x000000bd5bb00000)]
  0x000002af2d7d9d70 JavaThread "C2 CompilerThread1" daemon [_thread_in_native, id=9768, stack(0x000000bd58400000,0x000000bd58500000)]
  0x000002af2e91fa10 JavaThread "Thread-121" daemon [_thread_blocked, id=8412, stack(0x000000bd60600000,0x000000bd60700000)]
  0x000002af335fb190 JavaThread "C2 CompilerThread2" daemon [_thread_in_native, id=4356, stack(0x000000bd5a800000,0x000000bd5a900000)]

Other Threads:
  0x000002aee6ea7950 VMThread "VM Thread" [stack: 0x000000bd57200000,0x000000bd57300000] [id=1880]
  0x000002aebd5eb3d0 WatcherThread [stack: 0x000000bd57e00000,0x000000bd57f00000] [id=9236]
  0x000002aebd5c1f20 GCTaskThread "GC Thread#0" [stack: 0x000000bd56d00000,0x000000bd56e00000] [id=20804]
  0x000002af2ce365f0 GCTaskThread "GC Thread#1" [stack: 0x000000bd58000000,0x000000bd58100000] [id=12048]
  0x000002af2c559540 GCTaskThread "GC Thread#2" [stack: 0x000000bd58100000,0x000000bd58200000] [id=12716]
  0x000002af2c559800 GCTaskThread "GC Thread#3" [stack: 0x000000bd58200000,0x000000bd58300000] [id=9440]
  0x000002af2c521f20 GCTaskThread "GC Thread#4" [stack: 0x000000bd58300000,0x000000bd58400000] [id=6368]
  0x000002af2e7dd080 GCTaskThread "GC Thread#5" [stack: 0x000000bd58d00000,0x000000bd58e00000] [id=18840]
  0x000002af2da7e590 GCTaskThread "GC Thread#6" [stack: 0x000000bd58e00000,0x000000bd58f00000] [id=11280]
  0x000002af2f50a050 GCTaskThread "GC Thread#7" [stack: 0x000000bd58f00000,0x000000bd59000000] [id=3684]
  0x000002aebd5cfd90 ConcurrentGCThread "G1 Main Marker" [stack: 0x000000bd56e00000,0x000000bd56f00000] [id=20808]
  0x000002aebd5d06b0 ConcurrentGCThread "G1 Conc#0" [stack: 0x000000bd56f00000,0x000000bd57000000] [id=7184]
  0x000002af2fb446c0 ConcurrentGCThread "G1 Conc#1" [stack: 0x000000bd59600000,0x000000bd59700000] [id=14648]
  0x000002aebd60e700 ConcurrentGCThread "G1 Refine#0" [stack: 0x000000bd57000000,0x000000bd57100000] [id=18772]
  0x000002aee6d66230 ConcurrentGCThread "G1 Service" [stack: 0x000000bd57100000,0x000000bd57200000] [id=8288]

Threads with active compile tasks:
C2 CompilerThread0    71111 19327       4       com.google.common.cache.LocalCache::<init> (464 bytes)
C2 CompilerThread1    71111 19326       4       io.spring.gradle.dependencymanagement.org.apache.maven.model.normalization.DefaultModelNormalizer::mergeDuplicates (264 bytes)
C2 CompilerThread2    71111 19338       4       io.spring.gradle.dependencymanagement.org.apache.maven.model.composition.DefaultDependencyManagementImporter::importManagement (224 bytes)

VM state: not at safepoint (normal execution)

VM Mutex/Monitor currently owned by a thread: None

Heap address: 0x0000000680000000, size: 6144 MB, Compressed Oops mode: Zero based, Oop shift amount: 3

CDS archive(s) mapped at: [0x000002aee7000000-0x000002aee7bd0000-0x000002aee7bd0000), size 12386304, SharedBaseAddress: 0x000002aee7000000, ArchiveRelocationMode: 1.
Compressed class space mapped at: 0x000002aee8000000-0x000002af28000000, reserved size: 1073741824
Narrow klass base: 0x000002aee7000000, Narrow klass shift: 0, Narrow klass range: 0x100000000

GC Precious Log:
 CPUs: 8 total, 8 available
 Memory: 11968M
 Large Page Support: Disabled
 NUMA Support: Disabled
 Compressed Oops: Enabled (Zero based)
 Heap Region Size: 4M
 Heap Min Capacity: 8M
 Heap Initial Capacity: 188M
 Heap Max Capacity: 6G
 Pre-touch: Disabled
 Parallel Workers: 8
 Concurrent Workers: 2
 Concurrent Refinement Workers: 8
 Periodic GC: Disabled

Heap:
 garbage-first heap   total 561152K, used 350979K [0x0000000680000000, 0x0000000800000000)
  region size 4096K, 34 young (139264K), 3 survivors (12288K)
 Metaspace       used 102614K, committed 104896K, reserved 1179648K
  class space    used 14217K, committed 15232K, reserved 1048576K

Heap Regions: E=young(eden), S=young(survivor), O=old, HS=humongous(starts), HC=humongous(continues), CS=collection set, F=free, OA=open archive, CA=closed archive, TAMS=top-at-mark-start (previous, next)
|   0|0x0000000680000000, 0x0000000680400000, 0x0000000680400000|100%|HS|  |TAMS 0x0000000680400000, 0x0000000680000000| Complete 
|   1|0x0000000680400000, 0x0000000680800000, 0x0000000680800000|100%| O|  |TAMS 0x0000000680800000, 0x0000000680400000| Untracked 
|   2|0x0000000680800000, 0x0000000680c00000, 0x0000000680c00000|100%| O|  |TAMS 0x0000000680c00000, 0x0000000680800000| Untracked 
|   3|0x0000000680c00000, 0x0000000681000000, 0x0000000681000000|100%| O|  |TAMS 0x0000000681000000, 0x0000000680c00000| Untracked 
|   4|0x0000000681000000, 0x0000000681400000, 0x0000000681400000|100%| O|  |TAMS 0x0000000681400000, 0x0000000681000000| Untracked 
|   5|0x0000000681400000, 0x0000000681800000, 0x0000000681800000|100%| O|  |TAMS 0x0000000681800000, 0x0000000681400000| Untracked 
|   6|0x0000000681800000, 0x0000000681c00000, 0x0000000681c00000|100%| O|  |TAMS 0x0000000681c00000, 0x0000000681800000| Untracked 
|   7|0x0000000681c00000, 0x0000000682000000, 0x0000000682000000|100%| O|  |TAMS 0x0000000682000000, 0x0000000681c00000| Untracked 
|   8|0x0000000682000000, 0x0000000682400000, 0x0000000682400000|100%| O|  |TAMS 0x0000000682400000, 0x0000000682000000| Untracked 
|   9|0x0000000682400000, 0x0000000682800000, 0x0000000682800000|100%| O|  |TAMS 0x0000000682800000, 0x0000000682400000| Untracked 
|  10|0x0000000682800000, 0x0000000682c00000, 0x0000000682c00000|100%| O|  |TAMS 0x0000000682c00000, 0x0000000682800000| Untracked 
|  11|0x0000000682c00000, 0x0000000683000000, 0x0000000683000000|100%| O|  |TAMS 0x0000000683000000, 0x0000000682c00000| Untracked 
|  12|0x0000000683000000, 0x0000000683400000, 0x0000000683400000|100%| O|  |TAMS 0x0000000683400000, 0x0000000683000000| Untracked 
|  13|0x0000000683400000, 0x0000000683800000, 0x0000000683800000|100%| O|  |TAMS 0x0000000683800000, 0x0000000683400000| Untracked 
|  14|0x0000000683800000, 0x0000000683c00000, 0x0000000683c00000|100%| O|  |TAMS 0x0000000683c00000, 0x0000000683800000| Untracked 
|  15|0x0000000683c00000, 0x0000000684000000, 0x0000000684000000|100%| O|  |TAMS 0x0000000684000000, 0x0000000683c00000| Untracked 
|  16|0x0000000684000000, 0x0000000684400000, 0x0000000684400000|100%| O|  |TAMS 0x0000000684400000, 0x0000000684000000| Untracked 
|  17|0x0000000684400000, 0x0000000684800000, 0x0000000684800000|100%| O|  |TAMS 0x0000000684800000, 0x0000000684400000| Untracked 
|  18|0x0000000684800000, 0x0000000684c00000, 0x0000000684c00000|100%| O|  |TAMS 0x0000000684c00000, 0x0000000684800000| Untracked 
|  19|0x0000000684c00000, 0x0000000685000000, 0x0000000685000000|100%| O|  |TAMS 0x0000000685000000, 0x0000000684c00000| Untracked 
|  20|0x0000000685000000, 0x0000000685400000, 0x0000000685400000|100%| O|  |TAMS 0x0000000685400000, 0x0000000685000000| Untracked 
|  21|0x0000000685400000, 0x0000000685800000, 0x0000000685800000|100%| O|  |TAMS 0x0000000685800000, 0x0000000685400000| Untracked 
|  22|0x0000000685800000, 0x0000000685c00000, 0x0000000685c00000|100%| O|  |TAMS 0x0000000685c00000, 0x0000000685800000| Untracked 
|  23|0x0000000685c00000, 0x0000000686000000, 0x0000000686000000|100%| O|  |TAMS 0x0000000686000000, 0x0000000685c00000| Untracked 
|  24|0x0000000686000000, 0x0000000686400000, 0x0000000686400000|100%| O|  |TAMS 0x0000000686400000, 0x0000000686000000| Untracked 
|  25|0x0000000686400000, 0x0000000686800000, 0x0000000686800000|100%| O|  |TAMS 0x0000000686800000, 0x0000000686400000| Untracked 
|  26|0x0000000686800000, 0x0000000686c00000, 0x0000000686c00000|100%| O|  |TAMS 0x0000000686c00000, 0x0000000686800000| Untracked 
|  27|0x0000000686c00000, 0x0000000687000000, 0x0000000687000000|100%| O|  |TAMS 0x0000000687000000, 0x0000000686c00000| Untracked 
|  28|0x0000000687000000, 0x0000000687400000, 0x0000000687400000|100%| O|  |TAMS 0x0000000687400000, 0x0000000687000000| Untracked 
|  29|0x0000000687400000, 0x0000000687800000, 0x0000000687800000|100%| O|  |TAMS 0x0000000687800000, 0x0000000687400000| Untracked 
|  30|0x0000000687800000, 0x0000000687c00000, 0x0000000687c00000|100%| O|  |TAMS 0x0000000687c00000, 0x0000000687800000| Untracked 
|  31|0x0000000687c00000, 0x0000000688000000, 0x0000000688000000|100%| O|  |TAMS 0x0000000688000000, 0x0000000687c00000| Untracked 
|  32|0x0000000688000000, 0x0000000688400000, 0x0000000688400000|100%| O|  |TAMS 0x0000000688400000, 0x0000000688000000| Untracked 
|  33|0x0000000688400000, 0x0000000688800000, 0x0000000688800000|100%| O|  |TAMS 0x0000000688800000, 0x0000000688400000| Untracked 
|  34|0x0000000688800000, 0x0000000688c00000, 0x0000000688c00000|100%| O|  |TAMS 0x0000000688c00000, 0x0000000688800000| Untracked 
|  35|0x0000000688c00000, 0x0000000689000000, 0x0000000689000000|100%| O|  |TAMS 0x0000000689000000, 0x0000000688c00000| Untracked 
|  36|0x0000000689000000, 0x0000000689400000, 0x0000000689400000|100%| O|  |TAMS 0x0000000689400000, 0x0000000689000000| Untracked 
|  37|0x0000000689400000, 0x0000000689800000, 0x0000000689800000|100%| O|  |TAMS 0x0000000689800000, 0x0000000689400000| Untracked 
|  38|0x0000000689800000, 0x0000000689c00000, 0x0000000689c00000|100%| O|  |TAMS 0x0000000689c00000, 0x0000000689800000| Untracked 
|  39|0x0000000689c00000, 0x000000068a000000, 0x000000068a000000|100%| O|  |TAMS 0x000000068a000000, 0x0000000689c00000| Untracked 
|  40|0x000000068a000000, 0x000000068a400000, 0x000000068a400000|100%| O|  |TAMS 0x000000068a400000, 0x000000068a000000| Untracked 
|  41|0x000000068a400000, 0x000000068a800000, 0x000000068a800000|100%| O|  |TAMS 0x000000068a800000, 0x000000068a400000| Untracked 
|  42|0x000000068a800000, 0x000000068ac00000, 0x000000068ac00000|100%| O|  |TAMS 0x000000068ac00000, 0x000000068a800000| Untracked 
|  43|0x000000068ac00000, 0x000000068b000000, 0x000000068b000000|100%| O|  |TAMS 0x000000068b000000, 0x000000068ac00000| Untracked 
|  44|0x000000068b000000, 0x000000068b400000, 0x000000068b400000|100%| O|  |TAMS 0x000000068b400000, 0x000000068b000000| Untracked 
|  45|0x000000068b400000, 0x000000068b800000, 0x000000068b800000|100%| O|  |TAMS 0x000000068b800000, 0x000000068b400000| Untracked 
|  46|0x000000068b800000, 0x000000068bc00000, 0x000000068bc00000|100%| O|  |TAMS 0x000000068bc00000, 0x000000068b800000| Untracked 
|  47|0x000000068bc00000, 0x000000068c000000, 0x000000068c000000|100%| O|  |TAMS 0x000000068c000000, 0x000000068bc00000| Untracked 
|  48|0x000000068c000000, 0x000000068c400000, 0x000000068c400000|100%| O|  |TAMS 0x000000068c400000, 0x000000068c000000| Untracked 
|  49|0x000000068c400000, 0x000000068c800000, 0x000000068c800000|100%| O|  |TAMS 0x000000068c800000, 0x000000068c400000| Untracked 
|  50|0x000000068c800000, 0x000000068c800000, 0x000000068cc00000|  0%| F|  |TAMS 0x000000068c800000, 0x000000068c800000| Untracked 
|  51|0x000000068cc00000, 0x000000068cf70200, 0x000000068d000000| 85%| O|  |TAMS 0x000000068cc00000, 0x000000068cc00000| Untracked 
|  52|0x000000068d000000, 0x000000068d400000, 0x000000068d400000|100%| O|  |TAMS 0x000000068d400000, 0x000000068d000000| Untracked 
|  53|0x000000068d400000, 0x000000068d800000, 0x000000068d800000|100%| O|  |TAMS 0x000000068d800000, 0x000000068d400000| Untracked 
|  54|0x000000068d800000, 0x000000068d800000, 0x000000068dc00000|  0%| F|  |TAMS 0x000000068d800000, 0x000000068d800000| Untracked 
|  55|0x000000068dc00000, 0x000000068dc00000, 0x000000068e000000|  0%| F|  |TAMS 0x000000068dc00000, 0x000000068dc00000| Untracked 
|  56|0x000000068e000000, 0x000000068e000000, 0x000000068e400000|  0%| F|  |TAMS 0x000000068e000000, 0x000000068e000000| Untracked 
|  57|0x000000068e400000, 0x000000068e400000, 0x000000068e800000|  0%| F|  |TAMS 0x000000068e400000, 0x000000068e400000| Untracked 
|  58|0x000000068e800000, 0x000000068e800000, 0x000000068ec00000|  0%| F|  |TAMS 0x000000068e800000, 0x000000068e800000| Untracked 
|  59|0x000000068ec00000, 0x000000068ec00000, 0x000000068f000000|  0%| F|  |TAMS 0x000000068ec00000, 0x000000068ec00000| Untracked 
|  60|0x000000068f000000, 0x000000068f000000, 0x000000068f400000|  0%| F|  |TAMS 0x000000068f000000, 0x000000068f000000| Untracked 
|  61|0x000000068f400000, 0x000000068f400000, 0x000000068f800000|  0%| F|  |TAMS 0x000000068f400000, 0x000000068f400000| Untracked 
|  62|0x000000068f800000, 0x000000068f800000, 0x000000068fc00000|  0%| F|  |TAMS 0x000000068f800000, 0x000000068f800000| Untracked 
|  63|0x000000068fc00000, 0x000000068fc00000, 0x0000000690000000|  0%| F|  |TAMS 0x000000068fc00000, 0x000000068fc00000| Untracked 
|  64|0x0000000690000000, 0x0000000690000000, 0x0000000690400000|  0%| F|  |TAMS 0x0000000690000000, 0x0000000690000000| Untracked 
|  65|0x0000000690400000, 0x0000000690400000, 0x0000000690800000|  0%| F|  |TAMS 0x0000000690400000, 0x0000000690400000| Untracked 
|  66|0x0000000690800000, 0x0000000690800000, 0x0000000690c00000|  0%| F|  |TAMS 0x0000000690800000, 0x0000000690800000| Untracked 
|  67|0x0000000690c00000, 0x0000000690c00000, 0x0000000691000000|  0%| F|  |TAMS 0x0000000690c00000, 0x0000000690c00000| Untracked 
|  68|0x0000000691000000, 0x0000000691000000, 0x0000000691400000|  0%| F|  |TAMS 0x0000000691000000, 0x0000000691000000| Untracked 
|  69|0x0000000691400000, 0x0000000691400000, 0x0000000691800000|  0%| F|  |TAMS 0x0000000691400000, 0x0000000691400000| Untracked 
|  70|0x0000000691800000, 0x0000000691800000, 0x0000000691c00000|  0%| F|  |TAMS 0x0000000691800000, 0x0000000691800000| Untracked 
|  71|0x0000000691c00000, 0x0000000691c00000, 0x0000000692000000|  0%| F|  |TAMS 0x0000000691c00000, 0x0000000691c00000| Untracked 
|  72|0x0000000692000000, 0x0000000692000000, 0x0000000692400000|  0%| F|  |TAMS 0x0000000692000000, 0x0000000692000000| Untracked 
|  73|0x0000000692400000, 0x0000000692400000, 0x0000000692800000|  0%| F|  |TAMS 0x0000000692400000, 0x0000000692400000| Untracked 
|  74|0x0000000692800000, 0x0000000692b50c88, 0x0000000692c00000| 82%| S|CS|TAMS 0x0000000692800000, 0x0000000692800000| Complete 
|  75|0x0000000692c00000, 0x0000000693000000, 0x0000000693000000|100%| S|CS|TAMS 0x0000000692c00000, 0x0000000692c00000| Complete 
|  76|0x0000000693000000, 0x0000000693400000, 0x0000000693400000|100%| S|CS|TAMS 0x0000000693000000, 0x0000000693000000| Complete 
|  77|0x0000000693400000, 0x0000000693400000, 0x0000000693800000|  0%| F|  |TAMS 0x0000000693400000, 0x0000000693400000| Untracked 
|  78|0x0000000693800000, 0x0000000693800000, 0x0000000693c00000|  0%| F|  |TAMS 0x0000000693800000, 0x0000000693800000| Untracked 
|  79|0x0000000693c00000, 0x0000000693c00000, 0x0000000694000000|  0%| F|  |TAMS 0x0000000693c00000, 0x0000000693c00000| Untracked 
|  80|0x0000000694000000, 0x0000000694000000, 0x0000000694400000|  0%| F|  |TAMS 0x0000000694000000, 0x0000000694000000| Untracked 
|  81|0x0000000694400000, 0x0000000694400000, 0x0000000694800000|  0%| F|  |TAMS 0x0000000694400000, 0x0000000694400000| Untracked 
|  82|0x0000000694800000, 0x0000000694800000, 0x0000000694c00000|  0%| F|  |TAMS 0x0000000694800000, 0x0000000694800000| Untracked 
|  83|0x0000000694c00000, 0x0000000694c00000, 0x0000000695000000|  0%| F|  |TAMS 0x0000000694c00000, 0x0000000694c00000| Untracked 
|  84|0x0000000695000000, 0x0000000695000000, 0x0000000695400000|  0%| F|  |TAMS 0x0000000695000000, 0x0000000695000000| Untracked 
|  85|0x0000000695400000, 0x0000000695400000, 0x0000000695800000|  0%| F|  |TAMS 0x0000000695400000, 0x0000000695400000| Untracked 
|  86|0x0000000695800000, 0x0000000695800000, 0x0000000695c00000|  0%| F|  |TAMS 0x0000000695800000, 0x0000000695800000| Untracked 
|  87|0x0000000695c00000, 0x0000000695c00000, 0x0000000696000000|  0%| F|  |TAMS 0x0000000695c00000, 0x0000000695c00000| Untracked 
|  88|0x0000000696000000, 0x0000000696000000, 0x0000000696400000|  0%| F|  |TAMS 0x0000000696000000, 0x0000000696000000| Untracked 
|  89|0x0000000696400000, 0x0000000696400000, 0x0000000696800000|  0%| F|  |TAMS 0x0000000696400000, 0x0000000696400000| Untracked 
|  90|0x0000000696800000, 0x0000000696800000, 0x0000000696c00000|  0%| F|  |TAMS 0x0000000696800000, 0x0000000696800000| Untracked 
|  91|0x0000000696c00000, 0x0000000696c00000, 0x0000000697000000|  0%| F|  |TAMS 0x0000000696c00000, 0x0000000696c00000| Untracked 
|  92|0x0000000697000000, 0x0000000697000000, 0x0000000697400000|  0%| F|  |TAMS 0x0000000697000000, 0x0000000697000000| Untracked 
|  93|0x0000000697400000, 0x0000000697400000, 0x0000000697800000|  0%| F|  |TAMS 0x0000000697400000, 0x0000000697400000| Untracked 
|  94|0x0000000697800000, 0x0000000697800000, 0x0000000697c00000|  0%| F|  |TAMS 0x0000000697800000, 0x0000000697800000| Untracked 
|  95|0x0000000697c00000, 0x0000000697c00000, 0x0000000698000000|  0%| F|  |TAMS 0x0000000697c00000, 0x0000000697c00000| Untracked 
|  96|0x0000000698000000, 0x0000000698000000, 0x0000000698400000|  0%| F|  |TAMS 0x0000000698000000, 0x0000000698000000| Untracked 
|  97|0x0000000698400000, 0x0000000698400000, 0x0000000698800000|  0%| F|  |TAMS 0x0000000698400000, 0x0000000698400000| Untracked 
|  98|0x0000000698800000, 0x0000000698800000, 0x0000000698c00000|  0%| F|  |TAMS 0x0000000698800000, 0x0000000698800000| Untracked 
|  99|0x0000000698c00000, 0x0000000698c00000, 0x0000000699000000|  0%| F|  |TAMS 0x0000000698c00000, 0x0000000698c00000| Untracked 
| 100|0x0000000699000000, 0x0000000699000000, 0x0000000699400000|  0%| F|  |TAMS 0x0000000699000000, 0x0000000699000000| Untracked 
| 101|0x0000000699400000, 0x0000000699400000, 0x0000000699800000|  0%| F|  |TAMS 0x0000000699400000, 0x0000000699400000| Untracked 
| 102|0x0000000699800000, 0x0000000699800000, 0x0000000699c00000|  0%| F|  |TAMS 0x0000000699800000, 0x0000000699800000| Untracked 
| 103|0x0000000699c00000, 0x0000000699c00000, 0x000000069a000000|  0%| F|  |TAMS 0x0000000699c00000, 0x0000000699c00000| Untracked 
| 104|0x000000069a000000, 0x000000069a000000, 0x000000069a400000|  0%| F|  |TAMS 0x000000069a000000, 0x000000069a000000| Untracked 
| 105|0x000000069a400000, 0x000000069a40cf88, 0x000000069a800000|  1%| E|  |TAMS 0x000000069a400000, 0x000000069a400000| Complete 
| 106|0x000000069a800000, 0x000000069ac00000, 0x000000069ac00000|100%| E|CS|TAMS 0x000000069a800000, 0x000000069a800000| Complete 
| 107|0x000000069ac00000, 0x000000069b000000, 0x000000069b000000|100%| E|CS|TAMS 0x000000069ac00000, 0x000000069ac00000| Complete 
| 108|0x000000069b000000, 0x000000069b400000, 0x000000069b400000|100%| E|CS|TAMS 0x000000069b000000, 0x000000069b000000| Complete 
| 109|0x000000069b400000, 0x000000069b800000, 0x000000069b800000|100%| E|CS|TAMS 0x000000069b400000, 0x000000069b400000| Complete 
| 110|0x000000069b800000, 0x000000069bc00000, 0x000000069bc00000|100%| E|CS|TAMS 0x000000069b800000, 0x000000069b800000| Complete 
| 111|0x000000069bc00000, 0x000000069c000000, 0x000000069c000000|100%| E|CS|TAMS 0x000000069bc00000, 0x000000069bc00000| Complete 
| 112|0x000000069c000000, 0x000000069c400000, 0x000000069c400000|100%| E|CS|TAMS 0x000000069c000000, 0x000000069c000000| Complete 
| 113|0x000000069c400000, 0x000000069c800000, 0x000000069c800000|100%| E|CS|TAMS 0x000000069c400000, 0x000000069c400000| Complete 
| 114|0x000000069c800000, 0x000000069cc00000, 0x000000069cc00000|100%| E|CS|TAMS 0x000000069c800000, 0x000000069c800000| Complete 
| 115|0x000000069cc00000, 0x000000069d000000, 0x000000069d000000|100%| E|CS|TAMS 0x000000069cc00000, 0x000000069cc00000| Complete 
| 116|0x000000069d000000, 0x000000069d400000, 0x000000069d400000|100%| E|CS|TAMS 0x000000069d000000, 0x000000069d000000| Complete 
| 117|0x000000069d400000, 0x000000069d800000, 0x000000069d800000|100%| E|CS|TAMS 0x000000069d400000, 0x000000069d400000| Complete 
| 118|0x000000069d800000, 0x000000069dc00000, 0x000000069dc00000|100%| E|CS|TAMS 0x000000069d800000, 0x000000069d800000| Complete 
| 119|0x000000069dc00000, 0x000000069e000000, 0x000000069e000000|100%| E|CS|TAMS 0x000000069dc00000, 0x000000069dc00000| Complete 
| 120|0x000000069e000000, 0x000000069e400000, 0x000000069e400000|100%| E|CS|TAMS 0x000000069e000000, 0x000000069e000000| Complete 
| 121|0x000000069e400000, 0x000000069e800000, 0x000000069e800000|100%| E|CS|TAMS 0x000000069e400000, 0x000000069e400000| Complete 
| 122|0x000000069e800000, 0x000000069ec00000, 0x000000069ec00000|100%| E|CS|TAMS 0x000000069e800000, 0x000000069e800000| Complete 
| 123|0x000000069ec00000, 0x000000069f000000, 0x000000069f000000|100%| E|CS|TAMS 0x000000069ec00000, 0x000000069ec00000| Complete 
| 124|0x000000069f000000, 0x000000069f400000, 0x000000069f400000|100%| E|CS|TAMS 0x000000069f000000, 0x000000069f000000| Complete 
| 125|0x000000069f400000, 0x000000069f800000, 0x000000069f800000|100%| E|CS|TAMS 0x000000069f400000, 0x000000069f400000| Complete 
| 126|0x000000069f800000, 0x000000069fc00000, 0x000000069fc00000|100%| E|CS|TAMS 0x000000069f800000, 0x000000069f800000| Complete 
| 127|0x000000069fc00000, 0x00000006a0000000, 0x00000006a0000000|100%| E|CS|TAMS 0x000000069fc00000, 0x000000069fc00000| Complete 
| 128|0x00000006a0000000, 0x00000006a0400000, 0x00000006a0400000|100%| E|CS|TAMS 0x00000006a0000000, 0x00000006a0000000| Complete 
| 129|0x00000006a0400000, 0x00000006a0800000, 0x00000006a0800000|100%| E|CS|TAMS 0x00000006a0400000, 0x00000006a0400000| Complete 
| 130|0x00000006a0800000, 0x00000006a0c00000, 0x00000006a0c00000|100%| E|CS|TAMS 0x00000006a0800000, 0x00000006a0800000| Complete 
| 131|0x00000006a0c00000, 0x00000006a1000000, 0x00000006a1000000|100%| E|CS|TAMS 0x00000006a0c00000, 0x00000006a0c00000| Complete 
| 132|0x00000006a1000000, 0x00000006a1400000, 0x00000006a1400000|100%| E|CS|TAMS 0x00000006a1000000, 0x00000006a1000000| Complete 
| 133|0x00000006a1400000, 0x00000006a1800000, 0x00000006a1800000|100%| E|CS|TAMS 0x00000006a1400000, 0x00000006a1400000| Complete 
| 134|0x00000006a1800000, 0x00000006a1c00000, 0x00000006a1c00000|100%| E|CS|TAMS 0x00000006a1800000, 0x00000006a1800000| Complete 
| 135|0x00000006a1c00000, 0x00000006a2000000, 0x00000006a2000000|100%| E|CS|TAMS 0x00000006a1c00000, 0x00000006a1c00000| Complete 
| 136|0x00000006a2000000, 0x00000006a2400000, 0x00000006a2400000|100%| E|CS|TAMS 0x00000006a2000000, 0x00000006a2000000| Complete 

Card table byte_map: [0x000002aed6c40000,0x000002aed7840000] _byte_map_base: 0x000002aed3840000

Marking Bits (Prev, Next): (CMBitMap*) 0x000002aebd5c3460, (CMBitMap*) 0x000002aebd5c34a0
 Prev Bits: [0x000002aed8440000, 0x000002aede440000)
 Next Bits: [0x000002aede440000, 0x000002aee4440000)

Polling page: 0x000002aebd3e0000

Metaspace:

Usage:
  Non-class:     86.33 MB used.
      Class:     13.88 MB used.
       Both:    100.21 MB used.

Virtual space:
  Non-class space:      128.00 MB reserved,      87.56 MB ( 68%) committed,  2 nodes.
      Class space:        1.00 GB reserved,      14.88 MB (  1%) committed,  1 nodes.
             Both:        1.12 GB reserved,     102.44 MB (  9%) committed. 

Chunk freelists:
   Non-Class:  7.79 MB
       Class:  1.18 MB
        Both:  8.98 MB

MaxMetaspaceSize: unlimited
CompressedClassSpaceSize: 1.00 GB
Initial GC threshold: 21.00 MB
Current GC threshold: 170.56 MB
CDS: on
MetaspaceReclaimPolicy: balanced
 - commit_granule_bytes: 65536.
 - commit_granule_words: 8192.
 - virtual_space_node_default_size: 8388608.
 - enlarge_chunks_in_place: 1.
 - new_chunks_are_fully_committed: 0.
 - uncommit_free_chunks: 1.
 - use_allocation_guard: 0.
 - handle_deallocations: 1.


Internal statistics:

num_allocs_failed_limit: 12.
num_arena_births: 2428.
num_arena_deaths: 4.
num_vsnodes_births: 3.
num_vsnodes_deaths: 0.
num_space_committed: 1639.
num_space_uncommitted: 0.
num_chunks_returned_to_freelist: 17.
num_chunks_taken_from_freelist: 7676.
num_chunk_merges: 6.
num_chunk_splits: 4529.
num_chunks_enlarged: 2350.
num_inconsistent_stats: 0.

CodeHeap 'non-profiled nmethods': size=120000Kb used=14554Kb max_used=14554Kb free=105445Kb
 bounds [0x000002aece0b0000, 0x000002aeceef0000, 0x000002aed55e0000]
CodeHeap 'profiled nmethods': size=120000Kb used=31066Kb max_used=33472Kb free=88933Kb
 bounds [0x000002aec65e0000, 0x000002aec86a0000, 0x000002aecdb10000]
CodeHeap 'non-nmethods': size=5760Kb used=2444Kb max_used=2536Kb free=3315Kb
 bounds [0x000002aecdb10000, 0x000002aecdda0000, 0x000002aece0b0000]
 total_blobs=16791 nmethods=15822 adapters=879
 compilation: enabled
              stopped_count=0, restarted_count=0
 full_count=0

Compilation events (20 events):
Event: 70.454 Thread 0x000002af335fb190 nmethod 19312 0x000002aeceec3d90 code [0x000002aeceec3f20, 0x000002aeceec3ff8]
Event: 70.454 Thread 0x000002af335fb190 19322       4       com.google.common.collect.ImmutableSortedMap$1EntrySet$1::get (6 bytes)
Event: 70.473 Thread 0x000002af335fb190 nmethod 19322 0x000002aeceec4090 code [0x000002aeceec4260, 0x000002aeceec4918]
Event: 70.473 Thread 0x000002af335fb190 19308       4       org.gradle.api.internal.provider.AbstractMinimalProvider::calculateValue (15 bytes)
Event: 70.476 Thread 0x000002af335fb190 nmethod 19308 0x000002aeceec4e10 code [0x000002aeceec4fa0, 0x000002aeceec5098]
Event: 70.476 Thread 0x000002af335fb190 19307       4       io.spring.gradle.dependencymanagement.org.apache.maven.model.validation.DefaultModelValidator::validate20PluginVersion (107 bytes)
Event: 70.497 Thread 0x000002af335fb190 nmethod 19307 0x000002aeceec5210 code [0x000002aeceec53e0, 0x000002aeceec5c88]
Event: 70.497 Thread 0x000002af335fb190 19323       4       java.nio.charset.Charset::lookup (44 bytes)
Event: 70.503 Thread 0x000002af335fb190 nmethod 19323 0x000002aeceec6190 code [0x000002aeceec6320, 0x000002aeceec65e8]
Event: 70.563 Thread 0x000002af335fb190 19324       4       io.spring.gradle.dependencymanagement.org.apache.maven.model.io.xpp3.MavenXpp3ReaderEx::parsePlugin (797 bytes)
Event: 70.578 Thread 0x000002af2d7d9d70 nmethod 19300 0x000002aeceec6790 code [0x000002aeceec6fe0, 0x000002aeceed0b68]
Event: 70.579 Thread 0x000002af2d7d9d70 19326       4       io.spring.gradle.dependencymanagement.org.apache.maven.model.normalization.DefaultModelNormalizer::mergeDuplicates (264 bytes)
Event: 70.591 Thread 0x000002aee6ed5e00 19328       1       io.spring.gradle.dependencymanagement.org.apache.maven.model.ActivationOS::getArch (5 bytes)
Event: 70.591 Thread 0x000002aee6ed5e00 nmethod 19328 0x000002aeceed5190 code [0x000002aeceed5320, 0x000002aeceed53f8]
Event: 70.598 Thread 0x000002aee6ed2420 nmethod 19321% 0x000002aeceed5490 code [0x000002aeceed57a0, 0x000002aeceed9080]
Event: 70.598 Thread 0x000002aee6ed2420 19327       4       com.google.common.cache.LocalCache::<init> (464 bytes)
Event: 70.634 Thread 0x000002aee6ed5e00 19331       3       io.spring.gradle.dependencymanagement.org.apache.maven.model.merge.ModelMerger$SourceDominant::merge (13 bytes)
Event: 70.635 Thread 0x000002aee6ed5e00 nmethod 19331 0x000002aec7362b90 code [0x000002aec7362d20, 0x000002aec7362e78]
Event: 70.809 Thread 0x000002af335fb190 nmethod 19324 0x000002aeceeda890 code [0x000002aeceedad00, 0x000002aeceede8d8]
Event: 70.810 Thread 0x000002af335fb190 19335       4       io.spring.gradle.dependencymanagement.org.apache.maven.model.io.xpp3.MavenXpp3Reader::parsePluginExecution (345 bytes)

GC Heap History (20 events):
Event: 51.064 GC heap before
{Heap before GC invocations=49 (full 0):
 garbage-first heap   total 421888K, used 322848K [0x0000000680000000, 0x0000000800000000)
  region size 4096K, 48 young (196608K), 6 survivors (24576K)
 Metaspace       used 98784K, committed 100736K, reserved 1179648K
  class space    used 13744K, committed 14592K, reserved 1048576K
}
Event: 51.105 GC heap after
{Heap after GC invocations=50 (full 0):
 garbage-first heap   total 421888K, used 167090K [0x0000000680000000, 0x0000000800000000)
  region size 4096K, 4 young (16384K), 4 survivors (16384K)
 Metaspace       used 98784K, committed 100736K, reserved 1179648K
  class space    used 13744K, committed 14592K, reserved 1048576K
}
Event: 55.415 GC heap before
{Heap before GC invocations=50 (full 0):
 garbage-first heap   total 421888K, used 326834K [0x0000000680000000, 0x0000000800000000)
  region size 4096K, 43 young (176128K), 4 survivors (16384K)
 Metaspace       used 101467K, committed 103680K, reserved 1179648K
  class space    used 14171K, committed 15168K, reserved 1048576K
}
Event: 55.455 GC heap after
{Heap after GC invocations=51 (full 0):
 garbage-first heap   total 421888K, used 189642K [0x0000000680000000, 0x0000000800000000)
  region size 4096K, 6 young (24576K), 6 survivors (24576K)
 Metaspace       used 101467K, committed 103680K, reserved 1179648K
  class space    used 14171K, committed 15168K, reserved 1048576K
}
Event: 58.128 GC heap before
{Heap before GC invocations=51 (full 0):
 garbage-first heap   total 421888K, used 324810K [0x0000000680000000, 0x0000000800000000)
  region size 4096K, 39 young (159744K), 6 survivors (24576K)
 Metaspace       used 101885K, committed 104128K, reserved 1179648K
  class space    used 14180K, committed 15168K, reserved 1048576K
}
Event: 58.160 GC heap after
{Heap after GC invocations=52 (full 0):
 garbage-first heap   total 421888K, used 202228K [0x0000000680000000, 0x0000000800000000)
  region size 4096K, 4 young (16384K), 4 survivors (16384K)
 Metaspace       used 101885K, committed 104128K, reserved 1179648K
  class space    used 14180K, committed 15168K, reserved 1048576K
}
Event: 59.858 GC heap before
{Heap before GC invocations=52 (full 0):
 garbage-first heap   total 421888K, used 333300K [0x0000000680000000, 0x0000000800000000)
  region size 4096K, 36 young (147456K), 4 survivors (16384K)
 Metaspace       used 102098K, committed 104320K, reserved 1179648K
  class space    used 14181K, committed 15168K, reserved 1048576K
}
Event: 59.884 GC heap after
{Heap after GC invocations=53 (full 0):
 garbage-first heap   total 421888K, used 215469K [0x0000000680000000, 0x0000000800000000)
  region size 4096K, 4 young (16384K), 4 survivors (16384K)
 Metaspace       used 102098K, committed 104320K, reserved 1179648K
  class space    used 14181K, committed 15168K, reserved 1048576K
}
Event: 61.527 GC heap before
{Heap before GC invocations=53 (full 0):
 garbage-first heap   total 421888K, used 338349K [0x0000000680000000, 0x0000000800000000)
  region size 4096K, 34 young (139264K), 4 survivors (16384K)
 Metaspace       used 102262K, committed 104448K, reserved 1179648K
  class space    used 14188K, committed 15168K, reserved 1048576K
}
Event: 61.553 GC heap after
{Heap after GC invocations=54 (full 0):
 garbage-first heap   total 421888K, used 226649K [0x0000000680000000, 0x0000000800000000)
  region size 4096K, 3 young (12288K), 3 survivors (12288K)
 Metaspace       used 102262K, committed 104448K, reserved 1179648K
  class space    used 14188K, committed 15168K, reserved 1048576K
}
Event: 62.812 GC heap before
{Heap before GC invocations=55 (full 0):
 garbage-first heap   total 466944K, used 337241K [0x0000000680000000, 0x0000000800000000)
  region size 4096K, 30 young (122880K), 3 survivors (12288K)
 Metaspace       used 102411K, committed 104576K, reserved 1179648K
  class space    used 14204K, committed 15168K, reserved 1048576K
}
Event: 62.827 GC heap after
{Heap after GC invocations=56 (full 0):
 garbage-first heap   total 466944K, used 227542K [0x0000000680000000, 0x0000000800000000)
  region size 4096K, 2 young (8192K), 2 survivors (8192K)
 Metaspace       used 102411K, committed 104576K, reserved 1179648K
  class space    used 14204K, committed 15168K, reserved 1048576K
}
Event: 64.817 GC heap before
{Heap before GC invocations=56 (full 0):
 garbage-first heap   total 466944K, used 370902K [0x0000000680000000, 0x0000000800000000)
  region size 4096K, 37 young (151552K), 2 survivors (8192K)
 Metaspace       used 102525K, committed 104768K, reserved 1179648K
  class space    used 14213K, committed 15232K, reserved 1048576K
}
Event: 64.833 GC heap after
{Heap after GC invocations=57 (full 0):
 garbage-first heap   total 561152K, used 233105K [0x0000000680000000, 0x0000000800000000)
  region size 4096K, 3 young (12288K), 3 survivors (12288K)
 Metaspace       used 102525K, committed 104768K, reserved 1179648K
  class space    used 14213K, committed 15232K, reserved 1048576K
}
Event: 67.152 GC heap before
{Heap before GC invocations=58 (full 0):
 garbage-first heap   total 561152K, used 437571K [0x0000000680000000, 0x0000000800000000)
  region size 4096K, 54 young (221184K), 3 survivors (12288K)
 Metaspace       used 102546K, committed 104832K, reserved 1179648K
  class space    used 14215K, committed 15232K, reserved 1048576K
}
Event: 67.161 GC heap after
{Heap after GC invocations=59 (full 0):
 garbage-first heap   total 561152K, used 223155K [0x0000000680000000, 0x0000000800000000)
  region size 4096K, 2 young (8192K), 2 survivors (8192K)
 Metaspace       used 102546K, committed 104832K, reserved 1179648K
  class space    used 14215K, committed 15232K, reserved 1048576K
}
Event: 67.260 GC heap before
{Heap before GC invocations=59 (full 0):
 garbage-first heap   total 561152K, used 239539K [0x0000000680000000, 0x0000000800000000)
  region size 4096K, 6 young (24576K), 2 survivors (8192K)
 Metaspace       used 102559K, committed 104832K, reserved 1179648K
  class space    used 14216K, committed 15232K, reserved 1048576K
}
Event: 67.268 GC heap after
{Heap after GC invocations=60 (full 0):
 garbage-first heap   total 561152K, used 220571K [0x0000000680000000, 0x0000000800000000)
  region size 4096K, 1 young (4096K), 1 survivors (4096K)
 Metaspace       used 102559K, committed 104832K, reserved 1179648K
  class space    used 14216K, committed 15232K, reserved 1048576K
}
Event: 69.595 GC heap before
{Heap before GC invocations=60 (full 0):
 garbage-first heap   total 561152K, used 462235K [0x0000000680000000, 0x0000000800000000)
  region size 4096K, 60 young (245760K), 1 survivors (4096K)
 Metaspace       used 102612K, committed 104896K, reserved 1179648K
  class space    used 14217K, committed 15232K, reserved 1048576K
}
Event: 69.609 GC heap after
{Heap after GC invocations=61 (full 0):
 garbage-first heap   total 561152K, used 228099K [0x0000000680000000, 0x0000000800000000)
  region size 4096K, 3 young (12288K), 3 survivors (12288K)
 Metaspace       used 102612K, committed 104896K, reserved 1179648K
  class space    used 14217K, committed 15232K, reserved 1048576K
}

Deoptimization events (20 events):
Event: 67.236 Thread 0x000002af2d147d50 DEOPT PACKING pc=0x000002aecee19f94 sp=0x000000bd58af9080
Event: 67.236 Thread 0x000002af2d147d50 DEOPT UNPACKING pc=0x000002aecdb65ba3 sp=0x000000bd58af8fd0 mode 2
Event: 67.590 Thread 0x000002af2d147d50 Uncommon trap: trap_request=0xffffffbe fr.pc=0x000002aecee19f94 relative=0x0000000000001354
Event: 67.590 Thread 0x000002af2d147d50 Uncommon trap: reason=profile_predicate action=maybe_recompile pc=0x000002aecee19f94 method=org.gradle.api.internal.artifacts.ivyservice.resolveengine.graph.builder.NodeState.forEachCapability(Lorg/gradle/api/internal/artifacts/ivyservice/resolveengine/gr
Event: 67.590 Thread 0x000002af2d147d50 DEOPT PACKING pc=0x000002aecee19f94 sp=0x000000bd58af9db0
Event: 67.590 Thread 0x000002af2d147d50 DEOPT UNPACKING pc=0x000002aecdb65ba3 sp=0x000000bd58af9d00 mode 2
Event: 67.679 Thread 0x000002af2d147d50 Uncommon trap: trap_request=0xffffffbe fr.pc=0x000002aecee19f94 relative=0x0000000000001354
Event: 67.679 Thread 0x000002af2d147d50 Uncommon trap: reason=profile_predicate action=maybe_recompile pc=0x000002aecee19f94 method=org.gradle.api.internal.artifacts.ivyservice.resolveengine.graph.builder.NodeState.forEachCapability(Lorg/gradle/api/internal/artifacts/ivyservice/resolveengine/gr
Event: 67.679 Thread 0x000002af2d147d50 DEOPT PACKING pc=0x000002aecee19f94 sp=0x000000bd58af92d0
Event: 67.679 Thread 0x000002af2d147d50 DEOPT UNPACKING pc=0x000002aecdb65ba3 sp=0x000000bd58af9220 mode 2
Event: 67.793 Thread 0x000002af2d147d50 Uncommon trap: trap_request=0xffffffbe fr.pc=0x000002aecee2a504 relative=0x00000000000012c4
Event: 67.793 Thread 0x000002af2d147d50 Uncommon trap: reason=profile_predicate action=maybe_recompile pc=0x000002aecee2a504 method=org.gradle.api.internal.artifacts.ivyservice.resolveengine.graph.builder.NodeState.forEachCapability(Lorg/gradle/api/internal/artifacts/ivyservice/resolveengine/gr
Event: 67.793 Thread 0x000002af2d147d50 DEOPT PACKING pc=0x000002aecee2a504 sp=0x000000bd58af9210
Event: 67.793 Thread 0x000002af2d147d50 DEOPT UNPACKING pc=0x000002aecdb65ba3 sp=0x000000bd58af91d0 mode 2
Event: 69.783 Thread 0x000002af2d147d50 Uncommon trap: trap_request=0xffffff6e fr.pc=0x000002aecea3d9b4 relative=0x0000000000000d14
Event: 69.783 Thread 0x000002af2d147d50 Uncommon trap: reason=loop_limit_check action=maybe_recompile pc=0x000002aecea3d9b4 method=java.util.regex.Pattern$BnM.match(Ljava/util/regex/Matcher;ILjava/lang/CharSequence;)Z @ 23 c2
Event: 69.783 Thread 0x000002af2d147d50 DEOPT PACKING pc=0x000002aecea3d9b4 sp=0x000000bd58af9550
Event: 69.783 Thread 0x000002af2d147d50 DEOPT UNPACKING pc=0x000002aecdb65ba3 sp=0x000000bd58af9520 mode 2
Event: 70.796 Thread 0x000002af2d147d50 DEOPT PACKING pc=0x000002aec801d4e0 sp=0x000000bd58af98f0
Event: 70.796 Thread 0x000002af2d147d50 DEOPT UNPACKING pc=0x000002aecdb666e3 sp=0x000000bd58af8e08 mode 0

Classes unloaded (2 events):
Event: 20.264 Thread 0x000002aee6ea7950 Unloading class 0x000002aee85fcc00 'java/lang/invoke/LambdaForm$DMH+0x000002aee85fcc00'
Event: 20.264 Thread 0x000002aee6ea7950 Unloading class 0x000002aee85fc000 'java/lang/invoke/LambdaForm$DMH+0x000002aee85fc000'

Classes redefined (0 events):
No events

Internal exceptions (20 events):
Event: 53.097 Thread 0x000002af2d147d50 Exception <a 'java/lang/ClassNotFoundException'{0x00000006957871e8}: dependencies_6uhr02fg5duoa7cgjxwv99uerBeanInfo> (0x00000006957871e8) 
thrown [s\open\src\hotspot\share\classfile\systemDictionary.cpp, line 256]
Event: 53.098 Thread 0x000002af2d147d50 Exception <a 'java/lang/ClassNotFoundException'{0x0000000695793a68}: dependencies_6uhr02fg5duoa7cgjxwv99uerCustomizer> (0x0000000695793a68) 
thrown [s\open\src\hotspot\share\classfile\systemDictionary.cpp, line 256]
Event: 53.141 Thread 0x000002af2d147d50 Exception <a 'java/lang/ClassNotFoundException'{0x00000006950bc888}: build_47avgjioager5xlp4jhmyy9efBeanInfo> (0x00000006950bc888) 
thrown [s\open\src\hotspot\share\classfile\systemDictionary.cpp, line 256]
Event: 53.142 Thread 0x000002af2d147d50 Exception <a 'java/lang/ClassNotFoundException'{0x00000006950c32c0}: build_47avgjioager5xlp4jhmyy9efCustomizer> (0x00000006950c32c0) 
thrown [s\open\src\hotspot\share\classfile\systemDictionary.cpp, line 256]
Event: 53.172 Thread 0x000002af2d147d50 Exception <a 'java/lang/ClassNotFoundException'{0x00000006951565c0}: dependencies_brg8og0hiy02lhiqfnibveci1BeanInfo> (0x00000006951565c0) 
thrown [s\open\src\hotspot\share\classfile\systemDictionary.cpp, line 256]
Event: 53.173 Thread 0x000002af2d147d50 Exception <a 'java/lang/ClassNotFoundException'{0x0000000695162e40}: dependencies_brg8og0hiy02lhiqfnibveci1Customizer> (0x0000000695162e40) 
thrown [s\open\src\hotspot\share\classfile\systemDictionary.cpp, line 256]
Event: 53.214 Thread 0x000002af2d147d50 Exception <a 'java/lang/ClassNotFoundException'{0x000000069523baa8}: build_7jas3fkayg9eyytvuzcalcijxBeanInfo> (0x000000069523baa8) 
thrown [s\open\src\hotspot\share\classfile\systemDictionary.cpp, line 256]
Event: 53.215 Thread 0x000002af2d147d50 Exception <a 'java/lang/ClassNotFoundException'{0x00000006952424e0}: build_7jas3fkayg9eyytvuzcalcijxCustomizer> (0x00000006952424e0) 
thrown [s\open\src\hotspot\share\classfile\systemDictionary.cpp, line 256]
Event: 53.248 Thread 0x000002af2d147d50 Exception <a 'java/lang/ClassNotFoundException'{0x00000006953249a0}: dependencies_7fh50j5spymw41e2hf4brnf8iBeanInfo> (0x00000006953249a0) 
thrown [s\open\src\hotspot\share\classfile\systemDictionary.cpp, line 256]
Event: 53.248 Thread 0x000002af2d147d50 Exception <a 'java/lang/ClassNotFoundException'{0x0000000695331220}: dependencies_7fh50j5spymw41e2hf4brnf8iCustomizer> (0x0000000695331220) 
thrown [s\open\src\hotspot\share\classfile\systemDictionary.cpp, line 256]
Event: 60.782 Thread 0x000002af2d147d50 Implicit null exception at 0x000002aece61e7d2 to 0x000002aece61e998
Event: 61.233 Thread 0x000002af2d147d50 Exception <a 'java/lang/ClassNotFoundException'{0x0000000692c6b468}: org/gradle/api/tasks/util/internal/PatternSets$InternalPatternSetBeanInfo> (0x0000000692c6b468) 
thrown [s\open\src\hotspot\share\classfile\systemDictionary.cpp, line 256]
Event: 61.234 Thread 0x000002af2d147d50 Exception <a 'java/lang/ClassNotFoundException'{0x0000000692c73df8}: org/gradle/api/tasks/util/internal/PatternSets$InternalPatternSetCustomizer> (0x0000000692c73df8) 
thrown [s\open\src\hotspot\share\classfile\systemDictionary.cpp, line 256]
Event: 61.245 Thread 0x000002af2d147d50 Exception <a 'java/lang/IncompatibleClassChangeError'{0x0000000692cd8838}: Found class java.lang.Object, but interface was expected> (0x0000000692cd8838) 
thrown [s\open\src\hotspot\share\interpreter\linkResolver.cpp, line 826]
Event: 61.246 Thread 0x000002af2d147d50 Exception <a 'java/lang/IncompatibleClassChangeError'{0x0000000692cdc3b8}: Found class java.lang.Object, but interface was expected> (0x0000000692cdc3b8) 
thrown [s\open\src\hotspot\share\interpreter\linkResolver.cpp, line 826]
Event: 62.428 Thread 0x000002af2d147d50 Exception <a 'java/lang/IncompatibleClassChangeError'{0x000000069aa22b70}: Found class java.lang.Object, but interface was expected> (0x000000069aa22b70) 
thrown [s\open\src\hotspot\share\interpreter\linkResolver.cpp, line 826]
Event: 67.112 Thread 0x000002af2d147d50 Implicit null exception at 0x000002aecedb11ac to 0x000002aecedb604c
Event: 67.115 Thread 0x000002af2d147d50 Implicit null exception at 0x000002aecedb11ac to 0x000002aecedb604c
Event: 67.118 Thread 0x000002af2d147d50 Implicit null exception at 0x000002aecedb11ac to 0x000002aecedb604c
Event: 67.215 Thread 0x000002af2d147d50 Implicit null exception at 0x000002aecedb11ac to 0x000002aecedb604c

VM Operations (20 events):
Event: 65.690 Executing VM operation: G1Concurrent
Event: 65.691 Executing VM operation: G1Concurrent done
Event: 66.692 Executing VM operation: Cleanup
Event: 66.692 Executing VM operation: Cleanup done
Event: 67.152 Executing VM operation: G1CollectForAllocation
Event: 67.161 Executing VM operation: G1CollectForAllocation done
Event: 67.215 Executing VM operation: HandshakeAllThreads
Event: 67.216 Executing VM operation: HandshakeAllThreads done
Event: 67.260 Executing VM operation: G1CollectForAllocation
Event: 67.268 Executing VM operation: G1CollectForAllocation done
Event: 67.546 Executing VM operation: HandshakeAllThreads
Event: 67.546 Executing VM operation: HandshakeAllThreads done
Event: 67.679 Executing VM operation: HandshakeAllThreads
Event: 67.680 Executing VM operation: HandshakeAllThreads done
Event: 68.680 Executing VM operation: Cleanup
Event: 68.680 Executing VM operation: Cleanup done
Event: 69.595 Executing VM operation: G1CollectForAllocation
Event: 69.610 Executing VM operation: G1CollectForAllocation done
Event: 70.614 Executing VM operation: Cleanup
Event: 70.614 Executing VM operation: Cleanup done

Events (20 events):
Event: 67.730 Thread 0x000002aee6edeee0 flushing nmethod 0x000002aec8248a10
Event: 67.730 Thread 0x000002aee6edeee0 flushing nmethod 0x000002aec8289790
Event: 67.730 Thread 0x000002aee6edeee0 flushing nmethod 0x000002aec82a0910
Event: 67.730 Thread 0x000002aee6edeee0 flushing nmethod 0x000002aec82a3390
Event: 67.730 Thread 0x000002aee6edeee0 flushing nmethod 0x000002aec82afb10
Event: 67.731 Thread 0x000002aee6edeee0 flushing nmethod 0x000002aec82b1990
Event: 67.731 Thread 0x000002aee6edeee0 flushing nmethod 0x000002aec82bb210
Event: 67.731 Thread 0x000002aee6edeee0 flushing nmethod 0x000002aec8352810
Event: 67.733 Thread 0x000002aee6edeee0 flushing nmethod 0x000002aec83ad910
Event: 67.733 Thread 0x000002aee6edeee0 flushing nmethod 0x000002aec83c3690
Event: 67.733 Thread 0x000002aee6edeee0 flushing nmethod 0x000002aec83d6690
Event: 67.735 Thread 0x000002aee6edeee0 flushing nmethod 0x000002aec8440390
Event: 67.735 Thread 0x000002aee6edeee0 flushing nmethod 0x000002aec847b010
Event: 67.735 Thread 0x000002aee6edeee0 flushing nmethod 0x000002aec847ff10
Event: 67.735 Thread 0x000002aee6edeee0 flushing nmethod 0x000002aec8495910
Event: 67.735 Thread 0x000002aee6edeee0 flushing nmethod 0x000002aec84a4c10
Event: 67.735 Thread 0x000002aee6edeee0 flushing nmethod 0x000002aec84c8b10
Event: 67.736 Thread 0x000002aee6edeee0 flushing nmethod 0x000002aec856c990
Event: 67.736 Thread 0x000002aee6edeee0 flushing nmethod 0x000002aec8589890
Event: 67.736 Thread 0x000002aee6edeee0 flushing nmethod 0x000002aec85cff90


Dynamic libraries:
0x00007ff742e20000 - 0x00007ff742e30000 	C:\Program Files\Java\jdk-17\bin\java.exe
0x00007fff068b0000 - 0x00007fff06aa8000 	C:\Windows\SYSTEM32\ntdll.dll
0x00007fff050f0000 - 0x00007fff051ad000 	C:\Windows\System32\KERNEL32.DLL
0x00007fff04120000 - 0x00007fff04416000 	C:\Windows\System32\KERNELBASE.dll
0x00007fff045f0000 - 0x00007fff046f0000 	C:\Windows\System32\ucrtbase.dll
0x00007ffec0970000 - 0x00007ffec0989000 	C:\Program Files\Java\jdk-17\bin\jli.dll
0x00007ffec3820000 - 0x00007ffec383b000 	C:\Program Files\Java\jdk-17\bin\VCRUNTIME140.dll
0x00007fff04fa0000 - 0x00007fff05050000 	C:\Windows\System32\ADVAPI32.dll
0x00007fff049c0000 - 0x00007fff04a5e000 	C:\Windows\System32\msvcrt.dll
0x00007fff05050000 - 0x00007fff050f0000 	C:\Windows\System32\sechost.dll
0x00007fff05240000 - 0x00007fff05363000 	C:\Windows\System32\RPCRT4.dll
0x00007fff040f0000 - 0x00007fff04117000 	C:\Windows\System32\bcrypt.dll
0x00007fff04cd0000 - 0x00007fff04e6f000 	C:\Windows\System32\USER32.dll
0x00007ffee6fb0000 - 0x00007ffee724a000 	C:\Windows\WinSxS\amd64_microsoft.windows.common-controls_6595b64144ccf1df_6.0.19041.4355_none_60b8b9eb71f62e16\COMCTL32.dll
0x00007fff03fc0000 - 0x00007fff03fe2000 	C:\Windows\System32\win32u.dll
0x00007fff04c30000 - 0x00007fff04c5b000 	C:\Windows\System32\GDI32.dll
0x00007fff04420000 - 0x00007fff04537000 	C:\Windows\System32\gdi32full.dll
0x00007fff04850000 - 0x00007fff048ed000 	C:\Windows\System32\msvcp_win.dll
0x00007ffef8910000 - 0x00007ffef891a000 	C:\Windows\SYSTEM32\VERSION.dll
0x00007fff05b90000 - 0x00007fff05bbf000 	C:\Windows\System32\IMM32.DLL
0x00007ffef9030000 - 0x00007ffef903c000 	C:\Program Files\Java\jdk-17\bin\vcruntime140_1.dll
0x00007ffe84150000 - 0x00007ffe841de000 	C:\Program Files\Java\jdk-17\bin\msvcp140.dll
0x00007ffe7b7e0000 - 0x00007ffe7c3bf000 	C:\Program Files\Java\jdk-17\bin\server\jvm.dll
0x00007fff06640000 - 0x00007fff06648000 	C:\Windows\System32\PSAPI.DLL
0x00007ffee3ea0000 - 0x00007ffee3ea9000 	C:\Windows\SYSTEM32\WSOCK32.dll
0x00007ffef3d00000 - 0x00007ffef3d27000 	C:\Windows\SYSTEM32\WINMM.dll
0x00007fff04c60000 - 0x00007fff04ccb000 	C:\Windows\System32\WS2_32.dll
0x00007fff02560000 - 0x00007fff02572000 	C:\Windows\SYSTEM32\kernel.appcore.dll
0x00007ffee5d20000 - 0x00007ffee5d2a000 	C:\Program Files\Java\jdk-17\bin\jimage.dll
0x00007fff019b0000 - 0x00007fff01b94000 	C:\Windows\SYSTEM32\DBGHELP.DLL
0x00007ffedfa20000 - 0x00007ffedfa54000 	C:\Windows\SYSTEM32\dbgcore.DLL
0x00007fff03ff0000 - 0x00007fff04072000 	C:\Windows\System32\bcryptPrimitives.dll
0x00007ffef6c00000 - 0x00007ffef6c0e000 	C:\Program Files\Java\jdk-17\bin\instrument.dll
0x00007ffeb1c60000 - 0x00007ffeb1c85000 	C:\Program Files\Java\jdk-17\bin\java.dll
0x00007ffe80a70000 - 0x00007ffe80b47000 	C:\Program Files\Java\jdk-17\bin\jsvml.dll
0x00007fff05370000 - 0x00007fff05adc000 	C:\Windows\System32\SHELL32.dll
0x00007fff01ca0000 - 0x00007fff0243d000 	C:\Windows\SYSTEM32\windows.storage.dll
0x00007fff05c90000 - 0x00007fff05fe3000 	C:\Windows\System32\combase.dll
0x00007fff03840000 - 0x00007fff0386e000 	C:\Windows\SYSTEM32\Wldp.dll
0x00007fff048f0000 - 0x00007fff049bd000 	C:\Windows\System32\OLEAUT32.dll
0x00007fff066e0000 - 0x00007fff0678d000 	C:\Windows\System32\SHCORE.dll
0x00007fff065e0000 - 0x00007fff06635000 	C:\Windows\System32\shlwapi.dll
0x00007fff03ea0000 - 0x00007fff03ec4000 	C:\Windows\SYSTEM32\profapi.dll
0x00007ffebe950000 - 0x00007ffebe968000 	C:\Program Files\Java\jdk-17\bin\zip.dll
0x00007ffec4b10000 - 0x00007ffec4b29000 	C:\Program Files\Java\jdk-17\bin\net.dll
0x00007fff02e80000 - 0x00007fff02f8a000 	C:\Windows\SYSTEM32\WINHTTP.dll
0x00007fff03620000 - 0x00007fff0368a000 	C:\Windows\system32\mswsock.dll
0x00007ffec0830000 - 0x00007ffec0846000 	C:\Program Files\Java\jdk-17\bin\nio.dll
0x00007ffef30c0000 - 0x00007ffef30d0000 	C:\Program Files\Java\jdk-17\bin\verify.dll
0x00007ffef6c10000 - 0x00007ffef6c37000 	C:\Users\d.ngantchou\.gradle\native\c067742578af261105cb4f569cf0c3c89f3d7b1fecec35dd04571415982c5e48\windows-amd64\native-platform.dll
0x00007ffe7a7e0000 - 0x00007ffe7a924000 	C:\Users\d.ngantchou\.gradle\native\38dada09dfb8b06ba9b0570ebf7e218e3eb74d4ef43ca46872605cf95ebc2f47\windows-amd64\native-platform-file-events.dll
0x00007ffee1340000 - 0x00007ffee134a000 	C:\Program Files\Java\jdk-17\bin\management.dll
0x00007ffee06d0000 - 0x00007ffee06db000 	C:\Program Files\Java\jdk-17\bin\management_ext.dll
0x00007fff038f0000 - 0x00007fff03908000 	C:\Windows\SYSTEM32\CRYPTSP.dll
0x00007fff02df0000 - 0x00007fff02e24000 	C:\Windows\system32\rsaenh.dll
0x00007fff03e50000 - 0x00007fff03e7e000 	C:\Windows\SYSTEM32\USERENV.dll
0x00007fff037b0000 - 0x00007fff037bc000 	C:\Windows\SYSTEM32\CRYPTBASE.dll
0x00007fff03320000 - 0x00007fff0335b000 	C:\Windows\SYSTEM32\IPHLPAPI.DLL
0x00007fff05230000 - 0x00007fff05238000 	C:\Windows\System32\NSI.dll
0x00007ffefd7c0000 - 0x00007ffefd7d7000 	C:\Windows\SYSTEM32\dhcpcsvc6.DLL
0x00007ffefd7a0000 - 0x00007ffefd7bd000 	C:\Windows\SYSTEM32\dhcpcsvc.DLL
0x00007fff03360000 - 0x00007fff0342a000 	C:\Windows\SYSTEM32\DNSAPI.dll
0x00007ffef30d0000 - 0x00007ffef30de000 	C:\Program Files\Java\jdk-17\bin\sunmscapi.dll
0x00007fff046f0000 - 0x00007fff0484e000 	C:\Windows\System32\CRYPT32.dll
0x00007fff03a00000 - 0x00007fff03a29000 	C:\Windows\SYSTEM32\ncrypt.dll
0x00007fff039c0000 - 0x00007fff039fb000 	C:\Windows\SYSTEM32\NTASN1.dll
0x00007ffecb9c0000 - 0x00007ffecb9c7000 	C:\Windows\system32\wshunix.dll
0x00007ffee0e00000 - 0x00007ffee0e17000 	C:\Windows\system32\napinsp.dll
0x00007ffee0de0000 - 0x00007ffee0dfb000 	C:\Windows\system32\pnrpnsp.dll
0x00007ffefdf00000 - 0x00007ffefdf15000 	C:\Windows\system32\wshbth.dll
0x00007ffefdf80000 - 0x00007ffefdf9d000 	C:\Windows\system32\NLAapi.dll
0x00007ffee0dc0000 - 0x00007ffee0dd2000 	C:\Windows\System32\winrnr.dll
0x00007ffefba90000 - 0x00007ffefba9a000 	C:\Windows\System32\rasadhlp.dll
0x00007ffefd4b0000 - 0x00007ffefd530000 	C:\Windows\System32\fwpuclnt.dll
0x00007ffed6640000 - 0x00007ffed6681000 	C:\Users\d.ngantchou\AppData\Local\Temp\jna-1561045647\jna8914525349429011467.dll
0x000002aebd630000 - 0x000002aebd633000 	C:\Windows\SYSTEM32\Security.dll

dbghelp: loaded successfully - version: 4.0.5 - missing functions: none
symbol engine: initialized successfully - sym options: 0x614 - pdb path: .;C:\Program Files\Java\jdk-17\bin;C:\Windows\SYSTEM32;C:\Windows\WinSxS\amd64_microsoft.windows.common-controls_6595b64144ccf1df_6.0.19041.4355_none_60b8b9eb71f62e16;C:\Program Files\Java\jdk-17\bin\server;C:\Users\d.ngantchou\.gradle\native\c067742578af261105cb4f569cf0c3c89f3d7b1fecec35dd04571415982c5e48\windows-amd64;C:\Users\d.ngantchou\.gradle\native\38dada09dfb8b06ba9b0570ebf7e218e3eb74d4ef43ca46872605cf95ebc2f47\windows-amd64;C:\Users\d.ngantchou\AppData\Local\Temp\jna-1561045647

VM Arguments:
jvm_args: --add-exports=jdk.compiler/com.sun.tools.javac.api=ALL-UNNAMED --add-exports=jdk.compiler/com.sun.tools.javac.file=ALL-UNNAMED --add-exports=jdk.compiler/com.sun.tools.javac.parser=ALL-UNNAMED --add-exports=jdk.compiler/com.sun.tools.javac.tree=ALL-UNNAMED --add-exports=jdk.compiler/com.sun.tools.javac.util=ALL-UNNAMED --add-exports=java.naming/com.sun.jndi.ldap=ALL-UNNAMED --add-opens=java.base/java.lang=ALL-UNNAMED --add-opens=java.base/java.lang.invoke=ALL-UNNAMED --add-opens=java.base/java.io=ALL-UNNAMED --add-opens=java.base/java.security=ALL-UNNAMED --add-opens=java.base/java.util=ALL-UNNAMED --add-opens=java.management/javax.management=ALL-UNNAMED --add-opens=java.naming/javax.naming=ALL-UNNAMED --add-opens=java.rmi/sun.rmi.transport=null --add-opens=java.base/java.util=ALL-UNNAMED --add-opens=java.base/java.lang=ALL-UNNAMED --add-opens=java.base/java.lang.invoke=ALL-UNNAMED --add-opens=java.prefs/java.util.prefs=ALL-UNNAMED --add-opens=java.base/java.nio.charset=ALL-UNNAMED --add-opens=java.base/java.net=ALL-UNNAMED --add-opens=java.base/java.util.concurrent.atomic=ALL-UNNAMED -Xmx6g -Dfile.encoding=utf8 -Duser.country=FR -Duser.language=fr -Duser.variant -javaagent:C:\Users\d.ngantchou\.gradle\wrapper\dists\gradle-8.6-bin\afr5mpiioh2wthjmwnkmdsd5w\gradle-8.6\lib\agents\gradle-instrumentation-agent-8.6.jar 
java_command: org.gradle.launcher.daemon.bootstrap.GradleDaemon 8.6
java_class_path (initial): C:\Users\d.ngantchou\.gradle\wrapper\dists\gradle-8.6-bin\afr5mpiioh2wthjmwnkmdsd5w\gradle-8.6\lib\gradle-launcher-8.6.jar
Launcher Type: SUN_STANDARD

[Global flags]
     intx CICompilerCount                          = 4                                         {product} {ergonomic}
     uint ConcGCThreads                            = 2                                         {product} {ergonomic}
     uint G1ConcRefinementThreads                  = 8                                         {product} {ergonomic}
   size_t G1HeapRegionSize                         = 4194304                                   {product} {ergonomic}
    uintx GCDrainStackTargetSize                   = 64                                        {product} {ergonomic}
   size_t InitialHeapSize                          = 197132288                                 {product} {ergonomic}
   size_t MarkStackSize                            = 4194304                                   {product} {ergonomic}
   size_t MaxHeapSize                              = 6442450944                                {product} {command line}
   size_t MaxNewSize                               = 3862953984                                {product} {ergonomic}
   size_t MinHeapDeltaBytes                        = 4194304                                   {product} {ergonomic}
   size_t MinHeapSize                              = 8388608                                   {product} {ergonomic}
    uintx NonNMethodCodeHeapSize                   = 5839372                                {pd product} {ergonomic}
    uintx NonProfiledCodeHeapSize                  = 122909434                              {pd product} {ergonomic}
    uintx ProfiledCodeHeapSize                     = 122909434                              {pd product} {ergonomic}
    uintx ReservedCodeCacheSize                    = 251658240                              {pd product} {ergonomic}
     bool SegmentedCodeCache                       = true                                      {product} {ergonomic}
   size_t SoftMaxHeapSize                          = 6442450944                             {manageable} {ergonomic}
     bool UseCompressedClassPointers               = true                           {product lp64_product} {ergonomic}
     bool UseCompressedOops                        = true                           {product lp64_product} {ergonomic}
     bool UseG1GC                                  = true                                      {product} {ergonomic}
     bool UseLargePagesIndividualAllocation        = false                                  {pd product} {ergonomic}

Logging:
Log output configuration:
 #0: stdout all=warning uptime,level,tags
 #1: stderr all=off uptime,level,tags

Environment Variables:
JAVA_HOME=C:\Program Files\Java\jdk-17
PATH=C:\Program Files\Common Files\Oracle\Java\javapath;C:\Windows\system32;C:\Windows;C:\Windows\System32\Wbem;C:\Windows\System32\WindowsPowerShell\v1.0\;C:\Windows\System32\OpenSSH\;C:\Program Files\Git\cmd;C:\Program Files\nodejs\;C:\Program Files\Docker\Docker\resources\bin;C:\xampp\php;C:\composer;C:\Program Files\Java\jdk-17\bin;C:\xampp\mysql\bin;C:\Gradle\gradle-8.6\bin;C:\Program Files\Microsoft SQL Server\150\Tools\Binn\;C:\Program Files\Microsoft SQL Server\Client SDK\ODBC\170\Tools\Binn\;C:\Program Files\dotnet\;C:\Users\d.ngantchou\AppData\Local\Microsoft\WindowsApps;;C:\Users\d.ngantchou\AppData\Local\Programs\Microsoft VS Code\bin;C:\Users\d.ngantchou\AppData\Roaming\npm;C:\Users\d.ngantchou\AppData\Roaming\Composer\vendor\bin;C:\Users\d.ngantchou\.dotnet\tools
USERNAME=d.ngantchou
OS=Windows_NT
PROCESSOR_IDENTIFIER=Intel64 Family 6 Model 140 Stepping 1, GenuineIntel



---------------  S Y S T E M  ---------------

OS:
 Windows 10 , 64 bit Build 19041 (10.0.19041.3636)
OS uptime: 0 days 13:04 hours
Hyper-V role detected

CPU: total 8 (initial active 8) (4 cores per cpu, 2 threads per core) family 6 model 140 stepping 1 microcode 0xb6, cx8, cmov, fxsr, ht, mmx, 3dnowpref, sse, sse2, sse3, ssse3, sse4.1, sse4.2, popcnt, lzcnt, tsc, tscinvbit, avx, avx2, aes, erms, clmul, bmi1, bmi2, adx, avx512f, avx512dq, avx512cd, avx512bw, avx512vl, sha, fma, vzeroupper, avx512_vpopcntdq, avx512_vpclmulqdq, avx512_vaes, avx512_vnni, clflush, clflushopt, clwb, avx512_vbmi2, avx512_vbmi, hv

Memory: 4k page, system-wide physical 11968M (1171M free)
TotalPageFile size 25904M (AvailPageFile size 82M)
current process WorkingSet (physical memory assigned to process): 911M, peak: 920M
current process commit charge ("private bytes"): 957M, peak: 966M

vm_info: Java HotSpot(TM) 64-Bit Server VM (17.0.10+11-LTS-240) for windows-amd64 JRE (17.0.10+11-LTS-240), built on Dec 19 2023 21:47:25 by "mach5one" with MS VC++ 17.1 (VS2022)

END.
