#
# There is insufficient memory for the Java Runtime Environment to continue.
# Native memory allocation (malloc) failed to allocate 1048576 bytes. Error detail: AllocateHeap
# Possible reasons:
#   The system is out of physical RAM or swap space
#   This process is running with CompressedOops enabled, and the Java Heap may be blocking the growth of the native heap
# Possible solutions:
#   Reduce memory load on the system
#   Increase physical memory or swap space
#   Check if swap backing store is full
#   Decrease Java heap size (-Xmx/-Xms)
#   Decrease number of Java threads
#   Decrease Java thread stack sizes (-Xss)
#   Set larger code cache with -XX:ReservedCodeCacheSize=
#   JVM is running with Unscaled Compressed Oops mode in which the Java heap is
#     placed in the first 4GB address space. The Java Heap base address is the
#     maximum limit for the native heap growth. Please use -XX:HeapBaseMinAddress
#     to set the Java Heap base and to place the Java Heap above 4GB virtual address.
# This output file may be truncated or incomplete.
#
#  Out of Memory Error (allocation.cpp:44), pid=5420, tid=13792
#
# JRE version: OpenJDK Runtime Environment Temurin-17.0.12+7 (17.0.12+7) (build 17.0.12+7)
# Java VM: OpenJDK 64-Bit Server VM Temurin-17.0.12+7 (17.0.12+7, mixed mode, emulated-client, tiered, compressed oops, compressed class ptrs, g1 gc, windows-amd64)
# No core dump will be written. Minidumps are not enabled by default on client versions of Windows
#

---------------  S U M M A R Y ------------

Command Line: -Xmx1024m -Dsts.lsp.client=vscode -Dsts.log.file=/dev/null -XX:TieredStopAtLevel=1 -Xlog:jni+resolve=off c:\Users\d.ngantchou\.vscode\extensions\vmware.vscode-spring-boot-1.57.0\language-server\spring-boot-language-server-1.57.0-SNAPSHOT-exec.jar

Host: 11th Gen Intel(R) Core(TM) i5-1135G7 @ 2.40GHz, 8 cores, 11G,  Windows 10 , 64 bit Build 19041 (10.0.19041.4842)
Time: Thu Sep 19 17:32:39 2024 Afr. centrale Ouest elapsed time: 116000.514523 seconds (1d 8h 13m 20s)

---------------  T H R E A D  ---------------

Current thread (0x00000275bd3f7b90):  VMThread "VM Thread" [stack: 0x0000008dac700000,0x0000008dac800000] [id=13792]

Stack: [0x0000008dac700000,0x0000008dac800000]
Native frames: (J=compiled Java code, j=interpreted, Vv=VM code, C=native code)
V  [jvm.dll+0x67f929]
V  [jvm.dll+0x8371ba]
V  [jvm.dll+0x838c7e]
V  [jvm.dll+0x8392e3]
V  [jvm.dll+0x24834f]
V  [jvm.dll+0xa70d3]
V  [jvm.dll+0x2f9073]
V  [jvm.dll+0x2f4d00]
V  [jvm.dll+0x2dd82f]
V  [jvm.dll+0x3201f7]
V  [jvm.dll+0x83d7dd]
V  [jvm.dll+0x83e522]
V  [jvm.dll+0x83ea4f]
V  [jvm.dll+0x83ee34]
V  [jvm.dll+0x83ef00]
V  [jvm.dll+0x7e65dc]
V  [jvm.dll+0x67e7f7]
C  [ucrtbase.dll+0x21bb2]
C  [KERNEL32.DLL+0x17374]
C  [ntdll.dll+0x4cc91]

VM_Operation (0x0000008dae3fea70): G1CollectFull, mode: safepoint, requested by thread 0x00000275c351e910


---------------  P R O C E S S  ---------------

Threads class SMR info:
_java_thread_list=0x00000275c400d880, length=28, elements={
0x00000275bd40c740, 0x00000275bd40d300, 0x00000275bd428cd0, 0x00000275bd4295a0,
0x00000275bd429e70, 0x00000275bd42c750, 0x00000275bd42d0d0, 0x00000275bd42d9e0,
0x00000275bd701b20, 0x00000275bd70df40, 0x00000275c334cf20, 0x00000275c351e910,
0x00000275c3520260, 0x00000275c351ee20, 0x00000275c351f840, 0x00000275c351fd50,
0x00000275c36a0dd0, 0x00000275c36a12e0, 0x00000275c36a3650, 0x00000275c36a3140,
0x00000275c369e040, 0x00000275c36a4a90, 0x00000275c36a4fa0, 0x00000275c36a54b0,
0x00000275c36a59c0, 0x00000275c369fea0, 0x00000275c369e550, 0x00000275c3f58590
}

Java Threads: ( => current thread )
  0x00000275bd40c740 JavaThread "Reference Handler" daemon [_thread_blocked, id=13416, stack(0x0000008dac800000,0x0000008dac900000)]
  0x00000275bd40d300 JavaThread "Finalizer" daemon [_thread_blocked, id=14640, stack(0x0000008dac900000,0x0000008daca00000)]
  0x00000275bd428cd0 JavaThread "Signal Dispatcher" daemon [_thread_blocked, id=8460, stack(0x0000008daca00000,0x0000008dacb00000)]
  0x00000275bd4295a0 JavaThread "Attach Listener" daemon [_thread_blocked, id=14476, stack(0x0000008dacb00000,0x0000008dacc00000)]
  0x00000275bd429e70 JavaThread "Service Thread" daemon [_thread_blocked, id=3552, stack(0x0000008dacc00000,0x0000008dacd00000)]
  0x00000275bd42c750 JavaThread "Monitor Deflation Thread" daemon [_thread_blocked, id=14424, stack(0x0000008dacd00000,0x0000008dace00000)]
  0x00000275bd42d0d0 JavaThread "C1 CompilerThread0" daemon [_thread_blocked, id=5844, stack(0x0000008dace00000,0x0000008dacf00000)]
  0x00000275bd42d9e0 JavaThread "Sweeper thread" daemon [_thread_blocked, id=9792, stack(0x0000008dacf00000,0x0000008dad000000)]
  0x00000275bd701b20 JavaThread "Notification Thread" daemon [_thread_blocked, id=7408, stack(0x0000008dad300000,0x0000008dad400000)]
  0x00000275bd70df40 JavaThread "Common-Cleaner" daemon [_thread_blocked, id=8228, stack(0x0000008dad500000,0x0000008dad600000)]
  0x00000275c334cf20 JavaThread "boundedElastic-evictor-1" daemon [_thread_blocked, id=9688, stack(0x0000008dae200000,0x0000008dae300000)]
  0x00000275c351e910 JavaThread "pool-13-thread-1" [_thread_blocked, id=13832, stack(0x0000008dae300000,0x0000008dae400000)]
  0x00000275c3520260 JavaThread "LanguageServerApp-lifecycle" [_thread_blocked, id=12520, stack(0x0000008dae400000,0x0000008dae500000)]
  0x00000275c351ee20 JavaThread "DestroyJavaVM" [_thread_blocked, id=14340, stack(0x0000008dac100000,0x0000008dac200000)]
  0x00000275c351f840 JavaThread "pool-14-thread-1" [_thread_in_native, id=10672, stack(0x0000008dae500000,0x0000008dae600000)]
  0x00000275c351fd50 JavaThread "Simple-Language-Server main thread" daemon [_thread_blocked, id=1936, stack(0x0000008dae600000,0x0000008dae700000)]
  0x00000275c36a0dd0 JavaThread "pool-8-thread-1" [_thread_blocked, id=2744, stack(0x0000008daf900000,0x0000008dafa00000)]
  0x00000275c36a12e0 JavaThread "parallel-1" daemon [_thread_blocked, id=4740, stack(0x0000008dafa00000,0x0000008dafb00000)]
  0x00000275c36a3650 JavaThread "pool-6-thread-1" [_thread_blocked, id=11104, stack(0x0000008dafb00000,0x0000008dafc00000)]
  0x00000275c36a3140 JavaThread "parallel-2" daemon [_thread_blocked, id=10816, stack(0x0000008dafc00000,0x0000008dafd00000)]
  0x00000275c369e040 JavaThread "parallel-3" daemon [_thread_blocked, id=16888, stack(0x0000008dafd00000,0x0000008dafe00000)]
  0x00000275c36a4a90 JavaThread "Reconciler-1" daemon [_thread_blocked, id=1096, stack(0x0000008db0100000,0x0000008db0200000)]
  0x00000275c36a4fa0 JavaThread "parallel-4" daemon [_thread_blocked, id=16792, stack(0x0000008db0200000,0x0000008db0300000)]
  0x00000275c36a54b0 JavaThread "parallel-5" daemon [_thread_blocked, id=16808, stack(0x0000008db0300000,0x0000008db0400000)]
  0x00000275c36a59c0 JavaThread "parallel-6" daemon [_thread_blocked, id=12892, stack(0x0000008db0400000,0x0000008db0500000)]
  0x00000275c369fea0 JavaThread "parallel-7" daemon [_thread_blocked, id=16876, stack(0x0000008db0500000,0x0000008db0600000)]
  0x00000275c369e550 JavaThread "parallel-8" daemon [_thread_blocked, id=16844, stack(0x0000008db0700000,0x0000008db0800000)]
  0x00000275c3f58590 JavaThread "CompletableFutureDelayScheduler" daemon [_thread_blocked, id=8592, stack(0x0000008dabf00000,0x0000008dac000000)]

Other Threads:
=>0x00000275bd3f7b90 VMThread "VM Thread" [stack: 0x0000008dac700000,0x0000008dac800000] [id=13792]
  0x00000275bd704820 WatcherThread [stack: 0x0000008dad400000,0x0000008dad500000] [id=10444]
  0x00000275b2636a80 GCTaskThread "GC Thread#0" [stack: 0x0000008dac200000,0x0000008dac300000] [id=14000]
  0x00000275c26d1410 GCTaskThread "GC Thread#1" [stack: 0x0000008dad100000,0x0000008dad200000] [id=1428]
  0x00000275c26d16d0 GCTaskThread "GC Thread#2" [stack: 0x0000008dad200000,0x0000008dad300000] [id=13168]
  0x00000275c26d1990 GCTaskThread "GC Thread#3" [stack: 0x0000008dad600000,0x0000008dad700000] [id=4276]
  0x00000275c2befa60 GCTaskThread "GC Thread#4" [stack: 0x0000008dad700000,0x0000008dad800000] [id=7976]
  0x00000275c2befd20 GCTaskThread "GC Thread#5" [stack: 0x0000008dad800000,0x0000008dad900000] [id=14932]
  0x00000275c2beffe0 GCTaskThread "GC Thread#6" [stack: 0x0000008dad900000,0x0000008dada00000] [id=1864]
  0x00000275c2ccf640 GCTaskThread "GC Thread#7" [stack: 0x0000008dadd00000,0x0000008dade00000] [id=14744]
  0x00000275b263f9d0 ConcurrentGCThread "G1 Main Marker" [stack: 0x0000008dac300000,0x0000008dac400000] [id=9476]
  0x00000275b26403f0 ConcurrentGCThread "G1 Conc#0" [stack: 0x0000008dac400000,0x0000008dac500000] [id=4980]
  0x00000275c2cb5160 ConcurrentGCThread "G1 Conc#1" [stack: 0x0000008dade00000,0x0000008dadf00000] [id=16372]
  0x00000275bd2620c0 ConcurrentGCThread "G1 Refine#0" [stack: 0x0000008dac500000,0x0000008dac600000] [id=9908]
  0x00000275c37919c0 ConcurrentGCThread "G1 Refine#1" [stack: 0x0000008dadb00000,0x0000008dadc00000] [id=17148]
  0x00000275c3e4e970 ConcurrentGCThread "G1 Refine#2" [stack: 0x0000008dada00000,0x0000008dadb00000] [id=900]
  0x00000275c3e4dac0 ConcurrentGCThread "G1 Refine#3" [stack: 0x0000008dae100000,0x0000008dae200000] [id=3596]
  0x00000275c3e4ddb0 ConcurrentGCThread "G1 Refine#4" [stack: 0x0000008dae800000,0x0000008dae900000] [id=16684]
  0x00000275bd262af0 ConcurrentGCThread "G1 Service" [stack: 0x0000008dac600000,0x0000008dac700000] [id=10712]

Threads with active compile tasks:

VM state: at safepoint (normal execution)

VM Mutex/Monitor currently owned by a thread:  ([mutex/lock_event])
[0x00000275b25f5340] Threads_lock - owner thread: 0x00000275bd3f7b90
[0x00000275b25f57c0] Heap_lock - owner thread: 0x00000275c351e910

Heap address: 0x00000000c0000000, size: 1024 MB, Compressed Oops mode: 32-bit

CDS archive(s) not mapped
Compressed class space mapped at: 0x0000000100000000-0x0000000140000000, reserved size: 1073741824
Narrow klass base: 0x0000000000000000, Narrow klass shift: 3, Narrow klass range: 0x140000000

GC Precious Log:
 CPUs: 8 total, 8 available
 Memory: 11968M
 Large Page Support: Disabled
 NUMA Support: Disabled
 Compressed Oops: Enabled (32-bit)
 Heap Region Size: 1M
 Heap Min Capacity: 8M
 Heap Initial Capacity: 188M
 Heap Max Capacity: 1G
 Pre-touch: Disabled
 Parallel Workers: 8
 Concurrent Workers: 2
 Concurrent Refinement Workers: 8
 Periodic GC: Disabled

Heap:
 garbage-first heap   total 327680K, used 108593K [0x00000000c0000000, 0x0000000100000000)
  region size 1024K, 1 young (1024K), 0 survivors (0K)
 Metaspace       used 58977K, committed 59456K, reserved 1114112K
  class space    used 7397K, committed 7616K, reserved 1048576K

Heap Regions: E=young(eden), S=young(survivor), O=old, HS=humongous(starts), HC=humongous(continues), CS=collection set, F=free, OA=open archive, CA=closed archive, TAMS=top-at-mark-start (previous, next)
|   0|0x00000000c0000000, 0x00000000c0100000, 0x00000000c0100000|100%|HS|  |TAMS 0x00000000c0100000, 0x00000000c0000000| Untracked 
|   1|0x00000000c0100000, 0x00000000c0200000, 0x00000000c0200000|100%|HC|  |TAMS 0x00000000c0200000, 0x00000000c0100000| Untracked 
|   2|0x00000000c0200000, 0x00000000c0300000, 0x00000000c0300000|100%|HC|  |TAMS 0x00000000c0300000, 0x00000000c0200000| Untracked 
|   3|0x00000000c0300000, 0x00000000c0400000, 0x00000000c0400000|100%|HC|  |TAMS 0x00000000c0400000, 0x00000000c0300000| Untracked 
|   4|0x00000000c0400000, 0x00000000c0500000, 0x00000000c0500000|100%|HS|  |TAMS 0x00000000c0500000, 0x00000000c0400000| Untracked 
|   5|0x00000000c0500000, 0x00000000c0600000, 0x00000000c0600000|100%|HC|  |TAMS 0x00000000c0600000, 0x00000000c0500000| Untracked 
|   6|0x00000000c0600000, 0x00000000c0700000, 0x00000000c0700000|100%| O|  |TAMS 0x00000000c0700000, 0x00000000c0600000| Untracked 
|   7|0x00000000c0700000, 0x00000000c0800000, 0x00000000c0800000|100%| O|  |TAMS 0x00000000c0800000, 0x00000000c0700000| Untracked 
|   8|0x00000000c0800000, 0x00000000c08ffff8, 0x00000000c0900000| 99%| O|  |TAMS 0x00000000c08ffff8, 0x00000000c0800000| Untracked 
|   9|0x00000000c0900000, 0x00000000c0a00000, 0x00000000c0a00000|100%| O|  |TAMS 0x00000000c0a00000, 0x00000000c0900000| Untracked 
|  10|0x00000000c0a00000, 0x00000000c0b00000, 0x00000000c0b00000|100%| O|  |TAMS 0x00000000c0b00000, 0x00000000c0a00000| Untracked 
|  11|0x00000000c0b00000, 0x00000000c0c00000, 0x00000000c0c00000|100%| O|  |TAMS 0x00000000c0c00000, 0x00000000c0b00000| Untracked 
|  12|0x00000000c0c00000, 0x00000000c0cffff0, 0x00000000c0d00000| 99%| O|  |TAMS 0x00000000c0cffff0, 0x00000000c0c00000| Untracked 
|  13|0x00000000c0d00000, 0x00000000c0dffff8, 0x00000000c0e00000| 99%| O|  |TAMS 0x00000000c0dffff8, 0x00000000c0d00000| Untracked 
|  14|0x00000000c0e00000, 0x00000000c0f00000, 0x00000000c0f00000|100%| O|  |TAMS 0x00000000c0f00000, 0x00000000c0e00000| Untracked 
|  15|0x00000000c0f00000, 0x00000000c0ffffe8, 0x00000000c1000000| 99%| O|  |TAMS 0x00000000c0ffffe8, 0x00000000c0f00000| Untracked 
|  16|0x00000000c1000000, 0x00000000c10fec58, 0x00000000c1100000| 99%| O|  |TAMS 0x00000000c10fec58, 0x00000000c1000000| Untracked 
|  17|0x00000000c1100000, 0x00000000c11fff58, 0x00000000c1200000| 99%| O|  |TAMS 0x00000000c11fff58, 0x00000000c1100000| Untracked 
|  18|0x00000000c1200000, 0x00000000c12fffe8, 0x00000000c1300000| 99%| O|  |TAMS 0x00000000c12fffe8, 0x00000000c1200000| Untracked 
|  19|0x00000000c1300000, 0x00000000c13ffff8, 0x00000000c1400000| 99%| O|  |TAMS 0x00000000c13ffff8, 0x00000000c1300000| Untracked 
|  20|0x00000000c1400000, 0x00000000c1500000, 0x00000000c1500000|100%| O|  |TAMS 0x00000000c1500000, 0x00000000c1400000| Untracked 
|  21|0x00000000c1500000, 0x00000000c15fffe8, 0x00000000c1600000| 99%| O|  |TAMS 0x00000000c15fffe8, 0x00000000c1500000| Untracked 
|  22|0x00000000c1600000, 0x00000000c16f8a68, 0x00000000c1700000| 97%| O|  |TAMS 0x00000000c16f8a68, 0x00000000c1600000| Untracked 
|  23|0x00000000c1700000, 0x00000000c17ffff8, 0x00000000c1800000| 99%| O|  |TAMS 0x00000000c17ffff8, 0x00000000c1700000| Untracked 
|  24|0x00000000c1800000, 0x00000000c18fffa0, 0x00000000c1900000| 99%| O|  |TAMS 0x00000000c18fffa0, 0x00000000c1800000| Untracked 
|  25|0x00000000c1900000, 0x00000000c1a00000, 0x00000000c1a00000|100%| O|  |TAMS 0x00000000c1a00000, 0x00000000c1900000| Untracked 
|  26|0x00000000c1a00000, 0x00000000c1affff8, 0x00000000c1b00000| 99%| O|  |TAMS 0x00000000c1affff8, 0x00000000c1a00000| Untracked 
|  27|0x00000000c1b00000, 0x00000000c1bf8580, 0x00000000c1c00000| 97%| O|  |TAMS 0x00000000c1bf8580, 0x00000000c1b00000| Untracked 
|  28|0x00000000c1c00000, 0x00000000c1cffff8, 0x00000000c1d00000| 99%| O|  |TAMS 0x00000000c1cffff8, 0x00000000c1c00000| Untracked 
|  29|0x00000000c1d00000, 0x00000000c1dfffd8, 0x00000000c1e00000| 99%| O|  |TAMS 0x00000000c1dfffd8, 0x00000000c1d00000| Untracked 
|  30|0x00000000c1e00000, 0x00000000c1efffa0, 0x00000000c1f00000| 99%| O|  |TAMS 0x00000000c1efffa0, 0x00000000c1e00000| Untracked 
|  31|0x00000000c1f00000, 0x00000000c1fff770, 0x00000000c2000000| 99%| O|  |TAMS 0x00000000c1fff770, 0x00000000c1f00000| Untracked 
|  32|0x00000000c2000000, 0x00000000c2100000, 0x00000000c2100000|100%| O|  |TAMS 0x00000000c2100000, 0x00000000c2000000| Untracked 
|  33|0x00000000c2100000, 0x00000000c21f8330, 0x00000000c2200000| 96%| O|  |TAMS 0x00000000c21f8330, 0x00000000c2100000| Untracked 
|  34|0x00000000c2200000, 0x00000000c22ff198, 0x00000000c2300000| 99%| O|  |TAMS 0x00000000c22ff198, 0x00000000c2200000| Untracked 
|  35|0x00000000c2300000, 0x00000000c23f7378, 0x00000000c2400000| 96%| O|  |TAMS 0x00000000c23f7378, 0x00000000c2300000| Untracked 
|  36|0x00000000c2400000, 0x00000000c24f6080, 0x00000000c2500000| 96%| O|  |TAMS 0x00000000c24f6080, 0x00000000c2400000| Untracked 
|  37|0x00000000c2500000, 0x00000000c2600000, 0x00000000c2600000|100%| O|  |TAMS 0x00000000c2600000, 0x00000000c2500000| Untracked 
|  38|0x00000000c2600000, 0x00000000c26fffb8, 0x00000000c2700000| 99%| O|  |TAMS 0x00000000c26fffb8, 0x00000000c2600000| Untracked 
|  39|0x00000000c2700000, 0x00000000c27ff5d8, 0x00000000c2800000| 99%| O|  |TAMS 0x00000000c27ff5d8, 0x00000000c2700000| Untracked 
|  40|0x00000000c2800000, 0x00000000c2900000, 0x00000000c2900000|100%|HS|  |TAMS 0x00000000c2900000, 0x00000000c2800000| Untracked 
|  41|0x00000000c2900000, 0x00000000c29ffff8, 0x00000000c2a00000| 99%| O|  |TAMS 0x00000000c29ffff8, 0x00000000c2900000| Untracked 
|  42|0x00000000c2a00000, 0x00000000c2af7e60, 0x00000000c2b00000| 96%| O|  |TAMS 0x00000000c2af7e60, 0x00000000c2a00000| Untracked 
|  43|0x00000000c2b00000, 0x00000000c2bff018, 0x00000000c2c00000| 99%| O|  |TAMS 0x00000000c2bff018, 0x00000000c2b00000| Untracked 
|  44|0x00000000c2c00000, 0x00000000c2d00000, 0x00000000c2d00000|100%| O|  |TAMS 0x00000000c2d00000, 0x00000000c2c00000| Untracked 
|  45|0x00000000c2d00000, 0x00000000c2dffff0, 0x00000000c2e00000| 99%| O|  |TAMS 0x00000000c2dffff0, 0x00000000c2d00000| Untracked 
|  46|0x00000000c2e00000, 0x00000000c2efe3c0, 0x00000000c2f00000| 99%| O|  |TAMS 0x00000000c2efe3c0, 0x00000000c2e00000| Untracked 
|  47|0x00000000c2f00000, 0x00000000c3000000, 0x00000000c3000000|100%| O|  |TAMS 0x00000000c3000000, 0x00000000c2f00000| Untracked 
|  48|0x00000000c3000000, 0x00000000c30ffff8, 0x00000000c3100000| 99%| O|  |TAMS 0x00000000c30ffff8, 0x00000000c3000000| Untracked 
|  49|0x00000000c3100000, 0x00000000c3200000, 0x00000000c3200000|100%| O|  |TAMS 0x00000000c3200000, 0x00000000c3100000| Untracked 
|  50|0x00000000c3200000, 0x00000000c32fe940, 0x00000000c3300000| 99%| O|  |TAMS 0x00000000c32fe940, 0x00000000c3200000| Untracked 
|  51|0x00000000c3300000, 0x00000000c3400000, 0x00000000c3400000|100%| O|  |TAMS 0x00000000c3400000, 0x00000000c3300000| Untracked 
|  52|0x00000000c3400000, 0x00000000c34fffe8, 0x00000000c3500000| 99%| O|  |TAMS 0x00000000c34fffe8, 0x00000000c3400000| Untracked 
|  53|0x00000000c3500000, 0x00000000c3600000, 0x00000000c3600000|100%| O|  |TAMS 0x00000000c3600000, 0x00000000c3500000| Untracked 
|  54|0x00000000c3600000, 0x00000000c36ffff0, 0x00000000c3700000| 99%| O|  |TAMS 0x00000000c36ffff0, 0x00000000c3600000| Untracked 
|  55|0x00000000c3700000, 0x00000000c37fffe0, 0x00000000c3800000| 99%| O|  |TAMS 0x00000000c37fffe0, 0x00000000c3700000| Untracked 
|  56|0x00000000c3800000, 0x00000000c38ffff0, 0x00000000c3900000| 99%| O|  |TAMS 0x00000000c38ffff0, 0x00000000c3800000| Untracked 
|  57|0x00000000c3900000, 0x00000000c39fffc8, 0x00000000c3a00000| 99%| O|  |TAMS 0x00000000c39fffc8, 0x00000000c3900000| Untracked 
|  58|0x00000000c3a00000, 0x00000000c3affd40, 0x00000000c3b00000| 99%| O|  |TAMS 0x00000000c3affd40, 0x00000000c3a00000| Untracked 
|  59|0x00000000c3b00000, 0x00000000c3bfffd8, 0x00000000c3c00000| 99%| O|  |TAMS 0x00000000c3bfffd8, 0x00000000c3b00000| Untracked 
|  60|0x00000000c3c00000, 0x00000000c3d00000, 0x00000000c3d00000|100%| O|  |TAMS 0x00000000c3d00000, 0x00000000c3c00000| Untracked 
|  61|0x00000000c3d00000, 0x00000000c3dec618, 0x00000000c3e00000| 92%| O|  |TAMS 0x00000000c3d00000, 0x00000000c3d00000| Untracked 
|  62|0x00000000c3e00000, 0x00000000c3efffd8, 0x00000000c3f00000| 99%| O|  |TAMS 0x00000000c3efffd8, 0x00000000c3e00000| Untracked 
|  63|0x00000000c3f00000, 0x00000000c3ffffa0, 0x00000000c4000000| 99%| O|  |TAMS 0x00000000c3ffffa0, 0x00000000c3f00000| Untracked 
|  64|0x00000000c4000000, 0x00000000c4100000, 0x00000000c4100000|100%| O|  |TAMS 0x00000000c4100000, 0x00000000c4000000| Untracked 
|  65|0x00000000c4100000, 0x00000000c41fffd8, 0x00000000c4200000| 99%| O|  |TAMS 0x00000000c41fffd8, 0x00000000c4100000| Untracked 
|  66|0x00000000c4200000, 0x00000000c42fffe8, 0x00000000c4300000| 99%| O|  |TAMS 0x00000000c42fffe8, 0x00000000c4200000| Untracked 
|  67|0x00000000c4300000, 0x00000000c43fffd8, 0x00000000c4400000| 99%| O|  |TAMS 0x00000000c43fffd8, 0x00000000c4300000| Untracked 
|  68|0x00000000c4400000, 0x00000000c44fff88, 0x00000000c4500000| 99%| O|  |TAMS 0x00000000c44fff88, 0x00000000c4400000| Untracked 
|  69|0x00000000c4500000, 0x00000000c45fff68, 0x00000000c4600000| 99%| O|  |TAMS 0x00000000c45fff68, 0x00000000c4500000| Untracked 
|  70|0x00000000c4600000, 0x00000000c46fcfb8, 0x00000000c4700000| 98%| O|  |TAMS 0x00000000c46fcfb8, 0x00000000c4600000| Untracked 
|  71|0x00000000c4700000, 0x00000000c4800000, 0x00000000c4800000|100%| O|  |TAMS 0x00000000c4800000, 0x00000000c4700000| Untracked 
|  72|0x00000000c4800000, 0x00000000c48ffff8, 0x00000000c4900000| 99%| O|  |TAMS 0x00000000c48ffff8, 0x00000000c4800000| Untracked 
|  73|0x00000000c4900000, 0x00000000c49fffe0, 0x00000000c4a00000| 99%| O|  |TAMS 0x00000000c49fffe0, 0x00000000c4900000| Untracked 
|  74|0x00000000c4a00000, 0x00000000c4affff8, 0x00000000c4b00000| 99%| O|  |TAMS 0x00000000c4affff8, 0x00000000c4a00000| Untracked 
|  75|0x00000000c4b00000, 0x00000000c4bfffe8, 0x00000000c4c00000| 99%| O|  |TAMS 0x00000000c4bfffe8, 0x00000000c4b00000| Untracked 
|  76|0x00000000c4c00000, 0x00000000c4cfffe0, 0x00000000c4d00000| 99%| O|  |TAMS 0x00000000c4cfffe0, 0x00000000c4c00000| Untracked 
|  77|0x00000000c4d00000, 0x00000000c4dfffe8, 0x00000000c4e00000| 99%| O|  |TAMS 0x00000000c4dfffe8, 0x00000000c4d00000| Untracked 
|  78|0x00000000c4e00000, 0x00000000c4efffe8, 0x00000000c4f00000| 99%| O|  |TAMS 0x00000000c4efffe8, 0x00000000c4e00000| Untracked 
|  79|0x00000000c4f00000, 0x00000000c5000000, 0x00000000c5000000|100%| O|  |TAMS 0x00000000c5000000, 0x00000000c4f00000| Untracked 
|  80|0x00000000c5000000, 0x00000000c50ffff0, 0x00000000c5100000| 99%| O|  |TAMS 0x00000000c50ffff0, 0x00000000c5000000| Untracked 
|  81|0x00000000c5100000, 0x00000000c51ffff8, 0x00000000c5200000| 99%| O|  |TAMS 0x00000000c51ffff8, 0x00000000c5100000| Untracked 
|  82|0x00000000c5200000, 0x00000000c5300000, 0x00000000c5300000|100%| O|  |TAMS 0x00000000c5300000, 0x00000000c5200000| Untracked 
|  83|0x00000000c5300000, 0x00000000c5400000, 0x00000000c5400000|100%| O|  |TAMS 0x00000000c5400000, 0x00000000c5300000| Untracked 
|  84|0x00000000c5400000, 0x00000000c54fffd8, 0x00000000c5500000| 99%| O|  |TAMS 0x00000000c54fffd8, 0x00000000c5400000| Untracked 
|  85|0x00000000c5500000, 0x00000000c55ffff8, 0x00000000c5600000| 99%| O|  |TAMS 0x00000000c55ffff8, 0x00000000c5500000| Untracked 
|  86|0x00000000c5600000, 0x00000000c56fffe8, 0x00000000c5700000| 99%| O|  |TAMS 0x00000000c56fffe8, 0x00000000c5600000| Untracked 
|  87|0x00000000c5700000, 0x00000000c57fffd0, 0x00000000c5800000| 99%| O|  |TAMS 0x00000000c57fffd0, 0x00000000c5700000| Untracked 
|  88|0x00000000c5800000, 0x00000000c5900000, 0x00000000c5900000|100%| O|  |TAMS 0x00000000c5900000, 0x00000000c5800000| Untracked 
|  89|0x00000000c5900000, 0x00000000c5a00000, 0x00000000c5a00000|100%|HS|  |TAMS 0x00000000c5a00000, 0x00000000c5900000| Untracked 
|  90|0x00000000c5a00000, 0x00000000c5b00000, 0x00000000c5b00000|100%|HS|  |TAMS 0x00000000c5b00000, 0x00000000c5a00000| Untracked 
|  91|0x00000000c5b00000, 0x00000000c5c00000, 0x00000000c5c00000|100%|HS|  |TAMS 0x00000000c5c00000, 0x00000000c5b00000| Untracked 
|  92|0x00000000c5c00000, 0x00000000c5d00000, 0x00000000c5d00000|100%|HC|  |TAMS 0x00000000c5d00000, 0x00000000c5c00000| Untracked 
|  93|0x00000000c5d00000, 0x00000000c5e00000, 0x00000000c5e00000|100%|HS|  |TAMS 0x00000000c5e00000, 0x00000000c5d00000| Untracked 
|  94|0x00000000c5e00000, 0x00000000c5effff0, 0x00000000c5f00000| 99%| O|  |TAMS 0x00000000c5effff0, 0x00000000c5e00000| Untracked 
|  95|0x00000000c5f00000, 0x00000000c6000000, 0x00000000c6000000|100%| O|  |TAMS 0x00000000c6000000, 0x00000000c5f00000| Untracked 
|  96|0x00000000c6000000, 0x00000000c60ff6b0, 0x00000000c6100000| 99%| O|  |TAMS 0x00000000c60ff6b0, 0x00000000c6000000| Untracked 
|  97|0x00000000c6100000, 0x00000000c6200000, 0x00000000c6200000|100%| O|  |TAMS 0x00000000c6200000, 0x00000000c6100000| Untracked 
|  98|0x00000000c6200000, 0x00000000c62ffff8, 0x00000000c6300000| 99%| O|  |TAMS 0x00000000c62ffff8, 0x00000000c6200000| Untracked 
|  99|0x00000000c6300000, 0x00000000c63fffe8, 0x00000000c6400000| 99%| O|  |TAMS 0x00000000c63fffe8, 0x00000000c6300000| Untracked 
| 100|0x00000000c6400000, 0x00000000c64ff890, 0x00000000c6500000| 99%| O|  |TAMS 0x00000000c64ff890, 0x00000000c6400000| Untracked 
| 101|0x00000000c6500000, 0x00000000c65fac48, 0x00000000c6600000| 97%| O|  |TAMS 0x00000000c65fac48, 0x00000000c6500000| Untracked 
| 102|0x00000000c6600000, 0x00000000c66ddd40, 0x00000000c6700000| 86%| O|  |TAMS 0x00000000c6600000, 0x00000000c6600000| Untracked 
| 103|0x00000000c6700000, 0x00000000c6800000, 0x00000000c6800000|100%| O|  |TAMS 0x00000000c6800000, 0x00000000c6700000| Untracked 
| 104|0x00000000c6800000, 0x00000000c68850f0, 0x00000000c6900000| 51%| O|  |TAMS 0x00000000c6800000, 0x00000000c6800000| Untracked 
| 105|0x00000000c6900000, 0x00000000c6900000, 0x00000000c6a00000|  0%| F|  |TAMS 0x00000000c6900000, 0x00000000c6900000| Untracked 
| 106|0x00000000c6a00000, 0x00000000c6a00000, 0x00000000c6b00000|  0%| F|  |TAMS 0x00000000c6a00000, 0x00000000c6a00000| Untracked 
| 107|0x00000000c6b00000, 0x00000000c6b00000, 0x00000000c6c00000|  0%| F|  |TAMS 0x00000000c6b00000, 0x00000000c6b00000| Untracked 
| 108|0x00000000c6c00000, 0x00000000c6c00000, 0x00000000c6d00000|  0%| F|  |TAMS 0x00000000c6c00000, 0x00000000c6c00000| Untracked 
| 109|0x00000000c6d00000, 0x00000000c6d00000, 0x00000000c6e00000|  0%| F|  |TAMS 0x00000000c6d00000, 0x00000000c6d00000| Untracked 
| 110|0x00000000c6e00000, 0x00000000c6e00000, 0x00000000c6f00000|  0%| F|  |TAMS 0x00000000c6e00000, 0x00000000c6e00000| Untracked 
| 111|0x00000000c6f00000, 0x00000000c6f00000, 0x00000000c7000000|  0%| F|  |TAMS 0x00000000c6f00000, 0x00000000c6f00000| Untracked 
| 112|0x00000000c7000000, 0x00000000c7000000, 0x00000000c7100000|  0%| F|  |TAMS 0x00000000c7000000, 0x00000000c7000000| Untracked 
| 113|0x00000000c7100000, 0x00000000c7100000, 0x00000000c7200000|  0%| F|  |TAMS 0x00000000c7100000, 0x00000000c7100000| Untracked 
| 114|0x00000000c7200000, 0x00000000c7200000, 0x00000000c7300000|  0%| F|  |TAMS 0x00000000c7200000, 0x00000000c7200000| Untracked 
| 115|0x00000000c7300000, 0x00000000c7300000, 0x00000000c7400000|  0%| F|  |TAMS 0x00000000c7300000, 0x00000000c7300000| Untracked 
| 116|0x00000000c7400000, 0x00000000c7400000, 0x00000000c7500000|  0%| F|  |TAMS 0x00000000c7400000, 0x00000000c7400000| Untracked 
| 117|0x00000000c7500000, 0x00000000c7500000, 0x00000000c7600000|  0%| F|  |TAMS 0x00000000c7500000, 0x00000000c7500000| Untracked 
| 118|0x00000000c7600000, 0x00000000c7600000, 0x00000000c7700000|  0%| F|  |TAMS 0x00000000c7600000, 0x00000000c7600000| Untracked 
| 119|0x00000000c7700000, 0x00000000c7700000, 0x00000000c7800000|  0%| F|  |TAMS 0x00000000c7700000, 0x00000000c7700000| Untracked 
| 120|0x00000000c7800000, 0x00000000c7800000, 0x00000000c7900000|  0%| F|  |TAMS 0x00000000c7800000, 0x00000000c7800000| Untracked 
| 121|0x00000000c7900000, 0x00000000c7900000, 0x00000000c7a00000|  0%| F|  |TAMS 0x00000000c7900000, 0x00000000c7900000| Untracked 
| 122|0x00000000c7a00000, 0x00000000c7a00000, 0x00000000c7b00000|  0%| F|  |TAMS 0x00000000c7a00000, 0x00000000c7a00000| Untracked 
| 123|0x00000000c7b00000, 0x00000000c7b00000, 0x00000000c7c00000|  0%| F|  |TAMS 0x00000000c7b00000, 0x00000000c7b00000| Untracked 
| 124|0x00000000c7c00000, 0x00000000c7c00000, 0x00000000c7d00000|  0%| F|  |TAMS 0x00000000c7c00000, 0x00000000c7c00000| Untracked 
| 125|0x00000000c7d00000, 0x00000000c7d00000, 0x00000000c7e00000|  0%| F|  |TAMS 0x00000000c7d00000, 0x00000000c7d00000| Untracked 
| 126|0x00000000c7e00000, 0x00000000c7e00000, 0x00000000c7f00000|  0%| F|  |TAMS 0x00000000c7e00000, 0x00000000c7e00000| Untracked 
| 127|0x00000000c7f00000, 0x00000000c7f00000, 0x00000000c8000000|  0%| F|  |TAMS 0x00000000c7f00000, 0x00000000c7f00000| Untracked 
| 128|0x00000000c8000000, 0x00000000c8000000, 0x00000000c8100000|  0%| F|  |TAMS 0x00000000c8000000, 0x00000000c8000000| Untracked 
| 129|0x00000000c8100000, 0x00000000c8100000, 0x00000000c8200000|  0%| F|  |TAMS 0x00000000c8100000, 0x00000000c8100000| Untracked 
| 130|0x00000000c8200000, 0x00000000c8200000, 0x00000000c8300000|  0%| F|  |TAMS 0x00000000c8200000, 0x00000000c8200000| Untracked 
| 131|0x00000000c8300000, 0x00000000c8300000, 0x00000000c8400000|  0%| F|  |TAMS 0x00000000c8300000, 0x00000000c8300000| Untracked 
| 132|0x00000000c8400000, 0x00000000c8400000, 0x00000000c8500000|  0%| F|  |TAMS 0x00000000c8400000, 0x00000000c8400000| Untracked 
| 133|0x00000000c8500000, 0x00000000c8500000, 0x00000000c8600000|  0%| F|  |TAMS 0x00000000c8500000, 0x00000000c8500000| Untracked 
| 134|0x00000000c8600000, 0x00000000c8600000, 0x00000000c8700000|  0%| F|  |TAMS 0x00000000c8600000, 0x00000000c8600000| Untracked 
| 135|0x00000000c8700000, 0x00000000c8700000, 0x00000000c8800000|  0%| F|  |TAMS 0x00000000c8700000, 0x00000000c8700000| Untracked 
| 136|0x00000000c8800000, 0x00000000c8800000, 0x00000000c8900000|  0%| F|  |TAMS 0x00000000c8800000, 0x00000000c8800000| Untracked 
| 137|0x00000000c8900000, 0x00000000c8900000, 0x00000000c8a00000|  0%| F|  |TAMS 0x00000000c8900000, 0x00000000c8900000| Untracked 
| 138|0x00000000c8a00000, 0x00000000c8a00000, 0x00000000c8b00000|  0%| F|  |TAMS 0x00000000c8a00000, 0x00000000c8a00000| Untracked 
| 139|0x00000000c8b00000, 0x00000000c8b00000, 0x00000000c8c00000|  0%| F|  |TAMS 0x00000000c8b00000, 0x00000000c8b00000| Untracked 
| 140|0x00000000c8c00000, 0x00000000c8c00000, 0x00000000c8d00000|  0%| F|  |TAMS 0x00000000c8c00000, 0x00000000c8c00000| Untracked 
| 141|0x00000000c8d00000, 0x00000000c8d00000, 0x00000000c8e00000|  0%| F|  |TAMS 0x00000000c8d00000, 0x00000000c8d00000| Untracked 
| 142|0x00000000c8e00000, 0x00000000c8e00000, 0x00000000c8f00000|  0%| F|  |TAMS 0x00000000c8e00000, 0x00000000c8e00000| Untracked 
| 143|0x00000000c8f00000, 0x00000000c8f00000, 0x00000000c9000000|  0%| F|  |TAMS 0x00000000c8f00000, 0x00000000c8f00000| Untracked 
| 144|0x00000000c9000000, 0x00000000c9000000, 0x00000000c9100000|  0%| F|  |TAMS 0x00000000c9000000, 0x00000000c9000000| Untracked 
| 145|0x00000000c9100000, 0x00000000c9100000, 0x00000000c9200000|  0%| F|  |TAMS 0x00000000c9100000, 0x00000000c9100000| Untracked 
| 146|0x00000000c9200000, 0x00000000c9200000, 0x00000000c9300000|  0%| F|  |TAMS 0x00000000c9200000, 0x00000000c9200000| Untracked 
| 147|0x00000000c9300000, 0x00000000c9300000, 0x00000000c9400000|  0%| F|  |TAMS 0x00000000c9300000, 0x00000000c9300000| Untracked 
| 148|0x00000000c9400000, 0x00000000c9500000, 0x00000000c9500000|100%| O|  |TAMS 0x00000000c9500000, 0x00000000c9400000| Untracked 
| 149|0x00000000c9500000, 0x00000000c9500000, 0x00000000c9600000|  0%| F|  |TAMS 0x00000000c9500000, 0x00000000c9500000| Untracked 
| 150|0x00000000c9600000, 0x00000000c9600000, 0x00000000c9700000|  0%| F|  |TAMS 0x00000000c9600000, 0x00000000c9600000| Untracked 
| 151|0x00000000c9700000, 0x00000000c9700000, 0x00000000c9800000|  0%| F|  |TAMS 0x00000000c9700000, 0x00000000c9700000| Untracked 
| 152|0x00000000c9800000, 0x00000000c9800000, 0x00000000c9900000|  0%| F|  |TAMS 0x00000000c9800000, 0x00000000c9800000| Untracked 
| 153|0x00000000c9900000, 0x00000000c9900000, 0x00000000c9a00000|  0%| F|  |TAMS 0x00000000c9900000, 0x00000000c9900000| Untracked 
| 154|0x00000000c9a00000, 0x00000000c9a00000, 0x00000000c9b00000|  0%| F|  |TAMS 0x00000000c9a00000, 0x00000000c9a00000| Untracked 
| 155|0x00000000c9b00000, 0x00000000c9b00000, 0x00000000c9c00000|  0%| F|  |TAMS 0x00000000c9b00000, 0x00000000c9b00000| Untracked 
| 156|0x00000000c9c00000, 0x00000000c9c00000, 0x00000000c9d00000|  0%| F|  |TAMS 0x00000000c9c00000, 0x00000000c9c00000| Untracked 
| 157|0x00000000c9d00000, 0x00000000c9d00000, 0x00000000c9e00000|  0%| F|  |TAMS 0x00000000c9d00000, 0x00000000c9d00000| Untracked 
| 158|0x00000000c9e00000, 0x00000000c9e00000, 0x00000000c9f00000|  0%| F|  |TAMS 0x00000000c9e00000, 0x00000000c9e00000| Untracked 
| 159|0x00000000c9f00000, 0x00000000c9f00000, 0x00000000ca000000|  0%| F|  |TAMS 0x00000000c9f00000, 0x00000000c9f00000| Untracked 
| 160|0x00000000ca000000, 0x00000000ca000000, 0x00000000ca100000|  0%| F|  |TAMS 0x00000000ca000000, 0x00000000ca000000| Untracked 
| 161|0x00000000ca100000, 0x00000000ca100000, 0x00000000ca200000|  0%| F|  |TAMS 0x00000000ca100000, 0x00000000ca100000| Untracked 
| 162|0x00000000ca200000, 0x00000000ca200000, 0x00000000ca300000|  0%| F|  |TAMS 0x00000000ca200000, 0x00000000ca200000| Untracked 
| 163|0x00000000ca300000, 0x00000000ca300068, 0x00000000ca400000|  0%| O|  |TAMS 0x00000000ca300000, 0x00000000ca300000| Untracked 
| 164|0x00000000ca400000, 0x00000000ca400000, 0x00000000ca500000|  0%| F|  |TAMS 0x00000000ca400000, 0x00000000ca400000| Untracked 
| 165|0x00000000ca500000, 0x00000000ca500000, 0x00000000ca600000|  0%| F|  |TAMS 0x00000000ca500000, 0x00000000ca500000| Untracked 
| 166|0x00000000ca600000, 0x00000000ca600000, 0x00000000ca700000|  0%| F|  |TAMS 0x00000000ca600000, 0x00000000ca600000| Untracked 
| 167|0x00000000ca700000, 0x00000000ca700000, 0x00000000ca800000|  0%| F|  |TAMS 0x00000000ca700000, 0x00000000ca700000| Untracked 
| 168|0x00000000ca800000, 0x00000000ca800000, 0x00000000ca900000|  0%| F|  |TAMS 0x00000000ca800000, 0x00000000ca800000| Untracked 
| 169|0x00000000ca900000, 0x00000000ca900000, 0x00000000caa00000|  0%| F|  |TAMS 0x00000000ca900000, 0x00000000ca900000| Untracked 
| 170|0x00000000caa00000, 0x00000000caa00000, 0x00000000cab00000|  0%| F|  |TAMS 0x00000000caa00000, 0x00000000caa00000| Untracked 
| 171|0x00000000cab00000, 0x00000000cab00000, 0x00000000cac00000|  0%| F|  |TAMS 0x00000000cab00000, 0x00000000cab00000| Untracked 
| 172|0x00000000cac00000, 0x00000000cac00000, 0x00000000cad00000|  0%| F|  |TAMS 0x00000000cac00000, 0x00000000cac00000| Untracked 
| 173|0x00000000cad00000, 0x00000000cad00000, 0x00000000cae00000|  0%| F|  |TAMS 0x00000000cad00000, 0x00000000cad00000| Untracked 
| 174|0x00000000cae00000, 0x00000000cae00000, 0x00000000caf00000|  0%| F|  |TAMS 0x00000000cae00000, 0x00000000cae00000| Untracked 
| 175|0x00000000caf00000, 0x00000000caf00000, 0x00000000cb000000|  0%| F|  |TAMS 0x00000000caf00000, 0x00000000caf00000| Untracked 
| 176|0x00000000cb000000, 0x00000000cb000000, 0x00000000cb100000|  0%| F|  |TAMS 0x00000000cb000000, 0x00000000cb000000| Untracked 
| 177|0x00000000cb100000, 0x00000000cb100000, 0x00000000cb200000|  0%| F|  |TAMS 0x00000000cb100000, 0x00000000cb100000| Untracked 
| 178|0x00000000cb200000, 0x00000000cb200000, 0x00000000cb300000|  0%| F|  |TAMS 0x00000000cb200000, 0x00000000cb200000| Untracked 
| 179|0x00000000cb300000, 0x00000000cb300000, 0x00000000cb400000|  0%| F|  |TAMS 0x00000000cb300000, 0x00000000cb300000| Untracked 
| 180|0x00000000cb400000, 0x00000000cb400000, 0x00000000cb500000|  0%| F|  |TAMS 0x00000000cb400000, 0x00000000cb400000| Untracked 
| 181|0x00000000cb500000, 0x00000000cb500000, 0x00000000cb600000|  0%| F|  |TAMS 0x00000000cb500000, 0x00000000cb500000| Untracked 
| 182|0x00000000cb600000, 0x00000000cb600000, 0x00000000cb700000|  0%| F|  |TAMS 0x00000000cb600000, 0x00000000cb600000| Untracked 
| 183|0x00000000cb700000, 0x00000000cb700000, 0x00000000cb800000|  0%| F|  |TAMS 0x00000000cb700000, 0x00000000cb700000| Untracked 
| 184|0x00000000cb800000, 0x00000000cb800000, 0x00000000cb900000|  0%| F|  |TAMS 0x00000000cb800000, 0x00000000cb800000| Untracked 
| 185|0x00000000cb900000, 0x00000000cb900000, 0x00000000cba00000|  0%| F|  |TAMS 0x00000000cb900000, 0x00000000cb900000| Untracked 
| 186|0x00000000cba00000, 0x00000000cba00000, 0x00000000cbb00000|  0%| F|  |TAMS 0x00000000cba00000, 0x00000000cba00000| Untracked 
| 187|0x00000000cbb00000, 0x00000000cbb00000, 0x00000000cbc00000|  0%| F|  |TAMS 0x00000000cbb00000, 0x00000000cbb00000| Untracked 
| 188|0x00000000cbc00000, 0x00000000cbc00000, 0x00000000cbd00000|  0%| F|  |TAMS 0x00000000cbc00000, 0x00000000cbc00000| Untracked 
| 189|0x00000000cbd00000, 0x00000000cbd00000, 0x00000000cbe00000|  0%| F|  |TAMS 0x00000000cbd00000, 0x00000000cbd00000| Untracked 
| 190|0x00000000cbe00000, 0x00000000cbe00000, 0x00000000cbf00000|  0%| F|  |TAMS 0x00000000cbe00000, 0x00000000cbe00000| Untracked 
| 191|0x00000000cbf00000, 0x00000000cbf00000, 0x00000000cc000000|  0%| F|  |TAMS 0x00000000cbf00000, 0x00000000cbf00000| Untracked 
| 192|0x00000000cc000000, 0x00000000cc000000, 0x00000000cc100000|  0%| F|  |TAMS 0x00000000cc000000, 0x00000000cc000000| Untracked 
| 193|0x00000000cc100000, 0x00000000cc100000, 0x00000000cc200000|  0%| F|  |TAMS 0x00000000cc100000, 0x00000000cc100000| Untracked 
| 194|0x00000000cc200000, 0x00000000cc200000, 0x00000000cc300000|  0%| F|  |TAMS 0x00000000cc200000, 0x00000000cc200000| Untracked 
| 195|0x00000000cc300000, 0x00000000cc300000, 0x00000000cc400000|  0%| F|  |TAMS 0x00000000cc300000, 0x00000000cc300000| Untracked 
| 196|0x00000000cc400000, 0x00000000cc400000, 0x00000000cc500000|  0%| F|  |TAMS 0x00000000cc400000, 0x00000000cc400000| Untracked 
| 197|0x00000000cc500000, 0x00000000cc500000, 0x00000000cc600000|  0%| F|  |TAMS 0x00000000cc500000, 0x00000000cc500000| Untracked 
| 198|0x00000000cc600000, 0x00000000cc600000, 0x00000000cc700000|  0%| F|  |TAMS 0x00000000cc600000, 0x00000000cc600000| Untracked 
| 199|0x00000000cc700000, 0x00000000cc700000, 0x00000000cc800000|  0%| F|  |TAMS 0x00000000cc700000, 0x00000000cc700000| Untracked 
| 200|0x00000000cc800000, 0x00000000cc800000, 0x00000000cc900000|  0%| F|  |TAMS 0x00000000cc800000, 0x00000000cc800000| Untracked 
| 201|0x00000000cc900000, 0x00000000cc900000, 0x00000000cca00000|  0%| F|  |TAMS 0x00000000cc900000, 0x00000000cc900000| Untracked 
| 202|0x00000000cca00000, 0x00000000cca00000, 0x00000000ccb00000|  0%| F|  |TAMS 0x00000000cca00000, 0x00000000cca00000| Untracked 
| 203|0x00000000ccb00000, 0x00000000ccb00000, 0x00000000ccc00000|  0%| F|  |TAMS 0x00000000ccb00000, 0x00000000ccb00000| Untracked 
| 204|0x00000000ccc00000, 0x00000000ccc00000, 0x00000000ccd00000|  0%| F|  |TAMS 0x00000000ccc00000, 0x00000000ccc00000| Untracked 
| 205|0x00000000ccd00000, 0x00000000ccd00000, 0x00000000cce00000|  0%| F|  |TAMS 0x00000000ccd00000, 0x00000000ccd00000| Untracked 
| 206|0x00000000cce00000, 0x00000000cce00000, 0x00000000ccf00000|  0%| F|  |TAMS 0x00000000cce00000, 0x00000000cce00000| Untracked 
| 207|0x00000000ccf00000, 0x00000000ccf00000, 0x00000000cd000000|  0%| F|  |TAMS 0x00000000ccf00000, 0x00000000ccf00000| Untracked 
| 208|0x00000000cd000000, 0x00000000cd000000, 0x00000000cd100000|  0%| F|  |TAMS 0x00000000cd000000, 0x00000000cd000000| Untracked 
| 209|0x00000000cd100000, 0x00000000cd100000, 0x00000000cd200000|  0%| F|  |TAMS 0x00000000cd100000, 0x00000000cd100000| Untracked 
| 210|0x00000000cd200000, 0x00000000cd200000, 0x00000000cd300000|  0%| F|  |TAMS 0x00000000cd200000, 0x00000000cd200000| Untracked 
| 211|0x00000000cd300000, 0x00000000cd300000, 0x00000000cd400000|  0%| F|  |TAMS 0x00000000cd300000, 0x00000000cd300000| Untracked 
| 212|0x00000000cd400000, 0x00000000cd400000, 0x00000000cd500000|  0%| F|  |TAMS 0x00000000cd400000, 0x00000000cd400000| Untracked 
| 213|0x00000000cd500000, 0x00000000cd500000, 0x00000000cd600000|  0%| F|  |TAMS 0x00000000cd500000, 0x00000000cd500000| Untracked 
| 214|0x00000000cd600000, 0x00000000cd600000, 0x00000000cd700000|  0%| F|  |TAMS 0x00000000cd600000, 0x00000000cd600000| Untracked 
| 215|0x00000000cd700000, 0x00000000cd700000, 0x00000000cd800000|  0%| F|  |TAMS 0x00000000cd700000, 0x00000000cd700000| Untracked 
| 216|0x00000000cd800000, 0x00000000cd800000, 0x00000000cd900000|  0%| F|  |TAMS 0x00000000cd800000, 0x00000000cd800000| Untracked 
| 217|0x00000000cd900000, 0x00000000cd900000, 0x00000000cda00000|  0%| F|  |TAMS 0x00000000cd900000, 0x00000000cd900000| Untracked 
| 218|0x00000000cda00000, 0x00000000cda00000, 0x00000000cdb00000|  0%| F|  |TAMS 0x00000000cda00000, 0x00000000cda00000| Untracked 
| 219|0x00000000cdb00000, 0x00000000cdb00000, 0x00000000cdc00000|  0%| F|  |TAMS 0x00000000cdb00000, 0x00000000cdb00000| Untracked 
| 220|0x00000000cdc00000, 0x00000000cdc00000, 0x00000000cdd00000|  0%| F|  |TAMS 0x00000000cdc00000, 0x00000000cdc00000| Untracked 
| 221|0x00000000cdd00000, 0x00000000cdd00000, 0x00000000cde00000|  0%| F|  |TAMS 0x00000000cdd00000, 0x00000000cdd00000| Untracked 
| 222|0x00000000cde00000, 0x00000000cde00000, 0x00000000cdf00000|  0%| F|  |TAMS 0x00000000cde00000, 0x00000000cde00000| Untracked 
| 223|0x00000000cdf00000, 0x00000000cdf00000, 0x00000000ce000000|  0%| F|  |TAMS 0x00000000cdf00000, 0x00000000cdf00000| Untracked 
| 224|0x00000000ce000000, 0x00000000ce000000, 0x00000000ce100000|  0%| F|  |TAMS 0x00000000ce000000, 0x00000000ce000000| Untracked 
| 225|0x00000000ce100000, 0x00000000ce100000, 0x00000000ce200000|  0%| F|  |TAMS 0x00000000ce100000, 0x00000000ce100000| Untracked 
| 226|0x00000000ce200000, 0x00000000ce200000, 0x00000000ce300000|  0%| F|  |TAMS 0x00000000ce200000, 0x00000000ce200000| Untracked 
| 227|0x00000000ce300000, 0x00000000ce300000, 0x00000000ce400000|  0%| F|  |TAMS 0x00000000ce300000, 0x00000000ce300000| Untracked 
| 228|0x00000000ce400000, 0x00000000ce400000, 0x00000000ce500000|  0%| F|  |TAMS 0x00000000ce400000, 0x00000000ce400000| Untracked 
| 229|0x00000000ce500000, 0x00000000ce500000, 0x00000000ce600000|  0%| F|  |TAMS 0x00000000ce500000, 0x00000000ce500000| Untracked 
| 230|0x00000000ce600000, 0x00000000ce600000, 0x00000000ce700000|  0%| F|  |TAMS 0x00000000ce600000, 0x00000000ce600000| Untracked 
| 231|0x00000000ce700000, 0x00000000ce700000, 0x00000000ce800000|  0%| F|  |TAMS 0x00000000ce700000, 0x00000000ce700000| Untracked 
| 232|0x00000000ce800000, 0x00000000ce800000, 0x00000000ce900000|  0%| F|  |TAMS 0x00000000ce800000, 0x00000000ce800000| Untracked 
| 233|0x00000000ce900000, 0x00000000ce900000, 0x00000000cea00000|  0%| F|  |TAMS 0x00000000ce900000, 0x00000000ce900000| Untracked 
| 234|0x00000000cea00000, 0x00000000cea00000, 0x00000000ceb00000|  0%| F|  |TAMS 0x00000000cea00000, 0x00000000cea00000| Untracked 
| 235|0x00000000ceb00000, 0x00000000ceb00000, 0x00000000cec00000|  0%| F|  |TAMS 0x00000000ceb00000, 0x00000000ceb00000| Untracked 
| 236|0x00000000cec00000, 0x00000000cec00000, 0x00000000ced00000|  0%| F|  |TAMS 0x00000000cec00000, 0x00000000cec00000| Untracked 
| 237|0x00000000ced00000, 0x00000000ced00000, 0x00000000cee00000|  0%| F|  |TAMS 0x00000000ced00000, 0x00000000ced00000| Untracked 
| 238|0x00000000cee00000, 0x00000000cee00000, 0x00000000cef00000|  0%| F|  |TAMS 0x00000000cee00000, 0x00000000cee00000| Untracked 
| 239|0x00000000cef00000, 0x00000000cef00000, 0x00000000cf000000|  0%| F|  |TAMS 0x00000000cef00000, 0x00000000cef00000| Untracked 
| 240|0x00000000cf000000, 0x00000000cf000000, 0x00000000cf100000|  0%| F|  |TAMS 0x00000000cf000000, 0x00000000cf000000| Untracked 
| 241|0x00000000cf100000, 0x00000000cf100000, 0x00000000cf200000|  0%| F|  |TAMS 0x00000000cf100000, 0x00000000cf100000| Untracked 
| 242|0x00000000cf200000, 0x00000000cf200000, 0x00000000cf300000|  0%| F|  |TAMS 0x00000000cf200000, 0x00000000cf200000| Untracked 
| 243|0x00000000cf300000, 0x00000000cf300000, 0x00000000cf400000|  0%| F|  |TAMS 0x00000000cf300000, 0x00000000cf300000| Untracked 
| 244|0x00000000cf400000, 0x00000000cf400000, 0x00000000cf500000|  0%| F|  |TAMS 0x00000000cf400000, 0x00000000cf400000| Untracked 
| 245|0x00000000cf500000, 0x00000000cf500000, 0x00000000cf600000|  0%| F|  |TAMS 0x00000000cf500000, 0x00000000cf500000| Untracked 
| 246|0x00000000cf600000, 0x00000000cf600000, 0x00000000cf700000|  0%| F|  |TAMS 0x00000000cf600000, 0x00000000cf600000| Untracked 
| 247|0x00000000cf700000, 0x00000000cf700000, 0x00000000cf800000|  0%| F|  |TAMS 0x00000000cf700000, 0x00000000cf700000| Untracked 
| 248|0x00000000cf800000, 0x00000000cf800000, 0x00000000cf900000|  0%| F|  |TAMS 0x00000000cf800000, 0x00000000cf800000| Untracked 
| 249|0x00000000cf900000, 0x00000000cf900000, 0x00000000cfa00000|  0%| F|  |TAMS 0x00000000cf900000, 0x00000000cf900000| Untracked 
| 250|0x00000000cfa00000, 0x00000000cfa00000, 0x00000000cfb00000|  0%| F|  |TAMS 0x00000000cfa00000, 0x00000000cfa00000| Untracked 
| 251|0x00000000cfb00000, 0x00000000cfb00000, 0x00000000cfc00000|  0%| F|  |TAMS 0x00000000cfb00000, 0x00000000cfb00000| Untracked 
| 252|0x00000000cfc00000, 0x00000000cfc00000, 0x00000000cfd00000|  0%| F|  |TAMS 0x00000000cfc00000, 0x00000000cfc00000| Untracked 
| 253|0x00000000cfd00000, 0x00000000cfd00000, 0x00000000cfe00000|  0%| F|  |TAMS 0x00000000cfd00000, 0x00000000cfd00000| Untracked 
| 254|0x00000000cfe00000, 0x00000000cfe00000, 0x00000000cff00000|  0%| F|  |TAMS 0x00000000cfe00000, 0x00000000cfe00000| Untracked 
| 255|0x00000000cff00000, 0x00000000cff00000, 0x00000000d0000000|  0%| F|  |TAMS 0x00000000cff00000, 0x00000000cff00000| Untracked 
| 256|0x00000000d0000000, 0x00000000d0000000, 0x00000000d0100000|  0%| F|  |TAMS 0x00000000d0000000, 0x00000000d0000000| Untracked 
| 257|0x00000000d0100000, 0x00000000d0100000, 0x00000000d0200000|  0%| F|  |TAMS 0x00000000d0100000, 0x00000000d0100000| Untracked 
| 258|0x00000000d0200000, 0x00000000d0200000, 0x00000000d0300000|  0%| F|  |TAMS 0x00000000d0200000, 0x00000000d0200000| Untracked 
| 259|0x00000000d0300000, 0x00000000d0300000, 0x00000000d0400000|  0%| F|  |TAMS 0x00000000d0300000, 0x00000000d0300000| Untracked 
| 260|0x00000000d0400000, 0x00000000d0400000, 0x00000000d0500000|  0%| F|  |TAMS 0x00000000d0400000, 0x00000000d0400000| Untracked 
| 261|0x00000000d0500000, 0x00000000d0500000, 0x00000000d0600000|  0%| F|  |TAMS 0x00000000d0500000, 0x00000000d0500000| Untracked 
| 262|0x00000000d0600000, 0x00000000d0600000, 0x00000000d0700000|  0%| F|  |TAMS 0x00000000d0600000, 0x00000000d0600000| Untracked 
| 263|0x00000000d0700000, 0x00000000d0700000, 0x00000000d0800000|  0%| F|  |TAMS 0x00000000d0700000, 0x00000000d0700000| Untracked 
| 264|0x00000000d0800000, 0x00000000d0800000, 0x00000000d0900000|  0%| F|  |TAMS 0x00000000d0800000, 0x00000000d0800000| Untracked 
| 265|0x00000000d0900000, 0x00000000d0900000, 0x00000000d0a00000|  0%| F|  |TAMS 0x00000000d0900000, 0x00000000d0900000| Untracked 
| 266|0x00000000d0a00000, 0x00000000d0a00000, 0x00000000d0b00000|  0%| F|  |TAMS 0x00000000d0a00000, 0x00000000d0a00000| Untracked 
| 267|0x00000000d0b00000, 0x00000000d0b00000, 0x00000000d0c00000|  0%| F|  |TAMS 0x00000000d0b00000, 0x00000000d0b00000| Untracked 
| 268|0x00000000d0c00000, 0x00000000d0c00000, 0x00000000d0d00000|  0%| F|  |TAMS 0x00000000d0c00000, 0x00000000d0c00000| Untracked 
| 269|0x00000000d0d00000, 0x00000000d0d00000, 0x00000000d0e00000|  0%| F|  |TAMS 0x00000000d0d00000, 0x00000000d0d00000| Untracked 
| 270|0x00000000d0e00000, 0x00000000d0e00000, 0x00000000d0f00000|  0%| F|  |TAMS 0x00000000d0e00000, 0x00000000d0e00000| Untracked 
| 271|0x00000000d0f00000, 0x00000000d0f00000, 0x00000000d1000000|  0%| F|  |TAMS 0x00000000d0f00000, 0x00000000d0f00000| Untracked 
| 272|0x00000000d1000000, 0x00000000d1000000, 0x00000000d1100000|  0%| F|  |TAMS 0x00000000d1000000, 0x00000000d1000000| Untracked 
| 273|0x00000000d1100000, 0x00000000d1100000, 0x00000000d1200000|  0%| F|  |TAMS 0x00000000d1100000, 0x00000000d1100000| Untracked 
| 274|0x00000000d1200000, 0x00000000d1200000, 0x00000000d1300000|  0%| F|  |TAMS 0x00000000d1200000, 0x00000000d1200000| Untracked 
| 275|0x00000000d1300000, 0x00000000d1300000, 0x00000000d1400000|  0%| F|  |TAMS 0x00000000d1300000, 0x00000000d1300000| Untracked 
| 276|0x00000000d1400000, 0x00000000d1400000, 0x00000000d1500000|  0%| F|  |TAMS 0x00000000d1400000, 0x00000000d1400000| Untracked 
| 277|0x00000000d1500000, 0x00000000d1500000, 0x00000000d1600000|  0%| F|  |TAMS 0x00000000d1500000, 0x00000000d1500000| Untracked 
| 278|0x00000000d1600000, 0x00000000d1600000, 0x00000000d1700000|  0%| F|  |TAMS 0x00000000d1600000, 0x00000000d1600000| Untracked 
| 279|0x00000000d1700000, 0x00000000d1700000, 0x00000000d1800000|  0%| F|  |TAMS 0x00000000d1700000, 0x00000000d1700000| Untracked 
| 280|0x00000000d1800000, 0x00000000d1800000, 0x00000000d1900000|  0%| F|  |TAMS 0x00000000d1800000, 0x00000000d1800000| Untracked 
| 281|0x00000000d1900000, 0x00000000d1900000, 0x00000000d1a00000|  0%| F|  |TAMS 0x00000000d1900000, 0x00000000d1900000| Untracked 
| 282|0x00000000d1a00000, 0x00000000d1a00000, 0x00000000d1b00000|  0%| F|  |TAMS 0x00000000d1a00000, 0x00000000d1a00000| Untracked 
| 283|0x00000000d1b00000, 0x00000000d1b00000, 0x00000000d1c00000|  0%| F|  |TAMS 0x00000000d1b00000, 0x00000000d1b00000| Untracked 
| 284|0x00000000d1c00000, 0x00000000d1c00000, 0x00000000d1d00000|  0%| F|  |TAMS 0x00000000d1c00000, 0x00000000d1c00000| Untracked 
| 285|0x00000000d1d00000, 0x00000000d1d00000, 0x00000000d1e00000|  0%| F|  |TAMS 0x00000000d1d00000, 0x00000000d1d00000| Untracked 
| 286|0x00000000d1e00000, 0x00000000d1e00000, 0x00000000d1f00000|  0%| F|  |TAMS 0x00000000d1e00000, 0x00000000d1e00000| Untracked 
| 287|0x00000000d1f00000, 0x00000000d1f00000, 0x00000000d2000000|  0%| F|  |TAMS 0x00000000d1f00000, 0x00000000d1f00000| Untracked 
| 288|0x00000000d2000000, 0x00000000d2000000, 0x00000000d2100000|  0%| F|  |TAMS 0x00000000d2000000, 0x00000000d2000000| Untracked 
| 289|0x00000000d2100000, 0x00000000d2100000, 0x00000000d2200000|  0%| F|  |TAMS 0x00000000d2100000, 0x00000000d2100000| Untracked 
| 290|0x00000000d2200000, 0x00000000d2200000, 0x00000000d2300000|  0%| F|  |TAMS 0x00000000d2200000, 0x00000000d2200000| Untracked 
| 291|0x00000000d2300000, 0x00000000d2300000, 0x00000000d2400000|  0%| F|  |TAMS 0x00000000d2300000, 0x00000000d2300000| Untracked 
| 292|0x00000000d2400000, 0x00000000d24fffe0, 0x00000000d2500000| 99%| O|  |TAMS 0x00000000d24fffe0, 0x00000000d2400000| Untracked 
| 293|0x00000000d2500000, 0x00000000d2500000, 0x00000000d2600000|  0%| F|  |TAMS 0x00000000d2500000, 0x00000000d2500000| Untracked 
| 294|0x00000000d2600000, 0x00000000d2600000, 0x00000000d2700000|  0%| F|  |TAMS 0x00000000d2600000, 0x00000000d2600000| Untracked 
| 295|0x00000000d2700000, 0x00000000d2700000, 0x00000000d2800000|  0%| F|  |TAMS 0x00000000d2700000, 0x00000000d2700000| Untracked 
| 296|0x00000000d2800000, 0x00000000d2800000, 0x00000000d2900000|  0%| F|  |TAMS 0x00000000d2800000, 0x00000000d2800000| Untracked 
| 297|0x00000000d2900000, 0x00000000d2900000, 0x00000000d2a00000|  0%| F|  |TAMS 0x00000000d2900000, 0x00000000d2900000| Untracked 
| 298|0x00000000d2a00000, 0x00000000d2a00000, 0x00000000d2b00000|  0%| F|  |TAMS 0x00000000d2a00000, 0x00000000d2a00000| Untracked 
| 299|0x00000000d2b00000, 0x00000000d2b00000, 0x00000000d2c00000|  0%| F|  |TAMS 0x00000000d2b00000, 0x00000000d2b00000| Untracked 
| 300|0x00000000d2c00000, 0x00000000d2c00000, 0x00000000d2d00000|  0%| F|  |TAMS 0x00000000d2c00000, 0x00000000d2c00000| Untracked 
| 301|0x00000000d2d00000, 0x00000000d2d00000, 0x00000000d2e00000|  0%| F|  |TAMS 0x00000000d2d00000, 0x00000000d2d00000| Untracked 
| 302|0x00000000d2e00000, 0x00000000d2e00000, 0x00000000d2f00000|  0%| F|  |TAMS 0x00000000d2e00000, 0x00000000d2e00000| Untracked 
| 303|0x00000000d2f00000, 0x00000000d2f00000, 0x00000000d3000000|  0%| F|  |TAMS 0x00000000d2f00000, 0x00000000d2f00000| Untracked 
| 304|0x00000000d3000000, 0x00000000d3000000, 0x00000000d3100000|  0%| F|  |TAMS 0x00000000d3000000, 0x00000000d3000000| Untracked 
| 305|0x00000000d3100000, 0x00000000d3100000, 0x00000000d3200000|  0%| F|  |TAMS 0x00000000d3100000, 0x00000000d3100000| Untracked 
| 306|0x00000000d3200000, 0x00000000d3200000, 0x00000000d3300000|  0%| F|  |TAMS 0x00000000d3200000, 0x00000000d3200000| Untracked 
| 307|0x00000000d3300000, 0x00000000d3300000, 0x00000000d3400000|  0%| F|  |TAMS 0x00000000d3300000, 0x00000000d3300000| Untracked 
| 308|0x00000000d3400000, 0x00000000d3400000, 0x00000000d3500000|  0%| F|  |TAMS 0x00000000d3400000, 0x00000000d3400000| Untracked 
| 309|0x00000000d3500000, 0x00000000d3500000, 0x00000000d3600000|  0%| F|  |TAMS 0x00000000d3500000, 0x00000000d3500000| Untracked 
| 310|0x00000000d3600000, 0x00000000d3600000, 0x00000000d3700000|  0%| F|  |TAMS 0x00000000d3600000, 0x00000000d3600000| Untracked 
| 311|0x00000000d3700000, 0x00000000d3700000, 0x00000000d3800000|  0%| F|  |TAMS 0x00000000d3700000, 0x00000000d3700000| Untracked 
| 312|0x00000000d3800000, 0x00000000d3800000, 0x00000000d3900000|  0%| F|  |TAMS 0x00000000d3800000, 0x00000000d3800000| Untracked 
| 313|0x00000000d3900000, 0x00000000d3900000, 0x00000000d3a00000|  0%| F|  |TAMS 0x00000000d3900000, 0x00000000d3900000| Untracked 
| 314|0x00000000d3a00000, 0x00000000d3a00000, 0x00000000d3b00000|  0%| F|  |TAMS 0x00000000d3a00000, 0x00000000d3a00000| Untracked 
| 315|0x00000000d3b00000, 0x00000000d3b00000, 0x00000000d3c00000|  0%| F|  |TAMS 0x00000000d3b00000, 0x00000000d3b00000| Untracked 
| 316|0x00000000d3c00000, 0x00000000d3c00000, 0x00000000d3d00000|  0%| F|  |TAMS 0x00000000d3c00000, 0x00000000d3c00000| Untracked 
| 317|0x00000000d3d00000, 0x00000000d3d00000, 0x00000000d3e00000|  0%| F|  |TAMS 0x00000000d3d00000, 0x00000000d3d00000| Untracked 
| 318|0x00000000d3e00000, 0x00000000d3e00000, 0x00000000d3f00000|  0%| F|  |TAMS 0x00000000d3e00000, 0x00000000d3e00000| Untracked 
| 319|0x00000000d3f00000, 0x00000000d3f058a8, 0x00000000d4000000|  2%| E|  |TAMS 0x00000000d3f00000, 0x00000000d3f00000| Complete 

Card table byte_map: [0x00000275b85b0000,0x00000275b87b0000] _byte_map_base: 0x00000275b7fb0000

Marking Bits (Prev, Next): (CMBitMap*) 0x00000275b26370e0, (CMBitMap*) 0x00000275b26370a0
 Prev Bits: [0x00000275b99b0000, 0x00000275ba9b0000)
 Next Bits: [0x00000275b89b0000, 0x00000275b99b0000)

Polling page: 0x00000275b0560000

Metaspace:

Usage:
  Non-class:     50.37 MB used.
      Class:      7.22 MB used.
       Both:     57.60 MB used.

Virtual space:
  Non-class space:       64.00 MB reserved,      50.62 MB ( 79%) committed,  1 nodes.
      Class space:        1.00 GB reserved,       7.44 MB ( <1%) committed,  1 nodes.
             Both:        1.06 GB reserved,      58.06 MB (  5%) committed. 

Chunk freelists:
   Non-Class:  13.26 MB
       Class:  8.43 MB
        Both:  21.70 MB

MaxMetaspaceSize: unlimited
CompressedClassSpaceSize: 1.00 GB
Initial GC threshold: 21.00 MB
Current GC threshold: 96.81 MB
CDS: off
MetaspaceReclaimPolicy: balanced
 - commit_granule_bytes: 65536.
 - commit_granule_words: 8192.
 - virtual_space_node_default_size: 8388608.
 - enlarge_chunks_in_place: 1.
 - new_chunks_are_fully_committed: 0.
 - uncommit_free_chunks: 1.
 - use_allocation_guard: 0.
 - handle_deallocations: 1.


Internal statistics:

num_allocs_failed_limit: 6.
num_arena_births: 982.
num_arena_deaths: 446.
num_vsnodes_births: 2.
num_vsnodes_deaths: 0.
num_space_committed: 929.
num_space_uncommitted: 1.
num_chunks_returned_to_freelist: 558.
num_chunks_taken_from_freelist: 3123.
num_chunk_merges: 182.
num_chunk_splits: 1937.
num_chunks_enlarged: 1373.
num_inconsistent_stats: 0.

CodeCache: size=49152Kb used=23381Kb max_used=23944Kb free=25770Kb
 bounds [0x00000275b52a0000, 0x00000275b6a30000, 0x00000275b82a0000]
 total_blobs=12473 nmethods=11825 adapters=571
 compilation: enabled
              stopped_count=0, restarted_count=0
 full_count=0

Compilation events (20 events):
Event: 109455.720 Thread 0x00000275bd42d0d0 12130       1       org.springframework.ide.vscode.commons.protocol.spring.AnnotationMetadata::<init> (20 bytes)
Event: 109455.720 Thread 0x00000275bd42d0d0 nmethod 12130 0x00000275b680a390 code [0x00000275b680a520, 0x00000275b680a698]
Event: 109534.368 Thread 0x00000275bd42d0d0 12131       1       org.eclipse.jdt.internal.compiler.ast.FakedTrackingVariable$$Lambda$1311/0x000000010075fd58::<init> (26 bytes)
Event: 109534.370 Thread 0x00000275bd42d0d0 nmethod 12131 0x00000275b6809f90 code [0x00000275b680a120, 0x00000275b680a2f8]
Event: 109534.370 Thread 0x00000275bd42d0d0 12133       1       org.eclipse.jdt.internal.compiler.ast.FakedTrackingVariable::lambda$5 (44 bytes)
Event: 109534.371 Thread 0x00000275c430cba0 12134       1       org.eclipse.jdt.internal.compiler.ast.FakedTrackingVariable::markNullStatus (13 bytes)
Event: 109534.374 Thread 0x00000275c430cba0 nmethod 12134 0x00000275b6809a90 code [0x00000275b6809c40, 0x00000275b6809e58]
Event: 109534.374 Thread 0x00000275bd42d0d0 nmethod 12133 0x00000275b6809390 code [0x00000275b6809560, 0x00000275b6809838]
Event: 109534.374 Thread 0x00000275c430cba0 12135       1       java.lang.invoke.LambdaForm$MH/0x0000000100768400::linkToTargetMethod (11 bytes)
Event: 109534.374 Thread 0x00000275bd42d0d0 12136       1       java.lang.invoke.LambdaForm$DMH/0x0000000100768000::newInvokeSpecial (28 bytes)
Event: 109534.374 Thread 0x00000275c430cba0 nmethod 12135 0x00000275b6809010 code [0x00000275b68091c0, 0x00000275b68092d8]
Event: 109534.374 Thread 0x00000275c430cba0 12137       1       org.eclipse.jdt.internal.compiler.ast.FakedTrackingVariable$$Lambda$1312/0x0000000100764000::<init> (20 bytes)
Event: 109534.374 Thread 0x00000275bd42d0d0 nmethod 12136 0x00000275b6808b10 code [0x00000275b6808cc0, 0x00000275b6808e68]
Event: 109534.374 Thread 0x00000275c430cba0 nmethod 12137 0x00000275b6808790 code [0x00000275b6808920, 0x00000275b6808a78]
Event: 109534.374 Thread 0x00000275bd42d0d0 12138       1       org.eclipse.jdt.internal.compiler.ast.FakedTrackingVariable$$Lambda$1312/0x0000000100764000::accept (20 bytes)
Event: 109534.374 Thread 0x00000275c430cba0 12139       1       org.eclipse.jdt.internal.compiler.ast.FakedTrackingVariable::lambda$3 (19 bytes)
Event: 109534.375 Thread 0x00000275bd42d0d0 nmethod 12138 0x00000275b6808310 code [0x00000275b68084c0, 0x00000275b6808638]
Event: 109534.375 Thread 0x00000275c430cba0 nmethod 12139 0x00000275b6807f10 code [0x00000275b68080c0, 0x00000275b68081d8]
Event: 109534.375 Thread 0x00000275bd42d0d0 12132       1       org.eclipse.jdt.internal.compiler.ast.FakedTrackingVariable$$Lambda$1311/0x000000010075fd58::accept (24 bytes)
Event: 109534.375 Thread 0x00000275bd42d0d0 nmethod 12132 0x00000275b6807b90 code [0x00000275b6807d20, 0x00000275b6807e48]

GC Heap History (20 events):
Event: 115898.665 GC heap after
{Heap after GC invocations=4562 (full 4404):
 garbage-first heap   total 327680K, used 108593K [0x00000000c0000000, 0x0000000100000000)
  region size 1024K, 0 young (0K), 0 survivors (0K)
 Metaspace       used 58977K, committed 59456K, reserved 1114112K
  class space    used 7397K, committed 7616K, reserved 1048576K
}
Event: 115908.803 GC heap before
{Heap before GC invocations=4562 (full 4404):
 garbage-first heap   total 327680K, used 108593K [0x00000000c0000000, 0x0000000100000000)
  region size 1024K, 1 young (1024K), 0 survivors (0K)
 Metaspace       used 58977K, committed 59456K, reserved 1114112K
  class space    used 7397K, committed 7616K, reserved 1048576K
}
Event: 115908.842 GC heap after
{Heap after GC invocations=4563 (full 4405):
 garbage-first heap   total 327680K, used 108593K [0x00000000c0000000, 0x0000000100000000)
  region size 1024K, 0 young (0K), 0 survivors (0K)
 Metaspace       used 58977K, committed 59456K, reserved 1114112K
  class space    used 7397K, committed 7616K, reserved 1048576K
}
Event: 115918.982 GC heap before
{Heap before GC invocations=4563 (full 4405):
 garbage-first heap   total 327680K, used 108593K [0x00000000c0000000, 0x0000000100000000)
  region size 1024K, 1 young (1024K), 0 survivors (0K)
 Metaspace       used 58977K, committed 59456K, reserved 1114112K
  class space    used 7397K, committed 7616K, reserved 1048576K
}
Event: 115919.023 GC heap after
{Heap after GC invocations=4564 (full 4406):
 garbage-first heap   total 327680K, used 108593K [0x00000000c0000000, 0x0000000100000000)
  region size 1024K, 0 young (0K), 0 survivors (0K)
 Metaspace       used 58977K, committed 59456K, reserved 1114112K
  class space    used 7397K, committed 7616K, reserved 1048576K
}
Event: 115929.154 GC heap before
{Heap before GC invocations=4564 (full 4406):
 garbage-first heap   total 327680K, used 108593K [0x00000000c0000000, 0x0000000100000000)
  region size 1024K, 1 young (1024K), 0 survivors (0K)
 Metaspace       used 58977K, committed 59456K, reserved 1114112K
  class space    used 7397K, committed 7616K, reserved 1048576K
}
Event: 115929.193 GC heap after
{Heap after GC invocations=4565 (full 4407):
 garbage-first heap   total 327680K, used 108593K [0x00000000c0000000, 0x0000000100000000)
  region size 1024K, 0 young (0K), 0 survivors (0K)
 Metaspace       used 58977K, committed 59456K, reserved 1114112K
  class space    used 7397K, committed 7616K, reserved 1048576K
}
Event: 115939.323 GC heap before
{Heap before GC invocations=4565 (full 4407):
 garbage-first heap   total 327680K, used 108593K [0x00000000c0000000, 0x0000000100000000)
  region size 1024K, 1 young (1024K), 0 survivors (0K)
 Metaspace       used 58977K, committed 59456K, reserved 1114112K
  class space    used 7397K, committed 7616K, reserved 1048576K
}
Event: 115939.364 GC heap after
{Heap after GC invocations=4566 (full 4408):
 garbage-first heap   total 327680K, used 108593K [0x00000000c0000000, 0x0000000100000000)
  region size 1024K, 0 young (0K), 0 survivors (0K)
 Metaspace       used 58977K, committed 59456K, reserved 1114112K
  class space    used 7397K, committed 7616K, reserved 1048576K
}
Event: 115949.535 GC heap before
{Heap before GC invocations=4566 (full 4408):
 garbage-first heap   total 327680K, used 108593K [0x00000000c0000000, 0x0000000100000000)
  region size 1024K, 1 young (1024K), 0 survivors (0K)
 Metaspace       used 58977K, committed 59456K, reserved 1114112K
  class space    used 7397K, committed 7616K, reserved 1048576K
}
Event: 115949.584 GC heap after
{Heap after GC invocations=4567 (full 4409):
 garbage-first heap   total 327680K, used 108593K [0x00000000c0000000, 0x0000000100000000)
  region size 1024K, 0 young (0K), 0 survivors (0K)
 Metaspace       used 58977K, committed 59456K, reserved 1114112K
  class space    used 7397K, committed 7616K, reserved 1048576K
}
Event: 115959.751 GC heap before
{Heap before GC invocations=4567 (full 4409):
 garbage-first heap   total 327680K, used 108593K [0x00000000c0000000, 0x0000000100000000)
  region size 1024K, 1 young (1024K), 0 survivors (0K)
 Metaspace       used 58977K, committed 59456K, reserved 1114112K
  class space    used 7397K, committed 7616K, reserved 1048576K
}
Event: 115959.792 GC heap after
{Heap after GC invocations=4568 (full 4410):
 garbage-first heap   total 327680K, used 108593K [0x00000000c0000000, 0x0000000100000000)
  region size 1024K, 0 young (0K), 0 survivors (0K)
 Metaspace       used 58977K, committed 59456K, reserved 1114112K
  class space    used 7397K, committed 7616K, reserved 1048576K
}
Event: 115969.930 GC heap before
{Heap before GC invocations=4568 (full 4410):
 garbage-first heap   total 327680K, used 108593K [0x00000000c0000000, 0x0000000100000000)
  region size 1024K, 1 young (1024K), 0 survivors (0K)
 Metaspace       used 58977K, committed 59456K, reserved 1114112K
  class space    used 7397K, committed 7616K, reserved 1048576K
}
Event: 115969.973 GC heap after
{Heap after GC invocations=4569 (full 4411):
 garbage-first heap   total 327680K, used 108593K [0x00000000c0000000, 0x0000000100000000)
  region size 1024K, 0 young (0K), 0 survivors (0K)
 Metaspace       used 58977K, committed 59456K, reserved 1114112K
  class space    used 7397K, committed 7616K, reserved 1048576K
}
Event: 115980.133 GC heap before
{Heap before GC invocations=4569 (full 4411):
 garbage-first heap   total 327680K, used 108593K [0x00000000c0000000, 0x0000000100000000)
  region size 1024K, 1 young (1024K), 0 survivors (0K)
 Metaspace       used 58977K, committed 59456K, reserved 1114112K
  class space    used 7397K, committed 7616K, reserved 1048576K
}
Event: 115980.173 GC heap after
{Heap after GC invocations=4570 (full 4412):
 garbage-first heap   total 327680K, used 108593K [0x00000000c0000000, 0x0000000100000000)
  region size 1024K, 0 young (0K), 0 survivors (0K)
 Metaspace       used 58977K, committed 59456K, reserved 1114112K
  class space    used 7397K, committed 7616K, reserved 1048576K
}
Event: 115990.313 GC heap before
{Heap before GC invocations=4570 (full 4412):
 garbage-first heap   total 327680K, used 108593K [0x00000000c0000000, 0x0000000100000000)
  region size 1024K, 1 young (1024K), 0 survivors (0K)
 Metaspace       used 58977K, committed 59456K, reserved 1114112K
  class space    used 7397K, committed 7616K, reserved 1048576K
}
Event: 115990.352 GC heap after
{Heap after GC invocations=4571 (full 4413):
 garbage-first heap   total 327680K, used 108593K [0x00000000c0000000, 0x0000000100000000)
  region size 1024K, 0 young (0K), 0 survivors (0K)
 Metaspace       used 58977K, committed 59456K, reserved 1114112K
  class space    used 7397K, committed 7616K, reserved 1048576K
}
Event: 116000.507 GC heap before
{Heap before GC invocations=4571 (full 4413):
 garbage-first heap   total 327680K, used 108593K [0x00000000c0000000, 0x0000000100000000)
  region size 1024K, 1 young (1024K), 0 survivors (0K)
 Metaspace       used 58977K, committed 59456K, reserved 1114112K
  class space    used 7397K, committed 7616K, reserved 1048576K
}

Dll operation events (10 events):
Event: 0.014 Loaded shared library c:\Users\d.ngantchou\.vscode\extensions\redhat.java-1.34.0-win32-x64\jre\17.0.12-win32-x86_64\bin\java.dll
Event: 0.663 Loaded shared library C:\Users\d.ngantchou\.vscode\extensions\redhat.java-1.34.0-win32-x64\jre\17.0.12-win32-x86_64\bin\net.dll
Event: 0.665 Loaded shared library C:\Users\d.ngantchou\.vscode\extensions\redhat.java-1.34.0-win32-x64\jre\17.0.12-win32-x86_64\bin\nio.dll
Event: 0.681 Loaded shared library C:\Users\d.ngantchou\.vscode\extensions\redhat.java-1.34.0-win32-x64\jre\17.0.12-win32-x86_64\bin\zip.dll
Event: 19.263 Loaded shared library C:\Users\d.ngantchou\.vscode\extensions\redhat.java-1.34.0-win32-x64\jre\17.0.12-win32-x86_64\bin\jimage.dll
Event: 21.279 Loaded shared library c:\Users\d.ngantchou\.vscode\extensions\redhat.java-1.34.0-win32-x64\jre\17.0.12-win32-x86_64\bin\verify.dll
Event: 24.385 Loaded shared library C:\Users\d.ngantchou\.vscode\extensions\redhat.java-1.34.0-win32-x64\jre\17.0.12-win32-x86_64\bin\management.dll
Event: 24.388 Loaded shared library C:\Users\d.ngantchou\.vscode\extensions\redhat.java-1.34.0-win32-x64\jre\17.0.12-win32-x86_64\bin\management_ext.dll
Event: 26.525 Loaded shared library C:\Users\d.ngantchou\.vscode\extensions\redhat.java-1.34.0-win32-x64\jre\17.0.12-win32-x86_64\bin\sunmscapi.dll
Event: 26.584 Loaded shared library C:\Users\d.ngantchou\.vscode\extensions\redhat.java-1.34.0-win32-x64\jre\17.0.12-win32-x86_64\bin\extnet.dll

Deoptimization events (20 events):
Event: 1685.211 Thread 0x00000275c351def0 DEOPT PACKING pc=0x00000275b5711f52 sp=0x0000008dac0fd500
Event: 1685.211 Thread 0x00000275c351def0 DEOPT UNPACKING pc=0x00000275b52face3 sp=0x0000008dac0fca08 mode 3
Event: 7645.792 Thread 0x00000275c36a03b0 DEOPT PACKING pc=0x00000275b5792904 sp=0x0000008dadcfe030
Event: 7645.792 Thread 0x00000275c36a03b0 DEOPT UNPACKING pc=0x00000275b52face3 sp=0x0000008dadcfd4a8 mode 0
Event: 7710.765 Thread 0x00000275c36a2210 DEOPT PACKING pc=0x00000275b5fdb5cc sp=0x0000008dadffd8d0
Event: 7710.765 Thread 0x00000275c36a2210 DEOPT UNPACKING pc=0x00000275b52face3 sp=0x0000008dadffcd90 mode 0
Event: 7710.767 Thread 0x00000275c36a2720 DEOPT PACKING pc=0x00000275b5fcea04 sp=0x0000008dae0fdd40
Event: 7710.767 Thread 0x00000275c36a2720 DEOPT UNPACKING pc=0x00000275b52face3 sp=0x0000008dae0fd228 mode 0
Event: 7710.767 Thread 0x00000275c36a2720 DEOPT PACKING pc=0x00000275b604a344 sp=0x0000008dae0fde20
Event: 7710.768 Thread 0x00000275c36a2720 DEOPT UNPACKING pc=0x00000275b52face3 sp=0x0000008dae0fd2e0 mode 0
Event: 7710.769 Thread 0x00000275c36a2720 DEOPT PACKING pc=0x00000275b604d754 sp=0x0000008dae0fdea0
Event: 7710.769 Thread 0x00000275c36a2720 DEOPT UNPACKING pc=0x00000275b52face3 sp=0x0000008dae0fd2d8 mode 0
Event: 7710.771 Thread 0x00000275c369ea60 DEOPT PACKING pc=0x00000275b5fcef67 sp=0x0000008dac0fdd40
Event: 7710.771 Thread 0x00000275c369ea60 DEOPT UNPACKING pc=0x00000275b52face3 sp=0x0000008dac0fd228 mode 0
Event: 7710.771 Thread 0x00000275c369ea60 DEOPT PACKING pc=0x00000275b615759c sp=0x0000008dac0fde20
Event: 7710.771 Thread 0x00000275c369ea60 DEOPT UNPACKING pc=0x00000275b52face3 sp=0x0000008dac0fd2d8 mode 0
Event: 8331.327 Thread 0x00000275c36a2720 DEOPT PACKING pc=0x00000275b61fa8ac sp=0x0000008dad0fe510
Event: 8331.327 Thread 0x00000275c36a2720 DEOPT UNPACKING pc=0x00000275b52face3 sp=0x0000008dad0fdb28 mode 0
Event: 10367.190 Thread 0x00000275c36a03b0 DEOPT PACKING pc=0x00000275b5490f34 sp=0x0000008dac0fe340
Event: 10367.190 Thread 0x00000275c36a03b0 DEOPT UNPACKING pc=0x00000275b52face3 sp=0x0000008dac0fd890 mode 0

Classes loaded (20 events):
Event: 10367.621 Loading class java/util/stream/SpinedBuffer$OfPrimitive
Event: 10367.621 Loading class java/util/stream/SpinedBuffer$OfPrimitive done
Event: 10367.621 Loading class java/util/stream/SpinedBuffer$OfInt done
Event: 10367.621 Loading class java/util/stream/Nodes$IntSpinedNodeBuilder done
Event: 15439.098 Loading class java/lang/StringIndexOutOfBoundsException
Event: 15439.098 Loading class java/lang/StringIndexOutOfBoundsException done
Event: 49652.381 Loading class java/util/EmptyStackException
Event: 49652.381 Loading class java/util/EmptyStackException done
Event: 49652.407 Loading class java/io/InvalidClassException
Event: 49652.407 Loading class java/io/InvalidClassException done
Event: 49652.517 Loading class java/util/HashMap$EntrySpliterator
Event: 49652.517 Loading class java/util/HashMap$EntrySpliterator done
Event: 86740.841 Loading class java/util/concurrent/CompletableFuture$DelayedExecutor
Event: 86740.843 Loading class java/util/concurrent/CompletableFuture$DelayedExecutor done
Event: 86740.843 Loading class java/util/concurrent/CompletableFuture$TaskSubmitter
Event: 86740.844 Loading class java/util/concurrent/CompletableFuture$TaskSubmitter done
Event: 86740.844 Loading class java/util/concurrent/CompletableFuture$Delayer
Event: 86740.844 Loading class java/util/concurrent/CompletableFuture$Delayer done
Event: 86740.844 Loading class java/util/concurrent/CompletableFuture$Delayer$DaemonThreadFactory
Event: 86740.844 Loading class java/util/concurrent/CompletableFuture$Delayer$DaemonThreadFactory done

Classes unloaded (20 events):
Event: 53280.030 Thread 0x00000275bd3f7b90 Unloading class 0x0000000100790000 'jdk/internal/reflect/GeneratedMethodAccessor44'
Event: 53280.030 Thread 0x00000275bd3f7b90 Unloading class 0x000000010078e400 'jdk/internal/reflect/GeneratedConstructorAccessor67'
Event: 53280.030 Thread 0x00000275bd3f7b90 Unloading class 0x000000010078e000 'jdk/internal/reflect/GeneratedConstructorAccessor66'
Event: 53280.030 Thread 0x00000275bd3f7b90 Unloading class 0x000000010078f400 'jdk/internal/reflect/GeneratedMethodAccessor43'
Event: 53280.030 Thread 0x00000275bd3f7b90 Unloading class 0x000000010078f000 'jdk/internal/reflect/GeneratedConstructorAccessor65'
Event: 53280.030 Thread 0x00000275bd3f7b90 Unloading class 0x0000000100792400 'jdk/internal/reflect/GeneratedMethodAccessor42'
Event: 53280.030 Thread 0x00000275bd3f7b90 Unloading class 0x0000000100792000 'jdk/internal/reflect/GeneratedConstructorAccessor64'
Event: 53280.030 Thread 0x00000275bd3f7b90 Unloading class 0x000000010078e800 'jdk/internal/reflect/GeneratedMethodAccessor41'
Event: 53280.030 Thread 0x00000275bd3f7b90 Unloading class 0x000000010078f800 'jdk/internal/reflect/GeneratedMethodAccessor40'
Event: 53280.030 Thread 0x00000275bd3f7b90 Unloading class 0x0000000100792800 'jdk/internal/reflect/GeneratedMethodAccessor39'
Event: 56129.748 Thread 0x00000275bd3f7b90 Unloading class 0x0000000100792800 'jdk/internal/reflect/GeneratedMethodAccessor45'
Event: 56129.748 Thread 0x00000275bd3f7b90 Unloading class 0x000000010078f800 'jdk/internal/reflect/GeneratedConstructorAccessor69'
Event: 56129.748 Thread 0x00000275bd3f7b90 Unloading class 0x000000010078e800 'jdk/internal/reflect/GeneratedConstructorAccessor68'
Event: 85426.953 Thread 0x00000275bd3f7b90 Unloading class 0x000000010078f400 'jdk/internal/reflect/GeneratedMethodAccessor50'
Event: 85426.953 Thread 0x00000275bd3f7b90 Unloading class 0x000000010078f000 'jdk/internal/reflect/GeneratedConstructorAccessor71'
Event: 85426.953 Thread 0x00000275bd3f7b90 Unloading class 0x000000010078e400 'jdk/internal/reflect/GeneratedMethodAccessor49'
Event: 85426.953 Thread 0x00000275bd3f7b90 Unloading class 0x000000010078e000 'jdk/internal/reflect/GeneratedConstructorAccessor70'
Event: 85426.953 Thread 0x00000275bd3f7b90 Unloading class 0x000000010078e800 'jdk/internal/reflect/GeneratedMethodAccessor48'
Event: 85426.953 Thread 0x00000275bd3f7b90 Unloading class 0x000000010078f800 'jdk/internal/reflect/GeneratedMethodAccessor47'
Event: 85426.953 Thread 0x00000275bd3f7b90 Unloading class 0x0000000100792800 'jdk/internal/reflect/GeneratedMethodAccessor46'

Classes redefined (0 events):
No events

Internal exceptions (20 events):
Event: 52659.814 Thread 0x00000275c3f5b830 Exception <a 'java/lang/NullPointerException'{0x00000000d2e4a978}> (0x00000000d2e4a978) 
thrown [s\src\hotspot\share\interpreter\linkResolver.cpp, line 1350]
Event: 52662.980 Thread 0x00000275c3f5dba0 Implicit null exception at 0x00000275b69841b7 to 0x00000275b69842da
Event: 52662.980 Thread 0x00000275c3f5a3f0 Implicit null exception at 0x00000275b69841b7 to 0x00000275b69842da
Event: 52662.980 Thread 0x00000275c3f5dba0 Exception <a 'java/lang/NullPointerException'{0x00000000cf8f3e80}> (0x00000000cf8f3e80) 
thrown [s\src\hotspot\share\runtime\sharedRuntime.cpp, line 631]
Event: 52662.980 Thread 0x00000275c3f5a3f0 Exception <a 'java/lang/NullPointerException'{0x00000000fff4b7c8}> (0x00000000fff4b7c8) 
thrown [s\src\hotspot\share\runtime\sharedRuntime.cpp, line 631]
Event: 52664.657 Thread 0x00000275c3f5d690 Implicit null exception at 0x00000275b69841b7 to 0x00000275b69842da
Event: 52664.657 Thread 0x00000275c3f5d690 Exception <a 'java/lang/NullPointerException'{0x00000000d5248408}> (0x00000000d5248408) 
thrown [s\src\hotspot\share\runtime\sharedRuntime.cpp, line 631]
Event: 52664.657 Thread 0x00000275c3f5b830 Implicit null exception at 0x00000275b69841b7 to 0x00000275b69842da
Event: 52664.657 Thread 0x00000275c3f5b830 Exception <a 'java/lang/NullPointerException'{0x00000000d50ed728}> (0x00000000d50ed728) 
thrown [s\src\hotspot\share\runtime\sharedRuntime.cpp, line 631]
Event: 52665.017 Thread 0x00000275c3f5d690 Implicit null exception at 0x00000275b69841b7 to 0x00000275b69842da
Event: 52665.017 Thread 0x00000275c3f5d690 Exception <a 'java/lang/NullPointerException'{0x00000000d52546e8}> (0x00000000d52546e8) 
thrown [s\src\hotspot\share\runtime\sharedRuntime.cpp, line 631]
Event: 52665.465 Thread 0x00000275c3f5b830 Implicit null exception at 0x00000275b69841b7 to 0x00000275b69842da
Event: 52665.465 Thread 0x00000275c3f5b830 Exception <a 'java/lang/NullPointerException'{0x00000000d50fb860}> (0x00000000d50fb860) 
thrown [s\src\hotspot\share\runtime\sharedRuntime.cpp, line 631]
Event: 52665.700 Thread 0x00000275c3f5b830 Implicit null exception at 0x00000275b69841b7 to 0x00000275b69842da
Event: 52665.700 Thread 0x00000275c3f5b830 Exception <a 'java/lang/NullPointerException'{0x00000000d5315e10}> (0x00000000d5315e10) 
thrown [s\src\hotspot\share\runtime\sharedRuntime.cpp, line 631]
Event: 85265.366 Thread 0x00000275c3f5e5c0 Exception <a 'java/lang/NullPointerException'{0x00000000d0e591a8}> (0x00000000d0e591a8) 
thrown [s\src\hotspot\share\interpreter\linkResolver.cpp, line 1350]
Event: 86672.378 Thread 0x00000275c351fd50 Exception <a 'sun/nio/fs/WindowsException'{0x00000000fff18450}> (0x00000000fff18450) 
thrown [s\src\hotspot\share\prims\jni.cpp, line 516]
Event: 86672.379 Thread 0x00000275c351fd50 Exception <a 'sun/nio/fs/WindowsException'{0x00000000fff18ac8}> (0x00000000fff18ac8) 
thrown [s\src\hotspot\share\prims\jni.cpp, line 516]
Event: 87271.224 Thread 0x00000275c351fd50 Exception <a 'sun/nio/fs/WindowsException'{0x00000000fff12628}> (0x00000000fff12628) 
thrown [s\src\hotspot\share\prims\jni.cpp, line 516]
Event: 87271.224 Thread 0x00000275c351fd50 Exception <a 'sun/nio/fs/WindowsException'{0x00000000fff12ca0}> (0x00000000fff12ca0) 
thrown [s\src\hotspot\share\prims\jni.cpp, line 516]

VM Operations (20 events):
Event: 115898.665 Executing VM operation: G1CollectFull done
Event: 115908.803 Executing VM operation: G1CollectFull
Event: 115908.842 Executing VM operation: G1CollectFull done
Event: 115918.982 Executing VM operation: G1CollectFull
Event: 115919.023 Executing VM operation: G1CollectFull done
Event: 115929.154 Executing VM operation: G1CollectFull
Event: 115929.194 Executing VM operation: G1CollectFull done
Event: 115939.323 Executing VM operation: G1CollectFull
Event: 115939.364 Executing VM operation: G1CollectFull done
Event: 115949.535 Executing VM operation: G1CollectFull
Event: 115949.584 Executing VM operation: G1CollectFull done
Event: 115959.751 Executing VM operation: G1CollectFull
Event: 115959.792 Executing VM operation: G1CollectFull done
Event: 115969.930 Executing VM operation: G1CollectFull
Event: 115969.973 Executing VM operation: G1CollectFull done
Event: 115980.133 Executing VM operation: G1CollectFull
Event: 115980.173 Executing VM operation: G1CollectFull done
Event: 115990.313 Executing VM operation: G1CollectFull
Event: 115990.352 Executing VM operation: G1CollectFull done
Event: 116000.507 Executing VM operation: G1CollectFull

Events (20 events):
Event: 109594.429 Thread 0x00000275c3f5c760 Thread exited: 0x00000275c3f5c760
Event: 109594.429 Thread 0x00000275c3f58aa0 Thread exited: 0x00000275c3f58aa0
Event: 109594.429 Thread 0x00000275c3f5cc70 Thread exited: 0x00000275c3f5cc70
Event: 109594.429 Thread 0x00000275c3f5a900 Thread exited: 0x00000275c3f5a900
Event: 109594.429 Thread 0x00000275c3f5b830 Thread exited: 0x00000275c3f5b830
Event: 109594.429 Thread 0x00000275c3f5efe0 Thread exited: 0x00000275c3f5efe0
Event: 109594.429 Thread 0x00000275c3f5c250 Thread exited: 0x00000275c3f5c250
Event: 109595.349 Thread 0x00000275c3f5d690 Thread exited: 0x00000275c3f5d690
Event: 109595.349 Thread 0x00000275c3f5ead0 Thread exited: 0x00000275c3f5ead0
Event: 109655.361 Thread 0x00000275c3f5e0b0 Thread exited: 0x00000275c3f5e0b0
Event: 109685.547 Thread 0x00000275c3f5bd40 Thread added: 0x00000275c3f5bd40
Event: 109685.549 Thread 0x00000275c3f599d0 Thread added: 0x00000275c3f599d0
Event: 109689.960 Thread 0x00000275c3f58fb0 Thread added: 0x00000275c3f58fb0
Event: 109689.964 Thread 0x00000275c3f594c0 Thread added: 0x00000275c3f594c0
Event: 109689.981 Thread 0x00000275c3f5dba0 Thread added: 0x00000275c3f5dba0
Event: 109750.042 Thread 0x00000275c3f5dba0 Thread exited: 0x00000275c3f5dba0
Event: 109750.042 Thread 0x00000275c3f5bd40 Thread exited: 0x00000275c3f5bd40
Event: 109750.042 Thread 0x00000275c3f599d0 Thread exited: 0x00000275c3f599d0
Event: 109786.293 Thread 0x00000275c3f58fb0 Thread exited: 0x00000275c3f58fb0
Event: 109790.234 Thread 0x00000275c3f594c0 Thread exited: 0x00000275c3f594c0


Dynamic libraries:
0x00007ff7f3e80000 - 0x00007ff7f3e8e000 	c:\Users\d.ngantchou\.vscode\extensions\redhat.java-1.34.0-win32-x64\jre\17.0.12-win32-x86_64\bin\java.exe
0x00007ff8f59b0000 - 0x00007ff8f5ba8000 	C:\Windows\SYSTEM32\ntdll.dll
0x00007ff8f3f70000 - 0x00007ff8f4031000 	C:\Windows\System32\KERNEL32.DLL
0x00007ff8f3100000 - 0x00007ff8f33fd000 	C:\Windows\System32\KERNELBASE.dll
0x00007ff8f3530000 - 0x00007ff8f3630000 	C:\Windows\System32\ucrtbase.dll
0x00007ff8b5370000 - 0x00007ff8b5387000 	c:\Users\d.ngantchou\.vscode\extensions\redhat.java-1.34.0-win32-x64\jre\17.0.12-win32-x86_64\bin\jli.dll
0x00007ff8f3ac0000 - 0x00007ff8f3c5d000 	C:\Windows\System32\USER32.dll
0x00007ff8f3890000 - 0x00007ff8f38b2000 	C:\Windows\System32\win32u.dll
0x00007ff8f4280000 - 0x00007ff8f42ab000 	C:\Windows\System32\GDI32.dll
0x00007ff8f38c0000 - 0x00007ff8f39d7000 	C:\Windows\System32\gdi32full.dll
0x00007ff8f3060000 - 0x00007ff8f30fd000 	C:\Windows\System32\msvcp_win.dll
0x00007ff8b4860000 - 0x00007ff8b487b000 	c:\Users\d.ngantchou\.vscode\extensions\redhat.java-1.34.0-win32-x64\jre\17.0.12-win32-x86_64\bin\VCRUNTIME140.dll
0x00007ff8d90f0000 - 0x00007ff8d938a000 	C:\Windows\WinSxS\amd64_microsoft.windows.common-controls_6595b64144ccf1df_6.0.19041.4355_none_60b8b9eb71f62e16\COMCTL32.dll
0x00007ff8f4de0000 - 0x00007ff8f4e7e000 	C:\Windows\System32\msvcrt.dll
0x00007ff8f3ed0000 - 0x00007ff8f3eff000 	C:\Windows\System32\IMM32.DLL
0x00007ff8ccd30000 - 0x00007ff8ccd3c000 	c:\Users\d.ngantchou\.vscode\extensions\redhat.java-1.34.0-win32-x64\jre\17.0.12-win32-x86_64\bin\vcruntime140_1.dll
0x00007ff87cdc0000 - 0x00007ff87ce4d000 	c:\Users\d.ngantchou\.vscode\extensions\redhat.java-1.34.0-win32-x64\jre\17.0.12-win32-x86_64\bin\msvcp140.dll
0x00007ff874420000 - 0x00007ff87508a000 	c:\Users\d.ngantchou\.vscode\extensions\redhat.java-1.34.0-win32-x64\jre\17.0.12-win32-x86_64\bin\server\jvm.dll
0x00007ff8f4730000 - 0x00007ff8f47e0000 	C:\Windows\System32\ADVAPI32.dll
0x00007ff8f4860000 - 0x00007ff8f4900000 	C:\Windows\System32\sechost.dll
0x00007ff8f56a0000 - 0x00007ff8f57c3000 	C:\Windows\System32\RPCRT4.dll
0x00007ff8f3450000 - 0x00007ff8f3477000 	C:\Windows\System32\bcrypt.dll
0x00007ff8f3f00000 - 0x00007ff8f3f6b000 	C:\Windows\System32\WS2_32.dll
0x00007ff8f29a0000 - 0x00007ff8f29eb000 	C:\Windows\SYSTEM32\POWRPROF.dll
0x00007ff8de780000 - 0x00007ff8de7a7000 	C:\Windows\SYSTEM32\WINMM.dll
0x00007ff8e9460000 - 0x00007ff8e946a000 	C:\Windows\SYSTEM32\VERSION.dll
0x00007ff8f2980000 - 0x00007ff8f2992000 	C:\Windows\SYSTEM32\UMPDC.dll
0x00007ff8f18a0000 - 0x00007ff8f18b2000 	C:\Windows\SYSTEM32\kernel.appcore.dll
0x00007ff8cca50000 - 0x00007ff8cca5a000 	c:\Users\d.ngantchou\.vscode\extensions\redhat.java-1.34.0-win32-x64\jre\17.0.12-win32-x86_64\bin\jimage.dll
0x00007ff8f1280000 - 0x00007ff8f1464000 	C:\Windows\SYSTEM32\DBGHELP.DLL
0x00007ff8e5e30000 - 0x00007ff8e5e64000 	C:\Windows\SYSTEM32\dbgcore.DLL
0x00007ff8f3630000 - 0x00007ff8f36b2000 	C:\Windows\System32\bcryptPrimitives.dll
0x00007ff8b0f50000 - 0x00007ff8b0f75000 	c:\Users\d.ngantchou\.vscode\extensions\redhat.java-1.34.0-win32-x64\jre\17.0.12-win32-x86_64\bin\java.dll
0x00007ff8b4840000 - 0x00007ff8b4858000 	c:\Users\d.ngantchou\.vscode\extensions\redhat.java-1.34.0-win32-x64\jre\17.0.12-win32-x86_64\bin\zip.dll
0x00007ff8f4f30000 - 0x00007ff8f569f000 	C:\Windows\System32\SHELL32.dll
0x00007ff8f0920000 - 0x00007ff8f10c3000 	C:\Windows\SYSTEM32\windows.storage.dll
0x00007ff8f4910000 - 0x00007ff8f4c63000 	C:\Windows\System32\combase.dll
0x00007ff8f2940000 - 0x00007ff8f296e000 	C:\Windows\SYSTEM32\Wldp.dll
0x00007ff8f3cc0000 - 0x00007ff8f3d8d000 	C:\Windows\System32\OLEAUT32.dll
0x00007ff8f4cd0000 - 0x00007ff8f4d7d000 	C:\Windows\System32\SHCORE.dll
0x00007ff8f3c60000 - 0x00007ff8f3cb5000 	C:\Windows\System32\shlwapi.dll
0x00007ff8f2f90000 - 0x00007ff8f2fb4000 	C:\Windows\SYSTEM32\profapi.dll
0x00007ff8a9bc0000 - 0x00007ff8a9bd9000 	C:\Users\d.ngantchou\.vscode\extensions\redhat.java-1.34.0-win32-x64\jre\17.0.12-win32-x86_64\bin\net.dll
0x00007ff8f1f80000 - 0x00007ff8f208d000 	C:\Windows\SYSTEM32\WINHTTP.dll
0x00007ff8f2720000 - 0x00007ff8f278a000 	C:\Windows\system32\mswsock.dll
0x00007ff8a8690000 - 0x00007ff8a86a6000 	C:\Users\d.ngantchou\.vscode\extensions\redhat.java-1.34.0-win32-x64\jre\17.0.12-win32-x86_64\bin\nio.dll
0x00007ff8c90a0000 - 0x00007ff8c90b0000 	c:\Users\d.ngantchou\.vscode\extensions\redhat.java-1.34.0-win32-x64\jre\17.0.12-win32-x86_64\bin\verify.dll
0x00007ff8f29f0000 - 0x00007ff8f2a08000 	C:\Windows\SYSTEM32\CRYPTSP.dll
0x00007ff8f1ef0000 - 0x00007ff8f1f24000 	C:\Windows\system32\rsaenh.dll
0x00007ff8f2f50000 - 0x00007ff8f2f7e000 	C:\Windows\SYSTEM32\USERENV.dll
0x00007ff8f28b0000 - 0x00007ff8f28bc000 	C:\Windows\SYSTEM32\CRYPTBASE.dll
0x00007ff8f2420000 - 0x00007ff8f245b000 	C:\Windows\SYSTEM32\IPHLPAPI.DLL
0x00007ff8f42b0000 - 0x00007ff8f42b8000 	C:\Windows\System32\NSI.dll
0x00007ff8ec930000 - 0x00007ff8ec947000 	C:\Windows\SYSTEM32\dhcpcsvc6.DLL
0x00007ff8ec910000 - 0x00007ff8ec92d000 	C:\Windows\SYSTEM32\dhcpcsvc.DLL
0x00007ff8f2460000 - 0x00007ff8f252a000 	C:\Windows\SYSTEM32\DNSAPI.dll
0x00007ff8e8810000 - 0x00007ff8e8819000 	C:\Users\d.ngantchou\.vscode\extensions\redhat.java-1.34.0-win32-x64\jre\17.0.12-win32-x86_64\bin\management.dll
0x00007ff8c9010000 - 0x00007ff8c901b000 	C:\Users\d.ngantchou\.vscode\extensions\redhat.java-1.34.0-win32-x64\jre\17.0.12-win32-x86_64\bin\management_ext.dll
0x00007ff8f3d90000 - 0x00007ff8f3d98000 	C:\Windows\System32\PSAPI.DLL
0x00007ff8c7fc0000 - 0x00007ff8c7fce000 	C:\Users\d.ngantchou\.vscode\extensions\redhat.java-1.34.0-win32-x64\jre\17.0.12-win32-x86_64\bin\sunmscapi.dll
0x00007ff8f3730000 - 0x00007ff8f388c000 	C:\Windows\System32\CRYPT32.dll
0x00007ff8f2b00000 - 0x00007ff8f2b29000 	C:\Windows\SYSTEM32\ncrypt.dll
0x00007ff8f2ac0000 - 0x00007ff8f2afb000 	C:\Windows\SYSTEM32\NTASN1.dll
0x00007ff8c7470000 - 0x00007ff8c7477000 	C:\Windows\system32\wshunix.dll
0x00007ff8c42b0000 - 0x00007ff8c42b9000 	C:\Users\d.ngantchou\.vscode\extensions\redhat.java-1.34.0-win32-x64\jre\17.0.12-win32-x86_64\bin\extnet.dll
0x00007ff8e9d70000 - 0x00007ff8e9d7a000 	C:\Windows\System32\rasadhlp.dll

dbghelp: loaded successfully - version: 4.0.5 - missing functions: none
symbol engine: initialized successfully - sym options: 0x614 - pdb path: .;c:\Users\d.ngantchou\.vscode\extensions\redhat.java-1.34.0-win32-x64\jre\17.0.12-win32-x86_64\bin;C:\Windows\SYSTEM32;C:\Windows\WinSxS\amd64_microsoft.windows.common-controls_6595b64144ccf1df_6.0.19041.4355_none_60b8b9eb71f62e16;c:\Users\d.ngantchou\.vscode\extensions\redhat.java-1.34.0-win32-x64\jre\17.0.12-win32-x86_64\bin\server

VM Arguments:
jvm_args: -Xmx1024m -Dsts.lsp.client=vscode -Dsts.log.file=/dev/null -XX:TieredStopAtLevel=1 -Xlog:jni+resolve=off 
java_command: c:\Users\d.ngantchou\.vscode\extensions\vmware.vscode-spring-boot-1.57.0\language-server\spring-boot-language-server-1.57.0-SNAPSHOT-exec.jar
java_class_path (initial): c:\Users\d.ngantchou\.vscode\extensions\vmware.vscode-spring-boot-1.57.0\language-server\spring-boot-language-server-1.57.0-SNAPSHOT-exec.jar
Launcher Type: SUN_STANDARD

[Global flags]
     intx CICompilerCount                          = 4                                         {product} {ergonomic}
     uint ConcGCThreads                            = 2                                         {product} {ergonomic}
     uint G1ConcRefinementThreads                  = 8                                         {product} {ergonomic}
   size_t G1HeapRegionSize                         = 1048576                                   {product} {ergonomic}
    uintx GCDrainStackTargetSize                   = 64                                        {product} {ergonomic}
   size_t InitialHeapSize                          = 197132288                                 {product} {ergonomic}
   size_t MarkStackSize                            = 4194304                                   {product} {ergonomic}
   size_t MaxHeapSize                              = 1073741824                                {product} {command line}
   size_t MaxNewSize                               = 643825664                                 {product} {ergonomic}
   size_t MinHeapDeltaBytes                        = 1048576                                   {product} {ergonomic}
   size_t MinHeapSize                              = 8388608                                   {product} {ergonomic}
    uintx NonProfiledCodeHeapSize                  = 0                                      {pd product} {ergonomic}
     bool ProfileInterpreter                       = false                                  {pd product} {command line}
    uintx ProfiledCodeHeapSize                     = 0                                      {pd product} {ergonomic}
   size_t SoftMaxHeapSize                          = 1073741824                             {manageable} {ergonomic}
     intx TieredStopAtLevel                        = 1                                         {product} {command line}
     bool UseCompressedClassPointers               = true                           {product lp64_product} {ergonomic}
     bool UseCompressedOops                        = true                           {product lp64_product} {ergonomic}
     bool UseG1GC                                  = true                                      {product} {ergonomic}
     bool UseLargePagesIndividualAllocation        = false                                  {pd product} {ergonomic}

Logging:
Log output configuration:
 #0: stdout all=warning,jni+resolve=off uptime,level,tags
 #1: stderr all=off uptime,level,tags

Environment Variables:
JAVA_HOME=C:\Program Files\Java\jdk-17
PATH=D:\app\d.ngantchou\product\11.2.0\client_2\bin;C:\Program Files\Common Files\Oracle\Java\javapath;C:\Windows\system32;C:\Windows;C:\Windows\System32\Wbem;C:\Windows\System32\WindowsPowerShell\v1.0\;C:\Windows\System32\OpenSSH\;C:\Program Files\Git\cmd;C:\Program Files\nodejs\;C:\xampp\php;C:\composer;C:\Program Files\Java\jdk-17\bin;C:\xampp\mysql\bin;C:\Gradle\gradle-8.6\bin;C:\Program Files\Microsoft SQL Server\150\Tools\Binn\;C:\Program Files\Microsoft SQL Server\Client SDK\ODBC\170\Tools\Binn\;C:\Program Files\dotnet\;C:\instantclient_23_4;;C:\Program Files\Docker\Docker\resources\bin;C:\Users\d.ngantchou\AppData\Local\Microsoft\WindowsApps;C:\Users\d.ngantchou\AppData\Local\Programs\Microsoft VS Code\bin;C:\Users\d.ngantchou\AppData\Roaming\npm;C:\Users\d.ngantchou\AppData\Roaming\Composer\vendor\bin;C:\Users\d.ngantchou\.dotnet\tools;C:\instantclient_23_4;C:\Users\d.ngantchou\flutter\bin
USERNAME=d.ngantchou
OS=Windows_NT
PROCESSOR_IDENTIFIER=Intel64 Family 6 Model 140 Stepping 1, GenuineIntel
TMP=C:\Users\D98E0~1.NGA\AppData\Local\Temp
TEMP=C:\Users\D98E0~1.NGA\AppData\Local\Temp



Periodic native trim disabled


---------------  S Y S T E M  ---------------

OS:
 Windows 10 , 64 bit Build 19041 (10.0.19041.4842)
OS uptime: 1 days 17:08 hours
Hyper-V role detected

CPU: total 8 (initial active 8) (4 cores per cpu, 2 threads per core) family 6 model 140 stepping 1 microcode 0xb6, cx8, cmov, fxsr, ht, mmx, 3dnowpref, sse, sse2, sse3, ssse3, sse4.1, sse4.2, popcnt, lzcnt, tsc, tscinvbit, avx, avx2, aes, erms, clmul, bmi1, bmi2, adx, avx512f, avx512dq, avx512cd, avx512bw, avx512vl, sha, fma, vzeroupper, avx512_vpopcntdq, avx512_vpclmulqdq, avx512_vaes, avx512_vnni, clflush, clflushopt, clwb, avx512_vbmi2, avx512_vbmi, hv
Processor Information for all 8 processors :
  Max Mhz: 2419, Current Mhz: 2419, Mhz Limit: 2419

Memory: 4k page, system-wide physical 11968M (1731M free)
TotalPageFile size 25070M (AvailPageFile size 11M)
current process WorkingSet (physical memory assigned to process): 145M, peak: 452M
current process commit charge ("private bytes"): 526M, peak: 580M

vm_info: OpenJDK 64-Bit Server VM (17.0.12+7) for windows-amd64 JRE (17.0.12+7), built on Jul 16 2024 22:08:24 by "admin" with MS VC++ 16.10 / 16.11 (VS2019)

END.
