#
# There is insufficient memory for the Java Runtime Environment to continue.
# Native memory allocation (mmap) failed to map 58720256 bytes. Error detail: G1 virtual space
# Possible reasons:
#   The system is out of physical RAM or swap space
#   This process is running with CompressedOops enabled, and the Java Heap may be blocking the growth of the native heap
# Possible solutions:
#   Reduce memory load on the system
#   Increase physical memory or swap space
#   Check if swap backing store is full
#   Decrease Java heap size (-Xmx/-Xms)
#   Decrease number of Java threads
#   Decrease Java thread stack sizes (-Xss)
#   Set larger code cache with -XX:ReservedCodeCacheSize=
#   JVM is running with Zero Based Compressed Oops mode in which the Java heap is
#     placed in the first 32GB address space. The Java Heap base address is the
#     maximum limit for the native heap growth. Please use -XX:HeapBaseMinAddress
#     to set the Java Heap base and to place the Java Heap above 32GB virtual address.
# This output file may be truncated or incomplete.
#
#  Out of Memory Error (os_windows.cpp:3613), pid=21024, tid=21224
#
# JRE version: OpenJDK Runtime Environment Temurin-17.0.11+9 (17.0.11+9) (build 17.0.11+9)
# Java VM: OpenJDK 64-Bit Server VM Temurin-17.0.11+9 (17.0.11+9, mixed mode, tiered, compressed oops, compressed class ptrs, g1 gc, windows-amd64)
# No core dump will be written. Minidumps are not enabled by default on client versions of Windows
#

---------------  S U M M A R Y ------------

Command Line: --add-opens=java.base/java.lang=ALL-UNNAMED --add-opens=java.base/java.io=ALL-UNNAMED --add-opens=java.base/java.util=ALL-UNNAMED -Dplugin.dir=C:\Users\d.ngantchou\.vscode\extensions\redhat.java-1.31.0-win32-x64\server\..\..\vscjava.vscode-gradle-3.14.1\server\plugins com.microsoft.java.bs.core.Launcher

Host: 11th Gen Intel(R) Core(TM) i5-1135G7 @ 2.40GHz, 8 cores, 11G,  Windows 10 , 64 bit Build 19041 (10.0.19041.3636)
Time: Sun Jun 23 04:02:32 2024 Afr. centrale Ouest elapsed time: 127.665762 seconds (0d 0h 2m 7s)

---------------  T H R E A D  ---------------

Current thread (0x000002204200b3b0):  VMThread "VM Thread" [stack: 0x000000af25600000,0x000000af25700000] [id=21224]

Stack: [0x000000af25600000,0x000000af25700000]
Native frames: (J=compiled Java code, j=interpreted, Vv=VM code, C=native code)
V  [jvm.dll+0x67d429]
V  [jvm.dll+0x834b7a]
V  [jvm.dll+0x83663e]
V  [jvm.dll+0x836ca3]
V  [jvm.dll+0x247dbf]
V  [jvm.dll+0x67a269]
V  [jvm.dll+0x66ecda]
V  [jvm.dll+0x30797b]
V  [jvm.dll+0x30ee26]
V  [jvm.dll+0x35e80e]
V  [jvm.dll+0x35ea3f]
V  [jvm.dll+0x2de6b8]
V  [jvm.dll+0x2dcac4]
V  [jvm.dll+0x2dc0cc]
V  [jvm.dll+0x31facb]
V  [jvm.dll+0x83b19b]
V  [jvm.dll+0x83bed2]
V  [jvm.dll+0x83c3ed]
V  [jvm.dll+0x83c7c4]
V  [jvm.dll+0x83c890]
V  [jvm.dll+0x7e410a]
V  [jvm.dll+0x67c315]
C  [ucrtbase.dll+0x21bb2]
C  [KERNEL32.DLL+0x17344]
C  [ntdll.dll+0x4cc91]

VM_Operation (0x000000af266fd0e0): G1CollectForAllocation, mode: safepoint, requested by thread 0x00000220428618a0


---------------  P R O C E S S  ---------------

Threads class SMR info:
_java_thread_list=0x0000022042b370e0, length=17, elements={
0x000002203dfb6ee0, 0x000002203dfb9190, 0x0000022042043a30, 0x0000022042046310,
0x0000022042046be0, 0x0000022042047c50, 0x0000022042049670, 0x000002204204c010,
0x0000022042058070, 0x00000220421db530, 0x00000220421fc220, 0x00000220428c4600,
0x00000220206a4840, 0x00000220428618a0, 0x0000022042c4d920, 0x000002204319e6a0,
0x0000022042b22a50
}

Java Threads: ( => current thread )
  0x000002203dfb6ee0 JavaThread "Reference Handler" daemon [_thread_blocked, id=27468, stack(0x000000af25700000,0x000000af25800000)]
  0x000002203dfb9190 JavaThread "Finalizer" daemon [_thread_blocked, id=25644, stack(0x000000af25800000,0x000000af25900000)]
  0x0000022042043a30 JavaThread "Signal Dispatcher" daemon [_thread_blocked, id=17664, stack(0x000000af25900000,0x000000af25a00000)]
  0x0000022042046310 JavaThread "Attach Listener" daemon [_thread_blocked, id=18020, stack(0x000000af25a00000,0x000000af25b00000)]
  0x0000022042046be0 JavaThread "Service Thread" daemon [_thread_blocked, id=17828, stack(0x000000af25b00000,0x000000af25c00000)]
  0x0000022042047c50 JavaThread "Monitor Deflation Thread" daemon [_thread_blocked, id=3116, stack(0x000000af25c00000,0x000000af25d00000)]
  0x0000022042049670 JavaThread "C2 CompilerThread0" daemon [_thread_in_native, id=16672, stack(0x000000af25d00000,0x000000af25e00000)]
  0x000002204204c010 JavaThread "C1 CompilerThread0" daemon [_thread_blocked, id=17564, stack(0x000000af25e00000,0x000000af25f00000)]
  0x0000022042058070 JavaThread "Sweeper thread" daemon [_thread_blocked, id=19116, stack(0x000000af25f00000,0x000000af26000000)]
  0x00000220421db530 JavaThread "Common-Cleaner" daemon [_thread_blocked, id=15724, stack(0x000000af26000000,0x000000af26100000)]
  0x00000220421fc220 JavaThread "Notification Thread" daemon [_thread_blocked, id=22296, stack(0x000000af26100000,0x000000af26200000)]
  0x00000220428c4600 JavaThread "pool-1-thread-1" [_thread_in_native, id=8812, stack(0x000000af26500000,0x000000af26600000)]
  0x00000220206a4840 JavaThread "DestroyJavaVM" [_thread_blocked, id=26068, stack(0x000000af25000000,0x000000af25100000)]
  0x00000220428618a0 JavaThread "ForkJoinPool.commonPool-worker-1" daemon [_thread_blocked, id=21136, stack(0x000000af26600000,0x000000af26700000)]
  0x0000022042c4d920 JavaThread "ForkJoinPool.commonPool-worker-2" daemon [_thread_blocked, id=1856, stack(0x000000af26800000,0x000000af26900000)]
  0x000002204319e6a0 JavaThread "Connection worker" daemon [_thread_blocked, id=21456, stack(0x000000af26700000,0x000000af26800000)]
  0x0000022042b22a50 JavaThread "C2 CompilerThread1" daemon [_thread_blocked, id=27444, stack(0x000000af26e00000,0x000000af26f00000)]

Other Threads:
=>0x000002204200b3b0 VMThread "VM Thread" [stack: 0x000000af25600000,0x000000af25700000] [id=21224]
  0x0000022042200f20 WatcherThread [stack: 0x000000af26200000,0x000000af26300000] [id=2692]
  0x00000220206f7aa0 GCTaskThread "GC Thread#0" [stack: 0x000000af25100000,0x000000af25200000] [id=16468]
  0x00000220429c5780 GCTaskThread "GC Thread#1" [stack: 0x000000af26300000,0x000000af26400000] [id=27540]
  0x00000220429c5a40 GCTaskThread "GC Thread#2" [stack: 0x000000af26400000,0x000000af26500000] [id=1396]
  0x0000022042d68260 GCTaskThread "GC Thread#3" [stack: 0x000000af26900000,0x000000af26a00000] [id=17544]
  0x0000022042d948d0 GCTaskThread "GC Thread#4" [stack: 0x000000af26a00000,0x000000af26b00000] [id=10072]
  0x00000220429ef690 GCTaskThread "GC Thread#5" [stack: 0x000000af26b00000,0x000000af26c00000] [id=17204]
  0x0000022042d45b30 GCTaskThread "GC Thread#6" [stack: 0x000000af26c00000,0x000000af26d00000] [id=11640]
  0x0000022042d45df0 GCTaskThread "GC Thread#7" [stack: 0x000000af26d00000,0x000000af26e00000] [id=4232]
  0x0000022020704400 ConcurrentGCThread "G1 Main Marker" [stack: 0x000000af25200000,0x000000af25300000] [id=4344]
  0x0000022020704d20 ConcurrentGCThread "G1 Conc#0" [stack: 0x000000af25300000,0x000000af25400000] [id=16268]
  0x00000220443e5e60 ConcurrentGCThread "G1 Conc#1" [stack: 0x000000af26f00000,0x000000af27000000] [id=15732]
  0x000002202074d0d0 ConcurrentGCThread "G1 Refine#0" [stack: 0x000000af25400000,0x000000af25500000] [id=17776]
  0x0000022044392a00 ConcurrentGCThread "G1 Refine#1" [stack: 0x000000af24d00000,0x000000af24e00000] [id=27508]
  0x0000022044391860 ConcurrentGCThread "G1 Refine#2" [stack: 0x000000af24e00000,0x000000af24f00000] [id=10356]
  0x0000022044391b50 ConcurrentGCThread "G1 Refine#3" [stack: 0x000000af24f00000,0x000000af25000000] [id=4596]
  0x0000022044391570 ConcurrentGCThread "G1 Refine#4" [stack: 0x000000af27000000,0x000000af27100000] [id=14272]
  0x0000022044392710 ConcurrentGCThread "G1 Refine#5" [stack: 0x000000af27100000,0x000000af27200000] [id=18272]
  0x000002202074da00 ConcurrentGCThread "G1 Service" [stack: 0x000000af25500000,0x000000af25600000] [id=14572]

Threads with active compile tasks:
C2 CompilerThread0   127685 3302       4       org.gradle.tooling.internal.adapter.ProtocolToModelAdapter::createView (169 bytes)
C2 CompilerThread1   127685 3288       4       org.gradle.tooling.internal.adapter.ProtocolToModelAdapter::convert (177 bytes)

VM state: at safepoint (normal execution)

VM Mutex/Monitor currently owned by a thread:  ([mutex/lock_event])
[0x00000220206a32e0] Threads_lock - owner thread: 0x000002204200b3b0
[0x00000220206a3490] Heap_lock - owner thread: 0x00000220428618a0

Heap address: 0x0000000744e00000, size: 2994 MB, Compressed Oops mode: Zero based, Oop shift amount: 3

CDS archive(s) not mapped
Compressed class space mapped at: 0x0000000800000000-0x0000000840000000, reserved size: 1073741824
Narrow klass base: 0x0000000800000000, Narrow klass shift: 0, Narrow klass range: 0x40000000

GC Precious Log:
 CPUs: 8 total, 8 available
 Memory: 11968M
 Large Page Support: Disabled
 NUMA Support: Disabled
 Compressed Oops: Enabled (Zero based)
 Heap Region Size: 2M
 Heap Min Capacity: 8M
 Heap Initial Capacity: 188M
 Heap Max Capacity: 2994M
 Pre-touch: Disabled
 Parallel Workers: 8
 Concurrent Workers: 2
 Concurrent Refinement Workers: 8
 Periodic GC: Disabled

Heap:
 garbage-first heap   total 192512K, used 83352K [0x0000000744e00000, 0x0000000800000000)
  region size 2048K, 2 young (4096K), 2 survivors (4096K)
 Metaspace       used 25365K, committed 25728K, reserved 1114112K
  class space    used 3202K, committed 3392K, reserved 1048576K

Heap Regions: E=young(eden), S=young(survivor), O=old, HS=humongous(starts), HC=humongous(continues), CS=collection set, F=free, OA=open archive, CA=closed archive, TAMS=top-at-mark-start (previous, next)
|   0|0x0000000744e00000, 0x0000000745000000, 0x0000000745000000|100%| O|  |TAMS 0x0000000745000000, 0x0000000744e00000| Untracked 
|   1|0x0000000745000000, 0x0000000745200000, 0x0000000745200000|100%| O|  |TAMS 0x0000000745200000, 0x0000000745000000| Untracked 
|   2|0x0000000745200000, 0x0000000745400000, 0x0000000745400000|100%|HS|  |TAMS 0x0000000745400000, 0x0000000745200000| Complete 
|   3|0x0000000745400000, 0x0000000745600000, 0x0000000745600000|100%|HC|  |TAMS 0x0000000745600000, 0x0000000745400000| Complete 
|   4|0x0000000745600000, 0x0000000745800000, 0x0000000745800000|100%| O|  |TAMS 0x0000000745800000, 0x0000000745600000| Untracked 
|   5|0x0000000745800000, 0x0000000745a00000, 0x0000000745a00000|100%| O|  |TAMS 0x0000000745a00000, 0x0000000745800000| Untracked 
|   6|0x0000000745a00000, 0x0000000745c00000, 0x0000000745c00000|100%| O|  |TAMS 0x0000000745c00000, 0x0000000745a00000| Untracked 
|   7|0x0000000745c00000, 0x0000000745e00000, 0x0000000745e00000|100%| O|  |TAMS 0x0000000745c00000, 0x0000000745c00000| Untracked 
|   8|0x0000000745e00000, 0x0000000746000000, 0x0000000746000000|100%| O|  |TAMS 0x0000000745e00000, 0x0000000745e00000| Untracked 
|   9|0x0000000746000000, 0x0000000746200000, 0x0000000746200000|100%| O|  |TAMS 0x0000000746200000, 0x0000000746000000| Untracked 
|  10|0x0000000746200000, 0x0000000746400000, 0x0000000746400000|100%| O|  |TAMS 0x0000000746400000, 0x0000000746200000| Untracked 
|  11|0x0000000746400000, 0x0000000746600000, 0x0000000746600000|100%| O|  |TAMS 0x0000000746600000, 0x0000000746400000| Untracked 
|  12|0x0000000746600000, 0x0000000746800000, 0x0000000746800000|100%| O|  |TAMS 0x0000000746600000, 0x0000000746600000| Untracked 
|  13|0x0000000746800000, 0x0000000746a00000, 0x0000000746a00000|100%| O|  |TAMS 0x0000000746800000, 0x0000000746800000| Untracked 
|  14|0x0000000746a00000, 0x0000000746c00000, 0x0000000746c00000|100%| O|  |TAMS 0x0000000746c00000, 0x0000000746a00000| Untracked 
|  15|0x0000000746c00000, 0x0000000746e00000, 0x0000000746e00000|100%| O|  |TAMS 0x0000000746e00000, 0x0000000746c00000| Untracked 
|  16|0x0000000746e00000, 0x0000000747000000, 0x0000000747000000|100%| O|  |TAMS 0x0000000746e00000, 0x0000000746e00000| Untracked 
|  17|0x0000000747000000, 0x0000000747200000, 0x0000000747200000|100%| O|  |TAMS 0x0000000747000000, 0x0000000747000000| Untracked 
|  18|0x0000000747200000, 0x0000000747400000, 0x0000000747400000|100%| O|  |TAMS 0x0000000747200000, 0x0000000747200000| Untracked 
|  19|0x0000000747400000, 0x0000000747600000, 0x0000000747600000|100%| O|  |TAMS 0x0000000747600000, 0x0000000747400000| Untracked 
|  20|0x0000000747600000, 0x0000000747800000, 0x0000000747800000|100%| O|  |TAMS 0x0000000747800000, 0x0000000747600000| Untracked 
|  21|0x0000000747800000, 0x0000000747a00000, 0x0000000747a00000|100%| O|  |TAMS 0x0000000747a00000, 0x0000000747800000| Untracked 
|  22|0x0000000747a00000, 0x0000000747c00000, 0x0000000747c00000|100%| O|  |TAMS 0x0000000747c00000, 0x0000000747a00000| Untracked 
|  23|0x0000000747c00000, 0x0000000747e00000, 0x0000000747e00000|100%| O|  |TAMS 0x0000000747e00000, 0x0000000747c00000| Untracked 
|  24|0x0000000747e00000, 0x0000000748000000, 0x0000000748000000|100%| O|  |TAMS 0x0000000748000000, 0x0000000747e00000| Untracked 
|  25|0x0000000748000000, 0x0000000748200000, 0x0000000748200000|100%| O|  |TAMS 0x0000000748200000, 0x0000000748000000| Untracked 
|  26|0x0000000748200000, 0x0000000748400000, 0x0000000748400000|100%| O|  |TAMS 0x0000000748400000, 0x0000000748200000| Untracked 
|  27|0x0000000748400000, 0x0000000748600000, 0x0000000748600000|100%| O|  |TAMS 0x0000000748600000, 0x0000000748400000| Untracked 
|  28|0x0000000748600000, 0x0000000748800000, 0x0000000748800000|100%| O|  |TAMS 0x0000000748800000, 0x0000000748600000| Untracked 
|  29|0x0000000748800000, 0x0000000748a00000, 0x0000000748a00000|100%| O|  |TAMS 0x0000000748a00000, 0x0000000748800000| Untracked 
|  30|0x0000000748a00000, 0x0000000748c00000, 0x0000000748c00000|100%| O|  |TAMS 0x0000000748c00000, 0x0000000748a00000| Untracked 
|  31|0x0000000748c00000, 0x0000000748e00000, 0x0000000748e00000|100%| O|  |TAMS 0x0000000748e00000, 0x0000000748c00000| Untracked 
|  32|0x0000000748e00000, 0x0000000749000000, 0x0000000749000000|100%| O|  |TAMS 0x0000000749000000, 0x0000000748e00000| Untracked 
|  33|0x0000000749000000, 0x0000000749200000, 0x0000000749200000|100%| O|  |TAMS 0x0000000749200000, 0x0000000749000000| Untracked 
|  34|0x0000000749200000, 0x0000000749400000, 0x0000000749400000|100%| O|  |TAMS 0x000000074924a600, 0x0000000749200000| Untracked 
|  35|0x0000000749400000, 0x0000000749600000, 0x0000000749600000|100%| O|  |TAMS 0x0000000749400000, 0x0000000749400000| Untracked 
|  36|0x0000000749600000, 0x0000000749800000, 0x0000000749800000|100%| O|  |TAMS 0x0000000749600000, 0x0000000749600000| Untracked 
|  37|0x0000000749800000, 0x0000000749a00000, 0x0000000749a00000|100%| O|  |TAMS 0x0000000749800000, 0x0000000749800000| Untracked 
|  38|0x0000000749a00000, 0x0000000749b66200, 0x0000000749c00000| 69%| O|  |TAMS 0x0000000749a00000, 0x0000000749a00000| Untracked 
|  39|0x0000000749c00000, 0x0000000749c00000, 0x0000000749e00000|  0%| F|  |TAMS 0x0000000749c00000, 0x0000000749c00000| Untracked 
|  40|0x0000000749e00000, 0x0000000749e00000, 0x000000074a000000|  0%| F|  |TAMS 0x0000000749e00000, 0x0000000749e00000| Untracked 
|  41|0x000000074a000000, 0x000000074a000000, 0x000000074a200000|  0%| F|  |TAMS 0x000000074a000000, 0x000000074a000000| Untracked 
|  42|0x000000074a200000, 0x000000074a200000, 0x000000074a400000|  0%| F|  |TAMS 0x000000074a200000, 0x000000074a200000| Untracked 
|  43|0x000000074a400000, 0x000000074a400000, 0x000000074a600000|  0%| F|  |TAMS 0x000000074a400000, 0x000000074a400000| Untracked 
|  44|0x000000074a600000, 0x000000074a600000, 0x000000074a800000|  0%| F|  |TAMS 0x000000074a600000, 0x000000074a600000| Untracked 
|  45|0x000000074a800000, 0x000000074a800000, 0x000000074aa00000|  0%| F|  |TAMS 0x000000074a800000, 0x000000074a800000| Untracked 
|  46|0x000000074aa00000, 0x000000074aa00000, 0x000000074ac00000|  0%| F|  |TAMS 0x000000074aa00000, 0x000000074aa00000| Untracked 
|  47|0x000000074ac00000, 0x000000074ac00000, 0x000000074ae00000|  0%| F|  |TAMS 0x000000074ac00000, 0x000000074ac00000| Untracked 
|  48|0x000000074ae00000, 0x000000074ae00000, 0x000000074b000000|  0%| F|  |TAMS 0x000000074ae00000, 0x000000074ae00000| Untracked 
|  49|0x000000074b000000, 0x000000074b000000, 0x000000074b200000|  0%| F|  |TAMS 0x000000074b000000, 0x000000074b000000| Untracked 
|  50|0x000000074b200000, 0x000000074b200000, 0x000000074b400000|  0%| F|  |TAMS 0x000000074b200000, 0x000000074b200000| Untracked 
|  51|0x000000074b400000, 0x000000074b600000, 0x000000074b600000|100%| S|CS|TAMS 0x000000074b400000, 0x000000074b400000| Complete 
|  52|0x000000074b600000, 0x000000074b800000, 0x000000074b800000|100%| S|CS|TAMS 0x000000074b600000, 0x000000074b600000| Complete 
|  53|0x000000074b800000, 0x000000074b800000, 0x000000074ba00000|  0%| F|  |TAMS 0x000000074b800000, 0x000000074b800000| Untracked 
|  54|0x000000074ba00000, 0x000000074ba00000, 0x000000074bc00000|  0%| F|  |TAMS 0x000000074ba00000, 0x000000074ba00000| Untracked 
|  55|0x000000074bc00000, 0x000000074bc00000, 0x000000074be00000|  0%| F|  |TAMS 0x000000074bc00000, 0x000000074bc00000| Untracked 
|  56|0x000000074be00000, 0x000000074be00000, 0x000000074c000000|  0%| F|  |TAMS 0x000000074be00000, 0x000000074be00000| Untracked 
|  57|0x000000074c000000, 0x000000074c000000, 0x000000074c200000|  0%| F|  |TAMS 0x000000074c000000, 0x000000074c000000| Untracked 
|  58|0x000000074c200000, 0x000000074c200000, 0x000000074c400000|  0%| F|  |TAMS 0x000000074c200000, 0x000000074c200000| Untracked 
|  59|0x000000074c400000, 0x000000074c400000, 0x000000074c600000|  0%| F|  |TAMS 0x000000074c400000, 0x000000074c400000| Untracked 
|  60|0x000000074c600000, 0x000000074c600000, 0x000000074c800000|  0%| F|  |TAMS 0x000000074c600000, 0x000000074c600000| Untracked 
|  61|0x000000074c800000, 0x000000074c800000, 0x000000074ca00000|  0%| F|  |TAMS 0x000000074c800000, 0x000000074c800000| Untracked 
|  62|0x000000074ca00000, 0x000000074ca00000, 0x000000074cc00000|  0%| F|  |TAMS 0x000000074ca00000, 0x000000074ca00000| Untracked 
|  63|0x000000074cc00000, 0x000000074cc00000, 0x000000074ce00000|  0%| F|  |TAMS 0x000000074cc00000, 0x000000074cc00000| Untracked 
|  64|0x000000074ce00000, 0x000000074ce00000, 0x000000074d000000|  0%| F|  |TAMS 0x000000074ce00000, 0x000000074ce00000| Untracked 
|  65|0x000000074d000000, 0x000000074d000000, 0x000000074d200000|  0%| F|  |TAMS 0x000000074d000000, 0x000000074d000000| Untracked 
|  66|0x000000074d200000, 0x000000074d200000, 0x000000074d400000|  0%| F|  |TAMS 0x000000074d200000, 0x000000074d200000| Untracked 
|  67|0x000000074d400000, 0x000000074d400000, 0x000000074d600000|  0%| F|  |TAMS 0x000000074d400000, 0x000000074d400000| Untracked 
|  68|0x000000074d600000, 0x000000074d600000, 0x000000074d800000|  0%| F|  |TAMS 0x000000074d600000, 0x000000074d600000| Untracked 
|  69|0x000000074d800000, 0x000000074d800000, 0x000000074da00000|  0%| F|  |TAMS 0x000000074d800000, 0x000000074d800000| Untracked 
|  70|0x000000074da00000, 0x000000074da00000, 0x000000074dc00000|  0%| F|  |TAMS 0x000000074da00000, 0x000000074da00000| Untracked 
|  71|0x000000074dc00000, 0x000000074dc00000, 0x000000074de00000|  0%| F|  |TAMS 0x000000074dc00000, 0x000000074dc00000| Untracked 
|  72|0x000000074de00000, 0x000000074de00000, 0x000000074e000000|  0%| F|  |TAMS 0x000000074de00000, 0x000000074de00000| Untracked 
|  73|0x000000074e000000, 0x000000074e000000, 0x000000074e200000|  0%| F|  |TAMS 0x000000074e000000, 0x000000074e000000| Untracked 
|  74|0x000000074e200000, 0x000000074e200000, 0x000000074e400000|  0%| F|  |TAMS 0x000000074e200000, 0x000000074e200000| Untracked 
|  75|0x000000074e400000, 0x000000074e400000, 0x000000074e600000|  0%| F|  |TAMS 0x000000074e400000, 0x000000074e400000| Untracked 
|  76|0x000000074e600000, 0x000000074e600000, 0x000000074e800000|  0%| F|  |TAMS 0x000000074e600000, 0x000000074e600000| Untracked 
|  77|0x000000074e800000, 0x000000074e800000, 0x000000074ea00000|  0%| F|  |TAMS 0x000000074e800000, 0x000000074e800000| Untracked 
|  78|0x000000074ea00000, 0x000000074ea00000, 0x000000074ec00000|  0%| F|  |TAMS 0x000000074ea00000, 0x000000074ea00000| Untracked 
|  79|0x000000074ec00000, 0x000000074ec00000, 0x000000074ee00000|  0%| F|  |TAMS 0x000000074ec00000, 0x000000074ec00000| Untracked 
|  80|0x000000074ee00000, 0x000000074ee00000, 0x000000074f000000|  0%| F|  |TAMS 0x000000074ee00000, 0x000000074ee00000| Untracked 
|  81|0x000000074f000000, 0x000000074f000000, 0x000000074f200000|  0%| F|  |TAMS 0x000000074f000000, 0x000000074f000000| Untracked 
|  82|0x000000074f200000, 0x000000074f200000, 0x000000074f400000|  0%| F|  |TAMS 0x000000074f200000, 0x000000074f200000| Untracked 
|  83|0x000000074f400000, 0x000000074f400000, 0x000000074f600000|  0%| F|  |TAMS 0x000000074f400000, 0x000000074f400000| Untracked 
|  84|0x000000074f600000, 0x000000074f600000, 0x000000074f800000|  0%| F|  |TAMS 0x000000074f600000, 0x000000074f600000| Untracked 
|  85|0x000000074f800000, 0x000000074f800000, 0x000000074fa00000|  0%| F|  |TAMS 0x000000074f800000, 0x000000074f800000| Untracked 
|  86|0x000000074fa00000, 0x000000074fa00000, 0x000000074fc00000|  0%| F|  |TAMS 0x000000074fa00000, 0x000000074fa00000| Untracked 
|  87|0x000000074fc00000, 0x000000074fc00000, 0x000000074fe00000|  0%| F|  |TAMS 0x000000074fc00000, 0x000000074fc00000| Untracked 
|  88|0x000000074fe00000, 0x000000074fe00000, 0x0000000750000000|  0%| F|  |TAMS 0x000000074fe00000, 0x000000074fe00000| Untracked 
|  89|0x0000000750000000, 0x0000000750000000, 0x0000000750200000|  0%| F|  |TAMS 0x0000000750000000, 0x0000000750000000| Untracked 
|  90|0x0000000750200000, 0x0000000750200000, 0x0000000750400000|  0%| F|  |TAMS 0x0000000750200000, 0x0000000750200000| Untracked 
|  91|0x0000000750400000, 0x0000000750400000, 0x0000000750600000|  0%| F|  |TAMS 0x0000000750400000, 0x0000000750400000| Untracked 
|  92|0x0000000750600000, 0x0000000750600000, 0x0000000750800000|  0%| F|  |TAMS 0x0000000750600000, 0x0000000750600000| Untracked 
|  93|0x0000000750800000, 0x0000000750800000, 0x0000000750a00000|  0%| F|  |TAMS 0x0000000750800000, 0x0000000750800000| Untracked 

Card table byte_map: [0x0000022034b70000,0x0000022035150000] _byte_map_base: 0x0000022031149000

Marking Bits (Prev, Next): (CMBitMap*) 0x00000220206f7fc0, (CMBitMap*) 0x00000220206f8000
 Prev Bits: [0x0000022035730000, 0x00000220385f8000)
 Next Bits: [0x0000022038600000, 0x000002203b4c8000)

Polling page: 0x0000022020750000

Metaspace:

Usage:
  Non-class:     21.64 MB used.
      Class:      3.13 MB used.
       Both:     24.77 MB used.

Virtual space:
  Non-class space:       64.00 MB reserved,      21.81 MB ( 34%) committed,  1 nodes.
      Class space:        1.00 GB reserved,       3.31 MB ( <1%) committed,  1 nodes.
             Both:        1.06 GB reserved,      25.12 MB (  2%) committed. 

Chunk freelists:
   Non-Class:  10.01 MB
       Class:  12.54 MB
        Both:  22.54 MB

MaxMetaspaceSize: unlimited
CompressedClassSpaceSize: 1.00 GB
Initial GC threshold: 21.00 MB
Current GC threshold: 41.88 MB
CDS: off
MetaspaceReclaimPolicy: balanced
 - commit_granule_bytes: 65536.
 - commit_granule_words: 8192.
 - virtual_space_node_default_size: 8388608.
 - enlarge_chunks_in_place: 1.
 - new_chunks_are_fully_committed: 0.
 - uncommit_free_chunks: 1.
 - use_allocation_guard: 0.
 - handle_deallocations: 1.


Internal statistics:

num_allocs_failed_limit: 3.
num_arena_births: 330.
num_arena_deaths: 0.
num_vsnodes_births: 2.
num_vsnodes_deaths: 0.
num_space_committed: 402.
num_space_uncommitted: 0.
num_chunks_returned_to_freelist: 3.
num_chunks_taken_from_freelist: 964.
num_chunk_merges: 3.
num_chunk_splits: 575.
num_chunks_enlarged: 346.
num_inconsistent_stats: 0.

CodeHeap 'non-profiled nmethods': size=120000Kb used=1856Kb max_used=1856Kb free=118143Kb
 bounds [0x000002202c5f0000, 0x000002202c860000, 0x0000022033b20000]
CodeHeap 'profiled nmethods': size=120000Kb used=6639Kb max_used=6639Kb free=113360Kb
 bounds [0x0000022024b20000, 0x00000220251a0000, 0x000002202c050000]
CodeHeap 'non-nmethods': size=5760Kb used=1217Kb max_used=1264Kb free=4542Kb
 bounds [0x000002202c050000, 0x000002202c2c0000, 0x000002202c5f0000]
 total_blobs=3797 nmethods=3292 adapters=417
 compilation: enabled
              stopped_count=0, restarted_count=0
 full_count=0

Compilation events (20 events):
Event: 127.514 Thread 0x000002204204c010 3332       2       jdk.internal.reflect.ClassFileAssembler::getMaxLocals (6 bytes)
Event: 127.514 Thread 0x000002204204c010 nmethod 3332 0x0000022025199a90 code [0x0000022025199c20, 0x0000022025199d38]
Event: 127.528 Thread 0x0000022042b22a50 nmethod 2991 0x000002202c7bc290 code [0x000002202c7bc440, 0x000002202c7bd228]
Event: 127.528 Thread 0x0000022042b22a50 3288       4       org.gradle.tooling.internal.adapter.ProtocolToModelAdapter::convert (177 bytes)
Event: 127.538 Thread 0x0000022042049670 nmethod 2972 0x000002202c7bd910 code [0x000002202c7bdb80, 0x000002202c7bed30]
Event: 127.538 Thread 0x0000022042049670 3302       4       org.gradle.tooling.internal.adapter.ProtocolToModelAdapter::createView (169 bytes)
Event: 127.568 Thread 0x000002204204c010 3335       1       java.util.Spliterators$IteratorSpliterator::characteristics (5 bytes)
Event: 127.568 Thread 0x000002204204c010 nmethod 3335 0x000002202c7bfa90 code [0x000002202c7bfc20, 0x000002202c7bfcf8]
Event: 127.616 Thread 0x000002204204c010 3338       1       com.microsoft.java.bs.gradle.model.impl.DefaultBuildTargetDependency::getProjectPath (5 bytes)
Event: 127.616 Thread 0x000002204204c010 nmethod 3338 0x000002202c7bfd90 code [0x000002202c7bff20, 0x000002202c7bfff8]
Event: 127.616 Thread 0x000002204204c010 3339       1       com.microsoft.java.bs.gradle.model.impl.DefaultBuildTargetDependency::getSourceSetName (5 bytes)
Event: 127.617 Thread 0x000002204204c010 nmethod 3339 0x000002202c7c0090 code [0x000002202c7c0220, 0x000002202c7c02f8]
Event: 127.640 Thread 0x000002204204c010 3344       2       java.util.Iterator::forEachRemaining (30 bytes)
Event: 127.640 Thread 0x000002204204c010 nmethod 3344 0x0000022025199e10 code [0x0000022025199fe0, 0x000002202519a278]
Event: 127.642 Thread 0x000002204204c010 3345       3       java.util.HashMap::put (13 bytes)
Event: 127.642 Thread 0x000002204204c010 nmethod 3345 0x000002202519a410 code [0x000002202519a5c0, 0x000002202519a8b8]
Event: 127.642 Thread 0x000002204204c010 3347       3       java.util.HashMap::getNode (150 bytes)
Event: 127.643 Thread 0x000002204204c010 nmethod 3347 0x000002202519aa10 code [0x000002202519ac40, 0x000002202519b838]
Event: 127.643 Thread 0x000002204204c010 3346       3       java.util.HashMap::get (19 bytes)
Event: 127.643 Thread 0x000002204204c010 nmethod 3346 0x000002202519bb10 code [0x000002202519bcc0, 0x000002202519be88]

GC Heap History (20 events):
Event: 20.758 GC heap after
{Heap after GC invocations=4 (full 0):
 garbage-first heap   total 192512K, used 19557K [0x0000000744e00000, 0x0000000800000000)
  region size 2048K, 4 young (8192K), 4 survivors (8192K)
 Metaspace       used 21337K, committed 21504K, reserved 1114112K
  class space    used 2668K, committed 2752K, reserved 1048576K
}
Event: 126.818 GC heap before
{Heap before GC invocations=5 (full 0):
 garbage-first heap   total 81920K, used 60517K [0x0000000744e00000, 0x0000000800000000)
  region size 2048K, 24 young (49152K), 4 survivors (8192K)
 Metaspace       used 24748K, committed 25024K, reserved 1114112K
  class space    used 3130K, committed 3264K, reserved 1048576K
}
Event: 126.823 GC heap after
{Heap after GC invocations=6 (full 0):
 garbage-first heap   total 81920K, used 26104K [0x0000000744e00000, 0x0000000800000000)
  region size 2048K, 2 young (4096K), 2 survivors (4096K)
 Metaspace       used 24748K, committed 25024K, reserved 1114112K
  class space    used 3130K, committed 3264K, reserved 1048576K
}
Event: 126.957 GC heap before
{Heap before GC invocations=6 (full 0):
 garbage-first heap   total 81920K, used 38392K [0x0000000744e00000, 0x0000000800000000)
  region size 2048K, 3 young (6144K), 2 survivors (4096K)
 Metaspace       used 24823K, committed 25088K, reserved 1114112K
  class space    used 3143K, committed 3264K, reserved 1048576K
}
Event: 126.960 GC heap after
{Heap after GC invocations=7 (full 0):
 garbage-first heap   total 81920K, used 37004K [0x0000000744e00000, 0x0000000800000000)
  region size 2048K, 1 young (2048K), 1 survivors (2048K)
 Metaspace       used 24823K, committed 25088K, reserved 1114112K
  class space    used 3143K, committed 3264K, reserved 1048576K
}
Event: 127.090 GC heap before
{Heap before GC invocations=7 (full 0):
 garbage-first heap   total 81920K, used 57484K [0x0000000744e00000, 0x0000000800000000)
  region size 2048K, 12 young (24576K), 1 survivors (2048K)
 Metaspace       used 25040K, committed 25344K, reserved 1114112K
  class space    used 3164K, committed 3328K, reserved 1048576K
}
Event: 127.096 GC heap after
{Heap after GC invocations=8 (full 0):
 garbage-first heap   total 81920K, used 45603K [0x0000000744e00000, 0x0000000800000000)
  region size 2048K, 2 young (4096K), 2 survivors (4096K)
 Metaspace       used 25040K, committed 25344K, reserved 1114112K
  class space    used 3164K, committed 3328K, reserved 1048576K
}
Event: 127.160 GC heap before
{Heap before GC invocations=8 (full 0):
 garbage-first heap   total 81920K, used 59939K [0x0000000744e00000, 0x0000000800000000)
  region size 2048K, 9 young (18432K), 2 survivors (4096K)
 Metaspace       used 25044K, committed 25344K, reserved 1114112K
  class space    used 3164K, committed 3328K, reserved 1048576K
}
Event: 127.166 GC heap after
{Heap after GC invocations=9 (full 0):
 garbage-first heap   total 81920K, used 51412K [0x0000000744e00000, 0x0000000800000000)
  region size 2048K, 2 young (4096K), 2 survivors (4096K)
 Metaspace       used 25044K, committed 25344K, reserved 1114112K
  class space    used 3164K, committed 3328K, reserved 1048576K
}
Event: 127.209 GC heap before
{Heap before GC invocations=10 (full 0):
 garbage-first heap   total 96256K, used 59604K [0x0000000744e00000, 0x0000000800000000)
  region size 2048K, 7 young (14336K), 2 survivors (4096K)
 Metaspace       used 25044K, committed 25344K, reserved 1114112K
  class space    used 3164K, committed 3328K, reserved 1048576K
}
Event: 127.213 GC heap after
{Heap after GC invocations=11 (full 0):
 garbage-first heap   total 116736K, used 57255K [0x0000000744e00000, 0x0000000800000000)
  region size 2048K, 1 young (2048K), 1 survivors (2048K)
 Metaspace       used 25044K, committed 25344K, reserved 1114112K
  class space    used 3164K, committed 3328K, reserved 1048576K
}
Event: 127.288 GC heap before
{Heap before GC invocations=11 (full 0):
 garbage-first heap   total 116736K, used 79783K [0x0000000744e00000, 0x0000000800000000)
  region size 2048K, 12 young (24576K), 1 survivors (2048K)
 Metaspace       used 25045K, committed 25344K, reserved 1114112K
  class space    used 3164K, committed 3328K, reserved 1048576K
}
Event: 127.295 GC heap after
{Heap after GC invocations=12 (full 0):
 garbage-first heap   total 116736K, used 65814K [0x0000000744e00000, 0x0000000800000000)
  region size 2048K, 2 young (4096K), 2 survivors (4096K)
 Metaspace       used 25045K, committed 25344K, reserved 1114112K
  class space    used 3164K, committed 3328K, reserved 1048576K
}
Event: 127.416 GC heap before
{Heap before GC invocations=13 (full 0):
 garbage-first heap   total 122880K, used 84246K [0x0000000744e00000, 0x0000000800000000)
  region size 2048K, 11 young (22528K), 2 survivors (4096K)
 Metaspace       used 25291K, committed 25536K, reserved 1114112K
  class space    used 3187K, committed 3328K, reserved 1048576K
}
Event: 127.425 GC heap after
{Heap after GC invocations=14 (full 0):
 garbage-first heap   total 122880K, used 74025K [0x0000000744e00000, 0x0000000800000000)
  region size 2048K, 2 young (4096K), 2 survivors (4096K)
 Metaspace       used 25291K, committed 25536K, reserved 1114112K
  class space    used 3187K, committed 3328K, reserved 1048576K
}
Event: 127.516 GC heap before
{Heap before GC invocations=14 (full 0):
 garbage-first heap   total 122880K, used 90409K [0x0000000744e00000, 0x0000000800000000)
  region size 2048K, 10 young (20480K), 2 survivors (4096K)
 Metaspace       used 25364K, committed 25728K, reserved 1114112K
  class space    used 3202K, committed 3392K, reserved 1048576K
}
Event: 127.528 GC heap after
{Heap after GC invocations=15 (full 0):
 garbage-first heap   total 122880K, used 81625K [0x0000000744e00000, 0x0000000800000000)
  region size 2048K, 2 young (4096K), 2 survivors (4096K)
 Metaspace       used 25364K, committed 25728K, reserved 1114112K
  class space    used 3202K, committed 3392K, reserved 1048576K
}
Event: 127.576 GC heap before
{Heap before GC invocations=15 (full 0):
 garbage-first heap   total 131072K, used 79577K [0x0000000744e00000, 0x0000000800000000)
  region size 2048K, 8 young (16384K), 2 survivors (4096K)
 Metaspace       used 25365K, committed 25728K, reserved 1114112K
  class space    used 3202K, committed 3392K, reserved 1048576K
}
Event: 127.585 GC heap after
{Heap after GC invocations=16 (full 0):
 garbage-first heap   total 131072K, used 73728K [0x0000000744e00000, 0x0000000800000000)
  region size 2048K, 1 young (2048K), 1 survivors (2048K)
 Metaspace       used 25365K, committed 25728K, reserved 1114112K
  class space    used 3202K, committed 3392K, reserved 1048576K
}
Event: 127.650 GC heap before
{Heap before GC invocations=17 (full 0):
 garbage-first heap   total 131072K, used 94208K [0x0000000744e00000, 0x0000000800000000)
  region size 2048K, 11 young (22528K), 1 survivors (2048K)
 Metaspace       used 25365K, committed 25728K, reserved 1114112K
  class space    used 3202K, committed 3392K, reserved 1048576K
}

Dll operation events (11 events):
Event: 0.011 Loaded shared library C:\Users\d.ngantchou\.vscode\extensions\redhat.java-1.31.0-win32-x64\jre\17.0.11-win32-x86_64\bin\java.dll
Event: 0.114 Loaded shared library C:\Users\d.ngantchou\.vscode\extensions\redhat.java-1.31.0-win32-x64\jre\17.0.11-win32-x86_64\bin\net.dll
Event: 0.115 Loaded shared library C:\Users\d.ngantchou\.vscode\extensions\redhat.java-1.31.0-win32-x64\jre\17.0.11-win32-x86_64\bin\nio.dll
Event: 0.132 Loaded shared library C:\Users\d.ngantchou\.vscode\extensions\redhat.java-1.31.0-win32-x64\jre\17.0.11-win32-x86_64\bin\zip.dll
Event: 0.193 Loaded shared library C:\Users\d.ngantchou\.vscode\extensions\redhat.java-1.31.0-win32-x64\jre\17.0.11-win32-x86_64\bin\jimage.dll
Event: 2.053 Loaded shared library C:\Users\d.ngantchou\.vscode\extensions\redhat.java-1.31.0-win32-x64\jre\17.0.11-win32-x86_64\bin\verify.dll
Event: 10.947 Loaded shared library C:\Users\d.ngantchou\.gradle\native\c067742578af261105cb4f569cf0c3c89f3d7b1fecec35dd04571415982c5e48\windows-amd64\native-platform.dll
Event: 20.381 Loaded shared library C:\Users\d.ngantchou\.vscode\extensions\redhat.java-1.31.0-win32-x64\jre\17.0.11-win32-x86_64\bin\management.dll
Event: 20.386 Loaded shared library C:\Users\d.ngantchou\.vscode\extensions\redhat.java-1.31.0-win32-x64\jre\17.0.11-win32-x86_64\bin\management_ext.dll
Event: 21.313 Loaded shared library C:\Users\d.ngantchou\.vscode\extensions\redhat.java-1.31.0-win32-x64\jre\17.0.11-win32-x86_64\bin\extnet.dll
Event: 22.898 Loaded shared library C:\Users\d.ngantchou\.vscode\extensions\redhat.java-1.31.0-win32-x64\jre\17.0.11-win32-x86_64\bin\sunmscapi.dll

Deoptimization events (20 events):
Event: 127.318 Thread 0x000002204319e6a0 Uncommon trap: trap_request=0xffffff45 fr.pc=0x000002202c748440 relative=0x00000000000006c0
Event: 127.318 Thread 0x000002204319e6a0 Uncommon trap: reason=unstable_if action=reinterpret pc=0x000002202c748440 method=org.gradle.tooling.internal.consumer.parameters.ProgressListenerAdapter.fireChangeEvent()V @ 7 c2
Event: 127.318 Thread 0x000002204319e6a0 DEOPT PACKING pc=0x000002202c748440 sp=0x000000af267fde80
Event: 127.318 Thread 0x000002204319e6a0 DEOPT UNPACKING pc=0x000002202c0aa1a3 sp=0x000000af267fde18 mode 2
Event: 127.339 Thread 0x00000220428618a0 Uncommon trap: trap_request=0xffffff45 fr.pc=0x000002202c76a6e4 relative=0x00000000000000c4
Event: 127.339 Thread 0x00000220428618a0 Uncommon trap: reason=unstable_if action=reinterpret pc=0x000002202c76a6e4 method=java.lang.reflect.Method.invoke(Ljava/lang/Object;[Ljava/lang/Object;)Ljava/lang/Object; @ 4 c2
Event: 127.339 Thread 0x00000220428618a0 DEOPT PACKING pc=0x000002202c76a6e4 sp=0x000000af266fd130
Event: 127.339 Thread 0x00000220428618a0 DEOPT UNPACKING pc=0x000002202c0aa1a3 sp=0x000000af266fd0d8 mode 2
Event: 127.641 Thread 0x00000220428618a0 Uncommon trap: trap_request=0xffffff45 fr.pc=0x000002202c74e3d4 relative=0x00000000000002b4
Event: 127.641 Thread 0x00000220428618a0 Uncommon trap: reason=unstable_if action=reinterpret pc=0x000002202c74e3d4 method=java.util.HashMap.getNode(Ljava/lang/Object;)Ljava/util/HashMap$Node; @ 66 c2
Event: 127.641 Thread 0x00000220428618a0 DEOPT PACKING pc=0x000002202c74e3d4 sp=0x000000af266fdb70
Event: 127.641 Thread 0x00000220428618a0 DEOPT UNPACKING pc=0x000002202c0aa1a3 sp=0x000000af266fda70 mode 2
Event: 127.641 Thread 0x00000220428618a0 Uncommon trap: trap_request=0xffffff45 fr.pc=0x000002202c7374c4 relative=0x00000000000002a4
Event: 127.641 Thread 0x00000220428618a0 Uncommon trap: reason=unstable_if action=reinterpret pc=0x000002202c7374c4 method=java.util.HashMap.getNode(Ljava/lang/Object;)Ljava/util/HashMap$Node; @ 66 c2
Event: 127.641 Thread 0x00000220428618a0 DEOPT PACKING pc=0x000002202c7374c4 sp=0x000000af266fda30
Event: 127.641 Thread 0x00000220428618a0 DEOPT UNPACKING pc=0x000002202c0aa1a3 sp=0x000000af266fd9c0 mode 2
Event: 127.642 Thread 0x00000220428618a0 Uncommon trap: trap_request=0xffffff45 fr.pc=0x000002202c7a51c8 relative=0x00000000000007c8
Event: 127.642 Thread 0x00000220428618a0 Uncommon trap: reason=unstable_if action=reinterpret pc=0x000002202c7a51c8 method=java.util.HashMap.putVal(ILjava/lang/Object;Ljava/lang/Object;ZZ)Ljava/lang/Object; @ 94 c2
Event: 127.642 Thread 0x00000220428618a0 DEOPT PACKING pc=0x000002202c7a51c8 sp=0x000000af266fda90
Event: 127.642 Thread 0x00000220428618a0 DEOPT UNPACKING pc=0x000002202c0aa1a3 sp=0x000000af266fd9a8 mode 2

Classes unloaded (0 events):
No events

Classes redefined (0 events):
No events

Internal exceptions (20 events):
Event: 27.612 Thread 0x000002204319e6a0 Exception <a 'java/lang/NoSuchMethodError'{0x000000074824e1a8}: static Lorg/gradle/internal/build/event/types/AbstractProgressEvent;.<clinit>()V> (0x000000074824e1a8) 
thrown [s\src\hotspot\share\prims\jni.cpp, line 1112]
Event: 27.613 Thread 0x000002204319e6a0 Exception <a 'java/lang/NoSuchMethodError'{0x00000007482576f0}: static Lorg/gradle/internal/build/event/types/DefaultOperationStartedProgressEvent;.<clinit>()V> (0x00000007482576f0) 
thrown [s\src\hotspot\share\prims\jni.cpp, line 1112]
Event: 27.614 Thread 0x000002204319e6a0 Exception <a 'java/lang/NoSuchMethodError'{0x0000000748269a68}: static Lorg/gradle/internal/build/event/types/DefaultOperationDescriptor;.<clinit>()V> (0x0000000748269a68) 
thrown [s\src\hotspot\share\prims\jni.cpp, line 1112]
Event: 27.615 Thread 0x000002204319e6a0 Exception <a 'java/lang/NoSuchMethodError'{0x0000000748274620}: static Lorg/gradle/internal/build/event/types/DefaultProjectConfigurationDescriptor;.<clinit>()V> (0x0000000748274620) 
thrown [s\src\hotspot\share\prims\jni.cpp, line 1112]
Event: 27.616 Thread 0x000002204319e6a0 Exception <a 'java/lang/NoSuchMethodError'{0x000000074827d918}: static Lorg/gradle/internal/operations/OperationIdentifier;.<clinit>()V> (0x000000074827d918) 
thrown [s\src\hotspot\share\prims\jni.cpp, line 1112]
Event: 28.044 Thread 0x000002204319e6a0 Exception <a 'java/lang/NoSuchMethodError'{0x00000007482fdd68}: static Lorg/gradle/internal/build/event/types/DefaultOperationFinishedProgressEvent;.<clinit>()V> (0x00000007482fdd68) 
thrown [s\src\hotspot\share\prims\jni.cpp, line 1112]
Event: 28.047 Thread 0x000002204319e6a0 Exception <a 'java/lang/NoSuchMethodError'{0x0000000748314a10}: static Lorg/gradle/internal/build/event/types/AbstractResult;.<clinit>()V> (0x0000000748314a10) 
thrown [s\src\hotspot\share\prims\jni.cpp, line 1112]
Event: 28.048 Thread 0x000002204319e6a0 Exception <a 'java/lang/NoSuchMethodError'{0x000000074831dae8}: static Lorg/gradle/internal/build/event/types/AbstractOperationResult;.<clinit>()V> (0x000000074831dae8) 
thrown [s\src\hotspot\share\prims\jni.cpp, line 1112]
Event: 28.048 Thread 0x000002204319e6a0 Exception <a 'java/lang/NoSuchMethodError'{0x0000000748327ba0}: static Lorg/gradle/internal/build/event/types/AbstractProjectConfigurationResult;.<clinit>()V> (0x0000000748327ba0) 
thrown [s\src\hotspot\share\prims\jni.cpp, line 1112]
Event: 28.049 Thread 0x000002204319e6a0 Exception <a 'java/lang/NoSuchMethodError'{0x0000000748332718}: static Lorg/gradle/internal/build/event/types/DefaultProjectConfigurationSuccessResult;.<clinit>()V> (0x0000000748332718) 
thrown [s\src\hotspot\share\prims\jni.cpp, line 1112]
Event: 28.052 Thread 0x000002204319e6a0 Exception <a 'java/lang/NoSuchMethodError'{0x000000074834ffc0}: static Lorg/gradle/internal/build/event/types/DefaultPluginApplicationResult;.<clinit>()V> (0x000000074834ffc0) 
thrown [s\src\hotspot\share\prims\jni.cpp, line 1112]
Event: 28.054 Thread 0x000002204319e6a0 Exception <a 'java/lang/NoSuchMethodError'{0x0000000748360ef8}: static Lorg/gradle/internal/build/event/types/DefaultBinaryPluginIdentifier;.<clinit>()V> (0x0000000748360ef8) 
thrown [s\src\hotspot\share\prims\jni.cpp, line 1112]
Event: 28.056 Thread 0x000002204319e6a0 Exception <a 'java/lang/NoSuchMethodError'{0x00000007483744e0}: static Lorg/gradle/internal/build/event/types/DefaultScriptPluginIdentifier;.<clinit>()V> (0x00000007483744e0) 
thrown [s\src\hotspot\share\prims\jni.cpp, line 1112]
Event: 126.788 Thread 0x000002204319e6a0 Exception <a 'java/lang/NoSuchMethodError'{0x00000007473eb648}: static Lorg/gradle/tooling/internal/provider/serialization/ClassLoaderDetails;.<clinit>()V> (0x00000007473eb648) 
thrown [s\src\hotspot\share\prims\jni.cpp, line 1112]
Event: 126.789 Thread 0x000002204319e6a0 Exception <a 'java/lang/NoSuchMethodError'{0x00000007473f56d8}: static Lorg/gradle/internal/classloader/ClassLoaderSpec;.<clinit>()V> (0x00000007473f56d8) 
thrown [s\src\hotspot\share\prims\jni.cpp, line 1112]
Event: 126.790 Thread 0x000002204319e6a0 Exception <a 'java/lang/NoSuchMethodError'{0x0000000747003200}: static Lorg/gradle/tooling/internal/provider/serialization/WellKnownClassLoaderRegistry$KnownClassLoaderSpec;.<clinit>()V> (0x0000000747003200) 
thrown [s\src\hotspot\share\prims\jni.cpp, line 1112]
Event: 126.792 Thread 0x000002204319e6a0 Exception <a 'java/lang/NoSuchMethodError'{0x000000074701bff8}: static Lorg/gradle/internal/classloader/ClassLoaderSpec;.<clinit>()V> (0x000000074701bff8) 
thrown [s\src\hotspot\share\prims\jni.cpp, line 1112]
Event: 126.794 Thread 0x000002204319e6a0 Exception <a 'java/lang/NoSuchMethodError'{0x000000074702c160}: static Lorg/gradle/internal/classloader/VisitableURLClassLoader$Spec;.<clinit>()V> (0x000000074702c160) 
thrown [s\src\hotspot\share\prims\jni.cpp, line 1112]
Event: 126.806 Thread 0x000002204319e6a0 Exception <a 'java/lang/NoSuchMethodError'{0x00000007470e1cc8}: static Lorg/gradle/internal/classloader/FilteringClassLoader$Spec;.<clinit>()V> (0x00000007470e1cc8) 
thrown [s\src\hotspot\share\prims\jni.cpp, line 1112]
Event: 126.808 Thread 0x000002204319e6a0 Exception <a 'java/lang/NoSuchMethodError'{0x00000007470ffe28}: static Lorg/gradle/internal/classloader/CachingClassLoader$Spec;.<clinit>()V> (0x00000007470ffe28) 
thrown [s\src\hotspot\share\prims\jni.cpp, line 1112]

VM Operations (20 events):
Event: 127.185 Executing VM operation: G1PauseCleanup done
Event: 127.209 Executing VM operation: G1CollectForAllocation
Event: 127.213 Executing VM operation: G1CollectForAllocation done
Event: 127.288 Executing VM operation: G1CollectForAllocation
Event: 127.295 Executing VM operation: G1CollectForAllocation done
Event: 127.314 Executing VM operation: G1PauseRemark
Event: 127.316 Executing VM operation: G1PauseRemark done
Event: 127.325 Executing VM operation: G1PauseCleanup
Event: 127.325 Executing VM operation: G1PauseCleanup done
Event: 127.416 Executing VM operation: G1CollectForAllocation
Event: 127.425 Executing VM operation: G1CollectForAllocation done
Event: 127.516 Executing VM operation: G1CollectForAllocation
Event: 127.528 Executing VM operation: G1CollectForAllocation done
Event: 127.562 Executing VM operation: G1PauseRemark
Event: 127.564 Executing VM operation: G1PauseRemark done
Event: 127.576 Executing VM operation: G1CollectForAllocation
Event: 127.585 Executing VM operation: G1CollectForAllocation done
Event: 127.590 Executing VM operation: G1PauseCleanup
Event: 127.590 Executing VM operation: G1PauseCleanup done
Event: 127.650 Executing VM operation: G1CollectForAllocation

Events (20 events):
Event: 63.825 loading class jdk/internal/misc/ScopedMemoryAccess$Scope$Handle done
Event: 80.874 Thread 0x000002204319f5d0 Thread exited: 0x000002204319f5d0
Event: 80.874 Thread 0x000002204319be20 Thread exited: 0x000002204319be20
Event: 80.890 Thread 0x000002204319ebb0 Thread exited: 0x000002204319ebb0
Event: 80.968 Thread 0x000002204319f0c0 Thread exited: 0x000002204319f0c0
Event: 82.960 Thread 0x000002204319c840 Thread exited: 0x000002204319c840
Event: 126.786 loading class java/util/HashMap$UnsafeHolder
Event: 126.786 loading class java/util/HashMap$UnsafeHolder done
Event: 126.794 loading class java/net/UrlDeserializedState
Event: 126.794 loading class java/net/UrlDeserializedState done
Event: 126.795 loading class java/net/Proxy
Event: 126.795 loading class java/net/Proxy done
Event: 126.802 loading class java/io/ObjectStreamClass$ExceptionInfo
Event: 126.802 loading class java/io/ObjectStreamClass$ExceptionInfo done
Event: 126.843 Thread 0x000002204319cd50 Thread exited: 0x000002204319cd50
Event: 126.846 loading class java/lang/Short$ShortCache
Event: 126.846 loading class java/lang/Short$ShortCache done
Event: 127.220 Thread 0x0000022042b22a50 Thread added: 0x0000022042b22a50
Event: 127.324 loading class java/util/Spliterators$IteratorSpliterator
Event: 127.324 loading class java/util/Spliterators$IteratorSpliterator done


Dynamic libraries:
0x00007ff76f530000 - 0x00007ff76f53e000 	C:\Users\d.ngantchou\.vscode\extensions\redhat.java-1.31.0-win32-x64\jre\17.0.11-win32-x86_64\bin\java.exe
0x00007fffefbd0000 - 0x00007fffefdc8000 	C:\Windows\SYSTEM32\ntdll.dll
0x00007fffef550000 - 0x00007fffef60d000 	C:\Windows\System32\KERNEL32.DLL
0x00007fffed730000 - 0x00007fffeda26000 	C:\Windows\System32\KERNELBASE.dll
0x00007fffe5a60000 - 0x00007fffe5af0000 	C:\Windows\SYSTEM32\apphelp.dll
0x00007fffedb10000 - 0x00007fffedc10000 	C:\Windows\System32\ucrtbase.dll
0x00007fffe05f0000 - 0x00007fffe0607000 	C:\Users\d.ngantchou\.vscode\extensions\redhat.java-1.31.0-win32-x64\jre\17.0.11-win32-x86_64\bin\jli.dll
0x00007fffef710000 - 0x00007fffef8af000 	C:\Windows\System32\USER32.dll
0x00007fffeda30000 - 0x00007fffeda52000 	C:\Windows\System32\win32u.dll
0x00007fffeedf0000 - 0x00007fffeee1b000 	C:\Windows\System32\GDI32.dll
0x00007fffdf4b0000 - 0x00007fffdf4cb000 	C:\Users\d.ngantchou\.vscode\extensions\redhat.java-1.31.0-win32-x64\jre\17.0.11-win32-x86_64\bin\VCRUNTIME140.dll
0x00007fffed290000 - 0x00007fffed3a7000 	C:\Windows\System32\gdi32full.dll
0x00007fffed5d0000 - 0x00007fffed66d000 	C:\Windows\System32\msvcp_win.dll
0x00007fffd0ab0000 - 0x00007fffd0d4a000 	C:\Windows\WinSxS\amd64_microsoft.windows.common-controls_6595b64144ccf1df_6.0.19041.4355_none_60b8b9eb71f62e16\COMCTL32.dll
0x00007fffef610000 - 0x00007fffef6ae000 	C:\Windows\System32\msvcrt.dll
0x00007fffee4f0000 - 0x00007fffee51f000 	C:\Windows\System32\IMM32.DLL
0x00007fffe58e0000 - 0x00007fffe58ec000 	C:\Users\d.ngantchou\.vscode\extensions\redhat.java-1.31.0-win32-x64\jre\17.0.11-win32-x86_64\bin\vcruntime140_1.dll
0x00007fffca0b0000 - 0x00007fffca13d000 	C:\Users\d.ngantchou\.vscode\extensions\redhat.java-1.31.0-win32-x64\jre\17.0.11-win32-x86_64\bin\msvcp140.dll
0x00007fff9faa0000 - 0x00007fffa0702000 	C:\Users\d.ngantchou\.vscode\extensions\redhat.java-1.31.0-win32-x64\jre\17.0.11-win32-x86_64\bin\server\jvm.dll
0x00007fffefa60000 - 0x00007fffefb10000 	C:\Windows\System32\ADVAPI32.dll
0x00007fffedc10000 - 0x00007fffedcb0000 	C:\Windows\System32\sechost.dll
0x00007fffeee90000 - 0x00007fffeefb3000 	C:\Windows\System32\RPCRT4.dll
0x00007fffed5a0000 - 0x00007fffed5c7000 	C:\Windows\System32\bcrypt.dll
0x00007fffc9540000 - 0x00007fffc9549000 	C:\Windows\SYSTEM32\WSOCK32.dll
0x00007fffecbc0000 - 0x00007fffecc0b000 	C:\Windows\SYSTEM32\POWRPROF.dll
0x00007fffdd790000 - 0x00007fffdd7b7000 	C:\Windows\SYSTEM32\WINMM.dll
0x00007fffeecf0000 - 0x00007fffeed5b000 	C:\Windows\System32\WS2_32.dll
0x00007fffe35d0000 - 0x00007fffe35da000 	C:\Windows\SYSTEM32\VERSION.dll
0x00007fffecba0000 - 0x00007fffecbb2000 	C:\Windows\SYSTEM32\UMPDC.dll
0x00007fffeb8a0000 - 0x00007fffeb8b2000 	C:\Windows\SYSTEM32\kernel.appcore.dll
0x00007fffe58a0000 - 0x00007fffe58aa000 	C:\Users\d.ngantchou\.vscode\extensions\redhat.java-1.31.0-win32-x64\jre\17.0.11-win32-x86_64\bin\jimage.dll
0x00007fffeacd0000 - 0x00007fffeaeb4000 	C:\Windows\SYSTEM32\DBGHELP.DLL
0x00007fffc8d00000 - 0x00007fffc8d34000 	C:\Windows\SYSTEM32\dbgcore.DLL
0x00007fffed3b0000 - 0x00007fffed432000 	C:\Windows\System32\bcryptPrimitives.dll
0x00007fffdd190000 - 0x00007fffdd1b5000 	C:\Users\d.ngantchou\.vscode\extensions\redhat.java-1.31.0-win32-x64\jre\17.0.11-win32-x86_64\bin\java.dll
0x00007fffdb750000 - 0x00007fffdb768000 	C:\Users\d.ngantchou\.vscode\extensions\redhat.java-1.31.0-win32-x64\jre\17.0.11-win32-x86_64\bin\zip.dll
0x00007fffedcb0000 - 0x00007fffee41c000 	C:\Windows\System32\SHELL32.dll
0x00007fffeafc0000 - 0x00007fffeb75d000 	C:\Windows\SYSTEM32\windows.storage.dll
0x00007fffee990000 - 0x00007fffeece3000 	C:\Windows\System32\combase.dll
0x00007fffecb60000 - 0x00007fffecb8e000 	C:\Windows\SYSTEM32\Wldp.dll
0x00007fffee420000 - 0x00007fffee4ed000 	C:\Windows\System32\OLEAUT32.dll
0x00007fffee520000 - 0x00007fffee5cd000 	C:\Windows\System32\SHCORE.dll
0x00007fffeee20000 - 0x00007fffeee75000 	C:\Windows\System32\shlwapi.dll
0x00007fffed1c0000 - 0x00007fffed1e4000 	C:\Windows\SYSTEM32\profapi.dll
0x00007fffdb590000 - 0x00007fffdb5a9000 	C:\Users\d.ngantchou\.vscode\extensions\redhat.java-1.31.0-win32-x64\jre\17.0.11-win32-x86_64\bin\net.dll
0x00007fffec200000 - 0x00007fffec30a000 	C:\Windows\SYSTEM32\WINHTTP.dll
0x00007fffec940000 - 0x00007fffec9aa000 	C:\Windows\system32\mswsock.dll
0x00007fffdb520000 - 0x00007fffdb536000 	C:\Users\d.ngantchou\.vscode\extensions\redhat.java-1.31.0-win32-x64\jre\17.0.11-win32-x86_64\bin\nio.dll
0x00007fffe1ef0000 - 0x00007fffe1f00000 	C:\Users\d.ngantchou\.vscode\extensions\redhat.java-1.31.0-win32-x64\jre\17.0.11-win32-x86_64\bin\verify.dll
0x00007fffca1e0000 - 0x00007fffca207000 	C:\Users\d.ngantchou\.gradle\native\c067742578af261105cb4f569cf0c3c89f3d7b1fecec35dd04571415982c5e48\windows-amd64\native-platform.dll
0x00007fffe65b0000 - 0x00007fffe65b9000 	C:\Users\d.ngantchou\.vscode\extensions\redhat.java-1.31.0-win32-x64\jre\17.0.11-win32-x86_64\bin\management.dll
0x00007fffe65a0000 - 0x00007fffe65ab000 	C:\Users\d.ngantchou\.vscode\extensions\redhat.java-1.31.0-win32-x64\jre\17.0.11-win32-x86_64\bin\management_ext.dll
0x00007fffeee80000 - 0x00007fffeee88000 	C:\Windows\System32\PSAPI.DLL
0x00007fffecc10000 - 0x00007fffecc28000 	C:\Windows\SYSTEM32\CRYPTSP.dll
0x00007fffec110000 - 0x00007fffec144000 	C:\Windows\system32\rsaenh.dll
0x00007fffed130000 - 0x00007fffed15e000 	C:\Windows\SYSTEM32\USERENV.dll
0x00007fffecad0000 - 0x00007fffecadc000 	C:\Windows\SYSTEM32\CRYPTBASE.dll
0x00007fffec640000 - 0x00007fffec67b000 	C:\Windows\SYSTEM32\IPHLPAPI.DLL
0x00007fffee780000 - 0x00007fffee788000 	C:\Windows\System32\NSI.dll
0x00007fffe6bb0000 - 0x00007fffe6bc7000 	C:\Windows\SYSTEM32\dhcpcsvc6.DLL
0x00007fffe6b80000 - 0x00007fffe6b9d000 	C:\Windows\SYSTEM32\dhcpcsvc.DLL
0x00007fffec680000 - 0x00007fffec74a000 	C:\Windows\SYSTEM32\DNSAPI.dll
0x00007fffe6570000 - 0x00007fffe6579000 	C:\Users\d.ngantchou\.vscode\extensions\redhat.java-1.31.0-win32-x64\jre\17.0.11-win32-x86_64\bin\extnet.dll
0x00007fffe6550000 - 0x00007fffe655e000 	C:\Users\d.ngantchou\.vscode\extensions\redhat.java-1.31.0-win32-x64\jre\17.0.11-win32-x86_64\bin\sunmscapi.dll
0x00007fffed440000 - 0x00007fffed59e000 	C:\Windows\System32\CRYPT32.dll
0x00007fffecd20000 - 0x00007fffecd49000 	C:\Windows\SYSTEM32\ncrypt.dll
0x00007fffecce0000 - 0x00007fffecd1b000 	C:\Windows\SYSTEM32\NTASN1.dll
0x00007fffb0160000 - 0x00007fffb0167000 	C:\Windows\system32\wshunix.dll

dbghelp: loaded successfully - version: 4.0.5 - missing functions: none
symbol engine: initialized successfully - sym options: 0x614 - pdb path: .;C:\Users\d.ngantchou\.vscode\extensions\redhat.java-1.31.0-win32-x64\jre\17.0.11-win32-x86_64\bin;C:\Windows\SYSTEM32;C:\Windows\WinSxS\amd64_microsoft.windows.common-controls_6595b64144ccf1df_6.0.19041.4355_none_60b8b9eb71f62e16;C:\Users\d.ngantchou\.vscode\extensions\redhat.java-1.31.0-win32-x64\jre\17.0.11-win32-x86_64\bin\server;C:\Users\d.ngantchou\.gradle\native\c067742578af261105cb4f569cf0c3c89f3d7b1fecec35dd04571415982c5e48\windows-amd64

VM Arguments:
jvm_args: --add-opens=java.base/java.lang=ALL-UNNAMED --add-opens=java.base/java.io=ALL-UNNAMED --add-opens=java.base/java.util=ALL-UNNAMED -Dplugin.dir=C:\Users\d.ngantchou\.vscode\extensions\redhat.java-1.31.0-win32-x64\server\..\..\vscjava.vscode-gradle-3.14.1\server\plugins 
java_command: com.microsoft.java.bs.core.Launcher
java_class_path (initial): C:\Users\d.ngantchou\.vscode\extensions\redhat.java-1.31.0-win32-x64\server\..\..\vscjava.vscode-gradle-3.14.1\server\server.jar;C:\Users\d.ngantchou\.vscode\extensions\redhat.java-1.31.0-win32-x64\server\..\..\vscjava.vscode-gradle-3.14.1\server\runtime\bsp4j-2.1.0-M4.jar;C:\Users\d.ngantchou\.vscode\extensions\redhat.java-1.31.0-win32-x64\server\..\..\vscjava.vscode-gradle-3.14.1\server\runtime\checker-qual-3.5.0.jar;C:\Users\d.ngantchou\.vscode\extensions\redhat.java-1.31.0-win32-x64\server\..\..\vscjava.vscode-gradle-3.14.1\server\runtime\commons-lang3-3.13.0.jar;C:\Users\d.ngantchou\.vscode\extensions\redhat.java-1.31.0-win32-x64\server\..\..\vscjava.vscode-gradle-3.14.1\server\runtime\error_prone_annotations-2.3.4.jar;C:\Users\d.ngantchou\.vscode\extensions\redhat.java-1.31.0-win32-x64\server\..\..\vscjava.vscode-gradle-3.14.1\server\runtime\failureaccess-1.0.1.jar;C:\Users\d.ngantchou\.vscode\extensions\redhat.java-1.31.0-win32-x64\server\..\..\vscjava.vscode-gradle-3.14.1\server\runtime\gradle-tooling-api-8.7.jar;C:\Users\d.ngantchou\.vscode\extensions\redhat.java-1.31.0-win32-x64\server\..\..\vscjava.vscode-gradle-3.14.1\server\runtime\gson-2.9.1.jar;C:\Users\d.ngantchou\.vscode\extensions\redhat.java-1.31.0-win32-x64\server\..\..\vscjava.vscode-gradle-3.14.1\server\runtime\guava-30.1-jre.jar;C:\Users\d.ngantchou\.vscode\extensions\redhat.java-1.31.0-win32-x64\server\..\..\vscjava.vscode-gradle-3.14.1\server\runtime\j2objc-annotations-1.3.jar;C:\Users\d.ngantchou\.vscode\extensions\redhat.java-1.31.0-win32-x64\server\..\..\vscjava.vscode-gradle-3.14.1\server\runtime\jsr305-3.0.2.jar;C:\Users\d.ngantchou\.vscode\extensions\redhat.java-1.31.0-win32-x64\server\..\..\vscjava.vscode-gradle-3.14.1\server\runtime\listenablefuture-9999.0-empty-to-avoid-conflict-with-guava.jar;C:\Users\d.ngantchou\.vscode\extensions\redhat.java-1.31.0-win32-x64\server\..\..\vscjava.vscode-gradle-3.14.1\server\runtime\model.jar;C:\Users\d.ngantchou\.vscod
Launcher Type: SUN_STANDARD

[Global flags]
     intx CICompilerCount                          = 4                                         {product} {ergonomic}
     uint ConcGCThreads                            = 2                                         {product} {ergonomic}
     uint G1ConcRefinementThreads                  = 8                                         {product} {ergonomic}
   size_t G1HeapRegionSize                         = 2097152                                   {product} {ergonomic}
    uintx GCDrainStackTargetSize                   = 64                                        {product} {ergonomic}
   size_t InitialHeapSize                          = 197132288                                 {product} {ergonomic}
   size_t MarkStackSize                            = 4194304                                   {product} {ergonomic}
   size_t MaxHeapSize                              = 3139436544                                {product} {ergonomic}
   size_t MaxNewSize                               = 1883242496                                {product} {ergonomic}
   size_t MinHeapDeltaBytes                        = 2097152                                   {product} {ergonomic}
   size_t MinHeapSize                              = 8388608                                   {product} {ergonomic}
    uintx NonNMethodCodeHeapSize                   = 5839372                                {pd product} {ergonomic}
    uintx NonProfiledCodeHeapSize                  = 122909434                              {pd product} {ergonomic}
    uintx ProfiledCodeHeapSize                     = 122909434                              {pd product} {ergonomic}
    uintx ReservedCodeCacheSize                    = 251658240                              {pd product} {ergonomic}
     bool SegmentedCodeCache                       = true                                      {product} {ergonomic}
   size_t SoftMaxHeapSize                          = 3139436544                             {manageable} {ergonomic}
     bool UseCompressedClassPointers               = true                           {product lp64_product} {ergonomic}
     bool UseCompressedOops                        = true                           {product lp64_product} {ergonomic}
     bool UseG1GC                                  = true                                      {product} {ergonomic}
     bool UseLargePagesIndividualAllocation        = false                                  {pd product} {ergonomic}

Logging:
Log output configuration:
 #0: stdout all=warning uptime,level,tags
 #1: stderr all=off uptime,level,tags

Environment Variables:
JAVA_HOME=C:\Program Files\Java\jdk-17
PATH=C:\Program Files\Common Files\Oracle\Java\javapath;C:\Windows\system32;C:\Windows;C:\Windows\System32\Wbem;C:\Windows\System32\WindowsPowerShell\v1.0\;C:\Windows\System32\OpenSSH\;C:\Program Files\Git\cmd;C:\Program Files\nodejs\;C:\Program Files\Docker\Docker\resources\bin;C:\xampp\php;C:\composer;C:\Program Files\Java\jdk-17\bin;C:\xampp\mysql\bin;C:\Gradle\gradle-8.6\bin;C:\Program Files\Microsoft SQL Server\150\Tools\Binn\;C:\Program Files\Microsoft SQL Server\Client SDK\ODBC\170\Tools\Binn\;C:\Program Files\dotnet\;C:\Users\d.ngantchou\AppData\Local\Microsoft\WindowsApps;;C:\Users\d.ngantchou\AppData\Local\Programs\Microsoft VS Code\bin;C:\Users\d.ngantchou\AppData\Roaming\npm;C:\Users\d.ngantchou\AppData\Roaming\Composer\vendor\bin;C:\Users\d.ngantchou\.dotnet\tools
USERNAME=d.ngantchou
OS=Windows_NT
PROCESSOR_IDENTIFIER=Intel64 Family 6 Model 140 Stepping 1, GenuineIntel
TMP=C:\Users\D98E0~1.NGA\AppData\Local\Temp
TEMP=C:\Users\D98E0~1.NGA\AppData\Local\Temp



Periodic native trim disabled


---------------  S Y S T E M  ---------------

OS:
 Windows 10 , 64 bit Build 19041 (10.0.19041.3636)
OS uptime: 3 days 4:03 hours
Hyper-V role detected

CPU: total 8 (initial active 8) (4 cores per cpu, 2 threads per core) family 6 model 140 stepping 1 microcode 0xb6, cx8, cmov, fxsr, ht, mmx, 3dnowpref, sse, sse2, sse3, ssse3, sse4.1, sse4.2, popcnt, lzcnt, tsc, tscinvbit, avx, avx2, aes, erms, clmul, bmi1, bmi2, adx, avx512f, avx512dq, avx512cd, avx512bw, avx512vl, sha, fma, vzeroupper, avx512_vpopcntdq, avx512_vpclmulqdq, avx512_vaes, avx512_vnni, clflush, clflushopt, clwb, avx512_vbmi2, avx512_vbmi, hv
Processor Information for all 8 processors :
  Max Mhz: 2419, Current Mhz: 2419, Mhz Limit: 2419

Memory: 4k page, system-wide physical 11968M (359M free)
TotalPageFile size 25904M (AvailPageFile size 21M)
current process WorkingSet (physical memory assigned to process): 232M, peak: 232M
current process commit charge ("private bytes"): 341M, peak: 396M

vm_info: OpenJDK 64-Bit Server VM (17.0.11+9) for windows-amd64 JRE (17.0.11+9), built on Apr 17 2024 06:07:48 by "admin" with MS VC++ 16.10 / 16.11 (VS2019)

END.
