#
# There is insufficient memory for the Java Runtime Environment to continue.
# Native memory allocation (malloc) failed to allocate 2228656 bytes for Chunk::new
# Possible reasons:
#   The system is out of physical RAM or swap space
#   The process is running with CompressedOops enabled, and the Java Heap may be blocking the growth of the native heap
# Possible solutions:
#   Reduce memory load on the system
#   Increase physical memory or swap space
#   Check if swap backing store is full
#   Decrease Java heap size (-Xmx/-Xms)
#   Decrease number of Java threads
#   Decrease Java thread stack sizes (-Xss)
#   Set larger code cache with -XX:ReservedCodeCacheSize=
#   JVM is running with Zero Based Compressed Oops mode in which the Java heap is
#     placed in the first 32GB address space. The Java Heap base address is the
#     maximum limit for the native heap growth. Please use -XX:HeapBaseMinAddress
#     to set the Java Heap base and to place the Java Heap above 32GB virtual address.
# This output file may be truncated or incomplete.
#
#  Out of Memory Error (arena.cpp:189), pid=15196, tid=2992
#
# JRE version: Java(TM) SE Runtime Environment (17.0.10+11) (build 17.0.10+11-LTS-240)
# Java VM: Java HotSpot(TM) 64-Bit Server VM (17.0.10+11-LTS-240, mixed mode, sharing, tiered, compressed oops, compressed class ptrs, g1 gc, windows-amd64)
# No core dump will be written. Minidumps are not enabled by default on client versions of Windows
#

---------------  S U M M A R Y ------------

Command Line: --add-opens=java.base/java.util=ALL-UNNAMED --add-opens=java.base/java.lang=ALL-UNNAMED --add-opens=java.base/java.lang.invoke=ALL-UNNAMED --add-opens=java.prefs/java.util.prefs=ALL-UNNAMED --add-opens=java.base/java.nio.charset=ALL-UNNAMED --add-opens=java.base/java.net=ALL-UNNAMED --add-opens=java.base/java.util.concurrent.atomic=ALL-UNNAMED -Dfile.encoding=windows-1252 -Duser.country=FR -Duser.language=fr -Duser.variant -javaagent:C:\Users\d.ngantchou\.gradle\wrapper\dists\gradle-8.6-bin\afr5mpiioh2wthjmwnkmdsd5w\gradle-8.6\lib\agents\gradle-instrumentation-agent-8.6.jar org.gradle.launcher.daemon.bootstrap.GradleDaemon 8.6

Host: 11th Gen Intel(R) Core(TM) i5-1135G7 @ 2.40GHz, 8 cores, 11G,  Windows 10 , 64 bit Build 19041 (10.0.19041.3636)
Time: Mon Jun 24 22:16:01 2024 Afr. centrale Ouest elapsed time: 41.644687 seconds (0d 0h 0m 41s)

---------------  T H R E A D  ---------------

Current thread (0x0000011877019480):  JavaThread "C2 CompilerThread0" daemon [_thread_in_native, id=2992, stack(0x000000113ef00000,0x000000113f000000)]


Current CompileTask:
C2:  41644 14424       4       org.objectweb.asm.ClassReader::readCode (5117 bytes)

Stack: [0x000000113ef00000,0x000000113f000000]
Native frames: (J=compiled Java code, j=interpreted, Vv=VM code, C=native code)
V  [jvm.dll+0x677a5a]
V  [jvm.dll+0x7d8b2d]
V  [jvm.dll+0x7da48e]
V  [jvm.dll+0x7daaf3]
V  [jvm.dll+0x2455ff]
V  [jvm.dll+0xaaafb]
V  [jvm.dll+0xab09c]
V  [jvm.dll+0x361b5f]
V  [jvm.dll+0x32c211]
V  [jvm.dll+0x32b6aa]
V  [jvm.dll+0x21794f]
V  [jvm.dll+0x216d81]
V  [jvm.dll+0x1a3410]
V  [jvm.dll+0x226aeb]
V  [jvm.dll+0x224cab]
V  [jvm.dll+0x78e45c]
V  [jvm.dll+0x78888a]
V  [jvm.dll+0x676935]
C  [ucrtbase.dll+0x21bb2]
C  [KERNEL32.DLL+0x17344]
C  [ntdll.dll+0x4cc91]


---------------  P R O C E S S  ---------------

Threads class SMR info:
_java_thread_list=0x000001184114a170, length=140, elements={
0x0000011856a75f90, 0x0000011876ff9780, 0x0000011876ffa250, 0x000001187700d940,
0x000001187700e210, 0x00000118770132d0, 0x0000011877013ba0, 0x0000011877019480,
0x00000118770123b0, 0x000001187701e070, 0x000001187721cf30, 0x000001187736a3d0,
0x000001187d80e190, 0x000001187cba1f70, 0x000001187cda7230, 0x000001187e309010,
0x000001187e3094f0, 0x000001187d8a12c0, 0x000001187d89ea40, 0x000001187d8a08a0,
0x000001187d8a21f0, 0x000001187d8a0db0, 0x000001187d89ef50, 0x000001187d8a17d0,
0x000001187d89f460, 0x000001187d89f970, 0x000001187d8a0390, 0x00000118417b0170,
0x00000118417b10a0, 0x00000118417af750, 0x00000118417b3410, 0x00000118417b29f0,
0x00000118417b1ac0, 0x00000118417ade00, 0x00000118417b3920, 0x00000118417b5780,
0x00000118417b0680, 0x00000118417b3e30, 0x00000118417b4340, 0x00000118417afc60,
0x00000118417b0b90, 0x00000118417b4d60, 0x00000118417ae310, 0x00000118417ae820,
0x00000118778eb220, 0x00000118778f0320, 0x00000118778ef3f0, 0x00000118778f1250,
0x00000118778ec150, 0x00000118778ecb70, 0x00000118778ed590, 0x00000118778ee9d0,
0x00000118778eb730, 0x00000118778edaa0, 0x00000118778ebc40, 0x00000118778ef900,
0x00000118778eeee0, 0x00000118778ee4c0, 0x00000118778f2180, 0x00000118778efe10,
0x00000118778ec660, 0x00000118778f0830, 0x00000118778ed080, 0x00000118778edfb0,
0x00000118778f0d40, 0x00000118778f1760, 0x00000118778ead10, 0x00000118778f2690,
0x0000011877577e90, 0x00000118775732a0, 0x0000011877576030, 0x0000011877576540,
0x0000011877577980, 0x00000118775792d0, 0x00000118775783a0, 0x0000011877576a50,
0x0000011877575610, 0x0000011877576f60, 0x00000118775788b0, 0x0000011877575b20,
0x0000011877575100, 0x0000011877578dc0, 0x00000118775797e0, 0x0000011877577470,
0x000001187757a710, 0x0000011877579cf0, 0x00000118775737b0, 0x000001187757a200,
0x0000011877573cc0, 0x000001187757ac20, 0x00000118775741d0, 0x00000118775746e0,
0x0000011877574bf0, 0x000001187e760550, 0x000001187e761480, 0x000001187e761990,
0x000001187e761ea0, 0x000001187e75cda0, 0x000001187e75c380, 0x000001187e75f620,
0x000001187e762dd0, 0x000001187e75e6f0, 0x000001187e760040, 0x000001187e75fb30,
0x000001187e75d2b0, 0x000001187e75e1e0, 0x000001187e7623b0, 0x000001187e760f70,
0x000001187e7628c0, 0x000001187e7632e0, 0x000001187e763d00, 0x000001187e75c890,
0x000001187e75d7c0, 0x000001187e75dcd0, 0x000001187e75ec00, 0x000001187e75f110,
0x000001187e780f30, 0x000001187e781e60, 0x000001187e782370, 0x000001187e782d90,
0x000001187e782880, 0x000001187e77c340, 0x000001187e77f5e0, 0x000001187e7832a0,
0x000001187e77faf0, 0x000001187e77ebc0, 0x000001187e77e6b0, 0x000001187e77f0d0,
0x000001187e77d270, 0x000001187e780000, 0x000001187e7837b0, 0x000001187e780510,
0x000001187e783cc0, 0x000001187e77d780, 0x000001187e77dc90, 0x000001187e781440,
0x000001187e781950, 0x00000118413ae300, 0x000001187e17dc80, 0x000001187cc02e30
}

Java Threads: ( => current thread )
  0x0000011856a75f90 JavaThread "main" [_thread_blocked, id=932, stack(0x000000113e200000,0x000000113e300000)]
  0x0000011876ff9780 JavaThread "Reference Handler" daemon [_thread_blocked, id=17884, stack(0x000000113e900000,0x000000113ea00000)]
  0x0000011876ffa250 JavaThread "Finalizer" daemon [_thread_blocked, id=24944, stack(0x000000113ea00000,0x000000113eb00000)]
  0x000001187700d940 JavaThread "Signal Dispatcher" daemon [_thread_blocked, id=16196, stack(0x000000113eb00000,0x000000113ec00000)]
  0x000001187700e210 JavaThread "Attach Listener" daemon [_thread_blocked, id=14368, stack(0x000000113ec00000,0x000000113ed00000)]
  0x00000118770132d0 JavaThread "Service Thread" daemon [_thread_blocked, id=17376, stack(0x000000113ed00000,0x000000113ee00000)]
  0x0000011877013ba0 JavaThread "Monitor Deflation Thread" daemon [_thread_blocked, id=16984, stack(0x000000113ee00000,0x000000113ef00000)]
=>0x0000011877019480 JavaThread "C2 CompilerThread0" daemon [_thread_in_native, id=2992, stack(0x000000113ef00000,0x000000113f000000)]
  0x00000118770123b0 JavaThread "C1 CompilerThread0" daemon [_thread_blocked, id=1256, stack(0x000000113f000000,0x000000113f100000)]
  0x000001187701e070 JavaThread "Sweeper thread" daemon [_thread_blocked, id=27508, stack(0x000000113f100000,0x000000113f200000)]
  0x000001187721cf30 JavaThread "Common-Cleaner" daemon [_thread_blocked, id=21036, stack(0x000000113f200000,0x000000113f300000)]
  0x000001187736a3d0 JavaThread "Notification Thread" daemon [_thread_blocked, id=15264, stack(0x000000113f300000,0x000000113f400000)]
  0x000001187d80e190 JavaThread "Daemon health stats" [_thread_blocked, id=20228, stack(0x000000113fb00000,0x000000113fc00000)]
  0x000001187cba1f70 JavaThread "Incoming local TCP Connector on port 52350" [_thread_in_native, id=3768, stack(0x000000113f500000,0x000000113f600000)]
  0x000001187cda7230 JavaThread "Daemon periodic checks" [_thread_blocked, id=11336, stack(0x000000113f600000,0x000000113f700000)]
  0x000001187e309010 JavaThread "Daemon" [_thread_blocked, id=20660, stack(0x000000113fc00000,0x000000113fd00000)]
  0x000001187e3094f0 JavaThread "Handler for socket connection from /127.0.0.1:52350 to /127.0.0.1:52351" [_thread_in_native, id=6012, stack(0x000000113fd00000,0x000000113fe00000)]
  0x000001187d8a12c0 JavaThread "Cancel handler" [_thread_blocked, id=26384, stack(0x000000113fe00000,0x000000113ff00000)]
  0x000001187d89ea40 JavaThread "Daemon worker" [_thread_in_native, id=4740, stack(0x000000113ff00000,0x0000001140000000)]
  0x000001187d8a08a0 JavaThread "Asynchronous log dispatcher for DefaultDaemonConnection: socket connection from /127.0.0.1:52350 to /127.0.0.1:52351" [_thread_blocked, id=14288, stack(0x0000001140000000,0x0000001140100000)]
  0x000001187d8a21f0 JavaThread "Stdin handler" [_thread_blocked, id=3732, stack(0x0000001140100000,0x0000001140200000)]
  0x000001187d8a0db0 JavaThread "Daemon client event forwarder" [_thread_blocked, id=21760, stack(0x0000001140200000,0x0000001140300000)]
  0x000001187d89ef50 JavaThread "Cache worker for journal cache (C:\Users\d.ngantchou\.gradle\caches\journal-1)" [_thread_blocked, id=5588, stack(0x0000001140300000,0x0000001140400000)]
  0x000001187d8a17d0 JavaThread "File lock request listener" [_thread_in_native, id=12320, stack(0x0000001140400000,0x0000001140500000)]
  0x000001187d89f460 JavaThread "Cache worker for file hash cache (C:\Users\d.ngantchou\.gradle\caches\8.6\fileHashes)" [_thread_blocked, id=1960, stack(0x0000001140500000,0x0000001140600000)]
  0x000001187d89f970 JavaThread "File lock release action executor" [_thread_blocked, id=22516, stack(0x0000001140700000,0x0000001140800000)]
  0x000001187d8a0390 JavaThread "File watcher server" daemon [_thread_in_native, id=640, stack(0x0000001140c00000,0x0000001140d00000)]
  0x00000118417b0170 JavaThread "File watcher consumer" daemon [_thread_blocked, id=23668, stack(0x0000001140d00000,0x0000001140e00000)]
  0x00000118417b10a0 JavaThread "Cache worker for checksums cache (C:\xampp\htdocs\lvm\fineract\.gradle\8.6\checksums)" [_thread_blocked, id=13540, stack(0x0000001140f00000,0x0000001141000000)]
  0x00000118417af750 JavaThread "Cache worker for file hash cache (C:\xampp\htdocs\lvm\fineract\.gradle\8.6\fileHashes)" [_thread_blocked, id=22908, stack(0x0000001140600000,0x0000001140700000)]
  0x00000118417b3410 JavaThread "Cache worker for cache directory md-supplier (C:\Users\d.ngantchou\.gradle\caches\8.6\md-supplier)" [_thread_blocked, id=4200, stack(0x0000001140800000,0x0000001140900000)]
  0x00000118417b29f0 JavaThread "Cache worker for cache directory md-rule (C:\Users\d.ngantchou\.gradle\caches\8.6\md-rule)" [_thread_blocked, id=6036, stack(0x0000001141000000,0x0000001141100000)]
  0x00000118417b1ac0 JavaThread "Cache worker for file content cache (C:\Users\d.ngantchou\.gradle\caches\8.6\fileContent)" [_thread_blocked, id=1216, stack(0x0000001141100000,0x0000001141200000)]
  0x00000118417ade00 JavaThread "jar transforms" [_thread_blocked, id=20424, stack(0x0000001141300000,0x0000001141400000)]
  0x00000118417b3920 JavaThread "Unconstrained build operations" [_thread_blocked, id=1064, stack(0x0000001141200000,0x0000001141300000)]
  0x00000118417b5780 JavaThread "jar transforms Thread 2" [_thread_blocked, id=18900, stack(0x0000001141400000,0x0000001141500000)]
  0x00000118417b0680 JavaThread "jar transforms Thread 3" [_thread_blocked, id=16772, stack(0x0000001141600000,0x0000001141700000)]
  0x00000118417b3e30 JavaThread "Unconstrained build operations Thread 2" [_thread_blocked, id=2980, stack(0x0000001141700000,0x0000001141800000)]
  0x00000118417b4340 JavaThread "Unconstrained build operations Thread 3" [_thread_blocked, id=12300, stack(0x0000001141800000,0x0000001141900000)]
  0x00000118417afc60 JavaThread "gradle-enterprise-worker-0" [_thread_blocked, id=3324, stack(0x0000001141900000,0x0000001141a00000)]
  0x00000118417b0b90 JavaThread "gradle-enterprise-background-job-0" daemon [_thread_blocked, id=18676, stack(0x0000001141b00000,0x0000001141c00000)]
  0x00000118417b4d60 JavaThread "jar transforms Thread 4" [_thread_blocked, id=26792, stack(0x0000001141c00000,0x0000001141d00000)]
  0x00000118417ae310 JavaThread "jar transforms Thread 5" [_thread_blocked, id=11916, stack(0x0000001141d00000,0x0000001141e00000)]
  0x00000118417ae820 JavaThread "jar transforms Thread 6" [_thread_blocked, id=2368, stack(0x0000001141e00000,0x0000001141f00000)]
  0x00000118778eb220 JavaThread "Cache worker for Build Output Cleanup Cache (C:\xampp\htdocs\lvm\fineract\buildSrc\.gradle\buildOutputCleanup)" [_thread_blocked, id=23968, stack(0x0000001141f00000,0x0000001142000000)]
  0x00000118778f0320 JavaThread "Memory manager" [_thread_blocked, id=17548, stack(0x0000001142000000,0x0000001142100000)]
  0x00000118778ef3f0 JavaThread "jar transforms Thread 7" [_thread_blocked, id=21144, stack(0x0000001142100000,0x0000001142200000)]
  0x00000118778f1250 JavaThread "Unconstrained build operations Thread 4" [_thread_blocked, id=13232, stack(0x0000001141a00000,0x0000001141b00000)]
  0x00000118778ec150 JavaThread "jar transforms Thread 8" [_thread_blocked, id=20128, stack(0x0000001142200000,0x0000001142300000)]
  0x00000118778ecb70 JavaThread "included builds" [_thread_blocked, id=9820, stack(0x0000001142400000,0x0000001142500000)]
  0x00000118778ed590 JavaThread "Execution worker" [_thread_blocked, id=19688, stack(0x0000001142500000,0x0000001142600000)]
  0x00000118778ee9d0 JavaThread "Execution worker Thread 2" [_thread_blocked, id=16072, stack(0x0000001142600000,0x0000001142700000)]
  0x00000118778eb730 JavaThread "Execution worker Thread 3" [_thread_blocked, id=22468, stack(0x0000001142700000,0x0000001142800000)]
  0x00000118778edaa0 JavaThread "Execution worker Thread 4" [_thread_blocked, id=25948, stack(0x0000001142800000,0x0000001142900000)]
  0x00000118778ebc40 JavaThread "Execution worker Thread 5" [_thread_blocked, id=21736, stack(0x0000001142900000,0x0000001142a00000)]
  0x00000118778ef900 JavaThread "Execution worker Thread 6" [_thread_blocked, id=7348, stack(0x0000001142a00000,0x0000001142b00000)]
  0x00000118778eeee0 JavaThread "Execution worker Thread 7" [_thread_blocked, id=15796, stack(0x0000001142b00000,0x0000001142c00000)]
  0x00000118778ee4c0 JavaThread "Cache worker for execution history cache (C:\xampp\htdocs\lvm\fineract\buildSrc\.gradle\8.6\executionHistory)" [_thread_blocked, id=4788, stack(0x0000001142c00000,0x0000001142d00000)]
  0x00000118778f2180 JavaThread "Unconstrained build operations Thread 5" [_thread_blocked, id=5340, stack(0x0000001142d00000,0x0000001142e00000)]
  0x00000118778efe10 JavaThread "Unconstrained build operations Thread 6" [_thread_blocked, id=21948, stack(0x0000001142e00000,0x0000001142f00000)]
  0x00000118778ec660 JavaThread "Unconstrained build operations Thread 7" [_thread_blocked, id=2184, stack(0x0000001142f00000,0x0000001143000000)]
  0x00000118778f0830 JavaThread "Unconstrained build operations Thread 8" [_thread_blocked, id=13460, stack(0x0000001143000000,0x0000001143100000)]
  0x00000118778ed080 JavaThread "Unconstrained build operations Thread 9" [_thread_blocked, id=5596, stack(0x0000001143100000,0x0000001143200000)]
  0x00000118778edfb0 JavaThread "Unconstrained build operations Thread 10" [_thread_blocked, id=23772, stack(0x0000001143200000,0x0000001143300000)]
  0x00000118778f0d40 JavaThread "Unconstrained build operations Thread 11" [_thread_blocked, id=12144, stack(0x0000001143300000,0x0000001143400000)]
  0x00000118778f1760 JavaThread "Unconstrained build operations Thread 12" [_thread_blocked, id=18504, stack(0x0000001143400000,0x0000001143500000)]
  0x00000118778ead10 JavaThread "Unconstrained build operations Thread 13" [_thread_blocked, id=26936, stack(0x0000001143500000,0x0000001143600000)]
  0x00000118778f2690 JavaThread "Unconstrained build operations Thread 14" [_thread_blocked, id=22580, stack(0x0000001143600000,0x0000001143700000)]
  0x0000011877577e90 JavaThread "Unconstrained build operations Thread 15" [_thread_blocked, id=25288, stack(0x0000001143700000,0x0000001143800000)]
  0x00000118775732a0 JavaThread "Unconstrained build operations Thread 16" [_thread_blocked, id=23932, stack(0x0000001143800000,0x0000001143900000)]
  0x0000011877576030 JavaThread "Unconstrained build operations Thread 17" [_thread_blocked, id=8368, stack(0x0000001143900000,0x0000001143a00000)]
  0x0000011877576540 JavaThread "Unconstrained build operations Thread 18" [_thread_blocked, id=8664, stack(0x0000001143a00000,0x0000001143b00000)]
  0x0000011877577980 JavaThread "Unconstrained build operations Thread 19" [_thread_blocked, id=13220, stack(0x0000001143b00000,0x0000001143c00000)]
  0x00000118775792d0 JavaThread "Unconstrained build operations Thread 20" [_thread_blocked, id=25448, stack(0x0000001143c00000,0x0000001143d00000)]
  0x00000118775783a0 JavaThread "Unconstrained build operations Thread 21" [_thread_blocked, id=24044, stack(0x0000001143d00000,0x0000001143e00000)]
  0x0000011877576a50 JavaThread "Unconstrained build operations Thread 22" [_thread_blocked, id=18820, stack(0x0000001143e00000,0x0000001143f00000)]
  0x0000011877575610 JavaThread "Unconstrained build operations Thread 23" [_thread_blocked, id=20936, stack(0x0000001143f00000,0x0000001144000000)]
  0x0000011877576f60 JavaThread "Unconstrained build operations Thread 24" [_thread_blocked, id=17804, stack(0x0000001144000000,0x0000001144100000)]
  0x00000118775788b0 JavaThread "Unconstrained build operations Thread 25" [_thread_blocked, id=20060, stack(0x0000001144100000,0x0000001144200000)]
  0x0000011877575b20 JavaThread "Unconstrained build operations Thread 26" [_thread_blocked, id=14524, stack(0x0000001144200000,0x0000001144300000)]
  0x0000011877575100 JavaThread "Unconstrained build operations Thread 27" [_thread_blocked, id=21056, stack(0x0000001144300000,0x0000001144400000)]
  0x0000011877578dc0 JavaThread "Unconstrained build operations Thread 28" [_thread_blocked, id=7460, stack(0x0000001144400000,0x0000001144500000)]
  0x00000118775797e0 JavaThread "Unconstrained build operations Thread 29" [_thread_blocked, id=24552, stack(0x0000001144500000,0x0000001144600000)]
  0x0000011877577470 JavaThread "Unconstrained build operations Thread 30" [_thread_blocked, id=3996, stack(0x0000001144600000,0x0000001144700000)]
  0x000001187757a710 JavaThread "Unconstrained build operations Thread 31" [_thread_blocked, id=4288, stack(0x0000001144700000,0x0000001144800000)]
  0x0000011877579cf0 JavaThread "Unconstrained build operations Thread 32" [_thread_blocked, id=24696, stack(0x0000001144800000,0x0000001144900000)]
  0x00000118775737b0 JavaThread "Unconstrained build operations Thread 33" [_thread_blocked, id=21752, stack(0x0000001144900000,0x0000001144a00000)]
  0x000001187757a200 JavaThread "Unconstrained build operations Thread 34" [_thread_blocked, id=16324, stack(0x0000001144a00000,0x0000001144b00000)]
  0x0000011877573cc0 JavaThread "Unconstrained build operations Thread 35" [_thread_blocked, id=10748, stack(0x0000001144b00000,0x0000001144c00000)]
  0x000001187757ac20 JavaThread "Unconstrained build operations Thread 36" [_thread_blocked, id=23084, stack(0x0000001144c00000,0x0000001144d00000)]
  0x00000118775741d0 JavaThread "Unconstrained build operations Thread 37" [_thread_blocked, id=18460, stack(0x0000001144d00000,0x0000001144e00000)]
  0x00000118775746e0 JavaThread "Unconstrained build operations Thread 38" [_thread_blocked, id=14016, stack(0x0000001144e00000,0x0000001144f00000)]
  0x0000011877574bf0 JavaThread "Unconstrained build operations Thread 39" [_thread_blocked, id=18056, stack(0x0000001144f00000,0x0000001145000000)]
  0x000001187e760550 JavaThread "Unconstrained build operations Thread 40" [_thread_blocked, id=21140, stack(0x0000001145000000,0x0000001145100000)]
  0x000001187e761480 JavaThread "Unconstrained build operations Thread 41" [_thread_blocked, id=16916, stack(0x0000001145100000,0x0000001145200000)]
  0x000001187e761990 JavaThread "Unconstrained build operations Thread 42" [_thread_blocked, id=9532, stack(0x0000001145200000,0x0000001145300000)]
  0x000001187e761ea0 JavaThread "Unconstrained build operations Thread 43" [_thread_blocked, id=14516, stack(0x0000001145300000,0x0000001145400000)]
  0x000001187e75cda0 JavaThread "Unconstrained build operations Thread 44" [_thread_blocked, id=14960, stack(0x0000001145400000,0x0000001145500000)]
  0x000001187e75c380 JavaThread "Unconstrained build operations Thread 45" [_thread_blocked, id=14604, stack(0x0000001145500000,0x0000001145600000)]
  0x000001187e75f620 JavaThread "Unconstrained build operations Thread 46" [_thread_blocked, id=8784, stack(0x0000001145600000,0x0000001145700000)]
  0x000001187e762dd0 JavaThread "Unconstrained build operations Thread 47" [_thread_blocked, id=7392, stack(0x0000001145700000,0x0000001145800000)]
  0x000001187e75e6f0 JavaThread "Unconstrained build operations Thread 48" [_thread_blocked, id=3020, stack(0x0000001145800000,0x0000001145900000)]
  0x000001187e760040 JavaThread "Unconstrained build operations Thread 49" [_thread_blocked, id=19652, stack(0x0000001145900000,0x0000001145a00000)]
  0x000001187e75fb30 JavaThread "Unconstrained build operations Thread 50" [_thread_blocked, id=24780, stack(0x0000001145a00000,0x0000001145b00000)]
  0x000001187e75d2b0 JavaThread "Unconstrained build operations Thread 51" [_thread_blocked, id=13396, stack(0x0000001145b00000,0x0000001145c00000)]
  0x000001187e75e1e0 JavaThread "Unconstrained build operations Thread 52" [_thread_blocked, id=2404, stack(0x0000001145c00000,0x0000001145d00000)]
  0x000001187e7623b0 JavaThread "Unconstrained build operations Thread 53" [_thread_blocked, id=18520, stack(0x0000001145d00000,0x0000001145e00000)]
  0x000001187e760f70 JavaThread "Unconstrained build operations Thread 54" [_thread_blocked, id=4888, stack(0x0000001145e00000,0x0000001145f00000)]
  0x000001187e7628c0 JavaThread "Unconstrained build operations Thread 55" [_thread_blocked, id=6404, stack(0x0000001145f00000,0x0000001146000000)]
  0x000001187e7632e0 JavaThread "Unconstrained build operations Thread 56" [_thread_blocked, id=26228, stack(0x0000001146000000,0x0000001146100000)]
  0x000001187e763d00 JavaThread "Unconstrained build operations Thread 57" [_thread_blocked, id=21072, stack(0x0000001146100000,0x0000001146200000)]
  0x000001187e75c890 JavaThread "Unconstrained build operations Thread 58" [_thread_blocked, id=15276, stack(0x0000001146200000,0x0000001146300000)]
  0x000001187e75d7c0 JavaThread "Unconstrained build operations Thread 59" [_thread_blocked, id=1884, stack(0x0000001146300000,0x0000001146400000)]
  0x000001187e75dcd0 JavaThread "Unconstrained build operations Thread 60" [_thread_blocked, id=22804, stack(0x0000001146400000,0x0000001146500000)]
  0x000001187e75ec00 JavaThread "Unconstrained build operations Thread 61" [_thread_blocked, id=15152, stack(0x0000001146500000,0x0000001146600000)]
  0x000001187e75f110 JavaThread "Unconstrained build operations Thread 62" [_thread_blocked, id=9000, stack(0x0000001146600000,0x0000001146700000)]
  0x000001187e780f30 JavaThread "Unconstrained build operations Thread 63" [_thread_blocked, id=12724, stack(0x0000001146700000,0x0000001146800000)]
  0x000001187e781e60 JavaThread "Unconstrained build operations Thread 64" [_thread_blocked, id=15436, stack(0x0000001146800000,0x0000001146900000)]
  0x000001187e782370 JavaThread "Unconstrained build operations Thread 65" [_thread_blocked, id=8604, stack(0x0000001146900000,0x0000001146a00000)]
  0x000001187e782d90 JavaThread "Unconstrained build operations Thread 66" [_thread_blocked, id=15060, stack(0x0000001146a00000,0x0000001146b00000)]
  0x000001187e782880 JavaThread "Unconstrained build operations Thread 67" [_thread_blocked, id=1428, stack(0x0000001146b00000,0x0000001146c00000)]
  0x000001187e77c340 JavaThread "Unconstrained build operations Thread 68" [_thread_blocked, id=13180, stack(0x0000001146c00000,0x0000001146d00000)]
  0x000001187e77f5e0 JavaThread "Unconstrained build operations Thread 69" [_thread_blocked, id=25656, stack(0x0000001146d00000,0x0000001146e00000)]
  0x000001187e7832a0 JavaThread "Unconstrained build operations Thread 70" [_thread_blocked, id=19576, stack(0x0000001146e00000,0x0000001146f00000)]
  0x000001187e77faf0 JavaThread "Unconstrained build operations Thread 71" [_thread_blocked, id=12472, stack(0x0000001146f00000,0x0000001147000000)]
  0x000001187e77ebc0 JavaThread "Unconstrained build operations Thread 72" [_thread_blocked, id=25928, stack(0x0000001147000000,0x0000001147100000)]
  0x000001187e77e6b0 JavaThread "Unconstrained build operations Thread 73" [_thread_blocked, id=17644, stack(0x0000001147100000,0x0000001147200000)]
  0x000001187e77f0d0 JavaThread "Unconstrained build operations Thread 74" [_thread_blocked, id=12028, stack(0x0000001147200000,0x0000001147300000)]
  0x000001187e77d270 JavaThread "Unconstrained build operations Thread 75" [_thread_blocked, id=15688, stack(0x0000001147300000,0x0000001147400000)]
  0x000001187e780000 JavaThread "Unconstrained build operations Thread 76" [_thread_blocked, id=7792, stack(0x0000001147400000,0x0000001147500000)]
  0x000001187e7837b0 JavaThread "Unconstrained build operations Thread 77" [_thread_blocked, id=17412, stack(0x0000001147500000,0x0000001147600000)]
  0x000001187e780510 JavaThread "Unconstrained build operations Thread 78" [_thread_blocked, id=16120, stack(0x0000001147600000,0x0000001147700000)]
  0x000001187e783cc0 JavaThread "Unconstrained build operations Thread 79" [_thread_blocked, id=14380, stack(0x0000001147700000,0x0000001147800000)]
  0x000001187e77d780 JavaThread "Unconstrained build operations Thread 80" [_thread_blocked, id=23520, stack(0x0000001147800000,0x0000001147900000)]
  0x000001187e77dc90 JavaThread "Cache worker for Build Output Cleanup Cache (C:\xampp\htdocs\lvm\fineract\.gradle\buildOutputCleanup)" [_thread_blocked, id=19956, stack(0x0000001147900000,0x0000001147a00000)]
  0x000001187e781440 JavaThread "JGit-FileStoreAttributeReader-1" daemon [_thread_blocked, id=21848, stack(0x0000001147a00000,0x0000001147b00000)]
  0x000001187e781950 JavaThread "build event listener" [_thread_blocked, id=27340, stack(0x0000001142300000,0x0000001142400000)]
  0x00000118413ae300 JavaThread "Thread-122" daemon [_thread_blocked, id=1324, stack(0x0000001147e00000,0x0000001147f00000)]
  0x000001187e17dc80 JavaThread "C2 CompilerThread1" daemon [_thread_in_native, id=6092, stack(0x0000001141500000,0x0000001141600000)]
  0x000001187cc02e30 JavaThread "C2 CompilerThread2" daemon [_thread_in_native, id=26520, stack(0x0000001147b00000,0x0000001147c00000)]

Other Threads:
  0x0000011876ff2610 VMThread "VM Thread" [stack: 0x000000113e800000,0x000000113e900000] [id=21944]
  0x0000011856a76f50 WatcherThread [stack: 0x000000113f400000,0x000000113f500000] [id=18184]
  0x0000011856accb70 GCTaskThread "GC Thread#0" [stack: 0x000000113e300000,0x000000113e400000] [id=4100]
  0x000001187c2986e0 GCTaskThread "GC Thread#1" [stack: 0x000000113f700000,0x000000113f800000] [id=16424]
  0x000001187788b1a0 GCTaskThread "GC Thread#2" [stack: 0x000000113f800000,0x000000113f900000] [id=860]
  0x000001187788b460 GCTaskThread "GC Thread#3" [stack: 0x000000113f900000,0x000000113fa00000] [id=9428]
  0x000001187c1ad150 GCTaskThread "GC Thread#4" [stack: 0x000000113fa00000,0x000000113fb00000] [id=8124]
  0x000001187ce5b040 GCTaskThread "GC Thread#5" [stack: 0x0000001140900000,0x0000001140a00000] [id=12520]
  0x000001187e81d510 GCTaskThread "GC Thread#6" [stack: 0x0000001140a00000,0x0000001140b00000] [id=11584]
  0x000001187e81d7d0 GCTaskThread "GC Thread#7" [stack: 0x0000001140b00000,0x0000001140c00000] [id=20968]
  0x0000011856ada4f0 ConcurrentGCThread "G1 Main Marker" [stack: 0x000000113e400000,0x000000113e500000] [id=19256]
  0x0000011856adae10 ConcurrentGCThread "G1 Conc#0" [stack: 0x000000113e500000,0x000000113e600000] [id=2632]
  0x00000118410f4530 ConcurrentGCThread "G1 Conc#1" [stack: 0x0000001140e00000,0x0000001140f00000] [id=4172]
  0x0000011876ec5e20 ConcurrentGCThread "G1 Refine#0" [stack: 0x000000113e600000,0x000000113e700000] [id=13064]
  0x0000011876ec6760 ConcurrentGCThread "G1 Service" [stack: 0x000000113e700000,0x000000113e800000] [id=18272]

Threads with active compile tasks:
C2 CompilerThread0    41710 14424       4       org.objectweb.asm.ClassReader::readCode (5117 bytes)
C2 CompilerThread1    41711 14458       4       java.lang.reflect.Method::getGenericInfo (27 bytes)
C2 CompilerThread2    41711 14449       4       org.gradle.internal.reflect.PropertyAccessorType::propertyNameFor (9 bytes)

VM state: not at safepoint (normal execution)

VM Mutex/Monitor currently owned by a thread: None

Heap address: 0x0000000744e00000, size: 2994 MB, Compressed Oops mode: Zero based, Oop shift amount: 3

CDS archive(s) mapped at: [0x0000011800000000-0x0000011800bd0000-0x0000011800bd0000), size 12386304, SharedBaseAddress: 0x0000011800000000, ArchiveRelocationMode: 1.
Compressed class space mapped at: 0x0000011801000000-0x0000011841000000, reserved size: 1073741824
Narrow klass base: 0x0000011800000000, Narrow klass shift: 0, Narrow klass range: 0x100000000

GC Precious Log:
 CPUs: 8 total, 8 available
 Memory: 11968M
 Large Page Support: Disabled
 NUMA Support: Disabled
 Compressed Oops: Enabled (Zero based)
 Heap Region Size: 2M
 Heap Min Capacity: 8M
 Heap Initial Capacity: 188M
 Heap Max Capacity: 2994M
 Pre-touch: Disabled
 Parallel Workers: 8
 Concurrent Workers: 2
 Concurrent Refinement Workers: 8
 Periodic GC: Disabled

Heap:
 garbage-first heap   total 401408K, used 291520K [0x0000000744e00000, 0x0000000800000000)
  region size 2048K, 82 young (167936K), 1 survivors (2048K)
 Metaspace       used 87654K, committed 89216K, reserved 1179648K
  class space    used 12193K, committed 12928K, reserved 1048576K

Heap Regions: E=young(eden), S=young(survivor), O=old, HS=humongous(starts), HC=humongous(continues), CS=collection set, F=free, OA=open archive, CA=closed archive, TAMS=top-at-mark-start (previous, next)
|   0|0x0000000744e00000, 0x0000000745000000, 0x0000000745000000|100%|HS|  |TAMS 0x0000000745000000, 0x0000000744e00000| Complete 
|   1|0x0000000745000000, 0x0000000745200000, 0x0000000745200000|100%|HC|  |TAMS 0x0000000745200000, 0x0000000745000000| Complete 
|   2|0x0000000745200000, 0x0000000745400000, 0x0000000745400000|100%| O|  |TAMS 0x0000000745400000, 0x0000000745200000| Untracked 
|   3|0x0000000745400000, 0x0000000745600000, 0x0000000745600000|100%| O|  |TAMS 0x0000000745600000, 0x0000000745400000| Untracked 
|   4|0x0000000745600000, 0x0000000745800000, 0x0000000745800000|100%| O|  |TAMS 0x0000000745800000, 0x0000000745600000| Untracked 
|   5|0x0000000745800000, 0x0000000745a00000, 0x0000000745a00000|100%| O|  |TAMS 0x0000000745a00000, 0x0000000745800000| Untracked 
|   6|0x0000000745a00000, 0x0000000745c00000, 0x0000000745c00000|100%| O|  |TAMS 0x0000000745c00000, 0x0000000745a00000| Untracked 
|   7|0x0000000745c00000, 0x0000000745e00000, 0x0000000745e00000|100%| O|  |TAMS 0x0000000745e00000, 0x0000000745c00000| Untracked 
|   8|0x0000000745e00000, 0x0000000746000000, 0x0000000746000000|100%| O|  |TAMS 0x0000000746000000, 0x0000000745e00000| Untracked 
|   9|0x0000000746000000, 0x0000000746200000, 0x0000000746200000|100%| O|  |TAMS 0x0000000746200000, 0x0000000746000000| Untracked 
|  10|0x0000000746200000, 0x0000000746400000, 0x0000000746400000|100%| O|  |TAMS 0x0000000746400000, 0x0000000746200000| Untracked 
|  11|0x0000000746400000, 0x0000000746600000, 0x0000000746600000|100%| O|  |TAMS 0x0000000746600000, 0x0000000746400000| Untracked 
|  12|0x0000000746600000, 0x0000000746800000, 0x0000000746800000|100%| O|  |TAMS 0x0000000746800000, 0x0000000746600000| Untracked 
|  13|0x0000000746800000, 0x0000000746a00000, 0x0000000746a00000|100%| O|  |TAMS 0x0000000746a00000, 0x0000000746800000| Untracked 
|  14|0x0000000746a00000, 0x0000000746c00000, 0x0000000746c00000|100%| O|  |TAMS 0x0000000746c00000, 0x0000000746a00000| Untracked 
|  15|0x0000000746c00000, 0x0000000746e00000, 0x0000000746e00000|100%| O|  |TAMS 0x0000000746e00000, 0x0000000746c00000| Untracked 
|  16|0x0000000746e00000, 0x0000000747000000, 0x0000000747000000|100%| O|  |TAMS 0x0000000747000000, 0x0000000746e00000| Untracked 
|  17|0x0000000747000000, 0x0000000747200000, 0x0000000747200000|100%| O|  |TAMS 0x0000000747200000, 0x0000000747000000| Untracked 
|  18|0x0000000747200000, 0x0000000747400000, 0x0000000747400000|100%| O|  |TAMS 0x0000000747400000, 0x0000000747200000| Untracked 
|  19|0x0000000747400000, 0x0000000747600000, 0x0000000747600000|100%| O|  |TAMS 0x0000000747600000, 0x0000000747400000| Untracked 
|  20|0x0000000747600000, 0x0000000747800000, 0x0000000747800000|100%| O|  |TAMS 0x0000000747800000, 0x0000000747600000| Untracked 
|  21|0x0000000747800000, 0x0000000747a00000, 0x0000000747a00000|100%| O|  |TAMS 0x0000000747a00000, 0x0000000747800000| Untracked 
|  22|0x0000000747a00000, 0x0000000747c00000, 0x0000000747c00000|100%| O|  |TAMS 0x0000000747c00000, 0x0000000747a00000| Untracked 
|  23|0x0000000747c00000, 0x0000000747e00000, 0x0000000747e00000|100%| O|  |TAMS 0x0000000747e00000, 0x0000000747c00000| Untracked 
|  24|0x0000000747e00000, 0x0000000748000000, 0x0000000748000000|100%| O|  |TAMS 0x0000000748000000, 0x0000000747e00000| Untracked 
|  25|0x0000000748000000, 0x0000000748200000, 0x0000000748200000|100%| O|  |TAMS 0x0000000748200000, 0x0000000748000000| Untracked 
|  26|0x0000000748200000, 0x0000000748400000, 0x0000000748400000|100%| O|  |TAMS 0x0000000748400000, 0x0000000748200000| Untracked 
|  27|0x0000000748400000, 0x0000000748600000, 0x0000000748600000|100%| O|  |TAMS 0x0000000748600000, 0x0000000748400000| Untracked 
|  28|0x0000000748600000, 0x0000000748800000, 0x0000000748800000|100%| O|  |TAMS 0x0000000748600000, 0x0000000748600000| Untracked 
|  29|0x0000000748800000, 0x0000000748a00000, 0x0000000748a00000|100%| O|  |TAMS 0x0000000748a00000, 0x0000000748800000| Untracked 
|  30|0x0000000748a00000, 0x0000000748c00000, 0x0000000748c00000|100%| O|  |TAMS 0x0000000748c00000, 0x0000000748a00000| Untracked 
|  31|0x0000000748c00000, 0x0000000748e00000, 0x0000000748e00000|100%| O|  |TAMS 0x0000000748e00000, 0x0000000748c00000| Untracked 
|  32|0x0000000748e00000, 0x0000000749000000, 0x0000000749000000|100%| O|  |TAMS 0x0000000749000000, 0x0000000748e00000| Untracked 
|  33|0x0000000749000000, 0x0000000749200000, 0x0000000749200000|100%| O|  |TAMS 0x0000000749200000, 0x0000000749000000| Untracked 
|  34|0x0000000749200000, 0x0000000749400000, 0x0000000749400000|100%| O|  |TAMS 0x0000000749400000, 0x0000000749200000| Untracked 
|  35|0x0000000749400000, 0x0000000749600000, 0x0000000749600000|100%| O|  |TAMS 0x0000000749600000, 0x0000000749400000| Untracked 
|  36|0x0000000749600000, 0x0000000749800000, 0x0000000749800000|100%| O|  |TAMS 0x0000000749800000, 0x0000000749600000| Untracked 
|  37|0x0000000749800000, 0x0000000749a00000, 0x0000000749a00000|100%| O|  |TAMS 0x0000000749a00000, 0x0000000749800000| Untracked 
|  38|0x0000000749a00000, 0x0000000749c00000, 0x0000000749c00000|100%| O|  |TAMS 0x0000000749c00000, 0x0000000749a00000| Untracked 
|  39|0x0000000749c00000, 0x0000000749e00000, 0x0000000749e00000|100%| O|  |TAMS 0x0000000749e00000, 0x0000000749c00000| Untracked 
|  40|0x0000000749e00000, 0x000000074a000000, 0x000000074a000000|100%| O|  |TAMS 0x000000074a000000, 0x0000000749e00000| Untracked 
|  41|0x000000074a000000, 0x000000074a200000, 0x000000074a200000|100%| O|  |TAMS 0x000000074a200000, 0x000000074a000000| Untracked 
|  42|0x000000074a200000, 0x000000074a400000, 0x000000074a400000|100%| O|  |TAMS 0x000000074a400000, 0x000000074a200000| Untracked 
|  43|0x000000074a400000, 0x000000074a600000, 0x000000074a600000|100%| O|  |TAMS 0x000000074a600000, 0x000000074a400000| Untracked 
|  44|0x000000074a600000, 0x000000074a800000, 0x000000074a800000|100%| O|  |TAMS 0x000000074a800000, 0x000000074a600000| Untracked 
|  45|0x000000074a800000, 0x000000074aa00000, 0x000000074aa00000|100%| O|  |TAMS 0x000000074aa00000, 0x000000074a800000| Untracked 
|  46|0x000000074aa00000, 0x000000074ac00000, 0x000000074ac00000|100%| O|  |TAMS 0x000000074ac00000, 0x000000074aa00000| Untracked 
|  47|0x000000074ac00000, 0x000000074ae00000, 0x000000074ae00000|100%| O|  |TAMS 0x000000074ae00000, 0x000000074ac00000| Untracked 
|  48|0x000000074ae00000, 0x000000074b000000, 0x000000074b000000|100%| O|  |TAMS 0x000000074b000000, 0x000000074ae00000| Untracked 
|  49|0x000000074b000000, 0x000000074b200000, 0x000000074b200000|100%| O|  |TAMS 0x000000074b200000, 0x000000074b000000| Untracked 
|  50|0x000000074b200000, 0x000000074b400000, 0x000000074b400000|100%| O|  |TAMS 0x000000074b400000, 0x000000074b200000| Untracked 
|  51|0x000000074b400000, 0x000000074b400000, 0x000000074b600000|  0%| F|  |TAMS 0x000000074b400000, 0x000000074b400000| Untracked 
|  52|0x000000074b600000, 0x000000074b800000, 0x000000074b800000|100%| O|  |TAMS 0x000000074b800000, 0x000000074b600000| Untracked 
|  53|0x000000074b800000, 0x000000074ba00000, 0x000000074ba00000|100%| O|  |TAMS 0x000000074ba00000, 0x000000074b800000| Untracked 
|  54|0x000000074ba00000, 0x000000074bc00000, 0x000000074bc00000|100%| O|  |TAMS 0x000000074bc00000, 0x000000074ba00000| Untracked 
|  55|0x000000074bc00000, 0x000000074be00000, 0x000000074be00000|100%| O|  |TAMS 0x000000074bd53400, 0x000000074bc00000| Untracked 
|  56|0x000000074be00000, 0x000000074c000000, 0x000000074c000000|100%| O|  |TAMS 0x000000074be00000, 0x000000074be00000| Untracked 
|  57|0x000000074c000000, 0x000000074c200000, 0x000000074c200000|100%| O|  |TAMS 0x000000074c000000, 0x000000074c000000| Untracked 
|  58|0x000000074c200000, 0x000000074c400000, 0x000000074c400000|100%| O|  |TAMS 0x000000074c200000, 0x000000074c200000| Untracked 
|  59|0x000000074c400000, 0x000000074c600000, 0x000000074c600000|100%| O|  |TAMS 0x000000074c400000, 0x000000074c400000| Untracked 
|  60|0x000000074c600000, 0x000000074c800000, 0x000000074c800000|100%| O|  |TAMS 0x000000074c600000, 0x000000074c600000| Untracked 
|  61|0x000000074c800000, 0x000000074ca00000, 0x000000074ca00000|100%| O|  |TAMS 0x000000074c800000, 0x000000074c800000| Untracked 
|  62|0x000000074ca00000, 0x000000074cbf8200, 0x000000074cc00000| 98%| O|  |TAMS 0x000000074ca00000, 0x000000074ca00000| Untracked 
|  63|0x000000074cc00000, 0x000000074cc00000, 0x000000074ce00000|  0%| F|  |TAMS 0x000000074cc00000, 0x000000074cc00000| Untracked 
|  64|0x000000074ce00000, 0x000000074ce00000, 0x000000074d000000|  0%| F|  |TAMS 0x000000074ce00000, 0x000000074ce00000| Untracked 
|  65|0x000000074d000000, 0x000000074d000000, 0x000000074d200000|  0%| F|  |TAMS 0x000000074d000000, 0x000000074d000000| Untracked 
|  66|0x000000074d200000, 0x000000074d200000, 0x000000074d400000|  0%| F|  |TAMS 0x000000074d200000, 0x000000074d200000| Untracked 
|  67|0x000000074d400000, 0x000000074d400000, 0x000000074d600000|  0%| F|  |TAMS 0x000000074d400000, 0x000000074d400000| Untracked 
|  68|0x000000074d600000, 0x000000074d600000, 0x000000074d800000|  0%| F|  |TAMS 0x000000074d600000, 0x000000074d600000| Untracked 
|  69|0x000000074d800000, 0x000000074d800000, 0x000000074da00000|  0%| F|  |TAMS 0x000000074d800000, 0x000000074d800000| Untracked 
|  70|0x000000074da00000, 0x000000074da00000, 0x000000074dc00000|  0%| F|  |TAMS 0x000000074da00000, 0x000000074da00000| Untracked 
|  71|0x000000074dc00000, 0x000000074dc00000, 0x000000074de00000|  0%| F|  |TAMS 0x000000074dc00000, 0x000000074dc00000| Untracked 
|  72|0x000000074de00000, 0x000000074de00000, 0x000000074e000000|  0%| F|  |TAMS 0x000000074de00000, 0x000000074de00000| Untracked 
|  73|0x000000074e000000, 0x000000074e000000, 0x000000074e200000|  0%| F|  |TAMS 0x000000074e000000, 0x000000074e000000| Untracked 
|  74|0x000000074e200000, 0x000000074e200000, 0x000000074e400000|  0%| F|  |TAMS 0x000000074e200000, 0x000000074e200000| Untracked 
|  75|0x000000074e400000, 0x000000074e400000, 0x000000074e600000|  0%| F|  |TAMS 0x000000074e400000, 0x000000074e400000| Untracked 
|  76|0x000000074e600000, 0x000000074e600000, 0x000000074e800000|  0%| F|  |TAMS 0x000000074e600000, 0x000000074e600000| Untracked 
|  77|0x000000074e800000, 0x000000074e800000, 0x000000074ea00000|  0%| F|  |TAMS 0x000000074e800000, 0x000000074e800000| Untracked 
|  78|0x000000074ea00000, 0x000000074ea00000, 0x000000074ec00000|  0%| F|  |TAMS 0x000000074ea00000, 0x000000074ea00000| Untracked 
|  79|0x000000074ec00000, 0x000000074ec00000, 0x000000074ee00000|  0%| F|  |TAMS 0x000000074ec00000, 0x000000074ec00000| Untracked 
|  80|0x000000074ee00000, 0x000000074ee00000, 0x000000074f000000|  0%| F|  |TAMS 0x000000074ee00000, 0x000000074ee00000| Untracked 
|  81|0x000000074f000000, 0x000000074f000000, 0x000000074f200000|  0%| F|  |TAMS 0x000000074f000000, 0x000000074f000000| Untracked 
|  82|0x000000074f200000, 0x000000074f200000, 0x000000074f400000|  0%| F|  |TAMS 0x000000074f200000, 0x000000074f200000| Untracked 
|  83|0x000000074f400000, 0x000000074f400000, 0x000000074f600000|  0%| F|  |TAMS 0x000000074f400000, 0x000000074f400000| Untracked 
|  84|0x000000074f600000, 0x000000074f600000, 0x000000074f800000|  0%| F|  |TAMS 0x000000074f600000, 0x000000074f600000| Untracked 
|  85|0x000000074f800000, 0x000000074f800000, 0x000000074fa00000|  0%| F|  |TAMS 0x000000074f800000, 0x000000074f800000| Untracked 
|  86|0x000000074fa00000, 0x000000074fa00000, 0x000000074fc00000|  0%| F|  |TAMS 0x000000074fa00000, 0x000000074fa00000| Untracked 
|  87|0x000000074fc00000, 0x000000074fc00000, 0x000000074fe00000|  0%| F|  |TAMS 0x000000074fc00000, 0x000000074fc00000| Untracked 
|  88|0x000000074fe00000, 0x000000074fe00000, 0x0000000750000000|  0%| F|  |TAMS 0x000000074fe00000, 0x000000074fe00000| Untracked 
|  89|0x0000000750000000, 0x0000000750000000, 0x0000000750200000|  0%| F|  |TAMS 0x0000000750000000, 0x0000000750000000| Untracked 
|  90|0x0000000750200000, 0x0000000750200000, 0x0000000750400000|  0%| F|  |TAMS 0x0000000750200000, 0x0000000750200000| Untracked 
|  91|0x0000000750400000, 0x0000000750400000, 0x0000000750600000|  0%| F|  |TAMS 0x0000000750400000, 0x0000000750400000| Untracked 
|  92|0x0000000750600000, 0x0000000750600000, 0x0000000750800000|  0%| F|  |TAMS 0x0000000750600000, 0x0000000750600000| Untracked 
|  93|0x0000000750800000, 0x0000000750800000, 0x0000000750a00000|  0%| F|  |TAMS 0x0000000750800000, 0x0000000750800000| Untracked 
|  94|0x0000000750a00000, 0x0000000750a00000, 0x0000000750c00000|  0%| F|  |TAMS 0x0000000750a00000, 0x0000000750a00000| Untracked 
|  95|0x0000000750c00000, 0x0000000750c00000, 0x0000000750e00000|  0%| F|  |TAMS 0x0000000750c00000, 0x0000000750c00000| Untracked 
|  96|0x0000000750e00000, 0x0000000750e00000, 0x0000000751000000|  0%| F|  |TAMS 0x0000000750e00000, 0x0000000750e00000| Untracked 
|  97|0x0000000751000000, 0x0000000751000000, 0x0000000751200000|  0%| F|  |TAMS 0x0000000751000000, 0x0000000751000000| Untracked 
|  98|0x0000000751200000, 0x0000000751200000, 0x0000000751400000|  0%| F|  |TAMS 0x0000000751200000, 0x0000000751200000| Untracked 
|  99|0x0000000751400000, 0x0000000751400000, 0x0000000751600000|  0%| F|  |TAMS 0x0000000751400000, 0x0000000751400000| Untracked 
| 100|0x0000000751600000, 0x0000000751600000, 0x0000000751800000|  0%| F|  |TAMS 0x0000000751600000, 0x0000000751600000| Untracked 
| 101|0x0000000751800000, 0x0000000751800000, 0x0000000751a00000|  0%| F|  |TAMS 0x0000000751800000, 0x0000000751800000| Untracked 
| 102|0x0000000751a00000, 0x0000000751a00000, 0x0000000751c00000|  0%| F|  |TAMS 0x0000000751a00000, 0x0000000751a00000| Untracked 
| 103|0x0000000751c00000, 0x0000000751c00000, 0x0000000751e00000|  0%| F|  |TAMS 0x0000000751c00000, 0x0000000751c00000| Untracked 
| 104|0x0000000751e00000, 0x0000000751e00000, 0x0000000752000000|  0%| F|  |TAMS 0x0000000751e00000, 0x0000000751e00000| Untracked 
| 105|0x0000000752000000, 0x0000000752000000, 0x0000000752200000|  0%| F|  |TAMS 0x0000000752000000, 0x0000000752000000| Untracked 
| 106|0x0000000752200000, 0x0000000752200000, 0x0000000752400000|  0%| F|  |TAMS 0x0000000752200000, 0x0000000752200000| Untracked 
| 107|0x0000000752400000, 0x0000000752400000, 0x0000000752600000|  0%| F|  |TAMS 0x0000000752400000, 0x0000000752400000| Untracked 
| 108|0x0000000752600000, 0x0000000752600000, 0x0000000752800000|  0%| F|  |TAMS 0x0000000752600000, 0x0000000752600000| Untracked 
| 109|0x0000000752800000, 0x0000000752800000, 0x0000000752a00000|  0%| F|  |TAMS 0x0000000752800000, 0x0000000752800000| Untracked 
| 110|0x0000000752a00000, 0x0000000752a00000, 0x0000000752c00000|  0%| F|  |TAMS 0x0000000752a00000, 0x0000000752a00000| Untracked 
| 111|0x0000000752c00000, 0x0000000752c00000, 0x0000000752e00000|  0%| F|  |TAMS 0x0000000752c00000, 0x0000000752c00000| Untracked 
| 112|0x0000000752e00000, 0x0000000752e00000, 0x0000000753000000|  0%| F|  |TAMS 0x0000000752e00000, 0x0000000752e00000| Untracked 
| 113|0x0000000753000000, 0x0000000753000000, 0x0000000753200000|  0%| F|  |TAMS 0x0000000753000000, 0x0000000753000000| Untracked 
| 114|0x0000000753200000, 0x00000007532b7ea0, 0x0000000753400000| 35%| S|CS|TAMS 0x0000000753200000, 0x0000000753200000| Complete 
| 115|0x0000000753400000, 0x0000000753600000, 0x0000000753600000|100%| E|  |TAMS 0x0000000753400000, 0x0000000753400000| Complete 
| 116|0x0000000753600000, 0x0000000753800000, 0x0000000753800000|100%| E|CS|TAMS 0x0000000753600000, 0x0000000753600000| Complete 
| 117|0x0000000753800000, 0x0000000753a00000, 0x0000000753a00000|100%| E|CS|TAMS 0x0000000753800000, 0x0000000753800000| Complete 
| 118|0x0000000753a00000, 0x0000000753c00000, 0x0000000753c00000|100%| E|CS|TAMS 0x0000000753a00000, 0x0000000753a00000| Complete 
| 119|0x0000000753c00000, 0x0000000753e00000, 0x0000000753e00000|100%| E|CS|TAMS 0x0000000753c00000, 0x0000000753c00000| Complete 
| 120|0x0000000753e00000, 0x0000000754000000, 0x0000000754000000|100%| E|CS|TAMS 0x0000000753e00000, 0x0000000753e00000| Complete 
| 121|0x0000000754000000, 0x0000000754200000, 0x0000000754200000|100%| E|CS|TAMS 0x0000000754000000, 0x0000000754000000| Complete 
| 122|0x0000000754200000, 0x0000000754400000, 0x0000000754400000|100%| E|CS|TAMS 0x0000000754200000, 0x0000000754200000| Complete 
| 123|0x0000000754400000, 0x0000000754600000, 0x0000000754600000|100%| E|CS|TAMS 0x0000000754400000, 0x0000000754400000| Complete 
| 124|0x0000000754600000, 0x0000000754800000, 0x0000000754800000|100%| E|CS|TAMS 0x0000000754600000, 0x0000000754600000| Complete 
| 125|0x0000000754800000, 0x0000000754a00000, 0x0000000754a00000|100%| E|CS|TAMS 0x0000000754800000, 0x0000000754800000| Complete 
| 126|0x0000000754a00000, 0x0000000754c00000, 0x0000000754c00000|100%| E|CS|TAMS 0x0000000754a00000, 0x0000000754a00000| Complete 
| 127|0x0000000754c00000, 0x0000000754e00000, 0x0000000754e00000|100%| E|CS|TAMS 0x0000000754c00000, 0x0000000754c00000| Complete 
| 128|0x0000000754e00000, 0x0000000755000000, 0x0000000755000000|100%| E|CS|TAMS 0x0000000754e00000, 0x0000000754e00000| Complete 
| 129|0x0000000755000000, 0x0000000755200000, 0x0000000755200000|100%| E|CS|TAMS 0x0000000755000000, 0x0000000755000000| Complete 
| 130|0x0000000755200000, 0x0000000755400000, 0x0000000755400000|100%| E|CS|TAMS 0x0000000755200000, 0x0000000755200000| Complete 
| 131|0x0000000755400000, 0x0000000755600000, 0x0000000755600000|100%| E|CS|TAMS 0x0000000755400000, 0x0000000755400000| Complete 
| 132|0x0000000755600000, 0x0000000755800000, 0x0000000755800000|100%| E|CS|TAMS 0x0000000755600000, 0x0000000755600000| Complete 
| 133|0x0000000755800000, 0x0000000755a00000, 0x0000000755a00000|100%| E|CS|TAMS 0x0000000755800000, 0x0000000755800000| Complete 
| 134|0x0000000755a00000, 0x0000000755c00000, 0x0000000755c00000|100%| E|CS|TAMS 0x0000000755a00000, 0x0000000755a00000| Complete 
| 135|0x0000000755c00000, 0x0000000755e00000, 0x0000000755e00000|100%| E|CS|TAMS 0x0000000755c00000, 0x0000000755c00000| Complete 
| 136|0x0000000755e00000, 0x0000000756000000, 0x0000000756000000|100%| E|CS|TAMS 0x0000000755e00000, 0x0000000755e00000| Complete 
| 137|0x0000000756000000, 0x0000000756200000, 0x0000000756200000|100%| E|CS|TAMS 0x0000000756000000, 0x0000000756000000| Complete 
| 138|0x0000000756200000, 0x0000000756400000, 0x0000000756400000|100%| E|CS|TAMS 0x0000000756200000, 0x0000000756200000| Complete 
| 139|0x0000000756400000, 0x0000000756600000, 0x0000000756600000|100%| E|CS|TAMS 0x0000000756400000, 0x0000000756400000| Complete 
| 140|0x0000000756600000, 0x0000000756800000, 0x0000000756800000|100%| E|CS|TAMS 0x0000000756600000, 0x0000000756600000| Complete 
| 141|0x0000000756800000, 0x0000000756a00000, 0x0000000756a00000|100%| E|CS|TAMS 0x0000000756800000, 0x0000000756800000| Complete 
| 142|0x0000000756a00000, 0x0000000756c00000, 0x0000000756c00000|100%| E|CS|TAMS 0x0000000756a00000, 0x0000000756a00000| Complete 
| 143|0x0000000756c00000, 0x0000000756e00000, 0x0000000756e00000|100%| E|CS|TAMS 0x0000000756c00000, 0x0000000756c00000| Complete 
| 144|0x0000000756e00000, 0x0000000757000000, 0x0000000757000000|100%| E|CS|TAMS 0x0000000756e00000, 0x0000000756e00000| Complete 
| 145|0x0000000757000000, 0x0000000757200000, 0x0000000757200000|100%| E|CS|TAMS 0x0000000757000000, 0x0000000757000000| Complete 
| 146|0x0000000757200000, 0x0000000757400000, 0x0000000757400000|100%| E|CS|TAMS 0x0000000757200000, 0x0000000757200000| Complete 
| 147|0x0000000757400000, 0x0000000757600000, 0x0000000757600000|100%| E|CS|TAMS 0x0000000757400000, 0x0000000757400000| Complete 
| 148|0x0000000757600000, 0x0000000757800000, 0x0000000757800000|100%| E|CS|TAMS 0x0000000757600000, 0x0000000757600000| Complete 
| 149|0x0000000757800000, 0x0000000757a00000, 0x0000000757a00000|100%| E|CS|TAMS 0x0000000757800000, 0x0000000757800000| Complete 
| 150|0x0000000757a00000, 0x0000000757c00000, 0x0000000757c00000|100%| E|CS|TAMS 0x0000000757a00000, 0x0000000757a00000| Complete 
| 151|0x0000000757c00000, 0x0000000757e00000, 0x0000000757e00000|100%| E|CS|TAMS 0x0000000757c00000, 0x0000000757c00000| Complete 
| 152|0x0000000757e00000, 0x0000000758000000, 0x0000000758000000|100%| E|CS|TAMS 0x0000000757e00000, 0x0000000757e00000| Complete 
| 153|0x0000000758000000, 0x0000000758200000, 0x0000000758200000|100%| E|CS|TAMS 0x0000000758000000, 0x0000000758000000| Complete 
| 154|0x0000000758200000, 0x0000000758400000, 0x0000000758400000|100%| E|CS|TAMS 0x0000000758200000, 0x0000000758200000| Complete 
| 155|0x0000000758400000, 0x0000000758600000, 0x0000000758600000|100%| E|CS|TAMS 0x0000000758400000, 0x0000000758400000| Complete 
| 156|0x0000000758600000, 0x0000000758800000, 0x0000000758800000|100%| E|CS|TAMS 0x0000000758600000, 0x0000000758600000| Complete 
| 157|0x0000000758800000, 0x0000000758a00000, 0x0000000758a00000|100%| E|CS|TAMS 0x0000000758800000, 0x0000000758800000| Complete 
| 158|0x0000000758a00000, 0x0000000758c00000, 0x0000000758c00000|100%| E|CS|TAMS 0x0000000758a00000, 0x0000000758a00000| Complete 
| 159|0x0000000758c00000, 0x0000000758c00000, 0x0000000758e00000|  0%| F|  |TAMS 0x0000000758c00000, 0x0000000758c00000| Untracked 
| 160|0x0000000758e00000, 0x0000000758e00000, 0x0000000759000000|  0%| F|  |TAMS 0x0000000758e00000, 0x0000000758e00000| Untracked 
| 161|0x0000000759000000, 0x0000000759000000, 0x0000000759200000|  0%| F|  |TAMS 0x0000000759000000, 0x0000000759000000| Untracked 
| 162|0x0000000759200000, 0x0000000759200000, 0x0000000759400000|  0%| F|  |TAMS 0x0000000759200000, 0x0000000759200000| Untracked 
| 163|0x0000000759400000, 0x0000000759400000, 0x0000000759600000|  0%| F|  |TAMS 0x0000000759400000, 0x0000000759400000| Untracked 
| 164|0x0000000759600000, 0x0000000759600000, 0x0000000759800000|  0%| F|  |TAMS 0x0000000759600000, 0x0000000759600000| Untracked 
| 165|0x0000000759800000, 0x0000000759800000, 0x0000000759a00000|  0%| F|  |TAMS 0x0000000759800000, 0x0000000759800000| Untracked 
| 166|0x0000000759a00000, 0x0000000759a00000, 0x0000000759c00000|  0%| F|  |TAMS 0x0000000759a00000, 0x0000000759a00000| Untracked 
| 167|0x0000000759c00000, 0x0000000759c00000, 0x0000000759e00000|  0%| F|  |TAMS 0x0000000759c00000, 0x0000000759c00000| Untracked 
| 168|0x0000000759e00000, 0x0000000759e00000, 0x000000075a000000|  0%| F|  |TAMS 0x0000000759e00000, 0x0000000759e00000| Untracked 
| 169|0x000000075a000000, 0x000000075a000000, 0x000000075a200000|  0%| F|  |TAMS 0x000000075a000000, 0x000000075a000000| Untracked 
| 170|0x000000075a200000, 0x000000075a200000, 0x000000075a400000|  0%| F|  |TAMS 0x000000075a200000, 0x000000075a200000| Untracked 
| 171|0x000000075a400000, 0x000000075a400000, 0x000000075a600000|  0%| F|  |TAMS 0x000000075a400000, 0x000000075a400000| Untracked 
| 172|0x000000075a600000, 0x000000075a600000, 0x000000075a800000|  0%| F|  |TAMS 0x000000075a600000, 0x000000075a600000| Untracked 
| 173|0x000000075a800000, 0x000000075a800000, 0x000000075aa00000|  0%| F|  |TAMS 0x000000075a800000, 0x000000075a800000| Untracked 
| 174|0x000000075aa00000, 0x000000075aa00000, 0x000000075ac00000|  0%| F|  |TAMS 0x000000075aa00000, 0x000000075aa00000| Untracked 
| 175|0x000000075ac00000, 0x000000075ac00000, 0x000000075ae00000|  0%| F|  |TAMS 0x000000075ac00000, 0x000000075ac00000| Untracked 
| 176|0x000000075ae00000, 0x000000075ae00000, 0x000000075b000000|  0%| F|  |TAMS 0x000000075ae00000, 0x000000075ae00000| Untracked 
| 177|0x000000075b000000, 0x000000075b000000, 0x000000075b200000|  0%| F|  |TAMS 0x000000075b000000, 0x000000075b000000| Untracked 
| 178|0x000000075b200000, 0x000000075b200000, 0x000000075b400000|  0%| F|  |TAMS 0x000000075b200000, 0x000000075b200000| Untracked 
| 179|0x000000075b400000, 0x000000075b400000, 0x000000075b600000|  0%| F|  |TAMS 0x000000075b400000, 0x000000075b400000| Untracked 
| 180|0x000000075b600000, 0x000000075b600000, 0x000000075b800000|  0%| F|  |TAMS 0x000000075b600000, 0x000000075b600000| Untracked 
| 181|0x000000075b800000, 0x000000075b800000, 0x000000075ba00000|  0%| F|  |TAMS 0x000000075b800000, 0x000000075b800000| Untracked 
| 182|0x000000075ba00000, 0x000000075ba00000, 0x000000075bc00000|  0%| F|  |TAMS 0x000000075ba00000, 0x000000075ba00000| Untracked 
| 183|0x000000075bc00000, 0x000000075bc00000, 0x000000075be00000|  0%| F|  |TAMS 0x000000075bc00000, 0x000000075bc00000| Untracked 
| 184|0x000000075be00000, 0x000000075be00000, 0x000000075c000000|  0%| F|  |TAMS 0x000000075be00000, 0x000000075be00000| Untracked 
| 185|0x000000075c000000, 0x000000075c000000, 0x000000075c200000|  0%| F|  |TAMS 0x000000075c000000, 0x000000075c000000| Untracked 
| 186|0x000000075c200000, 0x000000075c200000, 0x000000075c400000|  0%| F|  |TAMS 0x000000075c200000, 0x000000075c200000| Untracked 
| 187|0x000000075c400000, 0x000000075c400000, 0x000000075c600000|  0%| F|  |TAMS 0x000000075c400000, 0x000000075c400000| Untracked 
| 188|0x000000075c600000, 0x000000075c600000, 0x000000075c800000|  0%| F|  |TAMS 0x000000075c600000, 0x000000075c600000| Untracked 
| 189|0x000000075c800000, 0x000000075c800000, 0x000000075ca00000|  0%| F|  |TAMS 0x000000075c800000, 0x000000075c800000| Untracked 
| 190|0x000000075ca00000, 0x000000075ca00000, 0x000000075cc00000|  0%| F|  |TAMS 0x000000075ca00000, 0x000000075ca00000| Untracked 
| 191|0x000000075cc00000, 0x000000075cc00000, 0x000000075ce00000|  0%| F|  |TAMS 0x000000075cc00000, 0x000000075cc00000| Untracked 
| 192|0x000000075ce00000, 0x000000075ce00000, 0x000000075d000000|  0%| F|  |TAMS 0x000000075ce00000, 0x000000075ce00000| Untracked 
| 193|0x000000075d000000, 0x000000075d000000, 0x000000075d200000|  0%| F|  |TAMS 0x000000075d000000, 0x000000075d000000| Untracked 
| 194|0x000000075d200000, 0x000000075d200000, 0x000000075d400000|  0%| F|  |TAMS 0x000000075d200000, 0x000000075d200000| Untracked 
| 195|0x000000075d400000, 0x000000075d600000, 0x000000075d600000|100%| E|  |TAMS 0x000000075d400000, 0x000000075d400000| Complete 

Card table byte_map: [0x000001186dc30000,0x000001186e210000] _byte_map_base: 0x000001186a209000

Marking Bits (Prev, Next): (CMBitMap*) 0x0000011856ace0f0, (CMBitMap*) 0x0000011856ace0b0
 Prev Bits: [0x00000118716c0000, 0x0000011874588000)
 Next Bits: [0x000001186e7f0000, 0x00000118716b8000)

Polling page: 0x00000118549c0000

Metaspace:

Usage:
  Non-class:     73.70 MB used.
      Class:     11.91 MB used.
       Both:     85.60 MB used.

Virtual space:
  Non-class space:      128.00 MB reserved,      74.50 MB ( 58%) committed,  2 nodes.
      Class space:        1.00 GB reserved,      12.62 MB (  1%) committed,  1 nodes.
             Both:        1.12 GB reserved,      87.12 MB (  8%) committed. 

Chunk freelists:
   Non-Class:  4.94 MB
       Class:  3.34 MB
        Both:  8.28 MB

MaxMetaspaceSize: unlimited
CompressedClassSpaceSize: 1.00 GB
Initial GC threshold: 21.00 MB
Current GC threshold: 124.69 MB
CDS: on
MetaspaceReclaimPolicy: balanced
 - commit_granule_bytes: 65536.
 - commit_granule_words: 8192.
 - virtual_space_node_default_size: 8388608.
 - enlarge_chunks_in_place: 1.
 - new_chunks_are_fully_committed: 0.
 - uncommit_free_chunks: 1.
 - use_allocation_guard: 0.
 - handle_deallocations: 1.


Internal statistics:

num_allocs_failed_limit: 9.
num_arena_births: 2022.
num_arena_deaths: 0.
num_vsnodes_births: 3.
num_vsnodes_deaths: 0.
num_space_committed: 1394.
num_space_uncommitted: 0.
num_chunks_returned_to_freelist: 9.
num_chunks_taken_from_freelist: 6226.
num_chunk_merges: 9.
num_chunk_splits: 3711.
num_chunks_enlarged: 1966.
num_inconsistent_stats: 0.

CodeHeap 'non-profiled nmethods': size=120000Kb used=8130Kb max_used=8387Kb free=111869Kb
 bounds [0x0000011865df0000, 0x0000011866630000, 0x000001186d320000]
CodeHeap 'profiled nmethods': size=120000Kb used=24496Kb max_used=25990Kb free=95503Kb
 bounds [0x000001185e320000, 0x000001185fc90000, 0x0000011865850000]
CodeHeap 'non-nmethods': size=5760Kb used=2436Kb max_used=2497Kb free=3323Kb
 bounds [0x0000011865850000, 0x0000011865ad0000, 0x0000011865df0000]
 total_blobs=13235 nmethods=12273 adapters=873
 compilation: enabled
              stopped_count=0, restarted_count=0
 full_count=0

Compilation events (20 events):
Event: 41.424 Thread 0x00000118770123b0 14459       3       groovy.lang.MetaClassImpl::filterPropertyMethod (305 bytes)
Event: 41.426 Thread 0x00000118770123b0 nmethod 14459 0x000001185edb9b10 code [0x000001185edb9e40, 0x000001185edbb928]
Event: 41.452 Thread 0x00000118770123b0 14460       3       org.gradle.internal.reflect.ClassInspector::visitGraph (98 bytes)
Event: 41.452 Thread 0x000001187e17dc80 nmethod 14407 0x0000011866416190 code [0x0000011866416800, 0x000001186641b3b0]
Event: 41.453 Thread 0x000001187e17dc80 14458       4       java.lang.reflect.Method::getGenericInfo (27 bytes)
Event: 41.454 Thread 0x00000118770123b0 nmethod 14460 0x000001185f1fbc10 code [0x000001185f1fbf40, 0x000001185f1fd408]
Event: 41.455 Thread 0x00000118770123b0 14461       3       org.gradle.model.internal.asm.ClassVisitorScope::addField (11 bytes)
Event: 41.455 Thread 0x00000118770123b0 nmethod 14461 0x000001185ec3fd10 code [0x000001185ec3fee0, 0x000001185ec40298]
Event: 41.517 Thread 0x00000118770123b0 14462       3       org.codehaus.groovy.runtime.callsite.AbstractCallSite::call (42 bytes)
Event: 41.517 Thread 0x00000118770123b0 nmethod 14462 0x000001185eaacb10 code [0x000001185eaacd00, 0x000001185eaad478]
Event: 41.523 Thread 0x00000118770123b0 14464   !   3       org.codehaus.groovy.runtime.typehandling.DefaultTypeTransformation::compareToWithEqualityCheck (437 bytes)
Event: 41.530 Thread 0x00000118770123b0 nmethod 14464 0x000001185e427210 code [0x000001185e4279a0, 0x000001185e42d1f8]
Event: 41.531 Thread 0x00000118770123b0 14465   !   3       jdk.internal.reflect.GeneratedMethodAccessor160::invoke (68 bytes)
Event: 41.532 Thread 0x00000118770123b0 nmethod 14465 0x000001185e748810 code [0x000001185e748a60, 0x000001185e749478]
Event: 41.532 Thread 0x00000118770123b0 14466       3       org.codehaus.groovy.runtime.typehandling.DefaultTypeTransformation::compareTo (7 bytes)
Event: 41.533 Thread 0x00000118770123b0 nmethod 14466 0x000001185e933810 code [0x000001185e9339a0, 0x000001185e933ac8]
Event: 41.533 Thread 0x00000118770123b0 14467   !   3       org.codehaus.groovy.runtime.NumberAwareComparator::compare (131 bytes)
Event: 41.534 Thread 0x00000118770123b0 nmethod 14467 0x000001185e6d1310 code [0x000001185e6d15c0, 0x000001185e6d26d8]
Event: 41.567 Thread 0x00000118770123b0 14468   !   3       com.sun.beans.introspect.ClassInfo::getProperties (47 bytes)
Event: 41.568 Thread 0x00000118770123b0 nmethod 14468 0x000001185ea1b610 code [0x000001185ea1b7c0, 0x000001185ea1bae8]

GC Heap History (20 events):
Event: 26.163 GC heap before
{Heap before GC invocations=30 (full 0):
 garbage-first heap   total 120832K, used 92107K [0x0000000744e00000, 0x0000000800000000)
  region size 2048K, 13 young (26624K), 2 survivors (4096K)
 Metaspace       used 62878K, committed 63680K, reserved 1114112K
  class space    used 8973K, committed 9344K, reserved 1048576K
}
Event: 26.171 GC heap after
{Heap after GC invocations=31 (full 0):
 garbage-first heap   total 202752K, used 70328K [0x0000000744e00000, 0x0000000800000000)
  region size 2048K, 2 young (4096K), 2 survivors (4096K)
 Metaspace       used 62878K, committed 63680K, reserved 1114112K
  class space    used 8973K, committed 9344K, reserved 1048576K
}
Event: 27.934 GC heap before
{Heap before GC invocations=32 (full 0):
 garbage-first heap   total 202752K, used 139960K [0x0000000744e00000, 0x0000000800000000)
  region size 2048K, 37 young (75776K), 2 survivors (4096K)
 Metaspace       used 65311K, committed 66112K, reserved 1114112K
  class space    used 9275K, committed 9664K, reserved 1048576K
}
Event: 27.950 GC heap after
{Heap after GC invocations=33 (full 0):
 garbage-first heap   total 202752K, used 83036K [0x0000000744e00000, 0x0000000800000000)
  region size 2048K, 5 young (10240K), 5 survivors (10240K)
 Metaspace       used 65311K, committed 66112K, reserved 1114112K
  class space    used 9275K, committed 9664K, reserved 1048576K
}
Event: 29.694 GC heap before
{Heap before GC invocations=33 (full 0):
 garbage-first heap   total 202752K, used 146524K [0x0000000744e00000, 0x0000000800000000)
  region size 2048K, 36 young (73728K), 5 survivors (10240K)
 Metaspace       used 68357K, committed 69184K, reserved 1114112K
  class space    used 9709K, committed 10112K, reserved 1048576K
}
Event: 29.712 GC heap after
{Heap after GC invocations=34 (full 0):
 garbage-first heap   total 202752K, used 93326K [0x0000000744e00000, 0x0000000800000000)
  region size 2048K, 5 young (10240K), 5 survivors (10240K)
 Metaspace       used 68357K, committed 69184K, reserved 1114112K
  class space    used 9709K, committed 10112K, reserved 1048576K
}
Event: 31.898 GC heap before
{Heap before GC invocations=34 (full 0):
 garbage-first heap   total 202752K, used 150670K [0x0000000744e00000, 0x0000000800000000)
  region size 2048K, 33 young (67584K), 5 survivors (10240K)
 Metaspace       used 70906K, committed 71936K, reserved 1114112K
  class space    used 10071K, committed 10560K, reserved 1048576K
}
Event: 31.915 GC heap after
{Heap after GC invocations=35 (full 0):
 garbage-first heap   total 202752K, used 100308K [0x0000000744e00000, 0x0000000800000000)
  region size 2048K, 4 young (8192K), 4 survivors (8192K)
 Metaspace       used 70906K, committed 71936K, reserved 1114112K
  class space    used 10071K, committed 10560K, reserved 1048576K
}
Event: 33.233 GC heap before
{Heap before GC invocations=35 (full 0):
 garbage-first heap   total 202752K, used 153556K [0x0000000744e00000, 0x0000000800000000)
  region size 2048K, 30 young (61440K), 4 survivors (8192K)
 Metaspace       used 72611K, committed 73664K, reserved 1114112K
  class space    used 10339K, committed 10816K, reserved 1048576K
}
Event: 33.247 GC heap after
{Heap after GC invocations=36 (full 0):
 garbage-first heap   total 202752K, used 105493K [0x0000000744e00000, 0x0000000800000000)
  region size 2048K, 3 young (6144K), 3 survivors (6144K)
 Metaspace       used 72611K, committed 73664K, reserved 1114112K
  class space    used 10339K, committed 10816K, reserved 1048576K
}
Event: 34.672 GC heap before
{Heap before GC invocations=37 (full 0):
 garbage-first heap   total 202752K, used 158741K [0x0000000744e00000, 0x0000000800000000)
  region size 2048K, 29 young (59392K), 3 survivors (6144K)
 Metaspace       used 73685K, committed 74880K, reserved 1114112K
  class space    used 10497K, committed 11072K, reserved 1048576K
}
Event: 34.690 GC heap after
{Heap after GC invocations=38 (full 0):
 garbage-first heap   total 202752K, used 113587K [0x0000000744e00000, 0x0000000800000000)
  region size 2048K, 4 young (8192K), 4 survivors (8192K)
 Metaspace       used 73685K, committed 74880K, reserved 1114112K
  class space    used 10497K, committed 11072K, reserved 1048576K
}
Event: 34.784 GC heap before
{Heap before GC invocations=38 (full 0):
 garbage-first heap   total 202752K, used 115635K [0x0000000744e00000, 0x0000000800000000)
  region size 2048K, 5 young (10240K), 4 survivors (8192K)
 Metaspace       used 73725K, committed 74944K, reserved 1114112K
  class space    used 10501K, committed 11072K, reserved 1048576K
}
Event: 34.802 GC heap after
{Heap after GC invocations=39 (full 0):
 garbage-first heap   total 202752K, used 113098K [0x0000000744e00000, 0x0000000800000000)
  region size 2048K, 1 young (2048K), 1 survivors (2048K)
 Metaspace       used 73725K, committed 74944K, reserved 1114112K
  class space    used 10501K, committed 11072K, reserved 1048576K
}
Event: 36.415 GC heap before
{Heap before GC invocations=39 (full 0):
 garbage-first heap   total 202752K, used 160202K [0x0000000744e00000, 0x0000000800000000)
  region size 2048K, 24 young (49152K), 1 survivors (2048K)
 Metaspace       used 75012K, committed 76352K, reserved 1179648K
  class space    used 10687K, committed 11328K, reserved 1048576K
}
Event: 36.432 GC heap after
{Heap after GC invocations=40 (full 0):
 garbage-first heap   total 202752K, used 122880K [0x0000000744e00000, 0x0000000800000000)
  region size 2048K, 3 young (6144K), 3 survivors (6144K)
 Metaspace       used 75012K, committed 76352K, reserved 1179648K
  class space    used 10687K, committed 11328K, reserved 1048576K
}
Event: 37.111 GC heap before
{Heap before GC invocations=41 (full 0):
 garbage-first heap   total 239616K, used 157696K [0x0000000744e00000, 0x0000000800000000)
  region size 2048K, 21 young (43008K), 3 survivors (6144K)
 Metaspace       used 75622K, committed 76992K, reserved 1179648K
  class space    used 10784K, committed 11456K, reserved 1048576K
}
Event: 37.127 GC heap after
{Heap after GC invocations=42 (full 0):
 garbage-first heap   total 239616K, used 127353K [0x0000000744e00000, 0x0000000800000000)
  region size 2048K, 3 young (6144K), 3 survivors (6144K)
 Metaspace       used 75622K, committed 76992K, reserved 1179648K
  class space    used 10784K, committed 11456K, reserved 1048576K
}
Event: 37.218 GC heap before
{Heap before GC invocations=42 (full 0):
 garbage-first heap   total 239616K, used 131449K [0x0000000744e00000, 0x0000000800000000)
  region size 2048K, 5 young (10240K), 3 survivors (6144K)
 Metaspace       used 75678K, committed 77056K, reserved 1179648K
  class space    used 10792K, committed 11456K, reserved 1048576K
}
Event: 37.230 GC heap after
{Heap after GC invocations=43 (full 0):
 garbage-first heap   total 401408K, used 127680K [0x0000000744e00000, 0x0000000800000000)
  region size 2048K, 1 young (2048K), 1 survivors (2048K)
 Metaspace       used 75678K, committed 77056K, reserved 1179648K
  class space    used 10792K, committed 11456K, reserved 1048576K
}

Deoptimization events (20 events):
Event: 41.085 Thread 0x000001187d89ea40 DEOPT PACKING pc=0x000001185f7e7822 sp=0x000000113fff89b0
Event: 41.085 Thread 0x000001187d89ea40 DEOPT UNPACKING pc=0x00000118658a66e3 sp=0x000000113fff7e38 mode 0
Event: 41.263 Thread 0x000001187d89ea40 DEOPT PACKING pc=0x000001185efea227 sp=0x000000113fff9260
Event: 41.263 Thread 0x000001187d89ea40 DEOPT UNPACKING pc=0x00000118658a66e3 sp=0x000000113fff87b0 mode 0
Event: 41.305 Thread 0x000001187d89ea40 Uncommon trap: trap_request=0xffffff45 fr.pc=0x00000118665a7998 relative=0x0000000000005098
Event: 41.305 Thread 0x000001187d89ea40 Uncommon trap: reason=unstable_if action=reinterpret pc=0x00000118665a7998 method=org.gradle.internal.reflect.PropertyAccessorType.of(Ljava/lang/reflect/Method;)Lorg/gradle/internal/reflect/PropertyAccessorType; @ 74 c2
Event: 41.305 Thread 0x000001187d89ea40 DEOPT PACKING pc=0x00000118665a7998 sp=0x000000113fff9050
Event: 41.305 Thread 0x000001187d89ea40 DEOPT UNPACKING pc=0x00000118658a5ba3 sp=0x000000113fff8fe8 mode 2
Event: 41.305 Thread 0x000001187d89ea40 Uncommon trap: trap_request=0xffffff45 fr.pc=0x00000118661bad74 relative=0x0000000000000294
Event: 41.305 Thread 0x000001187d89ea40 Uncommon trap: reason=unstable_if action=reinterpret pc=0x00000118661bad74 method=org.gradle.internal.reflect.PropertyAccessorType.of(Ljava/lang/reflect/Method;)Lorg/gradle/internal/reflect/PropertyAccessorType; @ 74 c2
Event: 41.305 Thread 0x000001187d89ea40 DEOPT PACKING pc=0x00000118661bad74 sp=0x000000113fff9010
Event: 41.306 Thread 0x000001187d89ea40 DEOPT UNPACKING pc=0x00000118658a5ba3 sp=0x000000113fff8fd8 mode 2
Event: 41.423 Thread 0x000001187d89ea40 Uncommon trap: trap_request=0xffffff45 fr.pc=0x00000118664b18a4 relative=0x0000000000000504
Event: 41.423 Thread 0x000001187d89ea40 Uncommon trap: reason=unstable_if action=reinterpret pc=0x00000118664b18a4 method=groovy.lang.MetaClassImpl.filterPropertyMethod(Ljava/lang/Object;ZZ)Ljava/lang/Object; @ 80 c2
Event: 41.423 Thread 0x000001187d89ea40 DEOPT PACKING pc=0x00000118664b18a4 sp=0x000000113fff7ba0
Event: 41.424 Thread 0x000001187d89ea40 DEOPT UNPACKING pc=0x00000118658a5ba3 sp=0x000000113fff7b10 mode 2
Event: 41.426 Thread 0x000001187d89ea40 Uncommon trap: trap_request=0xffffffde fr.pc=0x00000118665fd4a4 relative=0x0000000000007cc4
Event: 41.426 Thread 0x000001187d89ea40 Uncommon trap: reason=class_check action=maybe_recompile pc=0x00000118665fd4a4 method=org.gradle.internal.metaobject.ConfigureDelegate.invokeMethod(Ljava/lang/String;Ljava/lang/Object;)Ljava/lang/Object; @ 96 c2
Event: 41.426 Thread 0x000001187d89ea40 DEOPT PACKING pc=0x00000118665fd4a4 sp=0x000000113fff83f0
Event: 41.426 Thread 0x000001187d89ea40 DEOPT UNPACKING pc=0x00000118658a5ba3 sp=0x000000113fff82a0 mode 2

Classes unloaded (0 events):
No events

Classes redefined (0 events):
No events

Internal exceptions (20 events):
Event: 41.354 Thread 0x000001187d89ea40 Exception <a 'java/lang/ClassNotFoundException'{0x0000000754266070}: dependencies_byx0jlh744mlci9066b15gn7xBeanInfo> (0x0000000754266070) 
thrown [s\open\src\hotspot\share\classfile\systemDictionary.cpp, line 256]
Event: 41.356 Thread 0x000001187d89ea40 Exception <a 'java/lang/ClassNotFoundException'{0x0000000754272950}: dependencies_byx0jlh744mlci9066b15gn7xCustomizer> (0x0000000754272950) 
thrown [s\open\src\hotspot\share\classfile\systemDictionary.cpp, line 256]
Event: 41.410 Thread 0x000001187d89ea40 Exception <a 'java/lang/ClassNotFoundException'{0x000000075411fbb0}: com/github/davidmc24/gradle/plugin/avro/GenerateAvroJavaTask_DecoratedBeanInfo> (0x000000075411fbb0) 
thrown [s\open\src\hotspot\share\classfile\systemDictionary.cpp, line 256]
Event: 41.412 Thread 0x000001187d89ea40 Exception <a 'java/lang/ClassNotFoundException'{0x0000000754132e38}: com/github/davidmc24/gradle/plugin/avro/GenerateAvroJavaTaskBeanInfo> (0x0000000754132e38) 
thrown [s\open\src\hotspot\share\classfile\systemDictionary.cpp, line 256]
Event: 41.413 Thread 0x000001187d89ea40 Exception <a 'java/lang/ClassNotFoundException'{0x0000000754145d48}: com/github/davidmc24/gradle/plugin/avro/OutputDirTaskBeanInfo> (0x0000000754145d48) 
thrown [s\open\src\hotspot\share\classfile\systemDictionary.cpp, line 256]
Event: 41.414 Thread 0x000001187d89ea40 Exception <a 'java/lang/ClassNotFoundException'{0x0000000754158ee8}: com/github/davidmc24/gradle/plugin/avro/OutputDirTaskCustomizer> (0x0000000754158ee8) 
thrown [s\open\src\hotspot\share\classfile\systemDictionary.cpp, line 256]
Event: 41.416 Thread 0x000001187d89ea40 Exception <a 'java/lang/ClassNotFoundException'{0x000000075417db70}: com/github/davidmc24/gradle/plugin/avro/GenerateAvroJavaTaskCustomizer> (0x000000075417db70) 
thrown [s\open\src\hotspot\share\classfile\systemDictionary.cpp, line 256]
Event: 41.419 Thread 0x000001187d89ea40 Exception <a 'java/lang/ClassNotFoundException'{0x00000007541dd668}: com/github/davidmc24/gradle/plugin/avro/GenerateAvroJavaTask_DecoratedCustomizer> (0x00000007541dd668) 
thrown [s\open\src\hotspot\share\classfile\systemDictionary.cpp, line 256]
Event: 41.500 Thread 0x000001187d89ea40 Exception <a 'java/lang/ClassNotFoundException'{0x0000000753d20618}: org/gradle/api/plugins/internal/DefaultJavaPluginExtension_DecoratedBeanInfo> (0x0000000753d20618) 
thrown [s\open\src\hotspot\share\classfile\systemDictionary.cpp, line 256]
Event: 41.502 Thread 0x000001187d89ea40 Exception <a 'java/lang/ClassNotFoundException'{0x0000000753d3b418}: org/gradle/api/plugins/internal/DefaultJavaPluginExtensionBeanInfo> (0x0000000753d3b418) 
thrown [s\open\src\hotspot\share\classfile\systemDictionary.cpp, line 256]
Event: 41.504 Thread 0x000001187d89ea40 Exception <a 'java/lang/ClassNotFoundException'{0x0000000753d56230}: org/gradle/api/plugins/internal/DefaultJavaPluginExtensionCustomizer> (0x0000000753d56230) 
thrown [s\open\src\hotspot\share\classfile\systemDictionary.cpp, line 256]
Event: 41.512 Thread 0x000001187d89ea40 Exception <a 'java/lang/ClassNotFoundException'{0x0000000753d93dc0}: org/gradle/api/plugins/internal/DefaultJavaPluginExtension_DecoratedCustomizer> (0x0000000753d93dc0) 
thrown [s\open\src\hotspot\share\classfile\systemDictionary.cpp, line 256]
Event: 41.551 Thread 0x000001187d89ea40 Exception <a 'java/lang/ClassNotFoundException'{0x0000000753aa0310}: com/diffplug/gradle/spotless/JsonExtension_DecoratedBeanInfo> (0x0000000753aa0310) 
thrown [s\open\src\hotspot\share\classfile\systemDictionary.cpp, line 256]
Event: 41.553 Thread 0x000001187d89ea40 Exception <a 'java/lang/ClassNotFoundException'{0x0000000753ab0c80}: com/diffplug/gradle/spotless/JsonExtensionBeanInfo> (0x0000000753ab0c80) 
thrown [s\open\src\hotspot\share\classfile\systemDictionary.cpp, line 256]
Event: 41.556 Thread 0x000001187d89ea40 Exception <a 'java/lang/ClassNotFoundException'{0x0000000753ac1e18}: com/diffplug/gradle/spotless/FormatExtensionBeanInfo> (0x0000000753ac1e18) 
thrown [s\open\src\hotspot\share\classfile\systemDictionary.cpp, line 256]
Event: 41.559 Thread 0x000001187d89ea40 Exception <a 'java/lang/ClassNotFoundException'{0x0000000753ad2a98}: com/diffplug/gradle/spotless/FormatExtensionCustomizer> (0x0000000753ad2a98) 
thrown [s\open\src\hotspot\share\classfile\systemDictionary.cpp, line 256]
Event: 41.563 Thread 0x000001187d89ea40 Exception <a 'java/lang/ClassNotFoundException'{0x0000000753b08710}: com/diffplug/gradle/spotless/JsonExtensionCustomizer> (0x0000000753b08710) 
thrown [s\open\src\hotspot\share\classfile\systemDictionary.cpp, line 256]
Event: 41.566 Thread 0x000001187d89ea40 Exception <a 'java/lang/ClassNotFoundException'{0x0000000753b27f00}: com/diffplug/gradle/spotless/JsonExtension_DecoratedCustomizer> (0x0000000753b27f00) 
thrown [s\open\src\hotspot\share\classfile\systemDictionary.cpp, line 256]
Event: 41.621 Thread 0x000001187d89ea40 Exception <a 'java/lang/NoSuchMethodError'{0x000000075390d040}: 'java.lang.Object java.lang.invoke.DirectMethodHandle$Holder.invokeStatic(java.lang.Object, java.lang.Object, java.lang.Object, java.lang.Object, int, java.lang.Object)'> (0x000000075390d040) 
thrown [s\open\src\hotspot\share\interpreter\linkResolver.cpp, line 759]
Event: 41.627 Thread 0x000001187d89ea40 Exception <a 'java/lang/NoSuchMethodError'{0x000000075393d428}: 'java.lang.Object java.lang.invoke.DirectMethodHandle$Holder.invokeStatic(java.lang.Object, int, java.lang.Object)'> (0x000000075393d428) 
thrown [s\open\src\hotspot\share\interpreter\linkResolver.cpp, line 759]

VM Operations (20 events):
Event: 38.579 Executing VM operation: Cleanup
Event: 38.579 Executing VM operation: Cleanup done
Event: 38.816 Executing VM operation: HandshakeAllThreads
Event: 38.817 Executing VM operation: HandshakeAllThreads done
Event: 39.114 Executing VM operation: HandshakeAllThreads
Event: 39.114 Executing VM operation: HandshakeAllThreads done
Event: 39.569 Executing VM operation: HandshakeAllThreads
Event: 39.570 Executing VM operation: HandshakeAllThreads done
Event: 39.584 Executing VM operation: HandshakeAllThreads
Event: 39.584 Executing VM operation: HandshakeAllThreads done
Event: 39.584 Executing VM operation: Cleanup
Event: 39.585 Executing VM operation: Cleanup done
Event: 39.588 Executing VM operation: HandshakeAllThreads
Event: 39.589 Executing VM operation: HandshakeAllThreads done
Event: 39.997 Executing VM operation: HandshakeAllThreads
Event: 39.998 Executing VM operation: HandshakeAllThreads done
Event: 40.998 Executing VM operation: Cleanup
Event: 40.998 Executing VM operation: Cleanup done
Event: 41.430 Executing VM operation: HandshakeAllThreads
Event: 41.430 Executing VM operation: HandshakeAllThreads done

Events (20 events):
Event: 40.683 loading class java/lang/BooleanCustomizer done
Event: 40.883 Thread 0x000001187e293820 Thread exited: 0x000001187e293820
Event: 40.933 loading class java/util/HashMap$NodeBeanInfo
Event: 40.933 loading class java/util/HashMap$NodeBeanInfo done
Event: 40.934 loading class java/util/HashMap$NodeBeanInfo
Event: 40.934 loading class java/util/HashMap$NodeBeanInfo done
Event: 40.934 loading class java/util/HashMap$NodeCustomizer
Event: 40.934 loading class java/util/HashMap$NodeCustomizer done
Event: 40.935 loading class java/util/HashMap$NodeCustomizer
Event: 40.935 loading class java/util/HashMap$NodeCustomizer done
Event: 40.947 loading class java/util/MapBeanInfo
Event: 40.947 loading class java/util/MapBeanInfo done
Event: 40.947 loading class java/util/MapBeanInfo
Event: 40.947 loading class java/util/MapBeanInfo done
Event: 40.948 loading class java/util/MapCustomizer
Event: 40.948 loading class java/util/MapCustomizer done
Event: 40.948 loading class java/util/MapCustomizer
Event: 40.948 loading class java/util/MapCustomizer done
Event: 40.970 Thread 0x000001187e17dc80 Thread added: 0x000001187e17dc80
Event: 41.237 Thread 0x000001187cc02e30 Thread added: 0x000001187cc02e30


Dynamic libraries:
0x00007ff790a90000 - 0x00007ff790aa0000 	C:\Program Files\Java\jdk-17\bin\java.exe
0x00007fffefbd0000 - 0x00007fffefdc8000 	C:\Windows\SYSTEM32\ntdll.dll
0x00007fffef550000 - 0x00007fffef60d000 	C:\Windows\System32\KERNEL32.DLL
0x00007fffed730000 - 0x00007fffeda26000 	C:\Windows\System32\KERNELBASE.dll
0x00007fffe5a60000 - 0x00007fffe5af0000 	C:\Windows\SYSTEM32\apphelp.dll
0x00007fffedb10000 - 0x00007fffedc10000 	C:\Windows\System32\ucrtbase.dll
0x00007fffd0ea0000 - 0x00007fffd0ebb000 	C:\Program Files\Java\jdk-17\bin\VCRUNTIME140.dll
0x00007fffe0590000 - 0x00007fffe05a9000 	C:\Program Files\Java\jdk-17\bin\jli.dll
0x00007fffefa60000 - 0x00007fffefb10000 	C:\Windows\System32\ADVAPI32.dll
0x00007fffef610000 - 0x00007fffef6ae000 	C:\Windows\System32\msvcrt.dll
0x00007fffedc10000 - 0x00007fffedcb0000 	C:\Windows\System32\sechost.dll
0x00007fffeee90000 - 0x00007fffeefb3000 	C:\Windows\System32\RPCRT4.dll
0x00007fffed5a0000 - 0x00007fffed5c7000 	C:\Windows\System32\bcrypt.dll
0x00007fffd0ab0000 - 0x00007fffd0d4a000 	C:\Windows\WinSxS\amd64_microsoft.windows.common-controls_6595b64144ccf1df_6.0.19041.4355_none_60b8b9eb71f62e16\COMCTL32.dll
0x00007fffef710000 - 0x00007fffef8af000 	C:\Windows\System32\USER32.dll
0x00007fffeedf0000 - 0x00007fffeee1b000 	C:\Windows\System32\GDI32.dll
0x00007fffed290000 - 0x00007fffed3a7000 	C:\Windows\System32\gdi32full.dll
0x00007fffed5d0000 - 0x00007fffed66d000 	C:\Windows\System32\msvcp_win.dll
0x00007fffeda30000 - 0x00007fffeda52000 	C:\Windows\System32\win32u.dll
0x00007fffe35d0000 - 0x00007fffe35da000 	C:\Windows\SYSTEM32\VERSION.dll
0x00007fffee4f0000 - 0x00007fffee51f000 	C:\Windows\System32\IMM32.DLL
0x00007fffe58c0000 - 0x00007fffe58cc000 	C:\Program Files\Java\jdk-17\bin\vcruntime140_1.dll
0x00007fffaf560000 - 0x00007fffaf5ee000 	C:\Program Files\Java\jdk-17\bin\msvcp140.dll
0x00007fff08700000 - 0x00007fff092df000 	C:\Program Files\Java\jdk-17\bin\server\jvm.dll
0x00007fffeee80000 - 0x00007fffeee88000 	C:\Windows\System32\PSAPI.DLL
0x00007fffc9540000 - 0x00007fffc9549000 	C:\Windows\SYSTEM32\WSOCK32.dll
0x00007fffdd790000 - 0x00007fffdd7b7000 	C:\Windows\SYSTEM32\WINMM.dll
0x00007fffeecf0000 - 0x00007fffeed5b000 	C:\Windows\System32\WS2_32.dll
0x00007fffeb8a0000 - 0x00007fffeb8b2000 	C:\Windows\SYSTEM32\kernel.appcore.dll
0x00007fffe1ee0000 - 0x00007fffe1eea000 	C:\Program Files\Java\jdk-17\bin\jimage.dll
0x00007fffeacd0000 - 0x00007fffeaeb4000 	C:\Windows\SYSTEM32\DBGHELP.DLL
0x00007fffc8d00000 - 0x00007fffc8d34000 	C:\Windows\SYSTEM32\dbgcore.DLL
0x00007fffed3b0000 - 0x00007fffed432000 	C:\Windows\System32\bcryptPrimitives.dll
0x00007fffe1e00000 - 0x00007fffe1e0e000 	C:\Program Files\Java\jdk-17\bin\instrument.dll
0x00007fffce0a0000 - 0x00007fffce0c5000 	C:\Program Files\Java\jdk-17\bin\java.dll
0x00007fffaf440000 - 0x00007fffaf517000 	C:\Program Files\Java\jdk-17\bin\jsvml.dll
0x00007fffedcb0000 - 0x00007fffee41c000 	C:\Windows\System32\SHELL32.dll
0x00007fffeafc0000 - 0x00007fffeb75d000 	C:\Windows\SYSTEM32\windows.storage.dll
0x00007fffee990000 - 0x00007fffeece3000 	C:\Windows\System32\combase.dll
0x00007fffecb60000 - 0x00007fffecb8e000 	C:\Windows\SYSTEM32\Wldp.dll
0x00007fffee420000 - 0x00007fffee4ed000 	C:\Windows\System32\OLEAUT32.dll
0x00007fffee520000 - 0x00007fffee5cd000 	C:\Windows\System32\SHCORE.dll
0x00007fffeee20000 - 0x00007fffeee75000 	C:\Windows\System32\shlwapi.dll
0x00007fffed1c0000 - 0x00007fffed1e4000 	C:\Windows\SYSTEM32\profapi.dll
0x00007fffcdbc0000 - 0x00007fffcdbd8000 	C:\Program Files\Java\jdk-17\bin\zip.dll
0x00007fffce8a0000 - 0x00007fffce8b9000 	C:\Program Files\Java\jdk-17\bin\net.dll
0x00007fffec200000 - 0x00007fffec30a000 	C:\Windows\SYSTEM32\WINHTTP.dll
0x00007fffec940000 - 0x00007fffec9aa000 	C:\Windows\system32\mswsock.dll
0x00007fffce080000 - 0x00007fffce096000 	C:\Program Files\Java\jdk-17\bin\nio.dll
0x00007fffce740000 - 0x00007fffce750000 	C:\Program Files\Java\jdk-17\bin\verify.dll
0x00007fffca1e0000 - 0x00007fffca207000 	C:\Users\d.ngantchou\.gradle\native\c067742578af261105cb4f569cf0c3c89f3d7b1fecec35dd04571415982c5e48\windows-amd64\native-platform.dll
0x00007fffb3dc0000 - 0x00007fffb3f04000 	C:\Users\d.ngantchou\.gradle\native\38dada09dfb8b06ba9b0570ebf7e218e3eb74d4ef43ca46872605cf95ebc2f47\windows-amd64\native-platform-file-events.dll
0x00007fffcf220000 - 0x00007fffcf22a000 	C:\Program Files\Java\jdk-17\bin\management.dll
0x00007fffceef0000 - 0x00007fffceefb000 	C:\Program Files\Java\jdk-17\bin\management_ext.dll
0x00007fffecc10000 - 0x00007fffecc28000 	C:\Windows\SYSTEM32\CRYPTSP.dll
0x00007fffec110000 - 0x00007fffec144000 	C:\Windows\system32\rsaenh.dll
0x00007fffed130000 - 0x00007fffed15e000 	C:\Windows\SYSTEM32\USERENV.dll
0x00007fffecad0000 - 0x00007fffecadc000 	C:\Windows\SYSTEM32\CRYPTBASE.dll
0x00007fffec640000 - 0x00007fffec67b000 	C:\Windows\SYSTEM32\IPHLPAPI.DLL
0x00007fffee780000 - 0x00007fffee788000 	C:\Windows\System32\NSI.dll
0x00007fffe6bb0000 - 0x00007fffe6bc7000 	C:\Windows\SYSTEM32\dhcpcsvc6.DLL
0x00007fffe6b80000 - 0x00007fffe6b9d000 	C:\Windows\SYSTEM32\dhcpcsvc.DLL
0x00007fffec680000 - 0x00007fffec74a000 	C:\Windows\SYSTEM32\DNSAPI.dll
0x00007fffcea90000 - 0x00007fffcea9e000 	C:\Program Files\Java\jdk-17\bin\sunmscapi.dll
0x00007fffed440000 - 0x00007fffed59e000 	C:\Windows\System32\CRYPT32.dll
0x00007fffecd20000 - 0x00007fffecd49000 	C:\Windows\SYSTEM32\ncrypt.dll
0x00007fffecce0000 - 0x00007fffecd1b000 	C:\Windows\SYSTEM32\NTASN1.dll
0x00007fffb0160000 - 0x00007fffb0167000 	C:\Windows\system32\wshunix.dll
0x00007fffc9550000 - 0x00007fffc9567000 	C:\Windows\system32\napinsp.dll
0x00007fffc9490000 - 0x00007fffc94ab000 	C:\Windows\system32\pnrpnsp.dll
0x00007fffe74f0000 - 0x00007fffe7505000 	C:\Windows\system32\wshbth.dll
0x00007fffe6840000 - 0x00007fffe685d000 	C:\Windows\system32\NLAapi.dll
0x00007fffc9470000 - 0x00007fffc9482000 	C:\Windows\System32\winrnr.dll
0x00007fffe34e0000 - 0x00007fffe34ea000 	C:\Windows\System32\rasadhlp.dll
0x00007fffe6b00000 - 0x00007fffe6b80000 	C:\Windows\System32\fwpuclnt.dll
0x00007fffc4e80000 - 0x00007fffc4ec1000 	C:\Users\d.ngantchou\AppData\Local\Temp\jna-1561045647\jna6471359829588034068.dll
0x0000011845f10000 - 0x0000011845f13000 	C:\Windows\SYSTEM32\Security.dll

dbghelp: loaded successfully - version: 4.0.5 - missing functions: none
symbol engine: initialized successfully - sym options: 0x614 - pdb path: .;C:\Program Files\Java\jdk-17\bin;C:\Windows\SYSTEM32;C:\Windows\WinSxS\amd64_microsoft.windows.common-controls_6595b64144ccf1df_6.0.19041.4355_none_60b8b9eb71f62e16;C:\Program Files\Java\jdk-17\bin\server;C:\Users\d.ngantchou\.gradle\native\c067742578af261105cb4f569cf0c3c89f3d7b1fecec35dd04571415982c5e48\windows-amd64;C:\Users\d.ngantchou\.gradle\native\38dada09dfb8b06ba9b0570ebf7e218e3eb74d4ef43ca46872605cf95ebc2f47\windows-amd64;C:\Users\d.ngantchou\AppData\Local\Temp\jna-1561045647

VM Arguments:
jvm_args: --add-opens=java.base/java.util=ALL-UNNAMED --add-opens=java.base/java.lang=ALL-UNNAMED --add-opens=java.base/java.lang.invoke=ALL-UNNAMED --add-opens=java.prefs/java.util.prefs=ALL-UNNAMED --add-opens=java.base/java.nio.charset=ALL-UNNAMED --add-opens=java.base/java.net=ALL-UNNAMED --add-opens=java.base/java.util.concurrent.atomic=ALL-UNNAMED -Dfile.encoding=windows-1252 -Duser.country=FR -Duser.language=fr -Duser.variant -javaagent:C:\Users\d.ngantchou\.gradle\wrapper\dists\gradle-8.6-bin\afr5mpiioh2wthjmwnkmdsd5w\gradle-8.6\lib\agents\gradle-instrumentation-agent-8.6.jar 
java_command: org.gradle.launcher.daemon.bootstrap.GradleDaemon 8.6
java_class_path (initial): C:\Users\d.ngantchou\.gradle\wrapper\dists\gradle-8.6-bin\afr5mpiioh2wthjmwnkmdsd5w\gradle-8.6\lib\gradle-launcher-8.6.jar
Launcher Type: SUN_STANDARD

[Global flags]
     intx CICompilerCount                          = 4                                         {product} {ergonomic}
     uint ConcGCThreads                            = 2                                         {product} {ergonomic}
     uint G1ConcRefinementThreads                  = 8                                         {product} {ergonomic}
   size_t G1HeapRegionSize                         = 2097152                                   {product} {ergonomic}
    uintx GCDrainStackTargetSize                   = 64                                        {product} {ergonomic}
   size_t InitialHeapSize                          = 197132288                                 {product} {ergonomic}
   size_t MarkStackSize                            = 4194304                                   {product} {ergonomic}
   size_t MaxHeapSize                              = 3139436544                                {product} {ergonomic}
   size_t MaxNewSize                               = 1883242496                                {product} {ergonomic}
   size_t MinHeapDeltaBytes                        = 2097152                                   {product} {ergonomic}
   size_t MinHeapSize                              = 8388608                                   {product} {ergonomic}
    uintx NonNMethodCodeHeapSize                   = 5839372                                {pd product} {ergonomic}
    uintx NonProfiledCodeHeapSize                  = 122909434                              {pd product} {ergonomic}
    uintx ProfiledCodeHeapSize                     = 122909434                              {pd product} {ergonomic}
    uintx ReservedCodeCacheSize                    = 251658240                              {pd product} {ergonomic}
     bool SegmentedCodeCache                       = true                                      {product} {ergonomic}
   size_t SoftMaxHeapSize                          = 3139436544                             {manageable} {ergonomic}
     bool UseCompressedClassPointers               = true                           {product lp64_product} {ergonomic}
     bool UseCompressedOops                        = true                           {product lp64_product} {ergonomic}
     bool UseG1GC                                  = true                                      {product} {ergonomic}
     bool UseLargePagesIndividualAllocation        = false                                  {pd product} {ergonomic}

Logging:
Log output configuration:
 #0: stdout all=warning uptime,level,tags
 #1: stderr all=off uptime,level,tags

Environment Variables:
JAVA_HOME=C:\Program Files\Java\jdk-17
PATH=C:\Program Files\Common Files\Oracle\Java\javapath;C:\Windows\system32;C:\Windows;C:\Windows\System32\Wbem;C:\Windows\System32\WindowsPowerShell\v1.0\;C:\Windows\System32\OpenSSH\;C:\Program Files\Git\cmd;C:\Program Files\nodejs\;C:\Program Files\Docker\Docker\resources\bin;C:\xampp\php;C:\composer;C:\Program Files\Java\jdk-17\bin;C:\xampp\mysql\bin;C:\Gradle\gradle-8.6\bin;C:\Program Files\Microsoft SQL Server\150\Tools\Binn\;C:\Program Files\Microsoft SQL Server\Client SDK\ODBC\170\Tools\Binn\;C:\Program Files\dotnet\;C:\Users\d.ngantchou\AppData\Local\Microsoft\WindowsApps;;C:\Users\d.ngantchou\AppData\Local\Programs\Microsoft VS Code\bin;C:\Users\d.ngantchou\AppData\Roaming\npm;C:\Users\d.ngantchou\AppData\Roaming\Composer\vendor\bin;C:\Users\d.ngantchou\.dotnet\tools
USERNAME=d.ngantchou
OS=Windows_NT
PROCESSOR_IDENTIFIER=Intel64 Family 6 Model 140 Stepping 1, GenuineIntel



---------------  S Y S T E M  ---------------

OS:
 Windows 10 , 64 bit Build 19041 (10.0.19041.3636)
OS uptime: 4 days 22:16 hours
Hyper-V role detected

CPU: total 8 (initial active 8) (4 cores per cpu, 2 threads per core) family 6 model 140 stepping 1 microcode 0xb6, cx8, cmov, fxsr, ht, mmx, 3dnowpref, sse, sse2, sse3, ssse3, sse4.1, sse4.2, popcnt, lzcnt, tsc, tscinvbit, avx, avx2, aes, erms, clmul, bmi1, bmi2, adx, avx512f, avx512dq, avx512cd, avx512bw, avx512vl, sha, fma, vzeroupper, avx512_vpopcntdq, avx512_vpclmulqdq, avx512_vaes, avx512_vnni, clflush, clflushopt, clwb, avx512_vbmi2, avx512_vbmi, hv

Memory: 4k page, system-wide physical 11968M (631M free)
TotalPageFile size 25904M (AvailPageFile size 5M)
current process WorkingSet (physical memory assigned to process): 663M, peak: 663M
current process commit charge ("private bytes"): 732M, peak: 736M

vm_info: Java HotSpot(TM) 64-Bit Server VM (17.0.10+11-LTS-240) for windows-amd64 JRE (17.0.10+11-LTS-240), built on Dec 19 2023 21:47:25 by "mach5one" with MS VC++ 17.1 (VS2022)

END.
