#
# There is insufficient memory for the Java Runtime Environment to continue.
# Native memory allocation (malloc) failed to allocate 1698576 bytes for Chunk::new
# Possible reasons:
#   The system is out of physical RAM or swap space
#   The process is running with CompressedOops enabled, and the Java Heap may be blocking the growth of the native heap
# Possible solutions:
#   Reduce memory load on the system
#   Increase physical memory or swap space
#   Check if swap backing store is full
#   Decrease Java heap size (-Xmx/-Xms)
#   Decrease number of Java threads
#   Decrease Java thread stack sizes (-Xss)
#   Set larger code cache with -XX:ReservedCodeCacheSize=
#   JVM is running with Zero Based Compressed Oops mode in which the Java heap is
#     placed in the first 32GB address space. The Java Heap base address is the
#     maximum limit for the native heap growth. Please use -XX:HeapBaseMinAddress
#     to set the Java Heap base and to place the Java Heap above 32GB virtual address.
# This output file may be truncated or incomplete.
#
#  Out of Memory Error (arena.cpp:189), pid=14420, tid=24324
#
# JRE version: Java(TM) SE Runtime Environment (17.0.10+11) (build 17.0.10+11-LTS-240)
# Java VM: Java HotSpot(TM) 64-Bit Server VM (17.0.10+11-LTS-240, mixed mode, sharing, tiered, compressed oops, compressed class ptrs, g1 gc, windows-amd64)
# No core dump will be written. Minidumps are not enabled by default on client versions of Windows
#

---------------  S U M M A R Y ------------

Command Line: --add-exports=jdk.compiler/com.sun.tools.javac.api=ALL-UNNAMED --add-exports=jdk.compiler/com.sun.tools.javac.file=ALL-UNNAMED --add-exports=jdk.compiler/com.sun.tools.javac.parser=ALL-UNNAMED --add-exports=jdk.compiler/com.sun.tools.javac.tree=ALL-UNNAMED --add-exports=jdk.compiler/com.sun.tools.javac.util=ALL-UNNAMED --add-exports=java.naming/com.sun.jndi.ldap=ALL-UNNAMED --add-opens=java.base/java.lang=ALL-UNNAMED --add-opens=java.base/java.lang.invoke=ALL-UNNAMED --add-opens=java.base/java.io=ALL-UNNAMED --add-opens=java.base/java.security=ALL-UNNAMED --add-opens=java.base/java.util=ALL-UNNAMED --add-opens=java.management/javax.management=ALL-UNNAMED --add-opens=java.naming/javax.naming=ALL-UNNAMED --add-opens=java.rmi/sun.rmi.transport=null --add-opens=java.base/java.util=ALL-UNNAMED --add-opens=java.base/java.lang=ALL-UNNAMED --add-opens=java.base/java.lang.invoke=ALL-UNNAMED --add-opens=java.prefs/java.util.prefs=ALL-UNNAMED --add-opens=java.base/java.nio.charset=ALL-UNNAMED --add-opens=java.base/java.net=ALL-UNNAMED --add-opens=java.base/java.util.concurrent.atomic=ALL-UNNAMED -Xmx6g -Dfile.encoding=utf8 -Duser.country=FR -Duser.language=fr -Duser.variant -javaagent:C:\Users\d.ngantchou\.gradle\wrapper\dists\gradle-8.6-bin\afr5mpiioh2wthjmwnkmdsd5w\gradle-8.6\lib\agents\gradle-instrumentation-agent-8.6.jar org.gradle.launcher.daemon.bootstrap.GradleDaemon 8.6

Host: 11th Gen Intel(R) Core(TM) i5-1135G7 @ 2.40GHz, 8 cores, 11G,  Windows 10 , 64 bit Build 19041 (10.0.19041.3636)
Time: Mon Jun 24 19:37:06 2024 Afr. centrale Ouest elapsed time: 44.270315 seconds (0d 0h 0m 44s)

---------------  T H R E A D  ---------------

Current thread (0x000001e4918f7cd0):  JavaThread "C2 CompilerThread0" daemon [_thread_in_native, id=24324, stack(0x0000001e79200000,0x0000001e79300000)]


Current CompileTask:
C2:  44270 15684   !   4       org.codehaus.groovy.runtime.metaclass.ClosureMetaClass::invokeMethod (872 bytes)

Stack: [0x0000001e79200000,0x0000001e79300000]
Native frames: (J=compiled Java code, j=interpreted, Vv=VM code, C=native code)
V  [jvm.dll+0x677a5a]
V  [jvm.dll+0x7d8b2d]
V  [jvm.dll+0x7da48e]
V  [jvm.dll+0x7daaf3]
V  [jvm.dll+0x2455ff]
V  [jvm.dll+0xaaafb]
V  [jvm.dll+0xab09c]
V  [jvm.dll+0x361b5f]
V  [jvm.dll+0x32c211]
V  [jvm.dll+0x32b6aa]
V  [jvm.dll+0x21794f]
V  [jvm.dll+0x216d81]
V  [jvm.dll+0x1a3410]
V  [jvm.dll+0x226aeb]
V  [jvm.dll+0x224cab]
V  [jvm.dll+0x78e45c]
V  [jvm.dll+0x78888a]
V  [jvm.dll+0x676935]
C  [ucrtbase.dll+0x21bb2]
C  [KERNEL32.DLL+0x17344]
C  [ntdll.dll+0x4cc91]


---------------  P R O C E S S  ---------------

Threads class SMR info:
_java_thread_list=0x000001e4dd84c810, length=137, elements={
0x000001e4e7f48780, 0x000001e4918d9ec0, 0x000001e4918daa80, 0x000001e4918ef1c0,
0x000001e4918efb80, 0x000001e4918f0540, 0x000001e4918f2f10, 0x000001e4918f7cd0,
0x000001e49190b570, 0x000001e49190bf70, 0x000001e4918c3ba0, 0x000001e491cb99b0,
0x000001e4d85597b0, 0x000001e4d7fd4ab0, 0x000001e4d8f14770, 0x000001e4d9d73a10,
0x000001e4d8a06590, 0x000001e4d89aa350, 0x000001e4d89a8f10, 0x000001e4d89abca0,
0x000001e4d89a9420, 0x000001e4d89aa860, 0x000001e4d89ab280, 0x000001e4d89ab790,
0x000001e4d89a9930, 0x000001e4d89a9e40, 0x000001e4d89ac1b0, 0x000001e4d89a8a00,
0x000001e491e1a6d0, 0x000001e491e146a0, 0x000001e491e150c0, 0x000001e491e14190,
0x000001e491e197a0, 0x000001e491e14bb0, 0x000001e491e17430, 0x000001e491e16a10,
0x000001e491e19cb0, 0x000001e491e18360, 0x000001e491e1b0f0, 0x000001e491e16f20,
0x000001e491e17e50, 0x000001e491e155d0, 0x000001e491e15ae0, 0x000001e491e15ff0,
0x000001e491e1b600, 0x000001e491e16500, 0x000001e491e18d80, 0x000001e4dc7edf50,
0x000001e4dc7ec0f0, 0x000001e4dc7ec600, 0x000001e4dc7ef390, 0x000001e4dc7ed530,
0x000001e4dc7ee460, 0x000001e4dc7ecb10, 0x000001e4dc7ee970, 0x000001e4dc7eee80,
0x000001e4dc7ef8a0, 0x000001e4dc7ed020, 0x000001e4dc7eda40, 0x000001e4dc130eb0,
0x000001e4dc12f560, 0x000001e4dc12dc10, 0x000001e4dc133220, 0x000001e4dc12cce0,
0x000001e4dc134150, 0x000001e4dc131de0, 0x000001e4dc12d1f0, 0x000001e4dc1318d0,
0x000001e4dc133c40, 0x000001e4dc12e630, 0x000001e4dc12ff80, 0x000001e4dc130490,
0x000001e4dc12e120, 0x000001e4dc1309a0, 0x000001e4dc1313c0, 0x000001e4dc12eb40,
0x000001e4dc134660, 0x000001e4dc12f050, 0x000001e4dc1322f0, 0x000001e4dc132800,
0x000001e4dc12d700, 0x000001e4dc132d10, 0x000001e4dc133730, 0x000001e4dc784050,
0x000001e4dc781ce0, 0x000001e4dc783630, 0x000001e4dc7821f0, 0x000001e4dc788c40,
0x000001e4dc783120, 0x000001e4dc782700, 0x000001e4dc785490, 0x000001e4dc789150,
0x000001e4dc786de0, 0x000001e4dc789660, 0x000001e4dc783b40, 0x000001e4dc784560,
0x000001e4dc784a70, 0x000001e4dc784f80, 0x000001e4dc787800, 0x000001e4dc785eb0,
0x000001e4dc7868d0, 0x000001e4dc7872f0, 0x000001e4dc7863c0, 0x000001e4dc787d10,
0x000001e4dc788220, 0x000001e4dc788730, 0x000001e4dbcf6b00, 0x000001e4dbcf2e40,
0x000001e4dbcf4790, 0x000001e4dbcf3350, 0x000001e4dbcf2930, 0x000001e4dbcf3d70,
0x000001e4dbcf7a30, 0x000001e4dbcf4280, 0x000001e4dbcf7520, 0x000001e4dbcf8450,
0x000001e4dbcf8e70, 0x000001e4dbcf4ca0, 0x000001e4dbcf9380, 0x000001e4dbcf3860,
0x000001e4dbcf51b0, 0x000001e4dbcf5bd0, 0x000001e4dbcf65f0, 0x000001e4dbcf56c0,
0x000001e4dbcf60e0, 0x000001e4dbcf7f40, 0x000001e4dbcf1f10, 0x000001e4dbcf8960,
0x000001e4dbcf9890, 0x000001e4dbcf2420, 0x000001e4d90314f0, 0x000001e4d9032930,
0x000001e4dbc75c90, 0x000001e4d902fba0, 0x000001e4d9031a00, 0x000001e4d9034790,
0x000001e4d9033860
}

Java Threads: ( => current thread )
  0x000001e4e7f48780 JavaThread "main" [_thread_blocked, id=20352, stack(0x0000001e78500000,0x0000001e78600000)]
  0x000001e4918d9ec0 JavaThread "Reference Handler" daemon [_thread_blocked, id=18508, stack(0x0000001e78c00000,0x0000001e78d00000)]
  0x000001e4918daa80 JavaThread "Finalizer" daemon [_thread_blocked, id=21824, stack(0x0000001e78d00000,0x0000001e78e00000)]
  0x000001e4918ef1c0 JavaThread "Signal Dispatcher" daemon [_thread_blocked, id=20436, stack(0x0000001e78e00000,0x0000001e78f00000)]
  0x000001e4918efb80 JavaThread "Attach Listener" daemon [_thread_blocked, id=21348, stack(0x0000001e78f00000,0x0000001e79000000)]
  0x000001e4918f0540 JavaThread "Service Thread" daemon [_thread_blocked, id=11124, stack(0x0000001e79000000,0x0000001e79100000)]
  0x000001e4918f2f10 JavaThread "Monitor Deflation Thread" daemon [_thread_blocked, id=24780, stack(0x0000001e79100000,0x0000001e79200000)]
=>0x000001e4918f7cd0 JavaThread "C2 CompilerThread0" daemon [_thread_in_native, id=24324, stack(0x0000001e79200000,0x0000001e79300000)]
  0x000001e49190b570 JavaThread "C1 CompilerThread0" daemon [_thread_blocked, id=14224, stack(0x0000001e79300000,0x0000001e79400000)]
  0x000001e49190bf70 JavaThread "Sweeper thread" daemon [_thread_blocked, id=13332, stack(0x0000001e79400000,0x0000001e79500000)]
  0x000001e4918c3ba0 JavaThread "Common-Cleaner" daemon [_thread_blocked, id=18808, stack(0x0000001e79500000,0x0000001e79600000)]
  0x000001e491cb99b0 JavaThread "Notification Thread" daemon [_thread_blocked, id=4876, stack(0x0000001e79700000,0x0000001e79800000)]
  0x000001e4d85597b0 JavaThread "Daemon health stats" [_thread_blocked, id=2052, stack(0x0000001e79d00000,0x0000001e79e00000)]
  0x000001e4d7fd4ab0 JavaThread "Incoming local TCP Connector on port 63227" [_thread_in_native, id=22508, stack(0x0000001e79900000,0x0000001e79a00000)]
  0x000001e4d8f14770 JavaThread "Daemon periodic checks" [_thread_blocked, id=25096, stack(0x0000001e79e00000,0x0000001e79f00000)]
  0x000001e4d9d73a10 JavaThread "Daemon" [_thread_blocked, id=11596, stack(0x0000001e7a000000,0x0000001e7a100000)]
  0x000001e4d8a06590 JavaThread "Handler for socket connection from /127.0.0.1:63227 to /127.0.0.1:63231" [_thread_in_native, id=21940, stack(0x0000001e7a100000,0x0000001e7a200000)]
  0x000001e4d89aa350 JavaThread "Cancel handler" [_thread_blocked, id=5412, stack(0x0000001e7a200000,0x0000001e7a300000)]
  0x000001e4d89a8f10 JavaThread "Daemon worker" [_thread_in_vm, id=26156, stack(0x0000001e7a300000,0x0000001e7a400000)]
  0x000001e4d89abca0 JavaThread "Asynchronous log dispatcher for DefaultDaemonConnection: socket connection from /127.0.0.1:63227 to /127.0.0.1:63231" [_thread_blocked, id=7272, stack(0x0000001e7a400000,0x0000001e7a500000)]
  0x000001e4d89a9420 JavaThread "Stdin handler" [_thread_blocked, id=9892, stack(0x0000001e7a500000,0x0000001e7a600000)]
  0x000001e4d89aa860 JavaThread "Daemon client event forwarder" [_thread_blocked, id=8472, stack(0x0000001e7a900000,0x0000001e7aa00000)]
  0x000001e4d89ab280 JavaThread "Cache worker for journal cache (C:\Users\d.ngantchou\.gradle\caches\journal-1)" [_thread_blocked, id=17252, stack(0x0000001e79f00000,0x0000001e7a000000)]
  0x000001e4d89ab790 JavaThread "File lock request listener" [_thread_in_native, id=23808, stack(0x0000001e7aa00000,0x0000001e7ab00000)]
  0x000001e4d89a9930 JavaThread "Cache worker for file hash cache (C:\Users\d.ngantchou\.gradle\caches\8.6\fileHashes)" [_thread_blocked, id=21088, stack(0x0000001e7ab00000,0x0000001e7ac00000)]
  0x000001e4d89a9e40 JavaThread "File watcher server" daemon [_thread_in_native, id=5496, stack(0x0000001e7ad00000,0x0000001e7ae00000)]
  0x000001e4d89ac1b0 JavaThread "File watcher consumer" daemon [_thread_blocked, id=15112, stack(0x0000001e7ae00000,0x0000001e7af00000)]
  0x000001e4d89a8a00 JavaThread "jar transforms" [_thread_blocked, id=18840, stack(0x0000001e7b000000,0x0000001e7b100000)]
  0x000001e491e1a6d0 JavaThread "jar transforms Thread 2" [_thread_blocked, id=19692, stack(0x0000001e7b100000,0x0000001e7b200000)]
  0x000001e491e146a0 JavaThread "jar transforms Thread 3" [_thread_blocked, id=16364, stack(0x0000001e7b200000,0x0000001e7b300000)]
  0x000001e491e150c0 JavaThread "Cache worker for checksums cache (C:\xampp\htdocs\lvm\fineract\.gradle\8.6\checksums)" [_thread_blocked, id=26292, stack(0x0000001e7b300000,0x0000001e7b400000)]
  0x000001e491e14190 JavaThread "Cache worker for file hash cache (C:\xampp\htdocs\lvm\fineract\.gradle\8.6\fileHashes)" [_thread_blocked, id=25864, stack(0x0000001e7b400000,0x0000001e7b500000)]
  0x000001e491e197a0 JavaThread "Cache worker for cache directory md-supplier (C:\Users\d.ngantchou\.gradle\caches\8.6\md-supplier)" [_thread_blocked, id=9048, stack(0x0000001e7b500000,0x0000001e7b600000)]
  0x000001e491e14bb0 JavaThread "Cache worker for cache directory md-rule (C:\Users\d.ngantchou\.gradle\caches\8.6\md-rule)" [_thread_blocked, id=15216, stack(0x0000001e7b600000,0x0000001e7b700000)]
  0x000001e491e17430 JavaThread "Cache worker for file content cache (C:\Users\d.ngantchou\.gradle\caches\8.6\fileContent)" [_thread_blocked, id=8972, stack(0x0000001e7b700000,0x0000001e7b800000)]
  0x000001e491e16a10 JavaThread "jar transforms Thread 4" [_thread_blocked, id=12956, stack(0x0000001e7b800000,0x0000001e7b900000)]
  0x000001e491e19cb0 JavaThread "jar transforms Thread 5" [_thread_blocked, id=25624, stack(0x0000001e7b900000,0x0000001e7ba00000)]
  0x000001e491e18360 JavaThread "jar transforms Thread 6" [_thread_blocked, id=21596, stack(0x0000001e7bb00000,0x0000001e7bc00000)]
  0x000001e491e1b0f0 JavaThread "jar transforms Thread 7" [_thread_blocked, id=25296, stack(0x0000001e7bc00000,0x0000001e7bd00000)]
  0x000001e491e16f20 JavaThread "jar transforms Thread 8" [_thread_blocked, id=27400, stack(0x0000001e7bd00000,0x0000001e7be00000)]
  0x000001e491e17e50 JavaThread "Unconstrained build operations" [_thread_blocked, id=24200, stack(0x0000001e7be00000,0x0000001e7bf00000)]
  0x000001e491e155d0 JavaThread "Unconstrained build operations Thread 2" [_thread_blocked, id=22132, stack(0x0000001e7bf00000,0x0000001e7c000000)]
  0x000001e491e15ae0 JavaThread "gradle-enterprise-worker-0" [_thread_blocked, id=22660, stack(0x0000001e7ba00000,0x0000001e7bb00000)]
  0x000001e491e15ff0 JavaThread "Cache worker for Build Output Cleanup Cache (C:\xampp\htdocs\lvm\fineract\buildSrc\.gradle\buildOutputCleanup)" [_thread_blocked, id=12808, stack(0x0000001e7c200000,0x0000001e7c300000)]
  0x000001e491e1b600 JavaThread "Memory manager" [_thread_blocked, id=1988, stack(0x0000001e7c300000,0x0000001e7c400000)]
  0x000001e491e16500 JavaThread "Unconstrained build operations Thread 3" [_thread_blocked, id=26892, stack(0x0000001e7c400000,0x0000001e7c500000)]
  0x000001e491e18d80 JavaThread "included builds" [_thread_blocked, id=3996, stack(0x0000001e7c500000,0x0000001e7c600000)]
  0x000001e4dc7edf50 JavaThread "Execution worker" [_thread_blocked, id=14860, stack(0x0000001e7c600000,0x0000001e7c700000)]
  0x000001e4dc7ec0f0 JavaThread "Execution worker Thread 2" [_thread_blocked, id=11748, stack(0x0000001e7c700000,0x0000001e7c800000)]
  0x000001e4dc7ec600 JavaThread "Execution worker Thread 3" [_thread_blocked, id=9476, stack(0x0000001e7c800000,0x0000001e7c900000)]
  0x000001e4dc7ef390 JavaThread "Execution worker Thread 4" [_thread_blocked, id=19136, stack(0x0000001e7c900000,0x0000001e7ca00000)]
  0x000001e4dc7ed530 JavaThread "Execution worker Thread 5" [_thread_blocked, id=15284, stack(0x0000001e7ca00000,0x0000001e7cb00000)]
  0x000001e4dc7ee460 JavaThread "Execution worker Thread 6" [_thread_blocked, id=4684, stack(0x0000001e7cb00000,0x0000001e7cc00000)]
  0x000001e4dc7ecb10 JavaThread "Execution worker Thread 7" [_thread_blocked, id=19828, stack(0x0000001e7cc00000,0x0000001e7cd00000)]
  0x000001e4dc7ee970 JavaThread "Cache worker for execution history cache (C:\xampp\htdocs\lvm\fineract\buildSrc\.gradle\8.6\executionHistory)" [_thread_blocked, id=17324, stack(0x0000001e7cd00000,0x0000001e7ce00000)]
  0x000001e4dc7eee80 JavaThread "Unconstrained build operations Thread 4" [_thread_blocked, id=3472, stack(0x0000001e7ce00000,0x0000001e7cf00000)]
  0x000001e4dc7ef8a0 JavaThread "Unconstrained build operations Thread 5" [_thread_blocked, id=17564, stack(0x0000001e7cf00000,0x0000001e7d000000)]
  0x000001e4dc7ed020 JavaThread "Unconstrained build operations Thread 6" [_thread_blocked, id=18060, stack(0x0000001e7d000000,0x0000001e7d100000)]
  0x000001e4dc7eda40 JavaThread "Unconstrained build operations Thread 7" [_thread_blocked, id=13240, stack(0x0000001e7d100000,0x0000001e7d200000)]
  0x000001e4dc130eb0 JavaThread "Unconstrained build operations Thread 8" [_thread_blocked, id=24008, stack(0x0000001e7d200000,0x0000001e7d300000)]
  0x000001e4dc12f560 JavaThread "Unconstrained build operations Thread 9" [_thread_blocked, id=10024, stack(0x0000001e7d300000,0x0000001e7d400000)]
  0x000001e4dc12dc10 JavaThread "Unconstrained build operations Thread 10" [_thread_blocked, id=17900, stack(0x0000001e7d400000,0x0000001e7d500000)]
  0x000001e4dc133220 JavaThread "Unconstrained build operations Thread 11" [_thread_blocked, id=8828, stack(0x0000001e7d500000,0x0000001e7d600000)]
  0x000001e4dc12cce0 JavaThread "Unconstrained build operations Thread 12" [_thread_blocked, id=6260, stack(0x0000001e7d600000,0x0000001e7d700000)]
  0x000001e4dc134150 JavaThread "Unconstrained build operations Thread 13" [_thread_blocked, id=25476, stack(0x0000001e7d700000,0x0000001e7d800000)]
  0x000001e4dc131de0 JavaThread "Unconstrained build operations Thread 14" [_thread_blocked, id=19016, stack(0x0000001e7d800000,0x0000001e7d900000)]
  0x000001e4dc12d1f0 JavaThread "Unconstrained build operations Thread 15" [_thread_blocked, id=20012, stack(0x0000001e7d900000,0x0000001e7da00000)]
  0x000001e4dc1318d0 JavaThread "Unconstrained build operations Thread 16" [_thread_blocked, id=19788, stack(0x0000001e7da00000,0x0000001e7db00000)]
  0x000001e4dc133c40 JavaThread "Unconstrained build operations Thread 17" [_thread_blocked, id=7856, stack(0x0000001e7db00000,0x0000001e7dc00000)]
  0x000001e4dc12e630 JavaThread "Unconstrained build operations Thread 18" [_thread_blocked, id=20620, stack(0x0000001e7dc00000,0x0000001e7dd00000)]
  0x000001e4dc12ff80 JavaThread "Unconstrained build operations Thread 19" [_thread_blocked, id=24456, stack(0x0000001e7dd00000,0x0000001e7de00000)]
  0x000001e4dc130490 JavaThread "Unconstrained build operations Thread 20" [_thread_blocked, id=14652, stack(0x0000001e7de00000,0x0000001e7df00000)]
  0x000001e4dc12e120 JavaThread "Unconstrained build operations Thread 21" [_thread_blocked, id=24428, stack(0x0000001e7df00000,0x0000001e7e000000)]
  0x000001e4dc1309a0 JavaThread "Unconstrained build operations Thread 22" [_thread_blocked, id=18468, stack(0x0000001e7e000000,0x0000001e7e100000)]
  0x000001e4dc1313c0 JavaThread "Unconstrained build operations Thread 23" [_thread_blocked, id=26140, stack(0x0000001e7e100000,0x0000001e7e200000)]
  0x000001e4dc12eb40 JavaThread "Unconstrained build operations Thread 24" [_thread_blocked, id=23484, stack(0x0000001e7e200000,0x0000001e7e300000)]
  0x000001e4dc134660 JavaThread "Unconstrained build operations Thread 25" [_thread_blocked, id=1680, stack(0x0000001e7e300000,0x0000001e7e400000)]
  0x000001e4dc12f050 JavaThread "Unconstrained build operations Thread 26" [_thread_blocked, id=18564, stack(0x0000001e7e400000,0x0000001e7e500000)]
  0x000001e4dc1322f0 JavaThread "Unconstrained build operations Thread 27" [_thread_blocked, id=8508, stack(0x0000001e7e500000,0x0000001e7e600000)]
  0x000001e4dc132800 JavaThread "Unconstrained build operations Thread 28" [_thread_blocked, id=25148, stack(0x0000001e7e600000,0x0000001e7e700000)]
  0x000001e4dc12d700 JavaThread "Unconstrained build operations Thread 29" [_thread_blocked, id=22164, stack(0x0000001e7e700000,0x0000001e7e800000)]
  0x000001e4dc132d10 JavaThread "Unconstrained build operations Thread 30" [_thread_blocked, id=9828, stack(0x0000001e7e800000,0x0000001e7e900000)]
  0x000001e4dc133730 JavaThread "Unconstrained build operations Thread 31" [_thread_blocked, id=20688, stack(0x0000001e7e900000,0x0000001e7ea00000)]
  0x000001e4dc784050 JavaThread "Unconstrained build operations Thread 32" [_thread_blocked, id=3324, stack(0x0000001e7ea00000,0x0000001e7eb00000)]
  0x000001e4dc781ce0 JavaThread "Unconstrained build operations Thread 33" [_thread_blocked, id=6012, stack(0x0000001e7eb00000,0x0000001e7ec00000)]
  0x000001e4dc783630 JavaThread "Unconstrained build operations Thread 34" [_thread_blocked, id=17880, stack(0x0000001e7ec00000,0x0000001e7ed00000)]
  0x000001e4dc7821f0 JavaThread "Unconstrained build operations Thread 35" [_thread_blocked, id=26756, stack(0x0000001e7ed00000,0x0000001e7ee00000)]
  0x000001e4dc788c40 JavaThread "Unconstrained build operations Thread 36" [_thread_blocked, id=8604, stack(0x0000001e7ee00000,0x0000001e7ef00000)]
  0x000001e4dc783120 JavaThread "Unconstrained build operations Thread 37" [_thread_blocked, id=15460, stack(0x0000001e7ef00000,0x0000001e7f000000)]
  0x000001e4dc782700 JavaThread "Unconstrained build operations Thread 38" [_thread_blocked, id=14960, stack(0x0000001e7f000000,0x0000001e7f100000)]
  0x000001e4dc785490 JavaThread "Unconstrained build operations Thread 39" [_thread_blocked, id=23176, stack(0x0000001e7f100000,0x0000001e7f200000)]
  0x000001e4dc789150 JavaThread "Unconstrained build operations Thread 40" [_thread_blocked, id=1884, stack(0x0000001e7f200000,0x0000001e7f300000)]
  0x000001e4dc786de0 JavaThread "Unconstrained build operations Thread 41" [_thread_blocked, id=7732, stack(0x0000001e7f300000,0x0000001e7f400000)]
  0x000001e4dc789660 JavaThread "Unconstrained build operations Thread 42" [_thread_blocked, id=19288, stack(0x0000001e7f400000,0x0000001e7f500000)]
  0x000001e4dc783b40 JavaThread "Unconstrained build operations Thread 43" [_thread_blocked, id=13996, stack(0x0000001e7f500000,0x0000001e7f600000)]
  0x000001e4dc784560 JavaThread "Unconstrained build operations Thread 44" [_thread_blocked, id=5376, stack(0x0000001e7f600000,0x0000001e7f700000)]
  0x000001e4dc784a70 JavaThread "Unconstrained build operations Thread 45" [_thread_blocked, id=21376, stack(0x0000001e7f700000,0x0000001e7f800000)]
  0x000001e4dc784f80 JavaThread "Unconstrained build operations Thread 46" [_thread_blocked, id=3144, stack(0x0000001e7f800000,0x0000001e7f900000)]
  0x000001e4dc787800 JavaThread "Unconstrained build operations Thread 47" [_thread_blocked, id=13376, stack(0x0000001e7f900000,0x0000001e7fa00000)]
  0x000001e4dc785eb0 JavaThread "Unconstrained build operations Thread 48" [_thread_blocked, id=12472, stack(0x0000001e7fa00000,0x0000001e7fb00000)]
  0x000001e4dc7868d0 JavaThread "Unconstrained build operations Thread 49" [_thread_blocked, id=26460, stack(0x0000001e7fb00000,0x0000001e7fc00000)]
  0x000001e4dc7872f0 JavaThread "Unconstrained build operations Thread 50" [_thread_blocked, id=24644, stack(0x0000001e7fc00000,0x0000001e7fd00000)]
  0x000001e4dc7863c0 JavaThread "Unconstrained build operations Thread 51" [_thread_blocked, id=2444, stack(0x0000001e7fd00000,0x0000001e7fe00000)]
  0x000001e4dc787d10 JavaThread "Unconstrained build operations Thread 52" [_thread_blocked, id=17804, stack(0x0000001e7fe00000,0x0000001e7ff00000)]
  0x000001e4dc788220 JavaThread "Unconstrained build operations Thread 53" [_thread_blocked, id=12360, stack(0x0000001e7ff00000,0x0000001e80000000)]
  0x000001e4dc788730 JavaThread "Unconstrained build operations Thread 54" [_thread_blocked, id=22456, stack(0x0000001e00000000,0x0000001e00100000)]
  0x000001e4dbcf6b00 JavaThread "Unconstrained build operations Thread 55" [_thread_blocked, id=14128, stack(0x0000001e00100000,0x0000001e00200000)]
  0x000001e4dbcf2e40 JavaThread "Unconstrained build operations Thread 56" [_thread_blocked, id=9284, stack(0x0000001e00200000,0x0000001e00300000)]
  0x000001e4dbcf4790 JavaThread "Unconstrained build operations Thread 57" [_thread_blocked, id=21204, stack(0x0000001e00300000,0x0000001e00400000)]
  0x000001e4dbcf3350 JavaThread "Unconstrained build operations Thread 58" [_thread_blocked, id=18696, stack(0x0000001e00400000,0x0000001e00500000)]
  0x000001e4dbcf2930 JavaThread "Unconstrained build operations Thread 59" [_thread_blocked, id=3460, stack(0x0000001e00500000,0x0000001e00600000)]
  0x000001e4dbcf3d70 JavaThread "Unconstrained build operations Thread 60" [_thread_blocked, id=2452, stack(0x0000001e00600000,0x0000001e00700000)]
  0x000001e4dbcf7a30 JavaThread "Unconstrained build operations Thread 61" [_thread_blocked, id=9388, stack(0x0000001e00700000,0x0000001e00800000)]
  0x000001e4dbcf4280 JavaThread "Unconstrained build operations Thread 62" [_thread_blocked, id=10488, stack(0x0000001e00800000,0x0000001e00900000)]
  0x000001e4dbcf7520 JavaThread "Unconstrained build operations Thread 63" [_thread_blocked, id=22420, stack(0x0000001e00900000,0x0000001e00a00000)]
  0x000001e4dbcf8450 JavaThread "Unconstrained build operations Thread 64" [_thread_blocked, id=17752, stack(0x0000001e00a00000,0x0000001e00b00000)]
  0x000001e4dbcf8e70 JavaThread "Unconstrained build operations Thread 65" [_thread_blocked, id=14080, stack(0x0000001e00b00000,0x0000001e00c00000)]
  0x000001e4dbcf4ca0 JavaThread "Unconstrained build operations Thread 66" [_thread_blocked, id=25116, stack(0x0000001e00c00000,0x0000001e00d00000)]
  0x000001e4dbcf9380 JavaThread "Unconstrained build operations Thread 67" [_thread_blocked, id=2952, stack(0x0000001e00d00000,0x0000001e00e00000)]
  0x000001e4dbcf3860 JavaThread "Unconstrained build operations Thread 68" [_thread_blocked, id=18124, stack(0x0000001e00e00000,0x0000001e00f00000)]
  0x000001e4dbcf51b0 JavaThread "Unconstrained build operations Thread 69" [_thread_blocked, id=10700, stack(0x0000001e00f00000,0x0000001e01000000)]
  0x000001e4dbcf5bd0 JavaThread "Unconstrained build operations Thread 70" [_thread_blocked, id=1668, stack(0x0000001e01000000,0x0000001e01100000)]
  0x000001e4dbcf65f0 JavaThread "Unconstrained build operations Thread 71" [_thread_blocked, id=5280, stack(0x0000001e01100000,0x0000001e01200000)]
  0x000001e4dbcf56c0 JavaThread "Unconstrained build operations Thread 72" [_thread_blocked, id=24332, stack(0x0000001e01200000,0x0000001e01300000)]
  0x000001e4dbcf60e0 JavaThread "Unconstrained build operations Thread 73" [_thread_blocked, id=12640, stack(0x0000001e01300000,0x0000001e01400000)]
  0x000001e4dbcf7f40 JavaThread "Unconstrained build operations Thread 74" [_thread_blocked, id=27608, stack(0x0000001e01400000,0x0000001e01500000)]
  0x000001e4dbcf1f10 JavaThread "Unconstrained build operations Thread 75" [_thread_blocked, id=20728, stack(0x0000001e01500000,0x0000001e01600000)]
  0x000001e4dbcf8960 JavaThread "Unconstrained build operations Thread 76" [_thread_blocked, id=25292, stack(0x0000001e01600000,0x0000001e01700000)]
  0x000001e4dbcf9890 JavaThread "Unconstrained build operations Thread 77" [_thread_blocked, id=14932, stack(0x0000001e01700000,0x0000001e01800000)]
  0x000001e4dbcf2420 JavaThread "Unconstrained build operations Thread 78" [_thread_blocked, id=19744, stack(0x0000001e01800000,0x0000001e01900000)]
  0x000001e4d90314f0 JavaThread "Unconstrained build operations Thread 79" [_thread_blocked, id=16492, stack(0x0000001e01900000,0x0000001e01a00000)]
  0x000001e4d9032930 JavaThread "Unconstrained build operations Thread 80" [_thread_blocked, id=21760, stack(0x0000001e01a00000,0x0000001e01b00000)]
  0x000001e4dbc75c90 JavaThread "C2 CompilerThread1" daemon [_thread_in_vm, id=14708, stack(0x0000001e01b00000,0x0000001e01c00000)]
  0x000001e4d902fba0 JavaThread "Cache worker for Build Output Cleanup Cache (C:\xampp\htdocs\lvm\fineract\.gradle\buildOutputCleanup)" [_thread_blocked, id=19572, stack(0x0000001e01d00000,0x0000001e01e00000)]
  0x000001e4d9031a00 JavaThread "JGit-FileStoreAttributeReader-1" daemon [_thread_blocked, id=3008, stack(0x0000001e01f00000,0x0000001e02000000)]
  0x000001e4d9034790 JavaThread "build event listener" [_thread_blocked, id=21552, stack(0x0000001e01c00000,0x0000001e01d00000)]
  0x000001e4d9033860 JavaThread "Thread-121" daemon [_thread_blocked, id=23216, stack(0x0000001e02200000,0x0000001e02300000)]

Other Threads:
  0x000001e4918d6420 VMThread "VM Thread" [stack: 0x0000001e78b00000,0x0000001e78c00000] [id=9536]
  0x000001e4e8002930 WatcherThread [stack: 0x0000001e79800000,0x0000001e79900000] [id=24760]
  0x000001e4e7fd11b0 GCTaskThread "GC Thread#0" [stack: 0x0000001e78600000,0x0000001e78700000] [id=15004]
  0x000001e4d7933da0 GCTaskThread "GC Thread#1" [stack: 0x0000001e79a00000,0x0000001e79b00000] [id=10932]
  0x000001e4d7934060 GCTaskThread "GC Thread#2" [stack: 0x0000001e79b00000,0x0000001e79c00000] [id=10504]
  0x000001e4d788f960 GCTaskThread "GC Thread#3" [stack: 0x0000001e79c00000,0x0000001e79d00000] [id=10896]
  0x000001e4d80354b0 GCTaskThread "GC Thread#4" [stack: 0x0000001e79600000,0x0000001e79700000] [id=11696]
  0x000001e4d8d51e60 GCTaskThread "GC Thread#5" [stack: 0x0000001e7a600000,0x0000001e7a700000] [id=4528]
  0x000001e4d8885960 GCTaskThread "GC Thread#6" [stack: 0x0000001e7a700000,0x0000001e7a800000] [id=22452]
  0x000001e4d8fbf550 GCTaskThread "GC Thread#7" [stack: 0x0000001e7a800000,0x0000001e7a900000] [id=23380]
  0x000001e4e7fde100 ConcurrentGCThread "G1 Main Marker" [stack: 0x0000001e78700000,0x0000001e78800000] [id=17756]
  0x000001e4e7fdfb20 ConcurrentGCThread "G1 Conc#0" [stack: 0x0000001e78800000,0x0000001e78900000] [id=27456]
  0x000001e4db631330 ConcurrentGCThread "G1 Conc#1" [stack: 0x0000001e7af00000,0x0000001e7b000000] [id=11820]
  0x000001e4e800ec80 ConcurrentGCThread "G1 Refine#0" [stack: 0x0000001e78900000,0x0000001e78a00000] [id=1480]
  0x000001e4dba63950 ConcurrentGCThread "G1 Refine#1" [stack: 0x0000001e01e00000,0x0000001e01f00000] [id=24160]
  0x000001e491794ce0 ConcurrentGCThread "G1 Service" [stack: 0x0000001e78a00000,0x0000001e78b00000] [id=17492]

Threads with active compile tasks:
C2 CompilerThread0    44333 15684   !   4       org.codehaus.groovy.runtime.metaclass.ClosureMetaClass::invokeMethod (872 bytes)
C2 CompilerThread1    44333 15690       4       org.gradle.plugin.use.internal.DefaultPluginId::equals (41 bytes)

VM state: not at safepoint (normal execution)

VM Mutex/Monitor currently owned by a thread: None

Heap address: 0x0000000680000000, size: 6144 MB, Compressed Oops mode: Zero based, Oop shift amount: 3

CDS archive(s) mapped at: [0x000001e492000000-0x000001e492bd0000-0x000001e492bd0000), size 12386304, SharedBaseAddress: 0x000001e492000000, ArchiveRelocationMode: 1.
Compressed class space mapped at: 0x000001e493000000-0x000001e4d3000000, reserved size: 1073741824
Narrow klass base: 0x000001e492000000, Narrow klass shift: 0, Narrow klass range: 0x100000000

GC Precious Log:
 CPUs: 8 total, 8 available
 Memory: 11968M
 Large Page Support: Disabled
 NUMA Support: Disabled
 Compressed Oops: Enabled (Zero based)
 Heap Region Size: 4M
 Heap Min Capacity: 8M
 Heap Initial Capacity: 188M
 Heap Max Capacity: 6G
 Pre-touch: Disabled
 Parallel Workers: 8
 Concurrent Workers: 2
 Concurrent Refinement Workers: 8
 Periodic GC: Disabled

Heap:
 garbage-first heap   total 282624K, used 166065K [0x0000000680000000, 0x0000000800000000)
  region size 4096K, 8 young (32768K), 3 survivors (12288K)
 Metaspace       used 95148K, committed 96960K, reserved 1179648K
  class space    used 13189K, committed 14016K, reserved 1048576K

Heap Regions: E=young(eden), S=young(survivor), O=old, HS=humongous(starts), HC=humongous(continues), CS=collection set, F=free, OA=open archive, CA=closed archive, TAMS=top-at-mark-start (previous, next)
|   0|0x0000000680000000, 0x0000000680400000, 0x0000000680400000|100%|HS|  |TAMS 0x0000000680400000, 0x0000000680000000| Complete 
|   1|0x0000000680400000, 0x0000000680800000, 0x0000000680800000|100%| O|  |TAMS 0x0000000680800000, 0x0000000680400000| Untracked 
|   2|0x0000000680800000, 0x0000000680c00000, 0x0000000680c00000|100%| O|  |TAMS 0x0000000680c00000, 0x0000000680800000| Untracked 
|   3|0x0000000680c00000, 0x0000000681000000, 0x0000000681000000|100%| O|  |TAMS 0x0000000681000000, 0x0000000680c00000| Untracked 
|   4|0x0000000681000000, 0x0000000681400000, 0x0000000681400000|100%| O|  |TAMS 0x0000000681400000, 0x0000000681000000| Untracked 
|   5|0x0000000681400000, 0x0000000681800000, 0x0000000681800000|100%| O|  |TAMS 0x0000000681800000, 0x0000000681400000| Untracked 
|   6|0x0000000681800000, 0x0000000681c00000, 0x0000000681c00000|100%| O|  |TAMS 0x0000000681c00000, 0x0000000681800000| Untracked 
|   7|0x0000000681c00000, 0x0000000682000000, 0x0000000682000000|100%| O|  |TAMS 0x0000000682000000, 0x0000000681c00000| Untracked 
|   8|0x0000000682000000, 0x0000000682400000, 0x0000000682400000|100%| O|  |TAMS 0x0000000682400000, 0x0000000682000000| Untracked 
|   9|0x0000000682400000, 0x0000000682800000, 0x0000000682800000|100%| O|  |TAMS 0x0000000682800000, 0x0000000682400000| Untracked 
|  10|0x0000000682800000, 0x0000000682c00000, 0x0000000682c00000|100%| O|  |TAMS 0x0000000682c00000, 0x0000000682800000| Untracked 
|  11|0x0000000682c00000, 0x0000000683000000, 0x0000000683000000|100%| O|  |TAMS 0x0000000683000000, 0x0000000682c00000| Untracked 
|  12|0x0000000683000000, 0x0000000683400000, 0x0000000683400000|100%| O|  |TAMS 0x0000000683400000, 0x0000000683000000| Untracked 
|  13|0x0000000683400000, 0x0000000683800000, 0x0000000683800000|100%| O|  |TAMS 0x0000000683800000, 0x0000000683400000| Untracked 
|  14|0x0000000683800000, 0x0000000683c00000, 0x0000000683c00000|100%| O|  |TAMS 0x0000000683c00000, 0x0000000683800000| Untracked 
|  15|0x0000000683c00000, 0x0000000684000000, 0x0000000684000000|100%| O|  |TAMS 0x0000000684000000, 0x0000000683c00000| Untracked 
|  16|0x0000000684000000, 0x0000000684400000, 0x0000000684400000|100%| O|  |TAMS 0x0000000684400000, 0x0000000684000000| Untracked 
|  17|0x0000000684400000, 0x0000000684800000, 0x0000000684800000|100%| O|  |TAMS 0x0000000684800000, 0x0000000684400000| Complete 
|  18|0x0000000684800000, 0x0000000684c00000, 0x0000000684c00000|100%| O|  |TAMS 0x0000000684c00000, 0x0000000684800000| Untracked 
|  19|0x0000000684c00000, 0x0000000685000000, 0x0000000685000000|100%| O|  |TAMS 0x0000000685000000, 0x0000000684c00000| Untracked 
|  20|0x0000000685000000, 0x0000000685400000, 0x0000000685400000|100%| O|  |TAMS 0x0000000685400000, 0x0000000685000000| Untracked 
|  21|0x0000000685400000, 0x0000000685800000, 0x0000000685800000|100%| O|  |TAMS 0x0000000685800000, 0x0000000685400000| Untracked 
|  22|0x0000000685800000, 0x0000000685c00000, 0x0000000685c00000|100%| O|  |TAMS 0x0000000685c00000, 0x0000000685800000| Untracked 
|  23|0x0000000685c00000, 0x0000000686000000, 0x0000000686000000|100%| O|  |TAMS 0x0000000686000000, 0x0000000685c00000| Untracked 
|  24|0x0000000686000000, 0x0000000686400000, 0x0000000686400000|100%| O|  |TAMS 0x0000000686400000, 0x0000000686000000| Untracked 
|  25|0x0000000686400000, 0x0000000686800000, 0x0000000686800000|100%| O|  |TAMS 0x0000000686800000, 0x0000000686400000| Untracked 
|  26|0x0000000686800000, 0x0000000686c00000, 0x0000000686c00000|100%| O|  |TAMS 0x0000000686c00000, 0x0000000686800000| Untracked 
|  27|0x0000000686c00000, 0x0000000687000000, 0x0000000687000000|100%| O|  |TAMS 0x0000000687000000, 0x0000000686c00000| Untracked 
|  28|0x0000000687000000, 0x0000000687400000, 0x0000000687400000|100%| O|  |TAMS 0x0000000687400000, 0x0000000687000000| Untracked 
|  29|0x0000000687400000, 0x0000000687800000, 0x0000000687800000|100%| O|  |TAMS 0x0000000687800000, 0x0000000687400000| Untracked 
|  30|0x0000000687800000, 0x0000000687c00000, 0x0000000687c00000|100%| O|  |TAMS 0x0000000687c00000, 0x0000000687800000| Untracked 
|  31|0x0000000687c00000, 0x0000000688000000, 0x0000000688000000|100%| O|  |TAMS 0x0000000688000000, 0x0000000687c00000| Untracked 
|  32|0x0000000688000000, 0x0000000688400000, 0x0000000688400000|100%| O|  |TAMS 0x0000000688111200, 0x0000000688000000| Untracked 
|  33|0x0000000688400000, 0x000000068862c400, 0x0000000688800000| 54%| O|  |TAMS 0x0000000688400000, 0x0000000688400000| Untracked 
|  34|0x0000000688800000, 0x0000000688800000, 0x0000000688c00000|  0%| F|  |TAMS 0x0000000688800000, 0x0000000688800000| Untracked 
|  35|0x0000000688c00000, 0x0000000688c00000, 0x0000000689000000|  0%| F|  |TAMS 0x0000000688c00000, 0x0000000688c00000| Untracked 
|  36|0x0000000689000000, 0x0000000689000000, 0x0000000689400000|  0%| F|  |TAMS 0x0000000689000000, 0x0000000689000000| Untracked 
|  37|0x0000000689400000, 0x0000000689400000, 0x0000000689800000|  0%| F|  |TAMS 0x0000000689400000, 0x0000000689400000| Untracked 
|  38|0x0000000689800000, 0x0000000689800000, 0x0000000689c00000|  0%| F|  |TAMS 0x0000000689800000, 0x0000000689800000| Untracked 
|  39|0x0000000689c00000, 0x0000000689c00000, 0x000000068a000000|  0%| F|  |TAMS 0x0000000689c00000, 0x0000000689c00000| Untracked 
|  40|0x000000068a000000, 0x000000068a000000, 0x000000068a400000|  0%| F|  |TAMS 0x000000068a000000, 0x000000068a000000| Untracked 
|  41|0x000000068a400000, 0x000000068a400000, 0x000000068a800000|  0%| F|  |TAMS 0x000000068a400000, 0x000000068a400000| Untracked 
|  42|0x000000068a800000, 0x000000068a800000, 0x000000068ac00000|  0%| F|  |TAMS 0x000000068a800000, 0x000000068a800000| Untracked 
|  43|0x000000068ac00000, 0x000000068ac00000, 0x000000068b000000|  0%| F|  |TAMS 0x000000068ac00000, 0x000000068ac00000| Untracked 
|  44|0x000000068b000000, 0x000000068b400000, 0x000000068b400000|100%| S|CS|TAMS 0x000000068b000000, 0x000000068b000000| Complete 
|  45|0x000000068b400000, 0x000000068b800000, 0x000000068b800000|100%| S|CS|TAMS 0x000000068b400000, 0x000000068b400000| Complete 
|  46|0x000000068b800000, 0x000000068b800000, 0x000000068bc00000|  0%| F|  |TAMS 0x000000068b800000, 0x000000068b800000| Untracked 
|  47|0x000000068bc00000, 0x000000068c000000, 0x000000068c000000|100%| S|CS|TAMS 0x000000068bc00000, 0x000000068bc00000| Complete 
|  48|0x000000068c000000, 0x000000068c000000, 0x000000068c400000|  0%| F|  |TAMS 0x000000068c000000, 0x000000068c000000| Untracked 
|  49|0x000000068c400000, 0x000000068c400000, 0x000000068c800000|  0%| F|  |TAMS 0x000000068c400000, 0x000000068c400000| Untracked 
|  50|0x000000068c800000, 0x000000068c800000, 0x000000068cc00000|  0%| F|  |TAMS 0x000000068c800000, 0x000000068c800000| Untracked 
|  51|0x000000068cc00000, 0x000000068cc00000, 0x000000068d000000|  0%| F|  |TAMS 0x000000068cc00000, 0x000000068cc00000| Untracked 
|  52|0x000000068d000000, 0x000000068d000000, 0x000000068d400000|  0%| F|  |TAMS 0x000000068d000000, 0x000000068d000000| Untracked 
|  53|0x000000068d400000, 0x000000068d400000, 0x000000068d800000|  0%| F|  |TAMS 0x000000068d400000, 0x000000068d400000| Untracked 
|  54|0x000000068d800000, 0x000000068d800000, 0x000000068dc00000|  0%| F|  |TAMS 0x000000068d800000, 0x000000068d800000| Untracked 
|  55|0x000000068dc00000, 0x000000068dc00000, 0x000000068e000000|  0%| F|  |TAMS 0x000000068dc00000, 0x000000068dc00000| Untracked 
|  56|0x000000068e000000, 0x000000068e000000, 0x000000068e400000|  0%| F|  |TAMS 0x000000068e000000, 0x000000068e000000| Untracked 
|  57|0x000000068e400000, 0x000000068e400000, 0x000000068e800000|  0%| F|  |TAMS 0x000000068e400000, 0x000000068e400000| Untracked 
|  58|0x000000068e800000, 0x000000068e800000, 0x000000068ec00000|  0%| F|  |TAMS 0x000000068e800000, 0x000000068e800000| Untracked 
|  59|0x000000068ec00000, 0x000000068ec00000, 0x000000068f000000|  0%| F|  |TAMS 0x000000068ec00000, 0x000000068ec00000| Untracked 
|  60|0x000000068f000000, 0x000000068f000000, 0x000000068f400000|  0%| F|  |TAMS 0x000000068f000000, 0x000000068f000000| Untracked 
|  61|0x000000068f400000, 0x000000068f400000, 0x000000068f800000|  0%| F|  |TAMS 0x000000068f400000, 0x000000068f400000| Untracked 
|  62|0x000000068f800000, 0x000000068fc00000, 0x000000068fc00000|100%| E|CS|TAMS 0x000000068f800000, 0x000000068f800000| Complete 
|  63|0x000000068fc00000, 0x0000000690000000, 0x0000000690000000|100%| E|CS|TAMS 0x000000068fc00000, 0x000000068fc00000| Complete 
|  64|0x0000000690000000, 0x0000000690400000, 0x0000000690400000|100%| E|CS|TAMS 0x0000000690000000, 0x0000000690000000| Complete 
|  65|0x0000000690400000, 0x0000000690800000, 0x0000000690800000|100%| E|CS|TAMS 0x0000000690400000, 0x0000000690400000| Complete 
|  66|0x0000000690800000, 0x0000000690800000, 0x0000000690c00000|  0%| F|  |TAMS 0x0000000690800000, 0x0000000690800000| Untracked 
|  67|0x0000000690c00000, 0x0000000690c00000, 0x0000000691000000|  0%| F|  |TAMS 0x0000000690c00000, 0x0000000690c00000| Untracked 
|  68|0x0000000691000000, 0x00000006912a7b38, 0x0000000691400000| 66%| E|  |TAMS 0x0000000691000000, 0x0000000691000000| Complete 

Card table byte_map: [0x000001e481660000,0x000001e482260000] _byte_map_base: 0x000001e47e260000

Marking Bits (Prev, Next): (CMBitMap*) 0x000001e4e7fd17d0, (CMBitMap*) 0x000001e4e7fd1810
 Prev Bits: [0x000001e482e60000, 0x000001e488e60000)
 Next Bits: [0x000001e488e60000, 0x000001e48ee60000)

Polling page: 0x000001e4f0fa0000

Metaspace:

Usage:
  Non-class:     80.06 MB used.
      Class:     12.88 MB used.
       Both:     92.94 MB used.

Virtual space:
  Non-class space:      128.00 MB reserved,      81.00 MB ( 63%) committed,  2 nodes.
      Class space:        1.00 GB reserved,      13.69 MB (  1%) committed,  1 nodes.
             Both:        1.12 GB reserved,      94.69 MB (  8%) committed. 

Chunk freelists:
   Non-Class:  14.86 MB
       Class:  2.14 MB
        Both:  17.00 MB

MaxMetaspaceSize: unlimited
CompressedClassSpaceSize: 1.00 GB
Initial GC threshold: 21.00 MB
Current GC threshold: 156.06 MB
CDS: on
MetaspaceReclaimPolicy: balanced
 - commit_granule_bytes: 65536.
 - commit_granule_words: 8192.
 - virtual_space_node_default_size: 8388608.
 - enlarge_chunks_in_place: 1.
 - new_chunks_are_fully_committed: 0.
 - uncommit_free_chunks: 1.
 - use_allocation_guard: 0.
 - handle_deallocations: 1.


Internal statistics:

num_allocs_failed_limit: 12.
num_arena_births: 2208.
num_arena_deaths: 4.
num_vsnodes_births: 3.
num_vsnodes_deaths: 0.
num_space_committed: 1515.
num_space_uncommitted: 0.
num_chunks_returned_to_freelist: 17.
num_chunks_taken_from_freelist: 6867.
num_chunk_merges: 9.
num_chunk_splits: 4072.
num_chunks_enlarged: 2143.
num_inconsistent_stats: 0.

CodeHeap 'non-profiled nmethods': size=120000Kb used=8844Kb max_used=8844Kb free=111155Kb
 bounds [0x000001e4f8a90000, 0x000001e4f9340000, 0x000001e4fffc0000]
CodeHeap 'profiled nmethods': size=120000Kb used=26913Kb max_used=26923Kb free=93086Kb
 bounds [0x000001e4f0fc0000, 0x000001e4f2a20000, 0x000001e4f84f0000]
CodeHeap 'non-nmethods': size=5760Kb used=2440Kb max_used=2497Kb free=3319Kb
 bounds [0x000001e4f84f0000, 0x000001e4f8770000, 0x000001e4f8a90000]
 total_blobs=14424 nmethods=13451 adapters=884
 compilation: enabled
              stopped_count=0, restarted_count=0
 full_count=0

Compilation events (20 events):
Event: 44.113 Thread 0x000001e49190b570 nmethod 15702 0x000001e4f148b290 code [0x000001e4f148b420, 0x000001e4f148b5f8]
Event: 44.114 Thread 0x000001e49190b570 15703       3       org.gradle.configuration.internal.DefaultListenerBuildOperationDecorator$ExecuteListenerDetails::getApplicationId (8 bytes)
Event: 44.115 Thread 0x000001e49190b570 nmethod 15703 0x000001e4f182b610 code [0x000001e4f182b7a0, 0x000001e4f182b8d8]
Event: 44.139 Thread 0x000001e49190b570 15705   !   3       org.gradle.cache.internal.DefaultCacheCoordinator::withOwnershipNow (58 bytes)
Event: 44.140 Thread 0x000001e49190b570 nmethod 15705 0x000001e4f198f610 code [0x000001e4f198f8e0, 0x000001e4f1990828]
Event: 44.140 Thread 0x000001e49190b570 15706       3       org.gradle.cache.internal.DefaultCacheCoordinator::takeOwnershipNow (56 bytes)
Event: 44.142 Thread 0x000001e49190b570 nmethod 15706 0x000001e4f198e190 code [0x000001e4f198e420, 0x000001e4f198f1a8]
Event: 44.160 Thread 0x000001e49190b570 15707       3       org.gradle.internal.logging.services.DefaultLoggingManager$StartableLoggingSystem::start (52 bytes)
Event: 44.160 Thread 0x000001e49190b570 nmethod 15707 0x000001e4f1569610 code [0x000001e4f15697e0, 0x000001e4f1569c48]
Event: 44.171 Thread 0x000001e49190b570 15708       3       org.gradle.api.internal.artifacts.ivyservice.moduleconverter.dependencies.LocalConfigurationMetadataBuilder$DependencyState::<init> (20 bytes)
Event: 44.172 Thread 0x000001e49190b570 nmethod 15708 0x000001e4f114cb10 code [0x000001e4f114ccc0, 0x000001e4f114cf58]
Event: 44.218 Thread 0x000001e49190b570 15709       1       org.apache.http.message.ParserCursor::getPos (5 bytes)
Event: 44.219 Thread 0x000001e49190b570 nmethod 15709 0x000001e4f8e1d710 code [0x000001e4f8e1d8a0, 0x000001e4f8e1d978]
Event: 44.238 Thread 0x000001e49190b570 15710       3       java.security.SecureClassLoader::defineClass (16 bytes)
Event: 44.238 Thread 0x000001e49190b570 nmethod 15710 0x000001e4f148f290 code [0x000001e4f148f440, 0x000001e4f148f5d8]
Event: 44.263 Thread 0x000001e49190b570 15711       3       sun.security.util.Cache$EqualByteArray::<init> (10 bytes)
Event: 44.264 Thread 0x000001e49190b570 nmethod 15711 0x000001e4f1aba910 code [0x000001e4f1abaaa0, 0x000001e4f1abac58]
Event: 44.264 Thread 0x000001e49190b570 15712       3       sun.security.util.MemoryCache::emptyQueue (93 bytes)
Event: 44.265 Thread 0x000001e49190b570 nmethod 15712 0x000001e4f2943990 code [0x000001e4f2943bc0, 0x000001e4f2944698]
Event: 44.265 Thread 0x000001e49190b570 15714       3       java.io.InputStream::readNBytes (292 bytes)

GC Heap History (20 events):
Event: 31.102 GC heap before
{Heap before GC invocations=28 (full 0):
 garbage-first heap   total 188416K, used 138504K [0x0000000680000000, 0x0000000800000000)
  region size 4096K, 12 young (49152K), 1 survivors (4096K)
 Metaspace       used 72965K, committed 74112K, reserved 1114112K
  class space    used 10416K, committed 10944K, reserved 1048576K
}
Event: 31.112 GC heap after
{Heap after GC invocations=29 (full 0):
 garbage-first heap   total 188416K, used 97330K [0x0000000680000000, 0x0000000800000000)
  region size 4096K, 2 young (8192K), 2 survivors (8192K)
 Metaspace       used 72965K, committed 74112K, reserved 1114112K
  class space    used 10416K, committed 10944K, reserved 1048576K
}
Event: 32.204 GC heap before
{Heap before GC invocations=30 (full 0):
 garbage-first heap   total 188416K, used 142386K [0x0000000680000000, 0x0000000800000000)
  region size 4096K, 13 young (53248K), 2 survivors (8192K)
 Metaspace       used 73945K, committed 75072K, reserved 1114112K
  class space    used 10574K, committed 11136K, reserved 1048576K
}
Event: 32.219 GC heap after
{Heap after GC invocations=31 (full 0):
 garbage-first heap   total 188416K, used 102697K [0x0000000680000000, 0x0000000800000000)
  region size 4096K, 2 young (8192K), 2 survivors (8192K)
 Metaspace       used 73945K, committed 75072K, reserved 1114112K
  class space    used 10574K, committed 11136K, reserved 1048576K
}
Event: 33.011 GC heap before
{Heap before GC invocations=31 (full 0):
 garbage-first heap   total 188416K, used 147753K [0x0000000680000000, 0x0000000800000000)
  region size 4096K, 13 young (53248K), 2 survivors (8192K)
 Metaspace       used 75168K, committed 76416K, reserved 1114112K
  class space    used 10771K, committed 11328K, reserved 1048576K
}
Event: 33.023 GC heap after
{Heap after GC invocations=32 (full 0):
 garbage-first heap   total 188416K, used 107277K [0x0000000680000000, 0x0000000800000000)
  region size 4096K, 2 young (8192K), 2 survivors (8192K)
 Metaspace       used 75168K, committed 76416K, reserved 1114112K
  class space    used 10771K, committed 11328K, reserved 1048576K
}
Event: 34.057 GC heap before
{Heap before GC invocations=33 (full 0):
 garbage-first heap   total 212992K, used 144141K [0x0000000680000000, 0x0000000800000000)
  region size 4096K, 11 young (45056K), 2 survivors (8192K)
 Metaspace       used 75733K, committed 77056K, reserved 1179648K
  class space    used 10830K, committed 11456K, reserved 1048576K
}
Event: 34.071 GC heap after
{Heap after GC invocations=34 (full 0):
 garbage-first heap   total 212992K, used 112173K [0x0000000680000000, 0x0000000800000000)
  region size 4096K, 2 young (8192K), 2 survivors (8192K)
 Metaspace       used 75733K, committed 77056K, reserved 1179648K
  class space    used 10830K, committed 11456K, reserved 1048576K
}
Event: 35.112 GC heap before
{Heap before GC invocations=34 (full 0):
 garbage-first heap   total 212992K, used 161325K [0x0000000680000000, 0x0000000800000000)
  region size 4096K, 14 young (57344K), 2 survivors (8192K)
 Metaspace       used 76366K, committed 77824K, reserved 1179648K
  class space    used 10917K, committed 11648K, reserved 1048576K
}
Event: 35.128 GC heap after
{Heap after GC invocations=35 (full 0):
 garbage-first heap   total 270336K, used 118942K [0x0000000680000000, 0x0000000800000000)
  region size 4096K, 2 young (8192K), 2 survivors (8192K)
 Metaspace       used 76366K, committed 77824K, reserved 1179648K
  class space    used 10917K, committed 11648K, reserved 1048576K
}
Event: 36.846 GC heap before
{Heap before GC invocations=36 (full 0):
 garbage-first heap   total 270336K, used 200862K [0x0000000680000000, 0x0000000800000000)
  region size 4096K, 22 young (90112K), 2 survivors (8192K)
 Metaspace       used 78742K, committed 80256K, reserved 1179648K
  class space    used 11268K, committed 12032K, reserved 1048576K
}
Event: 36.870 GC heap after
{Heap after GC invocations=37 (full 0):
 garbage-first heap   total 270336K, used 127563K [0x0000000680000000, 0x0000000800000000)
  region size 4096K, 3 young (12288K), 3 survivors (12288K)
 Metaspace       used 78742K, committed 80256K, reserved 1179648K
  class space    used 11268K, committed 12032K, reserved 1048576K
}
Event: 38.621 GC heap before
{Heap before GC invocations=37 (full 0):
 garbage-first heap   total 270336K, used 205387K [0x0000000680000000, 0x0000000800000000)
  region size 4096K, 22 young (90112K), 3 survivors (12288K)
 Metaspace       used 85210K, committed 86656K, reserved 1179648K
  class space    used 11956K, committed 12672K, reserved 1048576K
}
Event: 38.636 GC heap after
{Heap after GC invocations=38 (full 0):
 garbage-first heap   total 270336K, used 132884K [0x0000000680000000, 0x0000000800000000)
  region size 4096K, 2 young (8192K), 2 survivors (8192K)
 Metaspace       used 85210K, committed 86656K, reserved 1179648K
  class space    used 11956K, committed 12672K, reserved 1048576K
}
Event: 40.352 GC heap before
{Heap before GC invocations=38 (full 0):
 garbage-first heap   total 270336K, used 202516K [0x0000000680000000, 0x0000000800000000)
  region size 4096K, 20 young (81920K), 2 survivors (8192K)
 Metaspace       used 89790K, committed 91328K, reserved 1179648K
  class space    used 12531K, committed 13248K, reserved 1048576K
}
Event: 40.365 GC heap after
{Heap after GC invocations=39 (full 0):
 garbage-first heap   total 270336K, used 137119K [0x0000000680000000, 0x0000000800000000)
  region size 4096K, 3 young (12288K), 3 survivors (12288K)
 Metaspace       used 89790K, committed 91328K, reserved 1179648K
  class space    used 12531K, committed 13248K, reserved 1048576K
}
Event: 42.692 GC heap before
{Heap before GC invocations=40 (full 0):
 garbage-first heap   total 270336K, used 210847K [0x0000000680000000, 0x0000000800000000)
  region size 4096K, 21 young (86016K), 3 survivors (12288K)
 Metaspace       used 92126K, committed 93824K, reserved 1179648K
  class space    used 12771K, committed 13568K, reserved 1048576K
}
Event: 42.707 GC heap after
{Heap after GC invocations=41 (full 0):
 garbage-first heap   total 270336K, used 142191K [0x0000000680000000, 0x0000000800000000)
  region size 4096K, 3 young (12288K), 3 survivors (12288K)
 Metaspace       used 92126K, committed 93824K, reserved 1179648K
  class space    used 12771K, committed 13568K, reserved 1048576K
}
Event: 43.724 GC heap before
{Heap before GC invocations=41 (full 0):
 garbage-first heap   total 270336K, used 215919K [0x0000000680000000, 0x0000000800000000)
  region size 4096K, 21 young (86016K), 3 survivors (12288K)
 Metaspace       used 93837K, committed 95552K, reserved 1179648K
  class space    used 13027K, committed 13824K, reserved 1048576K
}
Event: 43.742 GC heap after
{Heap after GC invocations=42 (full 0):
 garbage-first heap   total 270336K, used 149681K [0x0000000680000000, 0x0000000800000000)
  region size 4096K, 3 young (12288K), 3 survivors (12288K)
 Metaspace       used 93837K, committed 95552K, reserved 1179648K
  class space    used 13027K, committed 13824K, reserved 1048576K
}

Deoptimization events (20 events):
Event: 43.771 Thread 0x000001e4d89a8f10 Uncommon trap: trap_request=0xffffffd6 fr.pc=0x000001e4f9260948 relative=0x0000000000000528
Event: 43.771 Thread 0x000001e4d89a8f10 Uncommon trap: reason=array_check action=maybe_recompile pc=0x000001e4f9260948 method=java.util.HashMap.valuesToArray([Ljava/lang/Object;)[Ljava/lang/Object; @ 62 c2
Event: 43.771 Thread 0x000001e4d89a8f10 DEOPT PACKING pc=0x000001e4f9260948 sp=0x0000001e7a3f6730
Event: 43.771 Thread 0x000001e4d89a8f10 DEOPT UNPACKING pc=0x000001e4f8545ba3 sp=0x0000001e7a3f66c8 mode 2
Event: 43.772 Thread 0x000001e4d89a8f10 Uncommon trap: trap_request=0xffffffd6 fr.pc=0x000001e4f925fd88 relative=0x0000000000000468
Event: 43.772 Thread 0x000001e4d89a8f10 Uncommon trap: reason=array_check action=maybe_recompile pc=0x000001e4f925fd88 method=java.util.HashMap.valuesToArray([Ljava/lang/Object;)[Ljava/lang/Object; @ 62 c2
Event: 43.772 Thread 0x000001e4d89a8f10 DEOPT PACKING pc=0x000001e4f925fd88 sp=0x0000001e7a3f6930
Event: 43.773 Thread 0x000001e4d89a8f10 DEOPT UNPACKING pc=0x000001e4f8545ba3 sp=0x0000001e7a3f68c8 mode 2
Event: 43.775 Thread 0x000001e4d89a8f10 Uncommon trap: trap_request=0xffffffd6 fr.pc=0x000001e4f925fd88 relative=0x0000000000000468
Event: 43.775 Thread 0x000001e4d89a8f10 Uncommon trap: reason=array_check action=maybe_recompile pc=0x000001e4f925fd88 method=java.util.HashMap.valuesToArray([Ljava/lang/Object;)[Ljava/lang/Object; @ 62 c2
Event: 43.775 Thread 0x000001e4d89a8f10 DEOPT PACKING pc=0x000001e4f925fd88 sp=0x0000001e7a3f6b30
Event: 43.775 Thread 0x000001e4d89a8f10 DEOPT UNPACKING pc=0x000001e4f8545ba3 sp=0x0000001e7a3f6ac8 mode 2
Event: 43.775 Thread 0x000001e4d89a8f10 Uncommon trap: trap_request=0xffffffd6 fr.pc=0x000001e4f9260948 relative=0x0000000000000528
Event: 43.775 Thread 0x000001e4d89a8f10 Uncommon trap: reason=array_check action=maybe_recompile pc=0x000001e4f9260948 method=java.util.HashMap.valuesToArray([Ljava/lang/Object;)[Ljava/lang/Object; @ 62 c2
Event: 43.775 Thread 0x000001e4d89a8f10 DEOPT PACKING pc=0x000001e4f9260948 sp=0x0000001e7a3f6b30
Event: 43.775 Thread 0x000001e4d89a8f10 DEOPT UNPACKING pc=0x000001e4f8545ba3 sp=0x0000001e7a3f6ac8 mode 2
Event: 44.253 Thread 0x000001e4d89a8f10 Uncommon trap: trap_request=0xffffff45 fr.pc=0x000001e4f8d85190 relative=0x00000000000001b0
Event: 44.253 Thread 0x000001e4d89a8f10 Uncommon trap: reason=unstable_if action=reinterpret pc=0x000001e4f8d85190 method=sun.invoke.util.VerifyAccess.isTypeVisible(Ljava/lang/Class;Ljava/lang/Class;)Z @ 77 c2
Event: 44.253 Thread 0x000001e4d89a8f10 DEOPT PACKING pc=0x000001e4f8d85190 sp=0x0000001e7a3f5670
Event: 44.254 Thread 0x000001e4d89a8f10 DEOPT UNPACKING pc=0x000001e4f8545ba3 sp=0x0000001e7a3f55f0 mode 2

Classes unloaded (2 events):
Event: 18.583 Thread 0x000001e4918d6420 Unloading class 0x000001e4935fcc00 'java/lang/invoke/LambdaForm$DMH+0x000001e4935fcc00'
Event: 18.583 Thread 0x000001e4918d6420 Unloading class 0x000001e4935fc400 'java/lang/invoke/LambdaForm$DMH+0x000001e4935fc400'

Classes redefined (0 events):
No events

Internal exceptions (20 events):
Event: 43.795 Thread 0x000001e4d89a8f10 Exception <a 'java/lang/ClassNotFoundException'{0x00000006907c09e8}: org/gradle/api/internal/file/copy/CopySpecWrapperCustomizer> (0x00000006907c09e8) 
thrown [s\open\src\hotspot\share\classfile\systemDictionary.cpp, line 256]
Event: 43.801 Thread 0x000001e4d89a8f10 Exception <a 'java/lang/ClassNotFoundException'{0x000000069002a1f8}: org/gradle/api/internal/file/copy/CopySpecWrapper_DecoratedCustomizer> (0x000000069002a1f8) 
thrown [s\open\src\hotspot\share\classfile\systemDictionary.cpp, line 256]
Event: 43.890 Thread 0x000001e4d89a8f10 Exception <a 'java/lang/ClassNotFoundException'{0x00000006901efdb0}: build_c9shpi3uhoerwoq5hosd7kyyxBeanInfo> (0x00000006901efdb0) 
thrown [s\open\src\hotspot\share\classfile\systemDictionary.cpp, line 256]
Event: 43.891 Thread 0x000001e4d89a8f10 Exception <a 'java/lang/ClassNotFoundException'{0x00000006901f6710}: build_c9shpi3uhoerwoq5hosd7kyyxCustomizer> (0x00000006901f6710) 
thrown [s\open\src\hotspot\share\classfile\systemDictionary.cpp, line 256]
Event: 43.955 Thread 0x000001e4d89a8f10 Exception <a 'java/lang/ClassNotFoundException'{0x0000000690346050}: dependencies_ex4rdwyl5thzljdr4g8n8vwlaBeanInfo> (0x0000000690346050) 
thrown [s\open\src\hotspot\share\classfile\systemDictionary.cpp, line 256]
Event: 43.956 Thread 0x000001e4d89a8f10 Exception <a 'java/lang/ClassNotFoundException'{0x0000000690352938}: dependencies_ex4rdwyl5thzljdr4g8n8vwlaCustomizer> (0x0000000690352938) 
thrown [s\open\src\hotspot\share\classfile\systemDictionary.cpp, line 256]
Event: 44.039 Thread 0x000001e4d89a8f10 Exception <a 'java/lang/ClassNotFoundException'{0x000000068fcbe958}: build_afa94woma5obzw44z3dnoemsmBeanInfo> (0x000000068fcbe958) 
thrown [s\open\src\hotspot\share\classfile\systemDictionary.cpp, line 256]
Event: 44.039 Thread 0x000001e4d89a8f10 Exception <a 'java/lang/ClassNotFoundException'{0x000000068fcc52b8}: build_afa94woma5obzw44z3dnoemsmCustomizer> (0x000000068fcc52b8) 
thrown [s\open\src\hotspot\share\classfile\systemDictionary.cpp, line 256]
Event: 44.064 Thread 0x000001e4d89a8f10 Exception <a 'java/lang/ClassNotFoundException'{0x000000068fda99b0}: build_afa94woma5obzw44z3dnoemsmBeanInfo> (0x000000068fda99b0) 
thrown [s\open\src\hotspot\share\classfile\systemDictionary.cpp, line 256]
Event: 44.064 Thread 0x000001e4d89a8f10 Exception <a 'java/lang/ClassNotFoundException'{0x000000068fdb02b0}: build_afa94woma5obzw44z3dnoemsmCustomizer> (0x000000068fdb02b0) 
thrown [s\open\src\hotspot\share\classfile\systemDictionary.cpp, line 256]
Event: 44.081 Thread 0x000001e4d89a8f10 Exception <a 'java/lang/ClassNotFoundException'{0x000000068fff60b0}: org/gradle/api/internal/tasks/DefaultRealizableTaskCollection_DecoratedBeanInfo> (0x000000068fff60b0) 
thrown [s\open\src\hotspot\share\classfile\systemDictionary.cpp, line 256]
Event: 44.083 Thread 0x000001e4d89a8f10 Exception <a 'java/lang/ClassNotFoundException'{0x000000068f80c680}: org/gradle/api/internal/tasks/DefaultRealizableTaskCollectionBeanInfo> (0x000000068f80c680) 
thrown [s\open\src\hotspot\share\classfile\systemDictionary.cpp, line 256]
Event: 44.084 Thread 0x000001e4d89a8f10 Exception <a 'java/lang/ClassNotFoundException'{0x000000068f822d98}: org/gradle/api/internal/DelegatingNamedDomainObjectSetBeanInfo> (0x000000068f822d98) 
thrown [s\open\src\hotspot\share\classfile\systemDictionary.cpp, line 256]
Event: 44.084 Thread 0x000001e4d89a8f10 Exception <a 'java/lang/ClassNotFoundException'{0x000000068f839920}: org/gradle/api/internal/DelegatingDomainObjectSetBeanInfo> (0x000000068f839920) 
thrown [s\open\src\hotspot\share\classfile\systemDictionary.cpp, line 256]
Event: 44.099 Thread 0x000001e4d89a8f10 Exception <a 'java/lang/ClassNotFoundException'{0x000000068f84ff68}: org/gradle/api/internal/DelegatingDomainObjectSetCustomizer> (0x000000068f84ff68) 
thrown [s\open\src\hotspot\share\classfile\systemDictionary.cpp, line 256]
Event: 44.102 Thread 0x000001e4d89a8f10 Exception <a 'java/lang/ClassNotFoundException'{0x000000068f8821e0}: org/gradle/api/internal/DelegatingNamedDomainObjectSetCustomizer> (0x000000068f8821e0) 
thrown [s\open\src\hotspot\share\classfile\systemDictionary.cpp, line 256]
Event: 44.104 Thread 0x000001e4d89a8f10 Exception <a 'java/lang/ClassNotFoundException'{0x000000068f8bf6c8}: org/gradle/api/internal/tasks/DefaultRealizableTaskCollectionCustomizer> (0x000000068f8bf6c8) 
thrown [s\open\src\hotspot\share\classfile\systemDictionary.cpp, line 256]
Event: 44.107 Thread 0x000001e4d89a8f10 Exception <a 'java/lang/ClassNotFoundException'{0x000000068f906820}: org/gradle/api/internal/tasks/DefaultRealizableTaskCollection_DecoratedCustomizer> (0x000000068f906820) 
thrown [s\open\src\hotspot\share\classfile\systemDictionary.cpp, line 256]
Event: 44.157 Thread 0x000001e4d89a8f10 Exception <a 'java/lang/ClassNotFoundException'{0x000000068f9eb2d0}: build_3lypt0oo0dr4au9bb521s3ns7BeanInfo> (0x000000068f9eb2d0) 
thrown [s\open\src\hotspot\share\classfile\systemDictionary.cpp, line 256]
Event: 44.158 Thread 0x000001e4d89a8f10 Exception <a 'java/lang/ClassNotFoundException'{0x000000068f9f1c30}: build_3lypt0oo0dr4au9bb521s3ns7Customizer> (0x000000068f9f1c30) 
thrown [s\open\src\hotspot\share\classfile\systemDictionary.cpp, line 256]

VM Operations (20 events):
Event: 41.472 Executing VM operation: HandshakeAllThreads
Event: 41.473 Executing VM operation: HandshakeAllThreads done
Event: 42.200 Executing VM operation: ICBufferFull
Event: 42.200 Executing VM operation: ICBufferFull done
Event: 42.691 Executing VM operation: G1CollectForAllocation
Event: 42.707 Executing VM operation: G1CollectForAllocation done
Event: 42.724 Executing VM operation: HandshakeAllThreads
Event: 42.725 Executing VM operation: HandshakeAllThreads done
Event: 43.078 Executing VM operation: HandshakeAllThreads
Event: 43.078 Executing VM operation: HandshakeAllThreads done
Event: 43.405 Executing VM operation: HandshakeAllThreads
Event: 43.405 Executing VM operation: HandshakeAllThreads done
Event: 43.574 Executing VM operation: HandshakeAllThreads
Event: 43.574 Executing VM operation: HandshakeAllThreads done
Event: 43.723 Executing VM operation: G1CollectForAllocation
Event: 43.743 Executing VM operation: G1CollectForAllocation done
Event: 44.085 Executing VM operation: G1Concurrent
Event: 44.097 Executing VM operation: G1Concurrent done
Event: 44.256 Executing VM operation: G1Concurrent
Event: 44.256 Executing VM operation: G1Concurrent done

Events (20 events):
Event: 43.619 Thread 0x000001e49190bf70 flushing nmethod 0x000001e4f2945290
Event: 43.619 Thread 0x000001e49190bf70 flushing nmethod 0x000001e4f2946610
Event: 43.619 Thread 0x000001e49190bf70 flushing nmethod 0x000001e4f2947610
Event: 43.743 Thread 0x000001e491e18870 Thread exited: 0x000001e491e18870
Event: 44.199 loading class java/util/concurrent/atomic/AtomicMarkableReference
Event: 44.200 loading class java/util/concurrent/atomic/AtomicMarkableReference done
Event: 44.200 loading class java/util/concurrent/atomic/AtomicMarkableReference$Pair
Event: 44.200 loading class java/util/concurrent/atomic/AtomicMarkableReference$Pair done
Event: 44.257 loading class javax/net/ssl/KeyManagerFactory
Event: 44.258 loading class javax/net/ssl/KeyManagerFactory done
Event: 44.258 loading class javax/net/ssl/KeyManagerFactory$1
Event: 44.258 loading class javax/net/ssl/KeyManagerFactory$1 done
Event: 44.258 loading class javax/net/ssl/KeyManagerFactorySpi
Event: 44.258 loading class javax/net/ssl/KeyManagerFactorySpi done
Event: 44.258 loading class sun/security/ssl/KeyManagerFactoryImpl$SunX509
Event: 44.258 loading class sun/security/ssl/KeyManagerFactoryImpl
Event: 44.258 loading class sun/security/ssl/KeyManagerFactoryImpl done
Event: 44.258 loading class sun/security/ssl/KeyManagerFactoryImpl$SunX509 done
Event: 44.259 loading class sun/security/ssl/SunX509KeyManagerImpl
Event: 44.260 loading class sun/security/ssl/SunX509KeyManagerImpl done


Dynamic libraries:
0x00007ff790a90000 - 0x00007ff790aa0000 	C:\Program Files\Java\jdk-17\bin\java.exe
0x00007fffefbd0000 - 0x00007fffefdc8000 	C:\Windows\SYSTEM32\ntdll.dll
0x00007fffef550000 - 0x00007fffef60d000 	C:\Windows\System32\KERNEL32.DLL
0x00007fffed730000 - 0x00007fffeda26000 	C:\Windows\System32\KERNELBASE.dll
0x00007fffe5a60000 - 0x00007fffe5af0000 	C:\Windows\SYSTEM32\apphelp.dll
0x00007fffedb10000 - 0x00007fffedc10000 	C:\Windows\System32\ucrtbase.dll
0x00007fffd0ea0000 - 0x00007fffd0ebb000 	C:\Program Files\Java\jdk-17\bin\VCRUNTIME140.dll
0x00007fffe0590000 - 0x00007fffe05a9000 	C:\Program Files\Java\jdk-17\bin\jli.dll
0x00007fffefa60000 - 0x00007fffefb10000 	C:\Windows\System32\ADVAPI32.dll
0x00007fffef610000 - 0x00007fffef6ae000 	C:\Windows\System32\msvcrt.dll
0x00007fffedc10000 - 0x00007fffedcb0000 	C:\Windows\System32\sechost.dll
0x00007fffeee90000 - 0x00007fffeefb3000 	C:\Windows\System32\RPCRT4.dll
0x00007fffed5a0000 - 0x00007fffed5c7000 	C:\Windows\System32\bcrypt.dll
0x00007fffef710000 - 0x00007fffef8af000 	C:\Windows\System32\USER32.dll
0x00007fffd0ab0000 - 0x00007fffd0d4a000 	C:\Windows\WinSxS\amd64_microsoft.windows.common-controls_6595b64144ccf1df_6.0.19041.4355_none_60b8b9eb71f62e16\COMCTL32.dll
0x00007fffeda30000 - 0x00007fffeda52000 	C:\Windows\System32\win32u.dll
0x00007fffeedf0000 - 0x00007fffeee1b000 	C:\Windows\System32\GDI32.dll
0x00007fffed290000 - 0x00007fffed3a7000 	C:\Windows\System32\gdi32full.dll
0x00007fffe35d0000 - 0x00007fffe35da000 	C:\Windows\SYSTEM32\VERSION.dll
0x00007fffed5d0000 - 0x00007fffed66d000 	C:\Windows\System32\msvcp_win.dll
0x00007fffee4f0000 - 0x00007fffee51f000 	C:\Windows\System32\IMM32.DLL
0x00007fffe58c0000 - 0x00007fffe58cc000 	C:\Program Files\Java\jdk-17\bin\vcruntime140_1.dll
0x00007fffaf560000 - 0x00007fffaf5ee000 	C:\Program Files\Java\jdk-17\bin\msvcp140.dll
0x00007fff08700000 - 0x00007fff092df000 	C:\Program Files\Java\jdk-17\bin\server\jvm.dll
0x00007fffeee80000 - 0x00007fffeee88000 	C:\Windows\System32\PSAPI.DLL
0x00007fffdd790000 - 0x00007fffdd7b7000 	C:\Windows\SYSTEM32\WINMM.dll
0x00007fffc9540000 - 0x00007fffc9549000 	C:\Windows\SYSTEM32\WSOCK32.dll
0x00007fffeecf0000 - 0x00007fffeed5b000 	C:\Windows\System32\WS2_32.dll
0x00007fffeb8a0000 - 0x00007fffeb8b2000 	C:\Windows\SYSTEM32\kernel.appcore.dll
0x00007fffe1ee0000 - 0x00007fffe1eea000 	C:\Program Files\Java\jdk-17\bin\jimage.dll
0x00007fffeacd0000 - 0x00007fffeaeb4000 	C:\Windows\SYSTEM32\DBGHELP.DLL
0x00007fffc8d00000 - 0x00007fffc8d34000 	C:\Windows\SYSTEM32\dbgcore.DLL
0x00007fffed3b0000 - 0x00007fffed432000 	C:\Windows\System32\bcryptPrimitives.dll
0x00007fffe1e00000 - 0x00007fffe1e0e000 	C:\Program Files\Java\jdk-17\bin\instrument.dll
0x00007fffce0a0000 - 0x00007fffce0c5000 	C:\Program Files\Java\jdk-17\bin\java.dll
0x00007fffaf440000 - 0x00007fffaf517000 	C:\Program Files\Java\jdk-17\bin\jsvml.dll
0x00007fffedcb0000 - 0x00007fffee41c000 	C:\Windows\System32\SHELL32.dll
0x00007fffeafc0000 - 0x00007fffeb75d000 	C:\Windows\SYSTEM32\windows.storage.dll
0x00007fffee990000 - 0x00007fffeece3000 	C:\Windows\System32\combase.dll
0x00007fffecb60000 - 0x00007fffecb8e000 	C:\Windows\SYSTEM32\Wldp.dll
0x00007fffee420000 - 0x00007fffee4ed000 	C:\Windows\System32\OLEAUT32.dll
0x00007fffee520000 - 0x00007fffee5cd000 	C:\Windows\System32\SHCORE.dll
0x00007fffeee20000 - 0x00007fffeee75000 	C:\Windows\System32\shlwapi.dll
0x00007fffed1c0000 - 0x00007fffed1e4000 	C:\Windows\SYSTEM32\profapi.dll
0x00007fffcdbc0000 - 0x00007fffcdbd8000 	C:\Program Files\Java\jdk-17\bin\zip.dll
0x00007fffce8a0000 - 0x00007fffce8b9000 	C:\Program Files\Java\jdk-17\bin\net.dll
0x00007fffec200000 - 0x00007fffec30a000 	C:\Windows\SYSTEM32\WINHTTP.dll
0x00007fffec940000 - 0x00007fffec9aa000 	C:\Windows\system32\mswsock.dll
0x00007fffce080000 - 0x00007fffce096000 	C:\Program Files\Java\jdk-17\bin\nio.dll
0x00007fffce740000 - 0x00007fffce750000 	C:\Program Files\Java\jdk-17\bin\verify.dll
0x00007fffca1e0000 - 0x00007fffca207000 	C:\Users\d.ngantchou\.gradle\native\c067742578af261105cb4f569cf0c3c89f3d7b1fecec35dd04571415982c5e48\windows-amd64\native-platform.dll
0x00007fffb3dc0000 - 0x00007fffb3f04000 	C:\Users\d.ngantchou\.gradle\native\38dada09dfb8b06ba9b0570ebf7e218e3eb74d4ef43ca46872605cf95ebc2f47\windows-amd64\native-platform-file-events.dll
0x00007fffcf220000 - 0x00007fffcf22a000 	C:\Program Files\Java\jdk-17\bin\management.dll
0x00007fffceef0000 - 0x00007fffceefb000 	C:\Program Files\Java\jdk-17\bin\management_ext.dll
0x00007fffecc10000 - 0x00007fffecc28000 	C:\Windows\SYSTEM32\CRYPTSP.dll
0x00007fffec110000 - 0x00007fffec144000 	C:\Windows\system32\rsaenh.dll
0x00007fffed130000 - 0x00007fffed15e000 	C:\Windows\SYSTEM32\USERENV.dll
0x00007fffecad0000 - 0x00007fffecadc000 	C:\Windows\SYSTEM32\CRYPTBASE.dll
0x00007fffec640000 - 0x00007fffec67b000 	C:\Windows\SYSTEM32\IPHLPAPI.DLL
0x00007fffee780000 - 0x00007fffee788000 	C:\Windows\System32\NSI.dll
0x00007fffe6bb0000 - 0x00007fffe6bc7000 	C:\Windows\SYSTEM32\dhcpcsvc6.DLL
0x00007fffe6b80000 - 0x00007fffe6b9d000 	C:\Windows\SYSTEM32\dhcpcsvc.DLL
0x00007fffec680000 - 0x00007fffec74a000 	C:\Windows\SYSTEM32\DNSAPI.dll
0x00007fffcea90000 - 0x00007fffcea9e000 	C:\Program Files\Java\jdk-17\bin\sunmscapi.dll
0x00007fffed440000 - 0x00007fffed59e000 	C:\Windows\System32\CRYPT32.dll
0x00007fffecd20000 - 0x00007fffecd49000 	C:\Windows\SYSTEM32\ncrypt.dll
0x00007fffecce0000 - 0x00007fffecd1b000 	C:\Windows\SYSTEM32\NTASN1.dll
0x00007fffb0160000 - 0x00007fffb0167000 	C:\Windows\system32\wshunix.dll
0x00007fffc9550000 - 0x00007fffc9567000 	C:\Windows\system32\napinsp.dll
0x00007fffc9490000 - 0x00007fffc94ab000 	C:\Windows\system32\pnrpnsp.dll
0x00007fffe74f0000 - 0x00007fffe7505000 	C:\Windows\system32\wshbth.dll
0x00007fffe6840000 - 0x00007fffe685d000 	C:\Windows\system32\NLAapi.dll
0x00007fffc9470000 - 0x00007fffc9482000 	C:\Windows\System32\winrnr.dll
0x00007fffe34e0000 - 0x00007fffe34ea000 	C:\Windows\System32\rasadhlp.dll
0x00007fffe6b00000 - 0x00007fffe6b80000 	C:\Windows\System32\fwpuclnt.dll
0x00007fffad540000 - 0x00007fffad581000 	C:\Users\d.ngantchou\AppData\Local\Temp\jna-1561045647\jna11094430493401412498.dll
0x000001e4d9af0000 - 0x000001e4d9af3000 	C:\Windows\SYSTEM32\Security.dll

dbghelp: loaded successfully - version: 4.0.5 - missing functions: none
symbol engine: initialized successfully - sym options: 0x614 - pdb path: .;C:\Program Files\Java\jdk-17\bin;C:\Windows\SYSTEM32;C:\Windows\WinSxS\amd64_microsoft.windows.common-controls_6595b64144ccf1df_6.0.19041.4355_none_60b8b9eb71f62e16;C:\Program Files\Java\jdk-17\bin\server;C:\Users\d.ngantchou\.gradle\native\c067742578af261105cb4f569cf0c3c89f3d7b1fecec35dd04571415982c5e48\windows-amd64;C:\Users\d.ngantchou\.gradle\native\38dada09dfb8b06ba9b0570ebf7e218e3eb74d4ef43ca46872605cf95ebc2f47\windows-amd64;C:\Users\d.ngantchou\AppData\Local\Temp\jna-1561045647

VM Arguments:
jvm_args: --add-exports=jdk.compiler/com.sun.tools.javac.api=ALL-UNNAMED --add-exports=jdk.compiler/com.sun.tools.javac.file=ALL-UNNAMED --add-exports=jdk.compiler/com.sun.tools.javac.parser=ALL-UNNAMED --add-exports=jdk.compiler/com.sun.tools.javac.tree=ALL-UNNAMED --add-exports=jdk.compiler/com.sun.tools.javac.util=ALL-UNNAMED --add-exports=java.naming/com.sun.jndi.ldap=ALL-UNNAMED --add-opens=java.base/java.lang=ALL-UNNAMED --add-opens=java.base/java.lang.invoke=ALL-UNNAMED --add-opens=java.base/java.io=ALL-UNNAMED --add-opens=java.base/java.security=ALL-UNNAMED --add-opens=java.base/java.util=ALL-UNNAMED --add-opens=java.management/javax.management=ALL-UNNAMED --add-opens=java.naming/javax.naming=ALL-UNNAMED --add-opens=java.rmi/sun.rmi.transport=null --add-opens=java.base/java.util=ALL-UNNAMED --add-opens=java.base/java.lang=ALL-UNNAMED --add-opens=java.base/java.lang.invoke=ALL-UNNAMED --add-opens=java.prefs/java.util.prefs=ALL-UNNAMED --add-opens=java.base/java.nio.charset=ALL-UNNAMED --add-opens=java.base/java.net=ALL-UNNAMED --add-opens=java.base/java.util.concurrent.atomic=ALL-UNNAMED -Xmx6g -Dfile.encoding=utf8 -Duser.country=FR -Duser.language=fr -Duser.variant -javaagent:C:\Users\d.ngantchou\.gradle\wrapper\dists\gradle-8.6-bin\afr5mpiioh2wthjmwnkmdsd5w\gradle-8.6\lib\agents\gradle-instrumentation-agent-8.6.jar 
java_command: org.gradle.launcher.daemon.bootstrap.GradleDaemon 8.6
java_class_path (initial): C:\Users\d.ngantchou\.gradle\wrapper\dists\gradle-8.6-bin\afr5mpiioh2wthjmwnkmdsd5w\gradle-8.6\lib\gradle-launcher-8.6.jar
Launcher Type: SUN_STANDARD

[Global flags]
     intx CICompilerCount                          = 4                                         {product} {ergonomic}
     uint ConcGCThreads                            = 2                                         {product} {ergonomic}
     uint G1ConcRefinementThreads                  = 8                                         {product} {ergonomic}
   size_t G1HeapRegionSize                         = 4194304                                   {product} {ergonomic}
    uintx GCDrainStackTargetSize                   = 64                                        {product} {ergonomic}
   size_t InitialHeapSize                          = 197132288                                 {product} {ergonomic}
   size_t MarkStackSize                            = 4194304                                   {product} {ergonomic}
   size_t MaxHeapSize                              = 6442450944                                {product} {command line}
   size_t MaxNewSize                               = 3862953984                                {product} {ergonomic}
   size_t MinHeapDeltaBytes                        = 4194304                                   {product} {ergonomic}
   size_t MinHeapSize                              = 8388608                                   {product} {ergonomic}
    uintx NonNMethodCodeHeapSize                   = 5839372                                {pd product} {ergonomic}
    uintx NonProfiledCodeHeapSize                  = 122909434                              {pd product} {ergonomic}
    uintx ProfiledCodeHeapSize                     = 122909434                              {pd product} {ergonomic}
    uintx ReservedCodeCacheSize                    = 251658240                              {pd product} {ergonomic}
     bool SegmentedCodeCache                       = true                                      {product} {ergonomic}
   size_t SoftMaxHeapSize                          = 6442450944                             {manageable} {ergonomic}
     bool UseCompressedClassPointers               = true                           {product lp64_product} {ergonomic}
     bool UseCompressedOops                        = true                           {product lp64_product} {ergonomic}
     bool UseG1GC                                  = true                                      {product} {ergonomic}
     bool UseLargePagesIndividualAllocation        = false                                  {pd product} {ergonomic}

Logging:
Log output configuration:
 #0: stdout all=warning uptime,level,tags
 #1: stderr all=off uptime,level,tags

Environment Variables:
JAVA_HOME=C:\Program Files\Java\jdk-17
PATH=C:\Program Files\Common Files\Oracle\Java\javapath;C:\Windows\system32;C:\Windows;C:\Windows\System32\Wbem;C:\Windows\System32\WindowsPowerShell\v1.0\;C:\Windows\System32\OpenSSH\;C:\Program Files\Git\cmd;C:\Program Files\nodejs\;C:\Program Files\Docker\Docker\resources\bin;C:\xampp\php;C:\composer;C:\Program Files\Java\jdk-17\bin;C:\xampp\mysql\bin;C:\Gradle\gradle-8.6\bin;C:\Program Files\Microsoft SQL Server\150\Tools\Binn\;C:\Program Files\Microsoft SQL Server\Client SDK\ODBC\170\Tools\Binn\;C:\Program Files\dotnet\;C:\Users\d.ngantchou\AppData\Local\Microsoft\WindowsApps;;C:\Users\d.ngantchou\AppData\Local\Programs\Microsoft VS Code\bin;C:\Users\d.ngantchou\AppData\Roaming\npm;C:\Users\d.ngantchou\AppData\Roaming\Composer\vendor\bin;C:\Users\d.ngantchou\.dotnet\tools
USERNAME=d.ngantchou
OS=Windows_NT
PROCESSOR_IDENTIFIER=Intel64 Family 6 Model 140 Stepping 1, GenuineIntel



---------------  S Y S T E M  ---------------

OS:
 Windows 10 , 64 bit Build 19041 (10.0.19041.3636)
OS uptime: 4 days 19:37 hours
Hyper-V role detected

CPU: total 8 (initial active 8) (4 cores per cpu, 2 threads per core) family 6 model 140 stepping 1 microcode 0xb6, cx8, cmov, fxsr, ht, mmx, 3dnowpref, sse, sse2, sse3, ssse3, sse4.1, sse4.2, popcnt, lzcnt, tsc, tscinvbit, avx, avx2, aes, erms, clmul, bmi1, bmi2, adx, avx512f, avx512dq, avx512cd, avx512bw, avx512vl, sha, fma, vzeroupper, avx512_vpopcntdq, avx512_vpclmulqdq, avx512_vaes, avx512_vnni, clflush, clflushopt, clwb, avx512_vbmi2, avx512_vbmi, hv

Memory: 4k page, system-wide physical 11968M (412M free)
TotalPageFile size 25904M (AvailPageFile size 7M)
current process WorkingSet (physical memory assigned to process): 555M, peak: 556M
current process commit charge ("private bytes"): 607M, peak: 611M

vm_info: Java HotSpot(TM) 64-Bit Server VM (17.0.10+11-LTS-240) for windows-amd64 JRE (17.0.10+11-LTS-240), built on Dec 19 2023 21:47:25 by "mach5one" with MS VC++ 17.1 (VS2022)

END.
