#
# There is insufficient memory for the Java Runtime Environment to continue.
# Native memory allocation (mmap) failed to map 62914560 bytes for G1 virtual space
# Possible reasons:
#   The system is out of physical RAM or swap space
#   The process is running with CompressedOops enabled, and the Java Heap may be blocking the growth of the native heap
# Possible solutions:
#   Reduce memory load on the system
#   Increase physical memory or swap space
#   Check if swap backing store is full
#   Decrease Java heap size (-Xmx/-Xms)
#   Decrease number of Java threads
#   Decrease Java thread stack sizes (-Xss)
#   Set larger code cache with -XX:ReservedCodeCacheSize=
#   JVM is running with Zero Based Compressed Oops mode in which the Java heap is
#     placed in the first 32GB address space. The Java Heap base address is the
#     maximum limit for the native heap growth. Please use -XX:HeapBaseMinAddress
#     to set the Java Heap base and to place the Java Heap above 32GB virtual address.
# This output file may be truncated or incomplete.
#
#  Out of Memory Error (os_windows.cpp:3548), pid=8888, tid=23052
#
# JRE version: Java(TM) SE Runtime Environment (17.0.10+11) (build 17.0.10+11-LTS-240)
# Java VM: Java HotSpot(TM) 64-Bit Server VM (17.0.10+11-LTS-240, mixed mode, sharing, tiered, compressed oops, compressed class ptrs, g1 gc, windows-amd64)
# No core dump will be written. Minidumps are not enabled by default on client versions of Windows
#

---------------  S U M M A R Y ------------

Command Line: --add-exports=jdk.compiler/com.sun.tools.javac.api=ALL-UNNAMED --add-exports=jdk.compiler/com.sun.tools.javac.file=ALL-UNNAMED --add-exports=jdk.compiler/com.sun.tools.javac.parser=ALL-UNNAMED --add-exports=jdk.compiler/com.sun.tools.javac.tree=ALL-UNNAMED --add-exports=jdk.compiler/com.sun.tools.javac.util=ALL-UNNAMED --add-exports=java.naming/com.sun.jndi.ldap=ALL-UNNAMED --add-opens=java.base/java.lang=ALL-UNNAMED --add-opens=java.base/java.lang.invoke=ALL-UNNAMED --add-opens=java.base/java.io=ALL-UNNAMED --add-opens=java.base/java.security=ALL-UNNAMED --add-opens=java.base/java.util=ALL-UNNAMED --add-opens=java.management/javax.management=ALL-UNNAMED --add-opens=java.naming/javax.naming=ALL-UNNAMED --add-opens=java.rmi/sun.rmi.transport=null --add-opens=java.base/java.util=ALL-UNNAMED --add-opens=java.base/java.lang=ALL-UNNAMED --add-opens=java.base/java.lang.invoke=ALL-UNNAMED --add-opens=java.prefs/java.util.prefs=ALL-UNNAMED --add-opens=java.base/java.nio.charset=ALL-UNNAMED --add-opens=java.base/java.net=ALL-UNNAMED --add-opens=java.base/java.util.concurrent.atomic=ALL-UNNAMED -Xmx6g -Dfile.encoding=utf8 -Duser.country=FR -Duser.language=fr -Duser.variant -javaagent:C:\Users\d.ngantchou\.gradle\wrapper\dists\gradle-8.6-bin\afr5mpiioh2wthjmwnkmdsd5w\gradle-8.6\lib\agents\gradle-instrumentation-agent-8.6.jar org.gradle.launcher.daemon.bootstrap.GradleDaemon 8.6

Host: 11th Gen Intel(R) Core(TM) i5-1135G7 @ 2.40GHz, 8 cores, 11G,  Windows 10 , 64 bit Build 19041 (10.0.19041.3636)
Time: Mon Jun 24 22:14:36 2024 Afr. centrale Ouest elapsed time: 73.644387 seconds (0d 0h 1m 13s)

---------------  T H R E A D  ---------------

Current thread (0x0000017f7f516160):  VMThread "VM Thread" [stack: 0x00000028f9d00000,0x00000028f9e00000] [id=23052]

Stack: [0x00000028f9d00000,0x00000028f9e00000]
Native frames: (J=compiled Java code, j=interpreted, Vv=VM code, C=native code)
V  [jvm.dll+0x677a5a]
V  [jvm.dll+0x7d8b2d]
V  [jvm.dll+0x7da48e]
V  [jvm.dll+0x7daaf3]
V  [jvm.dll+0x2455ff]
V  [jvm.dll+0x6749b9]
V  [jvm.dll+0x669382]
V  [jvm.dll+0x302e96]
V  [jvm.dll+0x30a416]
V  [jvm.dll+0x359cbe]
V  [jvm.dll+0x359eef]
V  [jvm.dll+0x2d9e88]
V  [jvm.dll+0x2d8295]
V  [jvm.dll+0x2d789c]
V  [jvm.dll+0x31b18b]
V  [jvm.dll+0x7df30b]
V  [jvm.dll+0x7e0044]
V  [jvm.dll+0x7e055d]
V  [jvm.dll+0x7e0934]
V  [jvm.dll+0x7e0a00]
V  [jvm.dll+0x78888a]
V  [jvm.dll+0x676935]
C  [ucrtbase.dll+0x21bb2]
C  [KERNEL32.DLL+0x17344]
C  [ntdll.dll+0x4cc91]

VM_Operation (0x00000028fb5f7d30): G1CollectForAllocation, mode: safepoint, requested by thread 0x0000017f61913690


---------------  P R O C E S S  ---------------

Threads class SMR info:
_java_thread_list=0x0000017f67133fd0, length=136, elements={
0x0000017f72b28c50, 0x0000017f7f5183c0, 0x0000017f7f518e90, 0x0000017f7f52e790,
0x0000017f7f52f060, 0x0000017f7f52f930, 0x0000017f7f530200, 0x0000017f7f532e10,
0x0000017f7f53ece0, 0x0000017f7f541600, 0x0000017f7f770490, 0x0000017f7f8c82f0,
0x0000017f61b630a0, 0x0000017f6057de60, 0x0000017f62022010, 0x0000017f61776cb0,
0x0000017f61a96680, 0x0000017f61915a00, 0x0000017f61913690, 0x0000017f619140b0,
0x0000017f619154f0, 0x0000017f61912250, 0x0000017f619145c0, 0x0000017f61914ad0,
0x0000017f61912760, 0x0000017f61913180, 0x0000017f61912c70, 0x0000017f61708410,
0x0000017f61703d30, 0x0000017f617065b0, 0x0000017f61708e30, 0x0000017f61706fd0,
0x0000017f61709340, 0x0000017f61705680, 0x0000017f6170a780, 0x0000017f61709d60,
0x0000017f6170a270, 0x0000017f61706ac0, 0x0000017f61708920, 0x0000017f6170b6b0,
0x0000017f617060a0, 0x0000017f61704240, 0x0000017f61704750, 0x0000017f617079f0,
0x0000017f64c4e670, 0x0000017f64c4c300, 0x0000017f64c49f90, 0x0000017f64c4f5a0,
0x0000017f64c4c810, 0x0000017f64c4cd20, 0x0000017f64c4bdf0, 0x0000017f64c4a4a0,
0x0000017f64c4d230, 0x0000017f64c4eb80, 0x0000017f64c4dc50, 0x0000017f64c4d740,
0x0000017f64c4b8e0, 0x0000017f64c4e160, 0x0000017f64c4f090, 0x0000017f64c4b3d0,
0x0000017f64c4fab0, 0x0000017f64c4ffc0, 0x0000017f64c504d0, 0x0000017f64c509e0,
0x0000017f64c49570, 0x0000017f64c4a9b0, 0x0000017f64c4aec0, 0x0000017f64c49a80,
0x0000017f624e24b0, 0x0000017f624e70a0, 0x0000017f624e4310, 0x0000017f624e6680,
0x0000017f624e29c0, 0x0000017f624e3e00, 0x0000017f624e1580, 0x0000017f624e2ed0,
0x0000017f624e33e0, 0x0000017f624e6b90, 0x0000017f624e75b0, 0x0000017f624e5c60,
0x0000017f624e84e0, 0x0000017f624e4820, 0x0000017f624e7ac0, 0x0000017f624e38f0,
0x0000017f624e7fd0, 0x0000017f624e4d30, 0x0000017f624e1fa0, 0x0000017f624e6170,
0x0000017f624e1070, 0x0000017f624e5240, 0x0000017f624e89f0, 0x0000017f624e5750,
0x0000017f624e1a90, 0x0000017f650ae670, 0x0000017f650af090, 0x0000017f650ac810,
0x0000017f650ab8e0, 0x0000017f650abdf0, 0x0000017f650ad230, 0x0000017f650adc50,
0x0000017f650ac300, 0x0000017f650ae160, 0x0000017f650aeb80, 0x0000017f650acd20,
0x0000017f64664a50, 0x0000017f64668200, 0x0000017f64664540, 0x0000017f646621d0,
0x0000017f64664f60, 0x0000017f64665470, 0x0000017f64663610, 0x0000017f646663a0,
0x0000017f646668b0, 0x0000017f646672d0, 0x0000017f64666dc0, 0x0000017f64663b20,
0x0000017f646617b0, 0x0000017f646677e0, 0x0000017f646626e0, 0x0000017f64667cf0,
0x0000017f64660d90, 0x0000017f64664030, 0x0000017f64663100, 0x0000017f64661cc0,
0x0000017f64662bf0, 0x0000017f64668710, 0x0000017f646612a0, 0x0000017f632fb5e0,
0x0000017f632fe880, 0x0000017f632fa6b0, 0x0000017f632fca20, 0x0000017f632f7410,
0x0000017f632fbaf0, 0x0000017f632f8850, 0x0000017f632fc510, 0x0000017f632fd950
}

Java Threads: ( => current thread )
  0x0000017f72b28c50 JavaThread "main" [_thread_blocked, id=25044, stack(0x00000028f9700000,0x00000028f9800000)]
  0x0000017f7f5183c0 JavaThread "Reference Handler" daemon [_thread_blocked, id=8264, stack(0x00000028f9e00000,0x00000028f9f00000)]
  0x0000017f7f518e90 JavaThread "Finalizer" daemon [_thread_blocked, id=15000, stack(0x00000028f9f00000,0x00000028fa000000)]
  0x0000017f7f52e790 JavaThread "Signal Dispatcher" daemon [_thread_blocked, id=12540, stack(0x00000028fa000000,0x00000028fa100000)]
  0x0000017f7f52f060 JavaThread "Attach Listener" daemon [_thread_blocked, id=2152, stack(0x00000028fa100000,0x00000028fa200000)]
  0x0000017f7f52f930 JavaThread "Service Thread" daemon [_thread_blocked, id=2864, stack(0x00000028fa200000,0x00000028fa300000)]
  0x0000017f7f530200 JavaThread "Monitor Deflation Thread" daemon [_thread_blocked, id=16188, stack(0x00000028fa300000,0x00000028fa400000)]
  0x0000017f7f532e10 JavaThread "C2 CompilerThread0" daemon [_thread_blocked, id=18736, stack(0x00000028fa400000,0x00000028fa500000)]
  0x0000017f7f53ece0 JavaThread "C1 CompilerThread0" daemon [_thread_blocked, id=19020, stack(0x00000028fa500000,0x00000028fa600000)]
  0x0000017f7f541600 JavaThread "Sweeper thread" daemon [_thread_blocked, id=21936, stack(0x00000028fa600000,0x00000028fa700000)]
  0x0000017f7f770490 JavaThread "Common-Cleaner" daemon [_thread_blocked, id=10352, stack(0x00000028fa700000,0x00000028fa800000)]
  0x0000017f7f8c82f0 JavaThread "Notification Thread" daemon [_thread_blocked, id=21708, stack(0x00000028fa800000,0x00000028fa900000)]
  0x0000017f61b630a0 JavaThread "Daemon health stats" [_thread_blocked, id=15496, stack(0x00000028fb000000,0x00000028fb100000)]
  0x0000017f6057de60 JavaThread "Incoming local TCP Connector on port 52209" [_thread_in_native, id=25996, stack(0x00000028faa00000,0x00000028fab00000)]
  0x0000017f62022010 JavaThread "Daemon periodic checks" [_thread_blocked, id=24536, stack(0x00000028faf00000,0x00000028fb000000)]
  0x0000017f61776cb0 JavaThread "Daemon" [_thread_blocked, id=17124, stack(0x00000028fb200000,0x00000028fb300000)]
  0x0000017f61a96680 JavaThread "Handler for socket connection from /127.0.0.1:52209 to /127.0.0.1:52210" [_thread_in_native, id=16584, stack(0x00000028fb300000,0x00000028fb400000)]
  0x0000017f61915a00 JavaThread "Cancel handler" [_thread_blocked, id=17544, stack(0x00000028fb400000,0x00000028fb500000)]
  0x0000017f61913690 JavaThread "Daemon worker" [_thread_blocked, id=16928, stack(0x00000028fb500000,0x00000028fb600000)]
  0x0000017f619140b0 JavaThread "Asynchronous log dispatcher for DefaultDaemonConnection: socket connection from /127.0.0.1:52209 to /127.0.0.1:52210" [_thread_blocked, id=17280, stack(0x00000028fb600000,0x00000028fb700000)]
  0x0000017f619154f0 JavaThread "Daemon client event forwarder" [_thread_blocked, id=23304, stack(0x00000028fbb00000,0x00000028fbc00000)]
  0x0000017f61912250 JavaThread "Cache worker for journal cache (C:\Users\d.ngantchou\.gradle\caches\journal-1)" [_thread_blocked, id=20152, stack(0x00000028fb100000,0x00000028fb200000)]
  0x0000017f619145c0 JavaThread "File lock request listener" [_thread_in_native, id=17992, stack(0x00000028fbc00000,0x00000028fbd00000)]
  0x0000017f61914ad0 JavaThread "Cache worker for file hash cache (C:\Users\d.ngantchou\.gradle\caches\8.6\fileHashes)" [_thread_blocked, id=5560, stack(0x00000028fbe00000,0x00000028fbf00000)]
  0x0000017f61912760 JavaThread "File watcher server" daemon [_thread_blocked, id=13468, stack(0x00000028fc000000,0x00000028fc100000)]
  0x0000017f61913180 JavaThread "File watcher consumer" daemon [_thread_blocked, id=15120, stack(0x00000028fc100000,0x00000028fc200000)]
  0x0000017f61912c70 JavaThread "jar transforms" [_thread_blocked, id=19544, stack(0x00000028fc300000,0x00000028fc400000)]
  0x0000017f61708410 JavaThread "jar transforms Thread 2" [_thread_blocked, id=16908, stack(0x00000028fc400000,0x00000028fc500000)]
  0x0000017f61703d30 JavaThread "jar transforms Thread 3" [_thread_blocked, id=14252, stack(0x00000028fc500000,0x00000028fc600000)]
  0x0000017f617065b0 JavaThread "Cache worker for checksums cache (C:\xampp\htdocs\lvm\fineract\.gradle\8.6\checksums)" [_thread_blocked, id=3104, stack(0x00000028fbd00000,0x00000028fbe00000)]
  0x0000017f61708e30 JavaThread "Cache worker for file hash cache (C:\xampp\htdocs\lvm\fineract\.gradle\8.6\fileHashes)" [_thread_blocked, id=16496, stack(0x00000028fbf00000,0x00000028fc000000)]
  0x0000017f61706fd0 JavaThread "Cache worker for cache directory md-supplier (C:\Users\d.ngantchou\.gradle\caches\8.6\md-supplier)" [_thread_blocked, id=5136, stack(0x00000028fc600000,0x00000028fc700000)]
  0x0000017f61709340 JavaThread "Cache worker for cache directory md-rule (C:\Users\d.ngantchou\.gradle\caches\8.6\md-rule)" [_thread_blocked, id=19948, stack(0x00000028fc700000,0x00000028fc800000)]
  0x0000017f61705680 JavaThread "Cache worker for file content cache (C:\Users\d.ngantchou\.gradle\caches\8.6\fileContent)" [_thread_blocked, id=9472, stack(0x00000028fc800000,0x00000028fc900000)]
  0x0000017f6170a780 JavaThread "jar transforms Thread 4" [_thread_blocked, id=8288, stack(0x00000028fca00000,0x00000028fcb00000)]
  0x0000017f61709d60 JavaThread "jar transforms Thread 5" [_thread_blocked, id=26868, stack(0x00000028fcb00000,0x00000028fcc00000)]
  0x0000017f6170a270 JavaThread "jar transforms Thread 6" [_thread_blocked, id=11936, stack(0x00000028fcd00000,0x00000028fce00000)]
  0x0000017f61706ac0 JavaThread "jar transforms Thread 7" [_thread_blocked, id=12440, stack(0x00000028fce00000,0x00000028fcf00000)]
  0x0000017f61708920 JavaThread "jar transforms Thread 8" [_thread_blocked, id=18304, stack(0x00000028fcf00000,0x00000028fd000000)]
  0x0000017f6170b6b0 JavaThread "File lock release action executor" [_thread_blocked, id=22504, stack(0x00000028fd000000,0x00000028fd100000)]
  0x0000017f617060a0 JavaThread "Unconstrained build operations" [_thread_blocked, id=5192, stack(0x00000028fd100000,0x00000028fd200000)]
  0x0000017f61704240 JavaThread "Unconstrained build operations Thread 2" [_thread_blocked, id=19080, stack(0x00000028fd200000,0x00000028fd300000)]
  0x0000017f61704750 JavaThread "gradle-enterprise-worker-0" [_thread_blocked, id=27108, stack(0x00000028fd300000,0x00000028fd400000)]
  0x0000017f617079f0 JavaThread "Cache worker for Build Output Cleanup Cache (C:\xampp\htdocs\lvm\fineract\buildSrc\.gradle\buildOutputCleanup)" [_thread_blocked, id=6340, stack(0x00000028fd500000,0x00000028fd600000)]
  0x0000017f64c4e670 JavaThread "Memory manager" [_thread_blocked, id=16040, stack(0x00000028fd600000,0x00000028fd700000)]
  0x0000017f64c4c300 JavaThread "Unconstrained build operations Thread 3" [_thread_blocked, id=6888, stack(0x00000028fcc00000,0x00000028fcd00000)]
  0x0000017f64c49f90 JavaThread "included builds" [_thread_blocked, id=2528, stack(0x00000028fd800000,0x00000028fd900000)]
  0x0000017f64c4f5a0 JavaThread "Execution worker" [_thread_blocked, id=16400, stack(0x00000028fd900000,0x00000028fda00000)]
  0x0000017f64c4c810 JavaThread "Execution worker Thread 2" [_thread_blocked, id=16768, stack(0x00000028fda00000,0x00000028fdb00000)]
  0x0000017f64c4cd20 JavaThread "Execution worker Thread 3" [_thread_blocked, id=22124, stack(0x00000028fdb00000,0x00000028fdc00000)]
  0x0000017f64c4bdf0 JavaThread "Execution worker Thread 4" [_thread_blocked, id=2104, stack(0x00000028fdc00000,0x00000028fdd00000)]
  0x0000017f64c4a4a0 JavaThread "Execution worker Thread 5" [_thread_blocked, id=448, stack(0x00000028fdd00000,0x00000028fde00000)]
  0x0000017f64c4d230 JavaThread "Execution worker Thread 6" [_thread_blocked, id=19308, stack(0x00000028fde00000,0x00000028fdf00000)]
  0x0000017f64c4eb80 JavaThread "Execution worker Thread 7" [_thread_blocked, id=23308, stack(0x00000028fdf00000,0x00000028fe000000)]
  0x0000017f64c4dc50 JavaThread "Cache worker for execution history cache (C:\xampp\htdocs\lvm\fineract\buildSrc\.gradle\8.6\executionHistory)" [_thread_blocked, id=17188, stack(0x00000028fe000000,0x00000028fe100000)]
  0x0000017f64c4d740 JavaThread "Unconstrained build operations Thread 4" [_thread_blocked, id=13528, stack(0x00000028fe100000,0x00000028fe200000)]
  0x0000017f64c4b8e0 JavaThread "Unconstrained build operations Thread 5" [_thread_blocked, id=13108, stack(0x00000028fe200000,0x00000028fe300000)]
  0x0000017f64c4e160 JavaThread "Unconstrained build operations Thread 6" [_thread_blocked, id=4360, stack(0x00000028fe300000,0x00000028fe400000)]
  0x0000017f64c4f090 JavaThread "Unconstrained build operations Thread 7" [_thread_blocked, id=18804, stack(0x00000028fe400000,0x00000028fe500000)]
  0x0000017f64c4b3d0 JavaThread "Unconstrained build operations Thread 8" [_thread_blocked, id=4432, stack(0x00000028fe500000,0x00000028fe600000)]
  0x0000017f64c4fab0 JavaThread "Unconstrained build operations Thread 9" [_thread_blocked, id=8464, stack(0x00000028fe600000,0x00000028fe700000)]
  0x0000017f64c4ffc0 JavaThread "Unconstrained build operations Thread 10" [_thread_blocked, id=12872, stack(0x00000028fe700000,0x00000028fe800000)]
  0x0000017f64c504d0 JavaThread "Unconstrained build operations Thread 11" [_thread_blocked, id=12116, stack(0x00000028fe800000,0x00000028fe900000)]
  0x0000017f64c509e0 JavaThread "Unconstrained build operations Thread 12" [_thread_blocked, id=13088, stack(0x00000028fe900000,0x00000028fea00000)]
  0x0000017f64c49570 JavaThread "Unconstrained build operations Thread 13" [_thread_blocked, id=21992, stack(0x00000028fea00000,0x00000028feb00000)]
  0x0000017f64c4a9b0 JavaThread "Unconstrained build operations Thread 14" [_thread_blocked, id=26736, stack(0x00000028feb00000,0x00000028fec00000)]
  0x0000017f64c4aec0 JavaThread "Unconstrained build operations Thread 15" [_thread_blocked, id=8408, stack(0x00000028fec00000,0x00000028fed00000)]
  0x0000017f64c49a80 JavaThread "Unconstrained build operations Thread 16" [_thread_blocked, id=23912, stack(0x00000028fed00000,0x00000028fee00000)]
  0x0000017f624e24b0 JavaThread "Unconstrained build operations Thread 17" [_thread_blocked, id=9908, stack(0x00000028fee00000,0x00000028fef00000)]
  0x0000017f624e70a0 JavaThread "Unconstrained build operations Thread 18" [_thread_blocked, id=24572, stack(0x00000028fef00000,0x00000028ff000000)]
  0x0000017f624e4310 JavaThread "Unconstrained build operations Thread 19" [_thread_blocked, id=17612, stack(0x00000028ff000000,0x00000028ff100000)]
  0x0000017f624e6680 JavaThread "Unconstrained build operations Thread 20" [_thread_blocked, id=14008, stack(0x00000028ff100000,0x00000028ff200000)]
  0x0000017f624e29c0 JavaThread "Unconstrained build operations Thread 21" [_thread_blocked, id=18816, stack(0x00000028ff200000,0x00000028ff300000)]
  0x0000017f624e3e00 JavaThread "Unconstrained build operations Thread 22" [_thread_blocked, id=20656, stack(0x00000028ff300000,0x00000028ff400000)]
  0x0000017f624e1580 JavaThread "Unconstrained build operations Thread 23" [_thread_blocked, id=22992, stack(0x00000028ff400000,0x00000028ff500000)]
  0x0000017f624e2ed0 JavaThread "Unconstrained build operations Thread 24" [_thread_blocked, id=22984, stack(0x00000028ff500000,0x00000028ff600000)]
  0x0000017f624e33e0 JavaThread "Unconstrained build operations Thread 25" [_thread_blocked, id=4880, stack(0x00000028ff600000,0x00000028ff700000)]
  0x0000017f624e6b90 JavaThread "Unconstrained build operations Thread 26" [_thread_blocked, id=25476, stack(0x00000028ff700000,0x00000028ff800000)]
  0x0000017f624e75b0 JavaThread "Unconstrained build operations Thread 27" [_thread_blocked, id=24964, stack(0x00000028ff800000,0x00000028ff900000)]
  0x0000017f624e5c60 JavaThread "Unconstrained build operations Thread 28" [_thread_blocked, id=22988, stack(0x00000028ff900000,0x00000028ffa00000)]
  0x0000017f624e84e0 JavaThread "Unconstrained build operations Thread 29" [_thread_blocked, id=8980, stack(0x00000028ffa00000,0x00000028ffb00000)]
  0x0000017f624e4820 JavaThread "Unconstrained build operations Thread 30" [_thread_blocked, id=16968, stack(0x00000028ffb00000,0x00000028ffc00000)]
  0x0000017f624e7ac0 JavaThread "Unconstrained build operations Thread 31" [_thread_blocked, id=11108, stack(0x00000028ffc00000,0x00000028ffd00000)]
  0x0000017f624e38f0 JavaThread "Unconstrained build operations Thread 32" [_thread_blocked, id=23500, stack(0x00000028ffd00000,0x00000028ffe00000)]
  0x0000017f624e7fd0 JavaThread "Unconstrained build operations Thread 33" [_thread_blocked, id=24760, stack(0x00000028ffe00000,0x00000028fff00000)]
  0x0000017f624e4d30 JavaThread "Unconstrained build operations Thread 34" [_thread_blocked, id=21136, stack(0x00000028fff00000,0x0000002900000000)]
  0x0000017f624e1fa0 JavaThread "Unconstrained build operations Thread 35" [_thread_blocked, id=27488, stack(0x0000002880000000,0x0000002880100000)]
  0x0000017f624e6170 JavaThread "Unconstrained build operations Thread 36" [_thread_blocked, id=11260, stack(0x0000002880100000,0x0000002880200000)]
  0x0000017f624e1070 JavaThread "Unconstrained build operations Thread 37" [_thread_blocked, id=19876, stack(0x0000002880200000,0x0000002880300000)]
  0x0000017f624e5240 JavaThread "Unconstrained build operations Thread 38" [_thread_blocked, id=4376, stack(0x0000002880300000,0x0000002880400000)]
  0x0000017f624e89f0 JavaThread "Unconstrained build operations Thread 39" [_thread_blocked, id=17816, stack(0x0000002880400000,0x0000002880500000)]
  0x0000017f624e5750 JavaThread "Unconstrained build operations Thread 40" [_thread_blocked, id=22256, stack(0x0000002880500000,0x0000002880600000)]
  0x0000017f624e1a90 JavaThread "Unconstrained build operations Thread 41" [_thread_blocked, id=9984, stack(0x0000002880600000,0x0000002880700000)]
  0x0000017f650ae670 JavaThread "Unconstrained build operations Thread 42" [_thread_blocked, id=25680, stack(0x0000002880700000,0x0000002880800000)]
  0x0000017f650af090 JavaThread "Unconstrained build operations Thread 43" [_thread_blocked, id=8780, stack(0x0000002880800000,0x0000002880900000)]
  0x0000017f650ac810 JavaThread "Unconstrained build operations Thread 44" [_thread_blocked, id=2984, stack(0x0000002880900000,0x0000002880a00000)]
  0x0000017f650ab8e0 JavaThread "Unconstrained build operations Thread 45" [_thread_blocked, id=19920, stack(0x0000002880a00000,0x0000002880b00000)]
  0x0000017f650abdf0 JavaThread "Unconstrained build operations Thread 46" [_thread_blocked, id=14400, stack(0x0000002880b00000,0x0000002880c00000)]
  0x0000017f650ad230 JavaThread "Unconstrained build operations Thread 47" [_thread_blocked, id=2076, stack(0x0000002880c00000,0x0000002880d00000)]
  0x0000017f650adc50 JavaThread "Unconstrained build operations Thread 48" [_thread_blocked, id=14280, stack(0x0000002880d00000,0x0000002880e00000)]
  0x0000017f650ac300 JavaThread "Unconstrained build operations Thread 49" [_thread_blocked, id=26880, stack(0x0000002880e00000,0x0000002880f00000)]
  0x0000017f650ae160 JavaThread "Unconstrained build operations Thread 50" [_thread_blocked, id=19376, stack(0x0000002880f00000,0x0000002881000000)]
  0x0000017f650aeb80 JavaThread "Unconstrained build operations Thread 51" [_thread_blocked, id=9172, stack(0x0000002881000000,0x0000002881100000)]
  0x0000017f650acd20 JavaThread "Unconstrained build operations Thread 52" [_thread_blocked, id=21592, stack(0x0000002881100000,0x0000002881200000)]
  0x0000017f64664a50 JavaThread "Unconstrained build operations Thread 53" [_thread_blocked, id=14892, stack(0x0000002881200000,0x0000002881300000)]
  0x0000017f64668200 JavaThread "Unconstrained build operations Thread 54" [_thread_blocked, id=23292, stack(0x0000002881300000,0x0000002881400000)]
  0x0000017f64664540 JavaThread "Unconstrained build operations Thread 55" [_thread_blocked, id=2408, stack(0x0000002881400000,0x0000002881500000)]
  0x0000017f646621d0 JavaThread "Unconstrained build operations Thread 56" [_thread_blocked, id=7744, stack(0x0000002881500000,0x0000002881600000)]
  0x0000017f64664f60 JavaThread "Unconstrained build operations Thread 57" [_thread_blocked, id=22588, stack(0x0000002881600000,0x0000002881700000)]
  0x0000017f64665470 JavaThread "Unconstrained build operations Thread 58" [_thread_blocked, id=4280, stack(0x0000002881700000,0x0000002881800000)]
  0x0000017f64663610 JavaThread "Unconstrained build operations Thread 59" [_thread_blocked, id=5384, stack(0x0000002881800000,0x0000002881900000)]
  0x0000017f646663a0 JavaThread "Unconstrained build operations Thread 60" [_thread_blocked, id=15320, stack(0x0000002881900000,0x0000002881a00000)]
  0x0000017f646668b0 JavaThread "Unconstrained build operations Thread 61" [_thread_blocked, id=17780, stack(0x0000002881a00000,0x0000002881b00000)]
  0x0000017f646672d0 JavaThread "Unconstrained build operations Thread 62" [_thread_blocked, id=4484, stack(0x0000002881b00000,0x0000002881c00000)]
  0x0000017f64666dc0 JavaThread "Unconstrained build operations Thread 63" [_thread_blocked, id=26968, stack(0x0000002881c00000,0x0000002881d00000)]
  0x0000017f64663b20 JavaThread "Unconstrained build operations Thread 64" [_thread_blocked, id=26324, stack(0x0000002881d00000,0x0000002881e00000)]
  0x0000017f646617b0 JavaThread "Unconstrained build operations Thread 65" [_thread_blocked, id=24820, stack(0x0000002881e00000,0x0000002881f00000)]
  0x0000017f646677e0 JavaThread "Unconstrained build operations Thread 66" [_thread_blocked, id=27600, stack(0x0000002881f00000,0x0000002882000000)]
  0x0000017f646626e0 JavaThread "Unconstrained build operations Thread 67" [_thread_blocked, id=22508, stack(0x0000002882000000,0x0000002882100000)]
  0x0000017f64667cf0 JavaThread "Unconstrained build operations Thread 68" [_thread_blocked, id=26700, stack(0x0000002882100000,0x0000002882200000)]
  0x0000017f64660d90 JavaThread "Unconstrained build operations Thread 69" [_thread_blocked, id=20632, stack(0x0000002882200000,0x0000002882300000)]
  0x0000017f64664030 JavaThread "Unconstrained build operations Thread 70" [_thread_blocked, id=14428, stack(0x0000002882300000,0x0000002882400000)]
  0x0000017f64663100 JavaThread "Unconstrained build operations Thread 71" [_thread_blocked, id=2704, stack(0x0000002882400000,0x0000002882500000)]
  0x0000017f64661cc0 JavaThread "Unconstrained build operations Thread 72" [_thread_blocked, id=10340, stack(0x0000002882500000,0x0000002882600000)]
  0x0000017f64662bf0 JavaThread "Unconstrained build operations Thread 73" [_thread_blocked, id=8948, stack(0x0000002882600000,0x0000002882700000)]
  0x0000017f64668710 JavaThread "Unconstrained build operations Thread 74" [_thread_blocked, id=25652, stack(0x0000002882700000,0x0000002882800000)]
  0x0000017f646612a0 JavaThread "Unconstrained build operations Thread 75" [_thread_blocked, id=4560, stack(0x0000002882800000,0x0000002882900000)]
  0x0000017f632fb5e0 JavaThread "Unconstrained build operations Thread 76" [_thread_blocked, id=16028, stack(0x0000002882900000,0x0000002882a00000)]
  0x0000017f632fe880 JavaThread "Unconstrained build operations Thread 77" [_thread_blocked, id=16092, stack(0x0000002882a00000,0x0000002882b00000)]
  0x0000017f632fa6b0 JavaThread "Unconstrained build operations Thread 78" [_thread_blocked, id=20124, stack(0x0000002882b00000,0x0000002882c00000)]
  0x0000017f632fca20 JavaThread "Unconstrained build operations Thread 79" [_thread_blocked, id=20172, stack(0x0000002882c00000,0x0000002882d00000)]
  0x0000017f632f7410 JavaThread "Unconstrained build operations Thread 80" [_thread_blocked, id=21892, stack(0x0000002882d00000,0x0000002882e00000)]
  0x0000017f632fbaf0 JavaThread "Cache worker for Build Output Cleanup Cache (C:\xampp\htdocs\lvm\fineract\.gradle\buildOutputCleanup)" [_thread_blocked, id=3972, stack(0x0000002882f00000,0x0000002883000000)]
  0x0000017f632f8850 JavaThread "JGit-FileStoreAttributeReader-1" daemon [_thread_blocked, id=1664, stack(0x0000002883200000,0x0000002883300000)]
  0x0000017f632fc510 JavaThread "build event listener" [_thread_blocked, id=11124, stack(0x0000002883300000,0x0000002883400000)]
  0x0000017f632fd950 JavaThread "Thread-122" daemon [_thread_blocked, id=22560, stack(0x0000002883400000,0x0000002883500000)]

Other Threads:
=>0x0000017f7f516160 VMThread "VM Thread" [stack: 0x00000028f9d00000,0x00000028f9e00000] [id=23052]
  0x0000017f72bc71f0 WatcherThread [stack: 0x00000028fa900000,0x00000028faa00000] [id=12640]
  0x0000017f72bb0ef0 GCTaskThread "GC Thread#0" [stack: 0x00000028f9800000,0x00000028f9900000] [id=21940]
  0x0000017f6030c570 GCTaskThread "GC Thread#1" [stack: 0x00000028fab00000,0x00000028fac00000] [id=8364]
  0x0000017f60546e10 GCTaskThread "GC Thread#2" [stack: 0x00000028fac00000,0x00000028fad00000] [id=14420]
  0x0000017f600ed380 GCTaskThread "GC Thread#3" [stack: 0x00000028fad00000,0x00000028fae00000] [id=6808]
  0x0000017f607fc400 GCTaskThread "GC Thread#4" [stack: 0x00000028fae00000,0x00000028faf00000] [id=18128]
  0x0000017f61178ae0 GCTaskThread "GC Thread#5" [stack: 0x00000028fb800000,0x00000028fb900000] [id=17628]
  0x0000017f61777190 GCTaskThread "GC Thread#6" [stack: 0x00000028fb900000,0x00000028fba00000] [id=9864]
  0x0000017f618e0890 GCTaskThread "GC Thread#7" [stack: 0x00000028fba00000,0x00000028fbb00000] [id=26612]
  0x0000017f72bbec00 ConcurrentGCThread "G1 Main Marker" [stack: 0x00000028f9900000,0x00000028f9a00000] [id=26108]
  0x0000017f72bc13e0 ConcurrentGCThread "G1 Conc#0" [stack: 0x00000028f9a00000,0x00000028f9b00000] [id=25836]
  0x0000017f61608490 ConcurrentGCThread "G1 Conc#1" [stack: 0x00000028fc200000,0x00000028fc300000] [id=20376]
  0x0000017f7f3d1ba0 ConcurrentGCThread "G1 Refine#0" [stack: 0x00000028f9b00000,0x00000028f9c00000] [id=10300]
  0x0000017f7f3d4390 ConcurrentGCThread "G1 Service" [stack: 0x00000028f9c00000,0x00000028f9d00000] [id=13440]

Threads with active compile tasks:
C2 CompilerThread0    73709 17634       4       io.spring.gradle.dependencymanagement.org.apache.maven.model.ConfigurationContainer::getLocation (147 bytes)

VM state: at safepoint (normal execution)

VM Mutex/Monitor currently owned by a thread:  ([mutex/lock_event])
[0x0000017f72b23ad0] Threads_lock - owner thread: 0x0000017f7f516160
[0x0000017f72b235c0] Heap_lock - owner thread: 0x0000017f61913690

Heap address: 0x0000000680000000, size: 6144 MB, Compressed Oops mode: Zero based, Oop shift amount: 3

CDS archive(s) mapped at: [0x0000017f1b000000-0x0000017f1bbd0000-0x0000017f1bbd0000), size 12386304, SharedBaseAddress: 0x0000017f1b000000, ArchiveRelocationMode: 1.
Compressed class space mapped at: 0x0000017f1c000000-0x0000017f5c000000, reserved size: 1073741824
Narrow klass base: 0x0000017f1b000000, Narrow klass shift: 0, Narrow klass range: 0x100000000

GC Precious Log:
 CPUs: 8 total, 8 available
 Memory: 11968M
 Large Page Support: Disabled
 NUMA Support: Disabled
 Compressed Oops: Enabled (Zero based)
 Heap Region Size: 4M
 Heap Min Capacity: 8M
 Heap Initial Capacity: 188M
 Heap Max Capacity: 6G
 Pre-touch: Disabled
 Parallel Workers: 8
 Concurrent Workers: 2
 Concurrent Refinement Workers: 8
 Periodic GC: Disabled

Heap:
 garbage-first heap   total 307200K, used 206439K [0x0000000680000000, 0x0000000800000000)
  region size 4096K, 2 young (8192K), 2 survivors (8192K)
 Metaspace       used 102092K, committed 104256K, reserved 1179648K
  class space    used 14182K, committed 15168K, reserved 1048576K

Heap Regions: E=young(eden), S=young(survivor), O=old, HS=humongous(starts), HC=humongous(continues), CS=collection set, F=free, OA=open archive, CA=closed archive, TAMS=top-at-mark-start (previous, next)
|   0|0x0000000680000000, 0x0000000680400000, 0x0000000680400000|100%|HS|  |TAMS 0x0000000680400000, 0x0000000680000000| Complete 
|   1|0x0000000680400000, 0x0000000680800000, 0x0000000680800000|100%| O|  |TAMS 0x0000000680800000, 0x0000000680400000| Untracked 
|   2|0x0000000680800000, 0x0000000680c00000, 0x0000000680c00000|100%| O|  |TAMS 0x0000000680c00000, 0x0000000680800000| Untracked 
|   3|0x0000000680c00000, 0x0000000681000000, 0x0000000681000000|100%| O|  |TAMS 0x0000000681000000, 0x0000000680c00000| Untracked 
|   4|0x0000000681000000, 0x0000000681400000, 0x0000000681400000|100%| O|  |TAMS 0x0000000681400000, 0x0000000681000000| Untracked 
|   5|0x0000000681400000, 0x0000000681800000, 0x0000000681800000|100%| O|  |TAMS 0x0000000681800000, 0x0000000681400000| Untracked 
|   6|0x0000000681800000, 0x0000000681c00000, 0x0000000681c00000|100%| O|  |TAMS 0x0000000681c00000, 0x0000000681800000| Untracked 
|   7|0x0000000681c00000, 0x0000000682000000, 0x0000000682000000|100%| O|  |TAMS 0x0000000682000000, 0x0000000681c00000| Untracked 
|   8|0x0000000682000000, 0x0000000682400000, 0x0000000682400000|100%| O|  |TAMS 0x0000000682400000, 0x0000000682000000| Untracked 
|   9|0x0000000682400000, 0x0000000682800000, 0x0000000682800000|100%| O|  |TAMS 0x0000000682800000, 0x0000000682400000| Untracked 
|  10|0x0000000682800000, 0x0000000682c00000, 0x0000000682c00000|100%| O|  |TAMS 0x0000000682c00000, 0x0000000682800000| Untracked 
|  11|0x0000000682c00000, 0x0000000683000000, 0x0000000683000000|100%| O|  |TAMS 0x0000000683000000, 0x0000000682c00000| Untracked 
|  12|0x0000000683000000, 0x0000000683400000, 0x0000000683400000|100%| O|  |TAMS 0x0000000683400000, 0x0000000683000000| Untracked 
|  13|0x0000000683400000, 0x0000000683800000, 0x0000000683800000|100%| O|  |TAMS 0x0000000683800000, 0x0000000683400000| Untracked 
|  14|0x0000000683800000, 0x0000000683c00000, 0x0000000683c00000|100%| O|  |TAMS 0x0000000683c00000, 0x0000000683800000| Untracked 
|  15|0x0000000683c00000, 0x0000000684000000, 0x0000000684000000|100%| O|  |TAMS 0x0000000684000000, 0x0000000683c00000| Untracked 
|  16|0x0000000684000000, 0x0000000684400000, 0x0000000684400000|100%| O|  |TAMS 0x0000000684400000, 0x0000000684000000| Untracked 
|  17|0x0000000684400000, 0x0000000684800000, 0x0000000684800000|100%| O|  |TAMS 0x0000000684400000, 0x0000000684400000| Untracked 
|  18|0x0000000684800000, 0x0000000684c00000, 0x0000000684c00000|100%| O|  |TAMS 0x0000000684c00000, 0x0000000684800000| Untracked 
|  19|0x0000000684c00000, 0x0000000685000000, 0x0000000685000000|100%| O|  |TAMS 0x0000000685000000, 0x0000000684c00000| Untracked 
|  20|0x0000000685000000, 0x0000000685400000, 0x0000000685400000|100%| O|  |TAMS 0x0000000685400000, 0x0000000685000000| Untracked 
|  21|0x0000000685400000, 0x0000000685800000, 0x0000000685800000|100%| O|  |TAMS 0x0000000685800000, 0x0000000685400000| Untracked 
|  22|0x0000000685800000, 0x0000000685c00000, 0x0000000685c00000|100%| O|  |TAMS 0x0000000685c00000, 0x0000000685800000| Untracked 
|  23|0x0000000685c00000, 0x0000000686000000, 0x0000000686000000|100%| O|  |TAMS 0x0000000686000000, 0x0000000685c00000| Untracked 
|  24|0x0000000686000000, 0x0000000686400000, 0x0000000686400000|100%| O|  |TAMS 0x0000000686142e00, 0x0000000686000000| Untracked 
|  25|0x0000000686400000, 0x0000000686800000, 0x0000000686800000|100%| O|  |TAMS 0x0000000686400000, 0x0000000686400000| Untracked 
|  26|0x0000000686800000, 0x0000000686c00000, 0x0000000686c00000|100%| O|  |TAMS 0x0000000686800000, 0x0000000686800000| Untracked 
|  27|0x0000000686c00000, 0x0000000687000000, 0x0000000687000000|100%| O|  |TAMS 0x0000000686c00000, 0x0000000686c00000| Untracked 
|  28|0x0000000687000000, 0x0000000687400000, 0x0000000687400000|100%| O|  |TAMS 0x0000000687000000, 0x0000000687000000| Untracked 
|  29|0x0000000687400000, 0x0000000687800000, 0x0000000687800000|100%| O|  |TAMS 0x0000000687400000, 0x0000000687400000| Untracked 
|  30|0x0000000687800000, 0x0000000687c00000, 0x0000000687c00000|100%| O|  |TAMS 0x0000000687800000, 0x0000000687800000| Untracked 
|  31|0x0000000687c00000, 0x0000000688000000, 0x0000000688000000|100%| O|  |TAMS 0x0000000687c00000, 0x0000000687c00000| Untracked 
|  32|0x0000000688000000, 0x0000000688400000, 0x0000000688400000|100%| O|  |TAMS 0x0000000688000000, 0x0000000688000000| Untracked 
|  33|0x0000000688400000, 0x0000000688800000, 0x0000000688800000|100%| O|  |TAMS 0x0000000688400000, 0x0000000688400000| Untracked 
|  34|0x0000000688800000, 0x0000000688c00000, 0x0000000688c00000|100%| O|  |TAMS 0x0000000688800000, 0x0000000688800000| Untracked 
|  35|0x0000000688c00000, 0x0000000689000000, 0x0000000689000000|100%| O|  |TAMS 0x0000000688c00000, 0x0000000688c00000| Untracked 
|  36|0x0000000689000000, 0x0000000689400000, 0x0000000689400000|100%| O|  |TAMS 0x0000000689000000, 0x0000000689000000| Untracked 
|  37|0x0000000689400000, 0x0000000689800000, 0x0000000689800000|100%| O|  |TAMS 0x0000000689400000, 0x0000000689400000| Untracked 
|  38|0x0000000689800000, 0x0000000689c00000, 0x0000000689c00000|100%| O|  |TAMS 0x0000000689800000, 0x0000000689800000| Untracked 
|  39|0x0000000689c00000, 0x000000068a000000, 0x000000068a000000|100%| O|  |TAMS 0x0000000689c00000, 0x0000000689c00000| Untracked 
|  40|0x000000068a000000, 0x000000068a400000, 0x000000068a400000|100%| O|  |TAMS 0x000000068a000000, 0x000000068a000000| Untracked 
|  41|0x000000068a400000, 0x000000068a800000, 0x000000068a800000|100%| O|  |TAMS 0x000000068a400000, 0x000000068a400000| Untracked 
|  42|0x000000068a800000, 0x000000068ac00000, 0x000000068ac00000|100%| O|  |TAMS 0x000000068a800000, 0x000000068a800000| Untracked 
|  43|0x000000068ac00000, 0x000000068b000000, 0x000000068b000000|100%| O|  |TAMS 0x000000068ac00000, 0x000000068ac00000| Untracked 
|  44|0x000000068b000000, 0x000000068b400000, 0x000000068b400000|100%| O|  |TAMS 0x000000068b000000, 0x000000068b000000| Untracked 
|  45|0x000000068b400000, 0x000000068b800000, 0x000000068b800000|100%| O|  |TAMS 0x000000068b400000, 0x000000068b400000| Untracked 
|  46|0x000000068b800000, 0x000000068bc00000, 0x000000068bc00000|100%| O|  |TAMS 0x000000068b800000, 0x000000068b800000| Untracked 
|  47|0x000000068bc00000, 0x000000068c000000, 0x000000068c000000|100%| O|  |TAMS 0x000000068bc00000, 0x000000068bc00000| Untracked 
|  48|0x000000068c000000, 0x000000068c400000, 0x000000068c400000|100%| O|  |TAMS 0x000000068c000000, 0x000000068c000000| Untracked 
|  49|0x000000068c400000, 0x000000068c454400, 0x000000068c800000|  8%| O|  |TAMS 0x000000068c400000, 0x000000068c400000| Untracked 
|  50|0x000000068c800000, 0x000000068c800000, 0x000000068cc00000|  0%| F|  |TAMS 0x000000068c800000, 0x000000068c800000| Untracked 
|  51|0x000000068cc00000, 0x000000068cc00000, 0x000000068d000000|  0%| F|  |TAMS 0x000000068cc00000, 0x000000068cc00000| Untracked 
|  52|0x000000068d000000, 0x000000068d000000, 0x000000068d400000|  0%| F|  |TAMS 0x000000068d000000, 0x000000068d000000| Untracked 
|  53|0x000000068d400000, 0x000000068d400000, 0x000000068d800000|  0%| F|  |TAMS 0x000000068d400000, 0x000000068d400000| Untracked 
|  54|0x000000068d800000, 0x000000068d800000, 0x000000068dc00000|  0%| F|  |TAMS 0x000000068d800000, 0x000000068d800000| Untracked 
|  55|0x000000068dc00000, 0x000000068dc00000, 0x000000068e000000|  0%| F|  |TAMS 0x000000068dc00000, 0x000000068dc00000| Untracked 
|  56|0x000000068e000000, 0x000000068e000000, 0x000000068e400000|  0%| F|  |TAMS 0x000000068e000000, 0x000000068e000000| Untracked 
|  57|0x000000068e400000, 0x000000068e400000, 0x000000068e800000|  0%| F|  |TAMS 0x000000068e400000, 0x000000068e400000| Untracked 
|  58|0x000000068e800000, 0x000000068e800000, 0x000000068ec00000|  0%| F|  |TAMS 0x000000068e800000, 0x000000068e800000| Untracked 
|  59|0x000000068ec00000, 0x000000068ec00000, 0x000000068f000000|  0%| F|  |TAMS 0x000000068ec00000, 0x000000068ec00000| Untracked 
|  60|0x000000068f000000, 0x000000068f145998, 0x000000068f400000| 31%| S|CS|TAMS 0x000000068f000000, 0x000000068f000000| Complete 
|  61|0x000000068f400000, 0x000000068f400000, 0x000000068f800000|  0%| F|  |TAMS 0x000000068f400000, 0x000000068f400000| Untracked 
|  62|0x000000068f800000, 0x000000068fc00000, 0x000000068fc00000|100%| S|CS|TAMS 0x000000068f800000, 0x000000068f800000| Complete 
|  63|0x000000068fc00000, 0x000000068fc00000, 0x0000000690000000|  0%| F|  |TAMS 0x000000068fc00000, 0x000000068fc00000| Untracked 
|  64|0x0000000690000000, 0x0000000690000000, 0x0000000690400000|  0%| F|  |TAMS 0x0000000690000000, 0x0000000690000000| Untracked 
|  65|0x0000000690400000, 0x0000000690400000, 0x0000000690800000|  0%| F|  |TAMS 0x0000000690400000, 0x0000000690400000| Untracked 
|  66|0x0000000690800000, 0x0000000690800000, 0x0000000690c00000|  0%| F|  |TAMS 0x0000000690800000, 0x0000000690800000| Untracked 
|  67|0x0000000690c00000, 0x0000000690c00000, 0x0000000691000000|  0%| F|  |TAMS 0x0000000690c00000, 0x0000000690c00000| Untracked 
|  68|0x0000000691000000, 0x0000000691000000, 0x0000000691400000|  0%| F|  |TAMS 0x0000000691000000, 0x0000000691000000| Untracked 
|  69|0x0000000691400000, 0x0000000691400000, 0x0000000691800000|  0%| F|  |TAMS 0x0000000691400000, 0x0000000691400000| Untracked 
|  70|0x0000000691800000, 0x0000000691800000, 0x0000000691c00000|  0%| F|  |TAMS 0x0000000691800000, 0x0000000691800000| Untracked 
|  71|0x0000000691c00000, 0x0000000691c00000, 0x0000000692000000|  0%| F|  |TAMS 0x0000000691c00000, 0x0000000691c00000| Untracked 
|  72|0x0000000692000000, 0x0000000692000000, 0x0000000692400000|  0%| F|  |TAMS 0x0000000692000000, 0x0000000692000000| Untracked 
|  73|0x0000000692400000, 0x0000000692400000, 0x0000000692800000|  0%| F|  |TAMS 0x0000000692400000, 0x0000000692400000| Untracked 
|  74|0x0000000692800000, 0x0000000692800000, 0x0000000692c00000|  0%| F|  |TAMS 0x0000000692800000, 0x0000000692800000| Untracked 

Card table byte_map: [0x0000017f7b300000,0x0000017f7bf00000] _byte_map_base: 0x0000017f77f00000

Marking Bits (Prev, Next): (CMBitMap*) 0x0000017f72bb2310, (CMBitMap*) 0x0000017f72bb22d0
 Prev Bits: [0x0000017f15000000, 0x0000017f1b000000)
 Next Bits: [0x0000017f0f000000, 0x0000017f15000000)

Polling page: 0x0000017f722f0000

Metaspace:

Usage:
  Non-class:     85.85 MB used.
      Class:     13.85 MB used.
       Both:     99.70 MB used.

Virtual space:
  Non-class space:      128.00 MB reserved,      87.00 MB ( 68%) committed,  2 nodes.
      Class space:        1.00 GB reserved,      14.81 MB (  1%) committed,  1 nodes.
             Both:        1.12 GB reserved,     101.81 MB (  9%) committed. 

Chunk freelists:
   Non-Class:  8.33 MB
       Class:  1.22 MB
        Both:  9.55 MB

MaxMetaspaceSize: unlimited
CompressedClassSpaceSize: 1.00 GB
Initial GC threshold: 21.00 MB
Current GC threshold: 121.19 MB
CDS: on
MetaspaceReclaimPolicy: balanced
 - commit_granule_bytes: 65536.
 - commit_granule_words: 8192.
 - virtual_space_node_default_size: 8388608.
 - enlarge_chunks_in_place: 1.
 - new_chunks_are_fully_committed: 0.
 - uncommit_free_chunks: 1.
 - use_allocation_guard: 0.
 - handle_deallocations: 1.


Internal statistics:

num_allocs_failed_limit: 9.
num_arena_births: 2408.
num_arena_deaths: 2.
num_vsnodes_births: 3.
num_vsnodes_deaths: 0.
num_space_committed: 1629.
num_space_uncommitted: 0.
num_chunks_returned_to_freelist: 12.
num_chunks_taken_from_freelist: 7582.
num_chunk_merges: 9.
num_chunk_splits: 4512.
num_chunks_enlarged: 2356.
num_inconsistent_stats: 0.

CodeHeap 'non-profiled nmethods': size=120000Kb used=10201Kb max_used=10734Kb free=109798Kb
 bounds [0x0000017f07ad0000, 0x0000017f08560000, 0x0000017f0f000000]
CodeHeap 'profiled nmethods': size=120000Kb used=29838Kb max_used=30764Kb free=90161Kb
 bounds [0x0000017f00000000, 0x0000017f01e10000, 0x0000017f07530000]
CodeHeap 'non-nmethods': size=5760Kb used=2438Kb max_used=2501Kb free=3321Kb
 bounds [0x0000017f07530000, 0x0000017f077b0000, 0x0000017f07ad0000]
 total_blobs=16113 nmethods=15144 adapters=879
 compilation: enabled
              stopped_count=0, restarted_count=0
 full_count=0

Compilation events (20 events):
Event: 73.547 Thread 0x0000017f7f53ece0 17949       2       org.gradle.api.internal.artifacts.ivyservice.DefaultResolvedConfiguration::rethrowFailure (62 bytes)
Event: 73.549 Thread 0x0000017f7f53ece0 nmethod 17949 0x0000017f009f3e10 code [0x0000017f009f4020, 0x0000017f009f44e8]
Event: 73.557 Thread 0x0000017f7f53ece0 17950       2       io.spring.gradle.dependencymanagement.org.codehaus.plexus.interpolation.reflection.MethodMap::find (71 bytes)
Event: 73.558 Thread 0x0000017f7f53ece0 nmethod 17950 0x0000017f009f3390 code [0x0000017f009f3560, 0x0000017f009f3998]
Event: 73.564 Thread 0x0000017f7f53ece0 17953       2       io.spring.gradle.dependencymanagement.org.apache.maven.model.merge.ModelMerger::mergeDependency (82 bytes)
Event: 73.565 Thread 0x0000017f7f53ece0 nmethod 17953 0x0000017f00ee2610 code [0x0000017f00ee2800, 0x0000017f00ee2ae8]
Event: 73.565 Thread 0x0000017f7f53ece0 17954       2       io.spring.gradle.dependencymanagement.org.apache.maven.model.merge.ModelMerger::mergeDependency_GroupId (41 bytes)
Event: 73.566 Thread 0x0000017f7f53ece0 nmethod 17954 0x0000017f014aa490 code [0x0000017f014aa640, 0x0000017f014aa858]
Event: 73.566 Thread 0x0000017f7f53ece0 17955       2       io.spring.gradle.dependencymanagement.org.apache.maven.model.Dependency::setLocation (390 bytes)
Event: 73.568 Thread 0x0000017f7f53ece0 nmethod 17955 0x0000017f00aef010 code [0x0000017f00aef300, 0x0000017f00af0188]
Event: 73.573 Thread 0x0000017f7f532e10 nmethod 17559 0x0000017f08280910 code [0x0000017f08280b40, 0x0000017f08283350]
Event: 73.573 Thread 0x0000017f7f532e10 17951       4       java.util.concurrent.ConcurrentHashMap::putAll (63 bytes)
Event: 73.594 Thread 0x0000017f7f532e10 nmethod 17951 0x0000017f0807d090 code [0x0000017f0807d260, 0x0000017f0807d918]
Event: 73.594 Thread 0x0000017f7f532e10 17634       4       io.spring.gradle.dependencymanagement.org.apache.maven.model.ConfigurationContainer::getLocation (147 bytes)
Event: 73.610 Thread 0x0000017f7f53ece0 17956       2       io.spring.gradle.dependencymanagement.org.apache.maven.model.building.ModelCacheTag$1::intoCache (44 bytes)
Event: 73.611 Thread 0x0000017f7f53ece0 nmethod 17956 0x0000017f014a9d90 code [0x0000017f014a9f40, 0x0000017f014aa368]
Event: 73.612 Thread 0x0000017f7f53ece0 17957       2       io.spring.gradle.dependencymanagement.org.apache.maven.model.merge.ModelMerger::mergeScm (64 bytes)
Event: 73.612 Thread 0x0000017f7f53ece0 nmethod 17957 0x0000017f014a9790 code [0x0000017f014a9980, 0x0000017f014a9c08]
Event: 73.612 Thread 0x0000017f7f53ece0 17958       2       io.spring.gradle.dependencymanagement.org.apache.maven.model.merge.ModelMerger::mergeScm_ChildScmConnectionInheritAppendPath (43 bytes)
Event: 73.613 Thread 0x0000017f7f53ece0 nmethod 17958 0x0000017f00bb5f90 code [0x0000017f00bb6140, 0x0000017f00bb6358]

GC Heap History (20 events):
Event: 54.637 GC heap after
{Heap after GC invocations=47 (full 0):
 garbage-first heap   total 253952K, used 138695K [0x0000000680000000, 0x0000000800000000)
  region size 4096K, 3 young (12288K), 3 survivors (12288K)
 Metaspace       used 89718K, committed 91264K, reserved 1179648K
  class space    used 12503K, committed 13248K, reserved 1048576K
}
Event: 56.822 GC heap before
{Heap before GC invocations=47 (full 0):
 garbage-first heap   total 253952K, used 200135K [0x0000000680000000, 0x0000000800000000)
  region size 4096K, 18 young (73728K), 3 survivors (12288K)
 Metaspace       used 91751K, committed 93376K, reserved 1179648K
  class space    used 12697K, committed 13440K, reserved 1048576K
}
Event: 56.842 GC heap after
{Heap after GC invocations=48 (full 0):
 garbage-first heap   total 253952K, used 142039K [0x0000000680000000, 0x0000000800000000)
  region size 4096K, 3 young (12288K), 3 survivors (12288K)
 Metaspace       used 91751K, committed 93376K, reserved 1179648K
  class space    used 12697K, committed 13440K, reserved 1048576K
}
Event: 58.320 GC heap before
{Heap before GC invocations=48 (full 0):
 garbage-first heap   total 253952K, used 203479K [0x0000000680000000, 0x0000000800000000)
  region size 4096K, 18 young (73728K), 3 survivors (12288K)
 Metaspace       used 93249K, committed 94912K, reserved 1179648K
  class space    used 12911K, committed 13696K, reserved 1048576K
}
Event: 58.341 GC heap after
{Heap after GC invocations=49 (full 0):
 garbage-first heap   total 253952K, used 147513K [0x0000000680000000, 0x0000000800000000)
  region size 4096K, 3 young (12288K), 3 survivors (12288K)
 Metaspace       used 93249K, committed 94912K, reserved 1179648K
  class space    used 12911K, committed 13696K, reserved 1048576K
}
Event: 60.129 GC heap before
{Heap before GC invocations=49 (full 0):
 garbage-first heap   total 253952K, used 204857K [0x0000000680000000, 0x0000000800000000)
  region size 4096K, 17 young (69632K), 3 survivors (12288K)
 Metaspace       used 95006K, committed 96832K, reserved 1179648K
  class space    used 13198K, committed 14016K, reserved 1048576K
}
Event: 60.151 GC heap after
{Heap after GC invocations=50 (full 0):
 garbage-first heap   total 307200K, used 154066K [0x0000000680000000, 0x0000000800000000)
  region size 4096K, 3 young (12288K), 3 survivors (12288K)
 Metaspace       used 95006K, committed 96832K, reserved 1179648K
  class space    used 13198K, committed 14016K, reserved 1048576K
}
Event: 63.405 GC heap before
{Heap before GC invocations=50 (full 0):
 garbage-first heap   total 307200K, used 240082K [0x0000000680000000, 0x0000000800000000)
  region size 4096K, 24 young (98304K), 3 survivors (12288K)
 Metaspace       used 97323K, committed 99136K, reserved 1179648K
  class space    used 13512K, committed 14336K, reserved 1048576K
}
Event: 63.430 GC heap after
{Heap after GC invocations=51 (full 0):
 garbage-first heap   total 307200K, used 164413K [0x0000000680000000, 0x0000000800000000)
  region size 4096K, 3 young (12288K), 3 survivors (12288K)
 Metaspace       used 97323K, committed 99136K, reserved 1179648K
  class space    used 13512K, committed 14336K, reserved 1048576K
}
Event: 65.597 GC heap before
{Heap before GC invocations=51 (full 0):
 garbage-first heap   total 307200K, used 242237K [0x0000000680000000, 0x0000000800000000)
  region size 4096K, 22 young (90112K), 3 survivors (12288K)
 Metaspace       used 99323K, committed 101184K, reserved 1179648K
  class space    used 13826K, committed 14656K, reserved 1048576K
}
Event: 65.618 GC heap after
{Heap after GC invocations=52 (full 0):
 garbage-first heap   total 307200K, used 170118K [0x0000000680000000, 0x0000000800000000)
  region size 4096K, 3 young (12288K), 3 survivors (12288K)
 Metaspace       used 99323K, committed 101184K, reserved 1179648K
  class space    used 13826K, committed 14656K, reserved 1048576K
}
Event: 68.701 GC heap before
{Heap before GC invocations=52 (full 0):
 garbage-first heap   total 307200K, used 243846K [0x0000000680000000, 0x0000000800000000)
  region size 4096K, 21 young (86016K), 3 survivors (12288K)
 Metaspace       used 101375K, committed 103488K, reserved 1179648K
  class space    used 14162K, committed 15168K, reserved 1048576K
}
Event: 68.724 GC heap after
{Heap after GC invocations=53 (full 0):
 garbage-first heap   total 307200K, used 179544K [0x0000000680000000, 0x0000000800000000)
  region size 4096K, 3 young (12288K), 3 survivors (12288K)
 Metaspace       used 101375K, committed 103488K, reserved 1179648K
  class space    used 14162K, committed 15168K, reserved 1048576K
}
Event: 70.713 GC heap before
{Heap before GC invocations=53 (full 0):
 garbage-first heap   total 307200K, used 245080K [0x0000000680000000, 0x0000000800000000)
  region size 4096K, 19 young (77824K), 3 survivors (12288K)
 Metaspace       used 101599K, committed 103744K, reserved 1179648K
  class space    used 14173K, committed 15168K, reserved 1048576K
}
Event: 70.740 GC heap after
{Heap after GC invocations=54 (full 0):
 garbage-first heap   total 307200K, used 189460K [0x0000000680000000, 0x0000000800000000)
  region size 4096K, 3 young (12288K), 3 survivors (12288K)
 Metaspace       used 101599K, committed 103744K, reserved 1179648K
  class space    used 14173K, committed 15168K, reserved 1048576K
}
Event: 71.837 GC heap before
{Heap before GC invocations=54 (full 0):
 garbage-first heap   total 307200K, used 242708K [0x0000000680000000, 0x0000000800000000)
  region size 4096K, 17 young (69632K), 3 survivors (12288K)
 Metaspace       used 101778K, committed 103936K, reserved 1179648K
  class space    used 14181K, committed 15168K, reserved 1048576K
}
Event: 71.856 GC heap after
{Heap after GC invocations=55 (full 0):
 garbage-first heap   total 307200K, used 195499K [0x0000000680000000, 0x0000000800000000)
  region size 4096K, 2 young (8192K), 2 survivors (8192K)
 Metaspace       used 101778K, committed 103936K, reserved 1179648K
  class space    used 14181K, committed 15168K, reserved 1048576K
}
Event: 72.771 GC heap before
{Heap before GC invocations=55 (full 0):
 garbage-first heap   total 307200K, used 248747K [0x0000000680000000, 0x0000000800000000)
  region size 4096K, 15 young (61440K), 2 survivors (8192K)
 Metaspace       used 101958K, committed 104128K, reserved 1179648K
  class space    used 14181K, committed 15168K, reserved 1048576K
}
Event: 72.789 GC heap after
{Heap after GC invocations=56 (full 0):
 garbage-first heap   total 307200K, used 200990K [0x0000000680000000, 0x0000000800000000)
  region size 4096K, 2 young (8192K), 2 survivors (8192K)
 Metaspace       used 101958K, committed 104128K, reserved 1179648K
  class space    used 14181K, committed 15168K, reserved 1048576K
}
Event: 73.627 GC heap before
{Heap before GC invocations=56 (full 0):
 garbage-first heap   total 307200K, used 250142K [0x0000000680000000, 0x0000000800000000)
  region size 4096K, 14 young (57344K), 2 survivors (8192K)
 Metaspace       used 102092K, committed 104256K, reserved 1179648K
  class space    used 14182K, committed 15168K, reserved 1048576K
}

Deoptimization events (20 events):
Event: 66.661 Thread 0x0000017f61913690 DEOPT PACKING pc=0x0000017f084328d8 sp=0x00000028fb5f8010
Event: 66.661 Thread 0x0000017f61913690 DEOPT UNPACKING pc=0x0000017f07585ba3 sp=0x00000028fb5f7fc8 mode 2
Event: 66.908 Thread 0x0000017f61913690 Uncommon trap: trap_request=0xffffffc6 fr.pc=0x0000017f084328d8 relative=0x0000000000000318
Event: 66.908 Thread 0x0000017f61913690 Uncommon trap: reason=bimorphic_or_optimized_type_check action=maybe_recompile pc=0x0000017f084328d8 method=org.codehaus.groovy.runtime.callsite.AbstractCallSite.callCurrent(Lgroovy/lang/GroovyObject;Ljava/lang/Object;)Ljava/lang/Object; @ 33 c2
Event: 66.908 Thread 0x0000017f61913690 DEOPT PACKING pc=0x0000017f084328d8 sp=0x00000028fb5f8010
Event: 66.908 Thread 0x0000017f61913690 DEOPT UNPACKING pc=0x0000017f07585ba3 sp=0x00000028fb5f7fc8 mode 2
Event: 67.208 Thread 0x0000017f61913690 Uncommon trap: trap_request=0xfffffff4 fr.pc=0x0000017f084eda28 relative=0x0000000000000248
Event: 67.208 Thread 0x0000017f61913690 Uncommon trap: reason=null_check action=make_not_entrant pc=0x0000017f084eda28 method=org.codehaus.groovy.runtime.typehandling.DefaultTypeTransformation.castToType(Ljava/lang/Object;Ljava/lang/Class;)Ljava/lang/Object; @ 41 c2
Event: 67.208 Thread 0x0000017f61913690 DEOPT PACKING pc=0x0000017f084eda28 sp=0x00000028fb5f7ce0
Event: 67.208 Thread 0x0000017f61913690 DEOPT UNPACKING pc=0x0000017f07585ba3 sp=0x00000028fb5f7c70 mode 2
Event: 67.962 Thread 0x0000017f61913690 DEOPT PACKING pc=0x0000017f01184a54 sp=0x00000028fb5f7ba0
Event: 67.962 Thread 0x0000017f61913690 DEOPT UNPACKING pc=0x0000017f075866e3 sp=0x00000028fb5f7050 mode 0
Event: 68.636 Thread 0x0000017f61704750 Uncommon trap: trap_request=0xffffffd6 fr.pc=0x0000017f083c8ca0 relative=0x00000000000008e0
Event: 68.636 Thread 0x0000017f61704750 Uncommon trap: reason=array_check action=maybe_recompile pc=0x0000017f083c8ca0 method=java.util.TimSort.binarySort([Ljava/lang/Object;IIILjava/util/Comparator;)V @ 183 c2
Event: 68.636 Thread 0x0000017f61704750 DEOPT PACKING pc=0x0000017f083c8ca0 sp=0x00000028fd3fea40
Event: 68.636 Thread 0x0000017f61704750 DEOPT UNPACKING pc=0x0000017f07585ba3 sp=0x00000028fd3fe9d8 mode 2
Event: 68.756 Thread 0x0000017f61913690 Uncommon trap: trap_request=0xffffff76 fr.pc=0x0000017f084ac0b4 relative=0x0000000000000214
Event: 68.756 Thread 0x0000017f61913690 Uncommon trap: reason=predicate action=maybe_recompile pc=0x0000017f084ac0b4 method=java.util.HashMap.keysToArray([Ljava/lang/Object;)[Ljava/lang/Object; @ 48 c2
Event: 68.756 Thread 0x0000017f61913690 DEOPT PACKING pc=0x0000017f084ac0b4 sp=0x00000028fb5f8b30
Event: 68.756 Thread 0x0000017f61913690 DEOPT UNPACKING pc=0x0000017f07585ba3 sp=0x00000028fb5f8ac8 mode 2

Classes unloaded (1 events):
Event: 24.862 Thread 0x0000017f7f516160 Unloading class 0x0000017f1c5fc800 'java/lang/invoke/LambdaForm$DMH+0x0000017f1c5fc800'

Classes redefined (0 events):
No events

Internal exceptions (20 events):
Event: 67.763 Thread 0x0000017f61913690 Exception <a 'java/lang/ClassNotFoundException'{0x000000068f660228}: build_d9ob7ns27zyjivvzepiro05vzBeanInfo> (0x000000068f660228) 
thrown [s\open\src\hotspot\share\classfile\systemDictionary.cpp, line 256]
Event: 67.764 Thread 0x0000017f61913690 Exception <a 'java/lang/ClassNotFoundException'{0x000000068f666c60}: build_d9ob7ns27zyjivvzepiro05vzCustomizer> (0x000000068f666c60) 
thrown [s\open\src\hotspot\share\classfile\systemDictionary.cpp, line 256]
Event: 67.826 Thread 0x0000017f61913690 Exception <a 'java/lang/ClassNotFoundException'{0x000000068f74a710}: dependencies_eor04thlk43o6p957gdax1epeBeanInfo> (0x000000068f74a710) 
thrown [s\open\src\hotspot\share\classfile\systemDictionary.cpp, line 256]
Event: 67.827 Thread 0x0000017f61913690 Exception <a 'java/lang/ClassNotFoundException'{0x000000068f756f90}: dependencies_eor04thlk43o6p957gdax1epeCustomizer> (0x000000068f756f90) 
thrown [s\open\src\hotspot\share\classfile\systemDictionary.cpp, line 256]
Event: 67.896 Thread 0x0000017f61913690 Exception <a 'java/lang/ClassNotFoundException'{0x000000068f078918}: build_a85v9v4uttpuc2meffkrw9pmhBeanInfo> (0x000000068f078918) 
thrown [s\open\src\hotspot\share\classfile\systemDictionary.cpp, line 256]
Event: 67.897 Thread 0x0000017f61913690 Exception <a 'java/lang/ClassNotFoundException'{0x000000068f07f350}: build_a85v9v4uttpuc2meffkrw9pmhCustomizer> (0x000000068f07f350) 
thrown [s\open\src\hotspot\share\classfile\systemDictionary.cpp, line 256]
Event: 67.964 Thread 0x0000017f61913690 Exception <a 'java/lang/ClassNotFoundException'{0x000000068f1132b0}: dependencies_6wqepj2tqhnjzfqguhpz0rhf2BeanInfo> (0x000000068f1132b0) 
thrown [s\open\src\hotspot\share\classfile\systemDictionary.cpp, line 256]
Event: 67.965 Thread 0x0000017f61913690 Exception <a 'java/lang/ClassNotFoundException'{0x000000068f11fb30}: dependencies_6wqepj2tqhnjzfqguhpz0rhf2Customizer> (0x000000068f11fb30) 
thrown [s\open\src\hotspot\share\classfile\systemDictionary.cpp, line 256]
Event: 68.046 Thread 0x0000017f61913690 Exception <a 'java/lang/ClassNotFoundException'{0x000000068f244c80}: build_bad69pkqzidew91sya7goh717BeanInfo> (0x000000068f244c80) 
thrown [s\open\src\hotspot\share\classfile\systemDictionary.cpp, line 256]
Event: 68.046 Thread 0x0000017f61913690 Exception <a 'java/lang/ClassNotFoundException'{0x000000068f24b6b8}: build_bad69pkqzidew91sya7goh717Customizer> (0x000000068f24b6b8) 
thrown [s\open\src\hotspot\share\classfile\systemDictionary.cpp, line 256]
Event: 68.113 Thread 0x0000017f61913690 Exception <a 'java/lang/ClassNotFoundException'{0x000000068f2df970}: dependencies_6uhr02fg5duoa7cgjxwv99uerBeanInfo> (0x000000068f2df970) 
thrown [s\open\src\hotspot\share\classfile\systemDictionary.cpp, line 256]
Event: 68.115 Thread 0x0000017f61913690 Exception <a 'java/lang/ClassNotFoundException'{0x000000068f2ec1f0}: dependencies_6uhr02fg5duoa7cgjxwv99uerCustomizer> (0x000000068f2ec1f0) 
thrown [s\open\src\hotspot\share\classfile\systemDictionary.cpp, line 256]
Event: 68.205 Thread 0x0000017f61913690 Exception <a 'java/lang/ClassNotFoundException'{0x000000068f3f61f0}: build_47avgjioager5xlp4jhmyy9efBeanInfo> (0x000000068f3f61f0) 
thrown [s\open\src\hotspot\share\classfile\systemDictionary.cpp, line 256]
Event: 68.206 Thread 0x0000017f61913690 Exception <a 'java/lang/ClassNotFoundException'{0x000000068f3fcc28}: build_47avgjioager5xlp4jhmyy9efCustomizer> (0x000000068f3fcc28) 
thrown [s\open\src\hotspot\share\classfile\systemDictionary.cpp, line 256]
Event: 68.270 Thread 0x0000017f61913690 Exception <a 'java/lang/ClassNotFoundException'{0x000000068ecbc620}: dependencies_brg8og0hiy02lhiqfnibveci1BeanInfo> (0x000000068ecbc620) 
thrown [s\open\src\hotspot\share\classfile\systemDictionary.cpp, line 256]
Event: 68.272 Thread 0x0000017f61913690 Exception <a 'java/lang/ClassNotFoundException'{0x000000068ecc8ea0}: dependencies_brg8og0hiy02lhiqfnibveci1Customizer> (0x000000068ecc8ea0) 
thrown [s\open\src\hotspot\share\classfile\systemDictionary.cpp, line 256]
Event: 68.347 Thread 0x0000017f61913690 Exception <a 'java/lang/ClassNotFoundException'{0x000000068edee6f8}: build_7jas3fkayg9eyytvuzcalcijxBeanInfo> (0x000000068edee6f8) 
thrown [s\open\src\hotspot\share\classfile\systemDictionary.cpp, line 256]
Event: 68.348 Thread 0x0000017f61913690 Exception <a 'java/lang/ClassNotFoundException'{0x000000068edf5130}: build_7jas3fkayg9eyytvuzcalcijxCustomizer> (0x000000068edf5130) 
thrown [s\open\src\hotspot\share\classfile\systemDictionary.cpp, line 256]
Event: 68.409 Thread 0x0000017f61913690 Exception <a 'java/lang/ClassNotFoundException'{0x000000068ee89380}: dependencies_7fh50j5spymw41e2hf4brnf8iBeanInfo> (0x000000068ee89380) 
thrown [s\open\src\hotspot\share\classfile\systemDictionary.cpp, line 256]
Event: 68.410 Thread 0x0000017f61913690 Exception <a 'java/lang/ClassNotFoundException'{0x000000068ee95c00}: dependencies_7fh50j5spymw41e2hf4brnf8iCustomizer> (0x000000068ee95c00) 
thrown [s\open\src\hotspot\share\classfile\systemDictionary.cpp, line 256]

VM Operations (20 events):
Event: 66.618 Executing VM operation: Cleanup done
Event: 67.618 Executing VM operation: Cleanup
Event: 67.619 Executing VM operation: Cleanup done
Event: 68.010 Executing VM operation: HandshakeAllThreads
Event: 68.011 Executing VM operation: HandshakeAllThreads done
Event: 68.700 Executing VM operation: G1CollectForAllocation
Event: 68.724 Executing VM operation: G1CollectForAllocation done
Event: 69.733 Executing VM operation: Cleanup
Event: 69.734 Executing VM operation: Cleanup done
Event: 70.713 Executing VM operation: G1CollectForAllocation
Event: 70.740 Executing VM operation: G1CollectForAllocation done
Event: 71.060 Executing VM operation: HandshakeAllThreads
Event: 71.060 Executing VM operation: HandshakeAllThreads done
Event: 71.487 Executing VM operation: HandshakeAllThreads
Event: 71.488 Executing VM operation: HandshakeAllThreads done
Event: 71.836 Executing VM operation: G1CollectForAllocation
Event: 71.857 Executing VM operation: G1CollectForAllocation done
Event: 72.771 Executing VM operation: G1CollectForAllocation
Event: 72.789 Executing VM operation: G1CollectForAllocation done
Event: 73.627 Executing VM operation: G1CollectForAllocation

Events (20 events):
Event: 71.541 Thread 0x0000017f7f541600 flushing nmethod 0x0000017f016cf590
Event: 71.541 Thread 0x0000017f7f541600 flushing nmethod 0x0000017f01704a90
Event: 71.542 Thread 0x0000017f7f541600 flushing nmethod 0x0000017f0171a610
Event: 71.542 Thread 0x0000017f7f541600 flushing nmethod 0x0000017f0173a890
Event: 71.542 Thread 0x0000017f7f541600 flushing nmethod 0x0000017f0173d290
Event: 71.542 Thread 0x0000017f7f541600 flushing nmethod 0x0000017f01743610
Event: 71.542 Thread 0x0000017f7f541600 flushing nmethod 0x0000017f01747410
Event: 71.542 Thread 0x0000017f7f541600 flushing nmethod 0x0000017f01747990
Event: 71.542 Thread 0x0000017f7f541600 flushing nmethod 0x0000017f0175d890
Event: 71.542 Thread 0x0000017f7f541600 flushing nmethod 0x0000017f01772890
Event: 71.542 Thread 0x0000017f7f541600 flushing nmethod 0x0000017f01786690
Event: 71.543 Thread 0x0000017f7f541600 flushing nmethod 0x0000017f017b8790
Event: 71.544 Thread 0x0000017f7f541600 flushing nmethod 0x0000017f01897590
Event: 71.544 Thread 0x0000017f7f541600 flushing nmethod 0x0000017f018b6410
Event: 71.545 Thread 0x0000017f7f541600 flushing nmethod 0x0000017f0193d810
Event: 71.546 Thread 0x0000017f7f541600 flushing nmethod 0x0000017f01a13b90
Event: 71.546 Thread 0x0000017f7f541600 flushing nmethod 0x0000017f01a17690
Event: 71.547 Thread 0x0000017f7f541600 flushing nmethod 0x0000017f01a75010
Event: 71.547 Thread 0x0000017f7f541600 flushing nmethod 0x0000017f01a75910
Event: 71.550 Thread 0x0000017f7f541600 flushing nmethod 0x0000017f01c52b90


Dynamic libraries:
0x00007ff790a90000 - 0x00007ff790aa0000 	C:\Program Files\Java\jdk-17\bin\java.exe
0x00007fffefbd0000 - 0x00007fffefdc8000 	C:\Windows\SYSTEM32\ntdll.dll
0x00007fffef550000 - 0x00007fffef60d000 	C:\Windows\System32\KERNEL32.DLL
0x00007fffed730000 - 0x00007fffeda26000 	C:\Windows\System32\KERNELBASE.dll
0x00007fffe5a60000 - 0x00007fffe5af0000 	C:\Windows\SYSTEM32\apphelp.dll
0x00007fffedb10000 - 0x00007fffedc10000 	C:\Windows\System32\ucrtbase.dll
0x00007fffd0ea0000 - 0x00007fffd0ebb000 	C:\Program Files\Java\jdk-17\bin\VCRUNTIME140.dll
0x00007fffe0590000 - 0x00007fffe05a9000 	C:\Program Files\Java\jdk-17\bin\jli.dll
0x00007fffefa60000 - 0x00007fffefb10000 	C:\Windows\System32\ADVAPI32.dll
0x00007fffef610000 - 0x00007fffef6ae000 	C:\Windows\System32\msvcrt.dll
0x00007fffedc10000 - 0x00007fffedcb0000 	C:\Windows\System32\sechost.dll
0x00007fffeee90000 - 0x00007fffeefb3000 	C:\Windows\System32\RPCRT4.dll
0x00007fffed5a0000 - 0x00007fffed5c7000 	C:\Windows\System32\bcrypt.dll
0x00007fffef710000 - 0x00007fffef8af000 	C:\Windows\System32\USER32.dll
0x00007fffeda30000 - 0x00007fffeda52000 	C:\Windows\System32\win32u.dll
0x00007fffd0ab0000 - 0x00007fffd0d4a000 	C:\Windows\WinSxS\amd64_microsoft.windows.common-controls_6595b64144ccf1df_6.0.19041.4355_none_60b8b9eb71f62e16\COMCTL32.dll
0x00007fffeedf0000 - 0x00007fffeee1b000 	C:\Windows\System32\GDI32.dll
0x00007fffed290000 - 0x00007fffed3a7000 	C:\Windows\System32\gdi32full.dll
0x00007fffed5d0000 - 0x00007fffed66d000 	C:\Windows\System32\msvcp_win.dll
0x00007fffe35d0000 - 0x00007fffe35da000 	C:\Windows\SYSTEM32\VERSION.dll
0x00007fffee4f0000 - 0x00007fffee51f000 	C:\Windows\System32\IMM32.DLL
0x00007fffe58c0000 - 0x00007fffe58cc000 	C:\Program Files\Java\jdk-17\bin\vcruntime140_1.dll
0x00007fffaf560000 - 0x00007fffaf5ee000 	C:\Program Files\Java\jdk-17\bin\msvcp140.dll
0x00007fff08700000 - 0x00007fff092df000 	C:\Program Files\Java\jdk-17\bin\server\jvm.dll
0x00007fffeee80000 - 0x00007fffeee88000 	C:\Windows\System32\PSAPI.DLL
0x00007fffc9540000 - 0x00007fffc9549000 	C:\Windows\SYSTEM32\WSOCK32.dll
0x00007fffdd790000 - 0x00007fffdd7b7000 	C:\Windows\SYSTEM32\WINMM.dll
0x00007fffeecf0000 - 0x00007fffeed5b000 	C:\Windows\System32\WS2_32.dll
0x00007fffeb8a0000 - 0x00007fffeb8b2000 	C:\Windows\SYSTEM32\kernel.appcore.dll
0x00007fffe1ee0000 - 0x00007fffe1eea000 	C:\Program Files\Java\jdk-17\bin\jimage.dll
0x00007fffeacd0000 - 0x00007fffeaeb4000 	C:\Windows\SYSTEM32\DBGHELP.DLL
0x00007fffc8d00000 - 0x00007fffc8d34000 	C:\Windows\SYSTEM32\dbgcore.DLL
0x00007fffed3b0000 - 0x00007fffed432000 	C:\Windows\System32\bcryptPrimitives.dll
0x00007fffe1e00000 - 0x00007fffe1e0e000 	C:\Program Files\Java\jdk-17\bin\instrument.dll
0x00007fffce0a0000 - 0x00007fffce0c5000 	C:\Program Files\Java\jdk-17\bin\java.dll
0x00007fffaf440000 - 0x00007fffaf517000 	C:\Program Files\Java\jdk-17\bin\jsvml.dll
0x00007fffedcb0000 - 0x00007fffee41c000 	C:\Windows\System32\SHELL32.dll
0x00007fffeafc0000 - 0x00007fffeb75d000 	C:\Windows\SYSTEM32\windows.storage.dll
0x00007fffee990000 - 0x00007fffeece3000 	C:\Windows\System32\combase.dll
0x00007fffecb60000 - 0x00007fffecb8e000 	C:\Windows\SYSTEM32\Wldp.dll
0x00007fffee420000 - 0x00007fffee4ed000 	C:\Windows\System32\OLEAUT32.dll
0x00007fffee520000 - 0x00007fffee5cd000 	C:\Windows\System32\SHCORE.dll
0x00007fffeee20000 - 0x00007fffeee75000 	C:\Windows\System32\shlwapi.dll
0x00007fffed1c0000 - 0x00007fffed1e4000 	C:\Windows\SYSTEM32\profapi.dll
0x00007fffcdbc0000 - 0x00007fffcdbd8000 	C:\Program Files\Java\jdk-17\bin\zip.dll
0x00007fffce8a0000 - 0x00007fffce8b9000 	C:\Program Files\Java\jdk-17\bin\net.dll
0x00007fffec200000 - 0x00007fffec30a000 	C:\Windows\SYSTEM32\WINHTTP.dll
0x00007fffec940000 - 0x00007fffec9aa000 	C:\Windows\system32\mswsock.dll
0x00007fffce080000 - 0x00007fffce096000 	C:\Program Files\Java\jdk-17\bin\nio.dll
0x00007fffce740000 - 0x00007fffce750000 	C:\Program Files\Java\jdk-17\bin\verify.dll
0x00007fffca1e0000 - 0x00007fffca207000 	C:\Users\d.ngantchou\.gradle\native\c067742578af261105cb4f569cf0c3c89f3d7b1fecec35dd04571415982c5e48\windows-amd64\native-platform.dll
0x00007fffb3dc0000 - 0x00007fffb3f04000 	C:\Users\d.ngantchou\.gradle\native\38dada09dfb8b06ba9b0570ebf7e218e3eb74d4ef43ca46872605cf95ebc2f47\windows-amd64\native-platform-file-events.dll
0x00007fffcf220000 - 0x00007fffcf22a000 	C:\Program Files\Java\jdk-17\bin\management.dll
0x00007fffceef0000 - 0x00007fffceefb000 	C:\Program Files\Java\jdk-17\bin\management_ext.dll
0x00007fffecc10000 - 0x00007fffecc28000 	C:\Windows\SYSTEM32\CRYPTSP.dll
0x00007fffec110000 - 0x00007fffec144000 	C:\Windows\system32\rsaenh.dll
0x00007fffed130000 - 0x00007fffed15e000 	C:\Windows\SYSTEM32\USERENV.dll
0x00007fffecad0000 - 0x00007fffecadc000 	C:\Windows\SYSTEM32\CRYPTBASE.dll
0x00007fffec640000 - 0x00007fffec67b000 	C:\Windows\SYSTEM32\IPHLPAPI.DLL
0x00007fffee780000 - 0x00007fffee788000 	C:\Windows\System32\NSI.dll
0x00007fffe6bb0000 - 0x00007fffe6bc7000 	C:\Windows\SYSTEM32\dhcpcsvc6.DLL
0x00007fffe6b80000 - 0x00007fffe6b9d000 	C:\Windows\SYSTEM32\dhcpcsvc.DLL
0x00007fffec680000 - 0x00007fffec74a000 	C:\Windows\SYSTEM32\DNSAPI.dll
0x00007fffcea90000 - 0x00007fffcea9e000 	C:\Program Files\Java\jdk-17\bin\sunmscapi.dll
0x00007fffed440000 - 0x00007fffed59e000 	C:\Windows\System32\CRYPT32.dll
0x00007fffecd20000 - 0x00007fffecd49000 	C:\Windows\SYSTEM32\ncrypt.dll
0x00007fffecce0000 - 0x00007fffecd1b000 	C:\Windows\SYSTEM32\NTASN1.dll
0x00007fffb0160000 - 0x00007fffb0167000 	C:\Windows\system32\wshunix.dll
0x00007fffc9550000 - 0x00007fffc9567000 	C:\Windows\system32\napinsp.dll
0x00007fffc9490000 - 0x00007fffc94ab000 	C:\Windows\system32\pnrpnsp.dll
0x00007fffe74f0000 - 0x00007fffe7505000 	C:\Windows\system32\wshbth.dll
0x00007fffe6840000 - 0x00007fffe685d000 	C:\Windows\system32\NLAapi.dll
0x00007fffc9470000 - 0x00007fffc9482000 	C:\Windows\System32\winrnr.dll
0x00007fffe34e0000 - 0x00007fffe34ea000 	C:\Windows\System32\rasadhlp.dll
0x00007fffe6b00000 - 0x00007fffe6b80000 	C:\Windows\System32\fwpuclnt.dll
0x00007fffb4820000 - 0x00007fffb4861000 	C:\Users\d.ngantchou\AppData\Local\Temp\jna-1561045647\jna18265218552227184058.dll
0x0000017f639f0000 - 0x0000017f639f3000 	C:\Windows\SYSTEM32\Security.dll

dbghelp: loaded successfully - version: 4.0.5 - missing functions: none
symbol engine: initialized successfully - sym options: 0x614 - pdb path: .;C:\Program Files\Java\jdk-17\bin;C:\Windows\SYSTEM32;C:\Windows\WinSxS\amd64_microsoft.windows.common-controls_6595b64144ccf1df_6.0.19041.4355_none_60b8b9eb71f62e16;C:\Program Files\Java\jdk-17\bin\server;C:\Users\d.ngantchou\.gradle\native\c067742578af261105cb4f569cf0c3c89f3d7b1fecec35dd04571415982c5e48\windows-amd64;C:\Users\d.ngantchou\.gradle\native\38dada09dfb8b06ba9b0570ebf7e218e3eb74d4ef43ca46872605cf95ebc2f47\windows-amd64;C:\Users\d.ngantchou\AppData\Local\Temp\jna-1561045647

VM Arguments:
jvm_args: --add-exports=jdk.compiler/com.sun.tools.javac.api=ALL-UNNAMED --add-exports=jdk.compiler/com.sun.tools.javac.file=ALL-UNNAMED --add-exports=jdk.compiler/com.sun.tools.javac.parser=ALL-UNNAMED --add-exports=jdk.compiler/com.sun.tools.javac.tree=ALL-UNNAMED --add-exports=jdk.compiler/com.sun.tools.javac.util=ALL-UNNAMED --add-exports=java.naming/com.sun.jndi.ldap=ALL-UNNAMED --add-opens=java.base/java.lang=ALL-UNNAMED --add-opens=java.base/java.lang.invoke=ALL-UNNAMED --add-opens=java.base/java.io=ALL-UNNAMED --add-opens=java.base/java.security=ALL-UNNAMED --add-opens=java.base/java.util=ALL-UNNAMED --add-opens=java.management/javax.management=ALL-UNNAMED --add-opens=java.naming/javax.naming=ALL-UNNAMED --add-opens=java.rmi/sun.rmi.transport=null --add-opens=java.base/java.util=ALL-UNNAMED --add-opens=java.base/java.lang=ALL-UNNAMED --add-opens=java.base/java.lang.invoke=ALL-UNNAMED --add-opens=java.prefs/java.util.prefs=ALL-UNNAMED --add-opens=java.base/java.nio.charset=ALL-UNNAMED --add-opens=java.base/java.net=ALL-UNNAMED --add-opens=java.base/java.util.concurrent.atomic=ALL-UNNAMED -Xmx6g -Dfile.encoding=utf8 -Duser.country=FR -Duser.language=fr -Duser.variant -javaagent:C:\Users\d.ngantchou\.gradle\wrapper\dists\gradle-8.6-bin\afr5mpiioh2wthjmwnkmdsd5w\gradle-8.6\lib\agents\gradle-instrumentation-agent-8.6.jar 
java_command: org.gradle.launcher.daemon.bootstrap.GradleDaemon 8.6
java_class_path (initial): C:\Users\d.ngantchou\.gradle\wrapper\dists\gradle-8.6-bin\afr5mpiioh2wthjmwnkmdsd5w\gradle-8.6\lib\gradle-launcher-8.6.jar
Launcher Type: SUN_STANDARD

[Global flags]
     intx CICompilerCount                          = 4                                         {product} {ergonomic}
     uint ConcGCThreads                            = 2                                         {product} {ergonomic}
     uint G1ConcRefinementThreads                  = 8                                         {product} {ergonomic}
   size_t G1HeapRegionSize                         = 4194304                                   {product} {ergonomic}
    uintx GCDrainStackTargetSize                   = 64                                        {product} {ergonomic}
   size_t InitialHeapSize                          = 197132288                                 {product} {ergonomic}
   size_t MarkStackSize                            = 4194304                                   {product} {ergonomic}
   size_t MaxHeapSize                              = 6442450944                                {product} {command line}
   size_t MaxNewSize                               = 3862953984                                {product} {ergonomic}
   size_t MinHeapDeltaBytes                        = 4194304                                   {product} {ergonomic}
   size_t MinHeapSize                              = 8388608                                   {product} {ergonomic}
    uintx NonNMethodCodeHeapSize                   = 5839372                                {pd product} {ergonomic}
    uintx NonProfiledCodeHeapSize                  = 122909434                              {pd product} {ergonomic}
    uintx ProfiledCodeHeapSize                     = 122909434                              {pd product} {ergonomic}
    uintx ReservedCodeCacheSize                    = 251658240                              {pd product} {ergonomic}
     bool SegmentedCodeCache                       = true                                      {product} {ergonomic}
   size_t SoftMaxHeapSize                          = 6442450944                             {manageable} {ergonomic}
     bool UseCompressedClassPointers               = true                           {product lp64_product} {ergonomic}
     bool UseCompressedOops                        = true                           {product lp64_product} {ergonomic}
     bool UseG1GC                                  = true                                      {product} {ergonomic}
     bool UseLargePagesIndividualAllocation        = false                                  {pd product} {ergonomic}

Logging:
Log output configuration:
 #0: stdout all=warning uptime,level,tags
 #1: stderr all=off uptime,level,tags

Environment Variables:
JAVA_HOME=C:\Program Files\Java\jdk-17
PATH=C:\Program Files\Common Files\Oracle\Java\javapath;C:\Windows\system32;C:\Windows;C:\Windows\System32\Wbem;C:\Windows\System32\WindowsPowerShell\v1.0\;C:\Windows\System32\OpenSSH\;C:\Program Files\Git\cmd;C:\Program Files\nodejs\;C:\Program Files\Docker\Docker\resources\bin;C:\xampp\php;C:\composer;C:\Program Files\Java\jdk-17\bin;C:\xampp\mysql\bin;C:\Gradle\gradle-8.6\bin;C:\Program Files\Microsoft SQL Server\150\Tools\Binn\;C:\Program Files\Microsoft SQL Server\Client SDK\ODBC\170\Tools\Binn\;C:\Program Files\dotnet\;C:\Users\d.ngantchou\AppData\Local\Microsoft\WindowsApps;;C:\Users\d.ngantchou\AppData\Local\Programs\Microsoft VS Code\bin;C:\Users\d.ngantchou\AppData\Roaming\npm;C:\Users\d.ngantchou\AppData\Roaming\Composer\vendor\bin;C:\Users\d.ngantchou\.dotnet\tools
USERNAME=d.ngantchou
OS=Windows_NT
PROCESSOR_IDENTIFIER=Intel64 Family 6 Model 140 Stepping 1, GenuineIntel



---------------  S Y S T E M  ---------------

OS:
 Windows 10 , 64 bit Build 19041 (10.0.19041.3636)
OS uptime: 4 days 22:15 hours
Hyper-V role detected

CPU: total 8 (initial active 8) (4 cores per cpu, 2 threads per core) family 6 model 140 stepping 1 microcode 0xb6, cx8, cmov, fxsr, ht, mmx, 3dnowpref, sse, sse2, sse3, ssse3, sse4.1, sse4.2, popcnt, lzcnt, tsc, tscinvbit, avx, avx2, aes, erms, clmul, bmi1, bmi2, adx, avx512f, avx512dq, avx512cd, avx512bw, avx512vl, sha, fma, vzeroupper, avx512_vpopcntdq, avx512_vpclmulqdq, avx512_vaes, avx512_vnni, clflush, clflushopt, clwb, avx512_vbmi2, avx512_vbmi, hv

Memory: 4k page, system-wide physical 11968M (348M free)
TotalPageFile size 25904M (AvailPageFile size 54M)
current process WorkingSet (physical memory assigned to process): 601M, peak: 604M
current process commit charge ("private bytes"): 651M, peak: 711M

vm_info: Java HotSpot(TM) 64-Bit Server VM (17.0.10+11-LTS-240) for windows-amd64 JRE (17.0.10+11-LTS-240), built on Dec 19 2023 21:47:25 by "mach5one" with MS VC++ 17.1 (VS2022)

END.
