#
# There is insufficient memory for the Java Runtime Environment to continue.
# Native memory allocation (mmap) failed to map 188743680 bytes for G1 virtual space
# Possible reasons:
#   The system is out of physical RAM or swap space
#   The process is running with CompressedOops enabled, and the Java Heap may be blocking the growth of the native heap
# Possible solutions:
#   Reduce memory load on the system
#   Increase physical memory or swap space
#   Check if swap backing store is full
#   Decrease Java heap size (-Xmx/-Xms)
#   Decrease number of Java threads
#   Decrease Java thread stack sizes (-Xss)
#   Set larger code cache with -XX:ReservedCodeCacheSize=
#   JVM is running with Zero Based Compressed Oops mode in which the Java heap is
#     placed in the first 32GB address space. The Java Heap base address is the
#     maximum limit for the native heap growth. Please use -XX:HeapBaseMinAddress
#     to set the Java Heap base and to place the Java Heap above 32GB virtual address.
# This output file may be truncated or incomplete.
#
#  Out of Memory Error (os_windows.cpp:3548), pid=11992, tid=9608
#
# JRE version: Java(TM) SE Runtime Environment (17.0.10+11) (build 17.0.10+11-LTS-240)
# Java VM: Java HotSpot(TM) 64-Bit Server VM (17.0.10+11-LTS-240, mixed mode, sharing, tiered, compressed oops, compressed class ptrs, g1 gc, windows-amd64)
# No core dump will be written. Minidumps are not enabled by default on client versions of Windows
#

---------------  S U M M A R Y ------------

Command Line: --add-opens=java.base/java.util=ALL-UNNAMED --add-opens=java.base/java.lang=ALL-UNNAMED --add-opens=java.base/java.lang.invoke=ALL-UNNAMED --add-opens=java.prefs/java.util.prefs=ALL-UNNAMED --add-opens=java.base/java.nio.charset=ALL-UNNAMED --add-opens=java.base/java.net=ALL-UNNAMED --add-opens=java.base/java.util.concurrent.atomic=ALL-UNNAMED -Dfile.encoding=windows-1252 -Duser.country=FR -Duser.language=fr -Duser.variant -javaagent:C:\Users\d.ngantchou\.gradle\wrapper\dists\gradle-8.6-bin\afr5mpiioh2wthjmwnkmdsd5w\gradle-8.6\lib\agents\gradle-instrumentation-agent-8.6.jar org.gradle.launcher.daemon.bootstrap.GradleDaemon 8.6

Host: 11th Gen Intel(R) Core(TM) i5-1135G7 @ 2.40GHz, 8 cores, 11G,  Windows 10 , 64 bit Build 19041 (10.0.19041.3636)
Time: Mon Jun 24 19:35:02 2024 Afr. centrale Ouest elapsed time: 30.155261 seconds (0d 0h 0m 30s)

---------------  T H R E A D  ---------------

Current thread (0x000001b2c18c8ca0):  VMThread "VM Thread" [stack: 0x0000000407500000,0x0000000407600000] [id=9608]

Stack: [0x0000000407500000,0x0000000407600000]
Native frames: (J=compiled Java code, j=interpreted, Vv=VM code, C=native code)
V  [jvm.dll+0x677a5a]
V  [jvm.dll+0x7d8b2d]
V  [jvm.dll+0x7da48e]
V  [jvm.dll+0x7daaf3]
V  [jvm.dll+0x2455ff]
V  [jvm.dll+0x6749b9]
V  [jvm.dll+0x669382]
V  [jvm.dll+0x302e96]
V  [jvm.dll+0x30a416]
V  [jvm.dll+0x359cbe]
V  [jvm.dll+0x359eef]
V  [jvm.dll+0x2d9e88]
V  [jvm.dll+0x2d8295]
V  [jvm.dll+0x2d789c]
V  [jvm.dll+0x31b18b]
V  [jvm.dll+0x7df30b]
V  [jvm.dll+0x7e0044]
V  [jvm.dll+0x7e055d]
V  [jvm.dll+0x7e0934]
V  [jvm.dll+0x7e0a00]
V  [jvm.dll+0x78888a]
V  [jvm.dll+0x676935]
C  [ucrtbase.dll+0x21bb2]
C  [KERNEL32.DLL+0x17344]
C  [ntdll.dll+0x4cc91]

VM_Operation (0x000000040a6fe850): G1CollectForAllocation, mode: safepoint, requested by thread 0x000001b308524240


---------------  P R O C E S S  ---------------

Threads class SMR info:
_java_thread_list=0x000001b30ca493d0, length=138, elements={
0x000001b29f405f10, 0x000001b2c18cd750, 0x000001b2c18ce310, 0x000001b2c18e4f20,
0x000001b2c18e58e0, 0x000001b2c18e84c0, 0x000001b2c18e8e80, 0x000001b2c18ea230,
0x000001b2c18fee90, 0x000001b2c18ff4a0, 0x000001b2c18b4350, 0x000001b2c1c18f50,
0x000001b308401ff0, 0x000001b3084d7a50, 0x000001b308f482a0, 0x000001b307faedd0,
0x000001b307fafac0, 0x000001b307faffa0, 0x000001b309082e10, 0x000001b3086a7eb0,
0x000001b3086a6050, 0x000001b3086a7490, 0x000001b3086a6560, 0x000001b3086a5630,
0x000001b3086a79a0, 0x000001b3086a83c0, 0x000001b3086a6f80, 0x000001b3086a88d0,
0x000001b3086a5120, 0x000001b3086a5b40, 0x000001b308523310, 0x000001b308525b90,
0x000001b308520fa0, 0x000001b3085219c0, 0x000001b308523820, 0x000001b308520070,
0x000001b30851f650, 0x000001b308525170, 0x000001b308524240, 0x000001b308523d30,
0x000001b308524750, 0x000001b308520a90, 0x000001b308524c60, 0x000001b3085260a0,
0x000001b3085214b0, 0x000001b308521ed0, 0x000001b308525680, 0x000001b3085223e0,
0x000001b3085228f0, 0x000001b308522e00, 0x000001b3085265b0, 0x000001b308526ac0,
0x000001b308526fd0, 0x000001b309f2f530, 0x000001b309f2e600, 0x000001b309f2b360,
0x000001b309f2e0f0, 0x000001b309f2b870, 0x000001b309f31db0, 0x000001b309f2ff50,
0x000001b309f32ce0, 0x000001b309f2fa40, 0x000001b309f2eb10, 0x000001b309f322c0,
0x000001b309f2bd80, 0x000001b309f30970, 0x000001b309f2f020, 0x000001b309f327d0,
0x000001b309f30460, 0x000001b309f2c290, 0x000001b309f30e80, 0x000001b309f2d6d0,
0x000001b309f2c7a0, 0x000001b309f31390, 0x000001b309f318a0, 0x000001b309f2ccb0,
0x000001b309f2d1c0, 0x000001b309f2dbe0, 0x000001b2c1b811e0, 0x000001b2c1b85dd0,
0x000001b2c1b84990, 0x000001b2c1b81c00, 0x000001b2c1b867f0, 0x000001b2c1b87210,
0x000001b2c1b816f0, 0x000001b2c1b84480, 0x000001b2c1b83040, 0x000001b2c1b862e0,
0x000001b2c1b80cd0, 0x000001b2c1b82110, 0x000001b2c1b86d00, 0x000001b2c1b88140,
0x000001b2c1b88650, 0x000001b2c1b83f70, 0x000001b2c1b82620, 0x000001b2c1b87720,
0x000001b2c1b853b0, 0x000001b2c1b83a60, 0x000001b2c1b87c30, 0x000001b2c1b83550,
0x000001b2c1b84ea0, 0x000001b3097bbc10, 0x000001b3097bb1f0, 0x000001b3097bcb40,
0x000001b3097bc120, 0x000001b3097bc630, 0x000001b3097bb700, 0x000001b3097bd050,
0x000001b3097ba7d0, 0x000001b3097bd560, 0x000001b3097bda70, 0x000001b3097ba2c0,
0x000001b3097bace0, 0x000001b307343dc0, 0x000001b307341a50, 0x000001b307342980,
0x000001b307344cf0, 0x000001b3073442d0, 0x000001b3073447e0, 0x000001b307341f60,
0x000001b307342470, 0x000001b307345200, 0x000001b307342e90, 0x000001b3073433a0,
0x000001b3073438b0, 0x000001b30bb72860, 0x000001b30bb73280, 0x000001b30bb71930,
0x000001b30bb71420, 0x000001b30bb72d70, 0x000001b30bb73ca0, 0x000001b30bb73790,
0x000001b30bb741b0, 0x000001b30bb746c0, 0x000001b30bb72350, 0x000001b3093a2ef0,
0x000001b30edff110, 0x000001b3093a5420
}

Java Threads: ( => current thread )
  0x000001b29f405f10 JavaThread "main" [_thread_blocked, id=3800, stack(0x0000000406f00000,0x0000000407000000)]
  0x000001b2c18cd750 JavaThread "Reference Handler" daemon [_thread_blocked, id=18488, stack(0x0000000407600000,0x0000000407700000)]
  0x000001b2c18ce310 JavaThread "Finalizer" daemon [_thread_blocked, id=6496, stack(0x0000000407700000,0x0000000407800000)]
  0x000001b2c18e4f20 JavaThread "Signal Dispatcher" daemon [_thread_blocked, id=17332, stack(0x0000000407800000,0x0000000407900000)]
  0x000001b2c18e58e0 JavaThread "Attach Listener" daemon [_thread_blocked, id=23584, stack(0x0000000407900000,0x0000000407a00000)]
  0x000001b2c18e84c0 JavaThread "Service Thread" daemon [_thread_blocked, id=19920, stack(0x0000000407a00000,0x0000000407b00000)]
  0x000001b2c18e8e80 JavaThread "Monitor Deflation Thread" daemon [_thread_blocked, id=26148, stack(0x0000000407b00000,0x0000000407c00000)]
  0x000001b2c18ea230 JavaThread "C2 CompilerThread0" daemon [_thread_blocked, id=11252, stack(0x0000000407c00000,0x0000000407d00000)]
  0x000001b2c18fee90 JavaThread "C1 CompilerThread0" daemon [_thread_blocked, id=19784, stack(0x0000000407d00000,0x0000000407e00000)]
  0x000001b2c18ff4a0 JavaThread "Sweeper thread" daemon [_thread_blocked, id=25928, stack(0x0000000407e00000,0x0000000407f00000)]
  0x000001b2c18b4350 JavaThread "Common-Cleaner" daemon [_thread_blocked, id=11184, stack(0x0000000407f00000,0x0000000408000000)]
  0x000001b2c1c18f50 JavaThread "Notification Thread" daemon [_thread_blocked, id=18036, stack(0x0000000408000000,0x0000000408100000)]
  0x000001b308401ff0 JavaThread "Daemon health stats" [_thread_blocked, id=19532, stack(0x0000000408800000,0x0000000408900000)]
  0x000001b3084d7a50 JavaThread "Incoming local TCP Connector on port 63160" [_thread_in_native, id=448, stack(0x0000000408200000,0x0000000408300000)]
  0x000001b308f482a0 JavaThread "Daemon periodic checks" [_thread_blocked, id=25620, stack(0x0000000408300000,0x0000000408400000)]
  0x000001b307faedd0 JavaThread "Daemon" [_thread_blocked, id=15184, stack(0x0000000408900000,0x0000000408a00000)]
  0x000001b307fafac0 JavaThread "Handler for socket connection from /127.0.0.1:63160 to /127.0.0.1:63163" [_thread_in_native, id=12104, stack(0x0000000408a00000,0x0000000408b00000)]
  0x000001b307faffa0 JavaThread "Cancel handler" [_thread_blocked, id=6116, stack(0x0000000408b00000,0x0000000408c00000)]
  0x000001b309082e10 JavaThread "Daemon worker" [_thread_blocked, id=17956, stack(0x0000000408c00000,0x0000000408d00000)]
  0x000001b3086a7eb0 JavaThread "Asynchronous log dispatcher for DefaultDaemonConnection: socket connection from /127.0.0.1:63160 to /127.0.0.1:63163" [_thread_blocked, id=17884, stack(0x0000000408d00000,0x0000000408e00000)]
  0x000001b3086a6050 JavaThread "Stdin handler" [_thread_blocked, id=16924, stack(0x0000000408e00000,0x0000000408f00000)]
  0x000001b3086a7490 JavaThread "Daemon client event forwarder" [_thread_blocked, id=10176, stack(0x0000000408f00000,0x0000000409000000)]
  0x000001b3086a6560 JavaThread "Cache worker for journal cache (C:\Users\d.ngantchou\.gradle\caches\journal-1)" [_thread_blocked, id=17112, stack(0x0000000409000000,0x0000000409100000)]
  0x000001b3086a5630 JavaThread "File lock request listener" [_thread_in_native, id=17948, stack(0x0000000409100000,0x0000000409200000)]
  0x000001b3086a79a0 JavaThread "Cache worker for file hash cache (C:\Users\d.ngantchou\.gradle\caches\8.6\fileHashes)" [_thread_blocked, id=4828, stack(0x0000000409300000,0x0000000409400000)]
  0x000001b3086a83c0 JavaThread "File watcher server" daemon [_thread_blocked, id=16208, stack(0x0000000409800000,0x0000000409900000)]
  0x000001b3086a6f80 JavaThread "File watcher consumer" daemon [_thread_blocked, id=17340, stack(0x0000000409900000,0x0000000409a00000)]
  0x000001b3086a88d0 JavaThread "Cache worker for checksums cache (C:\xampp\htdocs\lvm\fineract\.gradle\8.6\checksums)" [_thread_blocked, id=21740, stack(0x0000000409b00000,0x0000000409c00000)]
  0x000001b3086a5120 JavaThread "Cache worker for file hash cache (C:\xampp\htdocs\lvm\fineract\.gradle\8.6\fileHashes)" [_thread_blocked, id=6784, stack(0x0000000409c00000,0x0000000409d00000)]
  0x000001b3086a5b40 JavaThread "Cache worker for cache directory md-supplier (C:\Users\d.ngantchou\.gradle\caches\8.6\md-supplier)" [_thread_blocked, id=23668, stack(0x0000000409d00000,0x0000000409e00000)]
  0x000001b308523310 JavaThread "Cache worker for cache directory md-rule (C:\Users\d.ngantchou\.gradle\caches\8.6\md-rule)" [_thread_blocked, id=9684, stack(0x0000000409e00000,0x0000000409f00000)]
  0x000001b308525b90 JavaThread "Cache worker for file content cache (C:\Users\d.ngantchou\.gradle\caches\8.6\fileContent)" [_thread_blocked, id=23160, stack(0x0000000409200000,0x0000000409300000)]
  0x000001b308520fa0 JavaThread "jar transforms" [_thread_blocked, id=16200, stack(0x000000040a000000,0x000000040a100000)]
  0x000001b3085219c0 JavaThread "Unconstrained build operations" [_thread_blocked, id=13460, stack(0x000000040a100000,0x000000040a200000)]
  0x000001b308523820 JavaThread "jar transforms Thread 2" [_thread_blocked, id=20036, stack(0x000000040a200000,0x000000040a300000)]
  0x000001b308520070 JavaThread "jar transforms Thread 3" [_thread_blocked, id=13436, stack(0x000000040a300000,0x000000040a400000)]
  0x000001b30851f650 JavaThread "Unconstrained build operations Thread 2" [_thread_blocked, id=27084, stack(0x000000040a400000,0x000000040a500000)]
  0x000001b308525170 JavaThread "Unconstrained build operations Thread 3" [_thread_blocked, id=13020, stack(0x000000040a500000,0x000000040a600000)]
  0x000001b308524240 JavaThread "gradle-enterprise-worker-0" [_thread_blocked, id=13540, stack(0x000000040a600000,0x000000040a700000)]
  0x000001b308523d30 JavaThread "gradle-enterprise-background-job-0" daemon [_thread_blocked, id=15276, stack(0x0000000409f00000,0x000000040a000000)]
  0x000001b308524750 JavaThread "jar transforms Thread 4" [_thread_blocked, id=19352, stack(0x000000040a700000,0x000000040a800000)]
  0x000001b308520a90 JavaThread "jar transforms Thread 5" [_thread_blocked, id=22408, stack(0x000000040a900000,0x000000040aa00000)]
  0x000001b308524c60 JavaThread "jar transforms Thread 6" [_thread_blocked, id=7656, stack(0x000000040aa00000,0x000000040ab00000)]
  0x000001b3085260a0 JavaThread "Cache worker for Build Output Cleanup Cache (C:\xampp\htdocs\lvm\fineract\buildSrc\.gradle\buildOutputCleanup)" [_thread_blocked, id=18632, stack(0x000000040ab00000,0x000000040ac00000)]
  0x000001b3085214b0 JavaThread "Memory manager" [_thread_blocked, id=21280, stack(0x000000040ac00000,0x000000040ad00000)]
  0x000001b308521ed0 JavaThread "jar transforms Thread 7" [_thread_blocked, id=18864, stack(0x000000040ad00000,0x000000040ae00000)]
  0x000001b308525680 JavaThread "Unconstrained build operations Thread 4" [_thread_blocked, id=6652, stack(0x000000040ae00000,0x000000040af00000)]
  0x000001b3085223e0 JavaThread "jar transforms Thread 8" [_thread_blocked, id=18912, stack(0x000000040af00000,0x000000040b000000)]
  0x000001b3085228f0 JavaThread "included builds" [_thread_blocked, id=26748, stack(0x000000040b000000,0x000000040b100000)]
  0x000001b308522e00 JavaThread "Execution worker" [_thread_blocked, id=25912, stack(0x000000040b100000,0x000000040b200000)]
  0x000001b3085265b0 JavaThread "Execution worker Thread 2" [_thread_blocked, id=20112, stack(0x000000040b200000,0x000000040b300000)]
  0x000001b308526ac0 JavaThread "Execution worker Thread 3" [_thread_blocked, id=23152, stack(0x000000040b300000,0x000000040b400000)]
  0x000001b308526fd0 JavaThread "Execution worker Thread 4" [_thread_blocked, id=19608, stack(0x000000040b400000,0x000000040b500000)]
  0x000001b309f2f530 JavaThread "Execution worker Thread 5" [_thread_blocked, id=18312, stack(0x000000040b500000,0x000000040b600000)]
  0x000001b309f2e600 JavaThread "Execution worker Thread 6" [_thread_blocked, id=7744, stack(0x000000040b600000,0x000000040b700000)]
  0x000001b309f2b360 JavaThread "Execution worker Thread 7" [_thread_blocked, id=2696, stack(0x000000040b700000,0x000000040b800000)]
  0x000001b309f2e0f0 JavaThread "Cache worker for execution history cache (C:\xampp\htdocs\lvm\fineract\buildSrc\.gradle\8.6\executionHistory)" [_thread_blocked, id=6812, stack(0x000000040b800000,0x000000040b900000)]
  0x000001b309f2b870 JavaThread "Unconstrained build operations Thread 5" [_thread_blocked, id=15164, stack(0x000000040a800000,0x000000040a900000)]
  0x000001b309f31db0 JavaThread "Unconstrained build operations Thread 6" [_thread_blocked, id=26068, stack(0x000000040b900000,0x000000040ba00000)]
  0x000001b309f2ff50 JavaThread "Unconstrained build operations Thread 7" [_thread_blocked, id=21108, stack(0x000000040ba00000,0x000000040bb00000)]
  0x000001b309f32ce0 JavaThread "Unconstrained build operations Thread 8" [_thread_blocked, id=4484, stack(0x000000040bb00000,0x000000040bc00000)]
  0x000001b309f2fa40 JavaThread "Unconstrained build operations Thread 9" [_thread_blocked, id=6392, stack(0x000000040bc00000,0x000000040bd00000)]
  0x000001b309f2eb10 JavaThread "Unconstrained build operations Thread 10" [_thread_blocked, id=16052, stack(0x000000040bd00000,0x000000040be00000)]
  0x000001b309f322c0 JavaThread "Unconstrained build operations Thread 11" [_thread_blocked, id=13588, stack(0x000000040bf00000,0x000000040c000000)]
  0x000001b309f2bd80 JavaThread "Unconstrained build operations Thread 12" [_thread_blocked, id=3492, stack(0x000000040c000000,0x000000040c100000)]
  0x000001b309f30970 JavaThread "Unconstrained build operations Thread 13" [_thread_blocked, id=14944, stack(0x000000040c100000,0x000000040c200000)]
  0x000001b309f2f020 JavaThread "Unconstrained build operations Thread 14" [_thread_blocked, id=18152, stack(0x000000040c200000,0x000000040c300000)]
  0x000001b309f327d0 JavaThread "Unconstrained build operations Thread 15" [_thread_blocked, id=2208, stack(0x000000040c300000,0x000000040c400000)]
  0x000001b309f30460 JavaThread "Unconstrained build operations Thread 16" [_thread_blocked, id=27452, stack(0x000000040c400000,0x000000040c500000)]
  0x000001b309f2c290 JavaThread "Unconstrained build operations Thread 17" [_thread_blocked, id=26024, stack(0x000000040c500000,0x000000040c600000)]
  0x000001b309f30e80 JavaThread "Unconstrained build operations Thread 18" [_thread_blocked, id=340, stack(0x000000040c600000,0x000000040c700000)]
  0x000001b309f2d6d0 JavaThread "Unconstrained build operations Thread 19" [_thread_blocked, id=4788, stack(0x000000040c700000,0x000000040c800000)]
  0x000001b309f2c7a0 JavaThread "Unconstrained build operations Thread 20" [_thread_blocked, id=12516, stack(0x000000040c800000,0x000000040c900000)]
  0x000001b309f31390 JavaThread "Unconstrained build operations Thread 21" [_thread_blocked, id=17856, stack(0x000000040c900000,0x000000040ca00000)]
  0x000001b309f318a0 JavaThread "Unconstrained build operations Thread 22" [_thread_blocked, id=20908, stack(0x000000040ca00000,0x000000040cb00000)]
  0x000001b309f2ccb0 JavaThread "Unconstrained build operations Thread 23" [_thread_blocked, id=26684, stack(0x000000040cb00000,0x000000040cc00000)]
  0x000001b309f2d1c0 JavaThread "Unconstrained build operations Thread 24" [_thread_blocked, id=16552, stack(0x000000040cc00000,0x000000040cd00000)]
  0x000001b309f2dbe0 JavaThread "Unconstrained build operations Thread 25" [_thread_blocked, id=11612, stack(0x000000040cd00000,0x000000040ce00000)]
  0x000001b2c1b811e0 JavaThread "Unconstrained build operations Thread 26" [_thread_blocked, id=16180, stack(0x000000040ce00000,0x000000040cf00000)]
  0x000001b2c1b85dd0 JavaThread "Unconstrained build operations Thread 27" [_thread_blocked, id=17064, stack(0x000000040cf00000,0x000000040d000000)]
  0x000001b2c1b84990 JavaThread "Unconstrained build operations Thread 28" [_thread_blocked, id=12744, stack(0x000000040d000000,0x000000040d100000)]
  0x000001b2c1b81c00 JavaThread "Unconstrained build operations Thread 29" [_thread_blocked, id=17552, stack(0x000000040d100000,0x000000040d200000)]
  0x000001b2c1b867f0 JavaThread "Unconstrained build operations Thread 30" [_thread_blocked, id=18872, stack(0x000000040d200000,0x000000040d300000)]
  0x000001b2c1b87210 JavaThread "Unconstrained build operations Thread 31" [_thread_blocked, id=22612, stack(0x000000040d300000,0x000000040d400000)]
  0x000001b2c1b816f0 JavaThread "Unconstrained build operations Thread 32" [_thread_blocked, id=17200, stack(0x000000040d400000,0x000000040d500000)]
  0x000001b2c1b84480 JavaThread "Unconstrained build operations Thread 33" [_thread_blocked, id=12788, stack(0x000000040d500000,0x000000040d600000)]
  0x000001b2c1b83040 JavaThread "Unconstrained build operations Thread 34" [_thread_blocked, id=16356, stack(0x000000040d600000,0x000000040d700000)]
  0x000001b2c1b862e0 JavaThread "Unconstrained build operations Thread 35" [_thread_blocked, id=21212, stack(0x000000040d700000,0x000000040d800000)]
  0x000001b2c1b80cd0 JavaThread "Unconstrained build operations Thread 36" [_thread_blocked, id=17532, stack(0x000000040d800000,0x000000040d900000)]
  0x000001b2c1b82110 JavaThread "Unconstrained build operations Thread 37" [_thread_blocked, id=26540, stack(0x000000040d900000,0x000000040da00000)]
  0x000001b2c1b86d00 JavaThread "Unconstrained build operations Thread 38" [_thread_blocked, id=21756, stack(0x000000040da00000,0x000000040db00000)]
  0x000001b2c1b88140 JavaThread "Unconstrained build operations Thread 39" [_thread_blocked, id=17688, stack(0x000000040db00000,0x000000040dc00000)]
  0x000001b2c1b88650 JavaThread "Unconstrained build operations Thread 40" [_thread_blocked, id=13932, stack(0x000000040dc00000,0x000000040dd00000)]
  0x000001b2c1b83f70 JavaThread "Unconstrained build operations Thread 41" [_thread_blocked, id=10968, stack(0x000000040dd00000,0x000000040de00000)]
  0x000001b2c1b82620 JavaThread "Unconstrained build operations Thread 42" [_thread_blocked, id=6488, stack(0x000000040de00000,0x000000040df00000)]
  0x000001b2c1b87720 JavaThread "Unconstrained build operations Thread 43" [_thread_blocked, id=7928, stack(0x000000040df00000,0x000000040e000000)]
  0x000001b2c1b853b0 JavaThread "Unconstrained build operations Thread 44" [_thread_blocked, id=14460, stack(0x000000040e000000,0x000000040e100000)]
  0x000001b2c1b83a60 JavaThread "Unconstrained build operations Thread 45" [_thread_blocked, id=4472, stack(0x000000040e100000,0x000000040e200000)]
  0x000001b2c1b87c30 JavaThread "Unconstrained build operations Thread 46" [_thread_blocked, id=24076, stack(0x000000040e200000,0x000000040e300000)]
  0x000001b2c1b83550 JavaThread "Unconstrained build operations Thread 47" [_thread_blocked, id=21708, stack(0x000000040e300000,0x000000040e400000)]
  0x000001b2c1b84ea0 JavaThread "Unconstrained build operations Thread 48" [_thread_blocked, id=11268, stack(0x000000040e400000,0x000000040e500000)]
  0x000001b3097bbc10 JavaThread "Unconstrained build operations Thread 49" [_thread_blocked, id=21128, stack(0x000000040e500000,0x000000040e600000)]
  0x000001b3097bb1f0 JavaThread "Unconstrained build operations Thread 50" [_thread_blocked, id=11600, stack(0x000000040e600000,0x000000040e700000)]
  0x000001b3097bcb40 JavaThread "Unconstrained build operations Thread 51" [_thread_blocked, id=23068, stack(0x000000040e700000,0x000000040e800000)]
  0x000001b3097bc120 JavaThread "Unconstrained build operations Thread 52" [_thread_blocked, id=16136, stack(0x000000040e800000,0x000000040e900000)]
  0x000001b3097bc630 JavaThread "Unconstrained build operations Thread 53" [_thread_blocked, id=26484, stack(0x000000040e900000,0x000000040ea00000)]
  0x000001b3097bb700 JavaThread "Unconstrained build operations Thread 54" [_thread_blocked, id=10072, stack(0x000000040ea00000,0x000000040eb00000)]
  0x000001b3097bd050 JavaThread "Unconstrained build operations Thread 55" [_thread_blocked, id=17740, stack(0x000000040eb00000,0x000000040ec00000)]
  0x000001b3097ba7d0 JavaThread "Unconstrained build operations Thread 56" [_thread_blocked, id=9992, stack(0x000000040ec00000,0x000000040ed00000)]
  0x000001b3097bd560 JavaThread "Unconstrained build operations Thread 57" [_thread_blocked, id=13272, stack(0x000000040ed00000,0x000000040ee00000)]
  0x000001b3097bda70 JavaThread "Unconstrained build operations Thread 58" [_thread_blocked, id=16936, stack(0x000000040ee00000,0x000000040ef00000)]
  0x000001b3097ba2c0 JavaThread "Unconstrained build operations Thread 59" [_thread_blocked, id=14184, stack(0x000000040ef00000,0x000000040f000000)]
  0x000001b3097bace0 JavaThread "Unconstrained build operations Thread 60" [_thread_blocked, id=6208, stack(0x000000040f000000,0x000000040f100000)]
  0x000001b307343dc0 JavaThread "Unconstrained build operations Thread 61" [_thread_blocked, id=20240, stack(0x000000040f100000,0x000000040f200000)]
  0x000001b307341a50 JavaThread "Unconstrained build operations Thread 62" [_thread_blocked, id=1932, stack(0x000000040f200000,0x000000040f300000)]
  0x000001b307342980 JavaThread "Unconstrained build operations Thread 63" [_thread_blocked, id=13284, stack(0x000000040f300000,0x000000040f400000)]
  0x000001b307344cf0 JavaThread "Unconstrained build operations Thread 64" [_thread_blocked, id=4776, stack(0x000000040f400000,0x000000040f500000)]
  0x000001b3073442d0 JavaThread "Unconstrained build operations Thread 65" [_thread_blocked, id=20140, stack(0x000000040f500000,0x000000040f600000)]
  0x000001b3073447e0 JavaThread "Unconstrained build operations Thread 66" [_thread_blocked, id=3608, stack(0x000000040f600000,0x000000040f700000)]
  0x000001b307341f60 JavaThread "Unconstrained build operations Thread 67" [_thread_blocked, id=7152, stack(0x000000040f700000,0x000000040f800000)]
  0x000001b307342470 JavaThread "Unconstrained build operations Thread 68" [_thread_blocked, id=26688, stack(0x000000040f800000,0x000000040f900000)]
  0x000001b307345200 JavaThread "Unconstrained build operations Thread 69" [_thread_blocked, id=3304, stack(0x000000040f900000,0x000000040fa00000)]
  0x000001b307342e90 JavaThread "Unconstrained build operations Thread 70" [_thread_blocked, id=3832, stack(0x000000040fa00000,0x000000040fb00000)]
  0x000001b3073433a0 JavaThread "Unconstrained build operations Thread 71" [_thread_blocked, id=9712, stack(0x000000040fb00000,0x000000040fc00000)]
  0x000001b3073438b0 JavaThread "Unconstrained build operations Thread 72" [_thread_blocked, id=5780, stack(0x000000040fc00000,0x000000040fd00000)]
  0x000001b30bb72860 JavaThread "Unconstrained build operations Thread 73" [_thread_blocked, id=4504, stack(0x000000040fd00000,0x000000040fe00000)]
  0x000001b30bb73280 JavaThread "Unconstrained build operations Thread 74" [_thread_blocked, id=6328, stack(0x000000040fe00000,0x000000040ff00000)]
  0x000001b30bb71930 JavaThread "Unconstrained build operations Thread 75" [_thread_blocked, id=26908, stack(0x000000040ff00000,0x0000000410000000)]
  0x000001b30bb71420 JavaThread "Unconstrained build operations Thread 76" [_thread_blocked, id=3992, stack(0x0000000410000000,0x0000000410100000)]
  0x000001b30bb72d70 JavaThread "Unconstrained build operations Thread 77" [_thread_blocked, id=20260, stack(0x0000000410100000,0x0000000410200000)]
  0x000001b30bb73ca0 JavaThread "Unconstrained build operations Thread 78" [_thread_blocked, id=16036, stack(0x0000000410200000,0x0000000410300000)]
  0x000001b30bb73790 JavaThread "Unconstrained build operations Thread 79" [_thread_blocked, id=19860, stack(0x0000000410300000,0x0000000410400000)]
  0x000001b30bb741b0 JavaThread "Unconstrained build operations Thread 80" [_thread_blocked, id=17712, stack(0x0000000410400000,0x0000000410500000)]
  0x000001b30bb746c0 JavaThread "Cache worker for Build Output Cleanup Cache (C:\xampp\htdocs\lvm\fineract\.gradle\buildOutputCleanup)" [_thread_blocked, id=27280, stack(0x0000000410500000,0x0000000410600000)]
  0x000001b30bb72350 JavaThread "JGit-FileStoreAttributeReader-1" daemon [_thread_blocked, id=26360, stack(0x0000000410600000,0x0000000410700000)]
  0x000001b3093a2ef0 JavaThread "C2 CompilerThread1" daemon [_thread_blocked, id=12564, stack(0x0000000409700000,0x0000000409800000)]
  0x000001b30edff110 JavaThread "build event listener" [_thread_blocked, id=21600, stack(0x000000040be00000,0x000000040bf00000)]
  0x000001b3093a5420 JavaThread "C2 CompilerThread2" daemon [_thread_blocked, id=3612, stack(0x0000000410700000,0x0000000410800000)]

Other Threads:
=>0x000001b2c18c8ca0 VMThread "VM Thread" [stack: 0x0000000407500000,0x0000000407600000] [id=9608]
  0x000001b29f470420 WatcherThread [stack: 0x0000000408100000,0x0000000408200000] [id=2468]
  0x000001b29f45c450 GCTaskThread "GC Thread#0" [stack: 0x0000000407000000,0x0000000407100000] [id=904]
  0x000001b307ba9240 GCTaskThread "GC Thread#1" [stack: 0x0000000408400000,0x0000000408500000] [id=7912]
  0x000001b3073a7fb0 GCTaskThread "GC Thread#2" [stack: 0x0000000408500000,0x0000000408600000] [id=19964]
  0x000001b307703fd0 GCTaskThread "GC Thread#3" [stack: 0x0000000408600000,0x0000000408700000] [id=12144]
  0x000001b30726bbc0 GCTaskThread "GC Thread#4" [stack: 0x0000000408700000,0x0000000408800000] [id=13872]
  0x000001b308eec640 GCTaskThread "GC Thread#5" [stack: 0x0000000409400000,0x0000000409500000] [id=12488]
  0x000001b308eec0c0 GCTaskThread "GC Thread#6" [stack: 0x0000000409500000,0x0000000409600000] [id=11256]
  0x000001b308eeb880 GCTaskThread "GC Thread#7" [stack: 0x0000000409600000,0x0000000409700000] [id=13804]
  0x000001b29f468eb0 ConcurrentGCThread "G1 Main Marker" [stack: 0x0000000407100000,0x0000000407200000] [id=17016]
  0x000001b29f4698c0 ConcurrentGCThread "G1 Conc#0" [stack: 0x0000000407200000,0x0000000407300000] [id=13288]
  0x000001b308eec900 ConcurrentGCThread "G1 Conc#1" [stack: 0x0000000409a00000,0x0000000409b00000] [id=9944]
  0x000001b2c17924c0 ConcurrentGCThread "G1 Refine#0" [stack: 0x0000000407300000,0x0000000407400000] [id=4688]
  0x000001b2c1792ef0 ConcurrentGCThread "G1 Service" [stack: 0x0000000407400000,0x0000000407500000] [id=18580]

Threads with active compile tasks:
C2 CompilerThread0    30205 13094       4       groovy.lang.MetaClassImpl::getMethodWithoutCaching (34 bytes)
C1 CompilerThread0    30206 13199       3       com.google.common.collect.RegularImmutableMap$KeySet::contains (9 bytes)
C2 CompilerThread1    30206 13156       4       org.gradle.internal.operations.DefaultBuildOperationAncestryTracker::findClosestMatchingAncestor (42 bytes)
C2 CompilerThread2    30206 13116   !   4       org.gradle.api.internal.attributes.DefaultImmutableAttributesFactory::doConcatIsolatable (128 bytes)

VM state: at safepoint (normal execution)

VM Mutex/Monitor currently owned by a thread:  ([mutex/lock_event])
[0x000001b29f401b70] Threads_lock - owner thread: 0x000001b2c18c8ca0
[0x000001b29f4019c0] Heap_lock - owner thread: 0x000001b308524240

Heap address: 0x0000000744e00000, size: 2994 MB, Compressed Oops mode: Zero based, Oop shift amount: 3

CDS archive(s) mapped at: [0x000001b2c2000000-0x000001b2c2bd0000-0x000001b2c2bd0000), size 12386304, SharedBaseAddress: 0x000001b2c2000000, ArchiveRelocationMode: 1.
Compressed class space mapped at: 0x000001b2c3000000-0x000001b303000000, reserved size: 1073741824
Narrow klass base: 0x000001b2c2000000, Narrow klass shift: 0, Narrow klass range: 0x100000000

GC Precious Log:
 CPUs: 8 total, 8 available
 Memory: 11968M
 Large Page Support: Disabled
 NUMA Support: Disabled
 Compressed Oops: Enabled (Zero based)
 Heap Region Size: 2M
 Heap Min Capacity: 8M
 Heap Initial Capacity: 188M
 Heap Max Capacity: 2994M
 Pre-touch: Disabled
 Parallel Workers: 8
 Concurrent Workers: 2
 Concurrent Refinement Workers: 8
 Periodic GC: Disabled

Heap:
 garbage-first heap   total 192512K, used 108178K [0x0000000744e00000, 0x0000000800000000)
  region size 2048K, 4 young (8192K), 4 survivors (8192K)
 Metaspace       used 74509K, committed 75584K, reserved 1114112K
  class space    used 10611K, committed 11136K, reserved 1048576K

Heap Regions: E=young(eden), S=young(survivor), O=old, HS=humongous(starts), HC=humongous(continues), CS=collection set, F=free, OA=open archive, CA=closed archive, TAMS=top-at-mark-start (previous, next)
|   0|0x0000000744e00000, 0x0000000745000000, 0x0000000745000000|100%|HS|  |TAMS 0x0000000745000000, 0x0000000745000000| Complete 
|   1|0x0000000745000000, 0x0000000745200000, 0x0000000745200000|100%|HC|  |TAMS 0x0000000745200000, 0x0000000745200000| Complete 
|   2|0x0000000745200000, 0x0000000745400000, 0x0000000745400000|100%| O|  |TAMS 0x0000000745400000, 0x0000000745400000| Untracked 
|   3|0x0000000745400000, 0x0000000745600000, 0x0000000745600000|100%| O|  |TAMS 0x0000000745600000, 0x0000000745600000| Untracked 
|   4|0x0000000745600000, 0x0000000745800000, 0x0000000745800000|100%| O|  |TAMS 0x0000000745800000, 0x0000000745800000| Untracked 
|   5|0x0000000745800000, 0x0000000745a00000, 0x0000000745a00000|100%| O|  |TAMS 0x0000000745a00000, 0x0000000745a00000| Untracked 
|   6|0x0000000745a00000, 0x0000000745c00000, 0x0000000745c00000|100%| O|  |TAMS 0x0000000745c00000, 0x0000000745c00000| Untracked 
|   7|0x0000000745c00000, 0x0000000745e00000, 0x0000000745e00000|100%| O|  |TAMS 0x0000000745e00000, 0x0000000745e00000| Untracked 
|   8|0x0000000745e00000, 0x0000000746000000, 0x0000000746000000|100%| O|  |TAMS 0x0000000746000000, 0x0000000746000000| Untracked 
|   9|0x0000000746000000, 0x0000000746200000, 0x0000000746200000|100%| O|  |TAMS 0x0000000746200000, 0x0000000746200000| Untracked 
|  10|0x0000000746200000, 0x0000000746400000, 0x0000000746400000|100%| O|  |TAMS 0x0000000746400000, 0x0000000746400000| Untracked 
|  11|0x0000000746400000, 0x0000000746600000, 0x0000000746600000|100%| O|  |TAMS 0x0000000746600000, 0x0000000746600000| Untracked 
|  12|0x0000000746600000, 0x0000000746800000, 0x0000000746800000|100%| O|  |TAMS 0x0000000746800000, 0x0000000746800000| Untracked 
|  13|0x0000000746800000, 0x0000000746a00000, 0x0000000746a00000|100%| O|  |TAMS 0x0000000746a00000, 0x0000000746a00000| Untracked 
|  14|0x0000000746a00000, 0x0000000746c00000, 0x0000000746c00000|100%| O|  |TAMS 0x0000000746c00000, 0x0000000746c00000| Untracked 
|  15|0x0000000746c00000, 0x0000000746e00000, 0x0000000746e00000|100%| O|  |TAMS 0x0000000746e00000, 0x0000000746e00000| Untracked 
|  16|0x0000000746e00000, 0x0000000747000000, 0x0000000747000000|100%| O|  |TAMS 0x0000000747000000, 0x0000000747000000| Untracked 
|  17|0x0000000747000000, 0x0000000747200000, 0x0000000747200000|100%| O|  |TAMS 0x0000000747200000, 0x0000000747200000| Untracked 
|  18|0x0000000747200000, 0x0000000747400000, 0x0000000747400000|100%| O|  |TAMS 0x0000000747400000, 0x0000000747400000| Untracked 
|  19|0x0000000747400000, 0x0000000747600000, 0x0000000747600000|100%| O|  |TAMS 0x0000000747600000, 0x0000000747600000| Untracked 
|  20|0x0000000747600000, 0x0000000747800000, 0x0000000747800000|100%| O|  |TAMS 0x0000000747800000, 0x0000000747800000| Untracked 
|  21|0x0000000747800000, 0x0000000747a00000, 0x0000000747a00000|100%| O|  |TAMS 0x0000000747a00000, 0x0000000747a00000| Untracked 
|  22|0x0000000747a00000, 0x0000000747c00000, 0x0000000747c00000|100%| O|  |TAMS 0x0000000747c00000, 0x0000000747c00000| Untracked 
|  23|0x0000000747c00000, 0x0000000747e00000, 0x0000000747e00000|100%| O|  |TAMS 0x0000000747e00000, 0x0000000747e00000| Untracked 
|  24|0x0000000747e00000, 0x0000000748000000, 0x0000000748000000|100%| O|  |TAMS 0x0000000748000000, 0x0000000748000000| Untracked 
|  25|0x0000000748000000, 0x0000000748200000, 0x0000000748200000|100%| O|  |TAMS 0x0000000748200000, 0x0000000748200000| Untracked 
|  26|0x0000000748200000, 0x0000000748400000, 0x0000000748400000|100%| O|  |TAMS 0x0000000748400000, 0x0000000748400000| Untracked 
|  27|0x0000000748400000, 0x0000000748600000, 0x0000000748600000|100%| O|  |TAMS 0x0000000748600000, 0x0000000748600000| Untracked 
|  28|0x0000000748600000, 0x0000000748800000, 0x0000000748800000|100%| O|  |TAMS 0x0000000748800000, 0x0000000748800000| Untracked 
|  29|0x0000000748800000, 0x0000000748a00000, 0x0000000748a00000|100%| O|  |TAMS 0x0000000748a00000, 0x0000000748a00000| Untracked 
|  30|0x0000000748a00000, 0x0000000748c00000, 0x0000000748c00000|100%| O|  |TAMS 0x0000000748c00000, 0x0000000748c00000| Untracked 
|  31|0x0000000748c00000, 0x0000000748e00000, 0x0000000748e00000|100%| O|  |TAMS 0x0000000748e00000, 0x0000000748e00000| Untracked 
|  32|0x0000000748e00000, 0x0000000749000000, 0x0000000749000000|100%| O|  |TAMS 0x0000000749000000, 0x0000000749000000| Untracked 
|  33|0x0000000749000000, 0x0000000749200000, 0x0000000749200000|100%| O|  |TAMS 0x0000000749000000, 0x0000000749200000| Untracked 
|  34|0x0000000749200000, 0x0000000749400000, 0x0000000749400000|100%| O|  |TAMS 0x0000000749400000, 0x0000000749400000| Untracked 
|  35|0x0000000749400000, 0x0000000749600000, 0x0000000749600000|100%| O|  |TAMS 0x0000000749600000, 0x0000000749600000| Untracked 
|  36|0x0000000749600000, 0x0000000749800000, 0x0000000749800000|100%| O|  |TAMS 0x0000000749800000, 0x0000000749800000| Untracked 
|  37|0x0000000749800000, 0x0000000749a00000, 0x0000000749a00000|100%| O|  |TAMS 0x0000000749a00000, 0x0000000749a00000| Untracked 
|  38|0x0000000749a00000, 0x0000000749c00000, 0x0000000749c00000|100%| O|  |TAMS 0x0000000749c00000, 0x0000000749c00000| Untracked 
|  39|0x0000000749c00000, 0x0000000749e00000, 0x0000000749e00000|100%| O|  |TAMS 0x0000000749e00000, 0x0000000749e00000| Untracked 
|  40|0x0000000749e00000, 0x000000074a000000, 0x000000074a000000|100%| O|  |TAMS 0x000000074a000000, 0x000000074a000000| Untracked 
|  41|0x000000074a000000, 0x000000074a200000, 0x000000074a200000|100%| O|  |TAMS 0x000000074a200000, 0x000000074a200000| Untracked 
|  42|0x000000074a200000, 0x000000074a400000, 0x000000074a400000|100%| O|  |TAMS 0x000000074a400000, 0x000000074a400000| Untracked 
|  43|0x000000074a400000, 0x000000074a600000, 0x000000074a600000|100%| O|  |TAMS 0x000000074a600000, 0x000000074a600000| Untracked 
|  44|0x000000074a600000, 0x000000074a800000, 0x000000074a800000|100%| O|  |TAMS 0x000000074a800000, 0x000000074a800000| Untracked 
|  45|0x000000074a800000, 0x000000074aa00000, 0x000000074aa00000|100%| O|  |TAMS 0x000000074aa00000, 0x000000074aa00000| Untracked 
|  46|0x000000074aa00000, 0x000000074ac00000, 0x000000074ac00000|100%| O|  |TAMS 0x000000074ac00000, 0x000000074ac00000| Untracked 
|  47|0x000000074ac00000, 0x000000074ae00000, 0x000000074ae00000|100%| O|  |TAMS 0x000000074ac00000, 0x000000074adb0c00| Untracked 
|  48|0x000000074ae00000, 0x000000074afa4a00, 0x000000074b000000| 82%| O|  |TAMS 0x000000074ae00000, 0x000000074ae00000| Untracked 
|  49|0x000000074b000000, 0x000000074b000000, 0x000000074b200000|  0%| F|  |TAMS 0x000000074b000000, 0x000000074b000000| Untracked 
|  50|0x000000074b200000, 0x000000074b200000, 0x000000074b400000|  0%| F|  |TAMS 0x000000074b200000, 0x000000074b200000| Untracked 
|  51|0x000000074b400000, 0x000000074b400000, 0x000000074b600000|  0%| F|  |TAMS 0x000000074b400000, 0x000000074b400000| Untracked 
|  52|0x000000074b600000, 0x000000074b600000, 0x000000074b800000|  0%| F|  |TAMS 0x000000074b600000, 0x000000074b600000| Untracked 
|  53|0x000000074b800000, 0x000000074b800000, 0x000000074ba00000|  0%| F|  |TAMS 0x000000074b800000, 0x000000074b800000| Untracked 
|  54|0x000000074ba00000, 0x000000074ba00000, 0x000000074bc00000|  0%| F|  |TAMS 0x000000074ba00000, 0x000000074ba00000| Untracked 
|  55|0x000000074bc00000, 0x000000074bc00000, 0x000000074be00000|  0%| F|  |TAMS 0x000000074bc00000, 0x000000074bc00000| Untracked 
|  56|0x000000074be00000, 0x000000074be00000, 0x000000074c000000|  0%| F|  |TAMS 0x000000074be00000, 0x000000074be00000| Untracked 
|  57|0x000000074c000000, 0x000000074c000000, 0x000000074c200000|  0%| F|  |TAMS 0x000000074c000000, 0x000000074c000000| Untracked 
|  58|0x000000074c200000, 0x000000074c200000, 0x000000074c400000|  0%| F|  |TAMS 0x000000074c200000, 0x000000074c200000| Untracked 
|  59|0x000000074c400000, 0x000000074c400000, 0x000000074c600000|  0%| F|  |TAMS 0x000000074c400000, 0x000000074c400000| Untracked 
|  60|0x000000074c600000, 0x000000074c600000, 0x000000074c800000|  0%| F|  |TAMS 0x000000074c600000, 0x000000074c600000| Untracked 
|  61|0x000000074c800000, 0x000000074c800000, 0x000000074ca00000|  0%| F|  |TAMS 0x000000074c800000, 0x000000074c800000| Untracked 
|  62|0x000000074ca00000, 0x000000074cc00000, 0x000000074cc00000|100%| S|CS|TAMS 0x000000074ca00000, 0x000000074ca00000| Complete 
|  63|0x000000074cc00000, 0x000000074ce00000, 0x000000074ce00000|100%| S|CS|TAMS 0x000000074cc00000, 0x000000074cc00000| Complete 
|  64|0x000000074ce00000, 0x000000074d000000, 0x000000074d000000|100%| S|CS|TAMS 0x000000074ce00000, 0x000000074ce00000| Complete 
|  65|0x000000074d000000, 0x000000074d200000, 0x000000074d200000|100%| S|CS|TAMS 0x000000074d000000, 0x000000074d000000| Complete 
|  66|0x000000074d200000, 0x000000074d200000, 0x000000074d400000|  0%| F|  |TAMS 0x000000074d200000, 0x000000074d200000| Untracked 
|  67|0x000000074d400000, 0x000000074d400000, 0x000000074d600000|  0%| F|  |TAMS 0x000000074d400000, 0x000000074d400000| Untracked 
|  68|0x000000074d600000, 0x000000074d600000, 0x000000074d800000|  0%| F|  |TAMS 0x000000074d600000, 0x000000074d600000| Untracked 
|  69|0x000000074d800000, 0x000000074d800000, 0x000000074da00000|  0%| F|  |TAMS 0x000000074d800000, 0x000000074d800000| Untracked 
|  70|0x000000074da00000, 0x000000074da00000, 0x000000074dc00000|  0%| F|  |TAMS 0x000000074da00000, 0x000000074da00000| Untracked 
|  71|0x000000074dc00000, 0x000000074dc00000, 0x000000074de00000|  0%| F|  |TAMS 0x000000074dc00000, 0x000000074dc00000| Untracked 
|  72|0x000000074de00000, 0x000000074de00000, 0x000000074e000000|  0%| F|  |TAMS 0x000000074de00000, 0x000000074de00000| Untracked 
|  73|0x000000074e000000, 0x000000074e000000, 0x000000074e200000|  0%| F|  |TAMS 0x000000074e000000, 0x000000074e000000| Untracked 
|  74|0x000000074e200000, 0x000000074e200000, 0x000000074e400000|  0%| F|  |TAMS 0x000000074e200000, 0x000000074e200000| Untracked 
|  75|0x000000074e400000, 0x000000074e400000, 0x000000074e600000|  0%| F|  |TAMS 0x000000074e400000, 0x000000074e400000| Untracked 
|  76|0x000000074e600000, 0x000000074e600000, 0x000000074e800000|  0%| F|  |TAMS 0x000000074e600000, 0x000000074e600000| Untracked 
|  77|0x000000074e800000, 0x000000074e800000, 0x000000074ea00000|  0%| F|  |TAMS 0x000000074e800000, 0x000000074e800000| Untracked 
|  78|0x000000074ea00000, 0x000000074ea00000, 0x000000074ec00000|  0%| F|  |TAMS 0x000000074ea00000, 0x000000074ea00000| Untracked 
|  79|0x000000074ec00000, 0x000000074ec00000, 0x000000074ee00000|  0%| F|  |TAMS 0x000000074ec00000, 0x000000074ec00000| Untracked 
|  80|0x000000074ee00000, 0x000000074ee00000, 0x000000074f000000|  0%| F|  |TAMS 0x000000074ee00000, 0x000000074ee00000| Untracked 
|  81|0x000000074f000000, 0x000000074f000000, 0x000000074f200000|  0%| F|  |TAMS 0x000000074f000000, 0x000000074f000000| Untracked 
|  82|0x000000074f200000, 0x000000074f200000, 0x000000074f400000|  0%| F|  |TAMS 0x000000074f200000, 0x000000074f200000| Untracked 
|  83|0x000000074f400000, 0x000000074f400000, 0x000000074f600000|  0%| F|  |TAMS 0x000000074f400000, 0x000000074f400000| Untracked 
|  84|0x000000074f600000, 0x000000074f600000, 0x000000074f800000|  0%| F|  |TAMS 0x000000074f600000, 0x000000074f600000| Untracked 
|  85|0x000000074f800000, 0x000000074f800000, 0x000000074fa00000|  0%| F|  |TAMS 0x000000074f800000, 0x000000074f800000| Untracked 
|  86|0x000000074fa00000, 0x000000074fa00000, 0x000000074fc00000|  0%| F|  |TAMS 0x000000074fa00000, 0x000000074fa00000| Untracked 
|  87|0x000000074fc00000, 0x000000074fc00000, 0x000000074fe00000|  0%| F|  |TAMS 0x000000074fc00000, 0x000000074fc00000| Untracked 
|  88|0x000000074fe00000, 0x000000074fe00000, 0x0000000750000000|  0%| F|  |TAMS 0x000000074fe00000, 0x000000074fe00000| Untracked 
|  89|0x0000000750000000, 0x0000000750000000, 0x0000000750200000|  0%| F|  |TAMS 0x0000000750000000, 0x0000000750000000| Untracked 
|  90|0x0000000750200000, 0x0000000750200000, 0x0000000750400000|  0%| F|  |TAMS 0x0000000750200000, 0x0000000750200000| Untracked 
|  91|0x0000000750400000, 0x0000000750400000, 0x0000000750600000|  0%| F|  |TAMS 0x0000000750400000, 0x0000000750400000| Untracked 
|  92|0x0000000750600000, 0x0000000750600000, 0x0000000750800000|  0%| F|  |TAMS 0x0000000750600000, 0x0000000750600000| Untracked 
|  93|0x0000000750800000, 0x0000000750800000, 0x0000000750a00000|  0%| F|  |TAMS 0x0000000750800000, 0x0000000750800000| Untracked 

Card table byte_map: [0x000001b2b84e0000,0x000001b2b8ac0000] _byte_map_base: 0x000001b2b4ab9000

Marking Bits (Prev, Next): (CMBitMap*) 0x000001b29f45ca70, (CMBitMap*) 0x000001b29f45cab0
 Prev Bits: [0x000001b2b90a0000, 0x000001b2bbf68000)
 Next Bits: [0x000001b2bbf70000, 0x000001b2bee38000)

Polling page: 0x000001b29f4d0000

Metaspace:

Usage:
  Non-class:     62.40 MB used.
      Class:     10.36 MB used.
       Both:     72.76 MB used.

Virtual space:
  Non-class space:       64.00 MB reserved,      62.94 MB ( 98%) committed,  1 nodes.
      Class space:        1.00 GB reserved,      10.88 MB (  1%) committed,  1 nodes.
             Both:        1.06 GB reserved,      73.81 MB (  7%) committed. 

Chunk freelists:
   Non-Class:  320.00 KB
       Class:  5.15 MB
        Both:  5.46 MB

MaxMetaspaceSize: unlimited
CompressedClassSpaceSize: 1.00 GB
Initial GC threshold: 21.00 MB
Current GC threshold: 119.69 MB
CDS: on
MetaspaceReclaimPolicy: balanced
 - commit_granule_bytes: 65536.
 - commit_granule_words: 8192.
 - virtual_space_node_default_size: 8388608.
 - enlarge_chunks_in_place: 1.
 - new_chunks_are_fully_committed: 0.
 - uncommit_free_chunks: 1.
 - use_allocation_guard: 0.
 - handle_deallocations: 1.


Internal statistics:

num_allocs_failed_limit: 6.
num_arena_births: 1438.
num_arena_deaths: 0.
num_vsnodes_births: 2.
num_vsnodes_deaths: 0.
num_space_committed: 1181.
num_space_uncommitted: 0.
num_chunks_returned_to_freelist: 6.
num_chunks_taken_from_freelist: 4942.
num_chunk_merges: 6.
num_chunk_splits: 2967.
num_chunks_enlarged: 1657.
num_inconsistent_stats: 0.

CodeHeap 'non-profiled nmethods': size=120000Kb used=7442Kb max_used=7442Kb free=112557Kb
 bounds [0x000001b2aff70000, 0x000001b2b06c0000, 0x000001b2b74a0000]
CodeHeap 'profiled nmethods': size=120000Kb used=23348Kb max_used=23348Kb free=96651Kb
 bounds [0x000001b2a84a0000, 0x000001b2a9b70000, 0x000001b2af9d0000]
CodeHeap 'non-nmethods': size=5760Kb used=2410Kb max_used=2466Kb free=3349Kb
 bounds [0x000001b2af9d0000, 0x000001b2afc40000, 0x000001b2aff70000]
 total_blobs=12541 nmethods=11631 adapters=820
 compilation: enabled
              stopped_count=0, restarted_count=0
 full_count=0

Compilation events (20 events):
Event: 30.120 Thread 0x000001b2c18fee90 nmethod 13192 0x000001b2a9b66690 code [0x000001b2a9b66820, 0x000001b2a9b66968]
Event: 30.121 Thread 0x000001b2c18fee90 13193       3       org.gradle.api.internal.tasks.DefaultSourceSet_Decorated::getName (40 bytes)
Event: 30.122 Thread 0x000001b2c18fee90 nmethod 13193 0x000001b2a9b66a10 code [0x000001b2a9b66be0, 0x000001b2a9b66f58]
Event: 30.123 Thread 0x000001b2c18fee90 13194       3       com.gradle.scan.plugin.internal.c.af.c::<init> (15 bytes)
Event: 30.124 Thread 0x000001b2c18fee90 nmethod 13194 0x000001b2a9b67090 code [0x000001b2a9b67240, 0x000001b2a9b67478]
Event: 30.125 Thread 0x000001b2c18ea230 nmethod 13151 0x000001b2b06b3a10 code [0x000001b2b06b3ba0, 0x000001b2b06b4138]
Event: 30.125 Thread 0x000001b2c18fee90 13195       3       org.gradle.util.internal.NameValidator::validate (172 bytes)
Event: 30.126 Thread 0x000001b2c18ea230 13191       4       org.codehaus.groovy.runtime.MetaClassHelper::getClassWithNullAndWrapper (28 bytes)
Event: 30.128 Thread 0x000001b2c18ea230 nmethod 13191 0x000001b2b06b4590 code [0x000001b2b06b4700, 0x000001b2b06b47b8]
Event: 30.128 Thread 0x000001b2c18ea230 13169       4       java.lang.StackTraceElement::<init> (10 bytes)
Event: 30.129 Thread 0x000001b2c18ea230 nmethod 13169 0x000001b2b06b4890 code [0x000001b2b06b4a00, 0x000001b2b06b4a78]
Event: 30.129 Thread 0x000001b2c18ea230 13094       4       groovy.lang.MetaClassImpl::getMethodWithoutCaching (34 bytes)
Event: 30.130 Thread 0x000001b2c18fee90 nmethod 13195 0x000001b2a9b67510 code [0x000001b2a9b67a80, 0x000001b2a9b69ea8]
Event: 30.130 Thread 0x000001b2c18fee90 13197       3       org.apache.commons.lang.StringUtils::uncapitalize (46 bytes)
Event: 30.132 Thread 0x000001b2c18fee90 nmethod 13197 0x000001b2a9b6ab90 code [0x000001b2a9b6ae40, 0x000001b2a9b6bbf8]
Event: 30.132 Thread 0x000001b2c18fee90 13196       3       org.codehaus.groovy.runtime.callsite.PogoGetPropertySite::<init> (11 bytes)
Event: 30.133 Thread 0x000001b2c18fee90 nmethod 13196 0x000001b2a9b6c110 code [0x000001b2a9b6c2e0, 0x000001b2a9b6c878]
Event: 30.133 Thread 0x000001b2c18fee90 13198       3       com.gradle.scan.plugin.internal.c.af.b::a (21 bytes)
Event: 30.134 Thread 0x000001b2c18fee90 nmethod 13198 0x000001b2a9b6ca10 code [0x000001b2a9b6cbe0, 0x000001b2a9b6cf78]
Event: 30.135 Thread 0x000001b2c18fee90 13199       3       com.google.common.collect.RegularImmutableMap$KeySet::contains (9 bytes)

GC Heap History (20 events):
Event: 21.864 GC heap after
{Heap after GC invocations=28 (full 0):
 garbage-first heap   total 141312K, used 68445K [0x0000000744e00000, 0x0000000800000000)
  region size 2048K, 1 young (2048K), 1 survivors (2048K)
 Metaspace       used 63780K, committed 64576K, reserved 1114112K
  class space    used 9104K, committed 9472K, reserved 1048576K
}
Event: 23.181 GC heap before
{Heap before GC invocations=29 (full 0):
 garbage-first heap   total 141312K, used 107357K [0x0000000744e00000, 0x0000000800000000)
  region size 2048K, 21 young (43008K), 1 survivors (2048K)
 Metaspace       used 65281K, committed 66112K, reserved 1114112K
  class space    used 9269K, committed 9664K, reserved 1048576K
}
Event: 23.189 GC heap after
{Heap after GC invocations=30 (full 0):
 garbage-first heap   total 141312K, used 77814K [0x0000000744e00000, 0x0000000800000000)
  region size 2048K, 3 young (6144K), 3 survivors (6144K)
 Metaspace       used 65281K, committed 66112K, reserved 1114112K
  class space    used 9269K, committed 9664K, reserved 1048576K
}
Event: 23.743 GC heap before
{Heap before GC invocations=30 (full 0):
 garbage-first heap   total 141312K, used 108534K [0x0000000744e00000, 0x0000000800000000)
  region size 2048K, 18 young (36864K), 3 survivors (6144K)
 Metaspace       used 66191K, committed 67008K, reserved 1114112K
  class space    used 9392K, committed 9792K, reserved 1048576K
}
Event: 23.750 GC heap after
{Heap after GC invocations=31 (full 0):
 garbage-first heap   total 141312K, used 81115K [0x0000000744e00000, 0x0000000800000000)
  region size 2048K, 2 young (4096K), 2 survivors (4096K)
 Metaspace       used 66191K, committed 67008K, reserved 1114112K
  class space    used 9392K, committed 9792K, reserved 1048576K
}
Event: 24.803 GC heap before
{Heap before GC invocations=32 (full 0):
 garbage-first heap   total 157696K, used 107739K [0x0000000744e00000, 0x0000000800000000)
  region size 2048K, 16 young (32768K), 2 survivors (4096K)
 Metaspace       used 67936K, committed 68736K, reserved 1114112K
  class space    used 9612K, committed 9984K, reserved 1048576K
}
Event: 24.809 GC heap after
{Heap after GC invocations=33 (full 0):
 garbage-first heap   total 157696K, used 86335K [0x0000000744e00000, 0x0000000800000000)
  region size 2048K, 2 young (4096K), 2 survivors (4096K)
 Metaspace       used 67936K, committed 68736K, reserved 1114112K
  class space    used 9612K, committed 9984K, reserved 1048576K
}
Event: 24.818 GC heap before
{Heap before GC invocations=33 (full 0):
 garbage-first heap   total 157696K, used 88383K [0x0000000744e00000, 0x0000000800000000)
  region size 2048K, 3 young (6144K), 2 survivors (4096K)
 Metaspace       used 67936K, committed 68736K, reserved 1114112K
  class space    used 9612K, committed 9984K, reserved 1048576K
}
Event: 24.822 GC heap after
{Heap after GC invocations=34 (full 0):
 garbage-first heap   total 157696K, used 87837K [0x0000000744e00000, 0x0000000800000000)
  region size 2048K, 1 young (2048K), 1 survivors (2048K)
 Metaspace       used 67936K, committed 68736K, reserved 1114112K
  class space    used 9612K, committed 9984K, reserved 1048576K
}
Event: 25.637 GC heap before
{Heap before GC invocations=34 (full 0):
 garbage-first heap   total 157696K, used 120605K [0x0000000744e00000, 0x0000000800000000)
  region size 2048K, 17 young (34816K), 1 survivors (2048K)
 Metaspace       used 69161K, committed 70016K, reserved 1114112K
  class space    used 9816K, committed 10240K, reserved 1048576K
}
Event: 25.643 GC heap after
{Heap after GC invocations=35 (full 0):
 garbage-first heap   total 157696K, used 90849K [0x0000000744e00000, 0x0000000800000000)
  region size 2048K, 3 young (6144K), 3 survivors (6144K)
 Metaspace       used 69161K, committed 70016K, reserved 1114112K
  class space    used 9816K, committed 10240K, reserved 1048576K
}
Event: 26.900 GC heap before
{Heap before GC invocations=36 (full 0):
 garbage-first heap   total 172032K, used 121569K [0x0000000744e00000, 0x0000000800000000)
  region size 2048K, 18 young (36864K), 3 survivors (6144K)
 Metaspace       used 70640K, committed 71744K, reserved 1114112K
  class space    used 10025K, committed 10560K, reserved 1048576K
}
Event: 26.912 GC heap after
{Heap after GC invocations=37 (full 0):
 garbage-first heap   total 172032K, used 94829K [0x0000000744e00000, 0x0000000800000000)
  region size 2048K, 3 young (6144K), 3 survivors (6144K)
 Metaspace       used 70640K, committed 71744K, reserved 1114112K
  class space    used 10025K, committed 10560K, reserved 1048576K
}
Event: 26.996 GC heap before
{Heap before GC invocations=37 (full 0):
 garbage-first heap   total 172032K, used 96877K [0x0000000744e00000, 0x0000000800000000)
  region size 2048K, 4 young (8192K), 3 survivors (6144K)
 Metaspace       used 70663K, committed 71744K, reserved 1114112K
  class space    used 10025K, committed 10560K, reserved 1048576K
}
Event: 27.006 GC heap after
{Heap after GC invocations=38 (full 0):
 garbage-first heap   total 172032K, used 95235K [0x0000000744e00000, 0x0000000800000000)
  region size 2048K, 1 young (2048K), 1 survivors (2048K)
 Metaspace       used 70663K, committed 71744K, reserved 1114112K
  class space    used 10025K, committed 10560K, reserved 1048576K
}
Event: 28.117 GC heap before
{Heap before GC invocations=38 (full 0):
 garbage-first heap   total 172032K, used 136195K [0x0000000744e00000, 0x0000000800000000)
  region size 2048K, 21 young (43008K), 1 survivors (2048K)
 Metaspace       used 72352K, committed 73408K, reserved 1114112K
  class space    used 10282K, committed 10816K, reserved 1048576K
}
Event: 28.125 GC heap after
{Heap after GC invocations=39 (full 0):
 garbage-first heap   total 172032K, used 97989K [0x0000000744e00000, 0x0000000800000000)
  region size 2048K, 2 young (4096K), 2 survivors (4096K)
 Metaspace       used 72352K, committed 73408K, reserved 1114112K
  class space    used 10282K, committed 10816K, reserved 1048576K
}
Event: 28.997 GC heap before
{Heap before GC invocations=40 (full 0):
 garbage-first heap   total 188416K, used 136901K [0x0000000744e00000, 0x0000000800000000)
  region size 2048K, 21 young (43008K), 2 survivors (4096K)
 Metaspace       used 73419K, committed 74496K, reserved 1114112K
  class space    used 10447K, committed 10944K, reserved 1048576K
}
Event: 29.011 GC heap after
{Heap after GC invocations=41 (full 0):
 garbage-first heap   total 188416K, used 102397K [0x0000000744e00000, 0x0000000800000000)
  region size 2048K, 3 young (6144K), 3 survivors (6144K)
 Metaspace       used 73419K, committed 74496K, reserved 1114112K
  class space    used 10447K, committed 10944K, reserved 1048576K
}
Event: 30.136 GC heap before
{Heap before GC invocations=41 (full 0):
 garbage-first heap   total 188416K, used 149501K [0x0000000744e00000, 0x0000000800000000)
  region size 2048K, 26 young (53248K), 3 survivors (6144K)
 Metaspace       used 74509K, committed 75584K, reserved 1114112K
  class space    used 10611K, committed 11136K, reserved 1048576K
}

Deoptimization events (20 events):
Event: 29.626 Thread 0x000001b309082e10 Uncommon trap: trap_request=0xffffffc6 fr.pc=0x000001b2b056d710 relative=0x0000000000007230
Event: 29.626 Thread 0x000001b309082e10 Uncommon trap: reason=bimorphic_or_optimized_type_check action=maybe_recompile pc=0x000001b2b056d710 method=com.sun.beans.TypeResolver.resolve(Ljava/lang/reflect/Type;Ljava/lang/reflect/Type;)Ljava/lang/reflect/Type; @ 225 c2
Event: 29.626 Thread 0x000001b309082e10 DEOPT PACKING pc=0x000001b2b056d710 sp=0x0000000408cf5270
Event: 29.626 Thread 0x000001b309082e10 DEOPT UNPACKING pc=0x000001b2afa25ba3 sp=0x0000000408cf5288 mode 2
Event: 29.626 Thread 0x000001b309082e10 Uncommon trap: trap_request=0xffffffc6 fr.pc=0x000001b2b056c0cc relative=0x0000000000005bec
Event: 29.626 Thread 0x000001b309082e10 Uncommon trap: reason=bimorphic_or_optimized_type_check action=maybe_recompile pc=0x000001b2b056c0cc method=com.sun.beans.TypeResolver.resolve(Ljava/lang/reflect/Type;Ljava/lang/reflect/Type;)Ljava/lang/reflect/Type; @ 225 c2
Event: 29.626 Thread 0x000001b309082e10 DEOPT PACKING pc=0x000001b2b056c0cc sp=0x0000000408cf5430
Event: 29.626 Thread 0x000001b309082e10 DEOPT UNPACKING pc=0x000001b2afa25ba3 sp=0x0000000408cf5330 mode 2
Event: 29.645 Thread 0x000001b309082e10 Uncommon trap: trap_request=0xffffffde fr.pc=0x000001b2b03a5d94 relative=0x0000000000003cb4
Event: 29.645 Thread 0x000001b309082e10 Uncommon trap: reason=class_check action=maybe_recompile pc=0x000001b2b03a5d94 method=java.lang.reflect.AccessibleObject.checkCanSetAccessible(Ljava/lang/Class;Ljava/lang/Class;Z)Z @ 71 c2
Event: 29.645 Thread 0x000001b309082e10 DEOPT PACKING pc=0x000001b2b03a5d94 sp=0x0000000408cf5d50
Event: 29.645 Thread 0x000001b309082e10 DEOPT UNPACKING pc=0x000001b2afa25ba3 sp=0x0000000408cf5d48 mode 2
Event: 29.714 Thread 0x000001b309082e10 Uncommon trap: trap_request=0xffffff45 fr.pc=0x000001b2b0611a58 relative=0x00000000000001b8
Event: 29.714 Thread 0x000001b309082e10 Uncommon trap: reason=unstable_if action=reinterpret pc=0x000001b2b0611a58 method=org.gradle.internal.instantiation.generator.AbstractClassGenerator.isNameProperty(Lorg/gradle/internal/instantiation/generator/AbstractClassGenerator$PropertyMetadata;)Z @ 3
Event: 29.714 Thread 0x000001b309082e10 DEOPT PACKING pc=0x000001b2b0611a58 sp=0x0000000408cf1450
Event: 29.714 Thread 0x000001b309082e10 DEOPT UNPACKING pc=0x000001b2afa25ba3 sp=0x0000000408cf13e8 mode 2
Event: 29.778 Thread 0x000001b309082e10 DEOPT PACKING pc=0x000001b2a8ff3cc3 sp=0x0000000408cf2ea0
Event: 29.778 Thread 0x000001b309082e10 DEOPT UNPACKING pc=0x000001b2afa266e3 sp=0x0000000408cf2350 mode 0
Event: 30.015 Thread 0x000001b309082e10 DEOPT PACKING pc=0x000001b2a8b3eb65 sp=0x0000000408cf5a50
Event: 30.015 Thread 0x000001b309082e10 DEOPT UNPACKING pc=0x000001b2afa266e3 sp=0x0000000408cf4f40 mode 0

Classes unloaded (0 events):
No events

Classes redefined (0 events):
No events

Internal exceptions (20 events):
Event: 29.633 Thread 0x000001b309082e10 Exception <a 'java/lang/ClassNotFoundException'{0x000000074e853a20}: org/gradle/api/internal/file/DefaultFilePropertyFactory$DefaultRegularFileVarBeanInfo> (0x000000074e853a20) 
thrown [s\open\src\hotspot\share\classfile\systemDictionary.cpp, line 256]
Event: 29.634 Thread 0x000001b309082e10 Exception <a 'java/lang/ClassNotFoundException'{0x000000074e86ed30}: org/gradle/api/internal/file/DefaultFilePropertyFactory$DefaultRegularFileVarCustomizer> (0x000000074e86ed30) 
thrown [s\open\src\hotspot\share\classfile\systemDictionary.cpp, line 256]
Event: 29.652 Thread 0x000001b309082e10 Exception <a 'java/lang/ClassNotFoundException'{0x000000074e8fa6c0}: org/gradle/util/internal/ConfigureUtil$WrappedConfigureActionBeanInfo> (0x000000074e8fa6c0) 
thrown [s\open\src\hotspot\share\classfile\systemDictionary.cpp, line 256]
Event: 29.654 Thread 0x000001b309082e10 Exception <a 'java/lang/ClassNotFoundException'{0x000000074e915c20}: org/gradle/util/internal/ConfigureUtil$WrappedConfigureActionCustomizer> (0x000000074e915c20) 
thrown [s\open\src\hotspot\share\classfile\systemDictionary.cpp, line 256]
Event: 29.670 Thread 0x000001b309082e10 Exception <a 'java/lang/ClassNotFoundException'{0x000000074e74e360}: org/gradle/api/internal/FactoryNamedDomainObjectContainer_DecoratedBeanInfo> (0x000000074e74e360) 
thrown [s\open\src\hotspot\share\classfile\systemDictionary.cpp, line 256]
Event: 29.672 Thread 0x000001b309082e10 Exception <a 'java/lang/ClassNotFoundException'{0x000000074e76c0d8}: org/gradle/api/internal/FactoryNamedDomainObjectContainerBeanInfo> (0x000000074e76c0d8) 
thrown [s\open\src\hotspot\share\classfile\systemDictionary.cpp, line 256]
Event: 29.675 Thread 0x000001b309082e10 Exception <a 'java/lang/ClassNotFoundException'{0x000000074e789908}: org/gradle/api/internal/FactoryNamedDomainObjectContainerCustomizer> (0x000000074e789908) 
thrown [s\open\src\hotspot\share\classfile\systemDictionary.cpp, line 256]
Event: 29.692 Thread 0x000001b309082e10 Exception <a 'java/lang/ClassNotFoundException'{0x000000074e7afd68}: org/gradle/api/internal/FactoryNamedDomainObjectContainer_DecoratedCustomizer> (0x000000074e7afd68) 
thrown [s\open\src\hotspot\share\classfile\systemDictionary.cpp, line 256]
Event: 29.732 Thread 0x000001b309082e10 Exception <a 'java/lang/ClassNotFoundException'{0x000000074e5abe28}: java/lang/StringBuilderBeanInfo> (0x000000074e5abe28) 
thrown [s\open\src\hotspot\share\classfile\systemDictionary.cpp, line 256]
Event: 29.734 Thread 0x000001b309082e10 Exception <a 'java/lang/ClassNotFoundException'{0x000000074e5bbd10}: java/lang/AbstractStringBuilderBeanInfo> (0x000000074e5bbd10) 
thrown [s\open\src\hotspot\share\classfile\systemDictionary.cpp, line 256]
Event: 29.734 Thread 0x000001b309082e10 Exception <a 'java/lang/ClassNotFoundException'{0x000000074e5cbe88}: java/lang/AbstractStringBuilderCustomizer> (0x000000074e5cbe88) 
thrown [s\open\src\hotspot\share\classfile\systemDictionary.cpp, line 256]
Event: 29.749 Thread 0x000001b309082e10 Exception <a 'java/lang/ClassNotFoundException'{0x000000074e31ad80}: java/lang/StringBuilderCustomizer> (0x000000074e31ad80) 
thrown [s\open\src\hotspot\share\classfile\systemDictionary.cpp, line 256]
Event: 29.759 Thread 0x000001b309082e10 Exception <a 'java/lang/ClassNotFoundException'{0x000000074e386f48}: java/lang/CharacterBeanInfo> (0x000000074e386f48) 
thrown [s\open\src\hotspot\share\classfile\systemDictionary.cpp, line 256]
Event: 29.760 Thread 0x000001b309082e10 Exception <a 'java/lang/ClassNotFoundException'{0x000000074e396830}: java/lang/CharacterCustomizer> (0x000000074e396830) 
thrown [s\open\src\hotspot\share\classfile\systemDictionary.cpp, line 256]
Event: 29.780 Thread 0x000001b309082e10 Exception <a 'java/lang/ClassNotFoundException'{0x000000074e054a30}: com/github/spotbugs/snom/internal/SpotBugsHtmlReport_DecoratedBeanInfo> (0x000000074e054a30) 
thrown [s\open\src\hotspot\share\classfile\systemDictionary.cpp, line 256]
Event: 29.782 Thread 0x000001b309082e10 Exception <a 'java/lang/ClassNotFoundException'{0x000000074e06cdc0}: com/github/spotbugs/snom/internal/SpotBugsHtmlReportBeanInfo> (0x000000074e06cdc0) 
thrown [s\open\src\hotspot\share\classfile\systemDictionary.cpp, line 256]
Event: 29.784 Thread 0x000001b309082e10 Exception <a 'java/lang/ClassNotFoundException'{0x000000074e0887b8}: com/github/spotbugs/snom/SpotBugsReportBeanInfo> (0x000000074e0887b8) 
thrown [s\open\src\hotspot\share\classfile\systemDictionary.cpp, line 256]
Event: 29.786 Thread 0x000001b309082e10 Exception <a 'java/lang/ClassNotFoundException'{0x000000074e0a08d0}: com/github/spotbugs/snom/SpotBugsReportCustomizer> (0x000000074e0a08d0) 
thrown [s\open\src\hotspot\share\classfile\systemDictionary.cpp, line 256]
Event: 29.790 Thread 0x000001b309082e10 Exception <a 'java/lang/ClassNotFoundException'{0x000000074e0cac00}: com/github/spotbugs/snom/internal/SpotBugsHtmlReportCustomizer> (0x000000074e0cac00) 
thrown [s\open\src\hotspot\share\classfile\systemDictionary.cpp, line 256]
Event: 29.792 Thread 0x000001b309082e10 Exception <a 'java/lang/ClassNotFoundException'{0x000000074e0eb218}: com/github/spotbugs/snom/internal/SpotBugsHtmlReport_DecoratedCustomizer> (0x000000074e0eb218) 
thrown [s\open\src\hotspot\share\classfile\systemDictionary.cpp, line 256]

VM Operations (20 events):
Event: 27.833 Executing VM operation: ICBufferFull done
Event: 28.117 Executing VM operation: G1CollectForAllocation
Event: 28.125 Executing VM operation: G1CollectForAllocation done
Event: 28.349 Executing VM operation: HandshakeAllThreads
Event: 28.350 Executing VM operation: HandshakeAllThreads done
Event: 28.364 Executing VM operation: G1Concurrent
Event: 28.376 Executing VM operation: G1Concurrent done
Event: 28.498 Executing VM operation: G1Concurrent
Event: 28.498 Executing VM operation: G1Concurrent done
Event: 28.570 Executing VM operation: HandshakeAllThreads
Event: 28.570 Executing VM operation: HandshakeAllThreads done
Event: 28.838 Executing VM operation: HandshakeAllThreads
Event: 28.839 Executing VM operation: HandshakeAllThreads done
Event: 28.997 Executing VM operation: G1CollectForAllocation
Event: 29.011 Executing VM operation: G1CollectForAllocation done
Event: 29.078 Executing VM operation: HandshakeAllThreads
Event: 29.079 Executing VM operation: HandshakeAllThreads done
Event: 29.974 Executing VM operation: ICBufferFull
Event: 29.974 Executing VM operation: ICBufferFull done
Event: 30.135 Executing VM operation: G1CollectForAllocation

Events (20 events):
Event: 29.733 loading class java/lang/AbstractStringBuilderBeanInfo
Event: 29.733 loading class java/lang/AbstractStringBuilderBeanInfo done
Event: 29.734 loading class java/lang/AbstractStringBuilderCustomizer
Event: 29.734 loading class java/lang/AbstractStringBuilderCustomizer done
Event: 29.734 loading class java/lang/AbstractStringBuilderCustomizer
Event: 29.734 loading class java/lang/AbstractStringBuilderCustomizer done
Event: 29.748 loading class java/lang/StringBuilderCustomizer
Event: 29.748 loading class java/lang/StringBuilderCustomizer done
Event: 29.749 loading class java/lang/StringBuilderCustomizer
Event: 29.749 loading class java/lang/StringBuilderCustomizer done
Event: 29.757 loading class java/lang/CharacterBeanInfo
Event: 29.757 loading class java/lang/CharacterBeanInfo done
Event: 29.759 loading class java/lang/CharacterBeanInfo
Event: 29.759 loading class java/lang/CharacterBeanInfo done
Event: 29.759 loading class java/lang/CharacterCustomizer
Event: 29.759 loading class java/lang/CharacterCustomizer done
Event: 29.760 loading class java/lang/CharacterCustomizer
Event: 29.760 loading class java/lang/CharacterCustomizer done
Event: 29.761 loading class jdk/internal/ValueBased
Event: 29.761 loading class jdk/internal/ValueBased done


Dynamic libraries:
0x00007ff790a90000 - 0x00007ff790aa0000 	C:\Program Files\Java\jdk-17\bin\java.exe
0x00007fffefbd0000 - 0x00007fffefdc8000 	C:\Windows\SYSTEM32\ntdll.dll
0x00007fffef550000 - 0x00007fffef60d000 	C:\Windows\System32\KERNEL32.DLL
0x00007fffed730000 - 0x00007fffeda26000 	C:\Windows\System32\KERNELBASE.dll
0x00007fffe5a60000 - 0x00007fffe5af0000 	C:\Windows\SYSTEM32\apphelp.dll
0x00007fffedb10000 - 0x00007fffedc10000 	C:\Windows\System32\ucrtbase.dll
0x00007fffe0590000 - 0x00007fffe05a9000 	C:\Program Files\Java\jdk-17\bin\jli.dll
0x00007fffefa60000 - 0x00007fffefb10000 	C:\Windows\System32\ADVAPI32.dll
0x00007fffef610000 - 0x00007fffef6ae000 	C:\Windows\System32\msvcrt.dll
0x00007fffd0ea0000 - 0x00007fffd0ebb000 	C:\Program Files\Java\jdk-17\bin\VCRUNTIME140.dll
0x00007fffedc10000 - 0x00007fffedcb0000 	C:\Windows\System32\sechost.dll
0x00007fffeee90000 - 0x00007fffeefb3000 	C:\Windows\System32\RPCRT4.dll
0x00007fffed5a0000 - 0x00007fffed5c7000 	C:\Windows\System32\bcrypt.dll
0x00007fffef710000 - 0x00007fffef8af000 	C:\Windows\System32\USER32.dll
0x00007fffeda30000 - 0x00007fffeda52000 	C:\Windows\System32\win32u.dll
0x00007fffeedf0000 - 0x00007fffeee1b000 	C:\Windows\System32\GDI32.dll
0x00007fffd0ab0000 - 0x00007fffd0d4a000 	C:\Windows\WinSxS\amd64_microsoft.windows.common-controls_6595b64144ccf1df_6.0.19041.4355_none_60b8b9eb71f62e16\COMCTL32.dll
0x00007fffed290000 - 0x00007fffed3a7000 	C:\Windows\System32\gdi32full.dll
0x00007fffed5d0000 - 0x00007fffed66d000 	C:\Windows\System32\msvcp_win.dll
0x00007fffe35d0000 - 0x00007fffe35da000 	C:\Windows\SYSTEM32\VERSION.dll
0x00007fffee4f0000 - 0x00007fffee51f000 	C:\Windows\System32\IMM32.DLL
0x00007fffe58c0000 - 0x00007fffe58cc000 	C:\Program Files\Java\jdk-17\bin\vcruntime140_1.dll
0x00007fffaf560000 - 0x00007fffaf5ee000 	C:\Program Files\Java\jdk-17\bin\msvcp140.dll
0x00007fff08700000 - 0x00007fff092df000 	C:\Program Files\Java\jdk-17\bin\server\jvm.dll
0x00007fffeee80000 - 0x00007fffeee88000 	C:\Windows\System32\PSAPI.DLL
0x00007fffc9540000 - 0x00007fffc9549000 	C:\Windows\SYSTEM32\WSOCK32.dll
0x00007fffdd790000 - 0x00007fffdd7b7000 	C:\Windows\SYSTEM32\WINMM.dll
0x00007fffeecf0000 - 0x00007fffeed5b000 	C:\Windows\System32\WS2_32.dll
0x00007fffeb8a0000 - 0x00007fffeb8b2000 	C:\Windows\SYSTEM32\kernel.appcore.dll
0x00007fffe1ee0000 - 0x00007fffe1eea000 	C:\Program Files\Java\jdk-17\bin\jimage.dll
0x00007fffeacd0000 - 0x00007fffeaeb4000 	C:\Windows\SYSTEM32\DBGHELP.DLL
0x00007fffc8d00000 - 0x00007fffc8d34000 	C:\Windows\SYSTEM32\dbgcore.DLL
0x00007fffed3b0000 - 0x00007fffed432000 	C:\Windows\System32\bcryptPrimitives.dll
0x00007fffe1e00000 - 0x00007fffe1e0e000 	C:\Program Files\Java\jdk-17\bin\instrument.dll
0x00007fffce0a0000 - 0x00007fffce0c5000 	C:\Program Files\Java\jdk-17\bin\java.dll
0x00007fffaf440000 - 0x00007fffaf517000 	C:\Program Files\Java\jdk-17\bin\jsvml.dll
0x00007fffedcb0000 - 0x00007fffee41c000 	C:\Windows\System32\SHELL32.dll
0x00007fffeafc0000 - 0x00007fffeb75d000 	C:\Windows\SYSTEM32\windows.storage.dll
0x00007fffee990000 - 0x00007fffeece3000 	C:\Windows\System32\combase.dll
0x00007fffecb60000 - 0x00007fffecb8e000 	C:\Windows\SYSTEM32\Wldp.dll
0x00007fffee420000 - 0x00007fffee4ed000 	C:\Windows\System32\OLEAUT32.dll
0x00007fffee520000 - 0x00007fffee5cd000 	C:\Windows\System32\SHCORE.dll
0x00007fffeee20000 - 0x00007fffeee75000 	C:\Windows\System32\shlwapi.dll
0x00007fffed1c0000 - 0x00007fffed1e4000 	C:\Windows\SYSTEM32\profapi.dll
0x00007fffcdbc0000 - 0x00007fffcdbd8000 	C:\Program Files\Java\jdk-17\bin\zip.dll
0x00007fffce8a0000 - 0x00007fffce8b9000 	C:\Program Files\Java\jdk-17\bin\net.dll
0x00007fffec200000 - 0x00007fffec30a000 	C:\Windows\SYSTEM32\WINHTTP.dll
0x00007fffec940000 - 0x00007fffec9aa000 	C:\Windows\system32\mswsock.dll
0x00007fffce080000 - 0x00007fffce096000 	C:\Program Files\Java\jdk-17\bin\nio.dll
0x00007fffce740000 - 0x00007fffce750000 	C:\Program Files\Java\jdk-17\bin\verify.dll
0x00007fffca1e0000 - 0x00007fffca207000 	C:\Users\d.ngantchou\.gradle\native\c067742578af261105cb4f569cf0c3c89f3d7b1fecec35dd04571415982c5e48\windows-amd64\native-platform.dll
0x00007fffb3dc0000 - 0x00007fffb3f04000 	C:\Users\d.ngantchou\.gradle\native\38dada09dfb8b06ba9b0570ebf7e218e3eb74d4ef43ca46872605cf95ebc2f47\windows-amd64\native-platform-file-events.dll
0x00007fffcf220000 - 0x00007fffcf22a000 	C:\Program Files\Java\jdk-17\bin\management.dll
0x00007fffceef0000 - 0x00007fffceefb000 	C:\Program Files\Java\jdk-17\bin\management_ext.dll
0x00007fffecc10000 - 0x00007fffecc28000 	C:\Windows\SYSTEM32\CRYPTSP.dll
0x00007fffec110000 - 0x00007fffec144000 	C:\Windows\system32\rsaenh.dll
0x00007fffed130000 - 0x00007fffed15e000 	C:\Windows\SYSTEM32\USERENV.dll
0x00007fffecad0000 - 0x00007fffecadc000 	C:\Windows\SYSTEM32\CRYPTBASE.dll
0x00007fffec640000 - 0x00007fffec67b000 	C:\Windows\SYSTEM32\IPHLPAPI.DLL
0x00007fffee780000 - 0x00007fffee788000 	C:\Windows\System32\NSI.dll
0x00007fffe6bb0000 - 0x00007fffe6bc7000 	C:\Windows\SYSTEM32\dhcpcsvc6.DLL
0x00007fffe6b80000 - 0x00007fffe6b9d000 	C:\Windows\SYSTEM32\dhcpcsvc.DLL
0x00007fffec680000 - 0x00007fffec74a000 	C:\Windows\SYSTEM32\DNSAPI.dll
0x00007fffcea90000 - 0x00007fffcea9e000 	C:\Program Files\Java\jdk-17\bin\sunmscapi.dll
0x00007fffed440000 - 0x00007fffed59e000 	C:\Windows\System32\CRYPT32.dll
0x00007fffecd20000 - 0x00007fffecd49000 	C:\Windows\SYSTEM32\ncrypt.dll
0x00007fffecce0000 - 0x00007fffecd1b000 	C:\Windows\SYSTEM32\NTASN1.dll
0x00007fffb0160000 - 0x00007fffb0167000 	C:\Windows\system32\wshunix.dll
0x00007fffc9550000 - 0x00007fffc9567000 	C:\Windows\system32\napinsp.dll
0x00007fffc9490000 - 0x00007fffc94ab000 	C:\Windows\system32\pnrpnsp.dll
0x00007fffe74f0000 - 0x00007fffe7505000 	C:\Windows\system32\wshbth.dll
0x00007fffe6840000 - 0x00007fffe685d000 	C:\Windows\system32\NLAapi.dll
0x00007fffc9470000 - 0x00007fffc9482000 	C:\Windows\System32\winrnr.dll
0x00007fffe34e0000 - 0x00007fffe34ea000 	C:\Windows\System32\rasadhlp.dll
0x00007fffe6b00000 - 0x00007fffe6b80000 	C:\Windows\System32\fwpuclnt.dll

dbghelp: loaded successfully - version: 4.0.5 - missing functions: none
symbol engine: initialized successfully - sym options: 0x614 - pdb path: .;C:\Program Files\Java\jdk-17\bin;C:\Windows\SYSTEM32;C:\Windows\WinSxS\amd64_microsoft.windows.common-controls_6595b64144ccf1df_6.0.19041.4355_none_60b8b9eb71f62e16;C:\Program Files\Java\jdk-17\bin\server;C:\Users\d.ngantchou\.gradle\native\c067742578af261105cb4f569cf0c3c89f3d7b1fecec35dd04571415982c5e48\windows-amd64;C:\Users\d.ngantchou\.gradle\native\38dada09dfb8b06ba9b0570ebf7e218e3eb74d4ef43ca46872605cf95ebc2f47\windows-amd64

VM Arguments:
jvm_args: --add-opens=java.base/java.util=ALL-UNNAMED --add-opens=java.base/java.lang=ALL-UNNAMED --add-opens=java.base/java.lang.invoke=ALL-UNNAMED --add-opens=java.prefs/java.util.prefs=ALL-UNNAMED --add-opens=java.base/java.nio.charset=ALL-UNNAMED --add-opens=java.base/java.net=ALL-UNNAMED --add-opens=java.base/java.util.concurrent.atomic=ALL-UNNAMED -Dfile.encoding=windows-1252 -Duser.country=FR -Duser.language=fr -Duser.variant -javaagent:C:\Users\d.ngantchou\.gradle\wrapper\dists\gradle-8.6-bin\afr5mpiioh2wthjmwnkmdsd5w\gradle-8.6\lib\agents\gradle-instrumentation-agent-8.6.jar 
java_command: org.gradle.launcher.daemon.bootstrap.GradleDaemon 8.6
java_class_path (initial): C:\Users\d.ngantchou\.gradle\wrapper\dists\gradle-8.6-bin\afr5mpiioh2wthjmwnkmdsd5w\gradle-8.6\lib\gradle-launcher-8.6.jar
Launcher Type: SUN_STANDARD

[Global flags]
     intx CICompilerCount                          = 4                                         {product} {ergonomic}
     uint ConcGCThreads                            = 2                                         {product} {ergonomic}
     uint G1ConcRefinementThreads                  = 8                                         {product} {ergonomic}
   size_t G1HeapRegionSize                         = 2097152                                   {product} {ergonomic}
    uintx GCDrainStackTargetSize                   = 64                                        {product} {ergonomic}
   size_t InitialHeapSize                          = 197132288                                 {product} {ergonomic}
   size_t MarkStackSize                            = 4194304                                   {product} {ergonomic}
   size_t MaxHeapSize                              = 3139436544                                {product} {ergonomic}
   size_t MaxNewSize                               = 1883242496                                {product} {ergonomic}
   size_t MinHeapDeltaBytes                        = 2097152                                   {product} {ergonomic}
   size_t MinHeapSize                              = 8388608                                   {product} {ergonomic}
    uintx NonNMethodCodeHeapSize                   = 5839372                                {pd product} {ergonomic}
    uintx NonProfiledCodeHeapSize                  = 122909434                              {pd product} {ergonomic}
    uintx ProfiledCodeHeapSize                     = 122909434                              {pd product} {ergonomic}
    uintx ReservedCodeCacheSize                    = 251658240                              {pd product} {ergonomic}
     bool SegmentedCodeCache                       = true                                      {product} {ergonomic}
   size_t SoftMaxHeapSize                          = 3139436544                             {manageable} {ergonomic}
     bool UseCompressedClassPointers               = true                           {product lp64_product} {ergonomic}
     bool UseCompressedOops                        = true                           {product lp64_product} {ergonomic}
     bool UseG1GC                                  = true                                      {product} {ergonomic}
     bool UseLargePagesIndividualAllocation        = false                                  {pd product} {ergonomic}

Logging:
Log output configuration:
 #0: stdout all=warning uptime,level,tags
 #1: stderr all=off uptime,level,tags

Environment Variables:
JAVA_HOME=C:\Program Files\Java\jdk-17
PATH=C:\Program Files\Common Files\Oracle\Java\javapath;C:\Windows\system32;C:\Windows;C:\Windows\System32\Wbem;C:\Windows\System32\WindowsPowerShell\v1.0\;C:\Windows\System32\OpenSSH\;C:\Program Files\Git\cmd;C:\Program Files\nodejs\;C:\Program Files\Docker\Docker\resources\bin;C:\xampp\php;C:\composer;C:\Program Files\Java\jdk-17\bin;C:\xampp\mysql\bin;C:\Gradle\gradle-8.6\bin;C:\Program Files\Microsoft SQL Server\150\Tools\Binn\;C:\Program Files\Microsoft SQL Server\Client SDK\ODBC\170\Tools\Binn\;C:\Program Files\dotnet\;C:\Users\d.ngantchou\AppData\Local\Microsoft\WindowsApps;;C:\Users\d.ngantchou\AppData\Local\Programs\Microsoft VS Code\bin;C:\Users\d.ngantchou\AppData\Roaming\npm;C:\Users\d.ngantchou\AppData\Roaming\Composer\vendor\bin;C:\Users\d.ngantchou\.dotnet\tools
USERNAME=d.ngantchou
OS=Windows_NT
PROCESSOR_IDENTIFIER=Intel64 Family 6 Model 140 Stepping 1, GenuineIntel



---------------  S Y S T E M  ---------------

OS:
 Windows 10 , 64 bit Build 19041 (10.0.19041.3636)
OS uptime: 4 days 19:35 hours
Hyper-V role detected

CPU: total 8 (initial active 8) (4 cores per cpu, 2 threads per core) family 6 model 140 stepping 1 microcode 0xb6, cx8, cmov, fxsr, ht, mmx, 3dnowpref, sse, sse2, sse3, ssse3, sse4.1, sse4.2, popcnt, lzcnt, tsc, tscinvbit, avx, avx2, aes, erms, clmul, bmi1, bmi2, adx, avx512f, avx512dq, avx512cd, avx512bw, avx512vl, sha, fma, vzeroupper, avx512_vpopcntdq, avx512_vpclmulqdq, avx512_vaes, avx512_vnni, clflush, clflushopt, clwb, avx512_vbmi2, avx512_vbmi, hv

Memory: 4k page, system-wide physical 11968M (617M free)
TotalPageFile size 25904M (AvailPageFile size 119M)
current process WorkingSet (physical memory assigned to process): 442M, peak: 451M
current process commit charge ("private bytes"): 487M, peak: 667M

vm_info: Java HotSpot(TM) 64-Bit Server VM (17.0.10+11-LTS-240) for windows-amd64 JRE (17.0.10+11-LTS-240), built on Dec 19 2023 21:47:25 by "mach5one" with MS VC++ 17.1 (VS2022)

END.
