#
# There is insufficient memory for the Java Runtime Environment to continue.
# Native memory allocation (malloc) failed to allocate 2097152 bytes. Error detail: AllocateHeap
# Possible reasons:
#   The system is out of physical RAM or swap space
#   This process is running with CompressedOops enabled, and the Java Heap may be blocking the growth of the native heap
# Possible solutions:
#   Reduce memory load on the system
#   Increase physical memory or swap space
#   Check if swap backing store is full
#   Decrease Java heap size (-Xmx/-Xms)
#   Decrease number of Java threads
#   Decrease Java thread stack sizes (-Xss)
#   Set larger code cache with -XX:ReservedCodeCacheSize=
#   JVM is running with Unscaled Compressed Oops mode in which the Java heap is
#     placed in the first 4GB address space. The Java Heap base address is the
#     maximum limit for the native heap growth. Please use -XX:HeapBaseMinAddress
#     to set the Java Heap base and to place the Java Heap above 4GB virtual address.
# This output file may be truncated or incomplete.
#
#  Out of Memory Error (allocation.cpp:44), pid=2552, tid=18660
#
# JRE version: OpenJDK Runtime Environment Temurin-17.0.12+7 (17.0.12+7) (build 17.0.12+7)
# Java VM: OpenJDK 64-Bit Server VM Temurin-17.0.12+7 (17.0.12+7, mixed mode, emulated-client, tiered, compressed oops, compressed class ptrs, g1 gc, windows-amd64)
# No core dump will be written. Minidumps are not enabled by default on client versions of Windows
#

---------------  S U M M A R Y ------------

Command Line: -Xmx1024m -Dsts.lsp.client=vscode -Dsts.log.file=/dev/null -XX:TieredStopAtLevel=1 -Xlog:jni+resolve=off c:\Users\d.ngantchou\.vscode\extensions\vmware.vscode-spring-boot-1.57.0\language-server\spring-boot-language-server-1.57.0-SNAPSHOT-exec.jar

Host: 11th Gen Intel(R) Core(TM) i5-1135G7 @ 2.40GHz, 8 cores, 11G,  Windows 10 , 64 bit Build 19041 (10.0.19041.4842)
Time: Wed Sep 25 11:51:28 2024 Afr. centrale Ouest elapsed time: 178372.004670 seconds (2d 1h 32m 52s)

---------------  T H R E A D  ---------------

Current thread (0x000001cfca46b790):  VMThread "VM Thread" [stack: 0x00000001de000000,0x00000001de100000] [id=18660]

Stack: [0x00000001de000000,0x00000001de100000]
Native frames: (J=compiled Java code, j=interpreted, Vv=VM code, C=native code)
V  [jvm.dll+0x67f929]
V  [jvm.dll+0x8371ba]
V  [jvm.dll+0x838c7e]
V  [jvm.dll+0x8392e3]
V  [jvm.dll+0x24834f]
V  [jvm.dll+0xa70d3]
V  [jvm.dll+0x2f9101]
V  [jvm.dll+0x2f4d00]
V  [jvm.dll+0x2dd82f]
V  [jvm.dll+0x3201f7]
V  [jvm.dll+0x83d7dd]
V  [jvm.dll+0x83e522]
V  [jvm.dll+0x83ea4f]
V  [jvm.dll+0x83ee34]
V  [jvm.dll+0x83ef00]
V  [jvm.dll+0x7e65dc]
V  [jvm.dll+0x67e7f7]
C  [ucrtbase.dll+0x21bb2]
C  [KERNEL32.DLL+0x17374]
C  [ntdll.dll+0x4cc91]

VM_Operation (0x00000001dfbfebe0): G1CollectFull, mode: safepoint, requested by thread 0x000001cfcf9f1b20


---------------  P R O C E S S  ---------------

Threads class SMR info:
_java_thread_list=0x000001cfd0bab420, length=28, elements={
0x000001cfca488700, 0x000001cfca46d080, 0x000001cfca49a7d0, 0x000001cfca49b0a0,
0x000001cfca49b970, 0x000001cfca49e250, 0x000001cfca5e34f0, 0x000001cfca5e41b0,
0x000001cfca745010, 0x000001cfca747950, 0x000001cfcfa7f000, 0x000001cfcf9f1b20,
0x000001cfcf9f2f60, 0x000001cfcf9f3980, 0x000001cfcf9f2540, 0x000001cfcf9f2a50,
0x000001cfd044b310, 0x000001cfd04494b0, 0x000001cfd044b820, 0x000001cfd0448fa0,
0x000001cfd0449ed0, 0x000001cfd04499c0, 0x000001cfd0448070, 0x000001cfd044a8f0,
0x000001cfd044ae00, 0x000001cfcf9f2030, 0x000001cfcf9f0bf0, 0x000001cfd0a53080
}

Java Threads: ( => current thread )
  0x000001cfca488700 JavaThread "Reference Handler" daemon [_thread_blocked, id=10324, stack(0x00000001de100000,0x00000001de200000)]
  0x000001cfca46d080 JavaThread "Finalizer" daemon [_thread_blocked, id=10580, stack(0x00000001de200000,0x00000001de300000)]
  0x000001cfca49a7d0 JavaThread "Signal Dispatcher" daemon [_thread_blocked, id=19540, stack(0x00000001de300000,0x00000001de400000)]
  0x000001cfca49b0a0 JavaThread "Attach Listener" daemon [_thread_blocked, id=8660, stack(0x00000001de400000,0x00000001de500000)]
  0x000001cfca49b970 JavaThread "Service Thread" daemon [_thread_blocked, id=17360, stack(0x00000001de500000,0x00000001de600000)]
  0x000001cfca49e250 JavaThread "Monitor Deflation Thread" daemon [_thread_blocked, id=7804, stack(0x00000001de600000,0x00000001de700000)]
  0x000001cfca5e34f0 JavaThread "C1 CompilerThread0" daemon [_thread_blocked, id=18196, stack(0x00000001de700000,0x00000001de800000)]
  0x000001cfca5e41b0 JavaThread "Sweeper thread" daemon [_thread_blocked, id=17248, stack(0x00000001de800000,0x00000001de900000)]
  0x000001cfca745010 JavaThread "Notification Thread" daemon [_thread_blocked, id=12952, stack(0x00000001deb00000,0x00000001dec00000)]
  0x000001cfca747950 JavaThread "Common-Cleaner" daemon [_thread_blocked, id=11836, stack(0x00000001ded00000,0x00000001dee00000)]
  0x000001cfcfa7f000 JavaThread "boundedElastic-evictor-1" daemon [_thread_blocked, id=4812, stack(0x00000001dfa00000,0x00000001dfb00000)]
  0x000001cfcf9f1b20 JavaThread "pool-13-thread-1" [_thread_blocked, id=17036, stack(0x00000001dfb00000,0x00000001dfc00000)]
  0x000001cfcf9f2f60 JavaThread "LanguageServerApp-lifecycle" [_thread_blocked, id=10144, stack(0x00000001dfc00000,0x00000001dfd00000)]
  0x000001cfcf9f3980 JavaThread "DestroyJavaVM" [_thread_blocked, id=15196, stack(0x00000001dda00000,0x00000001ddb00000)]
  0x000001cfcf9f2540 JavaThread "pool-14-thread-1" [_thread_in_native, id=16168, stack(0x00000001dfd00000,0x00000001dfe00000)]
  0x000001cfcf9f2a50 JavaThread "Simple-Language-Server main thread" daemon [_thread_blocked, id=6312, stack(0x00000001dfe00000,0x00000001dff00000)]
  0x000001cfd044b310 JavaThread "pool-8-thread-1" [_thread_blocked, id=7528, stack(0x00000001e3800000,0x00000001e3900000)]
  0x000001cfd04494b0 JavaThread "parallel-1" daemon [_thread_blocked, id=8760, stack(0x00000001e3900000,0x00000001e3a00000)]
  0x000001cfd044b820 JavaThread "parallel-2" daemon [_thread_blocked, id=10336, stack(0x00000001e3a00000,0x00000001e3b00000)]
  0x000001cfd0448fa0 JavaThread "pool-6-thread-1" [_thread_blocked, id=16972, stack(0x00000001e3b00000,0x00000001e3c00000)]
  0x000001cfd0449ed0 JavaThread "parallel-3" daemon [_thread_blocked, id=19824, stack(0x00000001e3c00000,0x00000001e3d00000)]
  0x000001cfd04499c0 JavaThread "parallel-4" daemon [_thread_blocked, id=12092, stack(0x00000001e3d00000,0x00000001e3e00000)]
  0x000001cfd0448070 JavaThread "parallel-5" daemon [_thread_blocked, id=13128, stack(0x00000001e3e00000,0x00000001e3f00000)]
  0x000001cfd044a8f0 JavaThread "Reconciler-1" daemon [_thread_blocked, id=15640, stack(0x00000001e4200000,0x00000001e4300000)]
  0x000001cfd044ae00 JavaThread "parallel-6" daemon [_thread_blocked, id=13980, stack(0x00000001dd700000,0x00000001dd800000)]
  0x000001cfcf9f2030 JavaThread "parallel-7" daemon [_thread_blocked, id=12508, stack(0x00000001e0000000,0x00000001e0100000)]
  0x000001cfcf9f0bf0 JavaThread "parallel-8" daemon [_thread_blocked, id=11464, stack(0x00000001e0300000,0x00000001e0400000)]
  0x000001cfd0a53080 JavaThread "CompletableFutureDelayScheduler" daemon [_thread_blocked, id=14348, stack(0x00000001dd800000,0x00000001dd900000)]

Other Threads:
=>0x000001cfca46b790 VMThread "VM Thread" [stack: 0x00000001de000000,0x00000001de100000] [id=18660]
  0x000001cfca7454f0 WatcherThread [stack: 0x00000001dec00000,0x00000001ded00000] [id=14704]
  0x000001cfbd6d6e50 GCTaskThread "GC Thread#0" [stack: 0x00000001ddb00000,0x00000001ddc00000] [id=8792]
  0x000001cfcf6cfe20 GCTaskThread "GC Thread#1" [stack: 0x00000001de900000,0x00000001dea00000] [id=7656]
  0x000001cfcf6d00e0 GCTaskThread "GC Thread#2" [stack: 0x00000001dea00000,0x00000001deb00000] [id=19720]
  0x000001cfcf6d03a0 GCTaskThread "GC Thread#3" [stack: 0x00000001dee00000,0x00000001def00000] [id=16660]
  0x000001cfcfbc4a00 GCTaskThread "GC Thread#4" [stack: 0x00000001df000000,0x00000001df100000] [id=2788]
  0x000001cfcfbc4cc0 GCTaskThread "GC Thread#5" [stack: 0x00000001df100000,0x00000001df200000] [id=10032]
  0x000001cfcfbc4f80 GCTaskThread "GC Thread#6" [stack: 0x00000001df200000,0x00000001df300000] [id=2584]
  0x000001cfcfe4bba0 GCTaskThread "GC Thread#7" [stack: 0x00000001df500000,0x00000001df600000] [id=15868]
  0x000001cfbd6dfda0 ConcurrentGCThread "G1 Main Marker" [stack: 0x00000001ddc00000,0x00000001ddd00000] [id=12512]
  0x000001cfbd6e07c0 ConcurrentGCThread "G1 Conc#0" [stack: 0x00000001ddd00000,0x00000001dde00000] [id=11336]
  0x000001cfcfe39d10 ConcurrentGCThread "G1 Conc#1" [stack: 0x00000001df600000,0x00000001df700000] [id=4648]
  0x000001cfbd75d5d0 ConcurrentGCThread "G1 Refine#0" [stack: 0x00000001dde00000,0x00000001ddf00000] [id=13160]
  0x000001cfd09d1930 ConcurrentGCThread "G1 Refine#1" [stack: 0x00000001e0400000,0x00000001e0500000] [id=18016]
  0x000001cfd09d2200 ConcurrentGCThread "G1 Refine#2" [stack: 0x00000001e0600000,0x00000001e0700000] [id=14636]
  0x000001cfbd75e000 ConcurrentGCThread "G1 Service" [stack: 0x00000001ddf00000,0x00000001de000000] [id=7912]

Threads with active compile tasks:

VM state: at safepoint (normal execution)

VM Mutex/Monitor currently owned by a thread:  ([mutex/lock_event])
[0x000001cfbd6964a0] Threads_lock - owner thread: 0x000001cfca46b790
[0x000001cfbd6952a0] Heap_lock - owner thread: 0x000001cfcf9f1b20

Heap address: 0x00000000c0000000, size: 1024 MB, Compressed Oops mode: 32-bit

CDS archive(s) not mapped
Compressed class space mapped at: 0x0000000100000000-0x0000000140000000, reserved size: 1073741824
Narrow klass base: 0x0000000000000000, Narrow klass shift: 3, Narrow klass range: 0x140000000

GC Precious Log:
 CPUs: 8 total, 8 available
 Memory: 11968M
 Large Page Support: Disabled
 NUMA Support: Disabled
 Compressed Oops: Enabled (32-bit)
 Heap Region Size: 1M
 Heap Min Capacity: 8M
 Heap Initial Capacity: 188M
 Heap Max Capacity: 1G
 Pre-touch: Disabled
 Parallel Workers: 8
 Concurrent Workers: 2
 Concurrent Refinement Workers: 8
 Periodic GC: Disabled

Heap:
 garbage-first heap   total 252928K, used 88236K [0x00000000c0000000, 0x0000000100000000)
  region size 1024K, 1 young (1024K), 0 survivors (0K)
 Metaspace       used 62667K, committed 63168K, reserved 1114112K
  class space    used 7939K, committed 8128K, reserved 1048576K

Heap Regions: E=young(eden), S=young(survivor), O=old, HS=humongous(starts), HC=humongous(continues), CS=collection set, F=free, OA=open archive, CA=closed archive, TAMS=top-at-mark-start (previous, next)
|   0|0x00000000c0000000, 0x00000000c0100000, 0x00000000c0100000|100%|HS|  |TAMS 0x00000000c0100000, 0x00000000c0000000| Untracked 
|   1|0x00000000c0100000, 0x00000000c0200000, 0x00000000c0200000|100%|HC|  |TAMS 0x00000000c0200000, 0x00000000c0100000| Untracked 
|   2|0x00000000c0200000, 0x00000000c0300000, 0x00000000c0300000|100%|HC|  |TAMS 0x00000000c0300000, 0x00000000c0200000| Untracked 
|   3|0x00000000c0300000, 0x00000000c0400000, 0x00000000c0400000|100%|HC|  |TAMS 0x00000000c0400000, 0x00000000c0300000| Untracked 
|   4|0x00000000c0400000, 0x00000000c0500000, 0x00000000c0500000|100%|HS|  |TAMS 0x00000000c0500000, 0x00000000c0400000| Untracked 
|   5|0x00000000c0500000, 0x00000000c0600000, 0x00000000c0600000|100%|HC|  |TAMS 0x00000000c0600000, 0x00000000c0500000| Untracked 
|   6|0x00000000c0600000, 0x00000000c0700000, 0x00000000c0700000|100%| O|  |TAMS 0x00000000c0700000, 0x00000000c0600000| Untracked 
|   7|0x00000000c0700000, 0x00000000c07fe120, 0x00000000c0800000| 99%| O|  |TAMS 0x00000000c07fe120, 0x00000000c0700000| Untracked 
|   8|0x00000000c0800000, 0x00000000c0900000, 0x00000000c0900000|100%| O|  |TAMS 0x00000000c0900000, 0x00000000c0800000| Untracked 
|   9|0x00000000c0900000, 0x00000000c09ffff8, 0x00000000c0a00000| 99%| O|  |TAMS 0x00000000c09ffff8, 0x00000000c0900000| Untracked 
|  10|0x00000000c0a00000, 0x00000000c0b00000, 0x00000000c0b00000|100%| O|  |TAMS 0x00000000c0b00000, 0x00000000c0a00000| Untracked 
|  11|0x00000000c0b00000, 0x00000000c0bffff0, 0x00000000c0c00000| 99%| O|  |TAMS 0x00000000c0bffff0, 0x00000000c0b00000| Untracked 
|  12|0x00000000c0c00000, 0x00000000c0cfffd0, 0x00000000c0d00000| 99%| O|  |TAMS 0x00000000c0cfffd0, 0x00000000c0c00000| Untracked 
|  13|0x00000000c0d00000, 0x00000000c0dffff8, 0x00000000c0e00000| 99%| O|  |TAMS 0x00000000c0dffff8, 0x00000000c0d00000| Untracked 
|  14|0x00000000c0e00000, 0x00000000c0f00000, 0x00000000c0f00000|100%| O|  |TAMS 0x00000000c0f00000, 0x00000000c0e00000| Untracked 
|  15|0x00000000c0f00000, 0x00000000c0fffe40, 0x00000000c1000000| 99%| O|  |TAMS 0x00000000c0fffe40, 0x00000000c0f00000| Untracked 
|  16|0x00000000c1000000, 0x00000000c10fef00, 0x00000000c1100000| 99%| O|  |TAMS 0x00000000c10fef00, 0x00000000c1000000| Untracked 
|  17|0x00000000c1100000, 0x00000000c11ff3d8, 0x00000000c1200000| 99%| O|  |TAMS 0x00000000c11ff3d8, 0x00000000c1100000| Untracked 
|  18|0x00000000c1200000, 0x00000000c12ffff0, 0x00000000c1300000| 99%| O|  |TAMS 0x00000000c12ffff0, 0x00000000c1200000| Untracked 
|  19|0x00000000c1300000, 0x00000000c1400000, 0x00000000c1400000|100%| O|  |TAMS 0x00000000c1400000, 0x00000000c1300000| Untracked 
|  20|0x00000000c1400000, 0x00000000c14fffb8, 0x00000000c1500000| 99%| O|  |TAMS 0x00000000c14fffb8, 0x00000000c1400000| Untracked 
|  21|0x00000000c1500000, 0x00000000c15ffff0, 0x00000000c1600000| 99%| O|  |TAMS 0x00000000c15ffff0, 0x00000000c1500000| Untracked 
|  22|0x00000000c1600000, 0x00000000c1700000, 0x00000000c1700000|100%| O|  |TAMS 0x00000000c1700000, 0x00000000c1600000| Untracked 
|  23|0x00000000c1700000, 0x00000000c17ffff8, 0x00000000c1800000| 99%| O|  |TAMS 0x00000000c17ffff8, 0x00000000c1700000| Untracked 
|  24|0x00000000c1800000, 0x00000000c18ffff8, 0x00000000c1900000| 99%| O|  |TAMS 0x00000000c18ffff8, 0x00000000c1800000| Untracked 
|  25|0x00000000c1900000, 0x00000000c19ffff0, 0x00000000c1a00000| 99%| O|  |TAMS 0x00000000c19ffff0, 0x00000000c1900000| Untracked 
|  26|0x00000000c1a00000, 0x00000000c1b00000, 0x00000000c1b00000|100%| O|  |TAMS 0x00000000c1b00000, 0x00000000c1a00000| Untracked 
|  27|0x00000000c1b00000, 0x00000000c1bffff8, 0x00000000c1c00000| 99%| O|  |TAMS 0x00000000c1bffff8, 0x00000000c1b00000| Untracked 
|  28|0x00000000c1c00000, 0x00000000c1cfffc0, 0x00000000c1d00000| 99%| O|  |TAMS 0x00000000c1cfffc0, 0x00000000c1c00000| Untracked 
|  29|0x00000000c1d00000, 0x00000000c1dfffe0, 0x00000000c1e00000| 99%| O|  |TAMS 0x00000000c1dfffe0, 0x00000000c1d00000| Untracked 
|  30|0x00000000c1e00000, 0x00000000c1effff8, 0x00000000c1f00000| 99%| O|  |TAMS 0x00000000c1effff8, 0x00000000c1e00000| Untracked 
|  31|0x00000000c1f00000, 0x00000000c1ffffa0, 0x00000000c2000000| 99%| O|  |TAMS 0x00000000c1ffffa0, 0x00000000c1f00000| Untracked 
|  32|0x00000000c2000000, 0x00000000c20ffff8, 0x00000000c2100000| 99%| O|  |TAMS 0x00000000c20ffff8, 0x00000000c2000000| Untracked 
|  33|0x00000000c2100000, 0x00000000c2200000, 0x00000000c2200000|100%| O|  |TAMS 0x00000000c2200000, 0x00000000c2100000| Untracked 
|  34|0x00000000c2200000, 0x00000000c22ffff0, 0x00000000c2300000| 99%| O|  |TAMS 0x00000000c22ffff0, 0x00000000c2200000| Untracked 
|  35|0x00000000c2300000, 0x00000000c23ffff0, 0x00000000c2400000| 99%| O|  |TAMS 0x00000000c23ffff0, 0x00000000c2300000| Untracked 
|  36|0x00000000c2400000, 0x00000000c24ffff8, 0x00000000c2500000| 99%| O|  |TAMS 0x00000000c24ffff8, 0x00000000c2400000| Untracked 
|  37|0x00000000c2500000, 0x00000000c25fff80, 0x00000000c2600000| 99%| O|  |TAMS 0x00000000c25fff80, 0x00000000c2500000| Untracked 
|  38|0x00000000c2600000, 0x00000000c26fffd0, 0x00000000c2700000| 99%| O|  |TAMS 0x00000000c26fffd0, 0x00000000c2600000| Untracked 
|  39|0x00000000c2700000, 0x00000000c27ffff8, 0x00000000c2800000| 99%| O|  |TAMS 0x00000000c27ffff8, 0x00000000c2700000| Untracked 
|  40|0x00000000c2800000, 0x00000000c28ffff0, 0x00000000c2900000| 99%| O|  |TAMS 0x00000000c28ffff0, 0x00000000c2800000| Untracked 
|  41|0x00000000c2900000, 0x00000000c29fffe8, 0x00000000c2a00000| 99%| O|  |TAMS 0x00000000c29fffe8, 0x00000000c2900000| Untracked 
|  42|0x00000000c2a00000, 0x00000000c2affe78, 0x00000000c2b00000| 99%| O|  |TAMS 0x00000000c2affe78, 0x00000000c2a00000| Untracked 
|  43|0x00000000c2b00000, 0x00000000c2c00000, 0x00000000c2c00000|100%| O|  |TAMS 0x00000000c2c00000, 0x00000000c2b00000| Untracked 
|  44|0x00000000c2c00000, 0x00000000c2cffff8, 0x00000000c2d00000| 99%| O|  |TAMS 0x00000000c2cffff8, 0x00000000c2c00000| Untracked 
|  45|0x00000000c2d00000, 0x00000000c2dfffa8, 0x00000000c2e00000| 99%| O|  |TAMS 0x00000000c2dfffa8, 0x00000000c2d00000| Untracked 
|  46|0x00000000c2e00000, 0x00000000c2efd4e0, 0x00000000c2f00000| 98%| O|  |TAMS 0x00000000c2efd4e0, 0x00000000c2e00000| Untracked 
|  47|0x00000000c2f00000, 0x00000000c2fffff0, 0x00000000c3000000| 99%| O|  |TAMS 0x00000000c2fffff0, 0x00000000c2f00000| Untracked 
|  48|0x00000000c3000000, 0x00000000c3100000, 0x00000000c3100000|100%|HS|  |TAMS 0x00000000c3100000, 0x00000000c3000000| Untracked 
|  49|0x00000000c3100000, 0x00000000c31ffff8, 0x00000000c3200000| 99%| O|  |TAMS 0x00000000c31ffff8, 0x00000000c3100000| Untracked 
|  50|0x00000000c3200000, 0x00000000c32fffb0, 0x00000000c3300000| 99%| O|  |TAMS 0x00000000c32fffb0, 0x00000000c3200000| Untracked 
|  51|0x00000000c3300000, 0x00000000c3400000, 0x00000000c3400000|100%| O|  |TAMS 0x00000000c3400000, 0x00000000c3300000| Untracked 
|  52|0x00000000c3400000, 0x00000000c3500000, 0x00000000c3500000|100%| O|  |TAMS 0x00000000c3500000, 0x00000000c3400000| Untracked 
|  53|0x00000000c3500000, 0x00000000c3600000, 0x00000000c3600000|100%| O|  |TAMS 0x00000000c3600000, 0x00000000c3500000| Untracked 
|  54|0x00000000c3600000, 0x00000000c3700000, 0x00000000c3700000|100%| O|  |TAMS 0x00000000c3700000, 0x00000000c3600000| Untracked 
|  55|0x00000000c3700000, 0x00000000c37fcf78, 0x00000000c3800000| 98%| O|  |TAMS 0x00000000c37fcf78, 0x00000000c3700000| Untracked 
|  56|0x00000000c3800000, 0x00000000c38fff78, 0x00000000c3900000| 99%| O|  |TAMS 0x00000000c38fff78, 0x00000000c3800000| Untracked 
|  57|0x00000000c3900000, 0x00000000c3a00000, 0x00000000c3a00000|100%| O|  |TAMS 0x00000000c3a00000, 0x00000000c3900000| Untracked 
|  58|0x00000000c3a00000, 0x00000000c3affff0, 0x00000000c3b00000| 99%| O|  |TAMS 0x00000000c3affff0, 0x00000000c3a00000| Untracked 
|  59|0x00000000c3b00000, 0x00000000c3bfffb0, 0x00000000c3c00000| 99%| O|  |TAMS 0x00000000c3bfffb0, 0x00000000c3b00000| Untracked 
|  60|0x00000000c3c00000, 0x00000000c3cf75a8, 0x00000000c3d00000| 96%| O|  |TAMS 0x00000000c3cf75a8, 0x00000000c3c00000| Untracked 
|  61|0x00000000c3d00000, 0x00000000c3dffff0, 0x00000000c3e00000| 99%| O|  |TAMS 0x00000000c3dffff0, 0x00000000c3d00000| Untracked 
|  62|0x00000000c3e00000, 0x00000000c3efffd8, 0x00000000c3f00000| 99%| O|  |TAMS 0x00000000c3efffd8, 0x00000000c3e00000| Untracked 
|  63|0x00000000c3f00000, 0x00000000c3ffff90, 0x00000000c4000000| 99%| O|  |TAMS 0x00000000c3ffff90, 0x00000000c3f00000| Untracked 
|  64|0x00000000c4000000, 0x00000000c40ffff0, 0x00000000c4100000| 99%| O|  |TAMS 0x00000000c40ffff0, 0x00000000c4000000| Untracked 
|  65|0x00000000c4100000, 0x00000000c41fff88, 0x00000000c4200000| 99%| O|  |TAMS 0x00000000c41fff88, 0x00000000c4100000| Untracked 
|  66|0x00000000c4200000, 0x00000000c42fcc48, 0x00000000c4300000| 98%| O|  |TAMS 0x00000000c42fcc48, 0x00000000c4200000| Untracked 
|  67|0x00000000c4300000, 0x00000000c43fffd8, 0x00000000c4400000| 99%| O|  |TAMS 0x00000000c43fffd8, 0x00000000c4300000| Untracked 
|  68|0x00000000c4400000, 0x00000000c44fa530, 0x00000000c4500000| 97%| O|  |TAMS 0x00000000c44fa530, 0x00000000c4400000| Untracked 
|  69|0x00000000c4500000, 0x00000000c4600000, 0x00000000c4600000|100%| O|  |TAMS 0x00000000c4600000, 0x00000000c4500000| Untracked 
|  70|0x00000000c4600000, 0x00000000c46fffd0, 0x00000000c4700000| 99%| O|  |TAMS 0x00000000c46fffd0, 0x00000000c4600000| Untracked 
|  71|0x00000000c4700000, 0x00000000c47fffd0, 0x00000000c4800000| 99%| O|  |TAMS 0x00000000c47fffd0, 0x00000000c4700000| Untracked 
|  72|0x00000000c4800000, 0x00000000c4900000, 0x00000000c4900000|100%| O|  |TAMS 0x00000000c4900000, 0x00000000c4800000| Untracked 
|  73|0x00000000c4900000, 0x00000000c4a00000, 0x00000000c4a00000|100%| O|  |TAMS 0x00000000c4a00000, 0x00000000c4900000| Untracked 
|  74|0x00000000c4a00000, 0x00000000c4b00000, 0x00000000c4b00000|100%| O|  |TAMS 0x00000000c4b00000, 0x00000000c4a00000| Untracked 
|  75|0x00000000c4b00000, 0x00000000c4bde1d8, 0x00000000c4c00000| 86%| O|  |TAMS 0x00000000c4b00000, 0x00000000c4b00000| Untracked 
|  76|0x00000000c4c00000, 0x00000000c4cffe70, 0x00000000c4d00000| 99%| O|  |TAMS 0x00000000c4cffe70, 0x00000000c4c00000| Untracked 
|  77|0x00000000c4d00000, 0x00000000c4e00000, 0x00000000c4e00000|100%| O|  |TAMS 0x00000000c4e00000, 0x00000000c4d00000| Untracked 
|  78|0x00000000c4e00000, 0x00000000c4f00000, 0x00000000c4f00000|100%| O|  |TAMS 0x00000000c4f00000, 0x00000000c4e00000| Untracked 
|  79|0x00000000c4f00000, 0x00000000c5000000, 0x00000000c5000000|100%| O|  |TAMS 0x00000000c5000000, 0x00000000c4f00000| Untracked 
|  80|0x00000000c5000000, 0x00000000c50fdf88, 0x00000000c5100000| 99%| O|  |TAMS 0x00000000c50fdf88, 0x00000000c5000000| Untracked 
|  81|0x00000000c5100000, 0x00000000c5153ea8, 0x00000000c5200000| 32%| O|  |TAMS 0x00000000c5100000, 0x00000000c5100000| Untracked 
|  82|0x00000000c5200000, 0x00000000c5216bb0, 0x00000000c5300000|  8%| O|  |TAMS 0x00000000c5200000, 0x00000000c5200000| Untracked 
|  83|0x00000000c5300000, 0x00000000c5300000, 0x00000000c5400000|  0%| F|  |TAMS 0x00000000c5300000, 0x00000000c5300000| Untracked 
|  84|0x00000000c5400000, 0x00000000c5400000, 0x00000000c5500000|  0%| F|  |TAMS 0x00000000c5400000, 0x00000000c5400000| Untracked 
|  85|0x00000000c5500000, 0x00000000c5500000, 0x00000000c5600000|  0%| F|  |TAMS 0x00000000c5500000, 0x00000000c5500000| Untracked 
|  86|0x00000000c5600000, 0x00000000c5600000, 0x00000000c5700000|  0%| F|  |TAMS 0x00000000c5600000, 0x00000000c5600000| Untracked 
|  87|0x00000000c5700000, 0x00000000c5800000, 0x00000000c5800000|100%| O|  |TAMS 0x00000000c5800000, 0x00000000c5700000| Untracked 
|  88|0x00000000c5800000, 0x00000000c5800000, 0x00000000c5900000|  0%| F|  |TAMS 0x00000000c5800000, 0x00000000c5800000| Untracked 
|  89|0x00000000c5900000, 0x00000000c5900000, 0x00000000c5a00000|  0%| F|  |TAMS 0x00000000c5900000, 0x00000000c5900000| Untracked 
|  90|0x00000000c5a00000, 0x00000000c5a00000, 0x00000000c5b00000|  0%| F|  |TAMS 0x00000000c5a00000, 0x00000000c5a00000| Untracked 
|  91|0x00000000c5b00000, 0x00000000c5b00000, 0x00000000c5c00000|  0%| F|  |TAMS 0x00000000c5b00000, 0x00000000c5b00000| Untracked 
|  92|0x00000000c5c00000, 0x00000000c5c00000, 0x00000000c5d00000|  0%| F|  |TAMS 0x00000000c5c00000, 0x00000000c5c00000| Untracked 
|  93|0x00000000c5d00000, 0x00000000c5d00000, 0x00000000c5e00000|  0%| F|  |TAMS 0x00000000c5d00000, 0x00000000c5d00000| Untracked 
|  94|0x00000000c5e00000, 0x00000000c5e00000, 0x00000000c5f00000|  0%| F|  |TAMS 0x00000000c5e00000, 0x00000000c5e00000| Untracked 
|  95|0x00000000c5f00000, 0x00000000c6000000, 0x00000000c6000000|100%| O|  |TAMS 0x00000000c6000000, 0x00000000c5f00000| Untracked 
|  96|0x00000000c6000000, 0x00000000c6100000, 0x00000000c6100000|100%| O|  |TAMS 0x00000000c6100000, 0x00000000c6000000| Untracked 
|  97|0x00000000c6100000, 0x00000000c6200000, 0x00000000c6200000|100%| O|  |TAMS 0x00000000c6200000, 0x00000000c6100000| Untracked 
|  98|0x00000000c6200000, 0x00000000c6300000, 0x00000000c6300000|100%| O|  |TAMS 0x00000000c6300000, 0x00000000c6200000| Untracked 
|  99|0x00000000c6300000, 0x00000000c6300000, 0x00000000c6400000|  0%| F|  |TAMS 0x00000000c6300000, 0x00000000c6300000| Untracked 
| 100|0x00000000c6400000, 0x00000000c6400000, 0x00000000c6500000|  0%| F|  |TAMS 0x00000000c6400000, 0x00000000c6400000| Untracked 
| 101|0x00000000c6500000, 0x00000000c6500000, 0x00000000c6600000|  0%| F|  |TAMS 0x00000000c6500000, 0x00000000c6500000| Untracked 
| 102|0x00000000c6600000, 0x00000000c6600000, 0x00000000c6700000|  0%| F|  |TAMS 0x00000000c6600000, 0x00000000c6600000| Untracked 
| 103|0x00000000c6700000, 0x00000000c6700000, 0x00000000c6800000|  0%| F|  |TAMS 0x00000000c6700000, 0x00000000c6700000| Untracked 
| 104|0x00000000c6800000, 0x00000000c6800000, 0x00000000c6900000|  0%| F|  |TAMS 0x00000000c6800000, 0x00000000c6800000| Untracked 
| 105|0x00000000c6900000, 0x00000000c6900000, 0x00000000c6a00000|  0%| F|  |TAMS 0x00000000c6900000, 0x00000000c6900000| Untracked 
| 106|0x00000000c6a00000, 0x00000000c6a00000, 0x00000000c6b00000|  0%| F|  |TAMS 0x00000000c6a00000, 0x00000000c6a00000| Untracked 
| 107|0x00000000c6b00000, 0x00000000c6b00000, 0x00000000c6c00000|  0%| F|  |TAMS 0x00000000c6b00000, 0x00000000c6b00000| Untracked 
| 108|0x00000000c6c00000, 0x00000000c6c00000, 0x00000000c6d00000|  0%| F|  |TAMS 0x00000000c6c00000, 0x00000000c6c00000| Untracked 
| 109|0x00000000c6d00000, 0x00000000c6d00000, 0x00000000c6e00000|  0%| F|  |TAMS 0x00000000c6d00000, 0x00000000c6d00000| Untracked 
| 110|0x00000000c6e00000, 0x00000000c6e00000, 0x00000000c6f00000|  0%| F|  |TAMS 0x00000000c6e00000, 0x00000000c6e00000| Untracked 
| 111|0x00000000c6f00000, 0x00000000c6f00000, 0x00000000c7000000|  0%| F|  |TAMS 0x00000000c6f00000, 0x00000000c6f00000| Untracked 
| 112|0x00000000c7000000, 0x00000000c7000000, 0x00000000c7100000|  0%| F|  |TAMS 0x00000000c7000000, 0x00000000c7000000| Untracked 
| 113|0x00000000c7100000, 0x00000000c7100000, 0x00000000c7200000|  0%| F|  |TAMS 0x00000000c7100000, 0x00000000c7100000| Untracked 
| 114|0x00000000c7200000, 0x00000000c7200000, 0x00000000c7300000|  0%| F|  |TAMS 0x00000000c7200000, 0x00000000c7200000| Untracked 
| 115|0x00000000c7300000, 0x00000000c7300000, 0x00000000c7400000|  0%| F|  |TAMS 0x00000000c7300000, 0x00000000c7300000| Untracked 
| 116|0x00000000c7400000, 0x00000000c7400000, 0x00000000c7500000|  0%| F|  |TAMS 0x00000000c7400000, 0x00000000c7400000| Untracked 
| 117|0x00000000c7500000, 0x00000000c7500000, 0x00000000c7600000|  0%| F|  |TAMS 0x00000000c7500000, 0x00000000c7500000| Untracked 
| 118|0x00000000c7600000, 0x00000000c7600000, 0x00000000c7700000|  0%| F|  |TAMS 0x00000000c7600000, 0x00000000c7600000| Untracked 
| 119|0x00000000c7700000, 0x00000000c7700000, 0x00000000c7800000|  0%| F|  |TAMS 0x00000000c7700000, 0x00000000c7700000| Untracked 
| 120|0x00000000c7800000, 0x00000000c7800000, 0x00000000c7900000|  0%| F|  |TAMS 0x00000000c7800000, 0x00000000c7800000| Untracked 
| 121|0x00000000c7900000, 0x00000000c7900000, 0x00000000c7a00000|  0%| F|  |TAMS 0x00000000c7900000, 0x00000000c7900000| Untracked 
| 122|0x00000000c7a00000, 0x00000000c7a00000, 0x00000000c7b00000|  0%| F|  |TAMS 0x00000000c7a00000, 0x00000000c7a00000| Untracked 
| 123|0x00000000c7b00000, 0x00000000c7b00000, 0x00000000c7c00000|  0%| F|  |TAMS 0x00000000c7b00000, 0x00000000c7b00000| Untracked 
| 124|0x00000000c7c00000, 0x00000000c7c00000, 0x00000000c7d00000|  0%| F|  |TAMS 0x00000000c7c00000, 0x00000000c7c00000| Untracked 
| 125|0x00000000c7d00000, 0x00000000c7d00000, 0x00000000c7e00000|  0%| F|  |TAMS 0x00000000c7d00000, 0x00000000c7d00000| Untracked 
| 126|0x00000000c7e00000, 0x00000000c7e00000, 0x00000000c7f00000|  0%| F|  |TAMS 0x00000000c7e00000, 0x00000000c7e00000| Untracked 
| 127|0x00000000c7f00000, 0x00000000c7f00000, 0x00000000c8000000|  0%| F|  |TAMS 0x00000000c7f00000, 0x00000000c7f00000| Untracked 
| 128|0x00000000c8000000, 0x00000000c8000000, 0x00000000c8100000|  0%| F|  |TAMS 0x00000000c8000000, 0x00000000c8000000| Untracked 
| 129|0x00000000c8100000, 0x00000000c8100000, 0x00000000c8200000|  0%| F|  |TAMS 0x00000000c8100000, 0x00000000c8100000| Untracked 
| 130|0x00000000c8200000, 0x00000000c8200000, 0x00000000c8300000|  0%| F|  |TAMS 0x00000000c8200000, 0x00000000c8200000| Untracked 
| 131|0x00000000c8300000, 0x00000000c8300000, 0x00000000c8400000|  0%| F|  |TAMS 0x00000000c8300000, 0x00000000c8300000| Untracked 
| 132|0x00000000c8400000, 0x00000000c8400000, 0x00000000c8500000|  0%| F|  |TAMS 0x00000000c8400000, 0x00000000c8400000| Untracked 
| 133|0x00000000c8500000, 0x00000000c8500000, 0x00000000c8600000|  0%| F|  |TAMS 0x00000000c8500000, 0x00000000c8500000| Untracked 
| 134|0x00000000c8600000, 0x00000000c8600000, 0x00000000c8700000|  0%| F|  |TAMS 0x00000000c8600000, 0x00000000c8600000| Untracked 
| 135|0x00000000c8700000, 0x00000000c8700000, 0x00000000c8800000|  0%| F|  |TAMS 0x00000000c8700000, 0x00000000c8700000| Untracked 
| 136|0x00000000c8800000, 0x00000000c8800000, 0x00000000c8900000|  0%| F|  |TAMS 0x00000000c8800000, 0x00000000c8800000| Untracked 
| 137|0x00000000c8900000, 0x00000000c8900000, 0x00000000c8a00000|  0%| F|  |TAMS 0x00000000c8900000, 0x00000000c8900000| Untracked 
| 138|0x00000000c8a00000, 0x00000000c8a00000, 0x00000000c8b00000|  0%| F|  |TAMS 0x00000000c8a00000, 0x00000000c8a00000| Untracked 
| 139|0x00000000c8b00000, 0x00000000c8b00000, 0x00000000c8c00000|  0%| F|  |TAMS 0x00000000c8b00000, 0x00000000c8b00000| Untracked 
| 140|0x00000000c8c00000, 0x00000000c8c00000, 0x00000000c8d00000|  0%| F|  |TAMS 0x00000000c8c00000, 0x00000000c8c00000| Untracked 
| 141|0x00000000c8d00000, 0x00000000c8d00000, 0x00000000c8e00000|  0%| F|  |TAMS 0x00000000c8d00000, 0x00000000c8d00000| Untracked 
| 142|0x00000000c8e00000, 0x00000000c8e00000, 0x00000000c8f00000|  0%| F|  |TAMS 0x00000000c8e00000, 0x00000000c8e00000| Untracked 
| 143|0x00000000c8f00000, 0x00000000c8f00000, 0x00000000c9000000|  0%| F|  |TAMS 0x00000000c8f00000, 0x00000000c8f00000| Untracked 
| 144|0x00000000c9000000, 0x00000000c9000000, 0x00000000c9100000|  0%| F|  |TAMS 0x00000000c9000000, 0x00000000c9000000| Untracked 
| 145|0x00000000c9100000, 0x00000000c9100000, 0x00000000c9200000|  0%| F|  |TAMS 0x00000000c9100000, 0x00000000c9100000| Untracked 
| 146|0x00000000c9200000, 0x00000000c9200000, 0x00000000c9300000|  0%| F|  |TAMS 0x00000000c9200000, 0x00000000c9200000| Untracked 
| 147|0x00000000c9300000, 0x00000000c9300000, 0x00000000c9400000|  0%| F|  |TAMS 0x00000000c9300000, 0x00000000c9300000| Untracked 
| 148|0x00000000c9400000, 0x00000000c9400000, 0x00000000c9500000|  0%| F|  |TAMS 0x00000000c9400000, 0x00000000c9400000| Untracked 
| 149|0x00000000c9500000, 0x00000000c9500000, 0x00000000c9600000|  0%| F|  |TAMS 0x00000000c9500000, 0x00000000c9500000| Untracked 
| 150|0x00000000c9600000, 0x00000000c9600000, 0x00000000c9700000|  0%| F|  |TAMS 0x00000000c9600000, 0x00000000c9600000| Untracked 
| 151|0x00000000c9700000, 0x00000000c9700000, 0x00000000c9800000|  0%| F|  |TAMS 0x00000000c9700000, 0x00000000c9700000| Untracked 
| 152|0x00000000c9800000, 0x00000000c9800000, 0x00000000c9900000|  0%| F|  |TAMS 0x00000000c9800000, 0x00000000c9800000| Untracked 
| 153|0x00000000c9900000, 0x00000000c9900000, 0x00000000c9a00000|  0%| F|  |TAMS 0x00000000c9900000, 0x00000000c9900000| Untracked 
| 154|0x00000000c9a00000, 0x00000000c9a00000, 0x00000000c9b00000|  0%| F|  |TAMS 0x00000000c9a00000, 0x00000000c9a00000| Untracked 
| 155|0x00000000c9b00000, 0x00000000c9b00000, 0x00000000c9c00000|  0%| F|  |TAMS 0x00000000c9b00000, 0x00000000c9b00000| Untracked 
| 156|0x00000000c9c00000, 0x00000000c9c00000, 0x00000000c9d00000|  0%| F|  |TAMS 0x00000000c9c00000, 0x00000000c9c00000| Untracked 
| 157|0x00000000c9d00000, 0x00000000c9d00000, 0x00000000c9e00000|  0%| F|  |TAMS 0x00000000c9d00000, 0x00000000c9d00000| Untracked 
| 158|0x00000000c9e00000, 0x00000000c9e00000, 0x00000000c9f00000|  0%| F|  |TAMS 0x00000000c9e00000, 0x00000000c9e00000| Untracked 
| 159|0x00000000c9f00000, 0x00000000c9f00000, 0x00000000ca000000|  0%| F|  |TAMS 0x00000000c9f00000, 0x00000000c9f00000| Untracked 
| 160|0x00000000ca000000, 0x00000000ca000000, 0x00000000ca100000|  0%| F|  |TAMS 0x00000000ca000000, 0x00000000ca000000| Untracked 
| 161|0x00000000ca100000, 0x00000000ca100000, 0x00000000ca200000|  0%| F|  |TAMS 0x00000000ca100000, 0x00000000ca100000| Untracked 
| 162|0x00000000ca200000, 0x00000000ca200000, 0x00000000ca300000|  0%| F|  |TAMS 0x00000000ca200000, 0x00000000ca200000| Untracked 
| 163|0x00000000ca300000, 0x00000000ca300000, 0x00000000ca400000|  0%| F|  |TAMS 0x00000000ca300000, 0x00000000ca300000| Untracked 
| 164|0x00000000ca400000, 0x00000000ca400000, 0x00000000ca500000|  0%| F|  |TAMS 0x00000000ca400000, 0x00000000ca400000| Untracked 
| 165|0x00000000ca500000, 0x00000000ca500000, 0x00000000ca600000|  0%| F|  |TAMS 0x00000000ca500000, 0x00000000ca500000| Untracked 
| 166|0x00000000ca600000, 0x00000000ca600000, 0x00000000ca700000|  0%| F|  |TAMS 0x00000000ca600000, 0x00000000ca600000| Untracked 
| 167|0x00000000ca700000, 0x00000000ca700000, 0x00000000ca800000|  0%| F|  |TAMS 0x00000000ca700000, 0x00000000ca700000| Untracked 
| 168|0x00000000ca800000, 0x00000000ca800000, 0x00000000ca900000|  0%| F|  |TAMS 0x00000000ca800000, 0x00000000ca800000| Untracked 
| 169|0x00000000ca900000, 0x00000000ca900000, 0x00000000caa00000|  0%| F|  |TAMS 0x00000000ca900000, 0x00000000ca900000| Untracked 
| 170|0x00000000caa00000, 0x00000000caa00000, 0x00000000cab00000|  0%| F|  |TAMS 0x00000000caa00000, 0x00000000caa00000| Untracked 
| 171|0x00000000cab00000, 0x00000000cab00000, 0x00000000cac00000|  0%| F|  |TAMS 0x00000000cab00000, 0x00000000cab00000| Untracked 
| 172|0x00000000cac00000, 0x00000000cac00000, 0x00000000cad00000|  0%| F|  |TAMS 0x00000000cac00000, 0x00000000cac00000| Untracked 
| 173|0x00000000cad00000, 0x00000000cad00000, 0x00000000cae00000|  0%| F|  |TAMS 0x00000000cad00000, 0x00000000cad00000| Untracked 
| 174|0x00000000cae00000, 0x00000000cae00000, 0x00000000caf00000|  0%| F|  |TAMS 0x00000000cae00000, 0x00000000cae00000| Untracked 
| 175|0x00000000caf00000, 0x00000000caf00000, 0x00000000cb000000|  0%| F|  |TAMS 0x00000000caf00000, 0x00000000caf00000| Untracked 
| 176|0x00000000cb000000, 0x00000000cb000000, 0x00000000cb100000|  0%| F|  |TAMS 0x00000000cb000000, 0x00000000cb000000| Untracked 
| 177|0x00000000cb100000, 0x00000000cb100000, 0x00000000cb200000|  0%| F|  |TAMS 0x00000000cb100000, 0x00000000cb100000| Untracked 
| 178|0x00000000cb200000, 0x00000000cb200000, 0x00000000cb300000|  0%| F|  |TAMS 0x00000000cb200000, 0x00000000cb200000| Untracked 
| 179|0x00000000cb300000, 0x00000000cb300000, 0x00000000cb400000|  0%| F|  |TAMS 0x00000000cb300000, 0x00000000cb300000| Untracked 
| 180|0x00000000cb400000, 0x00000000cb400000, 0x00000000cb500000|  0%| F|  |TAMS 0x00000000cb400000, 0x00000000cb400000| Untracked 
| 181|0x00000000cb500000, 0x00000000cb500000, 0x00000000cb600000|  0%| F|  |TAMS 0x00000000cb500000, 0x00000000cb500000| Untracked 
| 182|0x00000000cb600000, 0x00000000cb600000, 0x00000000cb700000|  0%| F|  |TAMS 0x00000000cb600000, 0x00000000cb600000| Untracked 
| 183|0x00000000cb700000, 0x00000000cb700000, 0x00000000cb800000|  0%| F|  |TAMS 0x00000000cb700000, 0x00000000cb700000| Untracked 
| 184|0x00000000cb800000, 0x00000000cb800000, 0x00000000cb900000|  0%| F|  |TAMS 0x00000000cb800000, 0x00000000cb800000| Untracked 
| 185|0x00000000cb900000, 0x00000000cb900000, 0x00000000cba00000|  0%| F|  |TAMS 0x00000000cb900000, 0x00000000cb900000| Untracked 
| 186|0x00000000cba00000, 0x00000000cba00000, 0x00000000cbb00000|  0%| F|  |TAMS 0x00000000cba00000, 0x00000000cba00000| Untracked 
| 187|0x00000000cbb00000, 0x00000000cbb00000, 0x00000000cbc00000|  0%| F|  |TAMS 0x00000000cbb00000, 0x00000000cbb00000| Untracked 
| 188|0x00000000cbc00000, 0x00000000cbc00000, 0x00000000cbd00000|  0%| F|  |TAMS 0x00000000cbc00000, 0x00000000cbc00000| Untracked 
| 189|0x00000000cbd00000, 0x00000000cbd00000, 0x00000000cbe00000|  0%| F|  |TAMS 0x00000000cbd00000, 0x00000000cbd00000| Untracked 
| 190|0x00000000cbe00000, 0x00000000cbe00000, 0x00000000cbf00000|  0%| F|  |TAMS 0x00000000cbe00000, 0x00000000cbe00000| Untracked 
| 191|0x00000000cbf00000, 0x00000000cbf00000, 0x00000000cc000000|  0%| F|  |TAMS 0x00000000cbf00000, 0x00000000cbf00000| Untracked 
| 192|0x00000000cc000000, 0x00000000cc000000, 0x00000000cc100000|  0%| F|  |TAMS 0x00000000cc000000, 0x00000000cc000000| Untracked 
| 193|0x00000000cc100000, 0x00000000cc100000, 0x00000000cc200000|  0%| F|  |TAMS 0x00000000cc100000, 0x00000000cc100000| Untracked 
| 194|0x00000000cc200000, 0x00000000cc200000, 0x00000000cc300000|  0%| F|  |TAMS 0x00000000cc200000, 0x00000000cc200000| Untracked 
| 195|0x00000000cc300000, 0x00000000cc300000, 0x00000000cc400000|  0%| F|  |TAMS 0x00000000cc300000, 0x00000000cc300000| Untracked 
| 196|0x00000000cc400000, 0x00000000cc400000, 0x00000000cc500000|  0%| F|  |TAMS 0x00000000cc400000, 0x00000000cc400000| Untracked 
| 197|0x00000000cc500000, 0x00000000cc500000, 0x00000000cc600000|  0%| F|  |TAMS 0x00000000cc500000, 0x00000000cc500000| Untracked 
| 198|0x00000000cc600000, 0x00000000cc600000, 0x00000000cc700000|  0%| F|  |TAMS 0x00000000cc600000, 0x00000000cc600000| Untracked 
| 199|0x00000000cc700000, 0x00000000cc700000, 0x00000000cc800000|  0%| F|  |TAMS 0x00000000cc700000, 0x00000000cc700000| Untracked 
| 200|0x00000000cc800000, 0x00000000cc800000, 0x00000000cc900000|  0%| F|  |TAMS 0x00000000cc800000, 0x00000000cc800000| Untracked 
| 201|0x00000000cc900000, 0x00000000cc900000, 0x00000000cca00000|  0%| F|  |TAMS 0x00000000cc900000, 0x00000000cc900000| Untracked 
| 202|0x00000000cca00000, 0x00000000cca00000, 0x00000000ccb00000|  0%| F|  |TAMS 0x00000000cca00000, 0x00000000cca00000| Untracked 
| 203|0x00000000ccb00000, 0x00000000ccb00000, 0x00000000ccc00000|  0%| F|  |TAMS 0x00000000ccb00000, 0x00000000ccb00000| Untracked 
| 204|0x00000000ccc00000, 0x00000000ccc00000, 0x00000000ccd00000|  0%| F|  |TAMS 0x00000000ccc00000, 0x00000000ccc00000| Untracked 
| 205|0x00000000ccd00000, 0x00000000ccd00000, 0x00000000cce00000|  0%| F|  |TAMS 0x00000000ccd00000, 0x00000000ccd00000| Untracked 
| 206|0x00000000cce00000, 0x00000000cce00000, 0x00000000ccf00000|  0%| F|  |TAMS 0x00000000cce00000, 0x00000000cce00000| Untracked 
| 207|0x00000000ccf00000, 0x00000000ccf00000, 0x00000000cd000000|  0%| F|  |TAMS 0x00000000ccf00000, 0x00000000ccf00000| Untracked 
| 208|0x00000000cd000000, 0x00000000cd000000, 0x00000000cd100000|  0%| F|  |TAMS 0x00000000cd000000, 0x00000000cd000000| Untracked 
| 209|0x00000000cd100000, 0x00000000cd100000, 0x00000000cd200000|  0%| F|  |TAMS 0x00000000cd100000, 0x00000000cd100000| Untracked 
| 210|0x00000000cd200000, 0x00000000cd200000, 0x00000000cd300000|  0%| F|  |TAMS 0x00000000cd200000, 0x00000000cd200000| Untracked 
| 211|0x00000000cd300000, 0x00000000cd300000, 0x00000000cd400000|  0%| F|  |TAMS 0x00000000cd300000, 0x00000000cd300000| Untracked 
| 212|0x00000000cd400000, 0x00000000cd400000, 0x00000000cd500000|  0%| F|  |TAMS 0x00000000cd400000, 0x00000000cd400000| Untracked 
| 213|0x00000000cd500000, 0x00000000cd500000, 0x00000000cd600000|  0%| F|  |TAMS 0x00000000cd500000, 0x00000000cd500000| Untracked 
| 214|0x00000000cd600000, 0x00000000cd600000, 0x00000000cd700000|  0%| F|  |TAMS 0x00000000cd600000, 0x00000000cd600000| Untracked 
| 215|0x00000000cd700000, 0x00000000cd700000, 0x00000000cd800000|  0%| F|  |TAMS 0x00000000cd700000, 0x00000000cd700000| Untracked 
| 216|0x00000000cd800000, 0x00000000cd800000, 0x00000000cd900000|  0%| F|  |TAMS 0x00000000cd800000, 0x00000000cd800000| Untracked 
| 217|0x00000000cd900000, 0x00000000cd900000, 0x00000000cda00000|  0%| F|  |TAMS 0x00000000cd900000, 0x00000000cd900000| Untracked 
| 218|0x00000000cda00000, 0x00000000cda00000, 0x00000000cdb00000|  0%| F|  |TAMS 0x00000000cda00000, 0x00000000cda00000| Untracked 
| 219|0x00000000cdb00000, 0x00000000cdb00000, 0x00000000cdc00000|  0%| F|  |TAMS 0x00000000cdb00000, 0x00000000cdb00000| Untracked 
| 220|0x00000000cdc00000, 0x00000000cdc00000, 0x00000000cdd00000|  0%| F|  |TAMS 0x00000000cdc00000, 0x00000000cdc00000| Untracked 
| 221|0x00000000cdd00000, 0x00000000cdd00000, 0x00000000cde00000|  0%| F|  |TAMS 0x00000000cdd00000, 0x00000000cdd00000| Untracked 
| 222|0x00000000cde00000, 0x00000000cde00000, 0x00000000cdf00000|  0%| F|  |TAMS 0x00000000cde00000, 0x00000000cde00000| Untracked 
| 223|0x00000000cdf00000, 0x00000000cdf00000, 0x00000000ce000000|  0%| F|  |TAMS 0x00000000cdf00000, 0x00000000cdf00000| Untracked 
| 224|0x00000000ce000000, 0x00000000ce000000, 0x00000000ce100000|  0%| F|  |TAMS 0x00000000ce000000, 0x00000000ce000000| Untracked 
| 225|0x00000000ce100000, 0x00000000ce100000, 0x00000000ce200000|  0%| F|  |TAMS 0x00000000ce100000, 0x00000000ce100000| Untracked 
| 226|0x00000000ce200000, 0x00000000ce200000, 0x00000000ce300000|  0%| F|  |TAMS 0x00000000ce200000, 0x00000000ce200000| Untracked 
| 227|0x00000000ce300000, 0x00000000ce300000, 0x00000000ce400000|  0%| F|  |TAMS 0x00000000ce300000, 0x00000000ce300000| Untracked 
| 228|0x00000000ce400000, 0x00000000ce400000, 0x00000000ce500000|  0%| F|  |TAMS 0x00000000ce400000, 0x00000000ce400000| Untracked 
| 229|0x00000000ce500000, 0x00000000ce500000, 0x00000000ce600000|  0%| F|  |TAMS 0x00000000ce500000, 0x00000000ce500000| Untracked 
| 230|0x00000000ce600000, 0x00000000ce600000, 0x00000000ce700000|  0%| F|  |TAMS 0x00000000ce600000, 0x00000000ce600000| Untracked 
| 231|0x00000000ce700000, 0x00000000ce700000, 0x00000000ce800000|  0%| F|  |TAMS 0x00000000ce700000, 0x00000000ce700000| Untracked 
| 232|0x00000000ce800000, 0x00000000ce800000, 0x00000000ce900000|  0%| F|  |TAMS 0x00000000ce800000, 0x00000000ce800000| Untracked 
| 233|0x00000000ce900000, 0x00000000ce900000, 0x00000000cea00000|  0%| F|  |TAMS 0x00000000ce900000, 0x00000000ce900000| Untracked 
| 234|0x00000000cea00000, 0x00000000cea00000, 0x00000000ceb00000|  0%| F|  |TAMS 0x00000000cea00000, 0x00000000cea00000| Untracked 
| 235|0x00000000ceb00000, 0x00000000ceb00000, 0x00000000cec00000|  0%| F|  |TAMS 0x00000000ceb00000, 0x00000000ceb00000| Untracked 
| 236|0x00000000cec00000, 0x00000000cec00000, 0x00000000ced00000|  0%| F|  |TAMS 0x00000000cec00000, 0x00000000cec00000| Untracked 
| 237|0x00000000ced00000, 0x00000000ced00000, 0x00000000cee00000|  0%| F|  |TAMS 0x00000000ced00000, 0x00000000ced00000| Untracked 
| 238|0x00000000cee00000, 0x00000000cee00000, 0x00000000cef00000|  0%| F|  |TAMS 0x00000000cee00000, 0x00000000cee00000| Untracked 
| 239|0x00000000cef00000, 0x00000000cef00000, 0x00000000cf000000|  0%| F|  |TAMS 0x00000000cef00000, 0x00000000cef00000| Untracked 
| 240|0x00000000cf000000, 0x00000000cf000000, 0x00000000cf100000|  0%| F|  |TAMS 0x00000000cf000000, 0x00000000cf000000| Untracked 
| 241|0x00000000cf100000, 0x00000000cf100000, 0x00000000cf200000|  0%| F|  |TAMS 0x00000000cf100000, 0x00000000cf100000| Untracked 
| 242|0x00000000cf200000, 0x00000000cf200000, 0x00000000cf300000|  0%| F|  |TAMS 0x00000000cf200000, 0x00000000cf200000| Untracked 
| 243|0x00000000cf300000, 0x00000000cf300000, 0x00000000cf400000|  0%| F|  |TAMS 0x00000000cf300000, 0x00000000cf300000| Untracked 
| 244|0x00000000cf400000, 0x00000000cf400000, 0x00000000cf500000|  0%| F|  |TAMS 0x00000000cf400000, 0x00000000cf400000| Untracked 
| 245|0x00000000cf500000, 0x00000000cf500000, 0x00000000cf600000|  0%| F|  |TAMS 0x00000000cf500000, 0x00000000cf500000| Untracked 
| 246|0x00000000cf600000, 0x00000000cf6058a8, 0x00000000cf700000|  2%| E|  |TAMS 0x00000000cf600000, 0x00000000cf600000| Complete 

Card table byte_map: [0x000001cfc55d0000,0x000001cfc57d0000] _byte_map_base: 0x000001cfc4fd0000

Marking Bits (Prev, Next): (CMBitMap*) 0x000001cfbd6d7470, (CMBitMap*) 0x000001cfbd6d74b0
 Prev Bits: [0x000001cfc59d0000, 0x000001cfc69d0000)
 Next Bits: [0x000001cfc69d0000, 0x000001cfc79d0000)

Polling page: 0x000001cfbd510000

Metaspace:

Usage:
  Non-class:     53.45 MB used.
      Class:      7.75 MB used.
       Both:     61.20 MB used.

Virtual space:
  Non-class space:       64.00 MB reserved,      53.75 MB ( 84%) committed,  1 nodes.
      Class space:        1.00 GB reserved,       7.94 MB ( <1%) committed,  1 nodes.
             Both:        1.06 GB reserved,      61.69 MB (  6%) committed. 

Chunk freelists:
   Non-Class:  9.49 MB
       Class:  7.89 MB
        Both:  17.38 MB

MaxMetaspaceSize: unlimited
CompressedClassSpaceSize: 1.00 GB
Initial GC threshold: 21.00 MB
Current GC threshold: 102.75 MB
CDS: off
MetaspaceReclaimPolicy: balanced
 - commit_granule_bytes: 65536.
 - commit_granule_words: 8192.
 - virtual_space_node_default_size: 8388608.
 - enlarge_chunks_in_place: 1.
 - new_chunks_are_fully_committed: 0.
 - uncommit_free_chunks: 1.
 - use_allocation_guard: 0.
 - handle_deallocations: 1.


Internal statistics:

num_allocs_failed_limit: 11.
num_arena_births: 1292.
num_arena_deaths: 728.
num_vsnodes_births: 2.
num_vsnodes_deaths: 0.
num_space_committed: 988.
num_space_uncommitted: 2.
num_chunks_returned_to_freelist: 961.
num_chunks_taken_from_freelist: 3639.
num_chunk_merges: 333.
num_chunk_splits: 2182.
num_chunks_enlarged: 1480.
num_inconsistent_stats: 0.

CodeCache: size=49152Kb used=24424Kb max_used=24424Kb free=24727Kb
 bounds [0x000001cfc1b50000, 0x000001cfc3330000, 0x000001cfc4b50000]
 total_blobs=13108 nmethods=12443 adapters=588
 compilation: enabled
              stopped_count=0, restarted_count=0
 full_count=0

Compilation events (20 events):
Event: 161078.013 Thread 0x000001cfca5e34f0 12644       1       java.lang.ClassLoader::nameAndId (86 bytes)
Event: 161078.016 Thread 0x000001cfca5e34f0 nmethod 12644 0x000001cfc3325d10 code [0x000001cfc3325f80, 0x000001cfc33265e8]
Event: 161079.318 Thread 0x000001cfca5e34f0 12645       1       org.eclipse.jdt.internal.compiler.lookup.ParameterizedTypeBinding::collectMissingTypes (82 bytes)
Event: 161079.321 Thread 0x000001cfca5e34f0 nmethod 12645 0x000001cfc3326910 code [0x000001cfc3326ae0, 0x000001cfc3326d78]
Event: 161112.251 Thread 0x000001cfca5e34f0 12646       1       com.google.gson.internal.bind.TypeAdapters$24::write (10 bytes)
Event: 161112.252 Thread 0x000001cfca5e34f0 nmethod 12646 0x000001cfc3326f90 code [0x000001cfc3327140, 0x000001cfc33272b8]
Event: 161112.252 Thread 0x000001cfca5e34f0 12647       1       com.google.gson.internal.bind.TypeAdapters$24::write (18 bytes)
Event: 161112.252 Thread 0x000001cfca5e34f0 nmethod 12647 0x000001cfc3327410 code [0x000001cfc33275c0, 0x000001cfc3327718]
Event: 166596.623 Thread 0x000001cfca5e34f0 12648       1       java.nio.Bits::tryReserveMemory (52 bytes)
Event: 166596.628 Thread 0x000001cfca5e34f0 nmethod 12648 0x000001cfc3327810 code [0x000001cfc33279a0, 0x000001cfc3327b58]
Event: 166596.628 Thread 0x000001cfca5e34f0 12649       1       java.nio.DirectByteBuffer$Deallocator::<init> (41 bytes)
Event: 166596.629 Thread 0x000001cfca5e34f0 nmethod 12649 0x000001cfc3327c10 code [0x000001cfc3327da0, 0x000001cfc3327e78]
Event: 166596.669 Thread 0x000001cfca5e34f0 12650   !   1       jdk.internal.ref.Cleaner::clean (35 bytes)
Event: 166596.674 Thread 0x000001cfca5e34f0 nmethod 12650 0x000001cfc3327f10 code [0x000001cfc3328100, 0x000001cfc3328348]
Event: 166596.674 Thread 0x000001cfca5e34f0 12651       1       java.nio.DirectByteBuffer$Deallocator::run (38 bytes)
Event: 166596.674 Thread 0x000001cfca5e34f0 nmethod 12651 0x000001cfc3328490 code [0x000001cfc3328640, 0x000001cfc3328828]
Event: 166596.674 Thread 0x000001cfca5e34f0 12652       1       java.nio.Bits::unreserveMemory (64 bytes)
Event: 166596.675 Thread 0x000001cfca5e34f0 nmethod 12652 0x000001cfc3328910 code [0x000001cfc3328aa0, 0x000001cfc3328b98]
Event: 168654.538 Thread 0x000001cfca5e34f0 12653       1       com.google.common.cache.LocalCache$Segment::removeEntry (139 bytes)
Event: 168654.565 Thread 0x000001cfca5e34f0 nmethod 12653 0x000001cfc3328c10 code [0x000001cfc3328f00, 0x000001cfc3329a38]

GC Heap History (20 events):
Event: 178267.485 GC heap after
{Heap after GC invocations=6548 (full 6177):
 garbage-first heap   total 252928K, used 88236K [0x00000000c0000000, 0x0000000100000000)
  region size 1024K, 0 young (0K), 0 survivors (0K)
 Metaspace       used 62667K, committed 63168K, reserved 1114112K
  class space    used 7939K, committed 8128K, reserved 1048576K
}
Event: 178277.788 GC heap before
{Heap before GC invocations=6548 (full 6177):
 garbage-first heap   total 252928K, used 88236K [0x00000000c0000000, 0x0000000100000000)
  region size 1024K, 1 young (1024K), 0 survivors (0K)
 Metaspace       used 62667K, committed 63168K, reserved 1114112K
  class space    used 7939K, committed 8128K, reserved 1048576K
}
Event: 178277.886 GC heap after
{Heap after GC invocations=6549 (full 6178):
 garbage-first heap   total 252928K, used 88236K [0x00000000c0000000, 0x0000000100000000)
  region size 1024K, 0 young (0K), 0 survivors (0K)
 Metaspace       used 62667K, committed 63168K, reserved 1114112K
  class space    used 7939K, committed 8128K, reserved 1048576K
}
Event: 178288.293 GC heap before
{Heap before GC invocations=6549 (full 6178):
 garbage-first heap   total 252928K, used 88236K [0x00000000c0000000, 0x0000000100000000)
  region size 1024K, 1 young (1024K), 0 survivors (0K)
 Metaspace       used 62667K, committed 63168K, reserved 1114112K
  class space    used 7939K, committed 8128K, reserved 1048576K
}
Event: 178288.403 GC heap after
{Heap after GC invocations=6550 (full 6179):
 garbage-first heap   total 252928K, used 88236K [0x00000000c0000000, 0x0000000100000000)
  region size 1024K, 0 young (0K), 0 survivors (0K)
 Metaspace       used 62667K, committed 63168K, reserved 1114112K
  class space    used 7939K, committed 8128K, reserved 1048576K
}
Event: 178298.766 GC heap before
{Heap before GC invocations=6550 (full 6179):
 garbage-first heap   total 252928K, used 88236K [0x00000000c0000000, 0x0000000100000000)
  region size 1024K, 1 young (1024K), 0 survivors (0K)
 Metaspace       used 62667K, committed 63168K, reserved 1114112K
  class space    used 7939K, committed 8128K, reserved 1048576K
}
Event: 178298.866 GC heap after
{Heap after GC invocations=6551 (full 6180):
 garbage-first heap   total 252928K, used 88236K [0x00000000c0000000, 0x0000000100000000)
  region size 1024K, 0 young (0K), 0 survivors (0K)
 Metaspace       used 62667K, committed 63168K, reserved 1114112K
  class space    used 7939K, committed 8128K, reserved 1048576K
}
Event: 178309.197 GC heap before
{Heap before GC invocations=6551 (full 6180):
 garbage-first heap   total 252928K, used 88236K [0x00000000c0000000, 0x0000000100000000)
  region size 1024K, 1 young (1024K), 0 survivors (0K)
 Metaspace       used 62667K, committed 63168K, reserved 1114112K
  class space    used 7939K, committed 8128K, reserved 1048576K
}
Event: 178309.313 GC heap after
{Heap after GC invocations=6552 (full 6181):
 garbage-first heap   total 252928K, used 88236K [0x00000000c0000000, 0x0000000100000000)
  region size 1024K, 0 young (0K), 0 survivors (0K)
 Metaspace       used 62667K, committed 63168K, reserved 1114112K
  class space    used 7939K, committed 8128K, reserved 1048576K
}
Event: 178319.663 GC heap before
{Heap before GC invocations=6552 (full 6181):
 garbage-first heap   total 252928K, used 88236K [0x00000000c0000000, 0x0000000100000000)
  region size 1024K, 1 young (1024K), 0 survivors (0K)
 Metaspace       used 62667K, committed 63168K, reserved 1114112K
  class space    used 7939K, committed 8128K, reserved 1048576K
}
Event: 178319.751 GC heap after
{Heap after GC invocations=6553 (full 6182):
 garbage-first heap   total 252928K, used 88236K [0x00000000c0000000, 0x0000000100000000)
  region size 1024K, 0 young (0K), 0 survivors (0K)
 Metaspace       used 62667K, committed 63168K, reserved 1114112K
  class space    used 7939K, committed 8128K, reserved 1048576K
}
Event: 178330.109 GC heap before
{Heap before GC invocations=6553 (full 6182):
 garbage-first heap   total 252928K, used 88236K [0x00000000c0000000, 0x0000000100000000)
  region size 1024K, 1 young (1024K), 0 survivors (0K)
 Metaspace       used 62667K, committed 63168K, reserved 1114112K
  class space    used 7939K, committed 8128K, reserved 1048576K
}
Event: 178330.198 GC heap after
{Heap after GC invocations=6554 (full 6183):
 garbage-first heap   total 252928K, used 88236K [0x00000000c0000000, 0x0000000100000000)
  region size 1024K, 0 young (0K), 0 survivors (0K)
 Metaspace       used 62667K, committed 63168K, reserved 1114112K
  class space    used 7939K, committed 8128K, reserved 1048576K
}
Event: 178340.531 GC heap before
{Heap before GC invocations=6554 (full 6183):
 garbage-first heap   total 252928K, used 88236K [0x00000000c0000000, 0x0000000100000000)
  region size 1024K, 1 young (1024K), 0 survivors (0K)
 Metaspace       used 62667K, committed 63168K, reserved 1114112K
  class space    used 7939K, committed 8128K, reserved 1048576K
}
Event: 178340.629 GC heap after
{Heap after GC invocations=6555 (full 6184):
 garbage-first heap   total 252928K, used 88236K [0x00000000c0000000, 0x0000000100000000)
  region size 1024K, 0 young (0K), 0 survivors (0K)
 Metaspace       used 62667K, committed 63168K, reserved 1114112K
  class space    used 7939K, committed 8128K, reserved 1048576K
}
Event: 178351.018 GC heap before
{Heap before GC invocations=6555 (full 6184):
 garbage-first heap   total 252928K, used 88236K [0x00000000c0000000, 0x0000000100000000)
  region size 1024K, 1 young (1024K), 0 survivors (0K)
 Metaspace       used 62667K, committed 63168K, reserved 1114112K
  class space    used 7939K, committed 8128K, reserved 1048576K
}
Event: 178351.115 GC heap after
{Heap after GC invocations=6556 (full 6185):
 garbage-first heap   total 252928K, used 88236K [0x00000000c0000000, 0x0000000100000000)
  region size 1024K, 0 young (0K), 0 survivors (0K)
 Metaspace       used 62667K, committed 63168K, reserved 1114112K
  class space    used 7939K, committed 8128K, reserved 1048576K
}
Event: 178361.521 GC heap before
{Heap before GC invocations=6556 (full 6185):
 garbage-first heap   total 252928K, used 88236K [0x00000000c0000000, 0x0000000100000000)
  region size 1024K, 1 young (1024K), 0 survivors (0K)
 Metaspace       used 62667K, committed 63168K, reserved 1114112K
  class space    used 7939K, committed 8128K, reserved 1048576K
}
Event: 178361.626 GC heap after
{Heap after GC invocations=6557 (full 6186):
 garbage-first heap   total 252928K, used 88236K [0x00000000c0000000, 0x0000000100000000)
  region size 1024K, 0 young (0K), 0 survivors (0K)
 Metaspace       used 62667K, committed 63168K, reserved 1114112K
  class space    used 7939K, committed 8128K, reserved 1048576K
}
Event: 178371.985 GC heap before
{Heap before GC invocations=6557 (full 6186):
 garbage-first heap   total 252928K, used 88236K [0x00000000c0000000, 0x0000000100000000)
  region size 1024K, 1 young (1024K), 0 survivors (0K)
 Metaspace       used 62667K, committed 63168K, reserved 1114112K
  class space    used 7939K, committed 8128K, reserved 1048576K
}

Dll operation events (10 events):
Event: 0.055 Loaded shared library c:\Users\d.ngantchou\.vscode\extensions\redhat.java-1.34.0-win32-x64\jre\17.0.12-win32-x86_64\bin\java.dll
Event: 0.849 Loaded shared library C:\Users\d.ngantchou\.vscode\extensions\redhat.java-1.34.0-win32-x64\jre\17.0.12-win32-x86_64\bin\net.dll
Event: 0.853 Loaded shared library C:\Users\d.ngantchou\.vscode\extensions\redhat.java-1.34.0-win32-x64\jre\17.0.12-win32-x86_64\bin\nio.dll
Event: 0.875 Loaded shared library C:\Users\d.ngantchou\.vscode\extensions\redhat.java-1.34.0-win32-x64\jre\17.0.12-win32-x86_64\bin\zip.dll
Event: 35.404 Loaded shared library C:\Users\d.ngantchou\.vscode\extensions\redhat.java-1.34.0-win32-x64\jre\17.0.12-win32-x86_64\bin\jimage.dll
Event: 39.714 Loaded shared library c:\Users\d.ngantchou\.vscode\extensions\redhat.java-1.34.0-win32-x64\jre\17.0.12-win32-x86_64\bin\verify.dll
Event: 47.681 Loaded shared library C:\Users\d.ngantchou\.vscode\extensions\redhat.java-1.34.0-win32-x64\jre\17.0.12-win32-x86_64\bin\management.dll
Event: 47.689 Loaded shared library C:\Users\d.ngantchou\.vscode\extensions\redhat.java-1.34.0-win32-x64\jre\17.0.12-win32-x86_64\bin\management_ext.dll
Event: 140.684 Loaded shared library C:\Users\d.ngantchou\.vscode\extensions\redhat.java-1.34.0-win32-x64\jre\17.0.12-win32-x86_64\bin\sunmscapi.dll
Event: 141.854 Loaded shared library C:\Users\d.ngantchou\.vscode\extensions\redhat.java-1.34.0-win32-x64\jre\17.0.12-win32-x86_64\bin\extnet.dll

Deoptimization events (20 events):
Event: 736.114 Thread 0x000001cfd0a5a4f0 DEOPT PACKING pc=0x000001cfc1e47e1d sp=0x00000001df3fdfe0
Event: 736.114 Thread 0x000001cfd0a5a4f0 DEOPT UNPACKING pc=0x000001cfc1baace3 sp=0x00000001df3fd580 mode 0
Event: 773.184 Thread 0x000001cfd0448fa0 DEOPT PACKING pc=0x000001cfc250f70c sp=0x00000001e3bfe0f0
Event: 773.184 Thread 0x000001cfd0448fa0 DEOPT UNPACKING pc=0x000001cfc1baace3 sp=0x00000001e3bfd658 mode 0
Event: 773.184 Thread 0x000001cfd0448fa0 DEOPT PACKING pc=0x000001cfc251404c sp=0x00000001e3bfe220
Event: 773.184 Thread 0x000001cfd0448fa0 DEOPT UNPACKING pc=0x000001cfc1baace3 sp=0x00000001e3bfd700 mode 0
Event: 773.184 Thread 0x000001cfd0448fa0 DEOPT PACKING pc=0x000001cfc250f70c sp=0x00000001e3bfe350
Event: 773.184 Thread 0x000001cfd0448fa0 DEOPT UNPACKING pc=0x000001cfc1baace3 sp=0x00000001e3bfd8b8 mode 0
Event: 773.184 Thread 0x000001cfd0448fa0 DEOPT PACKING pc=0x000001cfc251404c sp=0x00000001e3bfe480
Event: 773.184 Thread 0x000001cfd0448fa0 DEOPT UNPACKING pc=0x000001cfc1baace3 sp=0x00000001e3bfd978 mode 0
Event: 773.188 Thread 0x000001cfd0448fa0 DEOPT PACKING pc=0x000001cfc250f70c sp=0x00000001e3bfe7f0
Event: 773.189 Thread 0x000001cfd0448fa0 DEOPT UNPACKING pc=0x000001cfc1baace3 sp=0x00000001e3bfdd58 mode 0
Event: 773.189 Thread 0x000001cfd0448fa0 DEOPT PACKING pc=0x000001cfc251404c sp=0x00000001e3bfe920
Event: 773.189 Thread 0x000001cfd0448fa0 DEOPT UNPACKING pc=0x000001cfc1baace3 sp=0x00000001e3bfde18 mode 0
Event: 1826.124 Thread 0x000001cfd0a59fe0 DEOPT PACKING pc=0x000001cfc2872a6c sp=0x00000001dd9fe680
Event: 1826.124 Thread 0x000001cfd0a59fe0 DEOPT UNPACKING pc=0x000001cfc1baace3 sp=0x00000001dd9fdca8 mode 0
Event: 8605.443 Thread 0x000001cfd0a595c0 DEOPT PACKING pc=0x000001cfc204c052 sp=0x00000001deffd6a0
Event: 8605.444 Thread 0x000001cfd0a595c0 DEOPT UNPACKING pc=0x000001cfc1baace3 sp=0x00000001deffcba8 mode 3
Event: 106703.875 Thread 0x000001cfd0448fa0 DEOPT PACKING pc=0x000001cfc26286d6 sp=0x00000001e3bfdd10
Event: 106703.875 Thread 0x000001cfd0448fa0 DEOPT UNPACKING pc=0x000001cfc1baace3 sp=0x00000001e3bfd2c0 mode 0

Classes loaded (20 events):
Event: 1376.368 Loading class java/util/concurrent/ConcurrentHashMap$TreeBin
Event: 1376.369 Loading class java/util/concurrent/ConcurrentHashMap$TreeBin done
Event: 1428.462 Loading class java/util/logging/LogRecord
Event: 1428.466 Loading class java/util/logging/LogRecord done
Event: 2680.099 Loading class java/util/Spliterators$IntArraySpliterator
Event: 2680.102 Loading class java/util/Spliterators$IntArraySpliterator done
Event: 2680.103 Loading class java/util/stream/Nodes$IntSpinedNodeBuilder
Event: 2680.104 Loading class java/util/stream/SpinedBuffer$OfInt
Event: 2680.106 Loading class java/util/stream/SpinedBuffer$OfPrimitive
Event: 2680.106 Loading class java/util/stream/SpinedBuffer$OfPrimitive done
Event: 2680.106 Loading class java/util/stream/SpinedBuffer$OfInt done
Event: 2680.106 Loading class java/util/stream/Nodes$IntSpinedNodeBuilder done
Event: 103794.080 Loading class java/util/concurrent/CompletableFuture$DelayedExecutor
Event: 103794.100 Loading class java/util/concurrent/CompletableFuture$DelayedExecutor done
Event: 103794.101 Loading class java/util/concurrent/CompletableFuture$TaskSubmitter
Event: 103794.108 Loading class java/util/concurrent/CompletableFuture$TaskSubmitter done
Event: 103794.108 Loading class java/util/concurrent/CompletableFuture$Delayer
Event: 103794.116 Loading class java/util/concurrent/CompletableFuture$Delayer done
Event: 103794.117 Loading class java/util/concurrent/CompletableFuture$Delayer$DaemonThreadFactory
Event: 103794.174 Loading class java/util/concurrent/CompletableFuture$Delayer$DaemonThreadFactory done

Classes unloaded (20 events):
Event: 109129.618 Thread 0x000001cfca46b790 Unloading class 0x0000000100818800 'jdk/internal/reflect/GeneratedConstructorAccessor113'
Event: 109129.618 Thread 0x000001cfca46b790 Unloading class 0x0000000100819c00 'jdk/internal/reflect/GeneratedMethodAccessor125'
Event: 109129.618 Thread 0x000001cfca46b790 Unloading class 0x0000000100819800 'jdk/internal/reflect/GeneratedConstructorAccessor112'
Event: 109129.618 Thread 0x000001cfca46b790 Unloading class 0x0000000100803c00 'jdk/internal/reflect/GeneratedMethodAccessor124'
Event: 109129.618 Thread 0x000001cfca46b790 Unloading class 0x0000000100808c00 'jdk/internal/reflect/GeneratedMethodAccessor123'
Event: 109129.618 Thread 0x000001cfca46b790 Unloading class 0x0000000100819000 'jdk/internal/reflect/GeneratedMethodAccessor122'
Event: 160082.991 Thread 0x000001cfca46b790 Unloading class 0x0000000100818c00 'jdk/internal/reflect/GeneratedMethodAccessor131'
Event: 160082.991 Thread 0x000001cfca46b790 Unloading class 0x0000000100818800 'jdk/internal/reflect/GeneratedConstructorAccessor116'
Event: 160082.991 Thread 0x000001cfca46b790 Unloading class 0x0000000100810400 'jdk/internal/reflect/GeneratedMethodAccessor130'
Event: 160082.991 Thread 0x000001cfca46b790 Unloading class 0x0000000100810000 'jdk/internal/reflect/GeneratedConstructorAccessor115'
Event: 160082.991 Thread 0x000001cfca46b790 Unloading class 0x0000000100819000 'jdk/internal/reflect/GeneratedMethodAccessor129'
Event: 160082.991 Thread 0x000001cfca46b790 Unloading class 0x0000000100808c00 'jdk/internal/reflect/GeneratedMethodAccessor128'
Event: 160082.992 Thread 0x000001cfca46b790 Unloading class 0x0000000100803c00 'jdk/internal/reflect/GeneratedMethodAccessor127'
Event: 161311.441 Thread 0x000001cfca46b790 Unloading class 0x0000000100810400 'jdk/internal/reflect/GeneratedMethodAccessor136'
Event: 161311.441 Thread 0x000001cfca46b790 Unloading class 0x0000000100810000 'jdk/internal/reflect/GeneratedConstructorAccessor118'
Event: 161311.441 Thread 0x000001cfca46b790 Unloading class 0x0000000100818c00 'jdk/internal/reflect/GeneratedMethodAccessor135'
Event: 161311.441 Thread 0x000001cfca46b790 Unloading class 0x0000000100818800 'jdk/internal/reflect/GeneratedConstructorAccessor117'
Event: 161311.441 Thread 0x000001cfca46b790 Unloading class 0x0000000100803c00 'jdk/internal/reflect/GeneratedMethodAccessor134'
Event: 161311.441 Thread 0x000001cfca46b790 Unloading class 0x0000000100808c00 'jdk/internal/reflect/GeneratedMethodAccessor133'
Event: 161311.441 Thread 0x000001cfca46b790 Unloading class 0x0000000100819000 'jdk/internal/reflect/GeneratedMethodAccessor132'

Classes redefined (0 events):
No events

Internal exceptions (20 events):
Event: 106319.716 Thread 0x000001cfd0a553f0 Exception <a 'java/lang/NullPointerException'{0x00000000c8a12df0}> (0x00000000c8a12df0) 
thrown [s\src\hotspot\share\interpreter\linkResolver.cpp, line 1350]
Event: 106671.421 Thread 0x000001cfd0448fa0 Exception <a 'sun/nio/fs/WindowsException'{0x00000000cbffdfd0}> (0x00000000cbffdfd0) 
thrown [s\src\hotspot\share\prims\jni.cpp, line 516]
Event: 106671.431 Thread 0x000001cfd0448fa0 Exception <a 'sun/nio/fs/WindowsException'{0x00000000cbffea30}> (0x00000000cbffea30) 
thrown [s\src\hotspot\share\prims\jni.cpp, line 516]
Event: 106671.431 Thread 0x000001cfd0448fa0 Exception <a 'sun/nio/fs/WindowsException'{0x00000000cbfff4d0}> (0x00000000cbfff4d0) 
thrown [s\src\hotspot\share\prims\jni.cpp, line 516]
Event: 106671.432 Thread 0x000001cfd0448fa0 Exception <a 'sun/nio/fs/WindowsException'{0x00000000cbffff30}> (0x00000000cbffff30) 
thrown [s\src\hotspot\share\prims\jni.cpp, line 516]
Event: 106671.432 Thread 0x000001cfd0448fa0 Exception <a 'sun/nio/fs/WindowsException'{0x00000000cbe00be0}> (0x00000000cbe00be0) 
thrown [s\src\hotspot\share\prims\jni.cpp, line 516]
Event: 106671.432 Thread 0x000001cfd0448fa0 Exception <a 'sun/nio/fs/WindowsException'{0x00000000cbe01820}> (0x00000000cbe01820) 
thrown [s\src\hotspot\share\prims\jni.cpp, line 516]
Event: 107690.157 Thread 0x000001cfd0a53fb0 Implicit null exception at 0x000001cfc2cc4e37 to 0x000001cfc2cc4f5a
Event: 107690.159 Thread 0x000001cfd0a53fb0 Exception <a 'java/lang/NullPointerException'{0x00000000cf8a41c0}> (0x00000000cf8a41c0) 
thrown [s\src\hotspot\share\runtime\sharedRuntime.cpp, line 631]
Event: 108851.722 Thread 0x000001cfd0a53aa0 Implicit null exception at 0x000001cfc2abe6ca to 0x000001cfc2abece4
Event: 108851.722 Thread 0x000001cfd0a53aa0 Exception <a 'java/lang/NullPointerException'{0x00000000ce560040}> (0x00000000ce560040) 
thrown [s\src\hotspot\share\runtime\sharedRuntime.cpp, line 631]
Event: 108851.959 Thread 0x000001cfd044a8f0 Implicit null exception at 0x000001cfc2abe6ca to 0x000001cfc2abece4
Event: 108851.963 Thread 0x000001cfd044a8f0 Exception <a 'java/lang/NullPointerException'{0x00000000ce4109b8}> (0x00000000ce4109b8) 
thrown [s\src\hotspot\share\runtime\sharedRuntime.cpp, line 631]
Event: 108852.242 Thread 0x000001cfd0a53aa0 Implicit null exception at 0x000001cfc2abe6ca to 0x000001cfc2abece4
Event: 108852.242 Thread 0x000001cfd0a53aa0 Exception <a 'java/lang/NullPointerException'{0x00000000ce59f328}> (0x00000000ce59f328) 
thrown [s\src\hotspot\share\runtime\sharedRuntime.cpp, line 631]
Event: 108853.763 Thread 0x000001cfd0a53aa0 Implicit null exception at 0x000001cfc2abe6ca to 0x000001cfc2abece4
Event: 108853.763 Thread 0x000001cfd0a53aa0 Exception <a 'java/lang/NullPointerException'{0x00000000ce448f30}> (0x00000000ce448f30) 
thrown [s\src\hotspot\share\runtime\sharedRuntime.cpp, line 631]
Event: 108986.014 Thread 0x000001cfd0a53aa0 Exception <a 'java/lang/NullPointerException'{0x00000000cdc28530}> (0x00000000cdc28530) 
thrown [s\src\hotspot\share\interpreter\linkResolver.cpp, line 1350]
Event: 109485.999 Thread 0x000001cfd0a56830 Exception <a 'java/lang/NullPointerException'{0x00000000cd1bc7a8}> (0x00000000cd1bc7a8) 
thrown [s\src\hotspot\share\interpreter\linkResolver.cpp, line 1350]
Event: 161029.168 Thread 0x000001cfcf9f3470 Exception <a 'java/lang/NullPointerException'{0x00000000c8274590}> (0x00000000c8274590) 
thrown [s\src\hotspot\share\interpreter\linkResolver.cpp, line 1350]

VM Operations (20 events):
Event: 178267.485 Executing VM operation: G1CollectFull done
Event: 178277.788 Executing VM operation: G1CollectFull
Event: 178277.886 Executing VM operation: G1CollectFull done
Event: 178288.293 Executing VM operation: G1CollectFull
Event: 178288.403 Executing VM operation: G1CollectFull done
Event: 178298.766 Executing VM operation: G1CollectFull
Event: 178298.866 Executing VM operation: G1CollectFull done
Event: 178309.197 Executing VM operation: G1CollectFull
Event: 178309.313 Executing VM operation: G1CollectFull done
Event: 178319.662 Executing VM operation: G1CollectFull
Event: 178319.751 Executing VM operation: G1CollectFull done
Event: 178330.109 Executing VM operation: G1CollectFull
Event: 178330.198 Executing VM operation: G1CollectFull done
Event: 178340.531 Executing VM operation: G1CollectFull
Event: 178340.629 Executing VM operation: G1CollectFull done
Event: 178351.018 Executing VM operation: G1CollectFull
Event: 178351.115 Executing VM operation: G1CollectFull done
Event: 178361.521 Executing VM operation: G1CollectFull
Event: 178361.626 Executing VM operation: G1CollectFull done
Event: 178371.984 Executing VM operation: G1CollectFull

Events (20 events):
Event: 169885.375 Thread 0x000001cfd0c03590 Thread added: 0x000001cfd0c03590
Event: 169945.429 Thread 0x000001cfd0c03590 Thread exited: 0x000001cfd0c03590
Event: 171023.028 Thread 0x000001cfd127ffe0 Thread added: 0x000001cfd127ffe0
Event: 171083.075 Thread 0x000001cfd127ffe0 Thread exited: 0x000001cfd127ffe0
Event: 172456.638 Thread 0x000001cfd0a53aa0 Thread added: 0x000001cfd0a53aa0
Event: 172456.639 Thread 0x000001cfd1280f10 Thread added: 0x000001cfd1280f10
Event: 172456.663 Thread 0x000001cfd126f590 Thread added: 0x000001cfd126f590
Event: 172456.729 Thread 0x000001cfd0a58ba0 Thread added: 0x000001cfd0a58ba0
Event: 172456.875 Thread 0x000001cfd0a56830 Thread added: 0x000001cfd0a56830
Event: 172456.875 Thread 0x000001cfd1280a00 Thread added: 0x000001cfd1280a00
Event: 172456.909 Thread 0x000001cfd0a53fb0 Thread added: 0x000001cfd0a53fb0
Event: 172456.909 Thread 0x000001cfd1281930 Thread added: 0x000001cfd1281930
Event: 172517.024 Thread 0x000001cfd0a58ba0 Thread exited: 0x000001cfd0a58ba0
Event: 172517.025 Thread 0x000001cfd126f590 Thread exited: 0x000001cfd126f590
Event: 172517.055 Thread 0x000001cfd0a53fb0 Thread exited: 0x000001cfd0a53fb0
Event: 172517.101 Thread 0x000001cfd0a56830 Thread exited: 0x000001cfd0a56830
Event: 172517.132 Thread 0x000001cfd1280f10 Thread exited: 0x000001cfd1280f10
Event: 172517.799 Thread 0x000001cfd0a53aa0 Thread exited: 0x000001cfd0a53aa0
Event: 172529.892 Thread 0x000001cfd1280a00 Thread exited: 0x000001cfd1280a00
Event: 172577.802 Thread 0x000001cfd1281930 Thread exited: 0x000001cfd1281930


Dynamic libraries:
0x00007ff71a610000 - 0x00007ff71a61e000 	c:\Users\d.ngantchou\.vscode\extensions\redhat.java-1.34.0-win32-x64\jre\17.0.12-win32-x86_64\bin\java.exe
0x00007ff8f59b0000 - 0x00007ff8f5ba8000 	C:\Windows\SYSTEM32\ntdll.dll
0x00007ff8f3f70000 - 0x00007ff8f4031000 	C:\Windows\System32\KERNEL32.DLL
0x00007ff8f3100000 - 0x00007ff8f33fd000 	C:\Windows\System32\KERNELBASE.dll
0x00007ff8f3530000 - 0x00007ff8f3630000 	C:\Windows\System32\ucrtbase.dll
0x00007ff8c04f0000 - 0x00007ff8c0507000 	c:\Users\d.ngantchou\.vscode\extensions\redhat.java-1.34.0-win32-x64\jre\17.0.12-win32-x86_64\bin\jli.dll
0x00007ff8c7fc0000 - 0x00007ff8c7fdb000 	c:\Users\d.ngantchou\.vscode\extensions\redhat.java-1.34.0-win32-x64\jre\17.0.12-win32-x86_64\bin\VCRUNTIME140.dll
0x00007ff8f3ac0000 - 0x00007ff8f3c5d000 	C:\Windows\System32\USER32.dll
0x00007ff8d90f0000 - 0x00007ff8d938a000 	C:\Windows\WinSxS\amd64_microsoft.windows.common-controls_6595b64144ccf1df_6.0.19041.4355_none_60b8b9eb71f62e16\COMCTL32.dll
0x00007ff8f4de0000 - 0x00007ff8f4e7e000 	C:\Windows\System32\msvcrt.dll
0x00007ff8f4280000 - 0x00007ff8f42ab000 	C:\Windows\System32\GDI32.dll
0x00007ff8f38c0000 - 0x00007ff8f39d7000 	C:\Windows\System32\gdi32full.dll
0x00007ff8f3060000 - 0x00007ff8f30fd000 	C:\Windows\System32\msvcp_win.dll
0x00007ff8f3890000 - 0x00007ff8f38b2000 	C:\Windows\System32\win32u.dll
0x00007ff8f3ed0000 - 0x00007ff8f3eff000 	C:\Windows\System32\IMM32.DLL
0x00007ff8e97f0000 - 0x00007ff8e97fc000 	c:\Users\d.ngantchou\.vscode\extensions\redhat.java-1.34.0-win32-x64\jre\17.0.12-win32-x86_64\bin\vcruntime140_1.dll
0x00007ff8af8c0000 - 0x00007ff8af94d000 	c:\Users\d.ngantchou\.vscode\extensions\redhat.java-1.34.0-win32-x64\jre\17.0.12-win32-x86_64\bin\msvcp140.dll
0x00007ff875f60000 - 0x00007ff876bca000 	c:\Users\d.ngantchou\.vscode\extensions\redhat.java-1.34.0-win32-x64\jre\17.0.12-win32-x86_64\bin\server\jvm.dll
0x00007ff8f4730000 - 0x00007ff8f47e0000 	C:\Windows\System32\ADVAPI32.dll
0x00007ff8f4860000 - 0x00007ff8f4900000 	C:\Windows\System32\sechost.dll
0x00007ff8f56a0000 - 0x00007ff8f57c3000 	C:\Windows\System32\RPCRT4.dll
0x00007ff8f3450000 - 0x00007ff8f3477000 	C:\Windows\System32\bcrypt.dll
0x00007ff8f3f00000 - 0x00007ff8f3f6b000 	C:\Windows\System32\WS2_32.dll
0x00007ff8f29a0000 - 0x00007ff8f29eb000 	C:\Windows\SYSTEM32\POWRPROF.dll
0x00007ff8de780000 - 0x00007ff8de7a7000 	C:\Windows\SYSTEM32\WINMM.dll
0x00007ff8e9460000 - 0x00007ff8e946a000 	C:\Windows\SYSTEM32\VERSION.dll
0x00007ff8f2980000 - 0x00007ff8f2992000 	C:\Windows\SYSTEM32\UMPDC.dll
0x00007ff8f18a0000 - 0x00007ff8f18b2000 	C:\Windows\SYSTEM32\kernel.appcore.dll
0x00007ff8e9140000 - 0x00007ff8e914a000 	c:\Users\d.ngantchou\.vscode\extensions\redhat.java-1.34.0-win32-x64\jre\17.0.12-win32-x86_64\bin\jimage.dll
0x00007ff8f1280000 - 0x00007ff8f1464000 	C:\Windows\SYSTEM32\DBGHELP.DLL
0x00007ff8e5e30000 - 0x00007ff8e5e64000 	C:\Windows\SYSTEM32\dbgcore.DLL
0x00007ff8f3630000 - 0x00007ff8f36b2000 	C:\Windows\System32\bcryptPrimitives.dll
0x00007ff8b5a40000 - 0x00007ff8b5a65000 	c:\Users\d.ngantchou\.vscode\extensions\redhat.java-1.34.0-win32-x64\jre\17.0.12-win32-x86_64\bin\java.dll
0x00007ff8c0110000 - 0x00007ff8c0128000 	c:\Users\d.ngantchou\.vscode\extensions\redhat.java-1.34.0-win32-x64\jre\17.0.12-win32-x86_64\bin\zip.dll
0x00007ff8f4f30000 - 0x00007ff8f569f000 	C:\Windows\System32\SHELL32.dll
0x00007ff8f0920000 - 0x00007ff8f10c3000 	C:\Windows\SYSTEM32\windows.storage.dll
0x00007ff8f4910000 - 0x00007ff8f4c63000 	C:\Windows\System32\combase.dll
0x00007ff8f2940000 - 0x00007ff8f296e000 	C:\Windows\SYSTEM32\Wldp.dll
0x00007ff8f3cc0000 - 0x00007ff8f3d8d000 	C:\Windows\System32\OLEAUT32.dll
0x00007ff8f4cd0000 - 0x00007ff8f4d7d000 	C:\Windows\System32\SHCORE.dll
0x00007ff8f3c60000 - 0x00007ff8f3cb5000 	C:\Windows\System32\shlwapi.dll
0x00007ff8f2f90000 - 0x00007ff8f2fb4000 	C:\Windows\SYSTEM32\profapi.dll
0x00007ff8bff50000 - 0x00007ff8bff69000 	C:\Users\d.ngantchou\.vscode\extensions\redhat.java-1.34.0-win32-x64\jre\17.0.12-win32-x86_64\bin\net.dll
0x00007ff8f1f80000 - 0x00007ff8f208d000 	C:\Windows\SYSTEM32\WINHTTP.dll
0x00007ff8f2720000 - 0x00007ff8f278a000 	C:\Windows\system32\mswsock.dll
0x00007ff8bf750000 - 0x00007ff8bf766000 	C:\Users\d.ngantchou\.vscode\extensions\redhat.java-1.34.0-win32-x64\jre\17.0.12-win32-x86_64\bin\nio.dll
0x00007ff8e8810000 - 0x00007ff8e8820000 	c:\Users\d.ngantchou\.vscode\extensions\redhat.java-1.34.0-win32-x64\jre\17.0.12-win32-x86_64\bin\verify.dll
0x00007ff8f29f0000 - 0x00007ff8f2a08000 	C:\Windows\SYSTEM32\CRYPTSP.dll
0x00007ff8f1ef0000 - 0x00007ff8f1f24000 	C:\Windows\system32\rsaenh.dll
0x00007ff8f2f50000 - 0x00007ff8f2f7e000 	C:\Windows\SYSTEM32\USERENV.dll
0x00007ff8f28b0000 - 0x00007ff8f28bc000 	C:\Windows\SYSTEM32\CRYPTBASE.dll
0x00007ff8f2420000 - 0x00007ff8f245b000 	C:\Windows\SYSTEM32\IPHLPAPI.DLL
0x00007ff8f42b0000 - 0x00007ff8f42b8000 	C:\Windows\System32\NSI.dll
0x00007ff8ec930000 - 0x00007ff8ec947000 	C:\Windows\SYSTEM32\dhcpcsvc6.DLL
0x00007ff8ec910000 - 0x00007ff8ec92d000 	C:\Windows\SYSTEM32\dhcpcsvc.DLL
0x00007ff8f2460000 - 0x00007ff8f252a000 	C:\Windows\SYSTEM32\DNSAPI.dll
0x00007ff8e6c70000 - 0x00007ff8e6c79000 	C:\Users\d.ngantchou\.vscode\extensions\redhat.java-1.34.0-win32-x64\jre\17.0.12-win32-x86_64\bin\management.dll
0x00007ff8e6260000 - 0x00007ff8e626b000 	C:\Users\d.ngantchou\.vscode\extensions\redhat.java-1.34.0-win32-x64\jre\17.0.12-win32-x86_64\bin\management_ext.dll
0x00007ff8f3d90000 - 0x00007ff8f3d98000 	C:\Windows\System32\PSAPI.DLL
0x00007ff8deb80000 - 0x00007ff8deb8e000 	C:\Users\d.ngantchou\.vscode\extensions\redhat.java-1.34.0-win32-x64\jre\17.0.12-win32-x86_64\bin\sunmscapi.dll
0x00007ff8f3730000 - 0x00007ff8f388c000 	C:\Windows\System32\CRYPT32.dll
0x00007ff8f2b00000 - 0x00007ff8f2b29000 	C:\Windows\SYSTEM32\ncrypt.dll
0x00007ff8f2ac0000 - 0x00007ff8f2afb000 	C:\Windows\SYSTEM32\NTASN1.dll
0x00007ff8c7470000 - 0x00007ff8c7477000 	C:\Windows\system32\wshunix.dll
0x00007ff8dca70000 - 0x00007ff8dca79000 	C:\Users\d.ngantchou\.vscode\extensions\redhat.java-1.34.0-win32-x64\jre\17.0.12-win32-x86_64\bin\extnet.dll
0x00007ff8e9d70000 - 0x00007ff8e9d7a000 	C:\Windows\System32\rasadhlp.dll
0x00007ff8ec950000 - 0x00007ff8ec9d0000 	C:\Windows\System32\fwpuclnt.dll

dbghelp: loaded successfully - version: 4.0.5 - missing functions: none
symbol engine: initialized successfully - sym options: 0x614 - pdb path: .;c:\Users\d.ngantchou\.vscode\extensions\redhat.java-1.34.0-win32-x64\jre\17.0.12-win32-x86_64\bin;C:\Windows\SYSTEM32;C:\Windows\WinSxS\amd64_microsoft.windows.common-controls_6595b64144ccf1df_6.0.19041.4355_none_60b8b9eb71f62e16;c:\Users\d.ngantchou\.vscode\extensions\redhat.java-1.34.0-win32-x64\jre\17.0.12-win32-x86_64\bin\server

VM Arguments:
jvm_args: -Xmx1024m -Dsts.lsp.client=vscode -Dsts.log.file=/dev/null -XX:TieredStopAtLevel=1 -Xlog:jni+resolve=off 
java_command: c:\Users\d.ngantchou\.vscode\extensions\vmware.vscode-spring-boot-1.57.0\language-server\spring-boot-language-server-1.57.0-SNAPSHOT-exec.jar
java_class_path (initial): c:\Users\d.ngantchou\.vscode\extensions\vmware.vscode-spring-boot-1.57.0\language-server\spring-boot-language-server-1.57.0-SNAPSHOT-exec.jar
Launcher Type: SUN_STANDARD

[Global flags]
     intx CICompilerCount                          = 4                                         {product} {ergonomic}
     uint ConcGCThreads                            = 2                                         {product} {ergonomic}
     uint G1ConcRefinementThreads                  = 8                                         {product} {ergonomic}
   size_t G1HeapRegionSize                         = 1048576                                   {product} {ergonomic}
    uintx GCDrainStackTargetSize                   = 64                                        {product} {ergonomic}
   size_t InitialHeapSize                          = 197132288                                 {product} {ergonomic}
   size_t MarkStackSize                            = 4194304                                   {product} {ergonomic}
   size_t MaxHeapSize                              = 1073741824                                {product} {command line}
   size_t MaxNewSize                               = 643825664                                 {product} {ergonomic}
   size_t MinHeapDeltaBytes                        = 1048576                                   {product} {ergonomic}
   size_t MinHeapSize                              = 8388608                                   {product} {ergonomic}
    uintx NonProfiledCodeHeapSize                  = 0                                      {pd product} {ergonomic}
     bool ProfileInterpreter                       = false                                  {pd product} {command line}
    uintx ProfiledCodeHeapSize                     = 0                                      {pd product} {ergonomic}
   size_t SoftMaxHeapSize                          = 1073741824                             {manageable} {ergonomic}
     intx TieredStopAtLevel                        = 1                                         {product} {command line}
     bool UseCompressedClassPointers               = true                           {product lp64_product} {ergonomic}
     bool UseCompressedOops                        = true                           {product lp64_product} {ergonomic}
     bool UseG1GC                                  = true                                      {product} {ergonomic}
     bool UseLargePagesIndividualAllocation        = false                                  {pd product} {ergonomic}

Logging:
Log output configuration:
 #0: stdout all=warning,jni+resolve=off uptime,level,tags
 #1: stderr all=off uptime,level,tags

Environment Variables:
JAVA_HOME=C:\Program Files\Java\jdk-17
PATH=D:\app\d.ngantchou\product\11.2.0\client_2\bin;C:\Program Files\Common Files\Oracle\Java\javapath;C:\Windows\system32;C:\Windows;C:\Windows\System32\Wbem;C:\Windows\System32\WindowsPowerShell\v1.0\;C:\Windows\System32\OpenSSH\;C:\Program Files\Git\cmd;C:\Program Files\nodejs\;C:\xampp\php;C:\composer;C:\Program Files\Java\jdk-17\bin;C:\xampp\mysql\bin;C:\Gradle\gradle-8.6\bin;C:\Program Files\Microsoft SQL Server\150\Tools\Binn\;C:\Program Files\Microsoft SQL Server\Client SDK\ODBC\170\Tools\Binn\;C:\Program Files\dotnet\;C:\instantclient_23_4;C:\Users\d.ngantchou\AppData\Local\Microsoft\WindowsApps;C:\Users\d.ngantchou\AppData\Local\Programs\Microsoft VS Code\bin;C:\Users\d.ngantchou\AppData\Roaming\npm;C:\Users\d.ngantchou\AppData\Roaming\Composer\vendor\bin;C:\Users\d.ngantchou\.dotnet\tools;C:\instantclient_23_4;C:\Users\d.ngantchou\flutter\bin
USERNAME=d.ngantchou
OS=Windows_NT
PROCESSOR_IDENTIFIER=Intel64 Family 6 Model 140 Stepping 1, GenuineIntel
TMP=C:\Users\D98E0~1.NGA\AppData\Local\Temp
TEMP=C:\Users\D98E0~1.NGA\AppData\Local\Temp



Periodic native trim disabled


---------------  S Y S T E M  ---------------

OS:
 Windows 10 , 64 bit Build 19041 (10.0.19041.4842)
OS uptime: 7 days 11:26 hours
Hyper-V role detected

CPU: total 8 (initial active 8) (4 cores per cpu, 2 threads per core) family 6 model 140 stepping 1 microcode 0xb6, cx8, cmov, fxsr, ht, mmx, 3dnowpref, sse, sse2, sse3, ssse3, sse4.1, sse4.2, popcnt, lzcnt, tsc, tscinvbit, avx, avx2, aes, erms, clmul, bmi1, bmi2, adx, avx512f, avx512dq, avx512cd, avx512bw, avx512vl, sha, fma, vzeroupper, avx512_vpopcntdq, avx512_vpclmulqdq, avx512_vaes, avx512_vnni, clflush, clflushopt, clwb, avx512_vbmi2, avx512_vbmi, hv
Processor Information for processor 0
  Max Mhz: 2419, Current Mhz: 2419, Mhz Limit: 2419
Processor Information for processor 1
  Max Mhz: 2419, Current Mhz: 1411, Mhz Limit: 2419
Processor Information for processor 2
  Max Mhz: 2419, Current Mhz: 1411, Mhz Limit: 2419
Processor Information for processor 3
  Max Mhz: 2419, Current Mhz: 2419, Mhz Limit: 2419
Processor Information for processor 4
  Max Mhz: 2419, Current Mhz: 2419, Mhz Limit: 2419
Processor Information for processor 5
  Max Mhz: 2419, Current Mhz: 1411, Mhz Limit: 2419
Processor Information for processor 6
  Max Mhz: 2419, Current Mhz: 2419, Mhz Limit: 2419
Processor Information for processor 7
  Max Mhz: 2419, Current Mhz: 1411, Mhz Limit: 2419

Memory: 4k page, system-wide physical 11968M (496M free)
TotalPageFile size 25904M (AvailPageFile size 13M)
current process WorkingSet (physical memory assigned to process): 131M, peak: 424M
current process commit charge ("private bytes"): 451M, peak: 745M

vm_info: OpenJDK 64-Bit Server VM (17.0.12+7) for windows-amd64 JRE (17.0.12+7), built on Jul 16 2024 22:08:24 by "admin" with MS VC++ 16.10 / 16.11 (VS2019)

END.
