#
# There is insufficient memory for the Java Runtime Environment to continue.
# Native memory allocation (malloc) failed to allocate 883216 bytes. Error detail: Chunk::new
# Possible reasons:
#   The system is out of physical RAM or swap space
#   This process is running with CompressedOops enabled, and the Java Heap may be blocking the growth of the native heap
# Possible solutions:
#   Reduce memory load on the system
#   Increase physical memory or swap space
#   Check if swap backing store is full
#   Decrease Java heap size (-Xmx/-Xms)
#   Decrease number of Java threads
#   Decrease Java thread stack sizes (-Xss)
#   Set larger code cache with -XX:ReservedCodeCacheSize=
#   JVM is running with Unscaled Compressed Oops mode in which the Java heap is
#     placed in the first 4GB address space. The Java Heap base address is the
#     maximum limit for the native heap growth. Please use -XX:HeapBaseMinAddress
#     to set the Java Heap base and to place the Java Heap above 4GB virtual address.
# This output file may be truncated or incomplete.
#
#  Out of Memory Error (arena.cpp:191), pid=10456, tid=22712
#
# JRE version: OpenJDK Runtime Environment Temurin-17.0.11+9 (17.0.11+9) (build 17.0.11+9)
# Java VM: OpenJDK 64-Bit Server VM Temurin-17.0.11+9 (17.0.11+9, mixed mode, tiered, compressed oops, compressed class ptrs, parallel gc, windows-amd64)
# No core dump will be written. Minidumps are not enabled by default on client versions of Windows
#

---------------  S U M M A R Y ------------

Command Line: --add-modules=ALL-SYSTEM --add-opens=java.base/java.util=ALL-UNNAMED --add-opens=java.base/java.lang=ALL-UNNAMED --add-opens=java.base/sun.nio.fs=ALL-UNNAMED -Declipse.application=org.eclipse.jdt.ls.core.id1 -Dosgi.bundles.defaultStartLevel=4 -Declipse.product=org.eclipse.jdt.ls.core.product -Djava.import.generatesMetadataFilesAtProjectRoot=false -DDetectVMInstallationsJob.disabled=true -Dfile.encoding=utf8 -XX:+UseParallelGC -XX:GCTimeRatio=4 -XX:AdaptiveSizePolicyWeight=90 -Dsun.zip.disableMemoryMapping=true -Xmx1G -Xms100m -Xlog:disable -javaagent:c:\Users\d.ngantchou\.vscode\extensions\redhat.java-1.31.0-win32-x64\lombok\lombok-1.18.32.jar -XX:+HeapDumpOnOutOfMemoryError -XX:HeapDumpPath=c:\Users\d.ngantchou\AppData\Roaming\Code\User\workspaceStorage\a36cf5bfe26e3b125d54e50f5ed0c1b0\redhat.java -Daether.dependencyCollector.impl=bf c:\Users\d.ngantchou\.vscode\extensions\redhat.java-1.31.0-win32-x64\server\plugins\org.eclipse.equinox.launcher_1.6.800.v20240513-1750.jar -configuration c:\Users\d.ngantchou\AppData\Roaming\Code\User\globalStorage\redhat.java\1.31.0\config_win -data c:\Users\d.ngantchou\AppData\Roaming\Code\User\workspaceStorage\a36cf5bfe26e3b125d54e50f5ed0c1b0\redhat.java\jdt_ws --pipe=\\.\pipe\lsp-c66027a1f014ce09c94de77e49dc8ec5-sock

Host: 11th Gen Intel(R) Core(TM) i5-1135G7 @ 2.40GHz, 8 cores, 11G,  Windows 10 , 64 bit Build 19041 (10.0.19041.3636)
Time: Mon Jun 24 19:34:16 2024 Afr. centrale Ouest elapsed time: 94.393980 seconds (0d 0h 1m 34s)

---------------  T H R E A D  ---------------

Current thread (0x000001ff5617b060):  JavaThread "C2 CompilerThread1" daemon [_thread_in_native, id=22712, stack(0x00000056c2b00000,0x00000056c2c00000)]


Current CompileTask:
C2:  94394 7477       4       jdk.internal.org.objectweb.asm.Frame::execute (2318 bytes)

Stack: [0x00000056c2b00000,0x00000056c2c00000]
Native frames: (J=compiled Java code, j=interpreted, Vv=VM code, C=native code)
V  [jvm.dll+0x67d429]
V  [jvm.dll+0x834b7a]
V  [jvm.dll+0x83663e]
V  [jvm.dll+0x836ca3]
V  [jvm.dll+0x247dbf]
V  [jvm.dll+0xac534]
V  [jvm.dll+0xacb7c]
V  [jvm.dll+0x3665f2]
V  [jvm.dll+0x1bd272]
V  [jvm.dll+0x21a5c9]
V  [jvm.dll+0x2198b1]
V  [jvm.dll+0x1a534d]
V  [jvm.dll+0x2295cd]
V  [jvm.dll+0x22779c]
V  [jvm.dll+0x7e9d07]
V  [jvm.dll+0x7e410a]
V  [jvm.dll+0x67c315]
C  [ucrtbase.dll+0x21bb2]
C  [KERNEL32.DLL+0x17344]
C  [ntdll.dll+0x4cc91]


---------------  P R O C E S S  ---------------

Threads class SMR info:
_java_thread_list=0x000001ff5a79cd80, length=41, elements={
0x000001ff3bd3ec50, 0x000001ff4fbc1760, 0x000001ff4fbc2320, 0x000001ff4fbcea80,
0x000001ff54d2f850, 0x000001ff54d30120, 0x000001ff54d309f0, 0x000001ff54d315f0,
0x000001ff54d97bd0, 0x000001ff54d9c8b0, 0x000001ff54e26100, 0x000001ff54fda1d0,
0x000001ff56825690, 0x000001ff56a00180, 0x000001ff56868460, 0x000001ff5605c410,
0x000001ff56ac8560, 0x000001ff563574a0, 0x000001ff56359300, 0x000001ff56356a80,
0x000001ff56357ec0, 0x000001ff56358df0, 0x000001ff56356060, 0x000001ff563579b0,
0x000001ff56356570, 0x000001ff56356f90, 0x000001ff5a3416f0, 0x000001ff5a33f380,
0x000001ff5a33df40, 0x000001ff5a342620, 0x000001ff5a33e960, 0x000001ff5a33ee70,
0x000001ff5a3411e0, 0x000001ff5a342b30, 0x000001ff5a33f890, 0x000001ff5a3407c0,
0x000001ff5a340cd0, 0x000001ff5a341c00, 0x000001ff5a343a60, 0x000001ff5a343040,
0x000001ff5617b060
}

Java Threads: ( => current thread )
  0x000001ff3bd3ec50 JavaThread "main" [_thread_blocked, id=1216, stack(0x00000056c2d00000,0x00000056c2e00000)]
  0x000001ff4fbc1760 JavaThread "Reference Handler" daemon [_thread_blocked, id=3008, stack(0x00000056c3000000,0x00000056c3100000)]
  0x000001ff4fbc2320 JavaThread "Finalizer" daemon [_thread_blocked, id=16028, stack(0x00000056c3100000,0x00000056c3200000)]
  0x000001ff4fbcea80 JavaThread "Signal Dispatcher" daemon [_thread_blocked, id=12792, stack(0x00000056c3200000,0x00000056c3300000)]
  0x000001ff54d2f850 JavaThread "Attach Listener" daemon [_thread_blocked, id=18180, stack(0x00000056c3300000,0x00000056c3400000)]
  0x000001ff54d30120 JavaThread "Service Thread" daemon [_thread_blocked, id=15392, stack(0x00000056c3400000,0x00000056c3500000)]
  0x000001ff54d309f0 JavaThread "Monitor Deflation Thread" daemon [_thread_blocked, id=22316, stack(0x00000056c3500000,0x00000056c3600000)]
  0x000001ff54d315f0 JavaThread "C2 CompilerThread0" daemon [_thread_blocked, id=10328, stack(0x00000056c3600000,0x00000056c3700000)]
  0x000001ff54d97bd0 JavaThread "C1 CompilerThread0" daemon [_thread_blocked, id=25980, stack(0x00000056c3700000,0x00000056c3800000)]
  0x000001ff54d9c8b0 JavaThread "Sweeper thread" daemon [_thread_blocked, id=12920, stack(0x00000056c3800000,0x00000056c3900000)]
  0x000001ff54e26100 JavaThread "Common-Cleaner" daemon [_thread_blocked, id=13760, stack(0x00000056c3900000,0x00000056c3a00000)]
  0x000001ff54fda1d0 JavaThread "Notification Thread" daemon [_thread_blocked, id=13328, stack(0x00000056c3a00000,0x00000056c3b00000)]
  0x000001ff56825690 JavaThread "Active Thread: Equinox Container: f8c17417-7c3e-4ad4-84ad-c9fb48a81231" [_thread_blocked, id=24516, stack(0x00000056c4200000,0x00000056c4300000)]
  0x000001ff56a00180 JavaThread "Framework Event Dispatcher: Equinox Container: f8c17417-7c3e-4ad4-84ad-c9fb48a81231" daemon [_thread_blocked, id=21552, stack(0x00000056c4400000,0x00000056c4500000)]
  0x000001ff56868460 JavaThread "Start Level: Equinox Container: f8c17417-7c3e-4ad4-84ad-c9fb48a81231" daemon [_thread_blocked, id=7292, stack(0x00000056c4500000,0x00000056c4600000)]
  0x000001ff5605c410 JavaThread "Bundle File Closer" daemon [_thread_blocked, id=13740, stack(0x00000056c4600000,0x00000056c4700000)]
  0x000001ff56ac8560 JavaThread "SCR Component Actor" daemon [_thread_blocked, id=17280, stack(0x00000056c4700000,0x00000056c4800000)]
  0x000001ff563574a0 JavaThread "Worker-JM" [_thread_blocked, id=3332, stack(0x00000056c4900000,0x00000056c4a00000)]
  0x000001ff56359300 JavaThread "Worker-0: Initialize Workspace" [_thread_blocked, id=2068, stack(0x00000056c4a00000,0x00000056c4b00000)]
  0x000001ff56356a80 JavaThread "Worker-1" [_thread_blocked, id=11356, stack(0x00000056c4b00000,0x00000056c4c00000)]
  0x000001ff56357ec0 JavaThread "Worker-2: Synchronize Gradle projects with workspace" [_thread_blocked, id=25716, stack(0x00000056c4d00000,0x00000056c4e00000)]
  0x000001ff56358df0 JavaThread "Java indexing" daemon [_thread_blocked, id=17784, stack(0x00000056c4800000,0x00000056c4900000)]
  0x000001ff56356060 JavaThread "JNA Cleaner" daemon [_thread_blocked, id=19356, stack(0x00000056c4e00000,0x00000056c4f00000)]
  0x000001ff563579b0 JavaThread "Thread-2" daemon [_thread_in_native, id=10432, stack(0x00000056c5100000,0x00000056c5200000)]
  0x000001ff56356570 JavaThread "Thread-3" daemon [_thread_in_native, id=6832, stack(0x00000056c5200000,0x00000056c5300000)]
  0x000001ff56356f90 JavaThread "Thread-4" daemon [_thread_in_native, id=23572, stack(0x00000056c5300000,0x00000056c5400000)]
  0x000001ff5a3416f0 JavaThread "Thread-5" daemon [_thread_in_native, id=7612, stack(0x00000056c5400000,0x00000056c5500000)]
  0x000001ff5a33f380 JavaThread "Thread-6" daemon [_thread_in_native, id=13908, stack(0x00000056c5500000,0x00000056c5600000)]
  0x000001ff5a33df40 JavaThread "Thread-7" daemon [_thread_in_native, id=18772, stack(0x00000056c5600000,0x00000056c5700000)]
  0x000001ff5a342620 JavaThread "Thread-8" daemon [_thread_in_native, id=12228, stack(0x00000056c5700000,0x00000056c5800000)]
  0x000001ff5a33e960 JavaThread "Thread-9" daemon [_thread_in_native, id=17952, stack(0x00000056c5800000,0x00000056c5900000)]
  0x000001ff5a33ee70 JavaThread "Thread-10" daemon [_thread_in_native, id=25636, stack(0x00000056c5900000,0x00000056c5a00000)]
  0x000001ff5a3411e0 JavaThread "pool-2-thread-1" [_thread_blocked, id=19544, stack(0x00000056c5a00000,0x00000056c5b00000)]
  0x000001ff5a342b30 JavaThread "WorkspaceEventsHandler" [_thread_blocked, id=10720, stack(0x00000056c5b00000,0x00000056c5c00000)]
  0x000001ff5a33f890 JavaThread "pool-1-thread-1" [_thread_blocked, id=2704, stack(0x00000056c5c00000,0x00000056c5d00000)]
  0x000001ff5a3407c0 JavaThread "Timer-0" [_thread_blocked, id=5368, stack(0x00000056c5d00000,0x00000056c5e00000)]
  0x000001ff5a340cd0 JavaThread "Timer-1" [_thread_blocked, id=23840, stack(0x00000056c5e00000,0x00000056c5f00000)]
  0x000001ff5a341c00 JavaThread "Connection worker" [_thread_in_Java, id=23088, stack(0x00000056c5f00000,0x00000056c6000000)]
  0x000001ff5a343a60 JavaThread "Worker-3" [_thread_blocked, id=18192, stack(0x00000056c6000000,0x00000056c6100000)]
  0x000001ff5a343040 JavaThread "pool-3-thread-1" [_thread_in_native, id=10916, stack(0x00000056c6300000,0x00000056c6400000)]
=>0x000001ff5617b060 JavaThread "C2 CompilerThread1" daemon [_thread_in_native, id=22712, stack(0x00000056c2b00000,0x00000056c2c00000)]

Other Threads:
  0x000001ff54d028c0 VMThread "VM Thread" [stack: 0x00000056c2f00000,0x00000056c3000000] [id=21276]
  0x000001ff55073500 WatcherThread [stack: 0x00000056c3b00000,0x00000056c3c00000] [id=18548]
  0x000001ff3bd539a0 GCTaskThread "GC Thread#0" [stack: 0x00000056c2e00000,0x00000056c2f00000] [id=14096]
  0x000001ff566a2ec0 GCTaskThread "GC Thread#1" [stack: 0x00000056c3c00000,0x00000056c3d00000] [id=2220]
  0x000001ff566a8c90 GCTaskThread "GC Thread#2" [stack: 0x00000056c3d00000,0x00000056c3e00000] [id=4924]
  0x000001ff565cb240 GCTaskThread "GC Thread#3" [stack: 0x00000056c3e00000,0x00000056c3f00000] [id=20372]
  0x000001ff565cb500 GCTaskThread "GC Thread#4" [stack: 0x00000056c3f00000,0x00000056c4000000] [id=21256]
  0x000001ff565cb7c0 GCTaskThread "GC Thread#5" [stack: 0x00000056c4000000,0x00000056c4100000] [id=21680]
  0x000001ff565cba80 GCTaskThread "GC Thread#6" [stack: 0x00000056c4100000,0x00000056c4200000] [id=18612]
  0x000001ff5632f8e0 GCTaskThread "GC Thread#7" [stack: 0x00000056c4300000,0x00000056c4400000] [id=17140]

Threads with active compile tasks:
C2 CompilerThread1    94441 7477       4       jdk.internal.org.objectweb.asm.Frame::execute (2318 bytes)

VM state: not at safepoint (normal execution)

VM Mutex/Monitor currently owned by a thread: None

Heap address: 0x00000000c0000000, size: 1024 MB, Compressed Oops mode: 32-bit

CDS archive(s) not mapped
Compressed class space mapped at: 0x0000000100000000-0x0000000140000000, reserved size: 1073741824
Narrow klass base: 0x0000000000000000, Narrow klass shift: 3, Narrow klass range: 0x140000000

GC Precious Log:
 CPUs: 8 total, 8 available
 Memory: 11968M
 Large Page Support: Disabled
 NUMA Support: Disabled
 Compressed Oops: Enabled (32-bit)
 Alignments: Space 512K, Generation 512K, Heap 2M
 Heap Min Capacity: 100M
 Heap Initial Capacity: 100M
 Heap Max Capacity: 1G
 Pre-touch: Disabled
 Parallel Workers: 8

Heap:
 PSYoungGen      total 5632K, used 3162K [0x00000000eab00000, 0x00000000eb700000, 0x0000000100000000)
  eden space 5120K, 56% used [0x00000000eab00000,0x00000000eadce8d0,0x00000000eb000000)
  from space 512K, 56% used [0x00000000eb680000,0x00000000eb6c8000,0x00000000eb700000)
  to   space 512K, 0% used [0x00000000eb600000,0x00000000eb600000,0x00000000eb680000)
 ParOldGen       total 99328K, used 74336K [0x00000000c0000000, 0x00000000c6100000, 0x00000000eab00000)
  object space 99328K, 74% used [0x00000000c0000000,0x00000000c4898060,0x00000000c6100000)
 Metaspace       used 62959K, committed 64000K, reserved 1114112K
  class space    used 7213K, committed 7616K, reserved 1048576K

Card table byte_map: [0x000001ff3b700000,0x000001ff3b910000] _byte_map_base: 0x000001ff3b100000

Marking Bits: (ParMarkBitMap*) 0x00007fff7e1ad820
 Begin Bits: [0x000001ff4d9d0000, 0x000001ff4e9d0000)
 End Bits:   [0x000001ff4e9d0000, 0x000001ff4f9d0000)

Polling page: 0x000001ff3b4f0000

Metaspace:

Usage:
  Non-class:     54.44 MB used.
      Class:      7.05 MB used.
       Both:     61.48 MB used.

Virtual space:
  Non-class space:       64.00 MB reserved,      55.06 MB ( 86%) committed,  1 nodes.
      Class space:        1.00 GB reserved,       7.44 MB ( <1%) committed,  1 nodes.
             Both:        1.06 GB reserved,      62.50 MB (  6%) committed. 

Chunk freelists:
   Non-Class:  8.03 MB
       Class:  8.45 MB
        Both:  16.48 MB

MaxMetaspaceSize: unlimited
CompressedClassSpaceSize: 1.00 GB
Initial GC threshold: 21.00 MB
Current GC threshold: 96.81 MB
CDS: off
MetaspaceReclaimPolicy: balanced
 - commit_granule_bytes: 65536.
 - commit_granule_words: 8192.
 - virtual_space_node_default_size: 8388608.
 - enlarge_chunks_in_place: 1.
 - new_chunks_are_fully_committed: 0.
 - uncommit_free_chunks: 1.
 - use_allocation_guard: 0.
 - handle_deallocations: 1.


Internal statistics:

num_allocs_failed_limit: 8.
num_arena_births: 580.
num_arena_deaths: 14.
num_vsnodes_births: 2.
num_vsnodes_deaths: 0.
num_space_committed: 1000.
num_space_uncommitted: 0.
num_chunks_returned_to_freelist: 22.
num_chunks_taken_from_freelist: 2766.
num_chunk_merges: 5.
num_chunk_splits: 1777.
num_chunks_enlarged: 1173.
num_inconsistent_stats: 0.

CodeHeap 'non-profiled nmethods': size=120000Kb used=3664Kb max_used=4284Kb free=116335Kb
 bounds [0x000001ff464a0000, 0x000001ff468d0000, 0x000001ff4d9d0000]
CodeHeap 'profiled nmethods': size=120000Kb used=10841Kb max_used=13257Kb free=109158Kb
 bounds [0x000001ff3e9d0000, 0x000001ff3f6d0000, 0x000001ff45f00000]
CodeHeap 'non-nmethods': size=5760Kb used=1360Kb max_used=1398Kb free=4399Kb
 bounds [0x000001ff45f00000, 0x000001ff46170000, 0x000001ff464a0000]
 total_blobs=6626 nmethods=5939 adapters=599
 compilation: enabled
              stopped_count=0, restarted_count=0
 full_count=0

Compilation events (20 events):
Event: 93.943 Thread 0x000001ff54d97bd0 nmethod 7500 0x000001ff3eae3410 code [0x000001ff3eae3600, 0x000001ff3eae3b98]
Event: 93.944 Thread 0x000001ff54d315f0 nmethod 7486 0x000001ff467e0810 code [0x000001ff467e0980, 0x000001ff467e09f8]
Event: 93.944 Thread 0x000001ff54d315f0 7482       4       java.nio.ByteBuffer::limit (6 bytes)
Event: 93.944 Thread 0x000001ff54d97bd0 7501       3       java.lang.invoke.BoundMethodHandle$Species_LL::make (12 bytes)
Event: 93.945 Thread 0x000001ff54d97bd0 nmethod 7501 0x000001ff3eb11790 code [0x000001ff3eb11940, 0x000001ff3eb11b88]
Event: 93.945 Thread 0x000001ff54d315f0 nmethod 7482 0x000001ff464cb690 code [0x000001ff464cb800, 0x000001ff464cb898]
Event: 94.045 Thread 0x000001ff54d97bd0 7502       3       java.lang.invoke.DirectMethodHandle$Constructor::viewAsType (49 bytes)
Event: 94.045 Thread 0x000001ff54d97bd0 nmethod 7502 0x000001ff3ea93310 code [0x000001ff3ea934c0, 0x000001ff3ea93688]
Event: 94.167 Thread 0x000001ff54d315f0 7503       4       java.lang.invoke.MethodType::equals (56 bytes)
Event: 94.180 Thread 0x000001ff54d315f0 nmethod 7503 0x000001ff464fc510 code [0x000001ff464fc6a0, 0x000001ff464fc958]
Event: 94.180 Thread 0x000001ff54d315f0 7504       4       java.util.Collections$UnmodifiableMap$UnmodifiableEntrySet$1::hasNext (10 bytes)
Event: 94.182 Thread 0x000001ff54d315f0 nmethod 7504 0x000001ff464f2390 code [0x000001ff464f2520, 0x000001ff464f25d8]
Event: 94.197 Thread 0x000001ff54d97bd0 7505       3       java.lang.Class::getDeclaringClass (31 bytes)
Event: 94.198 Thread 0x000001ff54d97bd0 nmethod 7505 0x000001ff3eb3ca90 code [0x000001ff3eb3cc80, 0x000001ff3eb3d088]
Event: 94.198 Thread 0x000001ff54d97bd0 7507       3       sun.reflect.generics.reflectiveObjects.ParameterizedTypeImpl::validateConstructorArguments (82 bytes)
Event: 94.201 Thread 0x000001ff54d97bd0 nmethod 7507 0x000001ff3eb99510 code [0x000001ff3eb99860, 0x000001ff3eb9b038]
Event: 94.201 Thread 0x000001ff54d97bd0 7506       3       sun.reflect.generics.reflectiveObjects.ParameterizedTypeImpl::<init> (35 bytes)
Event: 94.202 Thread 0x000001ff54d97bd0 nmethod 7506 0x000001ff3ea3a810 code [0x000001ff3ea3a9c0, 0x000001ff3ea3ac38]
Event: 94.203 Thread 0x000001ff54d97bd0 7508       3       java.util.concurrent.ConcurrentLinkedQueue::add (6 bytes)
Event: 94.203 Thread 0x000001ff54d97bd0 nmethod 7508 0x000001ff3ea45e90 code [0x000001ff3ea46040, 0x000001ff3ea46188]

GC Heap History (20 events):
Event: 79.999 GC heap before
{Heap before GC invocations=55 (full 3):
 PSYoungGen      total 5632K, used 5431K [0x00000000eab00000, 0x00000000eb980000, 0x0000000100000000)
  eden space 5120K, 99% used [0x00000000eab00000,0x00000000eaffdca8,0x00000000eb000000)
  from space 512K, 62% used [0x00000000eb900000,0x00000000eb950000,0x00000000eb980000)
  to   space 512K, 0% used [0x00000000eb880000,0x00000000eb880000,0x00000000eb900000)
 ParOldGen       total 99328K, used 69284K [0x00000000c0000000, 0x00000000c6100000, 0x00000000eab00000)
  object space 99328K, 69% used [0x00000000c0000000,0x00000000c43a93f8,0x00000000c6100000)
 Metaspace       used 60348K, committed 61376K, reserved 1114112K
  class space    used 6763K, committed 7168K, reserved 1048576K
}
Event: 80.000 GC heap after
{Heap after GC invocations=55 (full 3):
 PSYoungGen      total 5632K, used 416K [0x00000000eab00000, 0x00000000eb980000, 0x0000000100000000)
  eden space 5120K, 0% used [0x00000000eab00000,0x00000000eab00000,0x00000000eb000000)
  from space 512K, 81% used [0x00000000eb880000,0x00000000eb8e8000,0x00000000eb900000)
  to   space 512K, 0% used [0x00000000eb900000,0x00000000eb900000,0x00000000eb980000)
 ParOldGen       total 99328K, used 69284K [0x00000000c0000000, 0x00000000c6100000, 0x00000000eab00000)
  object space 99328K, 69% used [0x00000000c0000000,0x00000000c43a93f8,0x00000000c6100000)
 Metaspace       used 60348K, committed 61376K, reserved 1114112K
  class space    used 6763K, committed 7168K, reserved 1048576K
}
Event: 84.218 GC heap before
{Heap before GC invocations=56 (full 3):
 PSYoungGen      total 5632K, used 5536K [0x00000000eab00000, 0x00000000eb980000, 0x0000000100000000)
  eden space 5120K, 100% used [0x00000000eab00000,0x00000000eb000000,0x00000000eb000000)
  from space 512K, 81% used [0x00000000eb880000,0x00000000eb8e8000,0x00000000eb900000)
  to   space 512K, 0% used [0x00000000eb900000,0x00000000eb900000,0x00000000eb980000)
 ParOldGen       total 99328K, used 69284K [0x00000000c0000000, 0x00000000c6100000, 0x00000000eab00000)
  object space 99328K, 69% used [0x00000000c0000000,0x00000000c43a93f8,0x00000000c6100000)
 Metaspace       used 60353K, committed 61376K, reserved 1114112K
  class space    used 6763K, committed 7168K, reserved 1048576K
}
Event: 84.219 GC heap after
{Heap after GC invocations=56 (full 3):
 PSYoungGen      total 5632K, used 512K [0x00000000eab00000, 0x00000000eb980000, 0x0000000100000000)
  eden space 5120K, 0% used [0x00000000eab00000,0x00000000eab00000,0x00000000eb000000)
  from space 512K, 100% used [0x00000000eb900000,0x00000000eb980000,0x00000000eb980000)
  to   space 1024K, 0% used [0x00000000eb780000,0x00000000eb780000,0x00000000eb880000)
 ParOldGen       total 99328K, used 69292K [0x00000000c0000000, 0x00000000c6100000, 0x00000000eab00000)
  object space 99328K, 69% used [0x00000000c0000000,0x00000000c43ab3f8,0x00000000c6100000)
 Metaspace       used 60353K, committed 61376K, reserved 1114112K
  class space    used 6763K, committed 7168K, reserved 1048576K
}
Event: 89.207 GC heap before
{Heap before GC invocations=57 (full 3):
 PSYoungGen      total 5632K, used 5605K [0x00000000eab00000, 0x00000000eb980000, 0x0000000100000000)
  eden space 5120K, 99% used [0x00000000eab00000,0x00000000eaff95b8,0x00000000eb000000)
  from space 512K, 100% used [0x00000000eb900000,0x00000000eb980000,0x00000000eb980000)
  to   space 1024K, 0% used [0x00000000eb780000,0x00000000eb780000,0x00000000eb880000)
 ParOldGen       total 99328K, used 69292K [0x00000000c0000000, 0x00000000c6100000, 0x00000000eab00000)
  object space 99328K, 69% used [0x00000000c0000000,0x00000000c43ab3f8,0x00000000c6100000)
 Metaspace       used 60354K, committed 61376K, reserved 1114112K
  class space    used 6763K, committed 7168K, reserved 1048576K
}
Event: 89.209 GC heap after
{Heap after GC invocations=57 (full 3):
 PSYoungGen      total 6144K, used 1009K [0x00000000eab00000, 0x00000000eb980000, 0x0000000100000000)
  eden space 5120K, 0% used [0x00000000eab00000,0x00000000eab00000,0x00000000eb000000)
  from space 1024K, 98% used [0x00000000eb780000,0x00000000eb87c640,0x00000000eb880000)
  to   space 1024K, 0% used [0x00000000eb880000,0x00000000eb880000,0x00000000eb980000)
 ParOldGen       total 99328K, used 69580K [0x00000000c0000000, 0x00000000c6100000, 0x00000000eab00000)
  object space 99328K, 70% used [0x00000000c0000000,0x00000000c43f33f8,0x00000000c6100000)
 Metaspace       used 60354K, committed 61376K, reserved 1114112K
  class space    used 6763K, committed 7168K, reserved 1048576K
}
Event: 92.865 GC heap before
{Heap before GC invocations=58 (full 3):
 PSYoungGen      total 6144K, used 6129K [0x00000000eab00000, 0x00000000eb980000, 0x0000000100000000)
  eden space 5120K, 99% used [0x00000000eab00000,0x00000000eaffffd0,0x00000000eb000000)
  from space 1024K, 98% used [0x00000000eb780000,0x00000000eb87c640,0x00000000eb880000)
  to   space 1024K, 0% used [0x00000000eb880000,0x00000000eb880000,0x00000000eb980000)
 ParOldGen       total 99328K, used 69580K [0x00000000c0000000, 0x00000000c6100000, 0x00000000eab00000)
  object space 99328K, 70% used [0x00000000c0000000,0x00000000c43f33f8,0x00000000c6100000)
 Metaspace       used 60368K, committed 61376K, reserved 1114112K
  class space    used 6763K, committed 7168K, reserved 1048576K
}
Event: 92.868 GC heap after
{Heap after GC invocations=58 (full 3):
 PSYoungGen      total 6144K, used 1022K [0x00000000eab00000, 0x00000000eb980000, 0x0000000100000000)
  eden space 5120K, 0% used [0x00000000eab00000,0x00000000eab00000,0x00000000eb000000)
  from space 1024K, 99% used [0x00000000eb880000,0x00000000eb97f908,0x00000000eb980000)
  to   space 4096K, 0% used [0x00000000eb180000,0x00000000eb180000,0x00000000eb580000)
 ParOldGen       total 99328K, used 71871K [0x00000000c0000000, 0x00000000c6100000, 0x00000000eab00000)
  object space 99328K, 72% used [0x00000000c0000000,0x00000000c462fe20,0x00000000c6100000)
 Metaspace       used 60368K, committed 61376K, reserved 1114112K
  class space    used 6763K, committed 7168K, reserved 1048576K
}
Event: 93.252 GC heap before
{Heap before GC invocations=59 (full 3):
 PSYoungGen      total 6144K, used 6142K [0x00000000eab00000, 0x00000000eb980000, 0x0000000100000000)
  eden space 5120K, 100% used [0x00000000eab00000,0x00000000eb000000,0x00000000eb000000)
  from space 1024K, 99% used [0x00000000eb880000,0x00000000eb97f908,0x00000000eb980000)
  to   space 4096K, 0% used [0x00000000eb180000,0x00000000eb180000,0x00000000eb580000)
 ParOldGen       total 99328K, used 71871K [0x00000000c0000000, 0x00000000c6100000, 0x00000000eab00000)
  object space 99328K, 72% used [0x00000000c0000000,0x00000000c462fe20,0x00000000c6100000)
 Metaspace       used 60374K, committed 61376K, reserved 1114112K
  class space    used 6764K, committed 7168K, reserved 1048576K
}
Event: 93.254 GC heap after
{Heap after GC invocations=59 (full 3):
 PSYoungGen      total 9216K, used 968K [0x00000000eab00000, 0x00000000eb900000, 0x0000000100000000)
  eden space 5120K, 0% used [0x00000000eab00000,0x00000000eab00000,0x00000000eb000000)
  from space 4096K, 23% used [0x00000000eb180000,0x00000000eb272028,0x00000000eb580000)
  to   space 2048K, 0% used [0x00000000eb700000,0x00000000eb700000,0x00000000eb900000)
 ParOldGen       total 99328K, used 72882K [0x00000000c0000000, 0x00000000c6100000, 0x00000000eab00000)
  object space 99328K, 73% used [0x00000000c0000000,0x00000000c472cb58,0x00000000c6100000)
 Metaspace       used 60374K, committed 61376K, reserved 1114112K
  class space    used 6764K, committed 7168K, reserved 1048576K
}
Event: 93.481 GC heap before
{Heap before GC invocations=60 (full 3):
 PSYoungGen      total 9216K, used 6088K [0x00000000eab00000, 0x00000000eb900000, 0x0000000100000000)
  eden space 5120K, 100% used [0x00000000eab00000,0x00000000eb000000,0x00000000eb000000)
  from space 4096K, 23% used [0x00000000eb180000,0x00000000eb272028,0x00000000eb580000)
  to   space 2048K, 0% used [0x00000000eb700000,0x00000000eb700000,0x00000000eb900000)
 ParOldGen       total 99328K, used 72882K [0x00000000c0000000, 0x00000000c6100000, 0x00000000eab00000)
  object space 99328K, 73% used [0x00000000c0000000,0x00000000c472cb58,0x00000000c6100000)
 Metaspace       used 60581K, committed 61632K, reserved 1114112K
  class space    used 6812K, committed 7232K, reserved 1048576K
}
Event: 93.483 GC heap after
{Heap after GC invocations=60 (full 3):
 PSYoungGen      total 6656K, used 1128K [0x00000000eab00000, 0x00000000eb880000, 0x0000000100000000)
  eden space 5120K, 0% used [0x00000000eab00000,0x00000000eab00000,0x00000000eb000000)
  from space 1536K, 73% used [0x00000000eb700000,0x00000000eb81a028,0x00000000eb880000)
  to   space 1536K, 0% used [0x00000000eb580000,0x00000000eb580000,0x00000000eb700000)
 ParOldGen       total 99328K, used 72882K [0x00000000c0000000, 0x00000000c6100000, 0x00000000eab00000)
  object space 99328K, 73% used [0x00000000c0000000,0x00000000c472cb58,0x00000000c6100000)
 Metaspace       used 60581K, committed 61632K, reserved 1114112K
  class space    used 6812K, committed 7232K, reserved 1048576K
}
Event: 93.655 GC heap before
{Heap before GC invocations=61 (full 3):
 PSYoungGen      total 6656K, used 6248K [0x00000000eab00000, 0x00000000eb880000, 0x0000000100000000)
  eden space 5120K, 100% used [0x00000000eab00000,0x00000000eb000000,0x00000000eb000000)
  from space 1536K, 73% used [0x00000000eb700000,0x00000000eb81a028,0x00000000eb880000)
  to   space 1536K, 0% used [0x00000000eb580000,0x00000000eb580000,0x00000000eb700000)
 ParOldGen       total 99328K, used 72882K [0x00000000c0000000, 0x00000000c6100000, 0x00000000eab00000)
  object space 99328K, 73% used [0x00000000c0000000,0x00000000c472cb58,0x00000000c6100000)
 Metaspace       used 60892K, committed 61952K, reserved 1114112K
  class space    used 6889K, committed 7360K, reserved 1048576K
}
Event: 93.657 GC heap after
{Heap after GC invocations=61 (full 3):
 PSYoungGen      total 6656K, used 1288K [0x00000000eab00000, 0x00000000eb780000, 0x0000000100000000)
  eden space 5120K, 0% used [0x00000000eab00000,0x00000000eab00000,0x00000000eb000000)
  from space 1536K, 83% used [0x00000000eb580000,0x00000000eb6c2028,0x00000000eb700000)
  to   space 512K, 0% used [0x00000000eb700000,0x00000000eb700000,0x00000000eb780000)
 ParOldGen       total 99328K, used 72890K [0x00000000c0000000, 0x00000000c6100000, 0x00000000eab00000)
  object space 99328K, 73% used [0x00000000c0000000,0x00000000c472eb58,0x00000000c6100000)
 Metaspace       used 60892K, committed 61952K, reserved 1114112K
  class space    used 6889K, committed 7360K, reserved 1048576K
}
Event: 93.846 GC heap before
{Heap before GC invocations=62 (full 3):
 PSYoungGen      total 6656K, used 6408K [0x00000000eab00000, 0x00000000eb780000, 0x0000000100000000)
  eden space 5120K, 100% used [0x00000000eab00000,0x00000000eb000000,0x00000000eb000000)
  from space 1536K, 83% used [0x00000000eb580000,0x00000000eb6c2028,0x00000000eb700000)
  to   space 512K, 0% used [0x00000000eb700000,0x00000000eb700000,0x00000000eb780000)
 ParOldGen       total 99328K, used 72890K [0x00000000c0000000, 0x00000000c6100000, 0x00000000eab00000)
  object space 99328K, 73% used [0x00000000c0000000,0x00000000c472eb58,0x00000000c6100000)
 Metaspace       used 61393K, committed 62464K, reserved 1114112K
  class space    used 6972K, committed 7424K, reserved 1048576K
}
Event: 93.849 GC heap after
{Heap after GC invocations=62 (full 3):
 PSYoungGen      total 5632K, used 511K [0x00000000eab00000, 0x00000000eb780000, 0x0000000100000000)
  eden space 5120K, 0% used [0x00000000eab00000,0x00000000eab00000,0x00000000eb000000)
  from space 512K, 99% used [0x00000000eb700000,0x00000000eb77fef8,0x00000000eb780000)
  to   space 1536K, 0% used [0x00000000eb480000,0x00000000eb480000,0x00000000eb600000)
 ParOldGen       total 99328K, used 73796K [0x00000000c0000000, 0x00000000c6100000, 0x00000000eab00000)
  object space 99328K, 74% used [0x00000000c0000000,0x00000000c4811278,0x00000000c6100000)
 Metaspace       used 61393K, committed 62464K, reserved 1114112K
  class space    used 6972K, committed 7424K, reserved 1048576K
}
Event: 94.021 GC heap before
{Heap before GC invocations=63 (full 3):
 PSYoungGen      total 5632K, used 5631K [0x00000000eab00000, 0x00000000eb780000, 0x0000000100000000)
  eden space 5120K, 100% used [0x00000000eab00000,0x00000000eb000000,0x00000000eb000000)
  from space 512K, 99% used [0x00000000eb700000,0x00000000eb77fef8,0x00000000eb780000)
  to   space 1536K, 0% used [0x00000000eb480000,0x00000000eb480000,0x00000000eb600000)
 ParOldGen       total 99328K, used 73796K [0x00000000c0000000, 0x00000000c6100000, 0x00000000eab00000)
  object space 99328K, 74% used [0x00000000c0000000,0x00000000c4811278,0x00000000c6100000)
 Metaspace       used 61975K, committed 63040K, reserved 1114112K
  class space    used 7063K, committed 7488K, reserved 1048576K
}
Event: 94.023 GC heap after
{Heap after GC invocations=63 (full 3):
 PSYoungGen      total 6656K, used 473K [0x00000000eab00000, 0x00000000eb780000, 0x0000000100000000)
  eden space 5120K, 0% used [0x00000000eab00000,0x00000000eab00000,0x00000000eb000000)
  from space 1536K, 30% used [0x00000000eb480000,0x00000000eb4f64e0,0x00000000eb600000)
  to   space 1024K, 0% used [0x00000000eb680000,0x00000000eb680000,0x00000000eb780000)
 ParOldGen       total 99328K, used 74040K [0x00000000c0000000, 0x00000000c6100000, 0x00000000eab00000)
  object space 99328K, 74% used [0x00000000c0000000,0x00000000c484e010,0x00000000c6100000)
 Metaspace       used 61975K, committed 63040K, reserved 1114112K
  class space    used 7063K, committed 7488K, reserved 1048576K
}
Event: 94.247 GC heap before
{Heap before GC invocations=64 (full 3):
 PSYoungGen      total 6656K, used 5593K [0x00000000eab00000, 0x00000000eb780000, 0x0000000100000000)
  eden space 5120K, 100% used [0x00000000eab00000,0x00000000eb000000,0x00000000eb000000)
  from space 1536K, 30% used [0x00000000eb480000,0x00000000eb4f64e0,0x00000000eb600000)
  to   space 1024K, 0% used [0x00000000eb680000,0x00000000eb680000,0x00000000eb780000)
 ParOldGen       total 99328K, used 74040K [0x00000000c0000000, 0x00000000c6100000, 0x00000000eab00000)
  object space 99328K, 74% used [0x00000000c0000000,0x00000000c484e010,0x00000000c6100000)
 Metaspace       used 62685K, committed 63744K, reserved 1114112K
  class space    used 7167K, committed 7552K, reserved 1048576K
}
Event: 94.249 GC heap after
{Heap after GC invocations=64 (full 3):
 PSYoungGen      total 5632K, used 288K [0x00000000eab00000, 0x00000000eb700000, 0x0000000100000000)
  eden space 5120K, 0% used [0x00000000eab00000,0x00000000eab00000,0x00000000eb000000)
  from space 512K, 56% used [0x00000000eb680000,0x00000000eb6c8000,0x00000000eb700000)
  to   space 512K, 0% used [0x00000000eb600000,0x00000000eb600000,0x00000000eb680000)
 ParOldGen       total 99328K, used 74336K [0x00000000c0000000, 0x00000000c6100000, 0x00000000eab00000)
  object space 99328K, 74% used [0x00000000c0000000,0x00000000c4898060,0x00000000c6100000)
 Metaspace       used 62685K, committed 63744K, reserved 1114112K
  class space    used 7167K, committed 7552K, reserved 1048576K
}

Dll operation events (15 events):
Event: 0.029 Loaded shared library c:\Users\d.ngantchou\.vscode\extensions\redhat.java-1.31.0-win32-x64\jre\17.0.11-win32-x86_64\bin\java.dll
Event: 0.664 Loaded shared library c:\Users\d.ngantchou\.vscode\extensions\redhat.java-1.31.0-win32-x64\jre\17.0.11-win32-x86_64\bin\zip.dll
Event: 0.681 Loaded shared library C:\Users\d.ngantchou\.vscode\extensions\redhat.java-1.31.0-win32-x64\jre\17.0.11-win32-x86_64\bin\instrument.dll
Event: 0.744 Loaded shared library C:\Users\d.ngantchou\.vscode\extensions\redhat.java-1.31.0-win32-x64\jre\17.0.11-win32-x86_64\bin\net.dll
Event: 0.754 Loaded shared library C:\Users\d.ngantchou\.vscode\extensions\redhat.java-1.31.0-win32-x64\jre\17.0.11-win32-x86_64\bin\nio.dll
Event: 0.781 Loaded shared library C:\Users\d.ngantchou\.vscode\extensions\redhat.java-1.31.0-win32-x64\jre\17.0.11-win32-x86_64\bin\zip.dll
Event: 0.822 Loaded shared library C:\Users\d.ngantchou\.vscode\extensions\redhat.java-1.31.0-win32-x64\jre\17.0.11-win32-x86_64\bin\jimage.dll
Event: 1.033 Loaded shared library c:\Users\d.ngantchou\.vscode\extensions\redhat.java-1.31.0-win32-x64\jre\17.0.11-win32-x86_64\bin\verify.dll
Event: 16.404 Loaded shared library C:\Users\d.ngantchou\AppData\Roaming\Code\User\globalStorage\redhat.java\1.31.0\config_win\org.eclipse.equinox.launcher\org.eclipse.equinox.launcher.win32.win32.x86_64_1.2.1000.v20240507-1834\eclipse_11902.dll
Event: 50.324 Loaded shared library C:\Users\d.ngantchou\AppData\Local\Temp\jna-1561045647\jna9779774475327609053.dll
Event: 51.905 Loaded shared library C:\Users\d.ngantchou\.vscode\extensions\redhat.java-1.31.0-win32-x64\jre\17.0.11-win32-x86_64\bin\sunmscapi.dll
Event: 52.063 Loaded shared library C:\Users\d.ngantchou\.vscode\extensions\redhat.java-1.31.0-win32-x64\jre\17.0.11-win32-x86_64\bin\extnet.dll
Event: 73.064 Loaded shared library C:\Users\d.ngantchou\.gradle\native\c067742578af261105cb4f569cf0c3c89f3d7b1fecec35dd04571415982c5e48\windows-amd64\native-platform.dll
Event: 94.124 Loaded shared library C:\Users\d.ngantchou\.vscode\extensions\redhat.java-1.31.0-win32-x64\jre\17.0.11-win32-x86_64\bin\management.dll
Event: 94.139 Loaded shared library C:\Users\d.ngantchou\.vscode\extensions\redhat.java-1.31.0-win32-x64\jre\17.0.11-win32-x86_64\bin\management_ext.dll

Deoptimization events (20 events):
Event: 94.179 Thread 0x000001ff5a341c00 Uncommon trap: trap_request=0xffffffde fr.pc=0x000001ff46847674 relative=0x0000000000000254
Event: 94.179 Thread 0x000001ff5a341c00 Uncommon trap: reason=class_check action=maybe_recompile pc=0x000001ff46847674 method=java.util.Collections$UnmodifiableMap$UnmodifiableEntrySet$1.next()Ljava/util/Map$Entry; @ 8 c2
Event: 94.179 Thread 0x000001ff5a341c00 DEOPT PACKING pc=0x000001ff46847674 sp=0x00000056c5ffd790
Event: 94.179 Thread 0x000001ff5a341c00 DEOPT UNPACKING pc=0x000001ff45f59ea3 sp=0x00000056c5ffd6d8 mode 2
Event: 94.180 Thread 0x000001ff5a341c00 Uncommon trap: trap_request=0xffffffde fr.pc=0x000001ff4684f8e8 relative=0x0000000000000068
Event: 94.180 Thread 0x000001ff5a341c00 Uncommon trap: reason=class_check action=maybe_recompile pc=0x000001ff4684f8e8 method=java.util.Collections$UnmodifiableMap$UnmodifiableEntrySet$UnmodifiableEntry.getKey()Ljava/lang/Object; @ 4 c2
Event: 94.180 Thread 0x000001ff5a341c00 DEOPT PACKING pc=0x000001ff4684f8e8 sp=0x00000056c5ffd7c0
Event: 94.180 Thread 0x000001ff5a341c00 DEOPT UNPACKING pc=0x000001ff45f59ea3 sp=0x00000056c5ffd748 mode 2
Event: 94.180 Thread 0x000001ff5a341c00 Uncommon trap: trap_request=0xffffffde fr.pc=0x000001ff46846870 relative=0x0000000000000070
Event: 94.180 Thread 0x000001ff5a341c00 Uncommon trap: reason=class_check action=maybe_recompile pc=0x000001ff46846870 method=java.util.Collections$UnmodifiableMap$UnmodifiableEntrySet$1.hasNext()Z @ 4 c2
Event: 94.180 Thread 0x000001ff5a341c00 DEOPT PACKING pc=0x000001ff46846870 sp=0x00000056c5ffd7c0
Event: 94.180 Thread 0x000001ff5a341c00 DEOPT UNPACKING pc=0x000001ff45f59ea3 sp=0x00000056c5ffd748 mode 2
Event: 94.180 Thread 0x000001ff5a341c00 Uncommon trap: trap_request=0xffffffde fr.pc=0x000001ff46847674 relative=0x0000000000000254
Event: 94.180 Thread 0x000001ff5a341c00 Uncommon trap: reason=class_check action=maybe_recompile pc=0x000001ff46847674 method=java.util.Collections$UnmodifiableMap$UnmodifiableEntrySet$1.next()Ljava/util/Map$Entry; @ 8 c2
Event: 94.180 Thread 0x000001ff5a341c00 DEOPT PACKING pc=0x000001ff46847674 sp=0x00000056c5ffd790
Event: 94.180 Thread 0x000001ff5a341c00 DEOPT UNPACKING pc=0x000001ff45f59ea3 sp=0x00000056c5ffd6d8 mode 2
Event: 94.180 Thread 0x000001ff5a341c00 Uncommon trap: trap_request=0xffffffde fr.pc=0x000001ff4684f8e8 relative=0x0000000000000068
Event: 94.180 Thread 0x000001ff5a341c00 Uncommon trap: reason=class_check action=maybe_recompile pc=0x000001ff4684f8e8 method=java.util.Collections$UnmodifiableMap$UnmodifiableEntrySet$UnmodifiableEntry.getKey()Ljava/lang/Object; @ 4 c2
Event: 94.180 Thread 0x000001ff5a341c00 DEOPT PACKING pc=0x000001ff4684f8e8 sp=0x00000056c5ffd7c0
Event: 94.180 Thread 0x000001ff5a341c00 DEOPT UNPACKING pc=0x000001ff45f59ea3 sp=0x00000056c5ffd748 mode 2

Classes unloaded (7 events):
Event: 45.679 Thread 0x000001ff54d028c0 Unloading class 0x000000010024a400 'java/lang/invoke/LambdaForm$MH+0x000000010024a400'
Event: 45.679 Thread 0x000001ff54d028c0 Unloading class 0x000000010024a000 'java/lang/invoke/LambdaForm$MH+0x000000010024a000'
Event: 45.679 Thread 0x000001ff54d028c0 Unloading class 0x0000000100249c00 'java/lang/invoke/LambdaForm$MH+0x0000000100249c00'
Event: 45.679 Thread 0x000001ff54d028c0 Unloading class 0x0000000100249800 'java/lang/invoke/LambdaForm$MH+0x0000000100249800'
Event: 45.679 Thread 0x000001ff54d028c0 Unloading class 0x0000000100249400 'java/lang/invoke/LambdaForm$BMH+0x0000000100249400'
Event: 45.679 Thread 0x000001ff54d028c0 Unloading class 0x0000000100249000 'java/lang/invoke/LambdaForm$DMH+0x0000000100249000'
Event: 45.679 Thread 0x000001ff54d028c0 Unloading class 0x0000000100244400 'java/lang/invoke/LambdaForm$DMH+0x0000000100244400'

Classes redefined (0 events):
No events

Internal exceptions (20 events):
Event: 52.567 Thread 0x000001ff56359300 Exception <a 'sun/nio/fs/WindowsException'{0x00000000eac14b50}> (0x00000000eac14b50) 
thrown [s\src\hotspot\share\prims\jni.cpp, line 516]
Event: 52.567 Thread 0x000001ff56359300 Exception <a 'sun/nio/fs/WindowsException'{0x00000000eac15188}> (0x00000000eac15188) 
thrown [s\src\hotspot\share\prims\jni.cpp, line 516]
Event: 52.568 Thread 0x000001ff56359300 Exception <a 'sun/nio/fs/WindowsException'{0x00000000eac160e8}> (0x00000000eac160e8) 
thrown [s\src\hotspot\share\prims\jni.cpp, line 516]
Event: 52.568 Thread 0x000001ff56359300 Exception <a 'sun/nio/fs/WindowsException'{0x00000000eac16720}> (0x00000000eac16720) 
thrown [s\src\hotspot\share\prims\jni.cpp, line 516]
Event: 52.569 Thread 0x000001ff56359300 Exception <a 'sun/nio/fs/WindowsException'{0x00000000eac17058}> (0x00000000eac17058) 
thrown [s\src\hotspot\share\prims\jni.cpp, line 516]
Event: 52.569 Thread 0x000001ff56359300 Exception <a 'sun/nio/fs/WindowsException'{0x00000000eac17690}> (0x00000000eac17690) 
thrown [s\src\hotspot\share\prims\jni.cpp, line 516]
Event: 52.569 Thread 0x000001ff56359300 Exception <a 'sun/nio/fs/WindowsException'{0x00000000eac18028}> (0x00000000eac18028) 
thrown [s\src\hotspot\share\prims\jni.cpp, line 516]
Event: 52.569 Thread 0x000001ff56359300 Exception <a 'sun/nio/fs/WindowsException'{0x00000000eac18660}> (0x00000000eac18660) 
thrown [s\src\hotspot\share\prims\jni.cpp, line 516]
Event: 52.570 Thread 0x000001ff56359300 Exception <a 'sun/nio/fs/WindowsException'{0x00000000eac19b38}> (0x00000000eac19b38) 
thrown [s\src\hotspot\share\prims\jni.cpp, line 516]
Event: 52.571 Thread 0x000001ff56359300 Exception <a 'sun/nio/fs/WindowsException'{0x00000000eac1a170}> (0x00000000eac1a170) 
thrown [s\src\hotspot\share\prims\jni.cpp, line 516]
Event: 52.574 Thread 0x000001ff56359300 Exception <a 'java/lang/NoSuchMethodError'{0x00000000eac5cff8}: 'void java.lang.invoke.DirectMethodHandle$Holder.invokeVirtual(java.lang.Object, java.lang.Object, java.lang.Object, java.lang.Object)'> (0x00000000eac5cff8) 
thrown [s\src\hotspot\share\interpreter\linkResolver.cpp, line 759]
Event: 52.590 Thread 0x000001ff56359300 Exception <a 'sun/nio/fs/WindowsException'{0x00000000eacd14a0}> (0x00000000eacd14a0) 
thrown [s\src\hotspot\share\prims\jni.cpp, line 516]
Event: 52.591 Thread 0x000001ff56359300 Exception <a 'sun/nio/fs/WindowsException'{0x00000000eacd1d48}> (0x00000000eacd1d48) 
thrown [s\src\hotspot\share\prims\jni.cpp, line 516]
Event: 52.608 Thread 0x000001ff56359300 Exception <a 'sun/nio/fs/WindowsException'{0x00000000eacd3c08}> (0x00000000eacd3c08) 
thrown [s\src\hotspot\share\prims\jni.cpp, line 516]
Event: 52.608 Thread 0x000001ff56359300 Exception <a 'sun/nio/fs/WindowsException'{0x00000000eacd4240}> (0x00000000eacd4240) 
thrown [s\src\hotspot\share\prims\jni.cpp, line 516]
Event: 52.608 Thread 0x000001ff56359300 Exception <a 'sun/nio/fs/WindowsException'{0x00000000eacd4cd0}> (0x00000000eacd4cd0) 
thrown [s\src\hotspot\share\prims\jni.cpp, line 516]
Event: 52.609 Thread 0x000001ff56359300 Exception <a 'sun/nio/fs/WindowsException'{0x00000000eacd5308}> (0x00000000eacd5308) 
thrown [s\src\hotspot\share\prims\jni.cpp, line 516]
Event: 72.992 Thread 0x000001ff5a341c00 Exception <a 'java/lang/NoSuchMethodError'{0x00000000eaf4cf80}: 'java.lang.Object java.lang.invoke.DirectMethodHandle$Holder.invokeVirtual(java.lang.Object, java.lang.Object, java.lang.Object, java.lang.Object, java.lang.Object, java.lang.Object, java.lang.Object)'> (0x00000000eaf4cf80) 
thrown [s\src\hotspot\share\interpreter\linkResolver.cpp, line 759]
Event: 72.997 Thread 0x000001ff5a341c00 Exception <a 'java/lang/NoSuchMethodError'{0x00000000eaf671a0}: 'java.lang.Object java.lang.invoke.Invokers$Holder.invoker(java.lang.Object, java.lang.Object, java.lang.Object)'> (0x00000000eaf671a0) 
thrown [s\src\hotspot\share\interpreter\linkResolver.cpp, line 759]
Event: 94.000 Thread 0x000001ff5a341c00 Exception <a 'java/lang/NoClassDefFoundError'{0x00000000eaf28200}: org/slf4j/impl/StaticMarkerBinder> (0x00000000eaf28200) 
thrown [s\src\hotspot\share\classfile\systemDictionary.cpp, line 245]

VM Operations (20 events):
Event: 93.655 Executing VM operation: ParallelGCFailedAllocation
Event: 93.657 Executing VM operation: ParallelGCFailedAllocation done
Event: 93.673 Executing VM operation: HandshakeAllThreads
Event: 93.674 Executing VM operation: HandshakeAllThreads done
Event: 93.674 Executing VM operation: HandshakeAllThreads
Event: 93.674 Executing VM operation: HandshakeAllThreads done
Event: 93.685 Executing VM operation: HandshakeAllThreads
Event: 93.685 Executing VM operation: HandshakeAllThreads done
Event: 93.722 Executing VM operation: HandshakeAllThreads
Event: 93.723 Executing VM operation: HandshakeAllThreads done
Event: 93.756 Executing VM operation: HandshakeAllThreads
Event: 93.762 Executing VM operation: HandshakeAllThreads done
Event: 93.846 Executing VM operation: ParallelGCFailedAllocation
Event: 93.849 Executing VM operation: ParallelGCFailedAllocation done
Event: 94.020 Executing VM operation: ParallelGCFailedAllocation
Event: 94.023 Executing VM operation: ParallelGCFailedAllocation done
Event: 94.161 Executing VM operation: HandshakeAllThreads
Event: 94.162 Executing VM operation: HandshakeAllThreads done
Event: 94.247 Executing VM operation: ParallelGCFailedAllocation
Event: 94.249 Executing VM operation: ParallelGCFailedAllocation done

Events (20 events):
Event: 94.156 loading class jdk/management/jfr/internal/FlightRecorderMXBeanProvider$SingleMBeanComponent
Event: 94.156 loading class jdk/management/jfr/internal/FlightRecorderMXBeanProvider$SingleMBeanComponent done
Event: 94.156 loading class java/util/HashMap$ValueSpliterator
Event: 94.157 loading class java/util/HashMap$ValueSpliterator done
Event: 94.159 loading class java/util/stream/ReduceOps$2
Event: 94.160 loading class java/util/stream/ReduceOps$2 done
Event: 94.162 loading class java/util/stream/ReduceOps$2ReducingSink
Event: 94.162 loading class java/util/stream/ReduceOps$2ReducingSink done
Event: 94.162 loading class sun/management/RuntimeImpl
Event: 94.163 loading class sun/management/RuntimeImpl done
Event: 94.163 loading class java/util/Collections$2
Event: 94.163 loading class java/util/Collections$2 done
Event: 94.167 loading class sun/management/Util
Event: 94.168 loading class sun/management/Util done
Event: 94.168 loading class java/lang/management/ManagementPermission
Event: 94.168 loading class java/lang/management/ManagementPermission done
Event: 94.259 loading class java/net/ConnectException
Event: 94.260 loading class java/net/ConnectException done
Event: 94.330 loading class java/io/StreamCorruptedException
Event: 94.330 loading class java/io/StreamCorruptedException done


Dynamic libraries:
0x00007ff7467f0000 - 0x00007ff7467fe000 	c:\Users\d.ngantchou\.vscode\extensions\redhat.java-1.31.0-win32-x64\jre\17.0.11-win32-x86_64\bin\java.exe
0x00007fffefbd0000 - 0x00007fffefdc8000 	C:\Windows\SYSTEM32\ntdll.dll
0x00007fffef550000 - 0x00007fffef60d000 	C:\Windows\System32\KERNEL32.DLL
0x00007fffed730000 - 0x00007fffeda26000 	C:\Windows\System32\KERNELBASE.dll
0x00007fffe5a60000 - 0x00007fffe5af0000 	C:\Windows\SYSTEM32\apphelp.dll
0x00007fffedb10000 - 0x00007fffedc10000 	C:\Windows\System32\ucrtbase.dll
0x00007fffdb550000 - 0x00007fffdb567000 	c:\Users\d.ngantchou\.vscode\extensions\redhat.java-1.31.0-win32-x64\jre\17.0.11-win32-x86_64\bin\jli.dll
0x00007fffef710000 - 0x00007fffef8af000 	C:\Windows\System32\USER32.dll
0x00007fffeda30000 - 0x00007fffeda52000 	C:\Windows\System32\win32u.dll
0x00007fffeedf0000 - 0x00007fffeee1b000 	C:\Windows\System32\GDI32.dll
0x00007fffed290000 - 0x00007fffed3a7000 	C:\Windows\System32\gdi32full.dll
0x00007fffed5d0000 - 0x00007fffed66d000 	C:\Windows\System32\msvcp_win.dll
0x00007fffceea0000 - 0x00007fffceebb000 	c:\Users\d.ngantchou\.vscode\extensions\redhat.java-1.31.0-win32-x64\jre\17.0.11-win32-x86_64\bin\VCRUNTIME140.dll
0x00007fffd0ab0000 - 0x00007fffd0d4a000 	C:\Windows\WinSxS\amd64_microsoft.windows.common-controls_6595b64144ccf1df_6.0.19041.4355_none_60b8b9eb71f62e16\COMCTL32.dll
0x00007fffef610000 - 0x00007fffef6ae000 	C:\Windows\System32\msvcrt.dll
0x00007fffee4f0000 - 0x00007fffee51f000 	C:\Windows\System32\IMM32.DLL
0x00007fffe58d0000 - 0x00007fffe58dc000 	c:\Users\d.ngantchou\.vscode\extensions\redhat.java-1.31.0-win32-x64\jre\17.0.11-win32-x86_64\bin\vcruntime140_1.dll
0x00007fffabbb0000 - 0x00007fffabc3d000 	c:\Users\d.ngantchou\.vscode\extensions\redhat.java-1.31.0-win32-x64\jre\17.0.11-win32-x86_64\bin\msvcp140.dll
0x00007fff7d610000 - 0x00007fff7e272000 	c:\Users\d.ngantchou\.vscode\extensions\redhat.java-1.31.0-win32-x64\jre\17.0.11-win32-x86_64\bin\server\jvm.dll
0x00007fffefa60000 - 0x00007fffefb10000 	C:\Windows\System32\ADVAPI32.dll
0x00007fffedc10000 - 0x00007fffedcb0000 	C:\Windows\System32\sechost.dll
0x00007fffeee90000 - 0x00007fffeefb3000 	C:\Windows\System32\RPCRT4.dll
0x00007fffed5a0000 - 0x00007fffed5c7000 	C:\Windows\System32\bcrypt.dll
0x00007fffecbc0000 - 0x00007fffecc0b000 	C:\Windows\SYSTEM32\POWRPROF.dll
0x00007fffc9540000 - 0x00007fffc9549000 	C:\Windows\SYSTEM32\WSOCK32.dll
0x00007fffeecf0000 - 0x00007fffeed5b000 	C:\Windows\System32\WS2_32.dll
0x00007fffdd790000 - 0x00007fffdd7b7000 	C:\Windows\SYSTEM32\WINMM.dll
0x00007fffe35d0000 - 0x00007fffe35da000 	C:\Windows\SYSTEM32\VERSION.dll
0x00007fffecba0000 - 0x00007fffecbb2000 	C:\Windows\SYSTEM32\UMPDC.dll
0x00007fffeb8a0000 - 0x00007fffeb8b2000 	C:\Windows\SYSTEM32\kernel.appcore.dll
0x00007fffe5820000 - 0x00007fffe582a000 	c:\Users\d.ngantchou\.vscode\extensions\redhat.java-1.31.0-win32-x64\jre\17.0.11-win32-x86_64\bin\jimage.dll
0x00007fffeacd0000 - 0x00007fffeaeb4000 	C:\Windows\SYSTEM32\DBGHELP.DLL
0x00007fffc8d00000 - 0x00007fffc8d34000 	C:\Windows\SYSTEM32\dbgcore.DLL
0x00007fffed3b0000 - 0x00007fffed432000 	C:\Windows\System32\bcryptPrimitives.dll
0x00007fffe1f20000 - 0x00007fffe1f2e000 	c:\Users\d.ngantchou\.vscode\extensions\redhat.java-1.31.0-win32-x64\jre\17.0.11-win32-x86_64\bin\instrument.dll
0x00007fffb9410000 - 0x00007fffb9435000 	c:\Users\d.ngantchou\.vscode\extensions\redhat.java-1.31.0-win32-x64\jre\17.0.11-win32-x86_64\bin\java.dll
0x00007fffdb710000 - 0x00007fffdb728000 	c:\Users\d.ngantchou\.vscode\extensions\redhat.java-1.31.0-win32-x64\jre\17.0.11-win32-x86_64\bin\zip.dll
0x00007fffedcb0000 - 0x00007fffee41c000 	C:\Windows\System32\SHELL32.dll
0x00007fffeafc0000 - 0x00007fffeb75d000 	C:\Windows\SYSTEM32\windows.storage.dll
0x00007fffee990000 - 0x00007fffeece3000 	C:\Windows\System32\combase.dll
0x00007fffecb60000 - 0x00007fffecb8e000 	C:\Windows\SYSTEM32\Wldp.dll
0x00007fffee420000 - 0x00007fffee4ed000 	C:\Windows\System32\OLEAUT32.dll
0x00007fffee520000 - 0x00007fffee5cd000 	C:\Windows\System32\SHCORE.dll
0x00007fffeee20000 - 0x00007fffeee75000 	C:\Windows\System32\shlwapi.dll
0x00007fffed1c0000 - 0x00007fffed1e4000 	C:\Windows\SYSTEM32\profapi.dll
0x00007fffc4750000 - 0x00007fffc4769000 	C:\Users\d.ngantchou\.vscode\extensions\redhat.java-1.31.0-win32-x64\jre\17.0.11-win32-x86_64\bin\net.dll
0x00007fffec200000 - 0x00007fffec30a000 	C:\Windows\SYSTEM32\WINHTTP.dll
0x00007fffec940000 - 0x00007fffec9aa000 	C:\Windows\system32\mswsock.dll
0x00007fffc1e20000 - 0x00007fffc1e36000 	C:\Users\d.ngantchou\.vscode\extensions\redhat.java-1.31.0-win32-x64\jre\17.0.11-win32-x86_64\bin\nio.dll
0x00007fffe1ef0000 - 0x00007fffe1f00000 	c:\Users\d.ngantchou\.vscode\extensions\redhat.java-1.31.0-win32-x64\jre\17.0.11-win32-x86_64\bin\verify.dll
0x00007fffad3d0000 - 0x00007fffad414000 	C:\Users\d.ngantchou\AppData\Roaming\Code\User\globalStorage\redhat.java\1.31.0\config_win\org.eclipse.equinox.launcher\org.eclipse.equinox.launcher.win32.win32.x86_64_1.2.1000.v20240507-1834\eclipse_11902.dll
0x00007fffef8b0000 - 0x00007fffef9db000 	C:\Windows\System32\ole32.dll
0x00007fffecc10000 - 0x00007fffecc28000 	C:\Windows\SYSTEM32\CRYPTSP.dll
0x00007fffec110000 - 0x00007fffec144000 	C:\Windows\system32\rsaenh.dll
0x00007fffed130000 - 0x00007fffed15e000 	C:\Windows\SYSTEM32\USERENV.dll
0x00007fffecad0000 - 0x00007fffecadc000 	C:\Windows\SYSTEM32\CRYPTBASE.dll
0x00007fffec640000 - 0x00007fffec67b000 	C:\Windows\SYSTEM32\IPHLPAPI.DLL
0x00007fffee780000 - 0x00007fffee788000 	C:\Windows\System32\NSI.dll
0x00007fffe6bb0000 - 0x00007fffe6bc7000 	C:\Windows\SYSTEM32\dhcpcsvc6.DLL
0x00007fffe6b80000 - 0x00007fffe6b9d000 	C:\Windows\SYSTEM32\dhcpcsvc.DLL
0x00007fffec680000 - 0x00007fffec74a000 	C:\Windows\SYSTEM32\DNSAPI.dll
0x00007fffaae50000 - 0x00007fffaae95000 	C:\Users\d.ngantchou\AppData\Local\Temp\jna-1561045647\jna9779774475327609053.dll
0x00007fffeee80000 - 0x00007fffeee88000 	C:\Windows\System32\PSAPI.DLL
0x00007fffce8f0000 - 0x00007fffce8fe000 	C:\Users\d.ngantchou\.vscode\extensions\redhat.java-1.31.0-win32-x64\jre\17.0.11-win32-x86_64\bin\sunmscapi.dll
0x00007fffed440000 - 0x00007fffed59e000 	C:\Windows\System32\CRYPT32.dll
0x00007fffecd20000 - 0x00007fffecd49000 	C:\Windows\SYSTEM32\ncrypt.dll
0x00007fffecce0000 - 0x00007fffecd1b000 	C:\Windows\SYSTEM32\NTASN1.dll
0x00007fffe34e0000 - 0x00007fffe34ea000 	C:\Windows\System32\rasadhlp.dll
0x00007fffe6b00000 - 0x00007fffe6b80000 	C:\Windows\System32\fwpuclnt.dll
0x00007fffce2b0000 - 0x00007fffce2b9000 	C:\Users\d.ngantchou\.vscode\extensions\redhat.java-1.31.0-win32-x64\jre\17.0.11-win32-x86_64\bin\extnet.dll
0x00007fffca1e0000 - 0x00007fffca207000 	C:\Users\d.ngantchou\.gradle\native\c067742578af261105cb4f569cf0c3c89f3d7b1fecec35dd04571415982c5e48\windows-amd64\native-platform.dll
0x00007fffd0f40000 - 0x00007fffd0f49000 	C:\Users\d.ngantchou\.vscode\extensions\redhat.java-1.31.0-win32-x64\jre\17.0.11-win32-x86_64\bin\management.dll
0x00007fffd0f30000 - 0x00007fffd0f3b000 	C:\Users\d.ngantchou\.vscode\extensions\redhat.java-1.31.0-win32-x64\jre\17.0.11-win32-x86_64\bin\management_ext.dll

dbghelp: loaded successfully - version: 4.0.5 - missing functions: none
symbol engine: initialized successfully - sym options: 0x614 - pdb path: .;c:\Users\d.ngantchou\.vscode\extensions\redhat.java-1.31.0-win32-x64\jre\17.0.11-win32-x86_64\bin;C:\Windows\SYSTEM32;C:\Windows\WinSxS\amd64_microsoft.windows.common-controls_6595b64144ccf1df_6.0.19041.4355_none_60b8b9eb71f62e16;c:\Users\d.ngantchou\.vscode\extensions\redhat.java-1.31.0-win32-x64\jre\17.0.11-win32-x86_64\bin\server;C:\Users\d.ngantchou\AppData\Roaming\Code\User\globalStorage\redhat.java\1.31.0\config_win\org.eclipse.equinox.launcher\org.eclipse.equinox.launcher.win32.win32.x86_64_1.2.1000.v20240507-1834;C:\Users\d.ngantchou\AppData\Local\Temp\jna-1561045647;C:\Users\d.ngantchou\.gradle\native\c067742578af261105cb4f569cf0c3c89f3d7b1fecec35dd04571415982c5e48\windows-amd64

VM Arguments:
jvm_args: --add-modules=ALL-SYSTEM --add-opens=java.base/java.util=ALL-UNNAMED --add-opens=java.base/java.lang=ALL-UNNAMED --add-opens=java.base/sun.nio.fs=ALL-UNNAMED -Declipse.application=org.eclipse.jdt.ls.core.id1 -Dosgi.bundles.defaultStartLevel=4 -Declipse.product=org.eclipse.jdt.ls.core.product -Djava.import.generatesMetadataFilesAtProjectRoot=false -DDetectVMInstallationsJob.disabled=true -Dfile.encoding=utf8 -XX:+UseParallelGC -XX:GCTimeRatio=4 -XX:AdaptiveSizePolicyWeight=90 -Dsun.zip.disableMemoryMapping=true -Xmx1G -Xms100m -Xlog:disable -javaagent:c:\Users\d.ngantchou\.vscode\extensions\redhat.java-1.31.0-win32-x64\lombok\lombok-1.18.32.jar -XX:+HeapDumpOnOutOfMemoryError -XX:HeapDumpPath=c:\Users\d.ngantchou\AppData\Roaming\Code\User\workspaceStorage\a36cf5bfe26e3b125d54e50f5ed0c1b0\redhat.java -Daether.dependencyCollector.impl=bf 
java_command: c:\Users\d.ngantchou\.vscode\extensions\redhat.java-1.31.0-win32-x64\server\plugins\org.eclipse.equinox.launcher_1.6.800.v20240513-1750.jar -configuration c:\Users\d.ngantchou\AppData\Roaming\Code\User\globalStorage\redhat.java\1.31.0\config_win -data c:\Users\d.ngantchou\AppData\Roaming\Code\User\workspaceStorage\a36cf5bfe26e3b125d54e50f5ed0c1b0\redhat.java\jdt_ws --pipe=\\.\pipe\lsp-c66027a1f014ce09c94de77e49dc8ec5-sock
java_class_path (initial): c:\Users\d.ngantchou\.vscode\extensions\redhat.java-1.31.0-win32-x64\server\plugins\org.eclipse.equinox.launcher_1.6.800.v20240513-1750.jar
Launcher Type: SUN_STANDARD

[Global flags]
    uintx AdaptiveSizePolicyWeight                 = 90                                        {product} {command line}
     intx CICompilerCount                          = 4                                         {product} {ergonomic}
    uintx GCTimeRatio                              = 4                                         {product} {command line}
     bool HeapDumpOnOutOfMemoryError               = true                                   {manageable} {command line}
    ccstr HeapDumpPath                             = c:\Users\d.ngantchou\AppData\Roaming\Code\User\workspaceStorage\a36cf5bfe26e3b125d54e50f5ed0c1b0\redhat.java         {manageable} {command line}
   size_t InitialHeapSize                          = 104857600                                 {product} {command line}
   size_t MaxHeapSize                              = 1073741824                                {product} {command line}
   size_t MaxNewSize                               = 357564416                                 {product} {ergonomic}
   size_t MinHeapDeltaBytes                        = 524288                                    {product} {ergonomic}
   size_t MinHeapSize                              = 104857600                                 {product} {command line}
   size_t NewSize                                  = 34603008                                  {product} {ergonomic}
    uintx NonNMethodCodeHeapSize                   = 5839372                                {pd product} {ergonomic}
    uintx NonProfiledCodeHeapSize                  = 122909434                              {pd product} {ergonomic}
   size_t OldSize                                  = 70254592                                  {product} {ergonomic}
    uintx ProfiledCodeHeapSize                     = 122909434                              {pd product} {ergonomic}
    uintx ReservedCodeCacheSize                    = 251658240                              {pd product} {ergonomic}
     bool SegmentedCodeCache                       = true                                      {product} {ergonomic}
   size_t SoftMaxHeapSize                          = 1073741824                             {manageable} {ergonomic}
     bool UseCompressedClassPointers               = true                           {product lp64_product} {ergonomic}
     bool UseCompressedOops                        = true                           {product lp64_product} {ergonomic}
     bool UseLargePagesIndividualAllocation        = false                                  {pd product} {ergonomic}
     bool UseParallelGC                            = true                                      {product} {command line}

Logging:
Log output configuration:
 #0: stdout all=off uptime,level,tags
 #1: stderr all=off uptime,level,tags

Environment Variables:
JAVA_HOME=C:\Program Files\Java\jdk-17
PATH=C:\Program Files\Common Files\Oracle\Java\javapath;C:\Windows\system32;C:\Windows;C:\Windows\System32\Wbem;C:\Windows\System32\WindowsPowerShell\v1.0\;C:\Windows\System32\OpenSSH\;C:\Program Files\Git\cmd;C:\Program Files\nodejs\;C:\Program Files\Docker\Docker\resources\bin;C:\xampp\php;C:\composer;C:\Program Files\Java\jdk-17\bin;C:\xampp\mysql\bin;C:\Gradle\gradle-8.6\bin;C:\Program Files\Microsoft SQL Server\150\Tools\Binn\;C:\Program Files\Microsoft SQL Server\Client SDK\ODBC\170\Tools\Binn\;C:\Program Files\dotnet\;C:\Users\d.ngantchou\AppData\Local\Microsoft\WindowsApps;;C:\Users\d.ngantchou\AppData\Local\Programs\Microsoft VS Code\bin;C:\Users\d.ngantchou\AppData\Roaming\npm;C:\Users\d.ngantchou\AppData\Roaming\Composer\vendor\bin;C:\Users\d.ngantchou\.dotnet\tools
USERNAME=d.ngantchou
OS=Windows_NT
PROCESSOR_IDENTIFIER=Intel64 Family 6 Model 140 Stepping 1, GenuineIntel
TMP=C:\Users\D98E0~1.NGA\AppData\Local\Temp
TEMP=C:\Users\D98E0~1.NGA\AppData\Local\Temp



Periodic native trim disabled


---------------  S Y S T E M  ---------------

OS:
 Windows 10 , 64 bit Build 19041 (10.0.19041.3636)
OS uptime: 4 days 19:34 hours
Hyper-V role detected

CPU: total 8 (initial active 8) (4 cores per cpu, 2 threads per core) family 6 model 140 stepping 1 microcode 0xb6, cx8, cmov, fxsr, ht, mmx, 3dnowpref, sse, sse2, sse3, ssse3, sse4.1, sse4.2, popcnt, lzcnt, tsc, tscinvbit, avx, avx2, aes, erms, clmul, bmi1, bmi2, adx, avx512f, avx512dq, avx512cd, avx512bw, avx512vl, sha, fma, vzeroupper, avx512_vpopcntdq, avx512_vpclmulqdq, avx512_vaes, avx512_vnni, clflush, clflushopt, clwb, avx512_vbmi2, avx512_vbmi, hv
Processor Information for processor 0
  Max Mhz: 2419, Current Mhz: 1411, Mhz Limit: 2419
Processor Information for processor 1
  Max Mhz: 2419, Current Mhz: 2419, Mhz Limit: 2419
Processor Information for processor 2
  Max Mhz: 2419, Current Mhz: 2419, Mhz Limit: 2419
Processor Information for processor 3
  Max Mhz: 2419, Current Mhz: 2419, Mhz Limit: 2419
Processor Information for processor 4
  Max Mhz: 2419, Current Mhz: 2419, Mhz Limit: 2419
Processor Information for processor 5
  Max Mhz: 2419, Current Mhz: 2419, Mhz Limit: 2419
Processor Information for processor 6
  Max Mhz: 2419, Current Mhz: 2419, Mhz Limit: 2419
Processor Information for processor 7
  Max Mhz: 2419, Current Mhz: 2419, Mhz Limit: 2419

Memory: 4k page, system-wide physical 11968M (458M free)
TotalPageFile size 25904M (AvailPageFile size 4M)
current process WorkingSet (physical memory assigned to process): 261M, peak: 263M
current process commit charge ("private bytes"): 328M, peak: 331M

vm_info: OpenJDK 64-Bit Server VM (17.0.11+9) for windows-amd64 JRE (17.0.11+9), built on Apr 17 2024 06:07:48 by "admin" with MS VC++ 16.10 / 16.11 (VS2019)

END.
