#
# There is insufficient memory for the Java Runtime Environment to continue.
# Native memory allocation (mmap) failed to map 325058560 bytes for G1 virtual space
# Possible reasons:
#   The system is out of physical RAM or swap space
#   The process is running with CompressedOops enabled, and the Java Heap may be blocking the growth of the native heap
# Possible solutions:
#   Reduce memory load on the system
#   Increase physical memory or swap space
#   Check if swap backing store is full
#   Decrease Java heap size (-Xmx/-Xms)
#   Decrease number of Java threads
#   Decrease Java thread stack sizes (-Xss)
#   Set larger code cache with -XX:ReservedCodeCacheSize=
#   JVM is running with Zero Based Compressed Oops mode in which the Java heap is
#     placed in the first 32GB address space. The Java Heap base address is the
#     maximum limit for the native heap growth. Please use -XX:HeapBaseMinAddress
#     to set the Java Heap base and to place the Java Heap above 32GB virtual address.
# This output file may be truncated or incomplete.
#
#  Out of Memory Error (os_windows.cpp:3548), pid=9648, tid=16480
#
# JRE version: Java(TM) SE Runtime Environment (17.0.10+11) (build 17.0.10+11-LTS-240)
# Java VM: Java HotSpot(TM) 64-Bit Server VM (17.0.10+11-LTS-240, mixed mode, sharing, tiered, compressed oops, compressed class ptrs, g1 gc, windows-amd64)
# No core dump will be written. Minidumps are not enabled by default on client versions of Windows
#

---------------  S U M M A R Y ------------

Command Line: --add-opens=java.base/java.util=ALL-UNNAMED --add-opens=java.base/java.lang=ALL-UNNAMED --add-opens=java.base/java.lang.invoke=ALL-UNNAMED --add-opens=java.prefs/java.util.prefs=ALL-UNNAMED --add-opens=java.base/java.nio.charset=ALL-UNNAMED --add-opens=java.base/java.net=ALL-UNNAMED --add-opens=java.base/java.util.concurrent.atomic=ALL-UNNAMED -Dfile.encoding=windows-1252 -Duser.country=FR -Duser.language=fr -Duser.variant -javaagent:C:\Users\d.ngantchou\.gradle\wrapper\dists\gradle-8.6-bin\afr5mpiioh2wthjmwnkmdsd5w\gradle-8.6\lib\agents\gradle-instrumentation-agent-8.6.jar org.gradle.launcher.daemon.bootstrap.GradleDaemon 8.6

Host: 11th Gen Intel(R) Core(TM) i5-1135G7 @ 2.40GHz, 8 cores, 11G,  Windows 10 , 64 bit Build 19041 (10.0.19041.3636)
Time: Tue Jun 25 13:12:44 2024 Afr. centrale Ouest elapsed time: 45.713917 seconds (0d 0h 0m 45s)

---------------  T H R E A D  ---------------

Current thread (0x0000024f352470a0):  VMThread "VM Thread" [stack: 0x000000ed6a700000,0x000000ed6a800000] [id=16480]

Stack: [0x000000ed6a700000,0x000000ed6a800000]
Native frames: (J=compiled Java code, j=interpreted, Vv=VM code, C=native code)
V  [jvm.dll+0x677a5a]
V  [jvm.dll+0x7d8b2d]
V  [jvm.dll+0x7da48e]
V  [jvm.dll+0x7daaf3]
V  [jvm.dll+0x2455ff]
V  [jvm.dll+0x6749b9]
V  [jvm.dll+0x669382]
V  [jvm.dll+0x302e96]
V  [jvm.dll+0x30a416]
V  [jvm.dll+0x359cbe]
V  [jvm.dll+0x359eef]
V  [jvm.dll+0x2d9e88]
V  [jvm.dll+0x2d8295]
V  [jvm.dll+0x2d789c]
V  [jvm.dll+0x31b18b]
V  [jvm.dll+0x7df30b]
V  [jvm.dll+0x7e0044]
V  [jvm.dll+0x7e055d]
V  [jvm.dll+0x7e0934]
V  [jvm.dll+0x7e0a00]
V  [jvm.dll+0x78888a]
V  [jvm.dll+0x676935]
C  [ucrtbase.dll+0x21bb2]
C  [KERNEL32.DLL+0x17344]
C  [ntdll.dll+0x4cc91]

VM_Operation (0x000000ed6d5fd4f0): G1CollectForAllocation, mode: safepoint, requested by thread 0x0000024f7ea01800


---------------  P R O C E S S  ---------------

Threads class SMR info:
_java_thread_list=0x0000024f7ca24090, length=136, elements={
0x0000024f14d063e0, 0x0000024f3524fa70, 0x0000024f35250540, 0x0000024f35265000,
0x0000024f35265ad0, 0x0000024f3526ace0, 0x0000024f3526b5b0, 0x0000024f3526c670,
0x0000024f35270530, 0x0000024f35292260, 0x0000024f354c4f30, 0x0000024f356153f0,
0x0000024f7c6b2240, 0x0000024f7b8fa190, 0x0000024f7b0d1fd0, 0x0000024f7beef030,
0x0000024f7b70b140, 0x0000024f359398e0, 0x0000024f35939df0, 0x0000024f3593a300,
0x0000024f3593a810, 0x0000024f3593ad20, 0x0000024f7c4e9810, 0x0000024f7c4e9300,
0x0000024f7c4e79b0, 0x0000024f7c4e6f90, 0x0000024f7c4e6a80, 0x0000024f7c4e7ec0,
0x0000024f7c4e83d0, 0x0000024f7c4e88e0, 0x0000024f7c4e8df0, 0x0000024f7c4e6060,
0x0000024f7c4e6570, 0x0000024f7ea063f0, 0x0000024f7ea03150, 0x0000024f7ea06900,
0x0000024f7ea02730, 0x0000024f7ea04aa0, 0x0000024f7ea01800, 0x0000024f7ea04fb0,
0x0000024f7ea04590, 0x0000024f7ea02220, 0x0000024f7ea02c40, 0x0000024f7ea04080,
0x0000024f7ea059d0, 0x0000024f7ea06e10, 0x0000024f7ea00de0, 0x0000024f7ea05ee0,
0x0000024f7ea03660, 0x0000024f7ea03b70, 0x0000024f7e9ff9a0, 0x0000024f7ea008d0,
0x0000024f7e9ffeb0, 0x0000024f7ea07320, 0x0000024f7ea003c0, 0x0000024f3593b230,
0x0000024f7ceb7f90, 0x0000024f7ceb47e0, 0x0000024f7ceb7a80, 0x0000024f7cebb230,
0x0000024f7ceb6640, 0x0000024f7ceb5c20, 0x0000024f7ceb4cf0, 0x0000024f7ceb84a0,
0x0000024f7ceb5200, 0x0000024f7ceb5710, 0x0000024f7cebad20, 0x0000024f7ceb89b0,
0x0000024f7ceb9df0, 0x0000024f7ceb6130, 0x0000024f7ceb6b50, 0x0000024f7ceb8ec0,
0x0000024f7ceb98e0, 0x0000024f7ceba300, 0x0000024f7ceb7060, 0x0000024f7ceb93d0,
0x0000024f7ceba810, 0x0000024f7ceb7570, 0x0000024f7ceb42d0, 0x0000024f7cebbc50,
0x0000024f7f3d8280, 0x0000024f7f3de2b0, 0x0000024f7f3dd890, 0x0000024f7f3d96c0,
0x0000024f7f3dce70, 0x0000024f7f3d7860, 0x0000024f7f3da5f0, 0x0000024f7f3ddda0,
0x0000024f7f3d8ca0, 0x0000024f7f3d91b0, 0x0000024f7f3d9bd0, 0x0000024f7f3da0e0,
0x0000024f7f3dab00, 0x0000024f7f3de7c0, 0x0000024f7f3db010, 0x0000024f7f3db520,
0x0000024f7f3decd0, 0x0000024f7f3dc450, 0x0000024f7f3dba30, 0x0000024f7f3d7d70,
0x0000024f7f3df1e0, 0x0000024f7f3d8790, 0x0000024f7f3dc960, 0x0000024f7f3dd380,
0x0000024f7d9c73e0, 0x0000024f7d9c8820, 0x0000024f7d9c69c0, 0x0000024f7d9c5fa0,
0x0000024f7d9cb0a0, 0x0000024f7d9cb5b0, 0x0000024f7d9c9c60, 0x0000024f7d9ccf00,
0x0000024f7d9c78f0, 0x0000024f7d9c8d30, 0x0000024f7d9c6ed0, 0x0000024f7d9c7e00,
0x0000024f7d9c64b0, 0x0000024f7d9cbac0, 0x0000024f7d9ca170, 0x0000024f7d9c8310,
0x0000024f7d9cc4e0, 0x0000024f7d9c9240, 0x0000024f7d9ca680, 0x0000024f7d9cab90,
0x0000024f7d9c9750, 0x0000024f7d9cc9f0, 0x0000024f7d9cd410, 0x0000024f7d9cd920,
0x0000024f7d519f30, 0x0000024f7d51b370, 0x0000024f7d51ae60, 0x0000024f7d5185e0,
0x0000024f7d51b880, 0x0000024f7d519510, 0x0000024f7d51bd90, 0x0000024f7f4aa230
}

Java Threads: ( => current thread )
  0x0000024f14d063e0 JavaThread "main" [_thread_blocked, id=18816, stack(0x000000ed6a100000,0x000000ed6a200000)]
  0x0000024f3524fa70 JavaThread "Reference Handler" daemon [_thread_blocked, id=2324, stack(0x000000ed6a800000,0x000000ed6a900000)]
  0x0000024f35250540 JavaThread "Finalizer" daemon [_thread_blocked, id=18928, stack(0x000000ed6a900000,0x000000ed6aa00000)]
  0x0000024f35265000 JavaThread "Signal Dispatcher" daemon [_thread_blocked, id=904, stack(0x000000ed6aa00000,0x000000ed6ab00000)]
  0x0000024f35265ad0 JavaThread "Attach Listener" daemon [_thread_blocked, id=18580, stack(0x000000ed6ab00000,0x000000ed6ac00000)]
  0x0000024f3526ace0 JavaThread "Service Thread" daemon [_thread_blocked, id=10724, stack(0x000000ed6ac00000,0x000000ed6ad00000)]
  0x0000024f3526b5b0 JavaThread "Monitor Deflation Thread" daemon [_thread_blocked, id=1328, stack(0x000000ed6ad00000,0x000000ed6ae00000)]
  0x0000024f3526c670 JavaThread "C2 CompilerThread0" daemon [_thread_in_native, id=17764, stack(0x000000ed6ae00000,0x000000ed6af00000)]
  0x0000024f35270530 JavaThread "C1 CompilerThread0" daemon [_thread_blocked, id=16244, stack(0x000000ed6af00000,0x000000ed6b000000)]
  0x0000024f35292260 JavaThread "Sweeper thread" daemon [_thread_blocked, id=12664, stack(0x000000ed6b000000,0x000000ed6b100000)]
  0x0000024f354c4f30 JavaThread "Common-Cleaner" daemon [_thread_blocked, id=17932, stack(0x000000ed6b100000,0x000000ed6b200000)]
  0x0000024f356153f0 JavaThread "Notification Thread" daemon [_thread_blocked, id=14824, stack(0x000000ed6b300000,0x000000ed6b400000)]
  0x0000024f7c6b2240 JavaThread "Daemon health stats" [_thread_blocked, id=11072, stack(0x000000ed6ba00000,0x000000ed6bb00000)]
  0x0000024f7b8fa190 JavaThread "Incoming local TCP Connector on port 57225" [_thread_in_native, id=3808, stack(0x000000ed6b200000,0x000000ed6b300000)]
  0x0000024f7b0d1fd0 JavaThread "Daemon periodic checks" [_thread_blocked, id=19156, stack(0x000000ed6b900000,0x000000ed6ba00000)]
  0x0000024f7beef030 JavaThread "Daemon" [_thread_blocked, id=13200, stack(0x000000ed6bb00000,0x000000ed6bc00000)]
  0x0000024f7b70b140 JavaThread "Handler for socket connection from /127.0.0.1:57225 to /127.0.0.1:57226" [_thread_in_native, id=10648, stack(0x000000ed6bc00000,0x000000ed6bd00000)]
  0x0000024f359398e0 JavaThread "Cancel handler" [_thread_blocked, id=18976, stack(0x000000ed6bd00000,0x000000ed6be00000)]
  0x0000024f35939df0 JavaThread "Daemon worker" [_thread_blocked, id=19348, stack(0x000000ed6be00000,0x000000ed6bf00000)]
  0x0000024f3593a300 JavaThread "Asynchronous log dispatcher for DefaultDaemonConnection: socket connection from /127.0.0.1:57225 to /127.0.0.1:57226" [_thread_blocked, id=19172, stack(0x000000ed6bf00000,0x000000ed6c000000)]
  0x0000024f3593a810 JavaThread "Stdin handler" [_thread_blocked, id=6856, stack(0x000000ed6c000000,0x000000ed6c100000)]
  0x0000024f3593ad20 JavaThread "Daemon client event forwarder" [_thread_blocked, id=21144, stack(0x000000ed6c100000,0x000000ed6c200000)]
  0x0000024f7c4e9810 JavaThread "Cache worker for journal cache (C:\Users\d.ngantchou\.gradle\caches\journal-1)" [_thread_blocked, id=11488, stack(0x000000ed6c200000,0x000000ed6c300000)]
  0x0000024f7c4e9300 JavaThread "File lock request listener" [_thread_in_native, id=21080, stack(0x000000ed6c300000,0x000000ed6c400000)]
  0x0000024f7c4e79b0 JavaThread "Cache worker for file hash cache (C:\Users\d.ngantchou\.gradle\caches\8.6\fileHashes)" [_thread_blocked, id=18820, stack(0x000000ed6c400000,0x000000ed6c500000)]
  0x0000024f7c4e6f90 JavaThread "File watcher server" daemon [_thread_blocked, id=9688, stack(0x000000ed6ca00000,0x000000ed6cb00000)]
  0x0000024f7c4e6a80 JavaThread "File watcher consumer" daemon [_thread_blocked, id=20128, stack(0x000000ed6cb00000,0x000000ed6cc00000)]
  0x0000024f7c4e7ec0 JavaThread "Cache worker for checksums cache (C:\xampp\htdocs\lvm\fineract\.gradle\8.6\checksums)" [_thread_blocked, id=14476, stack(0x000000ed6cd00000,0x000000ed6ce00000)]
  0x0000024f7c4e83d0 JavaThread "Cache worker for file hash cache (C:\xampp\htdocs\lvm\fineract\.gradle\8.6\fileHashes)" [_thread_blocked, id=19668, stack(0x000000ed6ce00000,0x000000ed6cf00000)]
  0x0000024f7c4e88e0 JavaThread "Cache worker for cache directory md-supplier (C:\Users\d.ngantchou\.gradle\caches\8.6\md-supplier)" [_thread_blocked, id=20476, stack(0x000000ed6cf00000,0x000000ed6d000000)]
  0x0000024f7c4e8df0 JavaThread "Cache worker for cache directory md-rule (C:\Users\d.ngantchou\.gradle\caches\8.6\md-rule)" [_thread_blocked, id=1536, stack(0x000000ed6d000000,0x000000ed6d100000)]
  0x0000024f7c4e6060 JavaThread "Cache worker for file content cache (C:\Users\d.ngantchou\.gradle\caches\8.6\fileContent)" [_thread_blocked, id=17936, stack(0x000000ed6d100000,0x000000ed6d200000)]
  0x0000024f7c4e6570 JavaThread "jar transforms" [_thread_blocked, id=9480, stack(0x000000ed6d200000,0x000000ed6d300000)]
  0x0000024f7ea063f0 JavaThread "Unconstrained build operations" [_thread_blocked, id=12092, stack(0x000000ed6c500000,0x000000ed6c600000)]
  0x0000024f7ea03150 JavaThread "jar transforms Thread 2" [_thread_blocked, id=3576, stack(0x000000ed6c900000,0x000000ed6ca00000)]
  0x0000024f7ea06900 JavaThread "jar transforms Thread 3" [_thread_blocked, id=17604, stack(0x000000ed6d400000,0x000000ed6d500000)]
  0x0000024f7ea02730 JavaThread "Unconstrained build operations Thread 2" [_thread_blocked, id=15576, stack(0x000000ed6d600000,0x000000ed6d700000)]
  0x0000024f7ea04aa0 JavaThread "Unconstrained build operations Thread 3" [_thread_blocked, id=7724, stack(0x000000ed6d700000,0x000000ed6d800000)]
  0x0000024f7ea01800 JavaThread "gradle-enterprise-worker-0" [_thread_blocked, id=12088, stack(0x000000ed6d500000,0x000000ed6d600000)]
  0x0000024f7ea04fb0 JavaThread "jar transforms Thread 4" [_thread_blocked, id=18836, stack(0x000000ed6da00000,0x000000ed6db00000)]
  0x0000024f7ea04590 JavaThread "jar transforms Thread 5" [_thread_blocked, id=8588, stack(0x000000ed6db00000,0x000000ed6dc00000)]
  0x0000024f7ea02220 JavaThread "jar transforms Thread 6" [_thread_blocked, id=19660, stack(0x000000ed6dc00000,0x000000ed6dd00000)]
  0x0000024f7ea02c40 JavaThread "Cache worker for Build Output Cleanup Cache (C:\xampp\htdocs\lvm\fineract\buildSrc\.gradle\buildOutputCleanup)" [_thread_blocked, id=20216, stack(0x000000ed6dd00000,0x000000ed6de00000)]
  0x0000024f7ea04080 JavaThread "Memory manager" [_thread_blocked, id=12504, stack(0x000000ed6de00000,0x000000ed6df00000)]
  0x0000024f7ea059d0 JavaThread "jar transforms Thread 7" [_thread_blocked, id=19652, stack(0x000000ed6d800000,0x000000ed6d900000)]
  0x0000024f7ea06e10 JavaThread "Unconstrained build operations Thread 4" [_thread_blocked, id=19848, stack(0x000000ed6df00000,0x000000ed6e000000)]
  0x0000024f7ea00de0 JavaThread "jar transforms Thread 8" [_thread_blocked, id=12188, stack(0x000000ed6e000000,0x000000ed6e100000)]
  0x0000024f7ea05ee0 JavaThread "included builds" [_thread_blocked, id=14144, stack(0x000000ed6e100000,0x000000ed6e200000)]
  0x0000024f7ea03660 JavaThread "Execution worker" [_thread_blocked, id=2232, stack(0x000000ed6e200000,0x000000ed6e300000)]
  0x0000024f7ea03b70 JavaThread "Execution worker Thread 2" [_thread_blocked, id=8612, stack(0x000000ed6e300000,0x000000ed6e400000)]
  0x0000024f7e9ff9a0 JavaThread "Execution worker Thread 3" [_thread_blocked, id=20668, stack(0x000000ed6e400000,0x000000ed6e500000)]
  0x0000024f7ea008d0 JavaThread "Execution worker Thread 4" [_thread_blocked, id=1300, stack(0x000000ed6e500000,0x000000ed6e600000)]
  0x0000024f7e9ffeb0 JavaThread "Execution worker Thread 5" [_thread_blocked, id=18992, stack(0x000000ed6e600000,0x000000ed6e700000)]
  0x0000024f7ea07320 JavaThread "Execution worker Thread 6" [_thread_blocked, id=21000, stack(0x000000ed6e700000,0x000000ed6e800000)]
  0x0000024f7ea003c0 JavaThread "Execution worker Thread 7" [_thread_blocked, id=15268, stack(0x000000ed6e800000,0x000000ed6e900000)]
  0x0000024f3593b230 JavaThread "Cache worker for execution history cache (C:\xampp\htdocs\lvm\fineract\buildSrc\.gradle\8.6\executionHistory)" [_thread_blocked, id=15068, stack(0x000000ed6e900000,0x000000ed6ea00000)]
  0x0000024f7ceb7f90 JavaThread "Unconstrained build operations Thread 5" [_thread_blocked, id=16984, stack(0x000000ed6ea00000,0x000000ed6eb00000)]
  0x0000024f7ceb47e0 JavaThread "Unconstrained build operations Thread 6" [_thread_blocked, id=14576, stack(0x000000ed6eb00000,0x000000ed6ec00000)]
  0x0000024f7ceb7a80 JavaThread "Unconstrained build operations Thread 7" [_thread_blocked, id=3304, stack(0x000000ed6ec00000,0x000000ed6ed00000)]
  0x0000024f7cebb230 JavaThread "Unconstrained build operations Thread 8" [_thread_blocked, id=14216, stack(0x000000ed6ed00000,0x000000ed6ee00000)]
  0x0000024f7ceb6640 JavaThread "Unconstrained build operations Thread 9" [_thread_blocked, id=3224, stack(0x000000ed6ee00000,0x000000ed6ef00000)]
  0x0000024f7ceb5c20 JavaThread "Unconstrained build operations Thread 10" [_thread_blocked, id=14348, stack(0x000000ed6ef00000,0x000000ed6f000000)]
  0x0000024f7ceb4cf0 JavaThread "Unconstrained build operations Thread 11" [_thread_blocked, id=17412, stack(0x000000ed6f000000,0x000000ed6f100000)]
  0x0000024f7ceb84a0 JavaThread "Unconstrained build operations Thread 12" [_thread_blocked, id=12200, stack(0x000000ed6f100000,0x000000ed6f200000)]
  0x0000024f7ceb5200 JavaThread "Unconstrained build operations Thread 13" [_thread_blocked, id=18660, stack(0x000000ed6f200000,0x000000ed6f300000)]
  0x0000024f7ceb5710 JavaThread "Unconstrained build operations Thread 14" [_thread_blocked, id=3320, stack(0x000000ed6f300000,0x000000ed6f400000)]
  0x0000024f7cebad20 JavaThread "Unconstrained build operations Thread 15" [_thread_blocked, id=18624, stack(0x000000ed6f400000,0x000000ed6f500000)]
  0x0000024f7ceb89b0 JavaThread "Unconstrained build operations Thread 16" [_thread_blocked, id=21432, stack(0x000000ed6f500000,0x000000ed6f600000)]
  0x0000024f7ceb9df0 JavaThread "Unconstrained build operations Thread 17" [_thread_blocked, id=5816, stack(0x000000ed6f600000,0x000000ed6f700000)]
  0x0000024f7ceb6130 JavaThread "Unconstrained build operations Thread 18" [_thread_blocked, id=7752, stack(0x000000ed6f700000,0x000000ed6f800000)]
  0x0000024f7ceb6b50 JavaThread "Unconstrained build operations Thread 19" [_thread_blocked, id=11952, stack(0x000000ed6f800000,0x000000ed6f900000)]
  0x0000024f7ceb8ec0 JavaThread "Unconstrained build operations Thread 20" [_thread_blocked, id=9028, stack(0x000000ed6f900000,0x000000ed6fa00000)]
  0x0000024f7ceb98e0 JavaThread "Unconstrained build operations Thread 21" [_thread_blocked, id=19220, stack(0x000000ed6fa00000,0x000000ed6fb00000)]
  0x0000024f7ceba300 JavaThread "Unconstrained build operations Thread 22" [_thread_blocked, id=17564, stack(0x000000ed6fb00000,0x000000ed6fc00000)]
  0x0000024f7ceb7060 JavaThread "Unconstrained build operations Thread 23" [_thread_blocked, id=11832, stack(0x000000ed6fc00000,0x000000ed6fd00000)]
  0x0000024f7ceb93d0 JavaThread "Unconstrained build operations Thread 24" [_thread_blocked, id=9644, stack(0x000000ed6fd00000,0x000000ed6fe00000)]
  0x0000024f7ceba810 JavaThread "Unconstrained build operations Thread 25" [_thread_blocked, id=20148, stack(0x000000ed6fe00000,0x000000ed6ff00000)]
  0x0000024f7ceb7570 JavaThread "Unconstrained build operations Thread 26" [_thread_blocked, id=5712, stack(0x000000ed6ff00000,0x000000ed70000000)]
  0x0000024f7ceb42d0 JavaThread "Unconstrained build operations Thread 27" [_thread_blocked, id=17032, stack(0x000000ed70000000,0x000000ed70100000)]
  0x0000024f7cebbc50 JavaThread "Unconstrained build operations Thread 28" [_thread_blocked, id=15096, stack(0x000000ed70100000,0x000000ed70200000)]
  0x0000024f7f3d8280 JavaThread "Unconstrained build operations Thread 29" [_thread_blocked, id=13768, stack(0x000000ed70200000,0x000000ed70300000)]
  0x0000024f7f3de2b0 JavaThread "Unconstrained build operations Thread 30" [_thread_blocked, id=16628, stack(0x000000ed70300000,0x000000ed70400000)]
  0x0000024f7f3dd890 JavaThread "Unconstrained build operations Thread 31" [_thread_blocked, id=14048, stack(0x000000ed70400000,0x000000ed70500000)]
  0x0000024f7f3d96c0 JavaThread "Unconstrained build operations Thread 32" [_thread_blocked, id=21064, stack(0x000000ed70500000,0x000000ed70600000)]
  0x0000024f7f3dce70 JavaThread "Unconstrained build operations Thread 33" [_thread_blocked, id=17232, stack(0x000000ed70600000,0x000000ed70700000)]
  0x0000024f7f3d7860 JavaThread "Unconstrained build operations Thread 34" [_thread_blocked, id=15120, stack(0x000000ed70700000,0x000000ed70800000)]
  0x0000024f7f3da5f0 JavaThread "Unconstrained build operations Thread 35" [_thread_blocked, id=18488, stack(0x000000ed70800000,0x000000ed70900000)]
  0x0000024f7f3ddda0 JavaThread "Unconstrained build operations Thread 36" [_thread_blocked, id=16844, stack(0x000000ed70900000,0x000000ed70a00000)]
  0x0000024f7f3d8ca0 JavaThread "Unconstrained build operations Thread 37" [_thread_blocked, id=2084, stack(0x000000ed70a00000,0x000000ed70b00000)]
  0x0000024f7f3d91b0 JavaThread "Unconstrained build operations Thread 38" [_thread_blocked, id=20280, stack(0x000000ed70b00000,0x000000ed70c00000)]
  0x0000024f7f3d9bd0 JavaThread "Unconstrained build operations Thread 39" [_thread_blocked, id=3256, stack(0x000000ed70c00000,0x000000ed70d00000)]
  0x0000024f7f3da0e0 JavaThread "Unconstrained build operations Thread 40" [_thread_blocked, id=19216, stack(0x000000ed70d00000,0x000000ed70e00000)]
  0x0000024f7f3dab00 JavaThread "Unconstrained build operations Thread 41" [_thread_blocked, id=20048, stack(0x000000ed70e00000,0x000000ed70f00000)]
  0x0000024f7f3de7c0 JavaThread "Unconstrained build operations Thread 42" [_thread_blocked, id=148, stack(0x000000ed70f00000,0x000000ed71000000)]
  0x0000024f7f3db010 JavaThread "Unconstrained build operations Thread 43" [_thread_blocked, id=18968, stack(0x000000ed71000000,0x000000ed71100000)]
  0x0000024f7f3db520 JavaThread "Unconstrained build operations Thread 44" [_thread_blocked, id=20444, stack(0x000000ed71100000,0x000000ed71200000)]
  0x0000024f7f3decd0 JavaThread "Unconstrained build operations Thread 45" [_thread_blocked, id=14804, stack(0x000000ed71200000,0x000000ed71300000)]
  0x0000024f7f3dc450 JavaThread "Unconstrained build operations Thread 46" [_thread_blocked, id=21256, stack(0x000000ed71300000,0x000000ed71400000)]
  0x0000024f7f3dba30 JavaThread "Unconstrained build operations Thread 47" [_thread_blocked, id=12012, stack(0x000000ed71400000,0x000000ed71500000)]
  0x0000024f7f3d7d70 JavaThread "Unconstrained build operations Thread 48" [_thread_blocked, id=13232, stack(0x000000ed71500000,0x000000ed71600000)]
  0x0000024f7f3df1e0 JavaThread "Unconstrained build operations Thread 49" [_thread_blocked, id=12700, stack(0x000000ed71600000,0x000000ed71700000)]
  0x0000024f7f3d8790 JavaThread "Unconstrained build operations Thread 50" [_thread_blocked, id=4708, stack(0x000000ed71700000,0x000000ed71800000)]
  0x0000024f7f3dc960 JavaThread "Unconstrained build operations Thread 51" [_thread_blocked, id=19716, stack(0x000000ed71800000,0x000000ed71900000)]
  0x0000024f7f3dd380 JavaThread "Unconstrained build operations Thread 52" [_thread_blocked, id=608, stack(0x000000ed71900000,0x000000ed71a00000)]
  0x0000024f7d9c73e0 JavaThread "Unconstrained build operations Thread 53" [_thread_blocked, id=19788, stack(0x000000ed71a00000,0x000000ed71b00000)]
  0x0000024f7d9c8820 JavaThread "Unconstrained build operations Thread 54" [_thread_blocked, id=21452, stack(0x000000ed71b00000,0x000000ed71c00000)]
  0x0000024f7d9c69c0 JavaThread "Unconstrained build operations Thread 55" [_thread_blocked, id=9368, stack(0x000000ed71c00000,0x000000ed71d00000)]
  0x0000024f7d9c5fa0 JavaThread "Unconstrained build operations Thread 56" [_thread_blocked, id=16872, stack(0x000000ed71d00000,0x000000ed71e00000)]
  0x0000024f7d9cb0a0 JavaThread "Unconstrained build operations Thread 57" [_thread_blocked, id=6476, stack(0x000000ed71e00000,0x000000ed71f00000)]
  0x0000024f7d9cb5b0 JavaThread "Unconstrained build operations Thread 58" [_thread_blocked, id=3948, stack(0x000000ed71f00000,0x000000ed72000000)]
  0x0000024f7d9c9c60 JavaThread "Unconstrained build operations Thread 59" [_thread_blocked, id=16972, stack(0x000000ed72000000,0x000000ed72100000)]
  0x0000024f7d9ccf00 JavaThread "Unconstrained build operations Thread 60" [_thread_blocked, id=14192, stack(0x000000ed72100000,0x000000ed72200000)]
  0x0000024f7d9c78f0 JavaThread "Unconstrained build operations Thread 61" [_thread_blocked, id=11420, stack(0x000000ed72200000,0x000000ed72300000)]
  0x0000024f7d9c8d30 JavaThread "Unconstrained build operations Thread 62" [_thread_blocked, id=92, stack(0x000000ed72300000,0x000000ed72400000)]
  0x0000024f7d9c6ed0 JavaThread "Unconstrained build operations Thread 63" [_thread_blocked, id=5296, stack(0x000000ed72400000,0x000000ed72500000)]
  0x0000024f7d9c7e00 JavaThread "Unconstrained build operations Thread 64" [_thread_blocked, id=4284, stack(0x000000ed72500000,0x000000ed72600000)]
  0x0000024f7d9c64b0 JavaThread "Unconstrained build operations Thread 65" [_thread_blocked, id=10436, stack(0x000000ed72600000,0x000000ed72700000)]
  0x0000024f7d9cbac0 JavaThread "Unconstrained build operations Thread 66" [_thread_blocked, id=20380, stack(0x000000ed72700000,0x000000ed72800000)]
  0x0000024f7d9ca170 JavaThread "Unconstrained build operations Thread 67" [_thread_blocked, id=8408, stack(0x000000ed72800000,0x000000ed72900000)]
  0x0000024f7d9c8310 JavaThread "Unconstrained build operations Thread 68" [_thread_blocked, id=19044, stack(0x000000ed72900000,0x000000ed72a00000)]
  0x0000024f7d9cc4e0 JavaThread "Unconstrained build operations Thread 69" [_thread_blocked, id=15564, stack(0x000000ed72a00000,0x000000ed72b00000)]
  0x0000024f7d9c9240 JavaThread "Unconstrained build operations Thread 70" [_thread_blocked, id=16112, stack(0x000000ed72b00000,0x000000ed72c00000)]
  0x0000024f7d9ca680 JavaThread "Unconstrained build operations Thread 71" [_thread_blocked, id=18356, stack(0x000000ed72c00000,0x000000ed72d00000)]
  0x0000024f7d9cab90 JavaThread "Unconstrained build operations Thread 72" [_thread_blocked, id=21492, stack(0x000000ed72d00000,0x000000ed72e00000)]
  0x0000024f7d9c9750 JavaThread "Unconstrained build operations Thread 73" [_thread_blocked, id=14000, stack(0x000000ed72e00000,0x000000ed72f00000)]
  0x0000024f7d9cc9f0 JavaThread "Unconstrained build operations Thread 74" [_thread_blocked, id=18996, stack(0x000000ed72f00000,0x000000ed73000000)]
  0x0000024f7d9cd410 JavaThread "Unconstrained build operations Thread 75" [_thread_blocked, id=10676, stack(0x000000ed73000000,0x000000ed73100000)]
  0x0000024f7d9cd920 JavaThread "Unconstrained build operations Thread 76" [_thread_blocked, id=19296, stack(0x000000ed73100000,0x000000ed73200000)]
  0x0000024f7d519f30 JavaThread "Unconstrained build operations Thread 77" [_thread_blocked, id=13876, stack(0x000000ed73200000,0x000000ed73300000)]
  0x0000024f7d51b370 JavaThread "Unconstrained build operations Thread 78" [_thread_blocked, id=19264, stack(0x000000ed73300000,0x000000ed73400000)]
  0x0000024f7d51ae60 JavaThread "Unconstrained build operations Thread 79" [_thread_blocked, id=15380, stack(0x000000ed73400000,0x000000ed73500000)]
  0x0000024f7d5185e0 JavaThread "Unconstrained build operations Thread 80" [_thread_blocked, id=8688, stack(0x000000ed73500000,0x000000ed73600000)]
  0x0000024f7d51b880 JavaThread "Cache worker for Build Output Cleanup Cache (C:\xampp\htdocs\lvm\fineract\.gradle\buildOutputCleanup)" [_thread_blocked, id=20496, stack(0x000000ed73600000,0x000000ed73700000)]
  0x0000024f7d519510 JavaThread "JGit-FileStoreAttributeReader-1" daemon [_thread_blocked, id=17516, stack(0x000000ed6d300000,0x000000ed6d400000)]
  0x0000024f7d51bd90 JavaThread "build event listener" [_thread_blocked, id=20192, stack(0x000000ed73700000,0x000000ed73800000)]
  0x0000024f7f4aa230 JavaThread "Thread-121" daemon [_thread_blocked, id=17908, stack(0x000000ed73a00000,0x000000ed73b00000)]

Other Threads:
=>0x0000024f352470a0 VMThread "VM Thread" [stack: 0x000000ed6a700000,0x000000ed6a800000] [id=16480]
  0x0000024f356158d0 WatcherThread [stack: 0x000000ed6b400000,0x000000ed6b500000] [id=18680]
  0x0000024f14d5cac0 GCTaskThread "GC Thread#0" [stack: 0x000000ed6a200000,0x000000ed6a300000] [id=17628]
  0x0000024f356771a0 GCTaskThread "GC Thread#1" [stack: 0x000000ed6b600000,0x000000ed6b700000] [id=11168]
  0x0000024f35677460 GCTaskThread "GC Thread#2" [stack: 0x000000ed6b700000,0x000000ed6b800000] [id=9780]
  0x0000024f35678220 GCTaskThread "GC Thread#3" [stack: 0x000000ed6b800000,0x000000ed6b900000] [id=2972]
  0x0000024f356787a0 GCTaskThread "GC Thread#4" [stack: 0x000000ed6b500000,0x000000ed6b600000] [id=6236]
  0x0000024f356779e0 GCTaskThread "GC Thread#5" [stack: 0x000000ed6c600000,0x000000ed6c700000] [id=13796]
  0x0000024f35677ca0 GCTaskThread "GC Thread#6" [stack: 0x000000ed6c700000,0x000000ed6c800000] [id=19616]
  0x0000024f35677f60 GCTaskThread "GC Thread#7" [stack: 0x000000ed6c800000,0x000000ed6c900000] [id=10996]
  0x0000024f14d6a440 ConcurrentGCThread "G1 Main Marker" [stack: 0x000000ed6a300000,0x000000ed6a400000] [id=18132]
  0x0000024f14d6bd70 ConcurrentGCThread "G1 Conc#0" [stack: 0x000000ed6a400000,0x000000ed6a500000] [id=3336]
  0x0000024f7c6fa800 ConcurrentGCThread "G1 Conc#1" [stack: 0x000000ed6cc00000,0x000000ed6cd00000] [id=2136]
  0x0000024f14ddd5b0 ConcurrentGCThread "G1 Refine#0" [stack: 0x000000ed6a500000,0x000000ed6a600000] [id=13184]
  0x0000024f14dddef0 ConcurrentGCThread "G1 Service" [stack: 0x000000ed6a600000,0x000000ed6a700000] [id=19224]

Threads with active compile tasks:
C2 CompilerThread0    45795 15284       4       groovy.lang.MetaClassImpl::inheritInterfaceNewMetaMethods (195 bytes)

VM state: at safepoint (normal execution)

VM Mutex/Monitor currently owned by a thread:  ([mutex/lock_event])
[0x0000024f14d025e0] Threads_lock - owner thread: 0x0000024f352470a0
[0x0000024f14d02820] Heap_lock - owner thread: 0x0000024f7ea01800

Heap address: 0x0000000744e00000, size: 2994 MB, Compressed Oops mode: Zero based, Oop shift amount: 3

CDS archive(s) mapped at: [0x0000024f36000000-0x0000024f36bd0000-0x0000024f36bd0000), size 12386304, SharedBaseAddress: 0x0000024f36000000, ArchiveRelocationMode: 1.
Compressed class space mapped at: 0x0000024f37000000-0x0000024f77000000, reserved size: 1073741824
Narrow klass base: 0x0000024f36000000, Narrow klass shift: 0, Narrow klass range: 0x100000000

GC Precious Log:
 CPUs: 8 total, 8 available
 Memory: 11968M
 Large Page Support: Disabled
 NUMA Support: Disabled
 Compressed Oops: Enabled (Zero based)
 Heap Region Size: 2M
 Heap Min Capacity: 8M
 Heap Initial Capacity: 188M
 Heap Max Capacity: 2994M
 Pre-touch: Disabled
 Parallel Workers: 8
 Concurrent Workers: 2
 Concurrent Refinement Workers: 8
 Periodic GC: Disabled

Heap:
 garbage-first heap   total 256000K, used 151017K [0x0000000744e00000, 0x0000000800000000)
  region size 2048K, 4 young (8192K), 4 survivors (8192K)
 Metaspace       used 93492K, committed 95168K, reserved 1179648K
  class space    used 12945K, committed 13696K, reserved 1048576K

Heap Regions: E=young(eden), S=young(survivor), O=old, HS=humongous(starts), HC=humongous(continues), CS=collection set, F=free, OA=open archive, CA=closed archive, TAMS=top-at-mark-start (previous, next)
|   0|0x0000000744e00000, 0x0000000745000000, 0x0000000745000000|100%|HS|  |TAMS 0x0000000745000000, 0x0000000745000000| Complete 
|   1|0x0000000745000000, 0x0000000745200000, 0x0000000745200000|100%|HC|  |TAMS 0x0000000745200000, 0x0000000745200000| Complete 
|   2|0x0000000745200000, 0x0000000745400000, 0x0000000745400000|100%| O|  |TAMS 0x0000000745400000, 0x0000000745400000| Untracked 
|   3|0x0000000745400000, 0x0000000745600000, 0x0000000745600000|100%| O|  |TAMS 0x0000000745600000, 0x0000000745600000| Untracked 
|   4|0x0000000745600000, 0x0000000745800000, 0x0000000745800000|100%| O|  |TAMS 0x0000000745800000, 0x0000000745800000| Untracked 
|   5|0x0000000745800000, 0x0000000745a00000, 0x0000000745a00000|100%| O|  |TAMS 0x0000000745a00000, 0x0000000745a00000| Untracked 
|   6|0x0000000745a00000, 0x0000000745c00000, 0x0000000745c00000|100%| O|  |TAMS 0x0000000745c00000, 0x0000000745c00000| Untracked 
|   7|0x0000000745c00000, 0x0000000745e00000, 0x0000000745e00000|100%| O|  |TAMS 0x0000000745e00000, 0x0000000745e00000| Untracked 
|   8|0x0000000745e00000, 0x0000000746000000, 0x0000000746000000|100%| O|  |TAMS 0x0000000746000000, 0x0000000746000000| Untracked 
|   9|0x0000000746000000, 0x0000000746200000, 0x0000000746200000|100%| O|  |TAMS 0x0000000746200000, 0x0000000746200000| Untracked 
|  10|0x0000000746200000, 0x0000000746400000, 0x0000000746400000|100%| O|  |TAMS 0x0000000746400000, 0x0000000746400000| Untracked 
|  11|0x0000000746400000, 0x0000000746600000, 0x0000000746600000|100%| O|  |TAMS 0x0000000746600000, 0x0000000746600000| Untracked 
|  12|0x0000000746600000, 0x0000000746800000, 0x0000000746800000|100%| O|  |TAMS 0x0000000746800000, 0x0000000746800000| Untracked 
|  13|0x0000000746800000, 0x0000000746a00000, 0x0000000746a00000|100%| O|  |TAMS 0x0000000746a00000, 0x0000000746a00000| Untracked 
|  14|0x0000000746a00000, 0x0000000746c00000, 0x0000000746c00000|100%| O|  |TAMS 0x0000000746c00000, 0x0000000746c00000| Untracked 
|  15|0x0000000746c00000, 0x0000000746e00000, 0x0000000746e00000|100%| O|  |TAMS 0x0000000746e00000, 0x0000000746e00000| Untracked 
|  16|0x0000000746e00000, 0x0000000747000000, 0x0000000747000000|100%| O|  |TAMS 0x0000000747000000, 0x0000000747000000| Untracked 
|  17|0x0000000747000000, 0x0000000747200000, 0x0000000747200000|100%| O|  |TAMS 0x0000000747200000, 0x0000000747200000| Untracked 
|  18|0x0000000747200000, 0x0000000747400000, 0x0000000747400000|100%| O|  |TAMS 0x0000000747400000, 0x0000000747400000| Untracked 
|  19|0x0000000747400000, 0x0000000747600000, 0x0000000747600000|100%| O|  |TAMS 0x0000000747600000, 0x0000000747600000| Untracked 
|  20|0x0000000747600000, 0x0000000747800000, 0x0000000747800000|100%| O|  |TAMS 0x0000000747800000, 0x0000000747800000| Untracked 
|  21|0x0000000747800000, 0x0000000747a00000, 0x0000000747a00000|100%| O|  |TAMS 0x0000000747a00000, 0x0000000747a00000| Untracked 
|  22|0x0000000747a00000, 0x0000000747c00000, 0x0000000747c00000|100%| O|  |TAMS 0x0000000747c00000, 0x0000000747c00000| Untracked 
|  23|0x0000000747c00000, 0x0000000747e00000, 0x0000000747e00000|100%| O|  |TAMS 0x0000000747e00000, 0x0000000747e00000| Untracked 
|  24|0x0000000747e00000, 0x0000000748000000, 0x0000000748000000|100%| O|  |TAMS 0x0000000748000000, 0x0000000748000000| Untracked 
|  25|0x0000000748000000, 0x0000000748200000, 0x0000000748200000|100%| O|  |TAMS 0x0000000748200000, 0x0000000748200000| Untracked 
|  26|0x0000000748200000, 0x0000000748400000, 0x0000000748400000|100%| O|  |TAMS 0x0000000748400000, 0x0000000748400000| Untracked 
|  27|0x0000000748400000, 0x0000000748600000, 0x0000000748600000|100%| O|  |TAMS 0x0000000748600000, 0x0000000748600000| Untracked 
|  28|0x0000000748600000, 0x0000000748800000, 0x0000000748800000|100%| O|  |TAMS 0x0000000748800000, 0x0000000748800000| Untracked 
|  29|0x0000000748800000, 0x0000000748a00000, 0x0000000748a00000|100%| O|  |TAMS 0x0000000748a00000, 0x0000000748a00000| Untracked 
|  30|0x0000000748a00000, 0x0000000748c00000, 0x0000000748c00000|100%| O|  |TAMS 0x0000000748c00000, 0x0000000748c00000| Untracked 
|  31|0x0000000748c00000, 0x0000000748e00000, 0x0000000748e00000|100%| O|  |TAMS 0x0000000748e00000, 0x0000000748e00000| Untracked 
|  32|0x0000000748e00000, 0x0000000749000000, 0x0000000749000000|100%| O|  |TAMS 0x0000000749000000, 0x0000000749000000| Untracked 
|  33|0x0000000749000000, 0x0000000749200000, 0x0000000749200000|100%| O|  |TAMS 0x0000000749200000, 0x0000000749200000| Untracked 
|  34|0x0000000749200000, 0x0000000749400000, 0x0000000749400000|100%| O|  |TAMS 0x0000000749400000, 0x0000000749400000| Untracked 
|  35|0x0000000749400000, 0x0000000749600000, 0x0000000749600000|100%| O|  |TAMS 0x0000000749600000, 0x0000000749600000| Untracked 
|  36|0x0000000749600000, 0x0000000749800000, 0x0000000749800000|100%| O|  |TAMS 0x0000000749800000, 0x0000000749800000| Untracked 
|  37|0x0000000749800000, 0x0000000749a00000, 0x0000000749a00000|100%| O|  |TAMS 0x0000000749a00000, 0x0000000749a00000| Untracked 
|  38|0x0000000749a00000, 0x0000000749c00000, 0x0000000749c00000|100%| O|  |TAMS 0x0000000749c00000, 0x0000000749c00000| Untracked 
|  39|0x0000000749c00000, 0x0000000749e00000, 0x0000000749e00000|100%| O|  |TAMS 0x0000000749e00000, 0x0000000749e00000| Untracked 
|  40|0x0000000749e00000, 0x000000074a000000, 0x000000074a000000|100%| O|  |TAMS 0x000000074a000000, 0x000000074a000000| Untracked 
|  41|0x000000074a000000, 0x000000074a200000, 0x000000074a200000|100%| O|  |TAMS 0x000000074a200000, 0x000000074a200000| Untracked 
|  42|0x000000074a200000, 0x000000074a400000, 0x000000074a400000|100%| O|  |TAMS 0x000000074a400000, 0x000000074a400000| Untracked 
|  43|0x000000074a400000, 0x000000074a600000, 0x000000074a600000|100%| O|  |TAMS 0x000000074a600000, 0x000000074a600000| Untracked 
|  44|0x000000074a600000, 0x000000074a800000, 0x000000074a800000|100%| O|  |TAMS 0x000000074a800000, 0x000000074a800000| Untracked 
|  45|0x000000074a800000, 0x000000074aa00000, 0x000000074aa00000|100%| O|  |TAMS 0x000000074aa00000, 0x000000074aa00000| Untracked 
|  46|0x000000074aa00000, 0x000000074ac00000, 0x000000074ac00000|100%| O|  |TAMS 0x000000074ac00000, 0x000000074ac00000| Untracked 
|  47|0x000000074ac00000, 0x000000074ae00000, 0x000000074ae00000|100%| O|  |TAMS 0x000000074ae00000, 0x000000074ae00000| Untracked 
|  48|0x000000074ae00000, 0x000000074b000000, 0x000000074b000000|100%| O|  |TAMS 0x000000074b000000, 0x000000074b000000| Untracked 
|  49|0x000000074b000000, 0x000000074b200000, 0x000000074b200000|100%| O|  |TAMS 0x000000074b200000, 0x000000074b200000| Untracked 
|  50|0x000000074b200000, 0x000000074b400000, 0x000000074b400000|100%| O|  |TAMS 0x000000074b400000, 0x000000074b400000| Untracked 
|  51|0x000000074b400000, 0x000000074b600000, 0x000000074b600000|100%| O|  |TAMS 0x000000074b600000, 0x000000074b600000| Untracked 
|  52|0x000000074b600000, 0x000000074b800000, 0x000000074b800000|100%| O|  |TAMS 0x000000074b800000, 0x000000074b800000| Untracked 
|  53|0x000000074b800000, 0x000000074ba00000, 0x000000074ba00000|100%| O|  |TAMS 0x000000074ba00000, 0x000000074ba00000| Untracked 
|  54|0x000000074ba00000, 0x000000074bc00000, 0x000000074bc00000|100%| O|  |TAMS 0x000000074bc00000, 0x000000074bc00000| Untracked 
|  55|0x000000074bc00000, 0x000000074be00000, 0x000000074be00000|100%| O|  |TAMS 0x000000074be00000, 0x000000074be00000| Untracked 
|  56|0x000000074be00000, 0x000000074c000000, 0x000000074c000000|100%| O|  |TAMS 0x000000074c000000, 0x000000074c000000| Untracked 
|  57|0x000000074c000000, 0x000000074c200000, 0x000000074c200000|100%| O|  |TAMS 0x000000074c200000, 0x000000074c200000| Untracked 
|  58|0x000000074c200000, 0x000000074c400000, 0x000000074c400000|100%| O|  |TAMS 0x000000074c400000, 0x000000074c400000| Untracked 
|  59|0x000000074c400000, 0x000000074c400000, 0x000000074c600000|  0%| F|  |TAMS 0x000000074c400000, 0x000000074c400000| Untracked 
|  60|0x000000074c600000, 0x000000074c800000, 0x000000074c800000|100%| O|  |TAMS 0x000000074c800000, 0x000000074c800000| Untracked 
|  61|0x000000074c800000, 0x000000074ca00000, 0x000000074ca00000|100%| O|  |TAMS 0x000000074c800000, 0x000000074ca00000| Untracked 
|  62|0x000000074ca00000, 0x000000074cc00000, 0x000000074cc00000|100%| O|  |TAMS 0x000000074ca00000, 0x000000074cc00000| Untracked 
|  63|0x000000074cc00000, 0x000000074ce00000, 0x000000074ce00000|100%| O|  |TAMS 0x000000074cc00000, 0x000000074ce00000| Untracked 
|  64|0x000000074ce00000, 0x000000074d000000, 0x000000074d000000|100%| O|  |TAMS 0x000000074ce00000, 0x000000074d000000| Untracked 
|  65|0x000000074d000000, 0x000000074d200000, 0x000000074d200000|100%| O|  |TAMS 0x000000074d000000, 0x000000074d200000| Untracked 
|  66|0x000000074d200000, 0x000000074d400000, 0x000000074d400000|100%| O|  |TAMS 0x000000074d200000, 0x000000074d400000| Untracked 
|  67|0x000000074d400000, 0x000000074d600000, 0x000000074d600000|100%| O|  |TAMS 0x000000074d400000, 0x000000074d600000| Untracked 
|  68|0x000000074d600000, 0x000000074d800000, 0x000000074d800000|100%| O|  |TAMS 0x000000074d600000, 0x000000074d800000| Untracked 
|  69|0x000000074d800000, 0x000000074da00000, 0x000000074da00000|100%| O|  |TAMS 0x000000074d800000, 0x000000074da00000| Untracked 
|  70|0x000000074da00000, 0x000000074db96c00, 0x000000074dc00000| 79%| O|  |TAMS 0x000000074da00000, 0x000000074db96c00| Untracked 
|  71|0x000000074dc00000, 0x000000074dc00000, 0x000000074de00000|  0%| F|  |TAMS 0x000000074dc00000, 0x000000074dc00000| Untracked 
|  72|0x000000074de00000, 0x000000074de00000, 0x000000074e000000|  0%| F|  |TAMS 0x000000074de00000, 0x000000074de00000| Untracked 
|  73|0x000000074e000000, 0x000000074e000000, 0x000000074e200000|  0%| F|  |TAMS 0x000000074e000000, 0x000000074e000000| Untracked 
|  74|0x000000074e200000, 0x000000074e200000, 0x000000074e400000|  0%| F|  |TAMS 0x000000074e200000, 0x000000074e200000| Untracked 
|  75|0x000000074e400000, 0x000000074e400000, 0x000000074e600000|  0%| F|  |TAMS 0x000000074e400000, 0x000000074e400000| Untracked 
|  76|0x000000074e600000, 0x000000074e600000, 0x000000074e800000|  0%| F|  |TAMS 0x000000074e600000, 0x000000074e600000| Untracked 
|  77|0x000000074e800000, 0x000000074e800000, 0x000000074ea00000|  0%| F|  |TAMS 0x000000074e800000, 0x000000074e800000| Untracked 
|  78|0x000000074ea00000, 0x000000074ea00000, 0x000000074ec00000|  0%| F|  |TAMS 0x000000074ea00000, 0x000000074ea00000| Untracked 
|  79|0x000000074ec00000, 0x000000074ec00000, 0x000000074ee00000|  0%| F|  |TAMS 0x000000074ec00000, 0x000000074ec00000| Untracked 
|  80|0x000000074ee00000, 0x000000074ee00000, 0x000000074f000000|  0%| F|  |TAMS 0x000000074ee00000, 0x000000074ee00000| Untracked 
|  81|0x000000074f000000, 0x000000074f000000, 0x000000074f200000|  0%| F|  |TAMS 0x000000074f000000, 0x000000074f000000| Untracked 
|  82|0x000000074f200000, 0x000000074f200000, 0x000000074f400000|  0%| F|  |TAMS 0x000000074f200000, 0x000000074f200000| Untracked 
|  83|0x000000074f400000, 0x000000074f400000, 0x000000074f600000|  0%| F|  |TAMS 0x000000074f400000, 0x000000074f400000| Untracked 
|  84|0x000000074f600000, 0x000000074f600000, 0x000000074f800000|  0%| F|  |TAMS 0x000000074f600000, 0x000000074f600000| Untracked 
|  85|0x000000074f800000, 0x000000074f800000, 0x000000074fa00000|  0%| F|  |TAMS 0x000000074f800000, 0x000000074f800000| Untracked 
|  86|0x000000074fa00000, 0x000000074fa00000, 0x000000074fc00000|  0%| F|  |TAMS 0x000000074fa00000, 0x000000074fa00000| Untracked 
|  87|0x000000074fc00000, 0x000000074fc00000, 0x000000074fe00000|  0%| F|  |TAMS 0x000000074fc00000, 0x000000074fc00000| Untracked 
|  88|0x000000074fe00000, 0x000000074ffe3ad8, 0x0000000750000000| 94%| S|CS|TAMS 0x000000074fe00000, 0x000000074fe00000| Complete 
|  89|0x0000000750000000, 0x0000000750200000, 0x0000000750200000|100%| S|CS|TAMS 0x0000000750000000, 0x0000000750000000| Complete 
|  90|0x0000000750200000, 0x0000000750400000, 0x0000000750400000|100%| S|CS|TAMS 0x0000000750200000, 0x0000000750200000| Complete 
|  91|0x0000000750400000, 0x0000000750600000, 0x0000000750600000|100%| S|CS|TAMS 0x0000000750400000, 0x0000000750400000| Complete 
|  92|0x0000000750600000, 0x0000000750600000, 0x0000000750800000|  0%| F|  |TAMS 0x0000000750600000, 0x0000000750600000| Untracked 
|  93|0x0000000750800000, 0x0000000750800000, 0x0000000750a00000|  0%| F|  |TAMS 0x0000000750800000, 0x0000000750800000| Untracked 
|  94|0x0000000750a00000, 0x0000000750a00000, 0x0000000750c00000|  0%| F|  |TAMS 0x0000000750a00000, 0x0000000750a00000| Untracked 
|  95|0x0000000750c00000, 0x0000000750c00000, 0x0000000750e00000|  0%| F|  |TAMS 0x0000000750c00000, 0x0000000750c00000| Untracked 
|  96|0x0000000750e00000, 0x0000000750e00000, 0x0000000751000000|  0%| F|  |TAMS 0x0000000750e00000, 0x0000000750e00000| Untracked 
|  97|0x0000000751000000, 0x0000000751000000, 0x0000000751200000|  0%| F|  |TAMS 0x0000000751000000, 0x0000000751000000| Untracked 
|  98|0x0000000751200000, 0x0000000751200000, 0x0000000751400000|  0%| F|  |TAMS 0x0000000751200000, 0x0000000751200000| Untracked 
|  99|0x0000000751400000, 0x0000000751400000, 0x0000000751600000|  0%| F|  |TAMS 0x0000000751400000, 0x0000000751400000| Untracked 
| 100|0x0000000751600000, 0x0000000751600000, 0x0000000751800000|  0%| F|  |TAMS 0x0000000751600000, 0x0000000751600000| Untracked 
| 101|0x0000000751800000, 0x0000000751800000, 0x0000000751a00000|  0%| F|  |TAMS 0x0000000751800000, 0x0000000751800000| Untracked 
| 102|0x0000000751a00000, 0x0000000751a00000, 0x0000000751c00000|  0%| F|  |TAMS 0x0000000751a00000, 0x0000000751a00000| Untracked 
| 103|0x0000000751c00000, 0x0000000751c00000, 0x0000000751e00000|  0%| F|  |TAMS 0x0000000751c00000, 0x0000000751c00000| Untracked 
| 104|0x0000000751e00000, 0x0000000751e00000, 0x0000000752000000|  0%| F|  |TAMS 0x0000000751e00000, 0x0000000751e00000| Untracked 
| 105|0x0000000752000000, 0x0000000752000000, 0x0000000752200000|  0%| F|  |TAMS 0x0000000752000000, 0x0000000752000000| Untracked 
| 106|0x0000000752200000, 0x0000000752200000, 0x0000000752400000|  0%| F|  |TAMS 0x0000000752200000, 0x0000000752200000| Untracked 
| 107|0x0000000752400000, 0x0000000752400000, 0x0000000752600000|  0%| F|  |TAMS 0x0000000752400000, 0x0000000752400000| Untracked 
| 108|0x0000000752600000, 0x0000000752600000, 0x0000000752800000|  0%| F|  |TAMS 0x0000000752600000, 0x0000000752600000| Untracked 
| 109|0x0000000752800000, 0x0000000752800000, 0x0000000752a00000|  0%| F|  |TAMS 0x0000000752800000, 0x0000000752800000| Untracked 
| 110|0x0000000752a00000, 0x0000000752a00000, 0x0000000752c00000|  0%| F|  |TAMS 0x0000000752a00000, 0x0000000752a00000| Untracked 
| 111|0x0000000752c00000, 0x0000000752c00000, 0x0000000752e00000|  0%| F|  |TAMS 0x0000000752c00000, 0x0000000752c00000| Untracked 
| 112|0x0000000752e00000, 0x0000000752e00000, 0x0000000753000000|  0%| F|  |TAMS 0x0000000752e00000, 0x0000000752e00000| Untracked 
| 113|0x0000000753000000, 0x0000000753000000, 0x0000000753200000|  0%| F|  |TAMS 0x0000000753000000, 0x0000000753000000| Untracked 
| 114|0x0000000753200000, 0x0000000753200000, 0x0000000753400000|  0%| F|  |TAMS 0x0000000753200000, 0x0000000753200000| Untracked 
| 115|0x0000000753400000, 0x0000000753400000, 0x0000000753600000|  0%| F|  |TAMS 0x0000000753400000, 0x0000000753400000| Untracked 
| 116|0x0000000753600000, 0x0000000753600000, 0x0000000753800000|  0%| F|  |TAMS 0x0000000753600000, 0x0000000753600000| Untracked 
| 117|0x0000000753800000, 0x0000000753800000, 0x0000000753a00000|  0%| F|  |TAMS 0x0000000753800000, 0x0000000753800000| Untracked 
| 118|0x0000000753a00000, 0x0000000753a00000, 0x0000000753c00000|  0%| F|  |TAMS 0x0000000753a00000, 0x0000000753a00000| Untracked 
| 119|0x0000000753c00000, 0x0000000753c00000, 0x0000000753e00000|  0%| F|  |TAMS 0x0000000753c00000, 0x0000000753c00000| Untracked 
| 120|0x0000000753e00000, 0x0000000753e00000, 0x0000000754000000|  0%| F|  |TAMS 0x0000000753e00000, 0x0000000753e00000| Untracked 
| 121|0x0000000754000000, 0x0000000754000000, 0x0000000754200000|  0%| F|  |TAMS 0x0000000754000000, 0x0000000754000000| Untracked 
| 122|0x0000000754200000, 0x0000000754200000, 0x0000000754400000|  0%| F|  |TAMS 0x0000000754200000, 0x0000000754200000| Untracked 
| 123|0x0000000754400000, 0x0000000754400000, 0x0000000754600000|  0%| F|  |TAMS 0x0000000754400000, 0x0000000754400000| Untracked 
| 124|0x0000000754600000, 0x0000000754600000, 0x0000000754800000|  0%| F|  |TAMS 0x0000000754600000, 0x0000000754600000| Untracked 

Card table byte_map: [0x0000024f2bed0000,0x0000024f2c4b0000] _byte_map_base: 0x0000024f284a9000

Marking Bits (Prev, Next): (CMBitMap*) 0x0000024f14d5e000, (CMBitMap*) 0x0000024f14d5e040
 Prev Bits: [0x0000024f2ca90000, 0x0000024f2f958000)
 Next Bits: [0x0000024f2f960000, 0x0000024f32828000)

Polling page: 0x0000024f12c70000

Metaspace:

Usage:
  Non-class:     78.66 MB used.
      Class:     12.64 MB used.
       Both:     91.30 MB used.

Virtual space:
  Non-class space:      128.00 MB reserved,      79.56 MB ( 62%) committed,  2 nodes.
      Class space:        1.00 GB reserved,      13.38 MB (  1%) committed,  1 nodes.
             Both:        1.12 GB reserved,      92.94 MB (  8%) committed. 

Chunk freelists:
   Non-Class:  400.00 KB
       Class:  2.57 MB
        Both:  2.96 MB

MaxMetaspaceSize: unlimited
CompressedClassSpaceSize: 1.00 GB
Initial GC threshold: 21.00 MB
Current GC threshold: 149.19 MB
CDS: on
MetaspaceReclaimPolicy: balanced
 - commit_granule_bytes: 65536.
 - commit_granule_words: 8192.
 - virtual_space_node_default_size: 8388608.
 - enlarge_chunks_in_place: 1.
 - new_chunks_are_fully_committed: 0.
 - uncommit_free_chunks: 1.
 - use_allocation_guard: 0.
 - handle_deallocations: 1.


Internal statistics:

num_allocs_failed_limit: 6.
num_arena_births: 2112.
num_arena_deaths: 0.
num_vsnodes_births: 3.
num_vsnodes_deaths: 0.
num_space_committed: 1487.
num_space_uncommitted: 0.
num_chunks_returned_to_freelist: 6.
num_chunks_taken_from_freelist: 6649.
num_chunk_merges: 6.
num_chunk_splits: 3993.
num_chunks_enlarged: 2136.
num_inconsistent_stats: 0.

CodeHeap 'non-profiled nmethods': size=120000Kb used=7103Kb max_used=7103Kb free=112896Kb
 bounds [0x0000024f24090000, 0x0000024f24780000, 0x0000024f2b5c0000]
CodeHeap 'profiled nmethods': size=120000Kb used=26715Kb max_used=26715Kb free=93284Kb
 bounds [0x0000024f1c5c0000, 0x0000024f1dfe0000, 0x0000024f23af0000]
CodeHeap 'non-nmethods': size=5760Kb used=2433Kb max_used=2479Kb free=3326Kb
 bounds [0x0000024f23af0000, 0x0000024f23d70000, 0x0000024f24090000]
 total_blobs=14643 nmethods=13679 adapters=874
 compilation: enabled
              stopped_count=0, restarted_count=0
 full_count=0

Compilation events (20 events):
Event: 45.635 Thread 0x0000024f35270530 15318       2       org.gradle.internal.snapshot.AbstractListChildMap::withNewChild (36 bytes)
Event: 45.636 Thread 0x0000024f35270530 nmethod 15318 0x0000024f1dfd3890 code [0x0000024f1dfd3a60, 0x0000024f1dfd3d88]
Event: 45.637 Thread 0x0000024f35270530 15319       2       sun.nio.ch.FileChannelImpl::<init> (144 bytes)
Event: 45.638 Thread 0x0000024f35270530 nmethod 15319 0x0000024f1dfd3f10 code [0x0000024f1dfd4100, 0x0000024f1dfd4978]
Event: 45.639 Thread 0x0000024f35270530 15320       2       sun.nio.ch.FileDispatcherImpl::<init> (5 bytes)
Event: 45.639 Thread 0x0000024f35270530 nmethod 15320 0x0000024f1dfd4b90 code [0x0000024f1dfd4d20, 0x0000024f1dfd4e18]
Event: 45.639 Thread 0x0000024f35270530 15321       2       sun.nio.ch.FileDispatcher::<init> (5 bytes)
Event: 45.639 Thread 0x0000024f35270530 nmethod 15321 0x0000024f1dfd4e90 code [0x0000024f1dfd5020, 0x0000024f1dfd5118]
Event: 45.642 Thread 0x0000024f35270530 15323       2       org.gradle.model.internal.asm.MethodVisitorScope::_AASTORE (7 bytes)
Event: 45.643 Thread 0x0000024f35270530 nmethod 15323 0x0000024f1dfd5190 code [0x0000024f1dfd5320, 0x0000024f1dfd5468]
Event: 45.652 Thread 0x0000024f35270530 15325       2       com.google.common.base.Predicates::notNull (7 bytes)
Event: 45.653 Thread 0x0000024f35270530 nmethod 15325 0x0000024f1dfd5510 code [0x0000024f1dfd56a0, 0x0000024f1dfd5798]
Event: 45.653 Thread 0x0000024f35270530 15326       2       com.google.common.base.Predicates$ObjectPredicate::withNarrowedType (2 bytes)
Event: 45.653 Thread 0x0000024f35270530 nmethod 15326 0x0000024f1dfd5810 code [0x0000024f1dfd59a0, 0x0000024f1dfd5ab8]
Event: 45.653 Thread 0x0000024f35270530 15327       2       com.google.common.collect.Iterables$4::iterator (17 bytes)
Event: 45.653 Thread 0x0000024f35270530 nmethod 15327 0x0000024f1dfd5b90 code [0x0000024f1dfd5d60, 0x0000024f1dfd61e8]
Event: 45.658 Thread 0x0000024f35270530 15328       2       java.security.Permissions::<init> (28 bytes)
Event: 45.658 Thread 0x0000024f35270530 nmethod 15328 0x0000024f1dfd6390 code [0x0000024f1dfd6560, 0x0000024f1dfd67a8]
Event: 45.684 Thread 0x0000024f35270530 15329       2       java.security.Permissions::add (54 bytes)
Event: 45.685 Thread 0x0000024f35270530 nmethod 15329 0x0000024f1dfd6890 code [0x0000024f1dfd6a60, 0x0000024f1dfd6da8]

GC Heap History (20 events):
Event: 33.553 GC heap after
{Heap after GC invocations=41 (full 0):
 garbage-first heap   total 184320K, used 98301K [0x0000000744e00000, 0x0000000800000000)
  region size 2048K, 4 young (8192K), 4 survivors (8192K)
 Metaspace       used 72437K, committed 73472K, reserved 1114112K
  class space    used 10313K, committed 10816K, reserved 1048576K
}
Event: 34.537 GC heap before
{Heap before GC invocations=41 (full 0):
 garbage-first heap   total 184320K, used 149501K [0x0000000744e00000, 0x0000000800000000)
  region size 2048K, 29 young (59392K), 4 survivors (8192K)
 Metaspace       used 73970K, committed 75072K, reserved 1114112K
  class space    used 10543K, committed 11072K, reserved 1048576K
}
Event: 34.555 GC heap after
{Heap after GC invocations=42 (full 0):
 garbage-first heap   total 184320K, used 104302K [0x0000000744e00000, 0x0000000800000000)
  region size 2048K, 3 young (6144K), 3 survivors (6144K)
 Metaspace       used 73970K, committed 75072K, reserved 1114112K
  class space    used 10543K, committed 11072K, reserved 1048576K
}
Event: 36.366 GC heap before
{Heap before GC invocations=43 (full 0):
 garbage-first heap   total 192512K, used 149358K [0x0000000744e00000, 0x0000000800000000)
  region size 2048K, 25 young (51200K), 3 survivors (6144K)
 Metaspace       used 74914K, committed 76096K, reserved 1114112K
  class space    used 10667K, committed 11264K, reserved 1048576K
}
Event: 36.394 GC heap after
{Heap after GC invocations=44 (full 0):
 garbage-first heap   total 192512K, used 111945K [0x0000000744e00000, 0x0000000800000000)
  region size 2048K, 4 young (8192K), 4 survivors (8192K)
 Metaspace       used 74914K, committed 76096K, reserved 1114112K
  class space    used 10667K, committed 11264K, reserved 1048576K
}
Event: 37.633 GC heap before
{Heap before GC invocations=44 (full 0):
 garbage-first heap   total 192512K, used 152905K [0x0000000744e00000, 0x0000000800000000)
  region size 2048K, 25 young (51200K), 4 survivors (8192K)
 Metaspace       used 76064K, committed 77440K, reserved 1179648K
  class space    used 10842K, committed 11520K, reserved 1048576K
}
Event: 37.653 GC heap after
{Heap after GC invocations=45 (full 0):
 garbage-first heap   total 192512K, used 122211K [0x0000000744e00000, 0x0000000800000000)
  region size 2048K, 4 young (8192K), 4 survivors (8192K)
 Metaspace       used 76064K, committed 77440K, reserved 1179648K
  class space    used 10842K, committed 11520K, reserved 1048576K
}
Event: 38.113 GC heap before
{Heap before GC invocations=46 (full 0):
 garbage-first heap   total 239616K, used 152931K [0x0000000744e00000, 0x0000000800000000)
  region size 2048K, 20 young (40960K), 4 survivors (8192K)
 Metaspace       used 76543K, committed 77952K, reserved 1179648K
  class space    used 10924K, committed 11584K, reserved 1048576K
}
Event: 38.127 GC heap after
{Heap after GC invocations=47 (full 0):
 garbage-first heap   total 239616K, used 125643K [0x0000000744e00000, 0x0000000800000000)
  region size 2048K, 2 young (4096K), 2 survivors (4096K)
 Metaspace       used 76543K, committed 77952K, reserved 1179648K
  class space    used 10924K, committed 11584K, reserved 1048576K
}
Event: 39.348 GC heap before
{Heap before GC invocations=47 (full 0):
 garbage-first heap   total 239616K, used 189131K [0x0000000744e00000, 0x0000000800000000)
  region size 2048K, 33 young (67584K), 2 survivors (4096K)
 Metaspace       used 80666K, committed 82048K, reserved 1179648K
  class space    used 11386K, committed 12032K, reserved 1048576K
}
Event: 39.359 GC heap after
{Heap after GC invocations=48 (full 0):
 garbage-first heap   total 239616K, used 129605K [0x0000000744e00000, 0x0000000800000000)
  region size 2048K, 4 young (8192K), 4 survivors (8192K)
 Metaspace       used 80666K, committed 82048K, reserved 1179648K
  class space    used 11386K, committed 12032K, reserved 1048576K
}
Event: 40.790 GC heap before
{Heap before GC invocations=49 (full 0):
 garbage-first heap   total 253952K, used 191045K [0x0000000744e00000, 0x0000000800000000)
  region size 2048K, 34 young (69632K), 4 survivors (8192K)
 Metaspace       used 86431K, committed 87808K, reserved 1179648K
  class space    used 12045K, committed 12736K, reserved 1048576K
}
Event: 40.803 GC heap after
{Heap after GC invocations=50 (full 0):
 garbage-first heap   total 253952K, used 132648K [0x0000000744e00000, 0x0000000800000000)
  region size 2048K, 4 young (8192K), 4 survivors (8192K)
 Metaspace       used 86431K, committed 87808K, reserved 1179648K
  class space    used 12045K, committed 12736K, reserved 1048576K
}
Event: 42.787 GC heap before
{Heap before GC invocations=50 (full 0):
 garbage-first heap   total 253952K, used 204328K [0x0000000744e00000, 0x0000000800000000)
  region size 2048K, 39 young (79872K), 4 survivors (8192K)
 Metaspace       used 90116K, committed 91584K, reserved 1179648K
  class space    used 12471K, committed 13184K, reserved 1048576K
}
Event: 42.802 GC heap after
{Heap after GC invocations=51 (full 0):
 garbage-first heap   total 253952K, used 138551K [0x0000000744e00000, 0x0000000800000000)
  region size 2048K, 5 young (10240K), 5 survivors (10240K)
 Metaspace       used 90116K, committed 91584K, reserved 1179648K
  class space    used 12471K, committed 13184K, reserved 1048576K
}
Event: 44.548 GC heap before
{Heap before GC invocations=52 (full 0):
 garbage-first heap   total 256000K, used 206135K [0x0000000744e00000, 0x0000000800000000)
  region size 2048K, 38 young (77824K), 5 survivors (10240K)
 Metaspace       used 92051K, committed 93632K, reserved 1179648K
  class space    used 12720K, committed 13440K, reserved 1048576K
}
Event: 44.564 GC heap after
{Heap after GC invocations=53 (full 0):
 garbage-first heap   total 256000K, used 144269K [0x0000000744e00000, 0x0000000800000000)
  region size 2048K, 4 young (8192K), 4 survivors (8192K)
 Metaspace       used 92051K, committed 93632K, reserved 1179648K
  class space    used 12720K, committed 13440K, reserved 1048576K
}
Event: 44.575 GC heap before
{Heap before GC invocations=53 (full 0):
 garbage-first heap   total 256000K, used 148365K [0x0000000744e00000, 0x0000000800000000)
  region size 2048K, 6 young (12288K), 4 survivors (8192K)
 Metaspace       used 92051K, committed 93632K, reserved 1179648K
  class space    used 12720K, committed 13440K, reserved 1048576K
}
Event: 44.585 GC heap after
{Heap after GC invocations=54 (full 0):
 garbage-first heap   total 256000K, used 144254K [0x0000000744e00000, 0x0000000800000000)
  region size 2048K, 1 young (2048K), 1 survivors (2048K)
 Metaspace       used 92051K, committed 93632K, reserved 1179648K
  class space    used 12720K, committed 13440K, reserved 1048576K
}
Event: 45.690 GC heap before
{Heap before GC invocations=54 (full 0):
 garbage-first heap   total 256000K, used 209790K [0x0000000744e00000, 0x0000000800000000)
  region size 2048K, 33 young (67584K), 1 survivors (2048K)
 Metaspace       used 93492K, committed 95168K, reserved 1179648K
  class space    used 12945K, committed 13696K, reserved 1048576K
}

Deoptimization events (20 events):
Event: 45.538 Thread 0x0000024f35939df0 Uncommon trap: trap_request=0xffffff45 fr.pc=0x0000024f246d75c0 relative=0x00000000000006e0
Event: 45.538 Thread 0x0000024f35939df0 Uncommon trap: reason=unstable_if action=reinterpret pc=0x0000024f246d75c0 method=com.sun.beans.introspect.MethodInfo$MethodOrder.compare(Ljava/lang/reflect/Method;Ljava/lang/reflect/Method;)I @ 148 c2
Event: 45.538 Thread 0x0000024f35939df0 DEOPT PACKING pc=0x0000024f246d75c0 sp=0x000000ed6bef86b0
Event: 45.538 Thread 0x0000024f35939df0 DEOPT UNPACKING pc=0x0000024f23b45ba3 sp=0x000000ed6bef8658 mode 2
Event: 45.572 Thread 0x0000024f35939df0 Uncommon trap: trap_request=0xffffffbe fr.pc=0x0000024f2477eadc relative=0x00000000000008bc
Event: 45.572 Thread 0x0000024f35939df0 Uncommon trap: reason=profile_predicate action=maybe_recompile pc=0x0000024f2477eadc method=groovy.lang.MetaClassImpl$MethodIndexAction.iterate()V @ 78 c2
Event: 45.573 Thread 0x0000024f35939df0 DEOPT PACKING pc=0x0000024f2477eadc sp=0x000000ed6bef88d0
Event: 45.573 Thread 0x0000024f35939df0 DEOPT UNPACKING pc=0x0000024f23b45ba3 sp=0x000000ed6bef88a8 mode 2
Event: 45.573 Thread 0x0000024f35939df0 Uncommon trap: trap_request=0xffffffbe fr.pc=0x0000024f2477eadc relative=0x00000000000008bc
Event: 45.573 Thread 0x0000024f35939df0 Uncommon trap: reason=profile_predicate action=maybe_recompile pc=0x0000024f2477eadc method=groovy.lang.MetaClassImpl$MethodIndexAction.iterate()V @ 78 c2
Event: 45.573 Thread 0x0000024f35939df0 DEOPT PACKING pc=0x0000024f2477eadc sp=0x000000ed6bef88d0
Event: 45.573 Thread 0x0000024f35939df0 DEOPT UNPACKING pc=0x0000024f23b45ba3 sp=0x000000ed6bef88a8 mode 2
Event: 45.611 Thread 0x0000024f35939df0 Uncommon trap: trap_request=0xffffffde fr.pc=0x0000024f24523a38 relative=0x0000000000000498
Event: 45.611 Thread 0x0000024f35939df0 Uncommon trap: reason=class_check action=maybe_recompile pc=0x0000024f24523a38 method=org.gradle.api.internal.artifacts.dependencies.AbstractVersionConstraint.hashCode()I @ 7 c2
Event: 45.611 Thread 0x0000024f35939df0 DEOPT PACKING pc=0x0000024f24523a38 sp=0x000000ed6bef8f10
Event: 45.611 Thread 0x0000024f35939df0 DEOPT UNPACKING pc=0x0000024f23b45ba3 sp=0x000000ed6bef8ec8 mode 2
Event: 45.629 Thread 0x0000024f35939df0 Uncommon trap: trap_request=0xfffffff4 fr.pc=0x0000024f246743cc relative=0x0000000000000b8c
Event: 45.629 Thread 0x0000024f35939df0 Uncommon trap: reason=null_check action=make_not_entrant pc=0x0000024f246743cc method=org.gradle.tooling.internal.provider.runner.ClientBuildEventGenerator$Enabled.accept(Lorg/gradle/internal/operations/BuildOperationDescriptor;)Lorg/gradle/tooling/intern
Event: 45.629 Thread 0x0000024f35939df0 DEOPT PACKING pc=0x0000024f246743cc sp=0x000000ed6bef7cf0
Event: 45.629 Thread 0x0000024f35939df0 DEOPT UNPACKING pc=0x0000024f23b45ba3 sp=0x000000ed6bef7c28 mode 2

Classes unloaded (0 events):
No events

Classes redefined (0 events):
No events

Internal exceptions (20 events):
Event: 45.289 Thread 0x0000024f35939df0 Exception <a 'java/lang/ClassNotFoundException'{0x0000000751299a18}: org/gradle/api/internal/file/copy/CopySpecWrapper_DecoratedCustomizer> (0x0000000751299a18) 
thrown [s\open\src\hotspot\share\classfile\systemDictionary.cpp, line 256]
Event: 45.370 Thread 0x0000024f35939df0 Exception <a 'java/lang/ClassNotFoundException'{0x0000000751081f18}: build_c9shpi3uhoerwoq5hosd7kyyxBeanInfo> (0x0000000751081f18) 
thrown [s\open\src\hotspot\share\classfile\systemDictionary.cpp, line 256]
Event: 45.371 Thread 0x0000024f35939df0 Exception <a 'java/lang/ClassNotFoundException'{0x0000000751088878}: build_c9shpi3uhoerwoq5hosd7kyyxCustomizer> (0x0000000751088878) 
thrown [s\open\src\hotspot\share\classfile\systemDictionary.cpp, line 256]
Event: 45.418 Thread 0x0000024f35939df0 Exception <a 'java/lang/ClassNotFoundException'{0x0000000751176ed0}: dependencies_ex4rdwyl5thzljdr4g8n8vwlaBeanInfo> (0x0000000751176ed0) 
thrown [s\open\src\hotspot\share\classfile\systemDictionary.cpp, line 256]
Event: 45.419 Thread 0x0000024f35939df0 Exception <a 'java/lang/ClassNotFoundException'{0x00000007511837b0}: dependencies_ex4rdwyl5thzljdr4g8n8vwlaCustomizer> (0x00000007511837b0) 
thrown [s\open\src\hotspot\share\classfile\systemDictionary.cpp, line 256]
Event: 45.485 Thread 0x0000024f35939df0 Exception <a 'java/lang/ClassNotFoundException'{0x0000000750ed0ba8}: build_afa94woma5obzw44z3dnoemsmBeanInfo> (0x0000000750ed0ba8) 
thrown [s\open\src\hotspot\share\classfile\systemDictionary.cpp, line 256]
Event: 45.485 Thread 0x0000024f35939df0 Exception <a 'java/lang/ClassNotFoundException'{0x0000000750ed7508}: build_afa94woma5obzw44z3dnoemsmCustomizer> (0x0000000750ed7508) 
thrown [s\open\src\hotspot\share\classfile\systemDictionary.cpp, line 256]
Event: 45.511 Thread 0x0000024f35939df0 Exception <a 'java/lang/ClassNotFoundException'{0x0000000750f90360}: build_afa94woma5obzw44z3dnoemsmBeanInfo> (0x0000000750f90360) 
thrown [s\open\src\hotspot\share\classfile\systemDictionary.cpp, line 256]
Event: 45.512 Thread 0x0000024f35939df0 Exception <a 'java/lang/ClassNotFoundException'{0x0000000750f96c60}: build_afa94woma5obzw44z3dnoemsmCustomizer> (0x0000000750f96c60) 
thrown [s\open\src\hotspot\share\classfile\systemDictionary.cpp, line 256]
Event: 45.530 Thread 0x0000024f35939df0 Exception <a 'java/lang/ClassNotFoundException'{0x0000000750de1ae8}: org/gradle/api/internal/tasks/DefaultRealizableTaskCollection_DecoratedBeanInfo> (0x0000000750de1ae8) 
thrown [s\open\src\hotspot\share\classfile\systemDictionary.cpp, line 256]
Event: 45.532 Thread 0x0000024f35939df0 Exception <a 'java/lang/ClassNotFoundException'{0x0000000750df7960}: org/gradle/api/internal/tasks/DefaultRealizableTaskCollectionBeanInfo> (0x0000000750df7960) 
thrown [s\open\src\hotspot\share\classfile\systemDictionary.cpp, line 256]
Event: 45.533 Thread 0x0000024f35939df0 Exception <a 'java/lang/ClassNotFoundException'{0x0000000750a0dae0}: org/gradle/api/internal/DelegatingNamedDomainObjectSetBeanInfo> (0x0000000750a0dae0) 
thrown [s\open\src\hotspot\share\classfile\systemDictionary.cpp, line 256]
Event: 45.534 Thread 0x0000024f35939df0 Exception <a 'java/lang/ClassNotFoundException'{0x0000000750a23678}: org/gradle/api/internal/DelegatingDomainObjectSetBeanInfo> (0x0000000750a23678) 
thrown [s\open\src\hotspot\share\classfile\systemDictionary.cpp, line 256]
Event: 45.536 Thread 0x0000024f35939df0 Exception <a 'java/lang/ClassNotFoundException'{0x0000000750a39220}: org/gradle/api/internal/DelegatingDomainObjectSetCustomizer> (0x0000000750a39220) 
thrown [s\open\src\hotspot\share\classfile\systemDictionary.cpp, line 256]
Event: 45.538 Thread 0x0000024f35939df0 Exception <a 'java/lang/ClassNotFoundException'{0x0000000750a6b300}: org/gradle/api/internal/DelegatingNamedDomainObjectSetCustomizer> (0x0000000750a6b300) 
thrown [s\open\src\hotspot\share\classfile\systemDictionary.cpp, line 256]
Event: 45.541 Thread 0x0000024f35939df0 Exception <a 'java/lang/ClassNotFoundException'{0x0000000750aa86a8}: org/gradle/api/internal/tasks/DefaultRealizableTaskCollectionCustomizer> (0x0000000750aa86a8) 
thrown [s\open\src\hotspot\share\classfile\systemDictionary.cpp, line 256]
Event: 45.543 Thread 0x0000024f35939df0 Exception <a 'java/lang/ClassNotFoundException'{0x0000000750aef548}: org/gradle/api/internal/tasks/DefaultRealizableTaskCollection_DecoratedCustomizer> (0x0000000750aef548) 
thrown [s\open\src\hotspot\share\classfile\systemDictionary.cpp, line 256]
Event: 45.575 Thread 0x0000024f35939df0 Exception <a 'java/lang/ClassNotFoundException'{0x0000000750bbcd98}: build_3lypt0oo0dr4au9bb521s3ns7BeanInfo> (0x0000000750bbcd98) 
thrown [s\open\src\hotspot\share\classfile\systemDictionary.cpp, line 256]
Event: 45.577 Thread 0x0000024f35939df0 Exception <a 'java/lang/ClassNotFoundException'{0x0000000750bc36f8}: build_3lypt0oo0dr4au9bb521s3ns7Customizer> (0x0000000750bc36f8) 
thrown [s\open\src\hotspot\share\classfile\systemDictionary.cpp, line 256]
Event: 45.629 Thread 0x0000024f35939df0 Implicit null exception at 0x0000024f24673c88 to 0x0000024f246743ac

VM Operations (20 events):
Event: 42.803 Executing VM operation: G1CollectForAllocation done
Event: 43.132 Executing VM operation: G1Concurrent
Event: 43.143 Executing VM operation: G1Concurrent done
Event: 43.155 Executing VM operation: HandshakeAllThreads
Event: 43.156 Executing VM operation: HandshakeAllThreads done
Event: 43.277 Executing VM operation: G1Concurrent
Event: 43.278 Executing VM operation: G1Concurrent done
Event: 44.154 Executing VM operation: HandshakeAllThreads
Event: 44.154 Executing VM operation: HandshakeAllThreads done
Event: 44.545 Executing VM operation: HandshakeAllThreads
Event: 44.545 Executing VM operation: HandshakeAllThreads done
Event: 44.545 Executing VM operation: Cleanup
Event: 44.545 Executing VM operation: Cleanup done
Event: 44.548 Executing VM operation: G1CollectForAllocation
Event: 44.564 Executing VM operation: G1CollectForAllocation done
Event: 44.574 Executing VM operation: G1CollectForAllocation
Event: 44.585 Executing VM operation: G1CollectForAllocation done
Event: 44.899 Executing VM operation: HandshakeAllThreads
Event: 44.899 Executing VM operation: HandshakeAllThreads done
Event: 45.690 Executing VM operation: G1CollectForAllocation

Events (20 events):
Event: 44.836 loading class sun/reflect/generics/tree/FloatSignature
Event: 44.837 loading class sun/reflect/generics/tree/FloatSignature done
Event: 44.837 loading class sun/reflect/generics/tree/ShortSignature
Event: 44.838 loading class sun/reflect/generics/tree/ShortSignature done
Event: 44.859 loading class java/util/LinkedHashMapBeanInfo
Event: 44.859 loading class java/util/LinkedHashMapBeanInfo done
Event: 44.860 loading class java/util/LinkedHashMapBeanInfo
Event: 44.861 loading class java/util/LinkedHashMapBeanInfo done
Event: 44.861 loading class java/util/LinkedHashMapCustomizer
Event: 44.861 loading class java/util/LinkedHashMapCustomizer done
Event: 44.861 loading class java/util/LinkedHashMapCustomizer
Event: 44.861 loading class java/util/LinkedHashMapCustomizer done
Event: 45.112 loading class java/lang/reflect/ProxyBeanInfo
Event: 45.112 loading class java/lang/reflect/ProxyBeanInfo done
Event: 45.112 loading class java/lang/reflect/ProxyBeanInfo
Event: 45.112 loading class java/lang/reflect/ProxyBeanInfo done
Event: 45.112 loading class java/lang/reflect/ProxyCustomizer
Event: 45.112 loading class java/lang/reflect/ProxyCustomizer done
Event: 45.113 loading class java/lang/reflect/ProxyCustomizer
Event: 45.113 loading class java/lang/reflect/ProxyCustomizer done


Dynamic libraries:
0x00007ff742e20000 - 0x00007ff742e30000 	C:\Program Files\Java\jdk-17\bin\java.exe
0x00007fff068b0000 - 0x00007fff06aa8000 	C:\Windows\SYSTEM32\ntdll.dll
0x00007fff050f0000 - 0x00007fff051ad000 	C:\Windows\System32\KERNEL32.DLL
0x00007fff04120000 - 0x00007fff04416000 	C:\Windows\System32\KERNELBASE.dll
0x00007fff045f0000 - 0x00007fff046f0000 	C:\Windows\System32\ucrtbase.dll
0x00007ffec3820000 - 0x00007ffec383b000 	C:\Program Files\Java\jdk-17\bin\VCRUNTIME140.dll
0x00007ffec0970000 - 0x00007ffec0989000 	C:\Program Files\Java\jdk-17\bin\jli.dll
0x00007fff04fa0000 - 0x00007fff05050000 	C:\Windows\System32\ADVAPI32.dll
0x00007fff049c0000 - 0x00007fff04a5e000 	C:\Windows\System32\msvcrt.dll
0x00007fff05050000 - 0x00007fff050f0000 	C:\Windows\System32\sechost.dll
0x00007fff05240000 - 0x00007fff05363000 	C:\Windows\System32\RPCRT4.dll
0x00007fff040f0000 - 0x00007fff04117000 	C:\Windows\System32\bcrypt.dll
0x00007ffee6fb0000 - 0x00007ffee724a000 	C:\Windows\WinSxS\amd64_microsoft.windows.common-controls_6595b64144ccf1df_6.0.19041.4355_none_60b8b9eb71f62e16\COMCTL32.dll
0x00007fff04cd0000 - 0x00007fff04e6f000 	C:\Windows\System32\USER32.dll
0x00007fff04c30000 - 0x00007fff04c5b000 	C:\Windows\System32\GDI32.dll
0x00007fff03fc0000 - 0x00007fff03fe2000 	C:\Windows\System32\win32u.dll
0x00007fff04420000 - 0x00007fff04537000 	C:\Windows\System32\gdi32full.dll
0x00007fff04850000 - 0x00007fff048ed000 	C:\Windows\System32\msvcp_win.dll
0x00007ffef8910000 - 0x00007ffef891a000 	C:\Windows\SYSTEM32\VERSION.dll
0x00007fff05b90000 - 0x00007fff05bbf000 	C:\Windows\System32\IMM32.DLL
0x00007ffef9030000 - 0x00007ffef903c000 	C:\Program Files\Java\jdk-17\bin\vcruntime140_1.dll
0x00007ffe84150000 - 0x00007ffe841de000 	C:\Program Files\Java\jdk-17\bin\msvcp140.dll
0x00007ffe7b7e0000 - 0x00007ffe7c3bf000 	C:\Program Files\Java\jdk-17\bin\server\jvm.dll
0x00007fff06640000 - 0x00007fff06648000 	C:\Windows\System32\PSAPI.DLL
0x00007ffef3d00000 - 0x00007ffef3d27000 	C:\Windows\SYSTEM32\WINMM.dll
0x00007ffee3ea0000 - 0x00007ffee3ea9000 	C:\Windows\SYSTEM32\WSOCK32.dll
0x00007fff04c60000 - 0x00007fff04ccb000 	C:\Windows\System32\WS2_32.dll
0x00007fff02560000 - 0x00007fff02572000 	C:\Windows\SYSTEM32\kernel.appcore.dll
0x00007ffee5d20000 - 0x00007ffee5d2a000 	C:\Program Files\Java\jdk-17\bin\jimage.dll
0x00007fff019b0000 - 0x00007fff01b94000 	C:\Windows\SYSTEM32\DBGHELP.DLL
0x00007ffedfa20000 - 0x00007ffedfa54000 	C:\Windows\SYSTEM32\dbgcore.DLL
0x00007fff03ff0000 - 0x00007fff04072000 	C:\Windows\System32\bcryptPrimitives.dll
0x00007ffef6c00000 - 0x00007ffef6c0e000 	C:\Program Files\Java\jdk-17\bin\instrument.dll
0x00007ffeb1c60000 - 0x00007ffeb1c85000 	C:\Program Files\Java\jdk-17\bin\java.dll
0x00007ffe80a70000 - 0x00007ffe80b47000 	C:\Program Files\Java\jdk-17\bin\jsvml.dll
0x00007fff05370000 - 0x00007fff05adc000 	C:\Windows\System32\SHELL32.dll
0x00007fff01ca0000 - 0x00007fff0243d000 	C:\Windows\SYSTEM32\windows.storage.dll
0x00007fff05c90000 - 0x00007fff05fe3000 	C:\Windows\System32\combase.dll
0x00007fff03840000 - 0x00007fff0386e000 	C:\Windows\SYSTEM32\Wldp.dll
0x00007fff048f0000 - 0x00007fff049bd000 	C:\Windows\System32\OLEAUT32.dll
0x00007fff066e0000 - 0x00007fff0678d000 	C:\Windows\System32\SHCORE.dll
0x00007fff065e0000 - 0x00007fff06635000 	C:\Windows\System32\shlwapi.dll
0x00007fff03ea0000 - 0x00007fff03ec4000 	C:\Windows\SYSTEM32\profapi.dll
0x00007ffebe950000 - 0x00007ffebe968000 	C:\Program Files\Java\jdk-17\bin\zip.dll
0x00007ffec4b10000 - 0x00007ffec4b29000 	C:\Program Files\Java\jdk-17\bin\net.dll
0x00007fff02e80000 - 0x00007fff02f8a000 	C:\Windows\SYSTEM32\WINHTTP.dll
0x00007fff03620000 - 0x00007fff0368a000 	C:\Windows\system32\mswsock.dll
0x00007ffec0830000 - 0x00007ffec0846000 	C:\Program Files\Java\jdk-17\bin\nio.dll
0x00007ffef30c0000 - 0x00007ffef30d0000 	C:\Program Files\Java\jdk-17\bin\verify.dll
0x00007ffef6c10000 - 0x00007ffef6c37000 	C:\Users\d.ngantchou\.gradle\native\c067742578af261105cb4f569cf0c3c89f3d7b1fecec35dd04571415982c5e48\windows-amd64\native-platform.dll
0x00007ffe7a7e0000 - 0x00007ffe7a924000 	C:\Users\d.ngantchou\.gradle\native\38dada09dfb8b06ba9b0570ebf7e218e3eb74d4ef43ca46872605cf95ebc2f47\windows-amd64\native-platform-file-events.dll
0x00007ffee1340000 - 0x00007ffee134a000 	C:\Program Files\Java\jdk-17\bin\management.dll
0x00007ffee06d0000 - 0x00007ffee06db000 	C:\Program Files\Java\jdk-17\bin\management_ext.dll
0x00007fff038f0000 - 0x00007fff03908000 	C:\Windows\SYSTEM32\CRYPTSP.dll
0x00007fff02df0000 - 0x00007fff02e24000 	C:\Windows\system32\rsaenh.dll
0x00007fff03e50000 - 0x00007fff03e7e000 	C:\Windows\SYSTEM32\USERENV.dll
0x00007fff037b0000 - 0x00007fff037bc000 	C:\Windows\SYSTEM32\CRYPTBASE.dll
0x00007fff03320000 - 0x00007fff0335b000 	C:\Windows\SYSTEM32\IPHLPAPI.DLL
0x00007fff05230000 - 0x00007fff05238000 	C:\Windows\System32\NSI.dll
0x00007ffefd7c0000 - 0x00007ffefd7d7000 	C:\Windows\SYSTEM32\dhcpcsvc6.DLL
0x00007ffefd7a0000 - 0x00007ffefd7bd000 	C:\Windows\SYSTEM32\dhcpcsvc.DLL
0x00007fff03360000 - 0x00007fff0342a000 	C:\Windows\SYSTEM32\DNSAPI.dll
0x00007ffef30d0000 - 0x00007ffef30de000 	C:\Program Files\Java\jdk-17\bin\sunmscapi.dll
0x00007fff046f0000 - 0x00007fff0484e000 	C:\Windows\System32\CRYPT32.dll
0x00007fff03a00000 - 0x00007fff03a29000 	C:\Windows\SYSTEM32\ncrypt.dll
0x00007fff039c0000 - 0x00007fff039fb000 	C:\Windows\SYSTEM32\NTASN1.dll
0x00007ffecb9c0000 - 0x00007ffecb9c7000 	C:\Windows\system32\wshunix.dll
0x00007ffee0e00000 - 0x00007ffee0e17000 	C:\Windows\system32\napinsp.dll
0x00007ffee0de0000 - 0x00007ffee0dfb000 	C:\Windows\system32\pnrpnsp.dll
0x00007ffefdf00000 - 0x00007ffefdf15000 	C:\Windows\system32\wshbth.dll
0x00007ffefdf80000 - 0x00007ffefdf9d000 	C:\Windows\system32\NLAapi.dll
0x00007ffee0dc0000 - 0x00007ffee0dd2000 	C:\Windows\System32\winrnr.dll
0x00007ffefba90000 - 0x00007ffefba9a000 	C:\Windows\System32\rasadhlp.dll
0x00007ffefd4b0000 - 0x00007ffefd530000 	C:\Windows\System32\fwpuclnt.dll
0x00007ffefaf40000 - 0x00007ffefaf81000 	C:\Users\d.ngantchou\AppData\Local\Temp\jna-1561045647\jna10790053412548123850.dll
0x0000024f01fa0000 - 0x0000024f01fa3000 	C:\Windows\SYSTEM32\Security.dll

dbghelp: loaded successfully - version: 4.0.5 - missing functions: none
symbol engine: initialized successfully - sym options: 0x614 - pdb path: .;C:\Program Files\Java\jdk-17\bin;C:\Windows\SYSTEM32;C:\Windows\WinSxS\amd64_microsoft.windows.common-controls_6595b64144ccf1df_6.0.19041.4355_none_60b8b9eb71f62e16;C:\Program Files\Java\jdk-17\bin\server;C:\Users\d.ngantchou\.gradle\native\c067742578af261105cb4f569cf0c3c89f3d7b1fecec35dd04571415982c5e48\windows-amd64;C:\Users\d.ngantchou\.gradle\native\38dada09dfb8b06ba9b0570ebf7e218e3eb74d4ef43ca46872605cf95ebc2f47\windows-amd64;C:\Users\d.ngantchou\AppData\Local\Temp\jna-1561045647

VM Arguments:
jvm_args: --add-opens=java.base/java.util=ALL-UNNAMED --add-opens=java.base/java.lang=ALL-UNNAMED --add-opens=java.base/java.lang.invoke=ALL-UNNAMED --add-opens=java.prefs/java.util.prefs=ALL-UNNAMED --add-opens=java.base/java.nio.charset=ALL-UNNAMED --add-opens=java.base/java.net=ALL-UNNAMED --add-opens=java.base/java.util.concurrent.atomic=ALL-UNNAMED -Dfile.encoding=windows-1252 -Duser.country=FR -Duser.language=fr -Duser.variant -javaagent:C:\Users\d.ngantchou\.gradle\wrapper\dists\gradle-8.6-bin\afr5mpiioh2wthjmwnkmdsd5w\gradle-8.6\lib\agents\gradle-instrumentation-agent-8.6.jar 
java_command: org.gradle.launcher.daemon.bootstrap.GradleDaemon 8.6
java_class_path (initial): C:\Users\d.ngantchou\.gradle\wrapper\dists\gradle-8.6-bin\afr5mpiioh2wthjmwnkmdsd5w\gradle-8.6\lib\gradle-launcher-8.6.jar
Launcher Type: SUN_STANDARD

[Global flags]
     intx CICompilerCount                          = 4                                         {product} {ergonomic}
     uint ConcGCThreads                            = 2                                         {product} {ergonomic}
     uint G1ConcRefinementThreads                  = 8                                         {product} {ergonomic}
   size_t G1HeapRegionSize                         = 2097152                                   {product} {ergonomic}
    uintx GCDrainStackTargetSize                   = 64                                        {product} {ergonomic}
   size_t InitialHeapSize                          = 197132288                                 {product} {ergonomic}
   size_t MarkStackSize                            = 4194304                                   {product} {ergonomic}
   size_t MaxHeapSize                              = 3139436544                                {product} {ergonomic}
   size_t MaxNewSize                               = 1883242496                                {product} {ergonomic}
   size_t MinHeapDeltaBytes                        = 2097152                                   {product} {ergonomic}
   size_t MinHeapSize                              = 8388608                                   {product} {ergonomic}
    uintx NonNMethodCodeHeapSize                   = 5839372                                {pd product} {ergonomic}
    uintx NonProfiledCodeHeapSize                  = 122909434                              {pd product} {ergonomic}
    uintx ProfiledCodeHeapSize                     = 122909434                              {pd product} {ergonomic}
    uintx ReservedCodeCacheSize                    = 251658240                              {pd product} {ergonomic}
     bool SegmentedCodeCache                       = true                                      {product} {ergonomic}
   size_t SoftMaxHeapSize                          = 3139436544                             {manageable} {ergonomic}
     bool UseCompressedClassPointers               = true                           {product lp64_product} {ergonomic}
     bool UseCompressedOops                        = true                           {product lp64_product} {ergonomic}
     bool UseG1GC                                  = true                                      {product} {ergonomic}
     bool UseLargePagesIndividualAllocation        = false                                  {pd product} {ergonomic}

Logging:
Log output configuration:
 #0: stdout all=warning uptime,level,tags
 #1: stderr all=off uptime,level,tags

Environment Variables:
JAVA_HOME=C:\Program Files\Java\jdk-17
PATH=C:\Program Files\Common Files\Oracle\Java\javapath;C:\Windows\system32;C:\Windows;C:\Windows\System32\Wbem;C:\Windows\System32\WindowsPowerShell\v1.0\;C:\Windows\System32\OpenSSH\;C:\Program Files\Git\cmd;C:\Program Files\nodejs\;C:\Program Files\Docker\Docker\resources\bin;C:\xampp\php;C:\composer;C:\Program Files\Java\jdk-17\bin;C:\xampp\mysql\bin;C:\Gradle\gradle-8.6\bin;C:\Program Files\Microsoft SQL Server\150\Tools\Binn\;C:\Program Files\Microsoft SQL Server\Client SDK\ODBC\170\Tools\Binn\;C:\Program Files\dotnet\;C:\Users\d.ngantchou\AppData\Local\Microsoft\WindowsApps;;C:\Users\d.ngantchou\AppData\Local\Programs\Microsoft VS Code\bin;C:\Users\d.ngantchou\AppData\Roaming\npm;C:\Users\d.ngantchou\AppData\Roaming\Composer\vendor\bin;C:\Users\d.ngantchou\.dotnet\tools
USERNAME=d.ngantchou
OS=Windows_NT
PROCESSOR_IDENTIFIER=Intel64 Family 6 Model 140 Stepping 1, GenuineIntel



---------------  S Y S T E M  ---------------

OS:
 Windows 10 , 64 bit Build 19041 (10.0.19041.3636)
OS uptime: 0 days 13:01 hours
Hyper-V role detected

CPU: total 8 (initial active 8) (4 cores per cpu, 2 threads per core) family 6 model 140 stepping 1 microcode 0xb6, cx8, cmov, fxsr, ht, mmx, 3dnowpref, sse, sse2, sse3, ssse3, sse4.1, sse4.2, popcnt, lzcnt, tsc, tscinvbit, avx, avx2, aes, erms, clmul, bmi1, bmi2, adx, avx512f, avx512dq, avx512cd, avx512bw, avx512vl, sha, fma, vzeroupper, avx512_vpopcntdq, avx512_vpclmulqdq, avx512_vaes, avx512_vnni, clflush, clflushopt, clwb, avx512_vbmi2, avx512_vbmi, hv

Memory: 4k page, system-wide physical 11968M (338M free)
TotalPageFile size 25904M (AvailPageFile size 167M)
current process WorkingSet (physical memory assigned to process): 510M, peak: 527M
current process commit charge ("private bytes"): 552M, peak: 868M

vm_info: Java HotSpot(TM) 64-Bit Server VM (17.0.10+11-LTS-240) for windows-amd64 JRE (17.0.10+11-LTS-240), built on Dec 19 2023 21:47:25 by "mach5one" with MS VC++ 17.1 (VS2022)

END.
