#
# There is insufficient memory for the Java Runtime Environment to continue.
# Native memory allocation (malloc) failed to allocate 2097152 bytes. Error detail: AllocateHeap
# Possible reasons:
#   The system is out of physical RAM or swap space
#   This process is running with CompressedOops enabled, and the Java Heap may be blocking the growth of the native heap
# Possible solutions:
#   Reduce memory load on the system
#   Increase physical memory or swap space
#   Check if swap backing store is full
#   Decrease Java heap size (-Xmx/-Xms)
#   Decrease number of Java threads
#   Decrease Java thread stack sizes (-Xss)
#   Set larger code cache with -XX:ReservedCodeCacheSize=
#   JVM is running with Unscaled Compressed Oops mode in which the Java heap is
#     placed in the first 4GB address space. The Java Heap base address is the
#     maximum limit for the native heap growth. Please use -XX:HeapBaseMinAddress
#     to set the Java Heap base and to place the Java Heap above 4GB virtual address.
# This output file may be truncated or incomplete.
#
#  Out of Memory Error (allocation.cpp:44), pid=24080, tid=11860
#
# JRE version: OpenJDK Runtime Environment Temurin-17.0.12+7 (17.0.12+7) (build 17.0.12+7)
# Java VM: OpenJDK 64-Bit Server VM Temurin-17.0.12+7 (17.0.12+7, mixed mode, emulated-client, tiered, compressed oops, compressed class ptrs, g1 gc, windows-amd64)
# No core dump will be written. Minidumps are not enabled by default on client versions of Windows
#

---------------  S U M M A R Y ------------

Command Line: -Xmx1024m -Dsts.lsp.client=vscode -Dsts.log.file=/dev/null -XX:TieredStopAtLevel=1 -Xlog:jni+resolve=off c:\Users\d.ngantchou\.vscode\extensions\vmware.vscode-spring-boot-1.57.0\language-server\spring-boot-language-server-1.57.0-SNAPSHOT-exec.jar

Host: 11th Gen Intel(R) Core(TM) i5-1135G7 @ 2.40GHz, 8 cores, 11G,  Windows 10 , 64 bit Build 19041 (10.0.19041.4842)
Time: Thu Sep 26 20:40:38 2024 Afr. centrale Ouest elapsed time: 22247.389886 seconds (0d 6h 10m 47s)

---------------  T H R E A D  ---------------

Current thread (0x000001ba3f17b060):  VMThread "VM Thread" [stack: 0x00000071f4700000,0x00000071f4800000] [id=11860]

Stack: [0x00000071f4700000,0x00000071f4800000]
Native frames: (J=compiled Java code, j=interpreted, Vv=VM code, C=native code)
V  [jvm.dll+0x67f929]
V  [jvm.dll+0x8371ba]
V  [jvm.dll+0x838c7e]
V  [jvm.dll+0x8392e3]
V  [jvm.dll+0x24834f]
V  [jvm.dll+0xa70d3]
V  [jvm.dll+0x2f9101]
V  [jvm.dll+0x2f4d00]
V  [jvm.dll+0x2dd82f]
V  [jvm.dll+0x3201f7]
V  [jvm.dll+0x83d7dd]
V  [jvm.dll+0x83e522]
V  [jvm.dll+0x83ea4f]
V  [jvm.dll+0x83ee34]
V  [jvm.dll+0x83ef00]
V  [jvm.dll+0x7e65dc]
V  [jvm.dll+0x67e7f7]
C  [ucrtbase.dll+0x21bb2]
C  [KERNEL32.DLL+0x17374]
C  [ntdll.dll+0x4cc91]

VM_Operation (0x00000071f5cfeda0): G1CollectFull, mode: safepoint, requested by thread 0x000001ba44f475c0


---------------  P R O C E S S  ---------------

Threads class SMR info:
_java_thread_list=0x000001ba4dd21720, length=39, elements={
0x000001ba3f18f740, 0x000001ba3f190010, 0x000001ba3f1a8610, 0x000001ba3f1a8ee0,
0x000001ba3f1a97b0, 0x000001ba3f1ac090, 0x000001ba3f1ad1b0, 0x000001ba3f1aead0,
0x000001ba3f451620, 0x000001ba3f453580, 0x000001ba44f470b0, 0x000001ba44f475c0,
0x000001ba44f48a00, 0x000001ba44f47ad0, 0x000001ba44f49420, 0x000001ba44f46180,
0x000001ba44f47fe0, 0x000001ba44f484f0, 0x000001ba44f48f10, 0x000001ba44f45c70,
0x000001ba44f46690, 0x000001ba450157f0, 0x000001ba450143b0, 0x000001ba450152e0,
0x000001ba4500f7c0, 0x000001ba45011b30, 0x000001ba4500e890, 0x000001ba45012550,
0x000001ba450101e0, 0x000001ba45014dd0, 0x000001ba45012a60, 0x000001ba45011110,
0x000001ba45011620, 0x000001ba450148c0, 0x000001ba45016210, 0x000001ba44f46ba0,
0x000001ba45e618c0, 0x000001ba45e664b0, 0x000001ba45e63720
}

Java Threads: ( => current thread )
  0x000001ba3f18f740 JavaThread "Reference Handler" daemon [_thread_blocked, id=6484, stack(0x00000071f4800000,0x00000071f4900000)]
  0x000001ba3f190010 JavaThread "Finalizer" daemon [_thread_blocked, id=28508, stack(0x00000071f4900000,0x00000071f4a00000)]
  0x000001ba3f1a8610 JavaThread "Signal Dispatcher" daemon [_thread_blocked, id=16360, stack(0x00000071f4a00000,0x00000071f4b00000)]
  0x000001ba3f1a8ee0 JavaThread "Attach Listener" daemon [_thread_blocked, id=16144, stack(0x00000071f4b00000,0x00000071f4c00000)]
  0x000001ba3f1a97b0 JavaThread "Service Thread" daemon [_thread_blocked, id=17180, stack(0x00000071f4c00000,0x00000071f4d00000)]
  0x000001ba3f1ac090 JavaThread "Monitor Deflation Thread" daemon [_thread_blocked, id=22960, stack(0x00000071f4d00000,0x00000071f4e00000)]
  0x000001ba3f1ad1b0 JavaThread "C1 CompilerThread0" daemon [_thread_blocked, id=25296, stack(0x00000071f4e00000,0x00000071f4f00000)]
  0x000001ba3f1aead0 JavaThread "Sweeper thread" daemon [_thread_blocked, id=1920, stack(0x00000071f4f00000,0x00000071f5000000)]
  0x000001ba3f451620 JavaThread "Notification Thread" daemon [_thread_blocked, id=23776, stack(0x00000071f5200000,0x00000071f5300000)]
  0x000001ba3f453580 JavaThread "Common-Cleaner" daemon [_thread_blocked, id=18944, stack(0x00000071f5400000,0x00000071f5500000)]
  0x000001ba44f470b0 JavaThread "boundedElastic-evictor-1" daemon [_thread_blocked, id=20956, stack(0x00000071f5800000,0x00000071f5900000)]
  0x000001ba44f475c0 JavaThread "pool-13-thread-1" [_thread_blocked, id=16380, stack(0x00000071f5c00000,0x00000071f5d00000)]
  0x000001ba44f48a00 JavaThread "LanguageServerApp-lifecycle" [_thread_blocked, id=7096, stack(0x00000071f6300000,0x00000071f6400000)]
  0x000001ba44f47ad0 JavaThread "DestroyJavaVM" [_thread_blocked, id=19408, stack(0x00000071f4100000,0x00000071f4200000)]
  0x000001ba44f49420 JavaThread "pool-14-thread-1" [_thread_in_native, id=28124, stack(0x00000071f6400000,0x00000071f6500000)]
  0x000001ba44f46180 JavaThread "Simple-Language-Server main thread" daemon [_thread_blocked, id=26040, stack(0x00000071f6500000,0x00000071f6600000)]
  0x000001ba44f47fe0 JavaThread "pool-8-thread-1" [_thread_blocked, id=3272, stack(0x00000071f6700000,0x00000071f6800000)]
  0x000001ba44f484f0 JavaThread "parallel-1" daemon [_thread_blocked, id=25408, stack(0x00000071f6800000,0x00000071f6900000)]
  0x000001ba44f48f10 JavaThread "parallel-2" daemon [_thread_blocked, id=13636, stack(0x00000071f6900000,0x00000071f6a00000)]
  0x000001ba44f45c70 JavaThread "parallel-3" daemon [_thread_blocked, id=17480, stack(0x00000071f6a00000,0x00000071f6b00000)]
  0x000001ba44f46690 JavaThread "parallel-4" daemon [_thread_blocked, id=8676, stack(0x00000071f6b00000,0x00000071f6c00000)]
  0x000001ba450157f0 JavaThread "parallel-5" daemon [_thread_blocked, id=10656, stack(0x00000071f6c00000,0x00000071f6d00000)]
  0x000001ba450143b0 JavaThread "parallel-6" daemon [_thread_blocked, id=8704, stack(0x00000071f6d00000,0x00000071f6e00000)]
  0x000001ba450152e0 JavaThread "pool-6-thread-1" [_thread_blocked, id=12652, stack(0x00000071f6f00000,0x00000071f7000000)]
  0x000001ba4500f7c0 JavaThread "parallel-7" daemon [_thread_blocked, id=764, stack(0x00000071f7200000,0x00000071f7300000)]
  0x000001ba45011b30 JavaThread "parallel-8" daemon [_thread_blocked, id=28308, stack(0x00000071f7400000,0x00000071f7500000)]
  0x000001ba4500e890 JavaThread "Reconciler-1" daemon [_thread_blocked, id=8412, stack(0x00000071f7500000,0x00000071f7600000)]
  0x000001ba45012550 JavaThread "CompletableFutureDelayScheduler" daemon [_thread_blocked, id=26112, stack(0x00000071f3f00000,0x00000071f4000000)]
  0x000001ba450101e0 JavaThread "pool-7-thread-1" [_thread_blocked, id=5296, stack(0x00000071f4000000,0x00000071f4100000)]
  0x000001ba45014dd0 JavaThread "pool-7-thread-2" [_thread_blocked, id=24860, stack(0x00000071f5000000,0x00000071f5100000)]
  0x000001ba45012a60 JavaThread "RMI Scheduler(0)" daemon [_thread_blocked, id=14264, stack(0x00000071f5f00000,0x00000071f6000000)]
  0x000001ba45011110 JavaThread "pool-7-thread-3" [_thread_blocked, id=3420, stack(0x00000071f6e00000,0x00000071f6f00000)]
  0x000001ba45011620 JavaThread "pool-7-thread-4" [_thread_blocked, id=16640, stack(0x00000071f7600000,0x00000071f7700000)]
  0x000001ba450148c0 JavaThread "pool-7-thread-5" [_thread_blocked, id=11840, stack(0x00000071f7700000,0x00000071f7800000)]
  0x000001ba45016210 JavaThread "pool-7-thread-6" [_thread_blocked, id=14176, stack(0x00000071f7800000,0x00000071f7900000)]
  0x000001ba44f46ba0 JavaThread "pool-7-thread-7" [_thread_blocked, id=25500, stack(0x00000071f7900000,0x00000071f7a00000)]
  0x000001ba45e618c0 JavaThread "pool-7-thread-8" [_thread_blocked, id=10972, stack(0x00000071f7a00000,0x00000071f7b00000)]
  0x000001ba45e664b0 JavaThread "pool-7-thread-9" [_thread_blocked, id=1928, stack(0x00000071f7c00000,0x00000071f7d00000)]
  0x000001ba45e63720 JavaThread "pool-7-thread-10" [_thread_blocked, id=14764, stack(0x00000071f7b00000,0x00000071f7c00000)]

Other Threads:
=>0x000001ba3f17b060 VMThread "VM Thread" [stack: 0x00000071f4700000,0x00000071f4800000] [id=11860]
  0x000001ba3f451b00 WatcherThread [stack: 0x00000071f5300000,0x00000071f5400000] [id=20784]
  0x000001ba323baf20 GCTaskThread "GC Thread#0" [stack: 0x00000071f4200000,0x00000071f4300000] [id=12364]
  0x000001ba3fdb48a0 GCTaskThread "GC Thread#1" [stack: 0x00000071f5100000,0x00000071f5200000] [id=23040]
  0x000001ba3f960630 GCTaskThread "GC Thread#2" [stack: 0x00000071f5500000,0x00000071f5600000] [id=908]
  0x000001ba3f88fe10 GCTaskThread "GC Thread#3" [stack: 0x00000071f5600000,0x00000071f5700000] [id=23224]
  0x000001ba44544910 GCTaskThread "GC Thread#4" [stack: 0x00000071f5900000,0x00000071f5a00000] [id=20048]
  0x000001ba44552d60 GCTaskThread "GC Thread#5" [stack: 0x00000071f5a00000,0x00000071f5b00000] [id=16420]
  0x000001ba44553430 GCTaskThread "GC Thread#6" [stack: 0x00000071f5b00000,0x00000071f5c00000] [id=28576]
  0x000001ba44682890 GCTaskThread "GC Thread#7" [stack: 0x00000071f5d00000,0x00000071f5e00000] [id=26384]
  0x000001ba323c3c80 ConcurrentGCThread "G1 Main Marker" [stack: 0x00000071f4300000,0x00000071f4400000] [id=15632]
  0x000001ba323c44b0 ConcurrentGCThread "G1 Conc#0" [stack: 0x00000071f4400000,0x00000071f4500000] [id=1708]
  0x000001ba44682b50 ConcurrentGCThread "G1 Conc#1" [stack: 0x00000071f5e00000,0x00000071f5f00000] [id=12816]
  0x000001ba3243e7c0 ConcurrentGCThread "G1 Refine#0" [stack: 0x00000071f4500000,0x00000071f4600000] [id=13624]
  0x000001ba45fa2200 ConcurrentGCThread "G1 Refine#1" [stack: 0x00000071f7000000,0x00000071f7100000] [id=18128]
  0x000001ba3fd562f0 ConcurrentGCThread "G1 Refine#2" [stack: 0x00000071f7100000,0x00000071f7200000] [id=9096]
  0x000001ba455277f0 ConcurrentGCThread "G1 Refine#3" [stack: 0x00000071f7300000,0x00000071f7400000] [id=28436]
  0x000001ba444d1220 ConcurrentGCThread "G1 Refine#4" [stack: 0x00000071f8700000,0x00000071f8800000] [id=14892]
  0x000001ba3efe4230 ConcurrentGCThread "G1 Service" [stack: 0x00000071f4600000,0x00000071f4700000] [id=25828]

Threads with active compile tasks:

VM state: at safepoint (normal execution)

VM Mutex/Monitor currently owned by a thread:  ([mutex/lock_event])
[0x000001ba32379c80] Threads_lock - owner thread: 0x000001ba3f17b060
[0x000001ba32378210] Heap_lock - owner thread: 0x000001ba44f475c0

Heap address: 0x00000000c0000000, size: 1024 MB, Compressed Oops mode: 32-bit

CDS archive(s) not mapped
Compressed class space mapped at: 0x0000000100000000-0x0000000140000000, reserved size: 1073741824
Narrow klass base: 0x0000000000000000, Narrow klass shift: 3, Narrow klass range: 0x140000000

GC Precious Log:
 CPUs: 8 total, 8 available
 Memory: 11968M
 Large Page Support: Disabled
 NUMA Support: Disabled
 Compressed Oops: Enabled (32-bit)
 Heap Region Size: 1M
 Heap Min Capacity: 8M
 Heap Initial Capacity: 188M
 Heap Max Capacity: 1G
 Pre-touch: Disabled
 Parallel Workers: 8
 Concurrent Workers: 2
 Concurrent Refinement Workers: 8
 Periodic GC: Disabled

Heap:
 garbage-first heap   total 304128K, used 97444K [0x00000000c0000000, 0x0000000100000000)
  region size 1024K, 1 young (1024K), 0 survivors (0K)
 Metaspace       used 63898K, committed 64448K, reserved 1114112K
  class space    used 8108K, committed 8320K, reserved 1048576K

Heap Regions: E=young(eden), S=young(survivor), O=old, HS=humongous(starts), HC=humongous(continues), CS=collection set, F=free, OA=open archive, CA=closed archive, TAMS=top-at-mark-start (previous, next)
|   0|0x00000000c0000000, 0x00000000c0100000, 0x00000000c0100000|100%|HS|  |TAMS 0x00000000c0100000, 0x00000000c0000000| Untracked 
|   1|0x00000000c0100000, 0x00000000c0200000, 0x00000000c0200000|100%|HC|  |TAMS 0x00000000c0200000, 0x00000000c0100000| Untracked 
|   2|0x00000000c0200000, 0x00000000c0300000, 0x00000000c0300000|100%|HC|  |TAMS 0x00000000c0300000, 0x00000000c0200000| Untracked 
|   3|0x00000000c0300000, 0x00000000c0400000, 0x00000000c0400000|100%|HC|  |TAMS 0x00000000c0400000, 0x00000000c0300000| Untracked 
|   4|0x00000000c0400000, 0x00000000c0500000, 0x00000000c0500000|100%|HS|  |TAMS 0x00000000c0500000, 0x00000000c0400000| Untracked 
|   5|0x00000000c0500000, 0x00000000c0600000, 0x00000000c0600000|100%|HC|  |TAMS 0x00000000c0600000, 0x00000000c0500000| Untracked 
|   6|0x00000000c0600000, 0x00000000c06ffff8, 0x00000000c0700000| 99%| O|  |TAMS 0x00000000c06ffff8, 0x00000000c0600000| Untracked 
|   7|0x00000000c0700000, 0x00000000c07feac0, 0x00000000c0800000| 99%| O|  |TAMS 0x00000000c07feac0, 0x00000000c0700000| Untracked 
|   8|0x00000000c0800000, 0x00000000c08fc4e8, 0x00000000c0900000| 98%| O|  |TAMS 0x00000000c08fc4e8, 0x00000000c0800000| Untracked 
|   9|0x00000000c0900000, 0x00000000c0a00000, 0x00000000c0a00000|100%| O|  |TAMS 0x00000000c0a00000, 0x00000000c0900000| Untracked 
|  10|0x00000000c0a00000, 0x00000000c0b00000, 0x00000000c0b00000|100%| O|  |TAMS 0x00000000c0b00000, 0x00000000c0a00000| Untracked 
|  11|0x00000000c0b00000, 0x00000000c0c00000, 0x00000000c0c00000|100%| O|  |TAMS 0x00000000c0c00000, 0x00000000c0b00000| Untracked 
|  12|0x00000000c0c00000, 0x00000000c0d00000, 0x00000000c0d00000|100%| O|  |TAMS 0x00000000c0d00000, 0x00000000c0c00000| Untracked 
|  13|0x00000000c0d00000, 0x00000000c0dfffe8, 0x00000000c0e00000| 99%| O|  |TAMS 0x00000000c0dfffe8, 0x00000000c0d00000| Untracked 
|  14|0x00000000c0e00000, 0x00000000c0f00000, 0x00000000c0f00000|100%| O|  |TAMS 0x00000000c0f00000, 0x00000000c0e00000| Untracked 
|  15|0x00000000c0f00000, 0x00000000c0fffff0, 0x00000000c1000000| 99%| O|  |TAMS 0x00000000c0fffff0, 0x00000000c0f00000| Untracked 
|  16|0x00000000c1000000, 0x00000000c10ffff0, 0x00000000c1100000| 99%| O|  |TAMS 0x00000000c10ffff0, 0x00000000c1000000| Untracked 
|  17|0x00000000c1100000, 0x00000000c11fffe8, 0x00000000c1200000| 99%| O|  |TAMS 0x00000000c11fffe8, 0x00000000c1100000| Untracked 
|  18|0x00000000c1200000, 0x00000000c12fffe8, 0x00000000c1300000| 99%| O|  |TAMS 0x00000000c12fffe8, 0x00000000c1200000| Untracked 
|  19|0x00000000c1300000, 0x00000000c13ffff0, 0x00000000c1400000| 99%| O|  |TAMS 0x00000000c13ffff0, 0x00000000c1300000| Untracked 
|  20|0x00000000c1400000, 0x00000000c14fffd0, 0x00000000c1500000| 99%| O|  |TAMS 0x00000000c14fffd0, 0x00000000c1400000| Untracked 
|  21|0x00000000c1500000, 0x00000000c15fffe8, 0x00000000c1600000| 99%| O|  |TAMS 0x00000000c15fffe8, 0x00000000c1500000| Untracked 
|  22|0x00000000c1600000, 0x00000000c16fffe0, 0x00000000c1700000| 99%| O|  |TAMS 0x00000000c16fffe0, 0x00000000c1600000| Untracked 
|  23|0x00000000c1700000, 0x00000000c17ffff0, 0x00000000c1800000| 99%| O|  |TAMS 0x00000000c17ffff0, 0x00000000c1700000| Untracked 
|  24|0x00000000c1800000, 0x00000000c18fffb0, 0x00000000c1900000| 99%| O|  |TAMS 0x00000000c18fffb0, 0x00000000c1800000| Untracked 
|  25|0x00000000c1900000, 0x00000000c19fff80, 0x00000000c1a00000| 99%| O|  |TAMS 0x00000000c19fff80, 0x00000000c1900000| Untracked 
|  26|0x00000000c1a00000, 0x00000000c1aff928, 0x00000000c1b00000| 99%| O|  |TAMS 0x00000000c1aff928, 0x00000000c1a00000| Untracked 
|  27|0x00000000c1b00000, 0x00000000c1c00000, 0x00000000c1c00000|100%| O|  |TAMS 0x00000000c1c00000, 0x00000000c1b00000| Untracked 
|  28|0x00000000c1c00000, 0x00000000c1cfb3f8, 0x00000000c1d00000| 98%| O|  |TAMS 0x00000000c1cfb3f8, 0x00000000c1c00000| Untracked 
|  29|0x00000000c1d00000, 0x00000000c1dffff8, 0x00000000c1e00000| 99%| O|  |TAMS 0x00000000c1dffff8, 0x00000000c1d00000| Untracked 
|  30|0x00000000c1e00000, 0x00000000c1f00000, 0x00000000c1f00000|100%| O|  |TAMS 0x00000000c1f00000, 0x00000000c1e00000| Untracked 
|  31|0x00000000c1f00000, 0x00000000c2000000, 0x00000000c2000000|100%| O|  |TAMS 0x00000000c2000000, 0x00000000c1f00000| Untracked 
|  32|0x00000000c2000000, 0x00000000c20fff58, 0x00000000c2100000| 99%| O|  |TAMS 0x00000000c20fff58, 0x00000000c2000000| Untracked 
|  33|0x00000000c2100000, 0x00000000c21fff90, 0x00000000c2200000| 99%| O|  |TAMS 0x00000000c21fff90, 0x00000000c2100000| Untracked 
|  34|0x00000000c2200000, 0x00000000c22fffc0, 0x00000000c2300000| 99%| O|  |TAMS 0x00000000c22fffc0, 0x00000000c2200000| Untracked 
|  35|0x00000000c2300000, 0x00000000c23fffe8, 0x00000000c2400000| 99%| O|  |TAMS 0x00000000c23fffe8, 0x00000000c2300000| Untracked 
|  36|0x00000000c2400000, 0x00000000c24fffe0, 0x00000000c2500000| 99%| O|  |TAMS 0x00000000c24fffe0, 0x00000000c2400000| Untracked 
|  37|0x00000000c2500000, 0x00000000c25fff80, 0x00000000c2600000| 99%| O|  |TAMS 0x00000000c25fff80, 0x00000000c2500000| Untracked 
|  38|0x00000000c2600000, 0x00000000c26ffff0, 0x00000000c2700000| 99%| O|  |TAMS 0x00000000c26ffff0, 0x00000000c2600000| Untracked 
|  39|0x00000000c2700000, 0x00000000c27fffc0, 0x00000000c2800000| 99%| O|  |TAMS 0x00000000c27fffc0, 0x00000000c2700000| Untracked 
|  40|0x00000000c2800000, 0x00000000c2900000, 0x00000000c2900000|100%| O|  |TAMS 0x00000000c2900000, 0x00000000c2800000| Untracked 
|  41|0x00000000c2900000, 0x00000000c2a00000, 0x00000000c2a00000|100%| O|  |TAMS 0x00000000c2a00000, 0x00000000c2900000| Untracked 
|  42|0x00000000c2a00000, 0x00000000c2b00000, 0x00000000c2b00000|100%| O|  |TAMS 0x00000000c2b00000, 0x00000000c2a00000| Untracked 
|  43|0x00000000c2b00000, 0x00000000c2bfbd18, 0x00000000c2c00000| 98%| O|  |TAMS 0x00000000c2bfbd18, 0x00000000c2b00000| Untracked 
|  44|0x00000000c2c00000, 0x00000000c2d00000, 0x00000000c2d00000|100%| O|  |TAMS 0x00000000c2d00000, 0x00000000c2c00000| Untracked 
|  45|0x00000000c2d00000, 0x00000000c2df9838, 0x00000000c2e00000| 97%| O|  |TAMS 0x00000000c2df9838, 0x00000000c2d00000| Untracked 
|  46|0x00000000c2e00000, 0x00000000c2effff8, 0x00000000c2f00000| 99%| O|  |TAMS 0x00000000c2effff8, 0x00000000c2e00000| Untracked 
|  47|0x00000000c2f00000, 0x00000000c3000000, 0x00000000c3000000|100%| O|  |TAMS 0x00000000c3000000, 0x00000000c2f00000| Untracked 
|  48|0x00000000c3000000, 0x00000000c30fffe8, 0x00000000c3100000| 99%| O|  |TAMS 0x00000000c30fffe8, 0x00000000c3000000| Untracked 
|  49|0x00000000c3100000, 0x00000000c31ffff8, 0x00000000c3200000| 99%| O|  |TAMS 0x00000000c31ffff8, 0x00000000c3100000| Untracked 
|  50|0x00000000c3200000, 0x00000000c32fffe0, 0x00000000c3300000| 99%| O|  |TAMS 0x00000000c32fffe0, 0x00000000c3200000| Untracked 
|  51|0x00000000c3300000, 0x00000000c33fffd8, 0x00000000c3400000| 99%| O|  |TAMS 0x00000000c33fffd8, 0x00000000c3300000| Untracked 
|  52|0x00000000c3400000, 0x00000000c34ffff0, 0x00000000c3500000| 99%| O|  |TAMS 0x00000000c34ffff0, 0x00000000c3400000| Untracked 
|  53|0x00000000c3500000, 0x00000000c3600000, 0x00000000c3600000|100%| O|  |TAMS 0x00000000c3600000, 0x00000000c3500000| Untracked 
|  54|0x00000000c3600000, 0x00000000c3700000, 0x00000000c3700000|100%| O|  |TAMS 0x00000000c3700000, 0x00000000c3600000| Untracked 
|  55|0x00000000c3700000, 0x00000000c37fffe0, 0x00000000c3800000| 99%| O|  |TAMS 0x00000000c37fffe0, 0x00000000c3700000| Untracked 
|  56|0x00000000c3800000, 0x00000000c38ffff8, 0x00000000c3900000| 99%| O|  |TAMS 0x00000000c38ffff8, 0x00000000c3800000| Untracked 
|  57|0x00000000c3900000, 0x00000000c3a00000, 0x00000000c3a00000|100%|HS|  |TAMS 0x00000000c3a00000, 0x00000000c3900000| Untracked 
|  58|0x00000000c3a00000, 0x00000000c3b00000, 0x00000000c3b00000|100%| O|  |TAMS 0x00000000c3b00000, 0x00000000c3a00000| Untracked 
|  59|0x00000000c3b00000, 0x00000000c3bfff68, 0x00000000c3c00000| 99%| O|  |TAMS 0x00000000c3bfff68, 0x00000000c3b00000| Untracked 
|  60|0x00000000c3c00000, 0x00000000c3cfff98, 0x00000000c3d00000| 99%| O|  |TAMS 0x00000000c3cfff98, 0x00000000c3c00000| Untracked 
|  61|0x00000000c3d00000, 0x00000000c3dffec0, 0x00000000c3e00000| 99%| O|  |TAMS 0x00000000c3dffec0, 0x00000000c3d00000| Untracked 
|  62|0x00000000c3e00000, 0x00000000c3ef80d0, 0x00000000c3f00000| 96%| O|  |TAMS 0x00000000c3ef80d0, 0x00000000c3e00000| Untracked 
|  63|0x00000000c3f00000, 0x00000000c3fffff8, 0x00000000c4000000| 99%| O|  |TAMS 0x00000000c3fffff8, 0x00000000c3f00000| Untracked 
|  64|0x00000000c4000000, 0x00000000c40fffa0, 0x00000000c4100000| 99%| O|  |TAMS 0x00000000c40fffa0, 0x00000000c4000000| Untracked 
|  65|0x00000000c4100000, 0x00000000c41ffff8, 0x00000000c4200000| 99%| O|  |TAMS 0x00000000c41ffff8, 0x00000000c4100000| Untracked 
|  66|0x00000000c4200000, 0x00000000c42fffe8, 0x00000000c4300000| 99%| O|  |TAMS 0x00000000c42fffe8, 0x00000000c4200000| Untracked 
|  67|0x00000000c4300000, 0x00000000c43fffc8, 0x00000000c4400000| 99%| O|  |TAMS 0x00000000c43fffc8, 0x00000000c4300000| Untracked 
|  68|0x00000000c4400000, 0x00000000c44fff30, 0x00000000c4500000| 99%| O|  |TAMS 0x00000000c44fff30, 0x00000000c4400000| Untracked 
|  69|0x00000000c4500000, 0x00000000c45f8108, 0x00000000c4600000| 96%| O|  |TAMS 0x00000000c45f8108, 0x00000000c4500000| Untracked 
|  70|0x00000000c4600000, 0x00000000c46fffc8, 0x00000000c4700000| 99%| O|  |TAMS 0x00000000c46fffc8, 0x00000000c4600000| Untracked 
|  71|0x00000000c4700000, 0x00000000c47ffff0, 0x00000000c4800000| 99%| O|  |TAMS 0x00000000c47ffff0, 0x00000000c4700000| Untracked 
|  72|0x00000000c4800000, 0x00000000c48fffe8, 0x00000000c4900000| 99%| O|  |TAMS 0x00000000c48fffe8, 0x00000000c4800000| Untracked 
|  73|0x00000000c4900000, 0x00000000c49fffe0, 0x00000000c4a00000| 99%| O|  |TAMS 0x00000000c49fffe0, 0x00000000c4900000| Untracked 
|  74|0x00000000c4a00000, 0x00000000c4ae7690, 0x00000000c4b00000| 90%| O|  |TAMS 0x00000000c4a00000, 0x00000000c4a00000| Untracked 
|  75|0x00000000c4b00000, 0x00000000c4bffff8, 0x00000000c4c00000| 99%| O|  |TAMS 0x00000000c4bffff8, 0x00000000c4b00000| Untracked 
|  76|0x00000000c4c00000, 0x00000000c4cc9ae8, 0x00000000c4d00000| 78%| O|  |TAMS 0x00000000c4c00000, 0x00000000c4c00000| Untracked 
|  77|0x00000000c4d00000, 0x00000000c4dffcb8, 0x00000000c4e00000| 99%| O|  |TAMS 0x00000000c4dffcb8, 0x00000000c4d00000| Untracked 
|  78|0x00000000c4e00000, 0x00000000c4effed8, 0x00000000c4f00000| 99%| O|  |TAMS 0x00000000c4effed8, 0x00000000c4e00000| Untracked 
|  79|0x00000000c4f00000, 0x00000000c4fe6748, 0x00000000c5000000| 90%| O|  |TAMS 0x00000000c4f00000, 0x00000000c4f00000| Untracked 
|  80|0x00000000c5000000, 0x00000000c50fc5d0, 0x00000000c5100000| 98%| O|  |TAMS 0x00000000c50fc5d0, 0x00000000c5000000| Untracked 
|  81|0x00000000c5100000, 0x00000000c51fffa0, 0x00000000c5200000| 99%| O|  |TAMS 0x00000000c51fffa0, 0x00000000c5100000| Untracked 
|  82|0x00000000c5200000, 0x00000000c52fdb80, 0x00000000c5300000| 99%| O|  |TAMS 0x00000000c52fdb80, 0x00000000c5200000| Untracked 
|  83|0x00000000c5300000, 0x00000000c53fffd8, 0x00000000c5400000| 99%| O|  |TAMS 0x00000000c53fffd8, 0x00000000c5300000| Untracked 
|  84|0x00000000c5400000, 0x00000000c54fffe0, 0x00000000c5500000| 99%| O|  |TAMS 0x00000000c54fffe0, 0x00000000c5400000| Untracked 
|  85|0x00000000c5500000, 0x00000000c5600000, 0x00000000c5600000|100%| O|  |TAMS 0x00000000c5600000, 0x00000000c5500000| Untracked 
|  86|0x00000000c5600000, 0x00000000c56fffc8, 0x00000000c5700000| 99%| O|  |TAMS 0x00000000c56fffc8, 0x00000000c5600000| Untracked 
|  87|0x00000000c5700000, 0x00000000c57bebb0, 0x00000000c5800000| 74%| O|  |TAMS 0x00000000c5700000, 0x00000000c5700000| Untracked 
|  88|0x00000000c5800000, 0x00000000c5800000, 0x00000000c5900000|  0%| F|  |TAMS 0x00000000c5800000, 0x00000000c5800000| Untracked 
|  89|0x00000000c5900000, 0x00000000c5900068, 0x00000000c5a00000|  0%| O|  |TAMS 0x00000000c5900000, 0x00000000c5900000| Untracked 
|  90|0x00000000c5a00000, 0x00000000c5a00000, 0x00000000c5b00000|  0%| F|  |TAMS 0x00000000c5a00000, 0x00000000c5a00000| Untracked 
|  91|0x00000000c5b00000, 0x00000000c5b00000, 0x00000000c5c00000|  0%| F|  |TAMS 0x00000000c5b00000, 0x00000000c5b00000| Untracked 
|  92|0x00000000c5c00000, 0x00000000c5c00000, 0x00000000c5d00000|  0%| F|  |TAMS 0x00000000c5c00000, 0x00000000c5c00000| Untracked 
|  93|0x00000000c5d00000, 0x00000000c5d00000, 0x00000000c5e00000|  0%| F|  |TAMS 0x00000000c5d00000, 0x00000000c5d00000| Untracked 
|  94|0x00000000c5e00000, 0x00000000c5e00000, 0x00000000c5f00000|  0%| F|  |TAMS 0x00000000c5e00000, 0x00000000c5e00000| Untracked 
|  95|0x00000000c5f00000, 0x00000000c5f00000, 0x00000000c6000000|  0%| F|  |TAMS 0x00000000c5f00000, 0x00000000c5f00000| Untracked 
|  96|0x00000000c6000000, 0x00000000c6000000, 0x00000000c6100000|  0%| F|  |TAMS 0x00000000c6000000, 0x00000000c6000000| Untracked 
|  97|0x00000000c6100000, 0x00000000c6100000, 0x00000000c6200000|  0%| F|  |TAMS 0x00000000c6100000, 0x00000000c6100000| Untracked 
|  98|0x00000000c6200000, 0x00000000c6200000, 0x00000000c6300000|  0%| F|  |TAMS 0x00000000c6200000, 0x00000000c6200000| Untracked 
|  99|0x00000000c6300000, 0x00000000c6300000, 0x00000000c6400000|  0%| F|  |TAMS 0x00000000c6300000, 0x00000000c6300000| Untracked 
| 100|0x00000000c6400000, 0x00000000c6400000, 0x00000000c6500000|  0%| F|  |TAMS 0x00000000c6400000, 0x00000000c6400000| Untracked 
| 101|0x00000000c6500000, 0x00000000c6500000, 0x00000000c6600000|  0%| F|  |TAMS 0x00000000c6500000, 0x00000000c6500000| Untracked 
| 102|0x00000000c6600000, 0x00000000c6600000, 0x00000000c6700000|  0%| F|  |TAMS 0x00000000c6600000, 0x00000000c6600000| Untracked 
| 103|0x00000000c6700000, 0x00000000c6800000, 0x00000000c6800000|100%| O|  |TAMS 0x00000000c6800000, 0x00000000c6700000| Untracked 
| 104|0x00000000c6800000, 0x00000000c6900000, 0x00000000c6900000|100%| O|  |TAMS 0x00000000c6900000, 0x00000000c6800000| Untracked 
| 105|0x00000000c6900000, 0x00000000c6900000, 0x00000000c6a00000|  0%| F|  |TAMS 0x00000000c6900000, 0x00000000c6900000| Untracked 
| 106|0x00000000c6a00000, 0x00000000c6a00000, 0x00000000c6b00000|  0%| F|  |TAMS 0x00000000c6a00000, 0x00000000c6a00000| Untracked 
| 107|0x00000000c6b00000, 0x00000000c6b00000, 0x00000000c6c00000|  0%| F|  |TAMS 0x00000000c6b00000, 0x00000000c6b00000| Untracked 
| 108|0x00000000c6c00000, 0x00000000c6c00000, 0x00000000c6d00000|  0%| F|  |TAMS 0x00000000c6c00000, 0x00000000c6c00000| Untracked 
| 109|0x00000000c6d00000, 0x00000000c6d00000, 0x00000000c6e00000|  0%| F|  |TAMS 0x00000000c6d00000, 0x00000000c6d00000| Untracked 
| 110|0x00000000c6e00000, 0x00000000c6e00000, 0x00000000c6f00000|  0%| F|  |TAMS 0x00000000c6e00000, 0x00000000c6e00000| Untracked 
| 111|0x00000000c6f00000, 0x00000000c6f00000, 0x00000000c7000000|  0%| F|  |TAMS 0x00000000c6f00000, 0x00000000c6f00000| Untracked 
| 112|0x00000000c7000000, 0x00000000c7000000, 0x00000000c7100000|  0%| F|  |TAMS 0x00000000c7000000, 0x00000000c7000000| Untracked 
| 113|0x00000000c7100000, 0x00000000c7100000, 0x00000000c7200000|  0%| F|  |TAMS 0x00000000c7100000, 0x00000000c7100000| Untracked 
| 114|0x00000000c7200000, 0x00000000c7200000, 0x00000000c7300000|  0%| F|  |TAMS 0x00000000c7200000, 0x00000000c7200000| Untracked 
| 115|0x00000000c7300000, 0x00000000c7300000, 0x00000000c7400000|  0%| F|  |TAMS 0x00000000c7300000, 0x00000000c7300000| Untracked 
| 116|0x00000000c7400000, 0x00000000c74ffe30, 0x00000000c7500000| 99%| O|  |TAMS 0x00000000c74ffe30, 0x00000000c7400000| Untracked 
| 117|0x00000000c7500000, 0x00000000c7500000, 0x00000000c7600000|  0%| F|  |TAMS 0x00000000c7500000, 0x00000000c7500000| Untracked 
| 118|0x00000000c7600000, 0x00000000c7600000, 0x00000000c7700000|  0%| F|  |TAMS 0x00000000c7600000, 0x00000000c7600000| Untracked 
| 119|0x00000000c7700000, 0x00000000c7700000, 0x00000000c7800000|  0%| F|  |TAMS 0x00000000c7700000, 0x00000000c7700000| Untracked 
| 120|0x00000000c7800000, 0x00000000c7800000, 0x00000000c7900000|  0%| F|  |TAMS 0x00000000c7800000, 0x00000000c7800000| Untracked 
| 121|0x00000000c7900000, 0x00000000c7900000, 0x00000000c7a00000|  0%| F|  |TAMS 0x00000000c7900000, 0x00000000c7900000| Untracked 
| 122|0x00000000c7a00000, 0x00000000c7a00000, 0x00000000c7b00000|  0%| F|  |TAMS 0x00000000c7a00000, 0x00000000c7a00000| Untracked 
| 123|0x00000000c7b00000, 0x00000000c7b00000, 0x00000000c7c00000|  0%| F|  |TAMS 0x00000000c7b00000, 0x00000000c7b00000| Untracked 
| 124|0x00000000c7c00000, 0x00000000c7c00000, 0x00000000c7d00000|  0%| F|  |TAMS 0x00000000c7c00000, 0x00000000c7c00000| Untracked 
| 125|0x00000000c7d00000, 0x00000000c7d00000, 0x00000000c7e00000|  0%| F|  |TAMS 0x00000000c7d00000, 0x00000000c7d00000| Untracked 
| 126|0x00000000c7e00000, 0x00000000c7e00000, 0x00000000c7f00000|  0%| F|  |TAMS 0x00000000c7e00000, 0x00000000c7e00000| Untracked 
| 127|0x00000000c7f00000, 0x00000000c7f00000, 0x00000000c8000000|  0%| F|  |TAMS 0x00000000c7f00000, 0x00000000c7f00000| Untracked 
| 128|0x00000000c8000000, 0x00000000c8000000, 0x00000000c8100000|  0%| F|  |TAMS 0x00000000c8000000, 0x00000000c8000000| Untracked 
| 129|0x00000000c8100000, 0x00000000c8100000, 0x00000000c8200000|  0%| F|  |TAMS 0x00000000c8100000, 0x00000000c8100000| Untracked 
| 130|0x00000000c8200000, 0x00000000c8200000, 0x00000000c8300000|  0%| F|  |TAMS 0x00000000c8200000, 0x00000000c8200000| Untracked 
| 131|0x00000000c8300000, 0x00000000c8300000, 0x00000000c8400000|  0%| F|  |TAMS 0x00000000c8300000, 0x00000000c8300000| Untracked 
| 132|0x00000000c8400000, 0x00000000c8400000, 0x00000000c8500000|  0%| F|  |TAMS 0x00000000c8400000, 0x00000000c8400000| Untracked 
| 133|0x00000000c8500000, 0x00000000c8500000, 0x00000000c8600000|  0%| F|  |TAMS 0x00000000c8500000, 0x00000000c8500000| Untracked 
| 134|0x00000000c8600000, 0x00000000c8600000, 0x00000000c8700000|  0%| F|  |TAMS 0x00000000c8600000, 0x00000000c8600000| Untracked 
| 135|0x00000000c8700000, 0x00000000c8700000, 0x00000000c8800000|  0%| F|  |TAMS 0x00000000c8700000, 0x00000000c8700000| Untracked 
| 136|0x00000000c8800000, 0x00000000c8800000, 0x00000000c8900000|  0%| F|  |TAMS 0x00000000c8800000, 0x00000000c8800000| Untracked 
| 137|0x00000000c8900000, 0x00000000c8900000, 0x00000000c8a00000|  0%| F|  |TAMS 0x00000000c8900000, 0x00000000c8900000| Untracked 
| 138|0x00000000c8a00000, 0x00000000c8b00000, 0x00000000c8b00000|100%| O|  |TAMS 0x00000000c8b00000, 0x00000000c8a00000| Untracked 
| 139|0x00000000c8b00000, 0x00000000c8c00000, 0x00000000c8c00000|100%| O|  |TAMS 0x00000000c8c00000, 0x00000000c8b00000| Untracked 
| 140|0x00000000c8c00000, 0x00000000c8c00000, 0x00000000c8d00000|  0%| F|  |TAMS 0x00000000c8c00000, 0x00000000c8c00000| Untracked 
| 141|0x00000000c8d00000, 0x00000000c8d00000, 0x00000000c8e00000|  0%| F|  |TAMS 0x00000000c8d00000, 0x00000000c8d00000| Untracked 
| 142|0x00000000c8e00000, 0x00000000c8e00000, 0x00000000c8f00000|  0%| F|  |TAMS 0x00000000c8e00000, 0x00000000c8e00000| Untracked 
| 143|0x00000000c8f00000, 0x00000000c8f00000, 0x00000000c9000000|  0%| F|  |TAMS 0x00000000c8f00000, 0x00000000c8f00000| Untracked 
| 144|0x00000000c9000000, 0x00000000c9000000, 0x00000000c9100000|  0%| F|  |TAMS 0x00000000c9000000, 0x00000000c9000000| Untracked 
| 145|0x00000000c9100000, 0x00000000c9100000, 0x00000000c9200000|  0%| F|  |TAMS 0x00000000c9100000, 0x00000000c9100000| Untracked 
| 146|0x00000000c9200000, 0x00000000c9200000, 0x00000000c9300000|  0%| F|  |TAMS 0x00000000c9200000, 0x00000000c9200000| Untracked 
| 147|0x00000000c9300000, 0x00000000c9300000, 0x00000000c9400000|  0%| F|  |TAMS 0x00000000c9300000, 0x00000000c9300000| Untracked 
| 148|0x00000000c9400000, 0x00000000c9400000, 0x00000000c9500000|  0%| F|  |TAMS 0x00000000c9400000, 0x00000000c9400000| Untracked 
| 149|0x00000000c9500000, 0x00000000c9500000, 0x00000000c9600000|  0%| F|  |TAMS 0x00000000c9500000, 0x00000000c9500000| Untracked 
| 150|0x00000000c9600000, 0x00000000c9600000, 0x00000000c9700000|  0%| F|  |TAMS 0x00000000c9600000, 0x00000000c9600000| Untracked 
| 151|0x00000000c9700000, 0x00000000c9700000, 0x00000000c9800000|  0%| F|  |TAMS 0x00000000c9700000, 0x00000000c9700000| Untracked 
| 152|0x00000000c9800000, 0x00000000c9800000, 0x00000000c9900000|  0%| F|  |TAMS 0x00000000c9800000, 0x00000000c9800000| Untracked 
| 153|0x00000000c9900000, 0x00000000c9900000, 0x00000000c9a00000|  0%| F|  |TAMS 0x00000000c9900000, 0x00000000c9900000| Untracked 
| 154|0x00000000c9a00000, 0x00000000c9a00000, 0x00000000c9b00000|  0%| F|  |TAMS 0x00000000c9a00000, 0x00000000c9a00000| Untracked 
| 155|0x00000000c9b00000, 0x00000000c9bfffd8, 0x00000000c9c00000| 99%| O|  |TAMS 0x00000000c9bfffd8, 0x00000000c9b00000| Untracked 
| 156|0x00000000c9c00000, 0x00000000c9c00000, 0x00000000c9d00000|  0%| F|  |TAMS 0x00000000c9c00000, 0x00000000c9c00000| Untracked 
| 157|0x00000000c9d00000, 0x00000000c9d00000, 0x00000000c9e00000|  0%| F|  |TAMS 0x00000000c9d00000, 0x00000000c9d00000| Untracked 
| 158|0x00000000c9e00000, 0x00000000c9e00000, 0x00000000c9f00000|  0%| F|  |TAMS 0x00000000c9e00000, 0x00000000c9e00000| Untracked 
| 159|0x00000000c9f00000, 0x00000000c9f00000, 0x00000000ca000000|  0%| F|  |TAMS 0x00000000c9f00000, 0x00000000c9f00000| Untracked 
| 160|0x00000000ca000000, 0x00000000ca000000, 0x00000000ca100000|  0%| F|  |TAMS 0x00000000ca000000, 0x00000000ca000000| Untracked 
| 161|0x00000000ca100000, 0x00000000ca100000, 0x00000000ca200000|  0%| F|  |TAMS 0x00000000ca100000, 0x00000000ca100000| Untracked 
| 162|0x00000000ca200000, 0x00000000ca200000, 0x00000000ca300000|  0%| F|  |TAMS 0x00000000ca200000, 0x00000000ca200000| Untracked 
| 163|0x00000000ca300000, 0x00000000ca300000, 0x00000000ca400000|  0%| F|  |TAMS 0x00000000ca300000, 0x00000000ca300000| Untracked 
| 164|0x00000000ca400000, 0x00000000ca400000, 0x00000000ca500000|  0%| F|  |TAMS 0x00000000ca400000, 0x00000000ca400000| Untracked 
| 165|0x00000000ca500000, 0x00000000ca500000, 0x00000000ca600000|  0%| F|  |TAMS 0x00000000ca500000, 0x00000000ca500000| Untracked 
| 166|0x00000000ca600000, 0x00000000ca600000, 0x00000000ca700000|  0%| F|  |TAMS 0x00000000ca600000, 0x00000000ca600000| Untracked 
| 167|0x00000000ca700000, 0x00000000ca700000, 0x00000000ca800000|  0%| F|  |TAMS 0x00000000ca700000, 0x00000000ca700000| Untracked 
| 168|0x00000000ca800000, 0x00000000ca800000, 0x00000000ca900000|  0%| F|  |TAMS 0x00000000ca800000, 0x00000000ca800000| Untracked 
| 169|0x00000000ca900000, 0x00000000ca900000, 0x00000000caa00000|  0%| F|  |TAMS 0x00000000ca900000, 0x00000000ca900000| Untracked 
| 170|0x00000000caa00000, 0x00000000caa00000, 0x00000000cab00000|  0%| F|  |TAMS 0x00000000caa00000, 0x00000000caa00000| Untracked 
| 171|0x00000000cab00000, 0x00000000cab00000, 0x00000000cac00000|  0%| F|  |TAMS 0x00000000cab00000, 0x00000000cab00000| Untracked 
| 172|0x00000000cac00000, 0x00000000cac00000, 0x00000000cad00000|  0%| F|  |TAMS 0x00000000cac00000, 0x00000000cac00000| Untracked 
| 173|0x00000000cad00000, 0x00000000cad00000, 0x00000000cae00000|  0%| F|  |TAMS 0x00000000cad00000, 0x00000000cad00000| Untracked 
| 174|0x00000000cae00000, 0x00000000cae00000, 0x00000000caf00000|  0%| F|  |TAMS 0x00000000cae00000, 0x00000000cae00000| Untracked 
| 175|0x00000000caf00000, 0x00000000caf00000, 0x00000000cb000000|  0%| F|  |TAMS 0x00000000caf00000, 0x00000000caf00000| Untracked 
| 176|0x00000000cb000000, 0x00000000cb000000, 0x00000000cb100000|  0%| F|  |TAMS 0x00000000cb000000, 0x00000000cb000000| Untracked 
| 177|0x00000000cb100000, 0x00000000cb100000, 0x00000000cb200000|  0%| F|  |TAMS 0x00000000cb100000, 0x00000000cb100000| Untracked 
| 178|0x00000000cb200000, 0x00000000cb200000, 0x00000000cb300000|  0%| F|  |TAMS 0x00000000cb200000, 0x00000000cb200000| Untracked 
| 179|0x00000000cb300000, 0x00000000cb300000, 0x00000000cb400000|  0%| F|  |TAMS 0x00000000cb300000, 0x00000000cb300000| Untracked 
| 180|0x00000000cb400000, 0x00000000cb400000, 0x00000000cb500000|  0%| F|  |TAMS 0x00000000cb400000, 0x00000000cb400000| Untracked 
| 181|0x00000000cb500000, 0x00000000cb500000, 0x00000000cb600000|  0%| F|  |TAMS 0x00000000cb500000, 0x00000000cb500000| Untracked 
| 182|0x00000000cb600000, 0x00000000cb600000, 0x00000000cb700000|  0%| F|  |TAMS 0x00000000cb600000, 0x00000000cb600000| Untracked 
| 183|0x00000000cb700000, 0x00000000cb700000, 0x00000000cb800000|  0%| F|  |TAMS 0x00000000cb700000, 0x00000000cb700000| Untracked 
| 184|0x00000000cb800000, 0x00000000cb800000, 0x00000000cb900000|  0%| F|  |TAMS 0x00000000cb800000, 0x00000000cb800000| Untracked 
| 185|0x00000000cb900000, 0x00000000cb900000, 0x00000000cba00000|  0%| F|  |TAMS 0x00000000cb900000, 0x00000000cb900000| Untracked 
| 186|0x00000000cba00000, 0x00000000cba00000, 0x00000000cbb00000|  0%| F|  |TAMS 0x00000000cba00000, 0x00000000cba00000| Untracked 
| 187|0x00000000cbb00000, 0x00000000cbb00000, 0x00000000cbc00000|  0%| F|  |TAMS 0x00000000cbb00000, 0x00000000cbb00000| Untracked 
| 188|0x00000000cbc00000, 0x00000000cbc00000, 0x00000000cbd00000|  0%| F|  |TAMS 0x00000000cbc00000, 0x00000000cbc00000| Untracked 
| 189|0x00000000cbd00000, 0x00000000cbd00000, 0x00000000cbe00000|  0%| F|  |TAMS 0x00000000cbd00000, 0x00000000cbd00000| Untracked 
| 190|0x00000000cbe00000, 0x00000000cbe00000, 0x00000000cbf00000|  0%| F|  |TAMS 0x00000000cbe00000, 0x00000000cbe00000| Untracked 
| 191|0x00000000cbf00000, 0x00000000cbf00000, 0x00000000cc000000|  0%| F|  |TAMS 0x00000000cbf00000, 0x00000000cbf00000| Untracked 
| 192|0x00000000cc000000, 0x00000000cc000000, 0x00000000cc100000|  0%| F|  |TAMS 0x00000000cc000000, 0x00000000cc000000| Untracked 
| 193|0x00000000cc100000, 0x00000000cc100000, 0x00000000cc200000|  0%| F|  |TAMS 0x00000000cc100000, 0x00000000cc100000| Untracked 
| 194|0x00000000cc200000, 0x00000000cc200000, 0x00000000cc300000|  0%| F|  |TAMS 0x00000000cc200000, 0x00000000cc200000| Untracked 
| 195|0x00000000cc300000, 0x00000000cc300000, 0x00000000cc400000|  0%| F|  |TAMS 0x00000000cc300000, 0x00000000cc300000| Untracked 
| 196|0x00000000cc400000, 0x00000000cc400000, 0x00000000cc500000|  0%| F|  |TAMS 0x00000000cc400000, 0x00000000cc400000| Untracked 
| 197|0x00000000cc500000, 0x00000000cc500000, 0x00000000cc600000|  0%| F|  |TAMS 0x00000000cc500000, 0x00000000cc500000| Untracked 
| 198|0x00000000cc600000, 0x00000000cc600000, 0x00000000cc700000|  0%| F|  |TAMS 0x00000000cc600000, 0x00000000cc600000| Untracked 
| 199|0x00000000cc700000, 0x00000000cc700000, 0x00000000cc800000|  0%| F|  |TAMS 0x00000000cc700000, 0x00000000cc700000| Untracked 
| 200|0x00000000cc800000, 0x00000000cc800000, 0x00000000cc900000|  0%| F|  |TAMS 0x00000000cc800000, 0x00000000cc800000| Untracked 
| 201|0x00000000cc900000, 0x00000000cc900000, 0x00000000cca00000|  0%| F|  |TAMS 0x00000000cc900000, 0x00000000cc900000| Untracked 
| 202|0x00000000cca00000, 0x00000000cca00000, 0x00000000ccb00000|  0%| F|  |TAMS 0x00000000cca00000, 0x00000000cca00000| Untracked 
| 203|0x00000000ccb00000, 0x00000000ccb00000, 0x00000000ccc00000|  0%| F|  |TAMS 0x00000000ccb00000, 0x00000000ccb00000| Untracked 
| 204|0x00000000ccc00000, 0x00000000ccc00000, 0x00000000ccd00000|  0%| F|  |TAMS 0x00000000ccc00000, 0x00000000ccc00000| Untracked 
| 205|0x00000000ccd00000, 0x00000000ccd00000, 0x00000000cce00000|  0%| F|  |TAMS 0x00000000ccd00000, 0x00000000ccd00000| Untracked 
| 206|0x00000000cce00000, 0x00000000cce00000, 0x00000000ccf00000|  0%| F|  |TAMS 0x00000000cce00000, 0x00000000cce00000| Untracked 
| 207|0x00000000ccf00000, 0x00000000ccf00000, 0x00000000cd000000|  0%| F|  |TAMS 0x00000000ccf00000, 0x00000000ccf00000| Untracked 
| 208|0x00000000cd000000, 0x00000000cd000000, 0x00000000cd100000|  0%| F|  |TAMS 0x00000000cd000000, 0x00000000cd000000| Untracked 
| 209|0x00000000cd100000, 0x00000000cd100000, 0x00000000cd200000|  0%| F|  |TAMS 0x00000000cd100000, 0x00000000cd100000| Untracked 
| 210|0x00000000cd200000, 0x00000000cd200000, 0x00000000cd300000|  0%| F|  |TAMS 0x00000000cd200000, 0x00000000cd200000| Untracked 
| 211|0x00000000cd300000, 0x00000000cd300000, 0x00000000cd400000|  0%| F|  |TAMS 0x00000000cd300000, 0x00000000cd300000| Untracked 
| 212|0x00000000cd400000, 0x00000000cd400000, 0x00000000cd500000|  0%| F|  |TAMS 0x00000000cd400000, 0x00000000cd400000| Untracked 
| 213|0x00000000cd500000, 0x00000000cd500000, 0x00000000cd600000|  0%| F|  |TAMS 0x00000000cd500000, 0x00000000cd500000| Untracked 
| 214|0x00000000cd600000, 0x00000000cd600000, 0x00000000cd700000|  0%| F|  |TAMS 0x00000000cd600000, 0x00000000cd600000| Untracked 
| 215|0x00000000cd700000, 0x00000000cd700000, 0x00000000cd800000|  0%| F|  |TAMS 0x00000000cd700000, 0x00000000cd700000| Untracked 
| 216|0x00000000cd800000, 0x00000000cd800000, 0x00000000cd900000|  0%| F|  |TAMS 0x00000000cd800000, 0x00000000cd800000| Untracked 
| 217|0x00000000cd900000, 0x00000000cd900000, 0x00000000cda00000|  0%| F|  |TAMS 0x00000000cd900000, 0x00000000cd900000| Untracked 
| 218|0x00000000cda00000, 0x00000000cda00000, 0x00000000cdb00000|  0%| F|  |TAMS 0x00000000cda00000, 0x00000000cda00000| Untracked 
| 219|0x00000000cdb00000, 0x00000000cdb00000, 0x00000000cdc00000|  0%| F|  |TAMS 0x00000000cdb00000, 0x00000000cdb00000| Untracked 
| 220|0x00000000cdc00000, 0x00000000cdc00000, 0x00000000cdd00000|  0%| F|  |TAMS 0x00000000cdc00000, 0x00000000cdc00000| Untracked 
| 221|0x00000000cdd00000, 0x00000000cdd00000, 0x00000000cde00000|  0%| F|  |TAMS 0x00000000cdd00000, 0x00000000cdd00000| Untracked 
| 222|0x00000000cde00000, 0x00000000cde00000, 0x00000000cdf00000|  0%| F|  |TAMS 0x00000000cde00000, 0x00000000cde00000| Untracked 
| 223|0x00000000cdf00000, 0x00000000cdf00000, 0x00000000ce000000|  0%| F|  |TAMS 0x00000000cdf00000, 0x00000000cdf00000| Untracked 
| 224|0x00000000ce000000, 0x00000000ce000000, 0x00000000ce100000|  0%| F|  |TAMS 0x00000000ce000000, 0x00000000ce000000| Untracked 
| 225|0x00000000ce100000, 0x00000000ce100000, 0x00000000ce200000|  0%| F|  |TAMS 0x00000000ce100000, 0x00000000ce100000| Untracked 
| 226|0x00000000ce200000, 0x00000000ce200000, 0x00000000ce300000|  0%| F|  |TAMS 0x00000000ce200000, 0x00000000ce200000| Untracked 
| 227|0x00000000ce300000, 0x00000000ce300000, 0x00000000ce400000|  0%| F|  |TAMS 0x00000000ce300000, 0x00000000ce300000| Untracked 
| 228|0x00000000ce400000, 0x00000000ce500000, 0x00000000ce500000|100%| O|  |TAMS 0x00000000ce500000, 0x00000000ce400000| Untracked 
| 229|0x00000000ce500000, 0x00000000ce500000, 0x00000000ce600000|  0%| F|  |TAMS 0x00000000ce500000, 0x00000000ce500000| Untracked 
| 230|0x00000000ce600000, 0x00000000ce600000, 0x00000000ce700000|  0%| F|  |TAMS 0x00000000ce600000, 0x00000000ce600000| Untracked 
| 231|0x00000000ce700000, 0x00000000ce700000, 0x00000000ce800000|  0%| F|  |TAMS 0x00000000ce700000, 0x00000000ce700000| Untracked 
| 232|0x00000000ce800000, 0x00000000ce800000, 0x00000000ce900000|  0%| F|  |TAMS 0x00000000ce800000, 0x00000000ce800000| Untracked 
| 233|0x00000000ce900000, 0x00000000ce900000, 0x00000000cea00000|  0%| F|  |TAMS 0x00000000ce900000, 0x00000000ce900000| Untracked 
| 234|0x00000000cea00000, 0x00000000cea00000, 0x00000000ceb00000|  0%| F|  |TAMS 0x00000000cea00000, 0x00000000cea00000| Untracked 
| 235|0x00000000ceb00000, 0x00000000ceb00000, 0x00000000cec00000|  0%| F|  |TAMS 0x00000000ceb00000, 0x00000000ceb00000| Untracked 
| 236|0x00000000cec00000, 0x00000000cec00000, 0x00000000ced00000|  0%| F|  |TAMS 0x00000000cec00000, 0x00000000cec00000| Untracked 
| 237|0x00000000ced00000, 0x00000000ced00000, 0x00000000cee00000|  0%| F|  |TAMS 0x00000000ced00000, 0x00000000ced00000| Untracked 
| 238|0x00000000cee00000, 0x00000000cee00000, 0x00000000cef00000|  0%| F|  |TAMS 0x00000000cee00000, 0x00000000cee00000| Untracked 
| 239|0x00000000cef00000, 0x00000000cef00000, 0x00000000cf000000|  0%| F|  |TAMS 0x00000000cef00000, 0x00000000cef00000| Untracked 
| 240|0x00000000cf000000, 0x00000000cf000000, 0x00000000cf100000|  0%| F|  |TAMS 0x00000000cf000000, 0x00000000cf000000| Untracked 
| 241|0x00000000cf100000, 0x00000000cf100000, 0x00000000cf200000|  0%| F|  |TAMS 0x00000000cf100000, 0x00000000cf100000| Untracked 
| 242|0x00000000cf200000, 0x00000000cf200000, 0x00000000cf300000|  0%| F|  |TAMS 0x00000000cf200000, 0x00000000cf200000| Untracked 
| 243|0x00000000cf300000, 0x00000000cf300000, 0x00000000cf400000|  0%| F|  |TAMS 0x00000000cf300000, 0x00000000cf300000| Untracked 
| 244|0x00000000cf400000, 0x00000000cf400000, 0x00000000cf500000|  0%| F|  |TAMS 0x00000000cf400000, 0x00000000cf400000| Untracked 
| 245|0x00000000cf500000, 0x00000000cf500000, 0x00000000cf600000|  0%| F|  |TAMS 0x00000000cf500000, 0x00000000cf500000| Untracked 
| 246|0x00000000cf600000, 0x00000000cf600000, 0x00000000cf700000|  0%| F|  |TAMS 0x00000000cf600000, 0x00000000cf600000| Untracked 
| 247|0x00000000cf700000, 0x00000000cf700000, 0x00000000cf800000|  0%| F|  |TAMS 0x00000000cf700000, 0x00000000cf700000| Untracked 
| 248|0x00000000cf800000, 0x00000000cf800000, 0x00000000cf900000|  0%| F|  |TAMS 0x00000000cf800000, 0x00000000cf800000| Untracked 
| 249|0x00000000cf900000, 0x00000000cf900000, 0x00000000cfa00000|  0%| F|  |TAMS 0x00000000cf900000, 0x00000000cf900000| Untracked 
| 250|0x00000000cfa00000, 0x00000000cfa00000, 0x00000000cfb00000|  0%| F|  |TAMS 0x00000000cfa00000, 0x00000000cfa00000| Untracked 
| 251|0x00000000cfb00000, 0x00000000cfb00000, 0x00000000cfc00000|  0%| F|  |TAMS 0x00000000cfb00000, 0x00000000cfb00000| Untracked 
| 252|0x00000000cfc00000, 0x00000000cfc00000, 0x00000000cfd00000|  0%| F|  |TAMS 0x00000000cfc00000, 0x00000000cfc00000| Untracked 
| 253|0x00000000cfd00000, 0x00000000cfd00000, 0x00000000cfe00000|  0%| F|  |TAMS 0x00000000cfd00000, 0x00000000cfd00000| Untracked 
| 254|0x00000000cfe00000, 0x00000000cfe00000, 0x00000000cff00000|  0%| F|  |TAMS 0x00000000cfe00000, 0x00000000cfe00000| Untracked 
| 255|0x00000000cff00000, 0x00000000cff00000, 0x00000000d0000000|  0%| F|  |TAMS 0x00000000cff00000, 0x00000000cff00000| Untracked 
| 256|0x00000000d0000000, 0x00000000d0000000, 0x00000000d0100000|  0%| F|  |TAMS 0x00000000d0000000, 0x00000000d0000000| Untracked 
| 257|0x00000000d0100000, 0x00000000d01fe958, 0x00000000d0200000| 99%| O|  |TAMS 0x00000000d01fe958, 0x00000000d0100000| Untracked 
| 258|0x00000000d0200000, 0x00000000d0200000, 0x00000000d0300000|  0%| F|  |TAMS 0x00000000d0200000, 0x00000000d0200000| Untracked 
| 259|0x00000000d0300000, 0x00000000d0300000, 0x00000000d0400000|  0%| F|  |TAMS 0x00000000d0300000, 0x00000000d0300000| Untracked 
| 260|0x00000000d0400000, 0x00000000d0400000, 0x00000000d0500000|  0%| F|  |TAMS 0x00000000d0400000, 0x00000000d0400000| Untracked 
| 261|0x00000000d0500000, 0x00000000d0500000, 0x00000000d0600000|  0%| F|  |TAMS 0x00000000d0500000, 0x00000000d0500000| Untracked 
| 262|0x00000000d0600000, 0x00000000d0600000, 0x00000000d0700000|  0%| F|  |TAMS 0x00000000d0600000, 0x00000000d0600000| Untracked 
| 263|0x00000000d0700000, 0x00000000d0700000, 0x00000000d0800000|  0%| F|  |TAMS 0x00000000d0700000, 0x00000000d0700000| Untracked 
| 264|0x00000000d0800000, 0x00000000d0800000, 0x00000000d0900000|  0%| F|  |TAMS 0x00000000d0800000, 0x00000000d0800000| Untracked 
| 265|0x00000000d0900000, 0x00000000d0900000, 0x00000000d0a00000|  0%| F|  |TAMS 0x00000000d0900000, 0x00000000d0900000| Untracked 
| 266|0x00000000d0a00000, 0x00000000d0a00000, 0x00000000d0b00000|  0%| F|  |TAMS 0x00000000d0a00000, 0x00000000d0a00000| Untracked 
| 267|0x00000000d0b00000, 0x00000000d0b00000, 0x00000000d0c00000|  0%| F|  |TAMS 0x00000000d0b00000, 0x00000000d0b00000| Untracked 
| 268|0x00000000d0c00000, 0x00000000d0c00000, 0x00000000d0d00000|  0%| F|  |TAMS 0x00000000d0c00000, 0x00000000d0c00000| Untracked 
| 269|0x00000000d0d00000, 0x00000000d0d00000, 0x00000000d0e00000|  0%| F|  |TAMS 0x00000000d0d00000, 0x00000000d0d00000| Untracked 
| 270|0x00000000d0e00000, 0x00000000d0e00000, 0x00000000d0f00000|  0%| F|  |TAMS 0x00000000d0e00000, 0x00000000d0e00000| Untracked 
| 271|0x00000000d0f00000, 0x00000000d0f00000, 0x00000000d1000000|  0%| F|  |TAMS 0x00000000d0f00000, 0x00000000d0f00000| Untracked 
| 272|0x00000000d1000000, 0x00000000d1000000, 0x00000000d1100000|  0%| F|  |TAMS 0x00000000d1000000, 0x00000000d1000000| Untracked 
| 273|0x00000000d1100000, 0x00000000d1100000, 0x00000000d1200000|  0%| F|  |TAMS 0x00000000d1100000, 0x00000000d1100000| Untracked 
| 274|0x00000000d1200000, 0x00000000d1200000, 0x00000000d1300000|  0%| F|  |TAMS 0x00000000d1200000, 0x00000000d1200000| Untracked 
| 275|0x00000000d1300000, 0x00000000d1300000, 0x00000000d1400000|  0%| F|  |TAMS 0x00000000d1300000, 0x00000000d1300000| Untracked 
| 276|0x00000000d1400000, 0x00000000d1400000, 0x00000000d1500000|  0%| F|  |TAMS 0x00000000d1400000, 0x00000000d1400000| Untracked 
| 277|0x00000000d1500000, 0x00000000d1500000, 0x00000000d1600000|  0%| F|  |TAMS 0x00000000d1500000, 0x00000000d1500000| Untracked 
| 278|0x00000000d1600000, 0x00000000d1600000, 0x00000000d1700000|  0%| F|  |TAMS 0x00000000d1600000, 0x00000000d1600000| Untracked 
| 279|0x00000000d1700000, 0x00000000d1700000, 0x00000000d1800000|  0%| F|  |TAMS 0x00000000d1700000, 0x00000000d1700000| Untracked 
| 280|0x00000000d1800000, 0x00000000d1800000, 0x00000000d1900000|  0%| F|  |TAMS 0x00000000d1800000, 0x00000000d1800000| Untracked 
| 281|0x00000000d1900000, 0x00000000d1900000, 0x00000000d1a00000|  0%| F|  |TAMS 0x00000000d1900000, 0x00000000d1900000| Untracked 
| 282|0x00000000d1a00000, 0x00000000d1a00000, 0x00000000d1b00000|  0%| F|  |TAMS 0x00000000d1a00000, 0x00000000d1a00000| Untracked 
| 283|0x00000000d1b00000, 0x00000000d1b00000, 0x00000000d1c00000|  0%| F|  |TAMS 0x00000000d1b00000, 0x00000000d1b00000| Untracked 
| 284|0x00000000d1c00000, 0x00000000d1c00000, 0x00000000d1d00000|  0%| F|  |TAMS 0x00000000d1c00000, 0x00000000d1c00000| Untracked 
| 285|0x00000000d1d00000, 0x00000000d1d00000, 0x00000000d1e00000|  0%| F|  |TAMS 0x00000000d1d00000, 0x00000000d1d00000| Untracked 
| 286|0x00000000d1e00000, 0x00000000d1e00000, 0x00000000d1f00000|  0%| F|  |TAMS 0x00000000d1e00000, 0x00000000d1e00000| Untracked 
| 287|0x00000000d1f00000, 0x00000000d1f00000, 0x00000000d2000000|  0%| F|  |TAMS 0x00000000d1f00000, 0x00000000d1f00000| Untracked 
| 288|0x00000000d2000000, 0x00000000d2000000, 0x00000000d2100000|  0%| F|  |TAMS 0x00000000d2000000, 0x00000000d2000000| Untracked 
| 289|0x00000000d2100000, 0x00000000d2100000, 0x00000000d2200000|  0%| F|  |TAMS 0x00000000d2100000, 0x00000000d2100000| Untracked 
| 290|0x00000000d2200000, 0x00000000d2200000, 0x00000000d2300000|  0%| F|  |TAMS 0x00000000d2200000, 0x00000000d2200000| Untracked 
| 291|0x00000000d2300000, 0x00000000d2300000, 0x00000000d2400000|  0%| F|  |TAMS 0x00000000d2300000, 0x00000000d2300000| Untracked 
| 292|0x00000000d2400000, 0x00000000d2400000, 0x00000000d2500000|  0%| F|  |TAMS 0x00000000d2400000, 0x00000000d2400000| Untracked 
| 293|0x00000000d2500000, 0x00000000d2500000, 0x00000000d2600000|  0%| F|  |TAMS 0x00000000d2500000, 0x00000000d2500000| Untracked 
| 294|0x00000000d2600000, 0x00000000d2600000, 0x00000000d2700000|  0%| F|  |TAMS 0x00000000d2600000, 0x00000000d2600000| Untracked 
| 295|0x00000000d2700000, 0x00000000d2700000, 0x00000000d2800000|  0%| F|  |TAMS 0x00000000d2700000, 0x00000000d2700000| Untracked 
| 296|0x00000000d2800000, 0x00000000d28058a8, 0x00000000d2900000|  2%| E|  |TAMS 0x00000000d2800000, 0x00000000d2800000| Complete 

Card table byte_map: [0x000001ba3a2e0000,0x000001ba3a4e0000] _byte_map_base: 0x000001ba39ce0000

Marking Bits (Prev, Next): (CMBitMap*) 0x000001ba323bb390, (CMBitMap*) 0x000001ba323bb350
 Prev Bits: [0x000001ba3b6e0000, 0x000001ba3c6e0000)
 Next Bits: [0x000001ba3a6e0000, 0x000001ba3b6e0000)

Polling page: 0x000001ba367d0000

Metaspace:

Usage:
  Non-class:     54.48 MB used.
      Class:      7.92 MB used.
       Both:     62.40 MB used.

Virtual space:
  Non-class space:       64.00 MB reserved,      54.81 MB ( 86%) committed,  1 nodes.
      Class space:        1.00 GB reserved,       8.12 MB ( <1%) committed,  1 nodes.
             Both:        1.06 GB reserved,      62.94 MB (  6%) committed. 

Chunk freelists:
   Non-Class:  8.34 MB
       Class:  7.91 MB
        Both:  16.25 MB

MaxMetaspaceSize: unlimited
CompressedClassSpaceSize: 1.00 GB
Initial GC threshold: 21.00 MB
Current GC threshold: 104.81 MB
CDS: off
MetaspaceReclaimPolicy: balanced
 - commit_granule_bytes: 65536.
 - commit_granule_words: 8192.
 - virtual_space_node_default_size: 8388608.
 - enlarge_chunks_in_place: 1.
 - new_chunks_are_fully_committed: 0.
 - uncommit_free_chunks: 1.
 - use_allocation_guard: 0.
 - handle_deallocations: 1.


Internal statistics:

num_allocs_failed_limit: 6.
num_arena_births: 1358.
num_arena_deaths: 750.
num_vsnodes_births: 2.
num_vsnodes_deaths: 0.
num_space_committed: 1008.
num_space_uncommitted: 2.
num_chunks_returned_to_freelist: 1006.
num_chunks_taken_from_freelist: 3699.
num_chunk_merges: 341.
num_chunk_splits: 2250.
num_chunks_enlarged: 1520.
num_inconsistent_stats: 0.

CodeCache: size=49152Kb used=25466Kb max_used=25792Kb free=23685Kb
 bounds [0x000001ba367f0000, 0x000001ba38130000, 0x000001ba397f0000]
 total_blobs=13647 nmethods=12970 adapters=600
 compilation: enabled
              stopped_count=0, restarted_count=0
 full_count=0

Compilation events (20 events):
Event: 20605.770 Thread 0x000001ba3f1ad1b0 13194       1       javolution.text.Text::charAt (71 bytes)
Event: 20605.770 Thread 0x000001ba3f1ad1b0 nmethod 13194 0x000001ba380fef10 code [0x000001ba380ff0c0, 0x000001ba380ff2a8]
Event: 20606.052 Thread 0x000001ba3f1ad1b0 13195       1       java.util.concurrent.CompletableFuture::completedFuture (19 bytes)
Event: 20606.053 Thread 0x000001ba3f1ad1b0 nmethod 13195 0x000001ba380fe990 code [0x000001ba380feb40, 0x000001ba380fedd8]
Event: 20612.566 Thread 0x000001ba3f1ad1b0 13196       1       org.eclipse.jdt.internal.compiler.parser.diagnose.DiagnoseParser::scopeTrialCheck (779 bytes)
Event: 20612.570 Thread 0x000001ba3f1ad1b0 nmethod 13196 0x000001ba380fc310 code [0x000001ba380fc620, 0x000001ba380fd878]
Event: 20613.713 Thread 0x000001ba3f1ad1b0 13197   !   1       org.eclipse.jdt.internal.compiler.ast.TypeDeclaration::resolve (1791 bytes)
Event: 20613.727 Thread 0x000001ba3f1ad1b0 nmethod 13197 0x000001ba380f2390 code [0x000001ba380f2b60, 0x000001ba380f6a78]
Event: 20614.024 Thread 0x000001ba3f1ad1b0 13198       1       org.eclipse.lsp4j.DidChangeTextDocumentParams::getContentChanges (5 bytes)
Event: 20614.025 Thread 0x000001ba3f1ad1b0 nmethod 13198 0x000001ba380f2090 code [0x000001ba380f2220, 0x000001ba380f22f8]
Event: 20614.310 Thread 0x000001ba3f1ad1b0 13199       1       org.eclipse.jdt.internal.compiler.ast.TypeDeclaration::internalAnalyseCode (996 bytes)
Event: 20614.316 Thread 0x000001ba3f1ad1b0 nmethod 13199 0x000001ba380edb90 code [0x000001ba380ee0e0, 0x000001ba380f03a8]
Event: 20616.939 Thread 0x000001ba3f1ad1b0 13200       1       java.util.concurrent.CompletableFuture::thenCompose (7 bytes)
Event: 20616.939 Thread 0x000001ba3f1ad1b0 nmethod 13200 0x000001ba380ed890 code [0x000001ba380eda20, 0x000001ba380edb08]
Event: 20620.668 Thread 0x000001ba3f1ad1b0 13201       1       org.eclipse.jdt.internal.compiler.lookup.BinaryTypeBinding::fields (127 bytes)
Event: 20620.671 Thread 0x000001ba3f1ad1b0 nmethod 13201 0x000001ba380ed210 code [0x000001ba380ed3e0, 0x000001ba380ed6e8]
Event: 20620.689 Thread 0x000001ba3f1ad1b0 13202   !   1       org.springframework.ide.vscode.commons.util.UriUtil::toFileString (22 bytes)
Event: 20620.692 Thread 0x000001ba3f1ad1b0 nmethod 13202 0x000001ba380eca90 code [0x000001ba380ecc60, 0x000001ba380ed028]
Event: 20620.692 Thread 0x000001ba3f1ad1b0 13203       1       org.eclipse.jdt.core.dom.Modifier::isAbstract (14 bytes)
Event: 20620.693 Thread 0x000001ba3f1ad1b0 nmethod 13203 0x000001ba380ec790 code [0x000001ba380ec920, 0x000001ba380eca38]

GC Heap History (20 events):
Event: 22145.184 GC heap after
{Heap after GC invocations=2635 (full 740):
 garbage-first heap   total 304128K, used 97444K [0x00000000c0000000, 0x0000000100000000)
  region size 1024K, 0 young (0K), 0 survivors (0K)
 Metaspace       used 63898K, committed 64448K, reserved 1114112K
  class space    used 8108K, committed 8320K, reserved 1048576K
}
Event: 22155.351 GC heap before
{Heap before GC invocations=2635 (full 740):
 garbage-first heap   total 304128K, used 97444K [0x00000000c0000000, 0x0000000100000000)
  region size 1024K, 1 young (1024K), 0 survivors (0K)
 Metaspace       used 63898K, committed 64448K, reserved 1114112K
  class space    used 8108K, committed 8320K, reserved 1048576K
}
Event: 22155.403 GC heap after
{Heap after GC invocations=2636 (full 741):
 garbage-first heap   total 304128K, used 97444K [0x00000000c0000000, 0x0000000100000000)
  region size 1024K, 0 young (0K), 0 survivors (0K)
 Metaspace       used 63898K, committed 64448K, reserved 1114112K
  class space    used 8108K, committed 8320K, reserved 1048576K
}
Event: 22165.558 GC heap before
{Heap before GC invocations=2636 (full 741):
 garbage-first heap   total 304128K, used 97444K [0x00000000c0000000, 0x0000000100000000)
  region size 1024K, 1 young (1024K), 0 survivors (0K)
 Metaspace       used 63898K, committed 64448K, reserved 1114112K
  class space    used 8108K, committed 8320K, reserved 1048576K
}
Event: 22165.600 GC heap after
{Heap after GC invocations=2637 (full 742):
 garbage-first heap   total 304128K, used 97444K [0x00000000c0000000, 0x0000000100000000)
  region size 1024K, 0 young (0K), 0 survivors (0K)
 Metaspace       used 63898K, committed 64448K, reserved 1114112K
  class space    used 8108K, committed 8320K, reserved 1048576K
}
Event: 22175.774 GC heap before
{Heap before GC invocations=2637 (full 742):
 garbage-first heap   total 304128K, used 97444K [0x00000000c0000000, 0x0000000100000000)
  region size 1024K, 1 young (1024K), 0 survivors (0K)
 Metaspace       used 63898K, committed 64448K, reserved 1114112K
  class space    used 8108K, committed 8320K, reserved 1048576K
}
Event: 22175.817 GC heap after
{Heap after GC invocations=2638 (full 743):
 garbage-first heap   total 304128K, used 97444K [0x00000000c0000000, 0x0000000100000000)
  region size 1024K, 0 young (0K), 0 survivors (0K)
 Metaspace       used 63898K, committed 64448K, reserved 1114112K
  class space    used 8108K, committed 8320K, reserved 1048576K
}
Event: 22185.990 GC heap before
{Heap before GC invocations=2638 (full 743):
 garbage-first heap   total 304128K, used 97444K [0x00000000c0000000, 0x0000000100000000)
  region size 1024K, 1 young (1024K), 0 survivors (0K)
 Metaspace       used 63898K, committed 64448K, reserved 1114112K
  class space    used 8108K, committed 8320K, reserved 1048576K
}
Event: 22186.044 GC heap after
{Heap after GC invocations=2639 (full 744):
 garbage-first heap   total 304128K, used 97444K [0x00000000c0000000, 0x0000000100000000)
  region size 1024K, 0 young (0K), 0 survivors (0K)
 Metaspace       used 63898K, committed 64448K, reserved 1114112K
  class space    used 8108K, committed 8320K, reserved 1048576K
}
Event: 22196.337 GC heap before
{Heap before GC invocations=2639 (full 744):
 garbage-first heap   total 304128K, used 97444K [0x00000000c0000000, 0x0000000100000000)
  region size 1024K, 1 young (1024K), 0 survivors (0K)
 Metaspace       used 63898K, committed 64448K, reserved 1114112K
  class space    used 8108K, committed 8320K, reserved 1048576K
}
Event: 22196.378 GC heap after
{Heap after GC invocations=2640 (full 745):
 garbage-first heap   total 304128K, used 97444K [0x00000000c0000000, 0x0000000100000000)
  region size 1024K, 0 young (0K), 0 survivors (0K)
 Metaspace       used 63898K, committed 64448K, reserved 1114112K
  class space    used 8108K, committed 8320K, reserved 1048576K
}
Event: 22206.537 GC heap before
{Heap before GC invocations=2640 (full 745):
 garbage-first heap   total 304128K, used 97444K [0x00000000c0000000, 0x0000000100000000)
  region size 1024K, 1 young (1024K), 0 survivors (0K)
 Metaspace       used 63898K, committed 64448K, reserved 1114112K
  class space    used 8108K, committed 8320K, reserved 1048576K
}
Event: 22206.587 GC heap after
{Heap after GC invocations=2641 (full 746):
 garbage-first heap   total 304128K, used 97444K [0x00000000c0000000, 0x0000000100000000)
  region size 1024K, 0 young (0K), 0 survivors (0K)
 Metaspace       used 63898K, committed 64448K, reserved 1114112K
  class space    used 8108K, committed 8320K, reserved 1048576K
}
Event: 22216.745 GC heap before
{Heap before GC invocations=2641 (full 746):
 garbage-first heap   total 304128K, used 97444K [0x00000000c0000000, 0x0000000100000000)
  region size 1024K, 1 young (1024K), 0 survivors (0K)
 Metaspace       used 63898K, committed 64448K, reserved 1114112K
  class space    used 8108K, committed 8320K, reserved 1048576K
}
Event: 22216.794 GC heap after
{Heap after GC invocations=2642 (full 747):
 garbage-first heap   total 304128K, used 97444K [0x00000000c0000000, 0x0000000100000000)
  region size 1024K, 0 young (0K), 0 survivors (0K)
 Metaspace       used 63898K, committed 64448K, reserved 1114112K
  class space    used 8108K, committed 8320K, reserved 1048576K
}
Event: 22226.958 GC heap before
{Heap before GC invocations=2642 (full 747):
 garbage-first heap   total 304128K, used 97444K [0x00000000c0000000, 0x0000000100000000)
  region size 1024K, 1 young (1024K), 0 survivors (0K)
 Metaspace       used 63898K, committed 64448K, reserved 1114112K
  class space    used 8108K, committed 8320K, reserved 1048576K
}
Event: 22227.001 GC heap after
{Heap after GC invocations=2643 (full 748):
 garbage-first heap   total 304128K, used 97444K [0x00000000c0000000, 0x0000000100000000)
  region size 1024K, 0 young (0K), 0 survivors (0K)
 Metaspace       used 63898K, committed 64448K, reserved 1114112K
  class space    used 8108K, committed 8320K, reserved 1048576K
}
Event: 22237.171 GC heap before
{Heap before GC invocations=2643 (full 748):
 garbage-first heap   total 304128K, used 97444K [0x00000000c0000000, 0x0000000100000000)
  region size 1024K, 1 young (1024K), 0 survivors (0K)
 Metaspace       used 63898K, committed 64448K, reserved 1114112K
  class space    used 8108K, committed 8320K, reserved 1048576K
}
Event: 22237.210 GC heap after
{Heap after GC invocations=2644 (full 749):
 garbage-first heap   total 304128K, used 97444K [0x00000000c0000000, 0x0000000100000000)
  region size 1024K, 0 young (0K), 0 survivors (0K)
 Metaspace       used 63898K, committed 64448K, reserved 1114112K
  class space    used 8108K, committed 8320K, reserved 1048576K
}
Event: 22247.384 GC heap before
{Heap before GC invocations=2644 (full 749):
 garbage-first heap   total 304128K, used 97444K [0x00000000c0000000, 0x0000000100000000)
  region size 1024K, 1 young (1024K), 0 survivors (0K)
 Metaspace       used 63898K, committed 64448K, reserved 1114112K
  class space    used 8108K, committed 8320K, reserved 1048576K
}

Dll operation events (11 events):
Event: 0.013 Loaded shared library c:\Users\d.ngantchou\.vscode\extensions\redhat.java-1.34.0-win32-x64\jre\17.0.12-win32-x86_64\bin\java.dll
Event: 0.286 Loaded shared library C:\Users\d.ngantchou\.vscode\extensions\redhat.java-1.34.0-win32-x64\jre\17.0.12-win32-x86_64\bin\net.dll
Event: 0.305 Loaded shared library C:\Users\d.ngantchou\.vscode\extensions\redhat.java-1.34.0-win32-x64\jre\17.0.12-win32-x86_64\bin\nio.dll
Event: 0.333 Loaded shared library C:\Users\d.ngantchou\.vscode\extensions\redhat.java-1.34.0-win32-x64\jre\17.0.12-win32-x86_64\bin\zip.dll
Event: 16.408 Loaded shared library C:\Users\d.ngantchou\.vscode\extensions\redhat.java-1.34.0-win32-x64\jre\17.0.12-win32-x86_64\bin\jimage.dll
Event: 19.028 Loaded shared library c:\Users\d.ngantchou\.vscode\extensions\redhat.java-1.34.0-win32-x64\jre\17.0.12-win32-x86_64\bin\verify.dll
Event: 23.478 Loaded shared library C:\Users\d.ngantchou\.vscode\extensions\redhat.java-1.34.0-win32-x64\jre\17.0.12-win32-x86_64\bin\management.dll
Event: 23.482 Loaded shared library C:\Users\d.ngantchou\.vscode\extensions\redhat.java-1.34.0-win32-x64\jre\17.0.12-win32-x86_64\bin\management_ext.dll
Event: 235.888 Loaded shared library C:\Users\d.ngantchou\.vscode\extensions\redhat.java-1.34.0-win32-x64\jre\17.0.12-win32-x86_64\bin\sunmscapi.dll
Event: 236.444 Loaded shared library C:\Users\d.ngantchou\.vscode\extensions\redhat.java-1.34.0-win32-x64\jre\17.0.12-win32-x86_64\bin\extnet.dll
Event: 5759.318 Loaded shared library C:\Users\d.ngantchou\.vscode\extensions\redhat.java-1.34.0-win32-x64\jre\17.0.12-win32-x86_64\bin\rmi.dll

Deoptimization events (20 events):
Event: 12439.603 Thread 0x000001ba450152e0 DEOPT PACKING pc=0x000001ba37155e4c sp=0x00000071f6ffe660
Event: 12439.603 Thread 0x000001ba450152e0 DEOPT UNPACKING pc=0x000001ba3684ace3 sp=0x00000071f6ffdb58 mode 0
Event: 12439.603 Thread 0x000001ba450152e0 DEOPT PACKING pc=0x000001ba38062d74 sp=0x00000071f6ffe830
Event: 12439.604 Thread 0x000001ba450152e0 DEOPT UNPACKING pc=0x000001ba3684ace3 sp=0x00000071f6ffdd00 mode 0
Event: 12439.606 Thread 0x000001ba450152e0 DEOPT PACKING pc=0x000001ba37072b0c sp=0x00000071f6ffe990
Event: 12439.606 Thread 0x000001ba450152e0 DEOPT UNPACKING pc=0x000001ba3684ace3 sp=0x00000071f6ffdef8 mode 0
Event: 12439.606 Thread 0x000001ba450152e0 DEOPT PACKING pc=0x000001ba37155e4c sp=0x00000071f6ffeac0
Event: 12439.606 Thread 0x000001ba450152e0 DEOPT UNPACKING pc=0x000001ba3684ace3 sp=0x00000071f6ffdfa0 mode 0
Event: 12439.606 Thread 0x000001ba450152e0 DEOPT PACKING pc=0x000001ba38063cec sp=0x00000071f6ffeb60
Event: 12439.606 Thread 0x000001ba450152e0 DEOPT UNPACKING pc=0x000001ba3684ace3 sp=0x00000071f6ffe048 mode 0
Event: 12453.369 Thread 0x000001ba4579c2a0 DEOPT PACKING pc=0x000001ba37535434 sp=0x00000071f3efe9c0
Event: 12453.369 Thread 0x000001ba4579c2a0 DEOPT UNPACKING pc=0x000001ba3684ace3 sp=0x00000071f3efdf08 mode 0
Event: 19876.820 Thread 0x000001ba450152e0 DEOPT PACKING pc=0x000001ba37ab83bc sp=0x00000071f6ffd7c0
Event: 19876.821 Thread 0x000001ba450152e0 DEOPT UNPACKING pc=0x000001ba3684ace3 sp=0x00000071f6ffccf0 mode 0
Event: 19876.864 Thread 0x000001ba450152e0 DEOPT PACKING pc=0x000001ba3778ce84 sp=0x00000071f6ffd990
Event: 19876.864 Thread 0x000001ba450152e0 DEOPT UNPACKING pc=0x000001ba3684ace3 sp=0x00000071f6ffce20 mode 0
Event: 19876.864 Thread 0x000001ba450152e0 DEOPT PACKING pc=0x000001ba372fa3e4 sp=0x00000071f6ffd9f0
Event: 19876.864 Thread 0x000001ba450152e0 DEOPT UNPACKING pc=0x000001ba3684ace3 sp=0x00000071f6ffcf20 mode 0
Event: 19876.864 Thread 0x000001ba450152e0 DEOPT PACKING pc=0x000001ba37806b6c sp=0x00000071f6ffdb30
Event: 19876.864 Thread 0x000001ba450152e0 DEOPT UNPACKING pc=0x000001ba3684ace3 sp=0x00000071f6ffd108 mode 0

Classes loaded (20 events):
Event: 12439.294 Loading class sun/nio/cs/ThreadLocalCoders$Cache done
Event: 12439.294 Loading class sun/nio/cs/ThreadLocalCoders$1 done
Event: 12439.294 Loading class sun/nio/cs/ThreadLocalCoders$2
Event: 12439.294 Loading class sun/nio/cs/ThreadLocalCoders$2 done
Event: 12439.470 Loading class java/util/Hashtable$ValueCollection
Event: 12439.470 Loading class java/util/Hashtable$ValueCollection done
Event: 12601.209 Loading class javax/management/NotificationBroadcasterSupport$WildcardListenerInfo
Event: 12601.210 Loading class javax/management/NotificationBroadcasterSupport$WildcardListenerInfo done
Event: 12746.246 Loading class java/rmi/UnmarshalException
Event: 12746.247 Loading class java/rmi/UnmarshalException done
Event: 12914.054 Loading class java/util/Spliterators$IntArraySpliterator
Event: 12914.055 Loading class java/util/Spliterators$IntArraySpliterator done
Event: 12914.057 Loading class java/util/stream/Nodes$IntSpinedNodeBuilder
Event: 12914.058 Loading class java/util/stream/SpinedBuffer$OfInt
Event: 12914.058 Loading class java/util/stream/SpinedBuffer$OfPrimitive
Event: 12914.059 Loading class java/util/stream/SpinedBuffer$OfPrimitive done
Event: 12914.059 Loading class java/util/stream/SpinedBuffer$OfInt done
Event: 12914.059 Loading class java/util/stream/Nodes$IntSpinedNodeBuilder done
Event: 13139.011 Loading class sun/net/ConnectionResetException
Event: 13139.017 Loading class sun/net/ConnectionResetException done

Classes unloaded (20 events):
Event: 14394.895 Thread 0x000001ba3f17b060 Unloading class 0x00000001007d6400 'jdk/internal/reflect/GeneratedMethodAccessor30'
Event: 14394.895 Thread 0x000001ba3f17b060 Unloading class 0x00000001007d6000 'jdk/internal/reflect/GeneratedConstructorAccessor69'
Event: 14394.895 Thread 0x000001ba3f17b060 Unloading class 0x0000000100802400 'jdk/internal/reflect/GeneratedMethodAccessor29'
Event: 14394.895 Thread 0x000001ba3f17b060 Unloading class 0x00000001007d5000 'jdk/internal/reflect/GeneratedMethodAccessor28'
Event: 14394.895 Thread 0x000001ba3f17b060 Unloading class 0x00000001007d1800 'jdk/internal/reflect/GeneratedMethodAccessor27'
Event: 14394.895 Thread 0x000001ba3f17b060 Unloading class 0x00000001007c2400 'jdk/internal/reflect/GeneratedConstructorAccessor68'
Event: 14394.895 Thread 0x000001ba3f17b060 Unloading class 0x00000001007c1000 'jdk/internal/reflect/GeneratedConstructorAccessor67'
Event: 14394.895 Thread 0x000001ba3f17b060 Unloading class 0x00000001007c6000 'jdk/internal/reflect/GeneratedConstructorAccessor66'
Event: 14394.895 Thread 0x000001ba3f17b060 Unloading class 0x00000001007c6c00 'jdk/internal/reflect/GeneratedConstructorAccessor65'
Event: 14394.896 Thread 0x000001ba3f17b060 Unloading class 0x00000001007c8800 'jdk/internal/reflect/GeneratedConstructorAccessor64'
Event: 14394.896 Thread 0x000001ba3f17b060 Unloading class 0x00000001007cc400 'jdk/internal/reflect/GeneratedConstructorAccessor63'
Event: 14394.896 Thread 0x000001ba3f17b060 Unloading class 0x00000001007d0000 'jdk/internal/reflect/GeneratedConstructorAccessor62'
Event: 14394.896 Thread 0x000001ba3f17b060 Unloading class 0x00000001007d1000 'jdk/internal/reflect/GeneratedConstructorAccessor61'
Event: 20929.650 Thread 0x000001ba3f17b060 Unloading class 0x00000001007c6c00 'jdk/internal/reflect/GeneratedMethodAccessor44'
Event: 20929.650 Thread 0x000001ba3f17b060 Unloading class 0x00000001007c6000 'jdk/internal/reflect/GeneratedConstructorAccessor83'
Event: 20929.650 Thread 0x000001ba3f17b060 Unloading class 0x00000001007c1000 'jdk/internal/reflect/GeneratedMethodAccessor43'
Event: 20929.650 Thread 0x000001ba3f17b060 Unloading class 0x00000001007c2400 'jdk/internal/reflect/GeneratedConstructorAccessor82'
Event: 20929.650 Thread 0x000001ba3f17b060 Unloading class 0x00000001007d1800 'jdk/internal/reflect/GeneratedMethodAccessor42'
Event: 20929.650 Thread 0x000001ba3f17b060 Unloading class 0x00000001007d5000 'jdk/internal/reflect/GeneratedMethodAccessor41'
Event: 20929.650 Thread 0x000001ba3f17b060 Unloading class 0x0000000100802400 'jdk/internal/reflect/GeneratedMethodAccessor40'

Classes redefined (0 events):
No events

Internal exceptions (20 events):
Event: 14202.604 Thread 0x000001ba450152e0 Exception <a 'sun/nio/fs/WindowsException'{0x00000000cf665348}> (0x00000000cf665348) 
thrown [s\src\hotspot\share\prims\jni.cpp, line 516]
Event: 14202.604 Thread 0x000001ba450152e0 Exception <a 'sun/nio/fs/WindowsException'{0x00000000cf665da8}> (0x00000000cf665da8) 
thrown [s\src\hotspot\share\prims\jni.cpp, line 516]
Event: 14202.604 Thread 0x000001ba450152e0 Exception <a 'sun/nio/fs/WindowsException'{0x00000000cf666848}> (0x00000000cf666848) 
thrown [s\src\hotspot\share\prims\jni.cpp, line 516]
Event: 14202.605 Thread 0x000001ba450152e0 Exception <a 'sun/nio/fs/WindowsException'{0x00000000cf6672a8}> (0x00000000cf6672a8) 
thrown [s\src\hotspot\share\prims\jni.cpp, line 516]
Event: 14202.605 Thread 0x000001ba450152e0 Exception <a 'sun/nio/fs/WindowsException'{0x00000000cf667ee8}> (0x00000000cf667ee8) 
thrown [s\src\hotspot\share\prims\jni.cpp, line 516]
Event: 14202.605 Thread 0x000001ba450152e0 Exception <a 'sun/nio/fs/WindowsException'{0x00000000cf668b28}> (0x00000000cf668b28) 
thrown [s\src\hotspot\share\prims\jni.cpp, line 516]
Event: 14206.136 Thread 0x000001ba450152e0 Exception <a 'sun/nio/fs/WindowsException'{0x00000000cf67f430}> (0x00000000cf67f430) 
thrown [s\src\hotspot\share\prims\jni.cpp, line 516]
Event: 14206.136 Thread 0x000001ba450152e0 Exception <a 'sun/nio/fs/WindowsException'{0x00000000cf67fec8}> (0x00000000cf67fec8) 
thrown [s\src\hotspot\share\prims\jni.cpp, line 516]
Event: 14206.136 Thread 0x000001ba450152e0 Exception <a 'sun/nio/fs/WindowsException'{0x00000000cf6809b0}> (0x00000000cf6809b0) 
thrown [s\src\hotspot\share\prims\jni.cpp, line 516]
Event: 14206.136 Thread 0x000001ba450152e0 Exception <a 'sun/nio/fs/WindowsException'{0x00000000cf681448}> (0x00000000cf681448) 
thrown [s\src\hotspot\share\prims\jni.cpp, line 516]
Event: 14206.137 Thread 0x000001ba450152e0 Exception <a 'sun/nio/fs/WindowsException'{0x00000000cf6820c0}> (0x00000000cf6820c0) 
thrown [s\src\hotspot\share\prims\jni.cpp, line 516]
Event: 14206.137 Thread 0x000001ba450152e0 Exception <a 'sun/nio/fs/WindowsException'{0x00000000cf682d38}> (0x00000000cf682d38) 
thrown [s\src\hotspot\share\prims\jni.cpp, line 516]
Event: 14206.137 Thread 0x000001ba450152e0 Exception <a 'sun/nio/fs/WindowsException'{0x00000000cf6838e0}> (0x00000000cf6838e0) 
thrown [s\src\hotspot\share\prims\jni.cpp, line 516]
Event: 14206.381 Thread 0x000001ba450152e0 Exception <a 'sun/nio/fs/WindowsException'{0x00000000cf6a7c30}> (0x00000000cf6a7c30) 
thrown [s\src\hotspot\share\prims\jni.cpp, line 516]
Event: 14206.381 Thread 0x000001ba450152e0 Exception <a 'sun/nio/fs/WindowsException'{0x00000000cf6a86c8}> (0x00000000cf6a86c8) 
thrown [s\src\hotspot\share\prims\jni.cpp, line 516]
Event: 14206.382 Thread 0x000001ba450152e0 Exception <a 'sun/nio/fs/WindowsException'{0x00000000cf6a91b0}> (0x00000000cf6a91b0) 
thrown [s\src\hotspot\share\prims\jni.cpp, line 516]
Event: 14206.382 Thread 0x000001ba450152e0 Exception <a 'sun/nio/fs/WindowsException'{0x00000000cf6a9c48}> (0x00000000cf6a9c48) 
thrown [s\src\hotspot\share\prims\jni.cpp, line 516]
Event: 14206.382 Thread 0x000001ba450152e0 Exception <a 'sun/nio/fs/WindowsException'{0x00000000cf6aa8c0}> (0x00000000cf6aa8c0) 
thrown [s\src\hotspot\share\prims\jni.cpp, line 516]
Event: 14206.382 Thread 0x000001ba450152e0 Exception <a 'sun/nio/fs/WindowsException'{0x00000000cf6ab538}> (0x00000000cf6ab538) 
thrown [s\src\hotspot\share\prims\jni.cpp, line 516]
Event: 14206.383 Thread 0x000001ba450152e0 Exception <a 'sun/nio/fs/WindowsException'{0x00000000cf6ac0e0}> (0x00000000cf6ac0e0) 
thrown [s\src\hotspot\share\prims\jni.cpp, line 516]

VM Operations (20 events):
Event: 22145.184 Executing VM operation: G1CollectFull done
Event: 22155.351 Executing VM operation: G1CollectFull
Event: 22155.403 Executing VM operation: G1CollectFull done
Event: 22165.558 Executing VM operation: G1CollectFull
Event: 22165.600 Executing VM operation: G1CollectFull done
Event: 22175.774 Executing VM operation: G1CollectFull
Event: 22175.817 Executing VM operation: G1CollectFull done
Event: 22185.989 Executing VM operation: G1CollectFull
Event: 22186.044 Executing VM operation: G1CollectFull done
Event: 22196.337 Executing VM operation: G1CollectFull
Event: 22196.378 Executing VM operation: G1CollectFull done
Event: 22206.536 Executing VM operation: G1CollectFull
Event: 22206.587 Executing VM operation: G1CollectFull done
Event: 22216.745 Executing VM operation: G1CollectFull
Event: 22216.794 Executing VM operation: G1CollectFull done
Event: 22226.958 Executing VM operation: G1CollectFull
Event: 22227.001 Executing VM operation: G1CollectFull done
Event: 22237.171 Executing VM operation: G1CollectFull
Event: 22237.210 Executing VM operation: G1CollectFull done
Event: 22247.384 Executing VM operation: G1CollectFull

Events (20 events):
Event: 20535.276 Thread 0x000001ba44278480 Thread added: 0x000001ba44278480
Event: 20591.261 Thread 0x000001ba44277040 Thread added: 0x000001ba44277040
Event: 20595.688 Thread 0x000001ba44277550 Thread added: 0x000001ba44277550
Event: 20603.134 Thread 0x000001ba45d73850 Thread added: 0x000001ba45d73850
Event: 20613.693 Thread 0x000001ba460d8970 Thread added: 0x000001ba460d8970
Event: 20621.480 Thread 0x000001ba46359bc0 Thread added: 0x000001ba46359bc0
Event: 20676.849 Thread 0x000001ba45d73d60 Thread exited: 0x000001ba45d73d60
Event: 20676.943 Thread 0x000001ba463181f0 Thread exited: 0x000001ba463181f0
Event: 20681.517 Thread 0x000001ba46359bc0 Thread exited: 0x000001ba46359bc0
Event: 20687.580 Thread 0x000001ba46314f50 Thread exited: 0x000001ba46314f50
Event: 20687.595 Thread 0x000001ba45e61dd0 Thread exited: 0x000001ba45e61dd0
Event: 20722.153 Thread 0x000001ba460d8460 Thread added: 0x000001ba460d8460
Event: 20722.155 Thread 0x000001ba4635a0d0 Thread added: 0x000001ba4635a0d0
Event: 20747.590 Thread 0x000001ba460d8970 Thread exited: 0x000001ba460d8970
Event: 20782.183 Thread 0x000001ba460d8460 Thread exited: 0x000001ba460d8460
Event: 20782.184 Thread 0x000001ba4635a0d0 Thread exited: 0x000001ba4635a0d0
Event: 20807.602 Thread 0x000001ba45d73850 Thread exited: 0x000001ba45d73850
Event: 20867.604 Thread 0x000001ba44277550 Thread exited: 0x000001ba44277550
Event: 20927.607 Thread 0x000001ba44277040 Thread exited: 0x000001ba44277040
Event: 20987.621 Thread 0x000001ba44278480 Thread exited: 0x000001ba44278480


Dynamic libraries:
0x00007ff755d50000 - 0x00007ff755d5e000 	c:\Users\d.ngantchou\.vscode\extensions\redhat.java-1.34.0-win32-x64\jre\17.0.12-win32-x86_64\bin\java.exe
0x00007ff8f59b0000 - 0x00007ff8f5ba8000 	C:\Windows\SYSTEM32\ntdll.dll
0x00007ff8f3f70000 - 0x00007ff8f4031000 	C:\Windows\System32\KERNEL32.DLL
0x00007ff8f3100000 - 0x00007ff8f33fd000 	C:\Windows\System32\KERNELBASE.dll
0x00007ff8f3530000 - 0x00007ff8f3630000 	C:\Windows\System32\ucrtbase.dll
0x00007ff8e6c80000 - 0x00007ff8e6c97000 	c:\Users\d.ngantchou\.vscode\extensions\redhat.java-1.34.0-win32-x64\jre\17.0.12-win32-x86_64\bin\jli.dll
0x00007ff8f3ac0000 - 0x00007ff8f3c5d000 	C:\Windows\System32\USER32.dll
0x00007ff8d8b50000 - 0x00007ff8d8b6b000 	c:\Users\d.ngantchou\.vscode\extensions\redhat.java-1.34.0-win32-x64\jre\17.0.12-win32-x86_64\bin\VCRUNTIME140.dll
0x00007ff8d90f0000 - 0x00007ff8d938a000 	C:\Windows\WinSxS\amd64_microsoft.windows.common-controls_6595b64144ccf1df_6.0.19041.4355_none_60b8b9eb71f62e16\COMCTL32.dll
0x00007ff8f3890000 - 0x00007ff8f38b2000 	C:\Windows\System32\win32u.dll
0x00007ff8f4de0000 - 0x00007ff8f4e7e000 	C:\Windows\System32\msvcrt.dll
0x00007ff8f4280000 - 0x00007ff8f42ab000 	C:\Windows\System32\GDI32.dll
0x00007ff8f38c0000 - 0x00007ff8f39d7000 	C:\Windows\System32\gdi32full.dll
0x00007ff8f3060000 - 0x00007ff8f30fd000 	C:\Windows\System32\msvcp_win.dll
0x00007ff8f3ed0000 - 0x00007ff8f3eff000 	C:\Windows\System32\IMM32.DLL
0x00007ff8ea3f0000 - 0x00007ff8ea3fc000 	c:\Users\d.ngantchou\.vscode\extensions\redhat.java-1.34.0-win32-x64\jre\17.0.12-win32-x86_64\bin\vcruntime140_1.dll
0x00007ff8b6b50000 - 0x00007ff8b6bdd000 	c:\Users\d.ngantchou\.vscode\extensions\redhat.java-1.34.0-win32-x64\jre\17.0.12-win32-x86_64\bin\msvcp140.dll
0x00007ff890980000 - 0x00007ff8915ea000 	c:\Users\d.ngantchou\.vscode\extensions\redhat.java-1.34.0-win32-x64\jre\17.0.12-win32-x86_64\bin\server\jvm.dll
0x00007ff8f4730000 - 0x00007ff8f47e0000 	C:\Windows\System32\ADVAPI32.dll
0x00007ff8f4860000 - 0x00007ff8f4900000 	C:\Windows\System32\sechost.dll
0x00007ff8f56a0000 - 0x00007ff8f57c3000 	C:\Windows\System32\RPCRT4.dll
0x00007ff8f3450000 - 0x00007ff8f3477000 	C:\Windows\System32\bcrypt.dll
0x00007ff8f3f00000 - 0x00007ff8f3f6b000 	C:\Windows\System32\WS2_32.dll
0x00007ff8f29a0000 - 0x00007ff8f29eb000 	C:\Windows\SYSTEM32\POWRPROF.dll
0x00007ff8de780000 - 0x00007ff8de7a7000 	C:\Windows\SYSTEM32\WINMM.dll
0x00007ff8e9460000 - 0x00007ff8e946a000 	C:\Windows\SYSTEM32\VERSION.dll
0x00007ff8f2980000 - 0x00007ff8f2992000 	C:\Windows\SYSTEM32\UMPDC.dll
0x00007ff8f18a0000 - 0x00007ff8f18b2000 	C:\Windows\SYSTEM32\kernel.appcore.dll
0x00007ff8e8e80000 - 0x00007ff8e8e8a000 	c:\Users\d.ngantchou\.vscode\extensions\redhat.java-1.34.0-win32-x64\jre\17.0.12-win32-x86_64\bin\jimage.dll
0x00007ff8f1280000 - 0x00007ff8f1464000 	C:\Windows\SYSTEM32\DBGHELP.DLL
0x00007ff8e5e30000 - 0x00007ff8e5e64000 	C:\Windows\SYSTEM32\dbgcore.DLL
0x00007ff8f3630000 - 0x00007ff8f36b2000 	C:\Windows\System32\bcryptPrimitives.dll
0x00007ff8c6e20000 - 0x00007ff8c6e45000 	c:\Users\d.ngantchou\.vscode\extensions\redhat.java-1.34.0-win32-x64\jre\17.0.12-win32-x86_64\bin\java.dll
0x00007ff8d8a20000 - 0x00007ff8d8a38000 	c:\Users\d.ngantchou\.vscode\extensions\redhat.java-1.34.0-win32-x64\jre\17.0.12-win32-x86_64\bin\zip.dll
0x00007ff8f4f30000 - 0x00007ff8f569f000 	C:\Windows\System32\SHELL32.dll
0x00007ff8f0920000 - 0x00007ff8f10c3000 	C:\Windows\SYSTEM32\windows.storage.dll
0x00007ff8f4910000 - 0x00007ff8f4c63000 	C:\Windows\System32\combase.dll
0x00007ff8f2940000 - 0x00007ff8f296e000 	C:\Windows\SYSTEM32\Wldp.dll
0x00007ff8f3cc0000 - 0x00007ff8f3d8d000 	C:\Windows\System32\OLEAUT32.dll
0x00007ff8f4cd0000 - 0x00007ff8f4d7d000 	C:\Windows\System32\SHCORE.dll
0x00007ff8f3c60000 - 0x00007ff8f3cb5000 	C:\Windows\System32\shlwapi.dll
0x00007ff8f2f90000 - 0x00007ff8f2fb4000 	C:\Windows\SYSTEM32\profapi.dll
0x00007ff8ccd70000 - 0x00007ff8ccd89000 	C:\Users\d.ngantchou\.vscode\extensions\redhat.java-1.34.0-win32-x64\jre\17.0.12-win32-x86_64\bin\net.dll
0x00007ff8f1f80000 - 0x00007ff8f208d000 	C:\Windows\SYSTEM32\WINHTTP.dll
0x00007ff8f2720000 - 0x00007ff8f278a000 	C:\Windows\system32\mswsock.dll
0x00007ff8ca260000 - 0x00007ff8ca276000 	C:\Users\d.ngantchou\.vscode\extensions\redhat.java-1.34.0-win32-x64\jre\17.0.12-win32-x86_64\bin\nio.dll
0x00007ff8e1520000 - 0x00007ff8e1530000 	c:\Users\d.ngantchou\.vscode\extensions\redhat.java-1.34.0-win32-x64\jre\17.0.12-win32-x86_64\bin\verify.dll
0x00007ff8f29f0000 - 0x00007ff8f2a08000 	C:\Windows\SYSTEM32\CRYPTSP.dll
0x00007ff8f1ef0000 - 0x00007ff8f1f24000 	C:\Windows\system32\rsaenh.dll
0x00007ff8f2f50000 - 0x00007ff8f2f7e000 	C:\Windows\SYSTEM32\USERENV.dll
0x00007ff8f28b0000 - 0x00007ff8f28bc000 	C:\Windows\SYSTEM32\CRYPTBASE.dll
0x00007ff8f2420000 - 0x00007ff8f245b000 	C:\Windows\SYSTEM32\IPHLPAPI.DLL
0x00007ff8f42b0000 - 0x00007ff8f42b8000 	C:\Windows\System32\NSI.dll
0x00007ff8ec930000 - 0x00007ff8ec947000 	C:\Windows\SYSTEM32\dhcpcsvc6.DLL
0x00007ff8ec910000 - 0x00007ff8ec92d000 	C:\Windows\SYSTEM32\dhcpcsvc.DLL
0x00007ff8f2460000 - 0x00007ff8f252a000 	C:\Windows\SYSTEM32\DNSAPI.dll
0x00007ff8deb80000 - 0x00007ff8deb89000 	C:\Users\d.ngantchou\.vscode\extensions\redhat.java-1.34.0-win32-x64\jre\17.0.12-win32-x86_64\bin\management.dll
0x00007ff8dca70000 - 0x00007ff8dca7b000 	C:\Users\d.ngantchou\.vscode\extensions\redhat.java-1.34.0-win32-x64\jre\17.0.12-win32-x86_64\bin\management_ext.dll
0x00007ff8f3d90000 - 0x00007ff8f3d98000 	C:\Windows\System32\PSAPI.DLL
0x00007ff8d8b30000 - 0x00007ff8d8b3e000 	C:\Users\d.ngantchou\.vscode\extensions\redhat.java-1.34.0-win32-x64\jre\17.0.12-win32-x86_64\bin\sunmscapi.dll
0x00007ff8f3730000 - 0x00007ff8f388c000 	C:\Windows\System32\CRYPT32.dll
0x00007ff8f2b00000 - 0x00007ff8f2b29000 	C:\Windows\SYSTEM32\ncrypt.dll
0x00007ff8f2ac0000 - 0x00007ff8f2afb000 	C:\Windows\SYSTEM32\NTASN1.dll
0x00007ff8cf920000 - 0x00007ff8cf927000 	C:\Windows\system32\wshunix.dll
0x00007ff8cca50000 - 0x00007ff8cca59000 	C:\Users\d.ngantchou\.vscode\extensions\redhat.java-1.34.0-win32-x64\jre\17.0.12-win32-x86_64\bin\extnet.dll
0x00007ff8e9d70000 - 0x00007ff8e9d7a000 	C:\Windows\System32\rasadhlp.dll
0x00007ff8ec950000 - 0x00007ff8ec9d0000 	C:\Windows\System32\fwpuclnt.dll
0x00007ff8c6e50000 - 0x00007ff8c6e67000 	C:\Windows\system32\napinsp.dll
0x00007ff8c22d0000 - 0x00007ff8c22eb000 	C:\Windows\system32\pnrpnsp.dll
0x00007ff8ed180000 - 0x00007ff8ed195000 	C:\Windows\system32\wshbth.dll
0x00007ff8eced0000 - 0x00007ff8eceed000 	C:\Windows\system32\NLAapi.dll
0x00007ff8c22b0000 - 0x00007ff8c22c2000 	C:\Windows\System32\winrnr.dll
0x00007ff8e9480000 - 0x00007ff8e9487000 	C:\Users\d.ngantchou\.vscode\extensions\redhat.java-1.34.0-win32-x64\jre\17.0.12-win32-x86_64\bin\rmi.dll

dbghelp: loaded successfully - version: 4.0.5 - missing functions: none
symbol engine: initialized successfully - sym options: 0x614 - pdb path: .;c:\Users\d.ngantchou\.vscode\extensions\redhat.java-1.34.0-win32-x64\jre\17.0.12-win32-x86_64\bin;C:\Windows\SYSTEM32;C:\Windows\WinSxS\amd64_microsoft.windows.common-controls_6595b64144ccf1df_6.0.19041.4355_none_60b8b9eb71f62e16;c:\Users\d.ngantchou\.vscode\extensions\redhat.java-1.34.0-win32-x64\jre\17.0.12-win32-x86_64\bin\server

VM Arguments:
jvm_args: -Xmx1024m -Dsts.lsp.client=vscode -Dsts.log.file=/dev/null -XX:TieredStopAtLevel=1 -Xlog:jni+resolve=off 
java_command: c:\Users\d.ngantchou\.vscode\extensions\vmware.vscode-spring-boot-1.57.0\language-server\spring-boot-language-server-1.57.0-SNAPSHOT-exec.jar
java_class_path (initial): c:\Users\d.ngantchou\.vscode\extensions\vmware.vscode-spring-boot-1.57.0\language-server\spring-boot-language-server-1.57.0-SNAPSHOT-exec.jar
Launcher Type: SUN_STANDARD

[Global flags]
     intx CICompilerCount                          = 4                                         {product} {ergonomic}
     uint ConcGCThreads                            = 2                                         {product} {ergonomic}
     uint G1ConcRefinementThreads                  = 8                                         {product} {ergonomic}
   size_t G1HeapRegionSize                         = 1048576                                   {product} {ergonomic}
    uintx GCDrainStackTargetSize                   = 64                                        {product} {ergonomic}
   size_t InitialHeapSize                          = 197132288                                 {product} {ergonomic}
   size_t MarkStackSize                            = 4194304                                   {product} {ergonomic}
   size_t MaxHeapSize                              = 1073741824                                {product} {command line}
   size_t MaxNewSize                               = 643825664                                 {product} {ergonomic}
   size_t MinHeapDeltaBytes                        = 1048576                                   {product} {ergonomic}
   size_t MinHeapSize                              = 8388608                                   {product} {ergonomic}
    uintx NonProfiledCodeHeapSize                  = 0                                      {pd product} {ergonomic}
     bool ProfileInterpreter                       = false                                  {pd product} {command line}
    uintx ProfiledCodeHeapSize                     = 0                                      {pd product} {ergonomic}
   size_t SoftMaxHeapSize                          = 1073741824                             {manageable} {ergonomic}
     intx TieredStopAtLevel                        = 1                                         {product} {command line}
     bool UseCompressedClassPointers               = true                           {product lp64_product} {ergonomic}
     bool UseCompressedOops                        = true                           {product lp64_product} {ergonomic}
     bool UseG1GC                                  = true                                      {product} {ergonomic}
     bool UseLargePagesIndividualAllocation        = false                                  {pd product} {ergonomic}

Logging:
Log output configuration:
 #0: stdout all=warning,jni+resolve=off uptime,level,tags
 #1: stderr all=off uptime,level,tags

Environment Variables:
JAVA_HOME=C:\Program Files\Java\jdk-17
PATH=D:\app\d.ngantchou\product\11.2.0\client_2\bin;C:\Program Files\Common Files\Oracle\Java\javapath;C:\Windows\system32;C:\Windows;C:\Windows\System32\Wbem;C:\Windows\System32\WindowsPowerShell\v1.0\;C:\Windows\System32\OpenSSH\;C:\Program Files\Git\cmd;C:\Program Files\nodejs\;C:\xampp\php;C:\composer;C:\Program Files\Java\jdk-17\bin;C:\xampp\mysql\bin;C:\Gradle\gradle-8.6\bin;C:\Program Files\Microsoft SQL Server\150\Tools\Binn\;C:\Program Files\Microsoft SQL Server\Client SDK\ODBC\170\Tools\Binn\;C:\Program Files\dotnet\;C:\instantclient_23_4;C:\Users\d.ngantchou\AppData\Local\Microsoft\WindowsApps;C:\Users\d.ngantchou\AppData\Local\Programs\Microsoft VS Code\bin;C:\Users\d.ngantchou\AppData\Roaming\npm;C:\Users\d.ngantchou\AppData\Roaming\Composer\vendor\bin;C:\Users\d.ngantchou\.dotnet\tools;C:\instantclient_23_4;C:\Users\d.ngantchou\flutter\bin
USERNAME=d.ngantchou
OS=Windows_NT
PROCESSOR_IDENTIFIER=Intel64 Family 6 Model 140 Stepping 1, GenuineIntel
TMP=C:\Users\D98E0~1.NGA\AppData\Local\Temp
TEMP=C:\Users\D98E0~1.NGA\AppData\Local\Temp



Periodic native trim disabled


---------------  S Y S T E M  ---------------

OS:
 Windows 10 , 64 bit Build 19041 (10.0.19041.4842)
OS uptime: 8 days 20:16 hours
Hyper-V role detected

CPU: total 8 (initial active 8) (4 cores per cpu, 2 threads per core) family 6 model 140 stepping 1 microcode 0xb6, cx8, cmov, fxsr, ht, mmx, 3dnowpref, sse, sse2, sse3, ssse3, sse4.1, sse4.2, popcnt, lzcnt, tsc, tscinvbit, avx, avx2, aes, erms, clmul, bmi1, bmi2, adx, avx512f, avx512dq, avx512cd, avx512bw, avx512vl, sha, fma, vzeroupper, avx512_vpopcntdq, avx512_vpclmulqdq, avx512_vaes, avx512_vnni, clflush, clflushopt, clwb, avx512_vbmi2, avx512_vbmi, hv
Processor Information for all 8 processors :
  Max Mhz: 2419, Current Mhz: 2419, Mhz Limit: 2419

Memory: 4k page, system-wide physical 11968M (648M free)
TotalPageFile size 25904M (AvailPageFile size 11M)
current process WorkingSet (physical memory assigned to process): 199M, peak: 639M
current process commit charge ("private bytes"): 511M, peak: 731M

vm_info: OpenJDK 64-Bit Server VM (17.0.12+7) for windows-amd64 JRE (17.0.12+7), built on Jul 16 2024 22:08:24 by "admin" with MS VC++ 16.10 / 16.11 (VS2019)

END.
