#
# There is insufficient memory for the Java Runtime Environment to continue.
# Native memory allocation (malloc) failed to allocate 1390768 bytes for Chunk::new
# Possible reasons:
#   The system is out of physical RAM or swap space
#   The process is running with CompressedOops enabled, and the Java Heap may be blocking the growth of the native heap
# Possible solutions:
#   Reduce memory load on the system
#   Increase physical memory or swap space
#   Check if swap backing store is full
#   Decrease Java heap size (-Xmx/-Xms)
#   Decrease number of Java threads
#   Decrease Java thread stack sizes (-Xss)
#   Set larger code cache with -XX:ReservedCodeCacheSize=
#   JVM is running with Zero Based Compressed Oops mode in which the Java heap is
#     placed in the first 32GB address space. The Java Heap base address is the
#     maximum limit for the native heap growth. Please use -XX:HeapBaseMinAddress
#     to set the Java Heap base and to place the Java Heap above 32GB virtual address.
# This output file may be truncated or incomplete.
#
#  Out of Memory Error (arena.cpp:189), pid=23924, tid=23788
#
# JRE version: Java(TM) SE Runtime Environment (17.0.10+11) (build 17.0.10+11-LTS-240)
# Java VM: Java HotSpot(TM) 64-Bit Server VM (17.0.10+11-LTS-240, mixed mode, sharing, tiered, compressed oops, compressed class ptrs, g1 gc, windows-amd64)
# No core dump will be written. Minidumps are not enabled by default on client versions of Windows
#

---------------  S U M M A R Y ------------

Command Line: --add-opens=java.base/java.util=ALL-UNNAMED --add-opens=java.base/java.lang=ALL-UNNAMED --add-opens=java.base/java.lang.invoke=ALL-UNNAMED --add-opens=java.prefs/java.util.prefs=ALL-UNNAMED --add-opens=java.base/java.nio.charset=ALL-UNNAMED --add-opens=java.base/java.net=ALL-UNNAMED --add-opens=java.base/java.util.concurrent.atomic=ALL-UNNAMED -Dfile.encoding=windows-1252 -Duser.country=FR -Duser.language=fr -Duser.variant -javaagent:C:\Users\d.ngantchou\.gradle\wrapper\dists\gradle-8.6-bin\afr5mpiioh2wthjmwnkmdsd5w\gradle-8.6\lib\agents\gradle-instrumentation-agent-8.6.jar org.gradle.launcher.daemon.bootstrap.GradleDaemon 8.6

Host: 11th Gen Intel(R) Core(TM) i5-1135G7 @ 2.40GHz, 8 cores, 11G,  Windows 10 , 64 bit Build 19041 (10.0.19041.3636)
Time: Mon Jun 24 22:10:03 2024 Afr. centrale Ouest elapsed time: 19.378255 seconds (0d 0h 0m 19s)

---------------  T H R E A D  ---------------

Current thread (0x00000270fef56240):  JavaThread "C2 CompilerThread0" daemon [_thread_in_native, id=23788, stack(0x000000c798600000,0x000000c798700000)]


Current CompileTask:
C2:  19378 6093       4       sun.reflect.generics.parser.SignatureParser::parsePackageNameAndSimpleClassTypeSignature (119 bytes)

Stack: [0x000000c798600000,0x000000c798700000]
Native frames: (J=compiled Java code, j=interpreted, Vv=VM code, C=native code)
V  [jvm.dll+0x677a5a]
V  [jvm.dll+0x7d8b2d]
V  [jvm.dll+0x7da48e]
V  [jvm.dll+0x7daaf3]
V  [jvm.dll+0x2455ff]
V  [jvm.dll+0xaaafb]
V  [jvm.dll+0xab09c]
V  [jvm.dll+0x361bae]
V  [jvm.dll+0x1bb3ca]
V  [jvm.dll+0x217aa7]
V  [jvm.dll+0x216d81]
V  [jvm.dll+0x1a3410]
V  [jvm.dll+0x226aeb]
V  [jvm.dll+0x224cab]
V  [jvm.dll+0x78e45c]
V  [jvm.dll+0x78888a]
V  [jvm.dll+0x676935]
C  [ucrtbase.dll+0x21bb2]
C  [KERNEL32.DLL+0x17344]
C  [ntdll.dll+0x4cc91]


---------------  P R O C E S S  ---------------

Threads class SMR info:
_java_thread_list=0x00000270df238a60, length=50, elements={
0x00000270f5786f60, 0x00000270fef396c0, 0x00000270fef3aa20, 0x00000270fef4ff90,
0x00000270fef50860, 0x00000270fef53840, 0x00000270fef549a0, 0x00000270fef56240,
0x00000270fef584a0, 0x00000270fef5cb40, 0x00000270fef20410, 0x00000270dc174ec0,
0x00000270deacd010, 0x00000270dcdfc970, 0x00000270dd389bc0, 0x00000270de37a7b0,
0x00000270deb684b0, 0x00000270de4c8190, 0x00000270de4c90c0, 0x00000270de4c9ae0,
0x00000270de4c8bb0, 0x00000270de4c86a0, 0x00000270de4c9ff0, 0x00000270de4ca500,
0x00000270de4c7770, 0x00000270de4caa10, 0x00000270de4caf20, 0x00000270de4c7c80,
0x00000270e17821d0, 0x00000270e1781cc0, 0x00000270e17826e0, 0x00000270e1780d90,
0x00000270e1783610, 0x00000270e1783100, 0x00000270e177fe60, 0x00000270e1780370,
0x00000270de1f9da0, 0x00000270de1f6b00, 0x00000270de1f60e0, 0x00000270de1facd0,
0x00000270de1f8e70, 0x00000270de1f65f0, 0x00000270de1f7010, 0x00000270de1f7520,
0x00000270de1f7f40, 0x00000270de1fcb30, 0x00000270de1fb1e0, 0x00000270de1f9890,
0x00000270de1f5bd0, 0x00000270dcc035f0
}

Java Threads: ( => current thread )
  0x00000270f5786f60 JavaThread "main" [_thread_blocked, id=16116, stack(0x000000c797900000,0x000000c797a00000)]
  0x00000270fef396c0 JavaThread "Reference Handler" daemon [_thread_blocked, id=20564, stack(0x000000c798000000,0x000000c798100000)]
  0x00000270fef3aa20 JavaThread "Finalizer" daemon [_thread_blocked, id=10696, stack(0x000000c798100000,0x000000c798200000)]
  0x00000270fef4ff90 JavaThread "Signal Dispatcher" daemon [_thread_blocked, id=23980, stack(0x000000c798200000,0x000000c798300000)]
  0x00000270fef50860 JavaThread "Attach Listener" daemon [_thread_blocked, id=17640, stack(0x000000c798300000,0x000000c798400000)]
  0x00000270fef53840 JavaThread "Service Thread" daemon [_thread_blocked, id=4436, stack(0x000000c798400000,0x000000c798500000)]
  0x00000270fef549a0 JavaThread "Monitor Deflation Thread" daemon [_thread_blocked, id=26236, stack(0x000000c798500000,0x000000c798600000)]
=>0x00000270fef56240 JavaThread "C2 CompilerThread0" daemon [_thread_in_native, id=23788, stack(0x000000c798600000,0x000000c798700000)]
  0x00000270fef584a0 JavaThread "C1 CompilerThread0" daemon [_thread_blocked, id=18280, stack(0x000000c798700000,0x000000c798800000)]
  0x00000270fef5cb40 JavaThread "Sweeper thread" daemon [_thread_blocked, id=6860, stack(0x000000c798800000,0x000000c798900000)]
  0x00000270fef20410 JavaThread "Common-Cleaner" daemon [_thread_blocked, id=16232, stack(0x000000c798900000,0x000000c798a00000)]
  0x00000270dc174ec0 JavaThread "Notification Thread" daemon [_thread_blocked, id=24332, stack(0x000000c798a00000,0x000000c798b00000)]
  0x00000270deacd010 JavaThread "Daemon health stats" [_thread_blocked, id=27280, stack(0x000000c799200000,0x000000c799300000)]
  0x00000270dcdfc970 JavaThread "Incoming local TCP Connector on port 52975" [_thread_in_native, id=23908, stack(0x000000c798c00000,0x000000c798d00000)]
  0x00000270dd389bc0 JavaThread "Daemon periodic checks" [_thread_blocked, id=24544, stack(0x000000c798d00000,0x000000c798e00000)]
  0x00000270de37a7b0 JavaThread "Daemon" [_thread_blocked, id=5752, stack(0x000000c799300000,0x000000c799400000)]
  0x00000270deb684b0 JavaThread "Handler for socket connection from /127.0.0.1:52975 to /127.0.0.1:52976" [_thread_in_native, id=21648, stack(0x000000c799400000,0x000000c799500000)]
  0x00000270de4c8190 JavaThread "Cancel handler" [_thread_blocked, id=4920, stack(0x000000c799500000,0x000000c799600000)]
  0x00000270de4c90c0 JavaThread "Daemon worker" [_thread_in_native, id=10652, stack(0x000000c799600000,0x000000c799700000)]
  0x00000270de4c9ae0 JavaThread "Asynchronous log dispatcher for DefaultDaemonConnection: socket connection from /127.0.0.1:52975 to /127.0.0.1:52976" [_thread_blocked, id=12836, stack(0x000000c799700000,0x000000c799800000)]
  0x00000270de4c8bb0 JavaThread "Stdin handler" [_thread_blocked, id=24428, stack(0x000000c799800000,0x000000c799900000)]
  0x00000270de4c86a0 JavaThread "Daemon client event forwarder" [_thread_blocked, id=2756, stack(0x000000c799900000,0x000000c799a00000)]
  0x00000270de4c9ff0 JavaThread "Cache worker for journal cache (C:\Users\d.ngantchou\.gradle\caches\journal-1)" [_thread_blocked, id=26024, stack(0x000000c799b00000,0x000000c799c00000)]
  0x00000270de4ca500 JavaThread "File lock request listener" [_thread_in_native, id=1468, stack(0x000000c799c00000,0x000000c799d00000)]
  0x00000270de4c7770 JavaThread "Cache worker for file hash cache (C:\Users\d.ngantchou\.gradle\caches\8.6\fileHashes)" [_thread_blocked, id=14744, stack(0x000000c799d00000,0x000000c799e00000)]
  0x00000270de4caa10 JavaThread "File watcher server" daemon [_thread_in_native, id=22936, stack(0x000000c79a200000,0x000000c79a300000)]
  0x00000270de4caf20 JavaThread "File watcher consumer" daemon [_thread_blocked, id=3084, stack(0x000000c79a300000,0x000000c79a400000)]
  0x00000270de4c7c80 JavaThread "Cache worker for checksums cache (C:\xampp\htdocs\lvm\fineract\.gradle\8.6\checksums)" [_thread_blocked, id=9220, stack(0x000000c799e00000,0x000000c799f00000)]
  0x00000270e17821d0 JavaThread "Cache worker for file hash cache (C:\xampp\htdocs\lvm\fineract\.gradle\8.6\fileHashes)" [_thread_blocked, id=16504, stack(0x000000c799a00000,0x000000c799b00000)]
  0x00000270e1781cc0 JavaThread "Cache worker for cache directory md-supplier (C:\Users\d.ngantchou\.gradle\caches\8.6\md-supplier)" [_thread_blocked, id=3832, stack(0x000000c79a500000,0x000000c79a600000)]
  0x00000270e17826e0 JavaThread "Cache worker for cache directory md-rule (C:\Users\d.ngantchou\.gradle\caches\8.6\md-rule)" [_thread_blocked, id=8116, stack(0x000000c79a600000,0x000000c79a700000)]
  0x00000270e1780d90 JavaThread "Cache worker for file content cache (C:\Users\d.ngantchou\.gradle\caches\8.6\fileContent)" [_thread_blocked, id=956, stack(0x000000c79a700000,0x000000c79a800000)]
  0x00000270e1783610 JavaThread "jar transforms" [_thread_blocked, id=10488, stack(0x000000c79aa00000,0x000000c79ab00000)]
  0x00000270e1783100 JavaThread "Unconstrained build operations" [_thread_blocked, id=17332, stack(0x000000c79a800000,0x000000c79a900000)]
  0x00000270e177fe60 JavaThread "jar transforms Thread 2" [_thread_blocked, id=10984, stack(0x000000c79a900000,0x000000c79aa00000)]
  0x00000270e1780370 JavaThread "jar transforms Thread 3" [_thread_blocked, id=15284, stack(0x000000c79ac00000,0x000000c79ad00000)]
  0x00000270de1f9da0 JavaThread "Unconstrained build operations Thread 2" [_thread_blocked, id=19600, stack(0x000000c79ae00000,0x000000c79af00000)]
  0x00000270de1f6b00 JavaThread "Unconstrained build operations Thread 3" [_thread_blocked, id=26160, stack(0x000000c79af00000,0x000000c79b000000)]
  0x00000270de1f60e0 JavaThread "gradle-enterprise-worker-0" [_thread_blocked, id=20944, stack(0x000000c79b000000,0x000000c79b100000)]
  0x00000270de1facd0 JavaThread "gradle-enterprise-background-job-0" daemon [_thread_blocked, id=12952, stack(0x000000c79b100000,0x000000c79b200000)]
  0x00000270de1f8e70 JavaThread "jar transforms Thread 4" [_thread_blocked, id=23352, stack(0x000000c79b200000,0x000000c79b300000)]
  0x00000270de1f65f0 JavaThread "jar transforms Thread 5" [_thread_blocked, id=1492, stack(0x000000c79b300000,0x000000c79b400000)]
  0x00000270de1f7010 JavaThread "jar transforms Thread 6" [_thread_blocked, id=3544, stack(0x000000c79b400000,0x000000c79b500000)]
  0x00000270de1f7520 JavaThread "Cache worker for Build Output Cleanup Cache (C:\xampp\htdocs\lvm\fineract\buildSrc\.gradle\buildOutputCleanup)" [_thread_blocked, id=24628, stack(0x000000c79b500000,0x000000c79b600000)]
  0x00000270de1f7f40 JavaThread "Memory manager" [_thread_blocked, id=16872, stack(0x000000c79b600000,0x000000c79b700000)]
  0x00000270de1fcb30 JavaThread "File lock release action executor" [_thread_blocked, id=24640, stack(0x000000c79b700000,0x000000c79b800000)]
  0x00000270de1fb1e0 JavaThread "jar transforms Thread 7" [_thread_blocked, id=10416, stack(0x000000c79b800000,0x000000c79b900000)]
  0x00000270de1f9890 JavaThread "Unconstrained build operations Thread 4" [_thread_blocked, id=22444, stack(0x000000c79b900000,0x000000c79ba00000)]
  0x00000270de1f5bd0 JavaThread "jar transforms Thread 8" [_thread_blocked, id=9384, stack(0x000000c79ad00000,0x000000c79ae00000)]
  0x00000270dcc035f0 JavaThread "C2 CompilerThread1" daemon [_thread_blocked, id=24500, stack(0x000000c79ab00000,0x000000c79ac00000)]

Other Threads:
  0x00000270fef337b0 VMThread "VM Thread" [stack: 0x000000c797f00000,0x000000c798000000] [id=10144]
  0x00000270f5787f20 WatcherThread [stack: 0x000000c798b00000,0x000000c798c00000] [id=26512]
  0x00000270f57dd420 GCTaskThread "GC Thread#0" [stack: 0x000000c797a00000,0x000000c797b00000] [id=23480]
  0x00000270dcdd6ba0 GCTaskThread "GC Thread#1" [stack: 0x000000c798e00000,0x000000c798f00000] [id=18008]
  0x00000270dcdd6e60 GCTaskThread "GC Thread#2" [stack: 0x000000c798f00000,0x000000c799000000] [id=26432]
  0x00000270dcdd7120 GCTaskThread "GC Thread#3" [stack: 0x000000c799000000,0x000000c799100000] [id=18612]
  0x00000270dcf8c9e0 GCTaskThread "GC Thread#4" [stack: 0x000000c799100000,0x000000c799200000] [id=9300]
  0x00000270dc1a8330 GCTaskThread "GC Thread#5" [stack: 0x000000c799f00000,0x000000c79a000000] [id=7736]
  0x00000270dc1a88b0 GCTaskThread "GC Thread#6" [stack: 0x000000c79a000000,0x000000c79a100000] [id=5984]
  0x00000270dc1a90f0 GCTaskThread "GC Thread#7" [stack: 0x000000c79a100000,0x000000c79a200000] [id=20432]
  0x00000270f57e9e80 ConcurrentGCThread "G1 Main Marker" [stack: 0x000000c797b00000,0x000000c797c00000] [id=10856]
  0x00000270f57ea890 ConcurrentGCThread "G1 Conc#0" [stack: 0x000000c797c00000,0x000000c797d00000] [id=18268]
  0x00000270e052a7e0 ConcurrentGCThread "G1 Conc#1" [stack: 0x000000c79a400000,0x000000c79a500000] [id=8860]
  0x00000270fee020c0 ConcurrentGCThread "G1 Refine#0" [stack: 0x000000c797d00000,0x000000c797e00000] [id=13424]
  0x00000270fee02af0 ConcurrentGCThread "G1 Service" [stack: 0x000000c797e00000,0x000000c797f00000] [id=9896]

Threads with active compile tasks:
C2 CompilerThread0    19432 6093       4       sun.reflect.generics.parser.SignatureParser::parsePackageNameAndSimpleClassTypeSignature (119 bytes)

VM state: not at safepoint (normal execution)

VM Mutex/Monitor currently owned by a thread: None

Heap address: 0x0000000744e00000, size: 2994 MB, Compressed Oops mode: Zero based, Oop shift amount: 3

CDS archive(s) mapped at: [0x0000027097000000-0x0000027097bd0000-0x0000027097bd0000), size 12386304, SharedBaseAddress: 0x0000027097000000, ArchiveRelocationMode: 1.
Compressed class space mapped at: 0x0000027098000000-0x00000270d8000000, reserved size: 1073741824
Narrow klass base: 0x0000027097000000, Narrow klass shift: 0, Narrow klass range: 0x100000000

GC Precious Log:
 CPUs: 8 total, 8 available
 Memory: 11968M
 Large Page Support: Disabled
 NUMA Support: Disabled
 Compressed Oops: Enabled (Zero based)
 Heap Region Size: 2M
 Heap Min Capacity: 8M
 Heap Initial Capacity: 188M
 Heap Max Capacity: 2994M
 Pre-touch: Disabled
 Parallel Workers: 8
 Concurrent Workers: 2
 Concurrent Refinement Workers: 8
 Periodic GC: Disabled

Heap:
 garbage-first heap   total 112640K, used 76474K [0x0000000744e00000, 0x0000000800000000)
  region size 2048K, 19 young (38912K), 2 survivors (4096K)
 Metaspace       used 55026K, committed 55744K, reserved 1114112K
  class space    used 8033K, committed 8384K, reserved 1048576K

Heap Regions: E=young(eden), S=young(survivor), O=old, HS=humongous(starts), HC=humongous(continues), CS=collection set, F=free, OA=open archive, CA=closed archive, TAMS=top-at-mark-start (previous, next)
|   0|0x0000000744e00000, 0x0000000745000000, 0x0000000745000000|100%|HS|  |TAMS 0x0000000745000000, 0x0000000744e00000| Complete 
|   1|0x0000000745000000, 0x0000000745200000, 0x0000000745200000|100%|HC|  |TAMS 0x0000000745200000, 0x0000000745000000| Complete 
|   2|0x0000000745200000, 0x0000000745400000, 0x0000000745400000|100%| O|  |TAMS 0x0000000745400000, 0x0000000745200000| Untracked 
|   3|0x0000000745400000, 0x0000000745600000, 0x0000000745600000|100%| O|  |TAMS 0x0000000745600000, 0x0000000745400000| Untracked 
|   4|0x0000000745600000, 0x0000000745800000, 0x0000000745800000|100%| O|  |TAMS 0x0000000745800000, 0x0000000745600000| Untracked 
|   5|0x0000000745800000, 0x0000000745a00000, 0x0000000745a00000|100%| O|  |TAMS 0x0000000745a00000, 0x0000000745800000| Untracked 
|   6|0x0000000745a00000, 0x0000000745c00000, 0x0000000745c00000|100%| O|  |TAMS 0x0000000745c00000, 0x0000000745a00000| Untracked 
|   7|0x0000000745c00000, 0x0000000745e00000, 0x0000000745e00000|100%| O|  |TAMS 0x0000000745e00000, 0x0000000745c00000| Untracked 
|   8|0x0000000745e00000, 0x0000000746000000, 0x0000000746000000|100%| O|  |TAMS 0x0000000746000000, 0x0000000745e00000| Untracked 
|   9|0x0000000746000000, 0x0000000746200000, 0x0000000746200000|100%| O|  |TAMS 0x0000000746200000, 0x0000000746000000| Untracked 
|  10|0x0000000746200000, 0x0000000746400000, 0x0000000746400000|100%| O|  |TAMS 0x0000000746200000, 0x0000000746200000| Untracked 
|  11|0x0000000746400000, 0x0000000746600000, 0x0000000746600000|100%| O|  |TAMS 0x0000000746600000, 0x0000000746400000| Untracked 
|  12|0x0000000746600000, 0x0000000746800000, 0x0000000746800000|100%| O|  |TAMS 0x0000000746800000, 0x0000000746600000| Untracked 
|  13|0x0000000746800000, 0x0000000746a00000, 0x0000000746a00000|100%| O|  |TAMS 0x000000074683fa00, 0x0000000746800000| Untracked 
|  14|0x0000000746a00000, 0x0000000746c00000, 0x0000000746c00000|100%| O|  |TAMS 0x0000000746a00000, 0x0000000746a00000| Untracked 
|  15|0x0000000746c00000, 0x0000000746e00000, 0x0000000746e00000|100%| O|  |TAMS 0x0000000746c00000, 0x0000000746c00000| Untracked 
|  16|0x0000000746e00000, 0x0000000747000000, 0x0000000747000000|100%| O|  |TAMS 0x0000000746e00000, 0x0000000746e00000| Untracked 
|  17|0x0000000747000000, 0x0000000747200000, 0x0000000747200000|100%| O|  |TAMS 0x0000000747000000, 0x0000000747000000| Untracked 
|  18|0x0000000747200000, 0x0000000747400000, 0x0000000747400000|100%| O|  |TAMS 0x0000000747200000, 0x0000000747200000| Untracked 
|  19|0x0000000747400000, 0x00000007475c2600, 0x0000000747600000| 87%| O|  |TAMS 0x0000000747400000, 0x0000000747400000| Untracked 
|  20|0x0000000747600000, 0x0000000747600000, 0x0000000747800000|  0%| F|  |TAMS 0x0000000747600000, 0x0000000747600000| Untracked 
|  21|0x0000000747800000, 0x0000000747800000, 0x0000000747a00000|  0%| F|  |TAMS 0x0000000747800000, 0x0000000747800000| Untracked 
|  22|0x0000000747a00000, 0x0000000747a00000, 0x0000000747c00000|  0%| F|  |TAMS 0x0000000747a00000, 0x0000000747a00000| Untracked 
|  23|0x0000000747c00000, 0x0000000747c00000, 0x0000000747e00000|  0%| F|  |TAMS 0x0000000747c00000, 0x0000000747c00000| Untracked 
|  24|0x0000000747e00000, 0x0000000747e00000, 0x0000000748000000|  0%| F|  |TAMS 0x0000000747e00000, 0x0000000747e00000| Untracked 
|  25|0x0000000748000000, 0x0000000748000000, 0x0000000748200000|  0%| F|  |TAMS 0x0000000748000000, 0x0000000748000000| Untracked 
|  26|0x0000000748200000, 0x0000000748200000, 0x0000000748400000|  0%| F|  |TAMS 0x0000000748200000, 0x0000000748200000| Untracked 
|  27|0x0000000748400000, 0x0000000748400000, 0x0000000748600000|  0%| F|  |TAMS 0x0000000748400000, 0x0000000748400000| Untracked 
|  28|0x0000000748600000, 0x0000000748600000, 0x0000000748800000|  0%| F|  |TAMS 0x0000000748600000, 0x0000000748600000| Untracked 
|  29|0x0000000748800000, 0x0000000748800000, 0x0000000748a00000|  0%| F|  |TAMS 0x0000000748800000, 0x0000000748800000| Untracked 
|  30|0x0000000748a00000, 0x0000000748a00000, 0x0000000748c00000|  0%| F|  |TAMS 0x0000000748a00000, 0x0000000748a00000| Untracked 
|  31|0x0000000748c00000, 0x0000000748c00000, 0x0000000748e00000|  0%| F|  |TAMS 0x0000000748c00000, 0x0000000748c00000| Untracked 
|  32|0x0000000748e00000, 0x0000000748eec2c0, 0x0000000749000000| 46%| S|CS|TAMS 0x0000000748e00000, 0x0000000748e00000| Complete 
|  33|0x0000000749000000, 0x0000000749200000, 0x0000000749200000|100%| S|CS|TAMS 0x0000000749000000, 0x0000000749000000| Complete 
|  34|0x0000000749200000, 0x0000000749200000, 0x0000000749400000|  0%| F|  |TAMS 0x0000000749200000, 0x0000000749200000| Untracked 
|  35|0x0000000749400000, 0x0000000749400000, 0x0000000749600000|  0%| F|  |TAMS 0x0000000749400000, 0x0000000749400000| Untracked 
|  36|0x0000000749600000, 0x0000000749600000, 0x0000000749800000|  0%| F|  |TAMS 0x0000000749600000, 0x0000000749600000| Untracked 
|  37|0x0000000749800000, 0x0000000749800000, 0x0000000749a00000|  0%| F|  |TAMS 0x0000000749800000, 0x0000000749800000| Untracked 
|  38|0x0000000749a00000, 0x0000000749c00000, 0x0000000749c00000|100%| E|  |TAMS 0x0000000749a00000, 0x0000000749a00000| Complete 
|  39|0x0000000749c00000, 0x0000000749e00000, 0x0000000749e00000|100%| E|CS|TAMS 0x0000000749c00000, 0x0000000749c00000| Complete 
|  40|0x0000000749e00000, 0x000000074a000000, 0x000000074a000000|100%| E|CS|TAMS 0x0000000749e00000, 0x0000000749e00000| Complete 
|  41|0x000000074a000000, 0x000000074a200000, 0x000000074a200000|100%| E|CS|TAMS 0x000000074a000000, 0x000000074a000000| Complete 
|  42|0x000000074a200000, 0x000000074a400000, 0x000000074a400000|100%| E|CS|TAMS 0x000000074a200000, 0x000000074a200000| Complete 
|  43|0x000000074a400000, 0x000000074a600000, 0x000000074a600000|100%| E|CS|TAMS 0x000000074a400000, 0x000000074a400000| Complete 
|  44|0x000000074a600000, 0x000000074a800000, 0x000000074a800000|100%| E|CS|TAMS 0x000000074a600000, 0x000000074a600000| Complete 
|  45|0x000000074a800000, 0x000000074aa00000, 0x000000074aa00000|100%| E|CS|TAMS 0x000000074a800000, 0x000000074a800000| Complete 
|  46|0x000000074aa00000, 0x000000074ac00000, 0x000000074ac00000|100%| E|CS|TAMS 0x000000074aa00000, 0x000000074aa00000| Complete 
|  47|0x000000074ac00000, 0x000000074ae00000, 0x000000074ae00000|100%| E|CS|TAMS 0x000000074ac00000, 0x000000074ac00000| Complete 
|  48|0x000000074ae00000, 0x000000074b000000, 0x000000074b000000|100%| E|CS|TAMS 0x000000074ae00000, 0x000000074ae00000| Complete 
|  49|0x000000074b000000, 0x000000074b200000, 0x000000074b200000|100%| E|CS|TAMS 0x000000074b000000, 0x000000074b000000| Complete 
|  50|0x000000074b200000, 0x000000074b400000, 0x000000074b400000|100%| E|CS|TAMS 0x000000074b200000, 0x000000074b200000| Complete 
|  51|0x000000074b400000, 0x000000074b600000, 0x000000074b600000|100%| E|CS|TAMS 0x000000074b400000, 0x000000074b400000| Complete 
|  52|0x000000074b600000, 0x000000074b800000, 0x000000074b800000|100%| E|CS|TAMS 0x000000074b600000, 0x000000074b600000| Complete 
|  82|0x000000074f200000, 0x000000074f400000, 0x000000074f400000|100%| E|CS|TAMS 0x000000074f200000, 0x000000074f200000| Complete 
|  93|0x0000000750800000, 0x0000000750a00000, 0x0000000750a00000|100%| E|CS|TAMS 0x0000000750800000, 0x0000000750800000| Complete 

Card table byte_map: [0x00000270fd950000,0x00000270fdf30000] _byte_map_base: 0x00000270f9f29000

Marking Bits (Prev, Next): (CMBitMap*) 0x00000270f57dda40, (CMBitMap*) 0x00000270f57dda80
 Prev Bits: [0x000002708f000000, 0x0000027091ec8000)
 Next Bits: [0x0000027091ed0000, 0x0000027094d98000)

Polling page: 0x00000270f3720000

Metaspace:

Usage:
  Non-class:     45.90 MB used.
      Class:      7.85 MB used.
       Both:     53.74 MB used.

Virtual space:
  Non-class space:       64.00 MB reserved,      46.25 MB ( 72%) committed,  1 nodes.
      Class space:        1.00 GB reserved,       8.19 MB ( <1%) committed,  1 nodes.
             Both:        1.06 GB reserved,      54.44 MB (  5%) committed. 

Chunk freelists:
   Non-Class:  1.14 MB
       Class:  7.86 MB
        Both:  9.00 MB

MaxMetaspaceSize: unlimited
CompressedClassSpaceSize: 1.00 GB
Initial GC threshold: 21.00 MB
Current GC threshold: 58.75 MB
CDS: on
MetaspaceReclaimPolicy: balanced
 - commit_granule_bytes: 65536.
 - commit_granule_words: 8192.
 - virtual_space_node_default_size: 8388608.
 - enlarge_chunks_in_place: 1.
 - new_chunks_are_fully_committed: 0.
 - uncommit_free_chunks: 1.
 - use_allocation_guard: 0.
 - handle_deallocations: 1.


Internal statistics:

num_allocs_failed_limit: 6.
num_arena_births: 694.
num_arena_deaths: 0.
num_vsnodes_births: 2.
num_vsnodes_deaths: 0.
num_space_committed: 871.
num_space_uncommitted: 0.
num_chunks_returned_to_freelist: 6.
num_chunks_taken_from_freelist: 2949.
num_chunk_merges: 6.
num_chunk_splits: 1909.
num_chunks_enlarged: 1250.
num_inconsistent_stats: 0.

CodeHeap 'non-profiled nmethods': size=120000Kb used=3377Kb max_used=3377Kb free=116622Kb
 bounds [0x0000027087ad0000, 0x0000027087e20000, 0x000002708f000000]
CodeHeap 'profiled nmethods': size=120000Kb used=10579Kb max_used=10579Kb free=109420Kb
 bounds [0x0000027080000000, 0x0000027080a60000, 0x0000027087530000]
CodeHeap 'non-nmethods': size=5760Kb used=2378Kb max_used=2442Kb free=3381Kb
 bounds [0x0000027087530000, 0x00000270877a0000, 0x0000027087ad0000]
 total_blobs=6252 nmethods=5361 adapters=802
 compilation: enabled
              stopped_count=0, restarted_count=0
 full_count=0

Compilation events (20 events):
Event: 19.311 Thread 0x00000270fef584a0 6149       1       jdk.internal.reflect.ClassFileAssembler::setMaxLocals (6 bytes)
Event: 19.311 Thread 0x00000270fef584a0 nmethod 6149 0x0000027087e1a590 code [0x0000027087e1a720, 0x0000027087e1a7f8]
Event: 19.311 Thread 0x00000270fef584a0 6150       3       org.codehaus.groovy.runtime.callsite.CallSiteArray::replaceCallSite (18 bytes)
Event: 19.311 Thread 0x00000270fef584a0 nmethod 6150 0x0000027080a4fd10 code [0x0000027080a4fec0, 0x0000027080a50338]
Event: 19.311 Thread 0x00000270fef584a0 6151       3       org.gradle.internal.classpath.intercept.CallInterceptorResolver$ClosureCallInterceptorResolver::isAwareOfCallSiteName (28 bytes)
Event: 19.314 Thread 0x00000270fef584a0 nmethod 6151 0x0000027080a50510 code [0x0000027080a50760, 0x0000027080a51308]
Event: 19.314 Thread 0x00000270fef584a0 6152       3       org.gradle.internal.classpath.intercept.DefaultCallSiteDecorator::isAwareOfCallSiteName (11 bytes)
Event: 19.314 Thread 0x00000270fef584a0 nmethod 6152 0x0000027080a51610 code [0x0000027080a517c0, 0x0000027080a519a8]
Event: 19.323 Thread 0x00000270fef584a0 6153       3       org.gradle.internal.event.ListenerBroadcast::dispatch (9 bytes)
Event: 19.323 Thread 0x00000270fef584a0 nmethod 6153 0x0000027080a51a90 code [0x0000027080a51c40, 0x0000027080a51fe8]
Event: 19.323 Thread 0x00000270fef584a0 6154       3       org.gradle.internal.event.ListenerBroadcast::dispatch (9 bytes)
Event: 19.324 Thread 0x00000270fef584a0 nmethod 6154 0x0000027080a52110 code [0x0000027080a522c0, 0x0000027080a524a8]
Event: 19.333 Thread 0x00000270fef584a0 6155       3       java.util.Arrays::sort (37 bytes)
Event: 19.333 Thread 0x00000270fef584a0 nmethod 6155 0x0000027080a52590 code [0x0000027080a52740, 0x0000027080a52938]
Event: 19.340 Thread 0x00000270dcc035f0 nmethod 6142 0x0000027087e1a890 code [0x0000027087e1aaa0, 0x0000027087e1b840]
Event: 19.364 Thread 0x00000270fef584a0 6156       3       org.objectweb.asm.MethodWriter::visitInvokeDynamicInsn (147 bytes)
Event: 19.365 Thread 0x00000270fef584a0 nmethod 6156 0x0000027080a52a10 code [0x0000027080a52c20, 0x0000027080a531e8]
Event: 19.365 Thread 0x00000270fef584a0 6157       3       org.objectweb.asm.SymbolTable::addConstantInvokeDynamic (23 bytes)
Event: 19.365 Thread 0x00000270dcc035f0 6158       4       org.objectweb.asm.Frame::getConcreteOutputType (111 bytes)
Event: 19.366 Thread 0x00000270fef584a0 nmethod 6157 0x0000027080a53490 code [0x0000027080a53640, 0x0000027080a537d8]

GC Heap History (20 events):
Event: 6.878 GC heap before
{Heap before GC invocations=3 (full 0):
 garbage-first heap   total 192512K, used 39639K [0x0000000744e00000, 0x0000000800000000)
  region size 2048K, 17 young (34816K), 6 survivors (12288K)
 Metaspace       used 21253K, committed 21504K, reserved 1114112K
  class space    used 3108K, committed 3264K, reserved 1048576K
}
Event: 6.888 GC heap after
{Heap after GC invocations=4 (full 0):
 garbage-first heap   total 192512K, used 22505K [0x0000000744e00000, 0x0000000800000000)
  region size 2048K, 1 young (2048K), 1 survivors (2048K)
 Metaspace       used 21253K, committed 21504K, reserved 1114112K
  class space    used 3108K, committed 3264K, reserved 1048576K
}
Event: 8.423 GC heap before
{Heap before GC invocations=5 (full 0):
 garbage-first heap   total 90112K, used 73705K [0x0000000744e00000, 0x0000000800000000)
  region size 2048K, 26 young (53248K), 1 survivors (2048K)
 Metaspace       used 27496K, committed 27904K, reserved 1114112K
  class space    used 4103K, committed 4288K, reserved 1048576K
}
Event: 8.432 GC heap after
{Heap after GC invocations=6 (full 0):
 garbage-first heap   total 90112K, used 25330K [0x0000000744e00000, 0x0000000800000000)
  region size 2048K, 3 young (6144K), 3 survivors (6144K)
 Metaspace       used 27496K, committed 27904K, reserved 1114112K
  class space    used 4103K, committed 4288K, reserved 1048576K
}
Event: 8.550 GC heap before
{Heap before GC invocations=6 (full 0):
 garbage-first heap   total 90112K, used 27378K [0x0000000744e00000, 0x0000000800000000)
  region size 2048K, 4 young (8192K), 3 survivors (6144K)
 Metaspace       used 28150K, committed 28608K, reserved 1114112K
  class space    used 4136K, committed 4352K, reserved 1048576K
}
Event: 8.559 GC heap after
{Heap after GC invocations=7 (full 0):
 garbage-first heap   total 90112K, used 25330K [0x0000000744e00000, 0x0000000800000000)
  region size 2048K, 1 young (2048K), 1 survivors (2048K)
 Metaspace       used 28150K, committed 28608K, reserved 1114112K
  class space    used 4136K, committed 4352K, reserved 1048576K
}
Event: 9.699 GC heap before
{Heap before GC invocations=7 (full 0):
 garbage-first heap   total 90112K, used 66290K [0x0000000744e00000, 0x0000000800000000)
  region size 2048K, 20 young (40960K), 1 survivors (2048K)
 Metaspace       used 33197K, committed 33536K, reserved 1114112K
  class space    used 4601K, committed 4736K, reserved 1048576K
}
Event: 9.705 GC heap after
{Heap after GC invocations=8 (full 0):
 garbage-first heap   total 90112K, used 28706K [0x0000000744e00000, 0x0000000800000000)
  region size 2048K, 2 young (4096K), 2 survivors (4096K)
 Metaspace       used 33197K, committed 33536K, reserved 1114112K
  class space    used 4601K, committed 4736K, reserved 1048576K
}
Event: 10.502 GC heap before
{Heap before GC invocations=8 (full 0):
 garbage-first heap   total 90112K, used 47138K [0x0000000744e00000, 0x0000000800000000)
  region size 2048K, 12 young (24576K), 2 survivors (4096K)
 Metaspace       used 35590K, committed 35968K, reserved 1114112K
  class space    used 4981K, committed 5120K, reserved 1048576K
}
Event: 10.512 GC heap after
{Heap after GC invocations=9 (full 0):
 garbage-first heap   total 90112K, used 29877K [0x0000000744e00000, 0x0000000800000000)
  region size 2048K, 1 young (2048K), 1 survivors (2048K)
 Metaspace       used 35590K, committed 35968K, reserved 1114112K
  class space    used 4981K, committed 5120K, reserved 1048576K
}
Event: 11.853 GC heap before
{Heap before GC invocations=10 (full 0):
 garbage-first heap   total 90112K, used 64693K [0x0000000744e00000, 0x0000000800000000)
  region size 2048K, 19 young (38912K), 1 survivors (2048K)
 Metaspace       used 39473K, committed 40000K, reserved 1114112K
  class space    used 5620K, committed 5888K, reserved 1048576K
}
Event: 11.861 GC heap after
{Heap after GC invocations=11 (full 0):
 garbage-first heap   total 90112K, used 31898K [0x0000000744e00000, 0x0000000800000000)
  region size 2048K, 2 young (4096K), 2 survivors (4096K)
 Metaspace       used 39473K, committed 40000K, reserved 1114112K
  class space    used 5620K, committed 5888K, reserved 1048576K
}
Event: 12.818 GC heap before
{Heap before GC invocations=11 (full 0):
 garbage-first heap   total 90112K, used 66714K [0x0000000744e00000, 0x0000000800000000)
  region size 2048K, 20 young (40960K), 2 survivors (4096K)
 Metaspace       used 42847K, committed 43328K, reserved 1114112K
  class space    used 6228K, committed 6464K, reserved 1048576K
}
Event: 12.828 GC heap after
{Heap after GC invocations=12 (full 0):
 garbage-first heap   total 90112K, used 35837K [0x0000000744e00000, 0x0000000800000000)
  region size 2048K, 3 young (6144K), 3 survivors (6144K)
 Metaspace       used 42847K, committed 43328K, reserved 1114112K
  class space    used 6228K, committed 6464K, reserved 1048576K
}
Event: 13.500 GC heap before
{Heap before GC invocations=12 (full 0):
 garbage-first heap   total 90112K, used 68605K [0x0000000744e00000, 0x0000000800000000)
  region size 2048K, 19 young (38912K), 3 survivors (6144K)
 Metaspace       used 44973K, committed 45504K, reserved 1114112K
  class space    used 6594K, committed 6848K, reserved 1048576K
}
Event: 13.515 GC heap after
{Heap after GC invocations=13 (full 0):
 garbage-first heap   total 90112K, used 37589K [0x0000000744e00000, 0x0000000800000000)
  region size 2048K, 2 young (4096K), 2 survivors (4096K)
 Metaspace       used 44973K, committed 45504K, reserved 1114112K
  class space    used 6594K, committed 6848K, reserved 1048576K
}
Event: 14.959 GC heap before
{Heap before GC invocations=13 (full 0):
 garbage-first heap   total 90112K, used 66261K [0x0000000744e00000, 0x0000000800000000)
  region size 2048K, 17 young (34816K), 2 survivors (4096K)
 Metaspace       used 48403K, committed 48960K, reserved 1114112K
  class space    used 7063K, committed 7296K, reserved 1048576K
}
Event: 14.972 GC heap after
{Heap after GC invocations=14 (full 0):
 garbage-first heap   total 112640K, used 41121K [0x0000000744e00000, 0x0000000800000000)
  region size 2048K, 3 young (6144K), 3 survivors (6144K)
 Metaspace       used 48403K, committed 48960K, reserved 1114112K
  class space    used 7063K, committed 7296K, reserved 1048576K
}
Event: 16.888 GC heap before
{Heap before GC invocations=14 (full 0):
 garbage-first heap   total 112640K, used 82081K [0x0000000744e00000, 0x0000000800000000)
  region size 2048K, 24 young (49152K), 3 survivors (6144K)
 Metaspace       used 52320K, committed 52928K, reserved 1114112K
  class space    used 7701K, committed 8000K, reserved 1048576K
}
Event: 16.900 GC heap after
{Heap after GC invocations=15 (full 0):
 garbage-first heap   total 112640K, used 43706K [0x0000000744e00000, 0x0000000800000000)
  region size 2048K, 2 young (4096K), 2 survivors (4096K)
 Metaspace       used 52320K, committed 52928K, reserved 1114112K
  class space    used 7701K, committed 8000K, reserved 1048576K
}

Deoptimization events (20 events):
Event: 18.777 Thread 0x00000270de4c90c0 Uncommon trap: trap_request=0xffffff45 fr.pc=0x0000027087deb774 relative=0x00000000000009d4
Event: 18.777 Thread 0x00000270de4c90c0 Uncommon trap: reason=unstable_if action=reinterpret pc=0x0000027087deb774 method=groovy.lang.MetaClassImpl.checkIfStdMethod(Lgroovy/lang/MetaMethod;)V @ 55 c2
Event: 18.777 Thread 0x00000270de4c90c0 DEOPT PACKING pc=0x0000027087deb774 sp=0x000000c7996f3f70
Event: 18.777 Thread 0x00000270de4c90c0 DEOPT UNPACKING pc=0x0000027087585ba3 sp=0x000000c7996f3f28 mode 2
Event: 19.121 Thread 0x00000270de4c90c0 Uncommon trap: trap_request=0xffffffc6 fr.pc=0x0000027087d4ee28 relative=0x0000000000003bc8
Event: 19.121 Thread 0x00000270de4c90c0 Uncommon trap: reason=bimorphic_or_optimized_type_check action=maybe_recompile pc=0x0000027087d4ee28 method=org.codehaus.groovy.runtime.metaclass.MetaMethodIndex.isOverridden(Lgroovy/lang/MetaMethod;Lgroovy/lang/MetaMethod;)Z @ 15 c2
Event: 19.121 Thread 0x00000270de4c90c0 DEOPT PACKING pc=0x0000027087d4ee28 sp=0x000000c7996f4b60
Event: 19.121 Thread 0x00000270de4c90c0 DEOPT UNPACKING pc=0x0000027087585ba3 sp=0x000000c7996f4b18 mode 2
Event: 19.161 Thread 0x00000270de4c90c0 Uncommon trap: trap_request=0xffffffc6 fr.pc=0x0000027087d4ee28 relative=0x0000000000003bc8
Event: 19.161 Thread 0x00000270de4c90c0 Uncommon trap: reason=bimorphic_or_optimized_type_check action=maybe_recompile pc=0x0000027087d4ee28 method=org.codehaus.groovy.runtime.metaclass.MetaMethodIndex.isOverridden(Lgroovy/lang/MetaMethod;Lgroovy/lang/MetaMethod;)Z @ 15 c2
Event: 19.161 Thread 0x00000270de4c90c0 DEOPT PACKING pc=0x0000027087d4ee28 sp=0x000000c7996f4bf0
Event: 19.161 Thread 0x00000270de4c90c0 DEOPT UNPACKING pc=0x0000027087585ba3 sp=0x000000c7996f4ba8 mode 2
Event: 19.175 Thread 0x00000270de4c90c0 Uncommon trap: trap_request=0xffffffc6 fr.pc=0x0000027087d4edf4 relative=0x0000000000003b94
Event: 19.175 Thread 0x00000270de4c90c0 Uncommon trap: reason=bimorphic_or_optimized_type_check action=maybe_recompile pc=0x0000027087d4edf4 method=org.codehaus.groovy.runtime.metaclass.MetaMethodIndex.isOverridden(Lgroovy/lang/MetaMethod;Lgroovy/lang/MetaMethod;)Z @ 10 c2
Event: 19.175 Thread 0x00000270de4c90c0 DEOPT PACKING pc=0x0000027087d4edf4 sp=0x000000c7996f4b60
Event: 19.175 Thread 0x00000270de4c90c0 DEOPT UNPACKING pc=0x0000027087585ba3 sp=0x000000c7996f4b18 mode 2
Event: 19.263 Thread 0x00000270de4c90c0 Uncommon trap: trap_request=0xffffff45 fr.pc=0x0000027087b2ab48 relative=0x0000000000001628
Event: 19.263 Thread 0x00000270de4c90c0 Uncommon trap: reason=unstable_if action=reinterpret pc=0x0000027087b2ab48 method=java.util.WeakHashMap.put(Ljava/lang/Object;Ljava/lang/Object;)Ljava/lang/Object; @ 57 c2
Event: 19.263 Thread 0x00000270de4c90c0 DEOPT PACKING pc=0x0000027087b2ab48 sp=0x000000c7996f41d0
Event: 19.263 Thread 0x00000270de4c90c0 DEOPT UNPACKING pc=0x0000027087585ba3 sp=0x000000c7996f41d0 mode 2

Classes unloaded (0 events):
No events

Classes redefined (0 events):
No events

Internal exceptions (20 events):
Event: 18.808 Thread 0x00000270de4c90c0 Exception <a 'java/lang/ClassNotFoundException'{0x000000074a531458}: io/spring/gradle/dependencymanagement/internal/dsl/StandardDependenciesHandlerBeanInfo> (0x000000074a531458) 
thrown [s\open\src\hotspot\share\classfile\systemDictionary.cpp, line 256]
Event: 18.809 Thread 0x00000270de4c90c0 Exception <a 'java/lang/ClassNotFoundException'{0x000000074a540a68}: io/spring/gradle/dependencymanagement/internal/dsl/StandardDependenciesHandlerCustomizer> (0x000000074a540a68) 
thrown [s\open\src\hotspot\share\classfile\systemDictionary.cpp, line 256]
Event: 18.862 Thread 0x00000270de4c90c0 Exception <a 'java/lang/ClassNotFoundException'{0x000000074a5b4170}: io/spring/gradle/dependencymanagement/internal/dsl/StandardDependencyHandlerBeanInfo> (0x000000074a5b4170) 
thrown [s\open\src\hotspot\share\classfile\systemDictionary.cpp, line 256]
Event: 18.865 Thread 0x00000270de4c90c0 Exception <a 'java/lang/ClassNotFoundException'{0x000000074a5c4cb8}: io/spring/gradle/dependencymanagement/internal/dsl/StandardDependencyHandlerCustomizer> (0x000000074a5c4cb8) 
thrown [s\open\src\hotspot\share\classfile\systemDictionary.cpp, line 256]
Event: 18.994 Thread 0x00000270de4c90c0 Exception <a 'java/lang/ClassNotFoundException'{0x000000074a2ed4f0}: io/spring/gradle/dependencymanagement/internal/dsl/StandardDependencySetHandlerBeanInfo> (0x000000074a2ed4f0) 
thrown [s\open\src\hotspot\share\classfile\systemDictionary.cpp, line 256]
Event: 19.077 Thread 0x00000270de4c90c0 Exception <a 'java/lang/ClassNotFoundException'{0x000000074a2fe098}: io/spring/gradle/dependencymanagement/internal/dsl/StandardDependencySetHandlerCustomizer> (0x000000074a2fe098) 
thrown [s\open\src\hotspot\share\classfile\systemDictionary.cpp, line 256]
Event: 19.177 Thread 0x00000270de4c90c0 Exception <a 'java/lang/ClassNotFoundException'{0x0000000749f70fe0}: org/gradle/api/internal/artifacts/dsl/DefaultRepositoryHandler_DecoratedBeanInfo> (0x0000000749f70fe0) 
thrown [s\open\src\hotspot\share\classfile\systemDictionary.cpp, line 256]
Event: 19.179 Thread 0x00000270de4c90c0 Exception <a 'java/lang/ClassNotFoundException'{0x0000000749f8daf8}: org/gradle/api/internal/artifacts/dsl/DefaultRepositoryHandlerBeanInfo> (0x0000000749f8daf8) 
thrown [s\open\src\hotspot\share\classfile\systemDictionary.cpp, line 256]
Event: 19.181 Thread 0x00000270de4c90c0 Exception <a 'java/lang/ClassNotFoundException'{0x0000000749faa528}: org/gradle/api/internal/artifacts/DefaultArtifactRepositoryContainerBeanInfo> (0x0000000749faa528) 
thrown [s\open\src\hotspot\share\classfile\systemDictionary.cpp, line 256]
Event: 19.182 Thread 0x00000270de4c90c0 Exception <a 'java/lang/ClassNotFoundException'{0x0000000749fc3a00}: org/gradle/api/internal/DefaultNamedDomainObjectListBeanInfo> (0x0000000749fc3a00) 
thrown [s\open\src\hotspot\share\classfile\systemDictionary.cpp, line 256]
Event: 19.183 Thread 0x00000270de4c90c0 Exception <a 'java/lang/ClassNotFoundException'{0x0000000749fddad8}: org/gradle/api/internal/DefaultNamedDomainObjectCollectionBeanInfo> (0x0000000749fddad8) 
thrown [s\open\src\hotspot\share\classfile\systemDictionary.cpp, line 256]
Event: 19.186 Thread 0x00000270de4c90c0 Exception <a 'java/lang/ClassNotFoundException'{0x0000000749ff8248}: org/gradle/api/internal/DefaultDomainObjectCollectionBeanInfo> (0x0000000749ff8248) 
thrown [s\open\src\hotspot\share\classfile\systemDictionary.cpp, line 256]
Event: 19.187 Thread 0x00000270de4c90c0 Exception <a 'java/lang/ClassNotFoundException'{0x0000000749c03b98}: java/util/AbstractCollectionBeanInfo> (0x0000000749c03b98) 
thrown [s\open\src\hotspot\share\classfile\systemDictionary.cpp, line 256]
Event: 19.188 Thread 0x00000270de4c90c0 Exception <a 'java/lang/ClassNotFoundException'{0x0000000749c0ecb0}: java/util/AbstractCollectionCustomizer> (0x0000000749c0ecb0) 
thrown [s\open\src\hotspot\share\classfile\systemDictionary.cpp, line 256]
Event: 19.245 Thread 0x00000270de4c90c0 Exception <a 'java/lang/ClassNotFoundException'{0x0000000749c32560}: org/gradle/api/internal/DefaultDomainObjectCollectionCustomizer> (0x0000000749c32560) 
thrown [s\open\src\hotspot\share\classfile\systemDictionary.cpp, line 256]
Event: 19.251 Thread 0x00000270de4c90c0 Exception <a 'java/lang/ClassNotFoundException'{0x0000000749c6a250}: org/gradle/api/internal/DefaultNamedDomainObjectCollectionCustomizer> (0x0000000749c6a250) 
thrown [s\open\src\hotspot\share\classfile\systemDictionary.cpp, line 256]
Event: 19.262 Thread 0x00000270de4c90c0 Exception <a 'java/lang/ClassNotFoundException'{0x0000000749cac718}: org/gradle/api/internal/DefaultNamedDomainObjectListCustomizer> (0x0000000749cac718) 
thrown [s\open\src\hotspot\share\classfile\systemDictionary.cpp, line 256]
Event: 19.266 Thread 0x00000270de4c90c0 Exception <a 'java/lang/ClassNotFoundException'{0x0000000749ce8578}: org/gradle/api/internal/artifacts/DefaultArtifactRepositoryContainerCustomizer> (0x0000000749ce8578) 
thrown [s\open\src\hotspot\share\classfile\systemDictionary.cpp, line 256]
Event: 19.271 Thread 0x00000270de4c90c0 Exception <a 'java/lang/ClassNotFoundException'{0x0000000749d179b0}: org/gradle/api/internal/artifacts/dsl/DefaultRepositoryHandlerCustomizer> (0x0000000749d179b0) 
thrown [s\open\src\hotspot\share\classfile\systemDictionary.cpp, line 256]
Event: 19.276 Thread 0x00000270de4c90c0 Exception <a 'java/lang/ClassNotFoundException'{0x0000000749d55718}: org/gradle/api/internal/artifacts/dsl/DefaultRepositoryHandler_DecoratedCustomizer> (0x0000000749d55718) 
thrown [s\open\src\hotspot\share\classfile\systemDictionary.cpp, line 256]

VM Operations (20 events):
Event: 14.312 Executing VM operation: HandshakeAllThreads
Event: 14.313 Executing VM operation: HandshakeAllThreads done
Event: 14.324 Executing VM operation: HandshakeAllThreads
Event: 14.329 Executing VM operation: HandshakeAllThreads done
Event: 14.343 Executing VM operation: HandshakeAllThreads
Event: 14.343 Executing VM operation: HandshakeAllThreads done
Event: 14.381 Executing VM operation: ICBufferFull
Event: 14.382 Executing VM operation: ICBufferFull done
Event: 14.958 Executing VM operation: G1CollectForAllocation
Event: 14.975 Executing VM operation: G1CollectForAllocation done
Event: 15.785 Executing VM operation: ICBufferFull
Event: 15.785 Executing VM operation: ICBufferFull done
Event: 16.787 Executing VM operation: Cleanup
Event: 16.787 Executing VM operation: Cleanup done
Event: 16.887 Executing VM operation: G1CollectForAllocation
Event: 16.900 Executing VM operation: G1CollectForAllocation done
Event: 17.543 Executing VM operation: ICBufferFull
Event: 17.543 Executing VM operation: ICBufferFull done
Event: 18.544 Executing VM operation: Cleanup
Event: 18.544 Executing VM operation: Cleanup done

Events (20 events):
Event: 17.993 loading class java/lang/reflect/AccessibleObjectCustomizer
Event: 17.993 loading class java/lang/reflect/AccessibleObjectCustomizer done
Event: 17.994 loading class java/lang/reflect/ExecutableCustomizer
Event: 17.994 loading class java/lang/reflect/ExecutableCustomizer done
Event: 17.995 loading class java/lang/reflect/ExecutableCustomizer
Event: 17.995 loading class java/lang/reflect/ExecutableCustomizer done
Event: 17.997 loading class java/lang/reflect/MethodCustomizer
Event: 17.997 loading class java/lang/reflect/MethodCustomizer done
Event: 17.997 loading class java/lang/reflect/MethodCustomizer
Event: 17.997 loading class java/lang/reflect/MethodCustomizer done
Event: 18.326 Thread 0x00000270dd09f8e0 Thread exited: 0x00000270dd09f8e0
Event: 19.186 loading class java/util/AbstractCollectionBeanInfo
Event: 19.186 loading class java/util/AbstractCollectionBeanInfo done
Event: 19.187 loading class java/util/AbstractCollectionBeanInfo
Event: 19.187 loading class java/util/AbstractCollectionBeanInfo done
Event: 19.187 loading class java/util/AbstractCollectionCustomizer
Event: 19.187 loading class java/util/AbstractCollectionCustomizer done
Event: 19.188 loading class java/util/AbstractCollectionCustomizer
Event: 19.188 loading class java/util/AbstractCollectionCustomizer done
Event: 19.264 Thread 0x00000270dcc035f0 Thread added: 0x00000270dcc035f0


Dynamic libraries:
0x00007ff790a90000 - 0x00007ff790aa0000 	C:\Program Files\Java\jdk-17\bin\java.exe
0x00007fffefbd0000 - 0x00007fffefdc8000 	C:\Windows\SYSTEM32\ntdll.dll
0x00007fffef550000 - 0x00007fffef60d000 	C:\Windows\System32\KERNEL32.DLL
0x00007fffed730000 - 0x00007fffeda26000 	C:\Windows\System32\KERNELBASE.dll
0x00007fffe5a60000 - 0x00007fffe5af0000 	C:\Windows\SYSTEM32\apphelp.dll
0x00007fffedb10000 - 0x00007fffedc10000 	C:\Windows\System32\ucrtbase.dll
0x00007fffe0590000 - 0x00007fffe05a9000 	C:\Program Files\Java\jdk-17\bin\jli.dll
0x00007fffd0ea0000 - 0x00007fffd0ebb000 	C:\Program Files\Java\jdk-17\bin\VCRUNTIME140.dll
0x00007fffefa60000 - 0x00007fffefb10000 	C:\Windows\System32\ADVAPI32.dll
0x00007fffef610000 - 0x00007fffef6ae000 	C:\Windows\System32\msvcrt.dll
0x00007fffedc10000 - 0x00007fffedcb0000 	C:\Windows\System32\sechost.dll
0x00007fffeee90000 - 0x00007fffeefb3000 	C:\Windows\System32\RPCRT4.dll
0x00007fffed5a0000 - 0x00007fffed5c7000 	C:\Windows\System32\bcrypt.dll
0x00007fffef710000 - 0x00007fffef8af000 	C:\Windows\System32\USER32.dll
0x00007fffeda30000 - 0x00007fffeda52000 	C:\Windows\System32\win32u.dll
0x00007fffd0ab0000 - 0x00007fffd0d4a000 	C:\Windows\WinSxS\amd64_microsoft.windows.common-controls_6595b64144ccf1df_6.0.19041.4355_none_60b8b9eb71f62e16\COMCTL32.dll
0x00007fffeedf0000 - 0x00007fffeee1b000 	C:\Windows\System32\GDI32.dll
0x00007fffed290000 - 0x00007fffed3a7000 	C:\Windows\System32\gdi32full.dll
0x00007fffed5d0000 - 0x00007fffed66d000 	C:\Windows\System32\msvcp_win.dll
0x00007fffe35d0000 - 0x00007fffe35da000 	C:\Windows\SYSTEM32\VERSION.dll
0x00007fffee4f0000 - 0x00007fffee51f000 	C:\Windows\System32\IMM32.DLL
0x00007fffe58c0000 - 0x00007fffe58cc000 	C:\Program Files\Java\jdk-17\bin\vcruntime140_1.dll
0x00007fffaf560000 - 0x00007fffaf5ee000 	C:\Program Files\Java\jdk-17\bin\msvcp140.dll
0x00007fff08700000 - 0x00007fff092df000 	C:\Program Files\Java\jdk-17\bin\server\jvm.dll
0x00007fffeee80000 - 0x00007fffeee88000 	C:\Windows\System32\PSAPI.DLL
0x00007fffc9540000 - 0x00007fffc9549000 	C:\Windows\SYSTEM32\WSOCK32.dll
0x00007fffdd790000 - 0x00007fffdd7b7000 	C:\Windows\SYSTEM32\WINMM.dll
0x00007fffeecf0000 - 0x00007fffeed5b000 	C:\Windows\System32\WS2_32.dll
0x00007fffeb8a0000 - 0x00007fffeb8b2000 	C:\Windows\SYSTEM32\kernel.appcore.dll
0x00007fffe1ee0000 - 0x00007fffe1eea000 	C:\Program Files\Java\jdk-17\bin\jimage.dll
0x00007fffeacd0000 - 0x00007fffeaeb4000 	C:\Windows\SYSTEM32\DBGHELP.DLL
0x00007fffc8d00000 - 0x00007fffc8d34000 	C:\Windows\SYSTEM32\dbgcore.DLL
0x00007fffed3b0000 - 0x00007fffed432000 	C:\Windows\System32\bcryptPrimitives.dll
0x00007fffe1e00000 - 0x00007fffe1e0e000 	C:\Program Files\Java\jdk-17\bin\instrument.dll
0x00007fffce0a0000 - 0x00007fffce0c5000 	C:\Program Files\Java\jdk-17\bin\java.dll
0x00007fffaf440000 - 0x00007fffaf517000 	C:\Program Files\Java\jdk-17\bin\jsvml.dll
0x00007fffedcb0000 - 0x00007fffee41c000 	C:\Windows\System32\SHELL32.dll
0x00007fffeafc0000 - 0x00007fffeb75d000 	C:\Windows\SYSTEM32\windows.storage.dll
0x00007fffee990000 - 0x00007fffeece3000 	C:\Windows\System32\combase.dll
0x00007fffecb60000 - 0x00007fffecb8e000 	C:\Windows\SYSTEM32\Wldp.dll
0x00007fffee420000 - 0x00007fffee4ed000 	C:\Windows\System32\OLEAUT32.dll
0x00007fffee520000 - 0x00007fffee5cd000 	C:\Windows\System32\SHCORE.dll
0x00007fffeee20000 - 0x00007fffeee75000 	C:\Windows\System32\shlwapi.dll
0x00007fffed1c0000 - 0x00007fffed1e4000 	C:\Windows\SYSTEM32\profapi.dll
0x00007fffcdbc0000 - 0x00007fffcdbd8000 	C:\Program Files\Java\jdk-17\bin\zip.dll
0x00007fffce8a0000 - 0x00007fffce8b9000 	C:\Program Files\Java\jdk-17\bin\net.dll
0x00007fffec200000 - 0x00007fffec30a000 	C:\Windows\SYSTEM32\WINHTTP.dll
0x00007fffec940000 - 0x00007fffec9aa000 	C:\Windows\system32\mswsock.dll
0x00007fffce080000 - 0x00007fffce096000 	C:\Program Files\Java\jdk-17\bin\nio.dll
0x00007fffce740000 - 0x00007fffce750000 	C:\Program Files\Java\jdk-17\bin\verify.dll
0x00007fffca1e0000 - 0x00007fffca207000 	C:\Users\d.ngantchou\.gradle\native\c067742578af261105cb4f569cf0c3c89f3d7b1fecec35dd04571415982c5e48\windows-amd64\native-platform.dll
0x00007fffb3dc0000 - 0x00007fffb3f04000 	C:\Users\d.ngantchou\.gradle\native\38dada09dfb8b06ba9b0570ebf7e218e3eb74d4ef43ca46872605cf95ebc2f47\windows-amd64\native-platform-file-events.dll
0x00007fffcf220000 - 0x00007fffcf22a000 	C:\Program Files\Java\jdk-17\bin\management.dll
0x00007fffceef0000 - 0x00007fffceefb000 	C:\Program Files\Java\jdk-17\bin\management_ext.dll
0x00007fffecc10000 - 0x00007fffecc28000 	C:\Windows\SYSTEM32\CRYPTSP.dll
0x00007fffec110000 - 0x00007fffec144000 	C:\Windows\system32\rsaenh.dll
0x00007fffed130000 - 0x00007fffed15e000 	C:\Windows\SYSTEM32\USERENV.dll
0x00007fffecad0000 - 0x00007fffecadc000 	C:\Windows\SYSTEM32\CRYPTBASE.dll
0x00007fffec640000 - 0x00007fffec67b000 	C:\Windows\SYSTEM32\IPHLPAPI.DLL
0x00007fffee780000 - 0x00007fffee788000 	C:\Windows\System32\NSI.dll
0x00007fffe6bb0000 - 0x00007fffe6bc7000 	C:\Windows\SYSTEM32\dhcpcsvc6.DLL
0x00007fffe6b80000 - 0x00007fffe6b9d000 	C:\Windows\SYSTEM32\dhcpcsvc.DLL
0x00007fffec680000 - 0x00007fffec74a000 	C:\Windows\SYSTEM32\DNSAPI.dll
0x00007fffcea90000 - 0x00007fffcea9e000 	C:\Program Files\Java\jdk-17\bin\sunmscapi.dll
0x00007fffed440000 - 0x00007fffed59e000 	C:\Windows\System32\CRYPT32.dll
0x00007fffecd20000 - 0x00007fffecd49000 	C:\Windows\SYSTEM32\ncrypt.dll
0x00007fffecce0000 - 0x00007fffecd1b000 	C:\Windows\SYSTEM32\NTASN1.dll
0x00007fffb0160000 - 0x00007fffb0167000 	C:\Windows\system32\wshunix.dll
0x00007fffc9550000 - 0x00007fffc9567000 	C:\Windows\system32\napinsp.dll
0x00007fffc9490000 - 0x00007fffc94ab000 	C:\Windows\system32\pnrpnsp.dll
0x00007fffe74f0000 - 0x00007fffe7505000 	C:\Windows\system32\wshbth.dll
0x00007fffe6840000 - 0x00007fffe685d000 	C:\Windows\system32\NLAapi.dll
0x00007fffc9470000 - 0x00007fffc9482000 	C:\Windows\System32\winrnr.dll
0x00007fffe34e0000 - 0x00007fffe34ea000 	C:\Windows\System32\rasadhlp.dll
0x00007fffe6b00000 - 0x00007fffe6b80000 	C:\Windows\System32\fwpuclnt.dll

dbghelp: loaded successfully - version: 4.0.5 - missing functions: none
symbol engine: initialized successfully - sym options: 0x614 - pdb path: .;C:\Program Files\Java\jdk-17\bin;C:\Windows\SYSTEM32;C:\Windows\WinSxS\amd64_microsoft.windows.common-controls_6595b64144ccf1df_6.0.19041.4355_none_60b8b9eb71f62e16;C:\Program Files\Java\jdk-17\bin\server;C:\Users\d.ngantchou\.gradle\native\c067742578af261105cb4f569cf0c3c89f3d7b1fecec35dd04571415982c5e48\windows-amd64;C:\Users\d.ngantchou\.gradle\native\38dada09dfb8b06ba9b0570ebf7e218e3eb74d4ef43ca46872605cf95ebc2f47\windows-amd64

VM Arguments:
jvm_args: --add-opens=java.base/java.util=ALL-UNNAMED --add-opens=java.base/java.lang=ALL-UNNAMED --add-opens=java.base/java.lang.invoke=ALL-UNNAMED --add-opens=java.prefs/java.util.prefs=ALL-UNNAMED --add-opens=java.base/java.nio.charset=ALL-UNNAMED --add-opens=java.base/java.net=ALL-UNNAMED --add-opens=java.base/java.util.concurrent.atomic=ALL-UNNAMED -Dfile.encoding=windows-1252 -Duser.country=FR -Duser.language=fr -Duser.variant -javaagent:C:\Users\d.ngantchou\.gradle\wrapper\dists\gradle-8.6-bin\afr5mpiioh2wthjmwnkmdsd5w\gradle-8.6\lib\agents\gradle-instrumentation-agent-8.6.jar 
java_command: org.gradle.launcher.daemon.bootstrap.GradleDaemon 8.6
java_class_path (initial): C:\Users\d.ngantchou\.gradle\wrapper\dists\gradle-8.6-bin\afr5mpiioh2wthjmwnkmdsd5w\gradle-8.6\lib\gradle-launcher-8.6.jar
Launcher Type: SUN_STANDARD

[Global flags]
     intx CICompilerCount                          = 4                                         {product} {ergonomic}
     uint ConcGCThreads                            = 2                                         {product} {ergonomic}
     uint G1ConcRefinementThreads                  = 8                                         {product} {ergonomic}
   size_t G1HeapRegionSize                         = 2097152                                   {product} {ergonomic}
    uintx GCDrainStackTargetSize                   = 64                                        {product} {ergonomic}
   size_t InitialHeapSize                          = 197132288                                 {product} {ergonomic}
   size_t MarkStackSize                            = 4194304                                   {product} {ergonomic}
   size_t MaxHeapSize                              = 3139436544                                {product} {ergonomic}
   size_t MaxNewSize                               = 1883242496                                {product} {ergonomic}
   size_t MinHeapDeltaBytes                        = 2097152                                   {product} {ergonomic}
   size_t MinHeapSize                              = 8388608                                   {product} {ergonomic}
    uintx NonNMethodCodeHeapSize                   = 5839372                                {pd product} {ergonomic}
    uintx NonProfiledCodeHeapSize                  = 122909434                              {pd product} {ergonomic}
    uintx ProfiledCodeHeapSize                     = 122909434                              {pd product} {ergonomic}
    uintx ReservedCodeCacheSize                    = 251658240                              {pd product} {ergonomic}
     bool SegmentedCodeCache                       = true                                      {product} {ergonomic}
   size_t SoftMaxHeapSize                          = 3139436544                             {manageable} {ergonomic}
     bool UseCompressedClassPointers               = true                           {product lp64_product} {ergonomic}
     bool UseCompressedOops                        = true                           {product lp64_product} {ergonomic}
     bool UseG1GC                                  = true                                      {product} {ergonomic}
     bool UseLargePagesIndividualAllocation        = false                                  {pd product} {ergonomic}

Logging:
Log output configuration:
 #0: stdout all=warning uptime,level,tags
 #1: stderr all=off uptime,level,tags

Environment Variables:
JAVA_HOME=C:\Program Files\Java\jdk-17
PATH=C:\Program Files\Common Files\Oracle\Java\javapath;C:\Windows\system32;C:\Windows;C:\Windows\System32\Wbem;C:\Windows\System32\WindowsPowerShell\v1.0\;C:\Windows\System32\OpenSSH\;C:\Program Files\Git\cmd;C:\Program Files\nodejs\;C:\Program Files\Docker\Docker\resources\bin;C:\xampp\php;C:\composer;C:\Program Files\Java\jdk-17\bin;C:\xampp\mysql\bin;C:\Gradle\gradle-8.6\bin;C:\Program Files\Microsoft SQL Server\150\Tools\Binn\;C:\Program Files\Microsoft SQL Server\Client SDK\ODBC\170\Tools\Binn\;C:\Program Files\dotnet\;C:\Users\d.ngantchou\AppData\Local\Microsoft\WindowsApps;;C:\Users\d.ngantchou\AppData\Local\Programs\Microsoft VS Code\bin;C:\Users\d.ngantchou\AppData\Roaming\npm;C:\Users\d.ngantchou\AppData\Roaming\Composer\vendor\bin;C:\Users\d.ngantchou\.dotnet\tools
USERNAME=d.ngantchou
OS=Windows_NT
PROCESSOR_IDENTIFIER=Intel64 Family 6 Model 140 Stepping 1, GenuineIntel



---------------  S Y S T E M  ---------------

OS:
 Windows 10 , 64 bit Build 19041 (10.0.19041.3636)
OS uptime: 4 days 22:10 hours
Hyper-V role detected

CPU: total 8 (initial active 8) (4 cores per cpu, 2 threads per core) family 6 model 140 stepping 1 microcode 0xb6, cx8, cmov, fxsr, ht, mmx, 3dnowpref, sse, sse2, sse3, ssse3, sse4.1, sse4.2, popcnt, lzcnt, tsc, tscinvbit, avx, avx2, aes, erms, clmul, bmi1, bmi2, adx, avx512f, avx512dq, avx512cd, avx512bw, avx512vl, sha, fma, vzeroupper, avx512_vpopcntdq, avx512_vpclmulqdq, avx512_vaes, avx512_vnni, clflush, clflushopt, clwb, avx512_vbmi2, avx512_vbmi, hv

Memory: 4k page, system-wide physical 11968M (591M free)
TotalPageFile size 25904M (AvailPageFile size 4M)
current process WorkingSet (physical memory assigned to process): 306M, peak: 309M
current process commit charge ("private bytes"): 345M, peak: 387M

vm_info: Java HotSpot(TM) 64-Bit Server VM (17.0.10+11-LTS-240) for windows-amd64 JRE (17.0.10+11-LTS-240), built on Dec 19 2023 21:47:25 by "mach5one" with MS VC++ 17.1 (VS2022)

END.
