#
# There is insufficient memory for the Java Runtime Environment to continue.
# Native memory allocation (mmap) failed to map 102760448 bytes for G1 virtual space
# Possible reasons:
#   The system is out of physical RAM or swap space
#   The process is running with CompressedOops enabled, and the Java Heap may be blocking the growth of the native heap
# Possible solutions:
#   Reduce memory load on the system
#   Increase physical memory or swap space
#   Check if swap backing store is full
#   Decrease Java heap size (-Xmx/-Xms)
#   Decrease number of Java threads
#   Decrease Java thread stack sizes (-Xss)
#   Set larger code cache with -XX:ReservedCodeCacheSize=
#   JVM is running with Zero Based Compressed Oops mode in which the Java heap is
#     placed in the first 32GB address space. The Java Heap base address is the
#     maximum limit for the native heap growth. Please use -XX:HeapBaseMinAddress
#     to set the Java Heap base and to place the Java Heap above 32GB virtual address.
# This output file may be truncated or incomplete.
#
#  Out of Memory Error (os_windows.cpp:3548), pid=10792, tid=2764
#
# JRE version: Java(TM) SE Runtime Environment (17.0.10+11) (build 17.0.10+11-LTS-240)
# Java VM: Java HotSpot(TM) 64-Bit Server VM (17.0.10+11-LTS-240, mixed mode, sharing, tiered, compressed oops, compressed class ptrs, g1 gc, windows-amd64)
# No core dump will be written. Minidumps are not enabled by default on client versions of Windows
#

---------------  S U M M A R Y ------------

Command Line: --add-opens=java.base/java.util=ALL-UNNAMED --add-opens=java.base/java.lang=ALL-UNNAMED --add-opens=java.base/java.lang.invoke=ALL-UNNAMED --add-opens=java.prefs/java.util.prefs=ALL-UNNAMED --add-opens=java.base/java.nio.charset=ALL-UNNAMED --add-opens=java.base/java.net=ALL-UNNAMED --add-opens=java.base/java.util.concurrent.atomic=ALL-UNNAMED -Dfile.encoding=windows-1252 -Duser.country=FR -Duser.language=fr -Duser.variant -javaagent:C:\Users\d.ngantchou\.gradle\wrapper\dists\gradle-8.6-bin\afr5mpiioh2wthjmwnkmdsd5w\gradle-8.6\lib\agents\gradle-instrumentation-agent-8.6.jar org.gradle.launcher.daemon.bootstrap.GradleDaemon 8.6

Host: 11th Gen Intel(R) Core(TM) i5-1135G7 @ 2.40GHz, 8 cores, 11G,  Windows 10 , 64 bit Build 19041 (10.0.19041.3636)
Time: Mon Jun 24 19:41:36 2024 Afr. centrale Ouest elapsed time: 25.969588 seconds (0d 0h 0m 25s)

---------------  T H R E A D  ---------------

Current thread (0x000001e4124d8ad0):  VMThread "VM Thread" [stack: 0x0000000b5b200000,0x0000000b5b300000] [id=2764]

Stack: [0x0000000b5b200000,0x0000000b5b300000]
Native frames: (J=compiled Java code, j=interpreted, Vv=VM code, C=native code)
V  [jvm.dll+0x677a5a]
V  [jvm.dll+0x7d8b2d]
V  [jvm.dll+0x7da48e]
V  [jvm.dll+0x7daaf3]
V  [jvm.dll+0x2455ff]
V  [jvm.dll+0x6749b9]
V  [jvm.dll+0x669382]
V  [jvm.dll+0x302e96]
V  [jvm.dll+0x30a416]
V  [jvm.dll+0x359cbe]
V  [jvm.dll+0x359eef]
V  [jvm.dll+0x2d9e88]
V  [jvm.dll+0x2d8295]
V  [jvm.dll+0x2d789c]
V  [jvm.dll+0x31b18b]
V  [jvm.dll+0x7df30b]
V  [jvm.dll+0x7e0044]
V  [jvm.dll+0x7e055d]
V  [jvm.dll+0x7e0934]
V  [jvm.dll+0x7e0a00]
V  [jvm.dll+0x78888a]
V  [jvm.dll+0x676935]
C  [ucrtbase.dll+0x21bb2]
C  [KERNEL32.DLL+0x17344]
C  [ntdll.dll+0x4cc91]

VM_Operation (0x0000000b5caf1960): G1CollectForAllocation, mode: safepoint, requested by thread 0x000001e459f1eee0


---------------  P R O C E S S  ---------------

Threads class SMR info:
_java_thread_list=0x000001e45e61fb20, length=137, elements={
0x000001e46ffc5c40, 0x000001e4124dfe50, 0x000001e4124e0a10, 0x000001e4124f5be0,
0x000001e4124f64b0, 0x000001e4124f8e80, 0x000001e4124f9840, 0x000001e4124fa5e0,
0x000001e4124fc0a0, 0x000001e4124fcaa0, 0x000001e4124c9270, 0x000001e4127f9670,
0x000001e45a420df0, 0x000001e45888f080, 0x000001e45a344f30, 0x000001e4589ed5b0,
0x000001e458de6fe0, 0x000001e459f1e9d0, 0x000001e459f1eee0, 0x000001e459f1daa0,
0x000001e459f1d590, 0x000001e459f1dfb0, 0x000001e459af5330, 0x000001e459af6260,
0x000001e459af2ab0, 0x000001e459af7bb0, 0x000001e459af6770, 0x000001e459af34d0,
0x000001e459af1b80, 0x000001e459af76a0, 0x000001e459af25a0, 0x000001e459af80c0,
0x000001e459af6c80, 0x000001e459af39e0, 0x000001e459af0c50, 0x000001e459af2fc0,
0x000001e459af5d50, 0x000001e459af7190, 0x000001e459af4400, 0x000001e459af85d0,
0x000001e459af4910, 0x000001e459af1160, 0x000001e459af1670, 0x000001e459af5840,
0x000001e45a085c30, 0x000001e45a084d00, 0x000001e45a0842e0, 0x000001e45a0847f0,
0x000001e45a07e7c0, 0x000001e45a0833b0, 0x000001e45a081040, 0x000001e45a082480,
0x000001e45a086140, 0x000001e45a07f6f0, 0x000001e45a083dd0, 0x000001e45a085210,
0x000001e45a080b30, 0x000001e45a082ea0, 0x000001e45a085720, 0x000001e45a07ecd0,
0x000001e45a07f1e0, 0x000001e45a07fc00, 0x000001e45a081550, 0x000001e45a082990,
0x000001e45a080110, 0x000001e45a081f70, 0x000001e45a081a60, 0x000001e45a0838c0,
0x000001e45996c200, 0x000001e459969980, 0x000001e459969e90, 0x000001e45996b7e0,
0x000001e45996a8b0, 0x000001e459969470, 0x000001e45996bcf0, 0x000001e45996adc0,
0x000001e45996c710, 0x000001e45996a3a0, 0x000001e45996cc20, 0x000001e45996ef90,
0x000001e45996b2d0, 0x000001e45996e060, 0x000001e45996d130, 0x000001e45996d640,
0x000001e45996db50, 0x000001e45996e570, 0x000001e45996f9b0, 0x000001e45996ea80,
0x000001e45996f4a0, 0x000001e45996fec0, 0x000001e4599703d0, 0x000001e4599708e0,
0x000001e459970df0, 0x000001e45a85aa90, 0x000001e45a85d310, 0x000001e45a85f680,
0x000001e45a8605b0, 0x000001e45a85d820, 0x000001e45a85afa0, 0x000001e45a85e240,
0x000001e45a8600a0, 0x000001e45a85e750, 0x000001e45a85bed0, 0x000001e45a85ec60,
0x000001e45a85f170, 0x000001e45a860ac0, 0x000001e45a85c8f0, 0x000001e45a8614e0,
0x000001e45a85ce00, 0x000001e45a85b4b0, 0x000001e45a85b9c0, 0x000001e45a860fd0,
0x000001e45a85a070, 0x000001e45a8619f0, 0x000001e45a85a580, 0x000001e45a85c3e0,
0x000001e45c18bfd0, 0x000001e45c18ab90, 0x000001e45c1873e0, 0x000001e45c18b5b0,
0x000001e45c18a170, 0x000001e45c18d410, 0x000001e45c18a680, 0x000001e45c189240,
0x000001e45c18b0a0, 0x000001e45c18bac0, 0x000001e45c1878f0, 0x000001e45c1869c0,
0x000001e45c18c4e0, 0x000001e45c187e00, 0x000001e45c188820, 0x000001e45c18c9f0,
0x000001e45c189750, 0x000001e459ce0cd0, 0x000001e45c188310, 0x000001e45c188d30,
0x000001e45c18de30
}

Java Threads: ( => current thread )
  0x000001e46ffc5c40 JavaThread "main" [_thread_blocked, id=18620, stack(0x0000000b5ac00000,0x0000000b5ad00000)]
  0x000001e4124dfe50 JavaThread "Reference Handler" daemon [_thread_blocked, id=14940, stack(0x0000000b5b300000,0x0000000b5b400000)]
  0x000001e4124e0a10 JavaThread "Finalizer" daemon [_thread_blocked, id=21416, stack(0x0000000b5b400000,0x0000000b5b500000)]
  0x000001e4124f5be0 JavaThread "Signal Dispatcher" daemon [_thread_blocked, id=20868, stack(0x0000000b5b500000,0x0000000b5b600000)]
  0x000001e4124f64b0 JavaThread "Attach Listener" daemon [_thread_blocked, id=8252, stack(0x0000000b5b600000,0x0000000b5b700000)]
  0x000001e4124f8e80 JavaThread "Service Thread" daemon [_thread_blocked, id=14116, stack(0x0000000b5b700000,0x0000000b5b800000)]
  0x000001e4124f9840 JavaThread "Monitor Deflation Thread" daemon [_thread_blocked, id=9324, stack(0x0000000b5b800000,0x0000000b5b900000)]
  0x000001e4124fa5e0 JavaThread "C2 CompilerThread0" daemon [_thread_blocked, id=784, stack(0x0000000b5b900000,0x0000000b5ba00000)]
  0x000001e4124fc0a0 JavaThread "C1 CompilerThread0" daemon [_thread_blocked, id=13772, stack(0x0000000b5ba00000,0x0000000b5bb00000)]
  0x000001e4124fcaa0 JavaThread "Sweeper thread" daemon [_thread_blocked, id=7304, stack(0x0000000b5bb00000,0x0000000b5bc00000)]
  0x000001e4124c9270 JavaThread "Common-Cleaner" daemon [_thread_blocked, id=23876, stack(0x0000000b5bc00000,0x0000000b5bd00000)]
  0x000001e4127f9670 JavaThread "Notification Thread" daemon [_thread_blocked, id=23968, stack(0x0000000b5bd00000,0x0000000b5be00000)]
  0x000001e45a420df0 JavaThread "Daemon health stats" [_thread_blocked, id=23412, stack(0x0000000b5c500000,0x0000000b5c600000)]
  0x000001e45888f080 JavaThread "Incoming local TCP Connector on port 63355" [_thread_in_native, id=15120, stack(0x0000000b5bf00000,0x0000000b5c000000)]
  0x000001e45a344f30 JavaThread "Daemon periodic checks" [_thread_blocked, id=27544, stack(0x0000000b5c600000,0x0000000b5c700000)]
  0x000001e4589ed5b0 JavaThread "Daemon" [_thread_blocked, id=10784, stack(0x0000000b5c700000,0x0000000b5c800000)]
  0x000001e458de6fe0 JavaThread "Handler for socket connection from /127.0.0.1:63355 to /127.0.0.1:63356" [_thread_in_native, id=16228, stack(0x0000000b5c800000,0x0000000b5c900000)]
  0x000001e459f1e9d0 JavaThread "Cancel handler" [_thread_blocked, id=2640, stack(0x0000000b5c900000,0x0000000b5ca00000)]
  0x000001e459f1eee0 JavaThread "Daemon worker" [_thread_blocked, id=12164, stack(0x0000000b5ca00000,0x0000000b5cb00000)]
  0x000001e459f1daa0 JavaThread "Asynchronous log dispatcher for DefaultDaemonConnection: socket connection from /127.0.0.1:63355 to /127.0.0.1:63356" [_thread_blocked, id=24364, stack(0x0000000b5cb00000,0x0000000b5cc00000)]
  0x000001e459f1d590 JavaThread "Stdin handler" [_thread_blocked, id=17400, stack(0x0000000b5cc00000,0x0000000b5cd00000)]
  0x000001e459f1dfb0 JavaThread "Daemon client event forwarder" [_thread_blocked, id=5604, stack(0x0000000b5cd00000,0x0000000b5ce00000)]
  0x000001e459af5330 JavaThread "Cache worker for journal cache (C:\Users\d.ngantchou\.gradle\caches\journal-1)" [_thread_blocked, id=18792, stack(0x0000000b5ce00000,0x0000000b5cf00000)]
  0x000001e459af6260 JavaThread "File lock request listener" [_thread_in_native, id=25940, stack(0x0000000b5cf00000,0x0000000b5d000000)]
  0x000001e459af2ab0 JavaThread "Cache worker for file hash cache (C:\Users\d.ngantchou\.gradle\caches\8.6\fileHashes)" [_thread_blocked, id=9700, stack(0x0000000b5d000000,0x0000000b5d100000)]
  0x000001e459af7bb0 JavaThread "File watcher server" daemon [_thread_blocked, id=24372, stack(0x0000000b5d500000,0x0000000b5d600000)]
  0x000001e459af6770 JavaThread "File watcher consumer" daemon [_thread_blocked, id=22500, stack(0x0000000b5d600000,0x0000000b5d700000)]
  0x000001e459af34d0 JavaThread "Cache worker for checksums cache (C:\xampp\htdocs\lvm\fineract\.gradle\8.6\checksums)" [_thread_blocked, id=24300, stack(0x0000000b5d800000,0x0000000b5d900000)]
  0x000001e459af1b80 JavaThread "Cache worker for file hash cache (C:\xampp\htdocs\lvm\fineract\.gradle\8.6\fileHashes)" [_thread_blocked, id=23220, stack(0x0000000b5d100000,0x0000000b5d200000)]
  0x000001e459af76a0 JavaThread "Cache worker for cache directory md-supplier (C:\Users\d.ngantchou\.gradle\caches\8.6\md-supplier)" [_thread_blocked, id=23864, stack(0x0000000b5d900000,0x0000000b5da00000)]
  0x000001e459af25a0 JavaThread "Cache worker for cache directory md-rule (C:\Users\d.ngantchou\.gradle\caches\8.6\md-rule)" [_thread_blocked, id=7608, stack(0x0000000b5da00000,0x0000000b5db00000)]
  0x000001e459af80c0 JavaThread "Cache worker for file content cache (C:\Users\d.ngantchou\.gradle\caches\8.6\fileContent)" [_thread_blocked, id=19284, stack(0x0000000b5db00000,0x0000000b5dc00000)]
  0x000001e459af6c80 JavaThread "jar transforms" [_thread_blocked, id=25260, stack(0x0000000b5dd00000,0x0000000b5de00000)]
  0x000001e459af39e0 JavaThread "Unconstrained build operations" [_thread_blocked, id=17656, stack(0x0000000b5dc00000,0x0000000b5dd00000)]
  0x000001e459af0c50 JavaThread "jar transforms Thread 2" [_thread_blocked, id=5256, stack(0x0000000b5de00000,0x0000000b5df00000)]
  0x000001e459af2fc0 JavaThread "jar transforms Thread 3" [_thread_blocked, id=13492, stack(0x0000000b5df00000,0x0000000b5e000000)]
  0x000001e459af5d50 JavaThread "Unconstrained build operations Thread 2" [_thread_blocked, id=2416, stack(0x0000000b5e100000,0x0000000b5e200000)]
  0x000001e459af7190 JavaThread "Unconstrained build operations Thread 3" [_thread_blocked, id=5140, stack(0x0000000b5e200000,0x0000000b5e300000)]
  0x000001e459af4400 JavaThread "gradle-enterprise-worker-0" [_thread_blocked, id=17744, stack(0x0000000b5e300000,0x0000000b5e400000)]
  0x000001e459af85d0 JavaThread "gradle-enterprise-background-job-0" daemon [_thread_blocked, id=2528, stack(0x0000000b5e400000,0x0000000b5e500000)]
  0x000001e459af4910 JavaThread "jar transforms Thread 4" [_thread_blocked, id=21620, stack(0x0000000b5e500000,0x0000000b5e600000)]
  0x000001e459af1160 JavaThread "jar transforms Thread 5" [_thread_blocked, id=17456, stack(0x0000000b5e600000,0x0000000b5e700000)]
  0x000001e459af1670 JavaThread "jar transforms Thread 6" [_thread_blocked, id=16908, stack(0x0000000b5e700000,0x0000000b5e800000)]
  0x000001e459af5840 JavaThread "Cache worker for Build Output Cleanup Cache (C:\xampp\htdocs\lvm\fineract\buildSrc\.gradle\buildOutputCleanup)" [_thread_blocked, id=26392, stack(0x0000000b5e800000,0x0000000b5e900000)]
  0x000001e45a085c30 JavaThread "Memory manager" [_thread_blocked, id=23616, stack(0x0000000b5e900000,0x0000000b5ea00000)]
  0x000001e45a084d00 JavaThread "jar transforms Thread 7" [_thread_blocked, id=8116, stack(0x0000000b5ea00000,0x0000000b5eb00000)]
  0x000001e45a0842e0 JavaThread "Unconstrained build operations Thread 4" [_thread_blocked, id=26212, stack(0x0000000b5eb00000,0x0000000b5ec00000)]
  0x000001e45a0847f0 JavaThread "jar transforms Thread 8" [_thread_blocked, id=23916, stack(0x0000000b5ec00000,0x0000000b5ed00000)]
  0x000001e45a07e7c0 JavaThread "included builds" [_thread_blocked, id=13500, stack(0x0000000b5e000000,0x0000000b5e100000)]
  0x000001e45a0833b0 JavaThread "Execution worker" [_thread_blocked, id=22192, stack(0x0000000b5ed00000,0x0000000b5ee00000)]
  0x000001e45a081040 JavaThread "Execution worker Thread 2" [_thread_blocked, id=15348, stack(0x0000000b5ee00000,0x0000000b5ef00000)]
  0x000001e45a082480 JavaThread "Execution worker Thread 3" [_thread_blocked, id=13164, stack(0x0000000b5ef00000,0x0000000b5f000000)]
  0x000001e45a086140 JavaThread "Execution worker Thread 4" [_thread_blocked, id=8788, stack(0x0000000b5f000000,0x0000000b5f100000)]
  0x000001e45a07f6f0 JavaThread "Execution worker Thread 5" [_thread_blocked, id=14452, stack(0x0000000b5f100000,0x0000000b5f200000)]
  0x000001e45a083dd0 JavaThread "Execution worker Thread 6" [_thread_blocked, id=26020, stack(0x0000000b5f200000,0x0000000b5f300000)]
  0x000001e45a085210 JavaThread "Execution worker Thread 7" [_thread_blocked, id=5588, stack(0x0000000b5f300000,0x0000000b5f400000)]
  0x000001e45a080b30 JavaThread "Cache worker for execution history cache (C:\xampp\htdocs\lvm\fineract\buildSrc\.gradle\8.6\executionHistory)" [_thread_blocked, id=13232, stack(0x0000000b5f400000,0x0000000b5f500000)]
  0x000001e45a082ea0 JavaThread "Unconstrained build operations Thread 5" [_thread_blocked, id=18968, stack(0x0000000b5f500000,0x0000000b5f600000)]
  0x000001e45a085720 JavaThread "Unconstrained build operations Thread 6" [_thread_blocked, id=4080, stack(0x0000000b5f600000,0x0000000b5f700000)]
  0x000001e45a07ecd0 JavaThread "Unconstrained build operations Thread 7" [_thread_blocked, id=2080, stack(0x0000000b5f700000,0x0000000b5f800000)]
  0x000001e45a07f1e0 JavaThread "Unconstrained build operations Thread 8" [_thread_blocked, id=11948, stack(0x0000000b5f800000,0x0000000b5f900000)]
  0x000001e45a07fc00 JavaThread "Unconstrained build operations Thread 9" [_thread_blocked, id=6480, stack(0x0000000b5f900000,0x0000000b5fa00000)]
  0x000001e45a081550 JavaThread "Unconstrained build operations Thread 10" [_thread_blocked, id=8640, stack(0x0000000b5fa00000,0x0000000b5fb00000)]
  0x000001e45a082990 JavaThread "Unconstrained build operations Thread 11" [_thread_blocked, id=22516, stack(0x0000000b5fb00000,0x0000000b5fc00000)]
  0x000001e45a080110 JavaThread "Unconstrained build operations Thread 12" [_thread_blocked, id=14424, stack(0x0000000b5fc00000,0x0000000b5fd00000)]
  0x000001e45a081f70 JavaThread "Unconstrained build operations Thread 13" [_thread_blocked, id=16344, stack(0x0000000b5fd00000,0x0000000b5fe00000)]
  0x000001e45a081a60 JavaThread "Unconstrained build operations Thread 14" [_thread_blocked, id=12680, stack(0x0000000b5fe00000,0x0000000b5ff00000)]
  0x000001e45a0838c0 JavaThread "Unconstrained build operations Thread 15" [_thread_blocked, id=18048, stack(0x0000000b5ff00000,0x0000000b60000000)]
  0x000001e45996c200 JavaThread "Unconstrained build operations Thread 16" [_thread_blocked, id=9696, stack(0x0000000b60000000,0x0000000b60100000)]
  0x000001e459969980 JavaThread "Unconstrained build operations Thread 17" [_thread_blocked, id=22388, stack(0x0000000b60100000,0x0000000b60200000)]
  0x000001e459969e90 JavaThread "Unconstrained build operations Thread 18" [_thread_blocked, id=15476, stack(0x0000000b60200000,0x0000000b60300000)]
  0x000001e45996b7e0 JavaThread "Unconstrained build operations Thread 19" [_thread_blocked, id=18936, stack(0x0000000b60300000,0x0000000b60400000)]
  0x000001e45996a8b0 JavaThread "Unconstrained build operations Thread 20" [_thread_blocked, id=10348, stack(0x0000000b60400000,0x0000000b60500000)]
  0x000001e459969470 JavaThread "Unconstrained build operations Thread 21" [_thread_blocked, id=11332, stack(0x0000000b60500000,0x0000000b60600000)]
  0x000001e45996bcf0 JavaThread "Unconstrained build operations Thread 22" [_thread_blocked, id=21944, stack(0x0000000b60600000,0x0000000b60700000)]
  0x000001e45996adc0 JavaThread "Unconstrained build operations Thread 23" [_thread_blocked, id=8864, stack(0x0000000b60700000,0x0000000b60800000)]
  0x000001e45996c710 JavaThread "Unconstrained build operations Thread 24" [_thread_blocked, id=16800, stack(0x0000000b60800000,0x0000000b60900000)]
  0x000001e45996a3a0 JavaThread "Unconstrained build operations Thread 25" [_thread_blocked, id=24936, stack(0x0000000b60900000,0x0000000b60a00000)]
  0x000001e45996cc20 JavaThread "Unconstrained build operations Thread 26" [_thread_blocked, id=6764, stack(0x0000000b60a00000,0x0000000b60b00000)]
  0x000001e45996ef90 JavaThread "Unconstrained build operations Thread 27" [_thread_blocked, id=10588, stack(0x0000000b60b00000,0x0000000b60c00000)]
  0x000001e45996b2d0 JavaThread "Unconstrained build operations Thread 28" [_thread_blocked, id=18280, stack(0x0000000b60c00000,0x0000000b60d00000)]
  0x000001e45996e060 JavaThread "Unconstrained build operations Thread 29" [_thread_blocked, id=21020, stack(0x0000000b60d00000,0x0000000b60e00000)]
  0x000001e45996d130 JavaThread "Unconstrained build operations Thread 30" [_thread_blocked, id=17276, stack(0x0000000b60e00000,0x0000000b60f00000)]
  0x000001e45996d640 JavaThread "Unconstrained build operations Thread 31" [_thread_blocked, id=19372, stack(0x0000000b60f00000,0x0000000b61000000)]
  0x000001e45996db50 JavaThread "Unconstrained build operations Thread 32" [_thread_blocked, id=15524, stack(0x0000000b61000000,0x0000000b61100000)]
  0x000001e45996e570 JavaThread "Unconstrained build operations Thread 33" [_thread_blocked, id=26612, stack(0x0000000b61100000,0x0000000b61200000)]
  0x000001e45996f9b0 JavaThread "Unconstrained build operations Thread 34" [_thread_blocked, id=22912, stack(0x0000000b61200000,0x0000000b61300000)]
  0x000001e45996ea80 JavaThread "Unconstrained build operations Thread 35" [_thread_blocked, id=11112, stack(0x0000000b61300000,0x0000000b61400000)]
  0x000001e45996f4a0 JavaThread "Unconstrained build operations Thread 36" [_thread_blocked, id=10188, stack(0x0000000b61400000,0x0000000b61500000)]
  0x000001e45996fec0 JavaThread "Unconstrained build operations Thread 37" [_thread_blocked, id=14516, stack(0x0000000b61500000,0x0000000b61600000)]
  0x000001e4599703d0 JavaThread "Unconstrained build operations Thread 38" [_thread_blocked, id=25012, stack(0x0000000b61600000,0x0000000b61700000)]
  0x000001e4599708e0 JavaThread "Unconstrained build operations Thread 39" [_thread_blocked, id=17208, stack(0x0000000b61700000,0x0000000b61800000)]
  0x000001e459970df0 JavaThread "Unconstrained build operations Thread 40" [_thread_blocked, id=15568, stack(0x0000000b61800000,0x0000000b61900000)]
  0x000001e45a85aa90 JavaThread "Unconstrained build operations Thread 41" [_thread_blocked, id=19436, stack(0x0000000b61900000,0x0000000b61a00000)]
  0x000001e45a85d310 JavaThread "Unconstrained build operations Thread 42" [_thread_blocked, id=15988, stack(0x0000000b61a00000,0x0000000b61b00000)]
  0x000001e45a85f680 JavaThread "Unconstrained build operations Thread 43" [_thread_blocked, id=3704, stack(0x0000000b61b00000,0x0000000b61c00000)]
  0x000001e45a8605b0 JavaThread "Unconstrained build operations Thread 44" [_thread_blocked, id=20948, stack(0x0000000b61c00000,0x0000000b61d00000)]
  0x000001e45a85d820 JavaThread "Unconstrained build operations Thread 45" [_thread_blocked, id=10324, stack(0x0000000b61d00000,0x0000000b61e00000)]
  0x000001e45a85afa0 JavaThread "Unconstrained build operations Thread 46" [_thread_blocked, id=2036, stack(0x0000000b61e00000,0x0000000b61f00000)]
  0x000001e45a85e240 JavaThread "Unconstrained build operations Thread 47" [_thread_blocked, id=10344, stack(0x0000000b61f00000,0x0000000b62000000)]
  0x000001e45a8600a0 JavaThread "Unconstrained build operations Thread 48" [_thread_blocked, id=7040, stack(0x0000000b62000000,0x0000000b62100000)]
  0x000001e45a85e750 JavaThread "Unconstrained build operations Thread 49" [_thread_blocked, id=2596, stack(0x0000000b62100000,0x0000000b62200000)]
  0x000001e45a85bed0 JavaThread "Unconstrained build operations Thread 50" [_thread_blocked, id=17544, stack(0x0000000b62200000,0x0000000b62300000)]
  0x000001e45a85ec60 JavaThread "Unconstrained build operations Thread 51" [_thread_blocked, id=5136, stack(0x0000000b62300000,0x0000000b62400000)]
  0x000001e45a85f170 JavaThread "Unconstrained build operations Thread 52" [_thread_blocked, id=5020, stack(0x0000000b62400000,0x0000000b62500000)]
  0x000001e45a860ac0 JavaThread "Unconstrained build operations Thread 53" [_thread_blocked, id=23236, stack(0x0000000b62500000,0x0000000b62600000)]
  0x000001e45a85c8f0 JavaThread "Unconstrained build operations Thread 54" [_thread_blocked, id=14264, stack(0x0000000b62600000,0x0000000b62700000)]
  0x000001e45a8614e0 JavaThread "Unconstrained build operations Thread 55" [_thread_blocked, id=9904, stack(0x0000000b62700000,0x0000000b62800000)]
  0x000001e45a85ce00 JavaThread "Unconstrained build operations Thread 56" [_thread_blocked, id=26264, stack(0x0000000b62800000,0x0000000b62900000)]
  0x000001e45a85b4b0 JavaThread "Unconstrained build operations Thread 57" [_thread_blocked, id=23680, stack(0x0000000b62900000,0x0000000b62a00000)]
  0x000001e45a85b9c0 JavaThread "Unconstrained build operations Thread 58" [_thread_blocked, id=21284, stack(0x0000000b62a00000,0x0000000b62b00000)]
  0x000001e45a860fd0 JavaThread "Unconstrained build operations Thread 59" [_thread_blocked, id=20224, stack(0x0000000b62b00000,0x0000000b62c00000)]
  0x000001e45a85a070 JavaThread "Unconstrained build operations Thread 60" [_thread_blocked, id=14312, stack(0x0000000b62c00000,0x0000000b62d00000)]
  0x000001e45a8619f0 JavaThread "Unconstrained build operations Thread 61" [_thread_blocked, id=24896, stack(0x0000000b62d00000,0x0000000b62e00000)]
  0x000001e45a85a580 JavaThread "Unconstrained build operations Thread 62" [_thread_blocked, id=25104, stack(0x0000000b62e00000,0x0000000b62f00000)]
  0x000001e45a85c3e0 JavaThread "Unconstrained build operations Thread 63" [_thread_blocked, id=17976, stack(0x0000000b62f00000,0x0000000b63000000)]
  0x000001e45c18bfd0 JavaThread "Unconstrained build operations Thread 64" [_thread_blocked, id=21012, stack(0x0000000b63000000,0x0000000b63100000)]
  0x000001e45c18ab90 JavaThread "Unconstrained build operations Thread 65" [_thread_blocked, id=16140, stack(0x0000000b63100000,0x0000000b63200000)]
  0x000001e45c1873e0 JavaThread "Unconstrained build operations Thread 66" [_thread_blocked, id=3296, stack(0x0000000b63200000,0x0000000b63300000)]
  0x000001e45c18b5b0 JavaThread "Unconstrained build operations Thread 67" [_thread_blocked, id=16224, stack(0x0000000b63300000,0x0000000b63400000)]
  0x000001e45c18a170 JavaThread "Unconstrained build operations Thread 68" [_thread_blocked, id=21772, stack(0x0000000b63400000,0x0000000b63500000)]
  0x000001e45c18d410 JavaThread "Unconstrained build operations Thread 69" [_thread_blocked, id=21468, stack(0x0000000b63500000,0x0000000b63600000)]
  0x000001e45c18a680 JavaThread "Unconstrained build operations Thread 70" [_thread_blocked, id=12776, stack(0x0000000b63600000,0x0000000b63700000)]
  0x000001e45c189240 JavaThread "Unconstrained build operations Thread 71" [_thread_blocked, id=25536, stack(0x0000000b63700000,0x0000000b63800000)]
  0x000001e45c18b0a0 JavaThread "Unconstrained build operations Thread 72" [_thread_blocked, id=11936, stack(0x0000000b63800000,0x0000000b63900000)]
  0x000001e45c18bac0 JavaThread "Unconstrained build operations Thread 73" [_thread_blocked, id=25256, stack(0x0000000b63900000,0x0000000b63a00000)]
  0x000001e45c1878f0 JavaThread "Unconstrained build operations Thread 74" [_thread_blocked, id=8684, stack(0x0000000b63a00000,0x0000000b63b00000)]
  0x000001e45c1869c0 JavaThread "Unconstrained build operations Thread 75" [_thread_blocked, id=21096, stack(0x0000000b63b00000,0x0000000b63c00000)]
  0x000001e45c18c4e0 JavaThread "Unconstrained build operations Thread 76" [_thread_blocked, id=10352, stack(0x0000000b63c00000,0x0000000b63d00000)]
  0x000001e45c187e00 JavaThread "Unconstrained build operations Thread 77" [_thread_blocked, id=17816, stack(0x0000000b63d00000,0x0000000b63e00000)]
  0x000001e45c188820 JavaThread "Unconstrained build operations Thread 78" [_thread_blocked, id=11840, stack(0x0000000b63e00000,0x0000000b63f00000)]
  0x000001e45c18c9f0 JavaThread "Unconstrained build operations Thread 79" [_thread_blocked, id=13004, stack(0x0000000b63f00000,0x0000000b64000000)]
  0x000001e45c189750 JavaThread "Unconstrained build operations Thread 80" [_thread_blocked, id=8652, stack(0x0000000b64000000,0x0000000b64100000)]
  0x000001e459ce0cd0 JavaThread "C2 CompilerThread1" daemon [_thread_blocked, id=14864, stack(0x0000000b5c000000,0x0000000b5c100000)]
  0x000001e45c188310 JavaThread "Cache worker for Build Output Cleanup Cache (C:\xampp\htdocs\lvm\fineract\.gradle\buildOutputCleanup)" [_thread_blocked, id=15340, stack(0x0000000b64100000,0x0000000b64200000)]
  0x000001e45c188d30 JavaThread "JGit-FileStoreAttributeReader-1" daemon [_thread_blocked, id=7336, stack(0x0000000b64200000,0x0000000b64300000)]
  0x000001e45c18de30 JavaThread "build event listener" [_thread_blocked, id=10492, stack(0x0000000b64300000,0x0000000b64400000)]

Other Threads:
=>0x000001e4124d8ad0 VMThread "VM Thread" [stack: 0x0000000b5b200000,0x0000000b5b300000] [id=2764]
  0x000001e4128b2d10 WatcherThread [stack: 0x0000000b5be00000,0x0000000b5bf00000] [id=9248]
  0x000001e47001c420 GCTaskThread "GC Thread#0" [stack: 0x0000000b5ad00000,0x0000000b5ae00000] [id=7700]
  0x000001e458a43720 GCTaskThread "GC Thread#1" [stack: 0x0000000b5c100000,0x0000000b5c200000] [id=3136]
  0x000001e458a439e0 GCTaskThread "GC Thread#2" [stack: 0x0000000b5c200000,0x0000000b5c300000] [id=27388]
  0x000001e458a43ca0 GCTaskThread "GC Thread#3" [stack: 0x0000000b5c300000,0x0000000b5c400000] [id=26076]
  0x000001e412931a50 GCTaskThread "GC Thread#4" [stack: 0x0000000b5c400000,0x0000000b5c500000] [id=18484]
  0x000001e45aeca010 GCTaskThread "GC Thread#5" [stack: 0x0000000b5d200000,0x0000000b5d300000] [id=27444]
  0x000001e45b609cf0 GCTaskThread "GC Thread#6" [stack: 0x0000000b5d300000,0x0000000b5d400000] [id=11872]
  0x000001e45b296d90 GCTaskThread "GC Thread#7" [stack: 0x0000000b5d400000,0x0000000b5d500000] [id=4160]
  0x000001e470028e80 ConcurrentGCThread "G1 Main Marker" [stack: 0x0000000b5ae00000,0x0000000b5af00000] [id=23252]
  0x000001e470029890 ConcurrentGCThread "G1 Conc#0" [stack: 0x0000000b5af00000,0x0000000b5b000000] [id=27460]
  0x000001e45b31fe30 ConcurrentGCThread "G1 Conc#1" [stack: 0x0000000b5d700000,0x0000000b5d800000] [id=5420]
  0x000001e47008ead0 ConcurrentGCThread "G1 Refine#0" [stack: 0x0000000b5b000000,0x0000000b5b100000] [id=23144]
  0x000001e412396700 ConcurrentGCThread "G1 Service" [stack: 0x0000000b5b100000,0x0000000b5b200000] [id=23028]

Threads with active compile tasks:
C2 CompilerThread0    26019 12234       4       com.google.common.collect.ImmutableSet$Builder::add (31 bytes)
C2 CompilerThread1    26020 12240       4       java.lang.Class::getMethodsRecursive (99 bytes)

VM state: at safepoint (normal execution)

VM Mutex/Monitor currently owned by a thread:  ([mutex/lock_event])
[0x000001e46ffc19c0] Threads_lock - owner thread: 0x000001e4124d8ad0
[0x000001e46ffc07c0] Heap_lock - owner thread: 0x000001e459f1eee0

Heap address: 0x0000000744e00000, size: 2994 MB, Compressed Oops mode: Zero based, Oop shift amount: 3

CDS archive(s) mapped at: [0x000001e413000000-0x000001e413bd0000-0x000001e413bd0000), size 12386304, SharedBaseAddress: 0x000001e413000000, ArchiveRelocationMode: 1.
Compressed class space mapped at: 0x000001e414000000-0x000001e454000000, reserved size: 1073741824
Narrow klass base: 0x000001e413000000, Narrow klass shift: 0, Narrow klass range: 0x100000000

GC Precious Log:
 CPUs: 8 total, 8 available
 Memory: 11968M
 Large Page Support: Disabled
 NUMA Support: Disabled
 Compressed Oops: Enabled (Zero based)
 Heap Region Size: 2M
 Heap Min Capacity: 8M
 Heap Initial Capacity: 188M
 Heap Max Capacity: 2994M
 Pre-touch: Disabled
 Parallel Workers: 8
 Concurrent Workers: 2
 Concurrent Refinement Workers: 8
 Periodic GC: Disabled

Heap:
 garbage-first heap   total 192512K, used 94383K [0x0000000744e00000, 0x0000000800000000)
  region size 2048K, 3 young (6144K), 3 survivors (6144K)
 Metaspace       used 70834K, committed 71872K, reserved 1114112K
  class space    used 10063K, committed 10560K, reserved 1048576K

Heap Regions: E=young(eden), S=young(survivor), O=old, HS=humongous(starts), HC=humongous(continues), CS=collection set, F=free, OA=open archive, CA=closed archive, TAMS=top-at-mark-start (previous, next)
|   0|0x0000000744e00000, 0x0000000745000000, 0x0000000745000000|100%|HS|  |TAMS 0x0000000745000000, 0x0000000745000000| Complete 
|   1|0x0000000745000000, 0x0000000745200000, 0x0000000745200000|100%|HC|  |TAMS 0x0000000745200000, 0x0000000745200000| Complete 
|   2|0x0000000745200000, 0x0000000745400000, 0x0000000745400000|100%| O|  |TAMS 0x0000000745400000, 0x0000000745400000| Untracked 
|   3|0x0000000745400000, 0x0000000745600000, 0x0000000745600000|100%| O|  |TAMS 0x0000000745600000, 0x0000000745600000| Untracked 
|   4|0x0000000745600000, 0x0000000745800000, 0x0000000745800000|100%| O|  |TAMS 0x0000000745800000, 0x0000000745800000| Untracked 
|   5|0x0000000745800000, 0x0000000745a00000, 0x0000000745a00000|100%| O|  |TAMS 0x0000000745a00000, 0x0000000745a00000| Untracked 
|   6|0x0000000745a00000, 0x0000000745c00000, 0x0000000745c00000|100%| O|  |TAMS 0x0000000745c00000, 0x0000000745c00000| Untracked 
|   7|0x0000000745c00000, 0x0000000745e00000, 0x0000000745e00000|100%| O|  |TAMS 0x0000000745e00000, 0x0000000745e00000| Untracked 
|   8|0x0000000745e00000, 0x0000000746000000, 0x0000000746000000|100%| O|  |TAMS 0x0000000746000000, 0x0000000746000000| Untracked 
|   9|0x0000000746000000, 0x0000000746200000, 0x0000000746200000|100%| O|  |TAMS 0x0000000746200000, 0x0000000746200000| Untracked 
|  10|0x0000000746200000, 0x0000000746400000, 0x0000000746400000|100%| O|  |TAMS 0x0000000746400000, 0x0000000746400000| Untracked 
|  11|0x0000000746400000, 0x0000000746600000, 0x0000000746600000|100%| O|  |TAMS 0x0000000746600000, 0x0000000746600000| Untracked 
|  12|0x0000000746600000, 0x0000000746800000, 0x0000000746800000|100%| O|  |TAMS 0x0000000746800000, 0x0000000746800000| Untracked 
|  13|0x0000000746800000, 0x0000000746a00000, 0x0000000746a00000|100%| O|  |TAMS 0x0000000746a00000, 0x0000000746a00000| Untracked 
|  14|0x0000000746a00000, 0x0000000746c00000, 0x0000000746c00000|100%| O|  |TAMS 0x0000000746c00000, 0x0000000746c00000| Untracked 
|  15|0x0000000746c00000, 0x0000000746e00000, 0x0000000746e00000|100%| O|  |TAMS 0x0000000746e00000, 0x0000000746e00000| Untracked 
|  16|0x0000000746e00000, 0x0000000747000000, 0x0000000747000000|100%| O|  |TAMS 0x0000000747000000, 0x0000000747000000| Untracked 
|  17|0x0000000747000000, 0x0000000747200000, 0x0000000747200000|100%| O|  |TAMS 0x0000000747200000, 0x0000000747200000| Untracked 
|  18|0x0000000747200000, 0x0000000747400000, 0x0000000747400000|100%| O|  |TAMS 0x0000000747400000, 0x0000000747400000| Untracked 
|  19|0x0000000747400000, 0x0000000747600000, 0x0000000747600000|100%| O|  |TAMS 0x0000000747600000, 0x0000000747600000| Untracked 
|  20|0x0000000747600000, 0x0000000747800000, 0x0000000747800000|100%| O|  |TAMS 0x0000000747800000, 0x0000000747800000| Untracked 
|  21|0x0000000747800000, 0x0000000747a00000, 0x0000000747a00000|100%| O|  |TAMS 0x0000000747a00000, 0x0000000747a00000| Untracked 
|  22|0x0000000747a00000, 0x0000000747c00000, 0x0000000747c00000|100%| O|  |TAMS 0x0000000747c00000, 0x0000000747c00000| Untracked 
|  23|0x0000000747c00000, 0x0000000747e00000, 0x0000000747e00000|100%| O|  |TAMS 0x0000000747e00000, 0x0000000747e00000| Untracked 
|  24|0x0000000747e00000, 0x0000000748000000, 0x0000000748000000|100%| O|  |TAMS 0x0000000748000000, 0x0000000748000000| Untracked 
|  25|0x0000000748000000, 0x0000000748200000, 0x0000000748200000|100%| O|  |TAMS 0x0000000748200000, 0x0000000748200000| Untracked 
|  26|0x0000000748200000, 0x0000000748400000, 0x0000000748400000|100%| O|  |TAMS 0x0000000748400000, 0x0000000748400000| Untracked 
|  27|0x0000000748400000, 0x0000000748600000, 0x0000000748600000|100%| O|  |TAMS 0x0000000748600000, 0x0000000748600000| Untracked 
|  28|0x0000000748600000, 0x0000000748800000, 0x0000000748800000|100%| O|  |TAMS 0x0000000748800000, 0x0000000748800000| Untracked 
|  29|0x0000000748800000, 0x0000000748a00000, 0x0000000748a00000|100%| O|  |TAMS 0x0000000748a00000, 0x0000000748a00000| Untracked 
|  30|0x0000000748a00000, 0x0000000748c00000, 0x0000000748c00000|100%| O|  |TAMS 0x0000000748c00000, 0x0000000748c00000| Untracked 
|  31|0x0000000748c00000, 0x0000000748e00000, 0x0000000748e00000|100%| O|  |TAMS 0x0000000748e00000, 0x0000000748e00000| Untracked 
|  32|0x0000000748e00000, 0x0000000749000000, 0x0000000749000000|100%| O|  |TAMS 0x0000000749000000, 0x0000000749000000| Untracked 
|  33|0x0000000749000000, 0x0000000749200000, 0x0000000749200000|100%| O|  |TAMS 0x0000000749200000, 0x0000000749200000| Untracked 
|  34|0x0000000749200000, 0x0000000749400000, 0x0000000749400000|100%| O|  |TAMS 0x0000000749400000, 0x0000000749400000| Untracked 
|  35|0x0000000749400000, 0x0000000749600000, 0x0000000749600000|100%| O|  |TAMS 0x0000000749600000, 0x0000000749600000| Untracked 
|  36|0x0000000749600000, 0x0000000749800000, 0x0000000749800000|100%| O|  |TAMS 0x0000000749800000, 0x0000000749800000| Untracked 
|  37|0x0000000749800000, 0x0000000749a00000, 0x0000000749a00000|100%| O|  |TAMS 0x0000000749a00000, 0x0000000749a00000| Untracked 
|  38|0x0000000749a00000, 0x0000000749c00000, 0x0000000749c00000|100%| O|  |TAMS 0x0000000749a1f000, 0x0000000749c00000| Untracked 
|  39|0x0000000749c00000, 0x0000000749e00000, 0x0000000749e00000|100%| O|  |TAMS 0x0000000749c00000, 0x0000000749e00000| Untracked 
|  40|0x0000000749e00000, 0x000000074a000000, 0x000000074a000000|100%| O|  |TAMS 0x0000000749e00000, 0x000000074a000000| Untracked 
|  41|0x000000074a000000, 0x000000074a200000, 0x000000074a200000|100%| O|  |TAMS 0x000000074a000000, 0x000000074a200000| Untracked 
|  42|0x000000074a200000, 0x000000074a400000, 0x000000074a400000|100%| O|  |TAMS 0x000000074a200000, 0x000000074a22d600| Untracked 
|  43|0x000000074a400000, 0x000000074a42be00, 0x000000074a600000|  8%| O|  |TAMS 0x000000074a400000, 0x000000074a400000| Untracked 
|  44|0x000000074a600000, 0x000000074a600000, 0x000000074a800000|  0%| F|  |TAMS 0x000000074a600000, 0x000000074a600000| Untracked 
|  45|0x000000074a800000, 0x000000074a800000, 0x000000074aa00000|  0%| F|  |TAMS 0x000000074a800000, 0x000000074a800000| Untracked 
|  46|0x000000074aa00000, 0x000000074aa00000, 0x000000074ac00000|  0%| F|  |TAMS 0x000000074aa00000, 0x000000074aa00000| Untracked 
|  47|0x000000074ac00000, 0x000000074ac00000, 0x000000074ae00000|  0%| F|  |TAMS 0x000000074ac00000, 0x000000074ac00000| Untracked 
|  48|0x000000074ae00000, 0x000000074ae00000, 0x000000074b000000|  0%| F|  |TAMS 0x000000074ae00000, 0x000000074ae00000| Untracked 
|  49|0x000000074b000000, 0x000000074b000000, 0x000000074b200000|  0%| F|  |TAMS 0x000000074b000000, 0x000000074b000000| Untracked 
|  50|0x000000074b200000, 0x000000074b200000, 0x000000074b400000|  0%| F|  |TAMS 0x000000074b200000, 0x000000074b200000| Untracked 
|  51|0x000000074b400000, 0x000000074b400000, 0x000000074b600000|  0%| F|  |TAMS 0x000000074b400000, 0x000000074b400000| Untracked 
|  52|0x000000074b600000, 0x000000074b600000, 0x000000074b800000|  0%| F|  |TAMS 0x000000074b600000, 0x000000074b600000| Untracked 
|  53|0x000000074b800000, 0x000000074b800000, 0x000000074ba00000|  0%| F|  |TAMS 0x000000074b800000, 0x000000074b800000| Untracked 
|  54|0x000000074ba00000, 0x000000074ba00000, 0x000000074bc00000|  0%| F|  |TAMS 0x000000074ba00000, 0x000000074ba00000| Untracked 
|  55|0x000000074bc00000, 0x000000074bc00000, 0x000000074be00000|  0%| F|  |TAMS 0x000000074bc00000, 0x000000074bc00000| Untracked 
|  56|0x000000074be00000, 0x000000074be00000, 0x000000074c000000|  0%| F|  |TAMS 0x000000074be00000, 0x000000074be00000| Untracked 
|  57|0x000000074c000000, 0x000000074c200000, 0x000000074c200000|100%| S|CS|TAMS 0x000000074c000000, 0x000000074c000000| Complete 
|  58|0x000000074c200000, 0x000000074c400000, 0x000000074c400000|100%| S|CS|TAMS 0x000000074c200000, 0x000000074c200000| Complete 
|  59|0x000000074c400000, 0x000000074c600000, 0x000000074c600000|100%| S|CS|TAMS 0x000000074c400000, 0x000000074c400000| Complete 
|  60|0x000000074c600000, 0x000000074c600000, 0x000000074c800000|  0%| F|  |TAMS 0x000000074c600000, 0x000000074c600000| Untracked 
|  61|0x000000074c800000, 0x000000074c800000, 0x000000074ca00000|  0%| F|  |TAMS 0x000000074c800000, 0x000000074c800000| Untracked 
|  62|0x000000074ca00000, 0x000000074ca00000, 0x000000074cc00000|  0%| F|  |TAMS 0x000000074ca00000, 0x000000074ca00000| Untracked 
|  63|0x000000074cc00000, 0x000000074cc00000, 0x000000074ce00000|  0%| F|  |TAMS 0x000000074cc00000, 0x000000074cc00000| Untracked 
|  64|0x000000074ce00000, 0x000000074ce00000, 0x000000074d000000|  0%| F|  |TAMS 0x000000074ce00000, 0x000000074ce00000| Untracked 
|  65|0x000000074d000000, 0x000000074d000000, 0x000000074d200000|  0%| F|  |TAMS 0x000000074d000000, 0x000000074d000000| Untracked 
|  66|0x000000074d200000, 0x000000074d200000, 0x000000074d400000|  0%| F|  |TAMS 0x000000074d200000, 0x000000074d200000| Untracked 
|  67|0x000000074d400000, 0x000000074d400000, 0x000000074d600000|  0%| F|  |TAMS 0x000000074d400000, 0x000000074d400000| Untracked 
|  68|0x000000074d600000, 0x000000074d600000, 0x000000074d800000|  0%| F|  |TAMS 0x000000074d600000, 0x000000074d600000| Untracked 
|  69|0x000000074d800000, 0x000000074d800000, 0x000000074da00000|  0%| F|  |TAMS 0x000000074d800000, 0x000000074d800000| Untracked 
|  70|0x000000074da00000, 0x000000074da00000, 0x000000074dc00000|  0%| F|  |TAMS 0x000000074da00000, 0x000000074da00000| Untracked 
|  71|0x000000074dc00000, 0x000000074dc00000, 0x000000074de00000|  0%| F|  |TAMS 0x000000074dc00000, 0x000000074dc00000| Untracked 
|  72|0x000000074de00000, 0x000000074de00000, 0x000000074e000000|  0%| F|  |TAMS 0x000000074de00000, 0x000000074de00000| Untracked 
|  73|0x000000074e000000, 0x000000074e000000, 0x000000074e200000|  0%| F|  |TAMS 0x000000074e000000, 0x000000074e000000| Untracked 
|  74|0x000000074e200000, 0x000000074e200000, 0x000000074e400000|  0%| F|  |TAMS 0x000000074e200000, 0x000000074e200000| Untracked 
|  75|0x000000074e400000, 0x000000074e400000, 0x000000074e600000|  0%| F|  |TAMS 0x000000074e400000, 0x000000074e400000| Untracked 
|  76|0x000000074e600000, 0x000000074e600000, 0x000000074e800000|  0%| F|  |TAMS 0x000000074e600000, 0x000000074e600000| Untracked 
|  77|0x000000074e800000, 0x000000074e800000, 0x000000074ea00000|  0%| F|  |TAMS 0x000000074e800000, 0x000000074e800000| Untracked 
|  78|0x000000074ea00000, 0x000000074ea00000, 0x000000074ec00000|  0%| F|  |TAMS 0x000000074ea00000, 0x000000074ea00000| Untracked 
|  79|0x000000074ec00000, 0x000000074ec00000, 0x000000074ee00000|  0%| F|  |TAMS 0x000000074ec00000, 0x000000074ec00000| Untracked 
|  80|0x000000074ee00000, 0x000000074ee00000, 0x000000074f000000|  0%| F|  |TAMS 0x000000074ee00000, 0x000000074ee00000| Untracked 
|  81|0x000000074f000000, 0x000000074f000000, 0x000000074f200000|  0%| F|  |TAMS 0x000000074f000000, 0x000000074f000000| Untracked 
|  82|0x000000074f200000, 0x000000074f200000, 0x000000074f400000|  0%| F|  |TAMS 0x000000074f200000, 0x000000074f200000| Untracked 
|  83|0x000000074f400000, 0x000000074f400000, 0x000000074f600000|  0%| F|  |TAMS 0x000000074f400000, 0x000000074f400000| Untracked 
|  84|0x000000074f600000, 0x000000074f600000, 0x000000074f800000|  0%| F|  |TAMS 0x000000074f600000, 0x000000074f600000| Untracked 
|  85|0x000000074f800000, 0x000000074f800000, 0x000000074fa00000|  0%| F|  |TAMS 0x000000074f800000, 0x000000074f800000| Untracked 
|  86|0x000000074fa00000, 0x000000074fa00000, 0x000000074fc00000|  0%| F|  |TAMS 0x000000074fa00000, 0x000000074fa00000| Untracked 
|  87|0x000000074fc00000, 0x000000074fc00000, 0x000000074fe00000|  0%| F|  |TAMS 0x000000074fc00000, 0x000000074fc00000| Untracked 
|  88|0x000000074fe00000, 0x000000074fe00000, 0x0000000750000000|  0%| F|  |TAMS 0x000000074fe00000, 0x000000074fe00000| Untracked 
|  89|0x0000000750000000, 0x0000000750000000, 0x0000000750200000|  0%| F|  |TAMS 0x0000000750000000, 0x0000000750000000| Untracked 
|  90|0x0000000750200000, 0x0000000750200000, 0x0000000750400000|  0%| F|  |TAMS 0x0000000750200000, 0x0000000750200000| Untracked 
|  91|0x0000000750400000, 0x0000000750400000, 0x0000000750600000|  0%| F|  |TAMS 0x0000000750400000, 0x0000000750400000| Untracked 
|  92|0x0000000750600000, 0x0000000750600000, 0x0000000750800000|  0%| F|  |TAMS 0x0000000750600000, 0x0000000750600000| Untracked 
|  93|0x0000000750800000, 0x0000000750800000, 0x0000000750a00000|  0%| F|  |TAMS 0x0000000750800000, 0x0000000750800000| Untracked 

Card table byte_map: [0x000001e47a0b0000,0x000001e47a690000] _byte_map_base: 0x000001e476689000

Marking Bits (Prev, Next): (CMBitMap*) 0x000001e47001ca40, (CMBitMap*) 0x000001e47001ca80
 Prev Bits: [0x000001e47ac70000, 0x000001e47db38000)
 Next Bits: [0x000001e40f000000, 0x000001e411ec8000)

Polling page: 0x000001e46fe80000

Metaspace:

Usage:
  Non-class:     59.35 MB used.
      Class:      9.83 MB used.
       Both:     69.17 MB used.

Virtual space:
  Non-class space:       64.00 MB reserved,      59.88 MB ( 94%) committed,  1 nodes.
      Class space:        1.00 GB reserved,      10.31 MB (  1%) committed,  1 nodes.
             Both:        1.06 GB reserved,      70.19 MB (  6%) committed. 

Chunk freelists:
   Non-Class:  3.39 MB
       Class:  5.71 MB
        Both:  9.10 MB

MaxMetaspaceSize: unlimited
CompressedClassSpaceSize: 1.00 GB
Initial GC threshold: 21.00 MB
Current GC threshold: 113.25 MB
CDS: on
MetaspaceReclaimPolicy: balanced
 - commit_granule_bytes: 65536.
 - commit_granule_words: 8192.
 - virtual_space_node_default_size: 8388608.
 - enlarge_chunks_in_place: 1.
 - new_chunks_are_fully_committed: 0.
 - uncommit_free_chunks: 1.
 - use_allocation_guard: 0.
 - handle_deallocations: 1.


Internal statistics:

num_allocs_failed_limit: 9.
num_arena_births: 1288.
num_arena_deaths: 0.
num_vsnodes_births: 2.
num_vsnodes_deaths: 0.
num_space_committed: 1123.
num_space_uncommitted: 0.
num_chunks_returned_to_freelist: 9.
num_chunks_taken_from_freelist: 4548.
num_chunk_merges: 9.
num_chunk_splits: 2769.
num_chunks_enlarged: 1596.
num_inconsistent_stats: 0.

CodeHeap 'non-profiled nmethods': size=120000Kb used=5616Kb max_used=5667Kb free=114383Kb
 bounds [0x000001e407ad0000, 0x000001e408090000, 0x000001e40f000000]
CodeHeap 'profiled nmethods': size=120000Kb used=20934Kb max_used=21030Kb free=99065Kb
 bounds [0x000001e400000000, 0x000001e401490000, 0x000001e407530000]
CodeHeap 'non-nmethods': size=5760Kb used=2394Kb max_used=2499Kb free=3365Kb
 bounds [0x000001e407530000, 0x000001e4077c0000, 0x000001e407ad0000]
 total_blobs=11606 nmethods=10696 adapters=820
 compilation: enabled
              stopped_count=0, restarted_count=0
 full_count=0

Compilation events (20 events):
Event: 25.873 Thread 0x000001e4124fc0a0 12251       3       org.gradle.api.internal.artifacts.configurations.DefaultConfiguration::<init> (721 bytes)
Event: 25.886 Thread 0x000001e4124fc0a0 nmethod 12251 0x000001e400b93a10 code [0x000001e400b94400, 0x000001e400b9c9d8]
Event: 25.886 Thread 0x000001e4124fc0a0 12252       3       org.gradle.api.internal.artifacts.configurations.DefaultConfiguration$$Lambda$598/0x000001e4144d5540::<init> (10 bytes)
Event: 25.887 Thread 0x000001e4124fc0a0 nmethod 12252 0x000001e400a6e990 code [0x000001e400a6eb20, 0x000001e400a6ecd8]
Event: 25.887 Thread 0x000001e4124fc0a0 12254   !   3       org.gradle.internal.event.DefaultListenerManager$EventBroadcast::getBroadcaster (56 bytes)
Event: 25.887 Thread 0x000001e4124fc0a0 nmethod 12254 0x000001e400a6e190 code [0x000001e400a6e340, 0x000001e400a6e7a8]
Event: 25.903 Thread 0x000001e4124fc0a0 12255       3       org.gradle.internal.instantiation.generator.AsmBackedClassGenerator$ClassBuilderImpl::addConventionSetter (58 bytes)
Event: 25.904 Thread 0x000001e4124fc0a0 nmethod 12255 0x000001e400a6cf90 code [0x000001e400a6d200, 0x000001e400a6dd58]
Event: 25.905 Thread 0x000001e4124fc0a0 12256       3       org.gradle.internal.instantiation.generator.AsmBackedClassGenerator$ClassBuilderImpl::lambda$addSetMethod$37 (15 bytes)
Event: 25.905 Thread 0x000001e4124fc0a0 nmethod 12256 0x000001e400a6cb10 code [0x000001e400a6ccc0, 0x000001e400a6ce88]
Event: 25.919 Thread 0x000001e4124fc0a0 12257       2       java.util.Arrays::binarySearch0 (95 bytes)
Event: 25.920 Thread 0x000001e4124fc0a0 nmethod 12257 0x000001e400a6c510 code [0x000001e400a6c6e0, 0x000001e400a6c978]
Event: 25.920 Thread 0x000001e4124fc0a0 12258       3       groovy.lang.MetaClassImpl$1MOPIter::methodNameAction (325 bytes)
Event: 25.923 Thread 0x000001e4124fc0a0 nmethod 12258 0x000001e400a69d90 code [0x000001e400a6a160, 0x000001e400a6bd98]
Event: 25.925 Thread 0x000001e459ce0cd0 nmethod 11449 0x000001e407b74b90 code [0x000001e407b74fe0, 0x000001e407b78430]
Event: 25.926 Thread 0x000001e459ce0cd0 12240       4       java.lang.Class::getMethodsRecursive (99 bytes)
Event: 25.937 Thread 0x000001e4124fa5e0 nmethod 11442 0x000001e407c81e10 code [0x000001e407c820a0, 0x000001e407c84390]
Event: 25.937 Thread 0x000001e4124fa5e0 12241       4       java.lang.PublicMethods$MethodList::merge (192 bytes)
Event: 25.950 Thread 0x000001e4124fa5e0 nmethod 12241 0x000001e407ed2810 code [0x000001e407ed29a0, 0x000001e407ed2e38]
Event: 25.950 Thread 0x000001e4124fa5e0 12234       4       com.google.common.collect.ImmutableSet$Builder::add (31 bytes)

GC Heap History (20 events):
Event: 16.812 GC heap after
{Heap after GC invocations=20 (full 0):
 garbage-first heap   total 120832K, used 53718K [0x0000000744e00000, 0x0000000800000000)
  region size 2048K, 1 young (2048K), 1 survivors (2048K)
 Metaspace       used 60740K, committed 61376K, reserved 1114112K
  class space    used 8837K, committed 9152K, reserved 1048576K
}
Event: 17.608 GC heap before
{Heap before GC invocations=20 (full 0):
 garbage-first heap   total 120832K, used 94678K [0x0000000744e00000, 0x0000000800000000)
  region size 2048K, 22 young (45056K), 1 survivors (2048K)
 Metaspace       used 61210K, committed 61888K, reserved 1114112K
  class space    used 8846K, committed 9216K, reserved 1048576K
}
Event: 17.612 GC heap after
{Heap after GC invocations=21 (full 0):
 garbage-first heap   total 120832K, used 53941K [0x0000000744e00000, 0x0000000800000000)
  region size 2048K, 1 young (2048K), 1 survivors (2048K)
 Metaspace       used 61210K, committed 61888K, reserved 1114112K
  class space    used 8846K, committed 9216K, reserved 1048576K
}
Event: 19.876 GC heap before
{Heap before GC invocations=21 (full 0):
 garbage-first heap   total 120832K, used 96949K [0x0000000744e00000, 0x0000000800000000)
  region size 2048K, 22 young (45056K), 1 survivors (2048K)
 Metaspace       used 62981K, committed 63744K, reserved 1114112K
  class space    used 9082K, committed 9472K, reserved 1048576K
}
Event: 19.885 GC heap after
{Heap after GC invocations=22 (full 0):
 garbage-first heap   total 120832K, used 59189K [0x0000000744e00000, 0x0000000800000000)
  region size 2048K, 3 young (6144K), 3 survivors (6144K)
 Metaspace       used 62981K, committed 63744K, reserved 1114112K
  class space    used 9082K, committed 9472K, reserved 1048576K
}
Event: 21.228 GC heap before
{Heap before GC invocations=22 (full 0):
 garbage-first heap   total 120832K, used 96053K [0x0000000744e00000, 0x0000000800000000)
  region size 2048K, 22 young (45056K), 3 survivors (6144K)
 Metaspace       used 63620K, committed 64384K, reserved 1114112K
  class space    used 9107K, committed 9472K, reserved 1048576K
}
Event: 21.241 GC heap after
{Heap after GC invocations=23 (full 0):
 garbage-first heap   total 120832K, used 64954K [0x0000000744e00000, 0x0000000800000000)
  region size 2048K, 3 young (6144K), 3 survivors (6144K)
 Metaspace       used 63620K, committed 64384K, reserved 1114112K
  class space    used 9107K, committed 9472K, reserved 1048576K
}
Event: 21.588 GC heap before
{Heap before GC invocations=23 (full 0):
 garbage-first heap   total 120832K, used 93626K [0x0000000744e00000, 0x0000000800000000)
  region size 2048K, 18 young (36864K), 3 survivors (6144K)
 Metaspace       used 64015K, committed 64768K, reserved 1114112K
  class space    used 9126K, committed 9472K, reserved 1048576K
}
Event: 21.596 GC heap after
{Heap after GC invocations=24 (full 0):
 garbage-first heap   total 120832K, used 66952K [0x0000000744e00000, 0x0000000800000000)
  region size 2048K, 2 young (4096K), 2 survivors (4096K)
 Metaspace       used 64015K, committed 64768K, reserved 1114112K
  class space    used 9126K, committed 9472K, reserved 1048576K
}
Event: 22.275 GC heap before
{Heap before GC invocations=25 (full 0):
 garbage-first heap   total 126976K, used 93576K [0x0000000744e00000, 0x0000000800000000)
  region size 2048K, 15 young (30720K), 2 survivors (4096K)
 Metaspace       used 65160K, committed 65984K, reserved 1114112K
  class space    used 9264K, committed 9664K, reserved 1048576K
}
Event: 22.283 GC heap after
{Heap after GC invocations=26 (full 0):
 garbage-first heap   total 126976K, used 74896K [0x0000000744e00000, 0x0000000800000000)
  region size 2048K, 2 young (4096K), 2 survivors (4096K)
 Metaspace       used 65160K, committed 65984K, reserved 1114112K
  class space    used 9264K, committed 9664K, reserved 1048576K
}
Event: 22.690 GC heap before
{Heap before GC invocations=26 (full 0):
 garbage-first heap   total 126976K, used 97424K [0x0000000744e00000, 0x0000000800000000)
  region size 2048K, 13 young (26624K), 2 survivors (4096K)
 Metaspace       used 65861K, committed 66688K, reserved 1114112K
  class space    used 9354K, committed 9728K, reserved 1048576K
}
Event: 22.699 GC heap after
{Heap after GC invocations=27 (full 0):
 garbage-first heap   total 126976K, used 77970K [0x0000000744e00000, 0x0000000800000000)
  region size 2048K, 2 young (4096K), 2 survivors (4096K)
 Metaspace       used 65861K, committed 66688K, reserved 1114112K
  class space    used 9354K, committed 9728K, reserved 1048576K
}
Event: 23.066 GC heap before
{Heap before GC invocations=28 (full 0):
 garbage-first heap   total 151552K, used 98450K [0x0000000744e00000, 0x0000000800000000)
  region size 2048K, 12 young (24576K), 2 survivors (4096K)
 Metaspace       used 66569K, committed 67456K, reserved 1114112K
  class space    used 9435K, committed 9856K, reserved 1048576K
}
Event: 23.072 GC heap after
{Heap after GC invocations=29 (full 0):
 garbage-first heap   total 151552K, used 80113K [0x0000000744e00000, 0x0000000800000000)
  region size 2048K, 2 young (4096K), 2 survivors (4096K)
 Metaspace       used 66569K, committed 67456K, reserved 1114112K
  class space    used 9435K, committed 9856K, reserved 1048576K
}
Event: 24.123 GC heap before
{Heap before GC invocations=29 (full 0):
 garbage-first heap   total 151552K, used 112881K [0x0000000744e00000, 0x0000000800000000)
  region size 2048K, 18 young (36864K), 2 survivors (4096K)
 Metaspace       used 68521K, committed 69376K, reserved 1114112K
  class space    used 9722K, committed 10112K, reserved 1048576K
}
Event: 24.129 GC heap after
{Heap after GC invocations=30 (full 0):
 garbage-first heap   total 151552K, used 85995K [0x0000000744e00000, 0x0000000800000000)
  region size 2048K, 3 young (6144K), 3 survivors (6144K)
 Metaspace       used 68521K, committed 69376K, reserved 1114112K
  class space    used 9722K, committed 10112K, reserved 1048576K
}
Event: 24.739 GC heap before
{Heap before GC invocations=31 (full 0):
 garbage-first heap   total 161792K, used 116715K [0x0000000744e00000, 0x0000000800000000)
  region size 2048K, 18 young (36864K), 3 survivors (6144K)
 Metaspace       used 69490K, committed 70336K, reserved 1114112K
  class space    used 9894K, committed 10304K, reserved 1048576K
}
Event: 24.747 GC heap after
{Heap after GC invocations=32 (full 0):
 garbage-first heap   total 161792K, used 89257K [0x0000000744e00000, 0x0000000800000000)
  region size 2048K, 2 young (4096K), 2 survivors (4096K)
 Metaspace       used 69490K, committed 70336K, reserved 1114112K
  class space    used 9894K, committed 10304K, reserved 1048576K
}
Event: 25.951 GC heap before
{Heap before GC invocations=32 (full 0):
 garbage-first heap   total 161792K, used 124073K [0x0000000744e00000, 0x0000000800000000)
  region size 2048K, 19 young (38912K), 2 survivors (4096K)
 Metaspace       used 70834K, committed 71872K, reserved 1114112K
  class space    used 10063K, committed 10560K, reserved 1048576K
}

Deoptimization events (20 events):
Event: 25.126 Thread 0x000001e459f1eee0 DEOPT PACKING pc=0x000001e40802d8d8 sp=0x0000000b5caf3820
Event: 25.126 Thread 0x000001e459f1eee0 DEOPT UNPACKING pc=0x000001e407585ba3 sp=0x0000000b5caf37b8 mode 2
Event: 25.672 Thread 0x000001e459f1eee0 Uncommon trap: trap_request=0xfffffff4 fr.pc=0x000001e407dc89f8 relative=0x00000000000000d8
Event: 25.672 Thread 0x000001e459f1eee0 Uncommon trap: reason=null_check action=make_not_entrant pc=0x000001e407dc89f8 method=org.gradle.tooling.internal.provider.runner.ClientBuildEventGenerator$Disabled.accept(Lorg/gradle/internal/operations/BuildOperationDescriptor;)Lorg/gradle/tooling/inter
Event: 25.672 Thread 0x000001e459f1eee0 DEOPT PACKING pc=0x000001e407dc89f8 sp=0x0000000b5caf7930
Event: 25.672 Thread 0x000001e459f1eee0 DEOPT UNPACKING pc=0x000001e407585ba3 sp=0x0000000b5caf78b8 mode 2
Event: 25.832 Thread 0x000001e459f1eee0 DEOPT PACKING pc=0x000001e40119697e sp=0x0000000b5caf1ea0
Event: 25.832 Thread 0x000001e459f1eee0 DEOPT UNPACKING pc=0x000001e4075866e3 sp=0x0000000b5caf1350 mode 0
Event: 25.909 Thread 0x000001e459f1eee0 Uncommon trap: trap_request=0xffffffde fr.pc=0x000001e407f643c0 relative=0x0000000000003be0
Event: 25.909 Thread 0x000001e459f1eee0 Uncommon trap: reason=class_check action=maybe_recompile pc=0x000001e407f643c0 method=java.lang.reflect.AccessibleObject.checkCanSetAccessible(Ljava/lang/Class;Ljava/lang/Class;Z)Z @ 71 c2
Event: 25.909 Thread 0x000001e459f1eee0 DEOPT PACKING pc=0x000001e407f643c0 sp=0x0000000b5caf2210
Event: 25.909 Thread 0x000001e459f1eee0 DEOPT UNPACKING pc=0x000001e407585ba3 sp=0x0000000b5caf2228 mode 2
Event: 25.919 Thread 0x000001e459f1eee0 Uncommon trap: trap_request=0xffffff45 fr.pc=0x000001e407fc8e30 relative=0x0000000000005c50
Event: 25.919 Thread 0x000001e459f1eee0 Uncommon trap: reason=unstable_if action=reinterpret pc=0x000001e407fc8e30 method=groovy.lang.MetaClassImpl$1MOPIter.methodNameAction(Ljava/lang/Class;Lorg/codehaus/groovy/runtime/metaclass/MetaMethodIndex$Entry;)V @ 277 c2
Event: 25.919 Thread 0x000001e459f1eee0 DEOPT PACKING pc=0x000001e407fc8e30 sp=0x0000000b5caf2330
Event: 25.919 Thread 0x000001e459f1eee0 DEOPT UNPACKING pc=0x000001e407585ba3 sp=0x0000000b5caf2320 mode 2
Event: 25.919 Thread 0x000001e459f1eee0 Uncommon trap: trap_request=0xffffff76 fr.pc=0x000001e407dc6270 relative=0x0000000000000150
Event: 25.919 Thread 0x000001e459f1eee0 Uncommon trap: reason=predicate action=maybe_recompile pc=0x000001e407dc6270 method=java.util.Arrays.binarySearch0([Ljava/lang/Object;IILjava/lang/Object;Ljava/util/Comparator;)I @ 25 c2
Event: 25.919 Thread 0x000001e459f1eee0 DEOPT PACKING pc=0x000001e407dc6270 sp=0x0000000b5caf2290
Event: 25.919 Thread 0x000001e459f1eee0 DEOPT UNPACKING pc=0x000001e407585ba3 sp=0x0000000b5caf21f8 mode 2

Classes unloaded (0 events):
No events

Classes redefined (0 events):
No events

Internal exceptions (20 events):
Event: 25.837 Thread 0x000001e459f1eee0 Exception <a 'java/lang/ClassNotFoundException'{0x000000074ce75480}: org/gradle/api/internal/tasks/DefaultSourceSetContainer_DecoratedBeanInfo> (0x000000074ce75480) 
thrown [s\open\src\hotspot\share\classfile\systemDictionary.cpp, line 256]
Event: 25.838 Thread 0x000001e459f1eee0 Exception <a 'java/lang/ClassNotFoundException'{0x000000074ce8b808}: org/gradle/api/internal/tasks/DefaultSourceSetContainerBeanInfo> (0x000000074ce8b808) 
thrown [s\open\src\hotspot\share\classfile\systemDictionary.cpp, line 256]
Event: 25.839 Thread 0x000001e459f1eee0 Exception <a 'java/lang/ClassNotFoundException'{0x000000074ce9ee70}: org/gradle/api/internal/AbstractValidatingNamedDomainObjectContainerBeanInfo> (0x000000074ce9ee70) 
thrown [s\open\src\hotspot\share\classfile\systemDictionary.cpp, line 256]
Event: 25.840 Thread 0x000001e459f1eee0 Exception <a 'java/lang/ClassNotFoundException'{0x000000074ceb25a8}: org/gradle/api/internal/AbstractNamedDomainObjectContainerBeanInfo> (0x000000074ceb25a8) 
thrown [s\open\src\hotspot\share\classfile\systemDictionary.cpp, line 256]
Event: 25.842 Thread 0x000001e459f1eee0 Exception <a 'java/lang/ClassNotFoundException'{0x000000074cec5d10}: org/gradle/api/internal/AbstractNamedDomainObjectContainerCustomizer> (0x000000074cec5d10) 
thrown [s\open\src\hotspot\share\classfile\systemDictionary.cpp, line 256]
Event: 25.844 Thread 0x000001e459f1eee0 Exception <a 'java/lang/ClassNotFoundException'{0x000000074ceeced8}: org/gradle/api/internal/AbstractValidatingNamedDomainObjectContainerCustomizer> (0x000000074ceeced8) 
thrown [s\open\src\hotspot\share\classfile\systemDictionary.cpp, line 256]
Event: 25.847 Thread 0x000001e459f1eee0 Exception <a 'java/lang/ClassNotFoundException'{0x000000074cf0d7a8}: org/gradle/api/internal/tasks/DefaultSourceSetContainerCustomizer> (0x000000074cf0d7a8) 
thrown [s\open\src\hotspot\share\classfile\systemDictionary.cpp, line 256]
Event: 25.848 Thread 0x000001e459f1eee0 Exception <a 'java/lang/ClassNotFoundException'{0x000000074cf2ead0}: org/gradle/api/internal/tasks/DefaultSourceSetContainer_DecoratedCustomizer> (0x000000074cf2ead0) 
thrown [s\open\src\hotspot\share\classfile\systemDictionary.cpp, line 256]
Event: 25.880 Thread 0x000001e459f1eee0 Exception <a 'java/lang/ClassNotFoundException'{0x000000074c84ee90}: org/gradle/api/internal/tasks/DefaultSourceSet_DecoratedBeanInfo> (0x000000074c84ee90) 
thrown [s\open\src\hotspot\share\classfile\systemDictionary.cpp, line 256]
Event: 25.881 Thread 0x000001e459f1eee0 Exception <a 'java/lang/ClassNotFoundException'{0x000000074c8626e8}: org/gradle/api/internal/tasks/DefaultSourceSetBeanInfo> (0x000000074c8626e8) 
thrown [s\open\src\hotspot\share\classfile\systemDictionary.cpp, line 256]
Event: 25.882 Thread 0x000001e459f1eee0 Exception <a 'java/lang/ClassNotFoundException'{0x000000074c876020}: org/gradle/api/internal/tasks/DefaultSourceSetCustomizer> (0x000000074c876020) 
thrown [s\open\src\hotspot\share\classfile\systemDictionary.cpp, line 256]
Event: 25.884 Thread 0x000001e459f1eee0 Exception <a 'java/lang/ClassNotFoundException'{0x000000074c8ad9c0}: org/gradle/api/internal/tasks/DefaultSourceSet_DecoratedCustomizer> (0x000000074c8ad9c0) 
thrown [s\open\src\hotspot\share\classfile\systemDictionary.cpp, line 256]
Event: 25.924 Thread 0x000001e459f1eee0 Exception <a 'java/lang/ClassNotFoundException'{0x000000074c69e4a8}: com/hierynomus/gradle/license/tasks/LicenseCheck_DecoratedBeanInfo> (0x000000074c69e4a8) 
thrown [s\open\src\hotspot\share\classfile\systemDictionary.cpp, line 256]
Event: 25.926 Thread 0x000001e459f1eee0 Exception <a 'java/lang/ClassNotFoundException'{0x000000074c6b7590}: com/hierynomus/gradle/license/tasks/LicenseCheckBeanInfo> (0x000000074c6b7590) 
thrown [s\open\src\hotspot\share\classfile\systemDictionary.cpp, line 256]
Event: 25.927 Thread 0x000001e459f1eee0 Exception <a 'java/lang/ClassNotFoundException'{0x000000074c6d16b8}: nl/javadude/gradle/plugins/license/LicenseBeanInfo> (0x000000074c6d16b8) 
thrown [s\open\src\hotspot\share\classfile\systemDictionary.cpp, line 256]
Event: 25.928 Thread 0x000001e459f1eee0 Exception <a 'java/lang/ClassNotFoundException'{0x000000074c6e4688}: org/gradle/api/tasks/SourceTaskBeanInfo> (0x000000074c6e4688) 
thrown [s\open\src\hotspot\share\classfile\systemDictionary.cpp, line 256]
Event: 25.931 Thread 0x000001e459f1eee0 Exception <a 'java/lang/ClassNotFoundException'{0x000000074c6f73e0}: org/gradle/api/tasks/SourceTaskCustomizer> (0x000000074c6f73e0) 
thrown [s\open\src\hotspot\share\classfile\systemDictionary.cpp, line 256]
Event: 25.937 Thread 0x000001e459f1eee0 Exception <a 'java/lang/ClassNotFoundException'{0x000000074c7371d8}: nl/javadude/gradle/plugins/license/LicenseCustomizer> (0x000000074c7371d8) 
thrown [s\open\src\hotspot\share\classfile\systemDictionary.cpp, line 256]
Event: 25.946 Thread 0x000001e459f1eee0 Exception <a 'java/lang/ClassNotFoundException'{0x000000074c7a72e8}: com/hierynomus/gradle/license/tasks/LicenseCheckCustomizer> (0x000000074c7a72e8) 
thrown [s\open\src\hotspot\share\classfile\systemDictionary.cpp, line 256]
Event: 25.949 Thread 0x000001e459f1eee0 Exception <a 'java/lang/ClassNotFoundException'{0x000000074c7d6af0}: com/hierynomus/gradle/license/tasks/LicenseCheck_DecoratedCustomizer> (0x000000074c7d6af0) 
thrown [s\open\src\hotspot\share\classfile\systemDictionary.cpp, line 256]

VM Operations (20 events):
Event: 22.931 Executing VM operation: G1Concurrent done
Event: 22.974 Executing VM operation: HandshakeAllThreads
Event: 22.974 Executing VM operation: HandshakeAllThreads done
Event: 23.066 Executing VM operation: G1CollectForAllocation
Event: 23.073 Executing VM operation: G1CollectForAllocation done
Event: 23.342 Executing VM operation: HandshakeAllThreads
Event: 23.343 Executing VM operation: HandshakeAllThreads done
Event: 23.486 Executing VM operation: HandshakeAllThreads
Event: 23.487 Executing VM operation: HandshakeAllThreads done
Event: 24.122 Executing VM operation: G1CollectForAllocation
Event: 24.129 Executing VM operation: G1CollectForAllocation done
Event: 24.283 Executing VM operation: G1Concurrent
Event: 24.293 Executing VM operation: G1Concurrent done
Event: 24.371 Executing VM operation: G1Concurrent
Event: 24.371 Executing VM operation: G1Concurrent done
Event: 24.739 Executing VM operation: G1CollectForAllocation
Event: 24.747 Executing VM operation: G1CollectForAllocation done
Event: 25.586 Executing VM operation: ICBufferFull
Event: 25.587 Executing VM operation: ICBufferFull done
Event: 25.951 Executing VM operation: G1CollectForAllocation

Events (20 events):
Event: 24.157 loading class java/util/HashtableBeanInfo
Event: 24.157 loading class java/util/HashtableBeanInfo done
Event: 24.158 loading class java/util/DictionaryBeanInfo
Event: 24.158 loading class java/util/DictionaryBeanInfo done
Event: 24.158 loading class java/util/DictionaryBeanInfo
Event: 24.158 loading class java/util/DictionaryBeanInfo done
Event: 24.159 loading class java/util/DictionaryCustomizer
Event: 24.159 loading class java/util/DictionaryCustomizer done
Event: 24.159 loading class java/util/DictionaryCustomizer
Event: 24.159 loading class java/util/DictionaryCustomizer done
Event: 24.160 loading class java/util/HashtableCustomizer
Event: 24.160 loading class java/util/HashtableCustomizer done
Event: 24.160 loading class java/util/HashtableCustomizer
Event: 24.160 loading class java/util/HashtableCustomizer done
Event: 24.162 loading class java/util/PropertiesCustomizer
Event: 24.162 loading class java/util/PropertiesCustomizer done
Event: 24.164 loading class java/util/PropertiesCustomizer
Event: 24.164 loading class java/util/PropertiesCustomizer done
Event: 25.893 loading class jdk/internal/reflect/UnsafeStaticObjectFieldAccessorImpl
Event: 25.896 loading class jdk/internal/reflect/UnsafeStaticObjectFieldAccessorImpl done


Dynamic libraries:
0x00007ff790a90000 - 0x00007ff790aa0000 	C:\Program Files\Java\jdk-17\bin\java.exe
0x00007fffefbd0000 - 0x00007fffefdc8000 	C:\Windows\SYSTEM32\ntdll.dll
0x00007fffef550000 - 0x00007fffef60d000 	C:\Windows\System32\KERNEL32.DLL
0x00007fffed730000 - 0x00007fffeda26000 	C:\Windows\System32\KERNELBASE.dll
0x00007fffe5a60000 - 0x00007fffe5af0000 	C:\Windows\SYSTEM32\apphelp.dll
0x00007fffedb10000 - 0x00007fffedc10000 	C:\Windows\System32\ucrtbase.dll
0x00007fffe0590000 - 0x00007fffe05a9000 	C:\Program Files\Java\jdk-17\bin\jli.dll
0x00007fffd0ea0000 - 0x00007fffd0ebb000 	C:\Program Files\Java\jdk-17\bin\VCRUNTIME140.dll
0x00007fffefa60000 - 0x00007fffefb10000 	C:\Windows\System32\ADVAPI32.dll
0x00007fffef610000 - 0x00007fffef6ae000 	C:\Windows\System32\msvcrt.dll
0x00007fffedc10000 - 0x00007fffedcb0000 	C:\Windows\System32\sechost.dll
0x00007fffeee90000 - 0x00007fffeefb3000 	C:\Windows\System32\RPCRT4.dll
0x00007fffed5a0000 - 0x00007fffed5c7000 	C:\Windows\System32\bcrypt.dll
0x00007fffef710000 - 0x00007fffef8af000 	C:\Windows\System32\USER32.dll
0x00007fffd0ab0000 - 0x00007fffd0d4a000 	C:\Windows\WinSxS\amd64_microsoft.windows.common-controls_6595b64144ccf1df_6.0.19041.4355_none_60b8b9eb71f62e16\COMCTL32.dll
0x00007fffeda30000 - 0x00007fffeda52000 	C:\Windows\System32\win32u.dll
0x00007fffeedf0000 - 0x00007fffeee1b000 	C:\Windows\System32\GDI32.dll
0x00007fffed290000 - 0x00007fffed3a7000 	C:\Windows\System32\gdi32full.dll
0x00007fffed5d0000 - 0x00007fffed66d000 	C:\Windows\System32\msvcp_win.dll
0x00007fffe35d0000 - 0x00007fffe35da000 	C:\Windows\SYSTEM32\VERSION.dll
0x00007fffee4f0000 - 0x00007fffee51f000 	C:\Windows\System32\IMM32.DLL
0x00007fffe58c0000 - 0x00007fffe58cc000 	C:\Program Files\Java\jdk-17\bin\vcruntime140_1.dll
0x00007fffaf560000 - 0x00007fffaf5ee000 	C:\Program Files\Java\jdk-17\bin\msvcp140.dll
0x00007fff08700000 - 0x00007fff092df000 	C:\Program Files\Java\jdk-17\bin\server\jvm.dll
0x00007fffeee80000 - 0x00007fffeee88000 	C:\Windows\System32\PSAPI.DLL
0x00007fffdd790000 - 0x00007fffdd7b7000 	C:\Windows\SYSTEM32\WINMM.dll
0x00007fffc9540000 - 0x00007fffc9549000 	C:\Windows\SYSTEM32\WSOCK32.dll
0x00007fffeecf0000 - 0x00007fffeed5b000 	C:\Windows\System32\WS2_32.dll
0x00007fffeb8a0000 - 0x00007fffeb8b2000 	C:\Windows\SYSTEM32\kernel.appcore.dll
0x00007fffe1ee0000 - 0x00007fffe1eea000 	C:\Program Files\Java\jdk-17\bin\jimage.dll
0x00007fffeacd0000 - 0x00007fffeaeb4000 	C:\Windows\SYSTEM32\DBGHELP.DLL
0x00007fffc8d00000 - 0x00007fffc8d34000 	C:\Windows\SYSTEM32\dbgcore.DLL
0x00007fffed3b0000 - 0x00007fffed432000 	C:\Windows\System32\bcryptPrimitives.dll
0x00007fffe1e00000 - 0x00007fffe1e0e000 	C:\Program Files\Java\jdk-17\bin\instrument.dll
0x00007fffce0a0000 - 0x00007fffce0c5000 	C:\Program Files\Java\jdk-17\bin\java.dll
0x00007fffaf440000 - 0x00007fffaf517000 	C:\Program Files\Java\jdk-17\bin\jsvml.dll
0x00007fffedcb0000 - 0x00007fffee41c000 	C:\Windows\System32\SHELL32.dll
0x00007fffeafc0000 - 0x00007fffeb75d000 	C:\Windows\SYSTEM32\windows.storage.dll
0x00007fffee990000 - 0x00007fffeece3000 	C:\Windows\System32\combase.dll
0x00007fffecb60000 - 0x00007fffecb8e000 	C:\Windows\SYSTEM32\Wldp.dll
0x00007fffee420000 - 0x00007fffee4ed000 	C:\Windows\System32\OLEAUT32.dll
0x00007fffee520000 - 0x00007fffee5cd000 	C:\Windows\System32\SHCORE.dll
0x00007fffeee20000 - 0x00007fffeee75000 	C:\Windows\System32\shlwapi.dll
0x00007fffed1c0000 - 0x00007fffed1e4000 	C:\Windows\SYSTEM32\profapi.dll
0x00007fffcdbc0000 - 0x00007fffcdbd8000 	C:\Program Files\Java\jdk-17\bin\zip.dll
0x00007fffce8a0000 - 0x00007fffce8b9000 	C:\Program Files\Java\jdk-17\bin\net.dll
0x00007fffec200000 - 0x00007fffec30a000 	C:\Windows\SYSTEM32\WINHTTP.dll
0x00007fffec940000 - 0x00007fffec9aa000 	C:\Windows\system32\mswsock.dll
0x00007fffce080000 - 0x00007fffce096000 	C:\Program Files\Java\jdk-17\bin\nio.dll
0x00007fffce740000 - 0x00007fffce750000 	C:\Program Files\Java\jdk-17\bin\verify.dll
0x00007fffca1e0000 - 0x00007fffca207000 	C:\Users\d.ngantchou\.gradle\native\c067742578af261105cb4f569cf0c3c89f3d7b1fecec35dd04571415982c5e48\windows-amd64\native-platform.dll
0x00007fffb3dc0000 - 0x00007fffb3f04000 	C:\Users\d.ngantchou\.gradle\native\38dada09dfb8b06ba9b0570ebf7e218e3eb74d4ef43ca46872605cf95ebc2f47\windows-amd64\native-platform-file-events.dll
0x00007fffcf220000 - 0x00007fffcf22a000 	C:\Program Files\Java\jdk-17\bin\management.dll
0x00007fffceef0000 - 0x00007fffceefb000 	C:\Program Files\Java\jdk-17\bin\management_ext.dll
0x00007fffecc10000 - 0x00007fffecc28000 	C:\Windows\SYSTEM32\CRYPTSP.dll
0x00007fffec110000 - 0x00007fffec144000 	C:\Windows\system32\rsaenh.dll
0x00007fffed130000 - 0x00007fffed15e000 	C:\Windows\SYSTEM32\USERENV.dll
0x00007fffecad0000 - 0x00007fffecadc000 	C:\Windows\SYSTEM32\CRYPTBASE.dll
0x00007fffec640000 - 0x00007fffec67b000 	C:\Windows\SYSTEM32\IPHLPAPI.DLL
0x00007fffee780000 - 0x00007fffee788000 	C:\Windows\System32\NSI.dll
0x00007fffe6bb0000 - 0x00007fffe6bc7000 	C:\Windows\SYSTEM32\dhcpcsvc6.DLL
0x00007fffe6b80000 - 0x00007fffe6b9d000 	C:\Windows\SYSTEM32\dhcpcsvc.DLL
0x00007fffec680000 - 0x00007fffec74a000 	C:\Windows\SYSTEM32\DNSAPI.dll
0x00007fffcea90000 - 0x00007fffcea9e000 	C:\Program Files\Java\jdk-17\bin\sunmscapi.dll
0x00007fffed440000 - 0x00007fffed59e000 	C:\Windows\System32\CRYPT32.dll
0x00007fffecd20000 - 0x00007fffecd49000 	C:\Windows\SYSTEM32\ncrypt.dll
0x00007fffecce0000 - 0x00007fffecd1b000 	C:\Windows\SYSTEM32\NTASN1.dll
0x00007fffb0160000 - 0x00007fffb0167000 	C:\Windows\system32\wshunix.dll
0x00007fffc9550000 - 0x00007fffc9567000 	C:\Windows\system32\napinsp.dll
0x00007fffc9490000 - 0x00007fffc94ab000 	C:\Windows\system32\pnrpnsp.dll
0x00007fffe74f0000 - 0x00007fffe7505000 	C:\Windows\system32\wshbth.dll
0x00007fffe6840000 - 0x00007fffe685d000 	C:\Windows\system32\NLAapi.dll
0x00007fffc9470000 - 0x00007fffc9482000 	C:\Windows\System32\winrnr.dll
0x00007fffe34e0000 - 0x00007fffe34ea000 	C:\Windows\System32\rasadhlp.dll
0x00007fffe6b00000 - 0x00007fffe6b80000 	C:\Windows\System32\fwpuclnt.dll

dbghelp: loaded successfully - version: 4.0.5 - missing functions: none
symbol engine: initialized successfully - sym options: 0x614 - pdb path: .;C:\Program Files\Java\jdk-17\bin;C:\Windows\SYSTEM32;C:\Windows\WinSxS\amd64_microsoft.windows.common-controls_6595b64144ccf1df_6.0.19041.4355_none_60b8b9eb71f62e16;C:\Program Files\Java\jdk-17\bin\server;C:\Users\d.ngantchou\.gradle\native\c067742578af261105cb4f569cf0c3c89f3d7b1fecec35dd04571415982c5e48\windows-amd64;C:\Users\d.ngantchou\.gradle\native\38dada09dfb8b06ba9b0570ebf7e218e3eb74d4ef43ca46872605cf95ebc2f47\windows-amd64

VM Arguments:
jvm_args: --add-opens=java.base/java.util=ALL-UNNAMED --add-opens=java.base/java.lang=ALL-UNNAMED --add-opens=java.base/java.lang.invoke=ALL-UNNAMED --add-opens=java.prefs/java.util.prefs=ALL-UNNAMED --add-opens=java.base/java.nio.charset=ALL-UNNAMED --add-opens=java.base/java.net=ALL-UNNAMED --add-opens=java.base/java.util.concurrent.atomic=ALL-UNNAMED -Dfile.encoding=windows-1252 -Duser.country=FR -Duser.language=fr -Duser.variant -javaagent:C:\Users\d.ngantchou\.gradle\wrapper\dists\gradle-8.6-bin\afr5mpiioh2wthjmwnkmdsd5w\gradle-8.6\lib\agents\gradle-instrumentation-agent-8.6.jar 
java_command: org.gradle.launcher.daemon.bootstrap.GradleDaemon 8.6
java_class_path (initial): C:\Users\d.ngantchou\.gradle\wrapper\dists\gradle-8.6-bin\afr5mpiioh2wthjmwnkmdsd5w\gradle-8.6\lib\gradle-launcher-8.6.jar
Launcher Type: SUN_STANDARD

[Global flags]
     intx CICompilerCount                          = 4                                         {product} {ergonomic}
     uint ConcGCThreads                            = 2                                         {product} {ergonomic}
     uint G1ConcRefinementThreads                  = 8                                         {product} {ergonomic}
   size_t G1HeapRegionSize                         = 2097152                                   {product} {ergonomic}
    uintx GCDrainStackTargetSize                   = 64                                        {product} {ergonomic}
   size_t InitialHeapSize                          = 197132288                                 {product} {ergonomic}
   size_t MarkStackSize                            = 4194304                                   {product} {ergonomic}
   size_t MaxHeapSize                              = 3139436544                                {product} {ergonomic}
   size_t MaxNewSize                               = 1883242496                                {product} {ergonomic}
   size_t MinHeapDeltaBytes                        = 2097152                                   {product} {ergonomic}
   size_t MinHeapSize                              = 8388608                                   {product} {ergonomic}
    uintx NonNMethodCodeHeapSize                   = 5839372                                {pd product} {ergonomic}
    uintx NonProfiledCodeHeapSize                  = 122909434                              {pd product} {ergonomic}
    uintx ProfiledCodeHeapSize                     = 122909434                              {pd product} {ergonomic}
    uintx ReservedCodeCacheSize                    = 251658240                              {pd product} {ergonomic}
     bool SegmentedCodeCache                       = true                                      {product} {ergonomic}
   size_t SoftMaxHeapSize                          = 3139436544                             {manageable} {ergonomic}
     bool UseCompressedClassPointers               = true                           {product lp64_product} {ergonomic}
     bool UseCompressedOops                        = true                           {product lp64_product} {ergonomic}
     bool UseG1GC                                  = true                                      {product} {ergonomic}
     bool UseLargePagesIndividualAllocation        = false                                  {pd product} {ergonomic}

Logging:
Log output configuration:
 #0: stdout all=warning uptime,level,tags
 #1: stderr all=off uptime,level,tags

Environment Variables:
JAVA_HOME=C:\Program Files\Java\jdk-17
PATH=C:\Program Files\Common Files\Oracle\Java\javapath;C:\Windows\system32;C:\Windows;C:\Windows\System32\Wbem;C:\Windows\System32\WindowsPowerShell\v1.0\;C:\Windows\System32\OpenSSH\;C:\Program Files\Git\cmd;C:\Program Files\nodejs\;C:\Program Files\Docker\Docker\resources\bin;C:\xampp\php;C:\composer;C:\Program Files\Java\jdk-17\bin;C:\xampp\mysql\bin;C:\Gradle\gradle-8.6\bin;C:\Program Files\Microsoft SQL Server\150\Tools\Binn\;C:\Program Files\Microsoft SQL Server\Client SDK\ODBC\170\Tools\Binn\;C:\Program Files\dotnet\;C:\Users\d.ngantchou\AppData\Local\Microsoft\WindowsApps;;C:\Users\d.ngantchou\AppData\Local\Programs\Microsoft VS Code\bin;C:\Users\d.ngantchou\AppData\Roaming\npm;C:\Users\d.ngantchou\AppData\Roaming\Composer\vendor\bin;C:\Users\d.ngantchou\.dotnet\tools
USERNAME=d.ngantchou
OS=Windows_NT
PROCESSOR_IDENTIFIER=Intel64 Family 6 Model 140 Stepping 1, GenuineIntel



---------------  S Y S T E M  ---------------

OS:
 Windows 10 , 64 bit Build 19041 (10.0.19041.3636)
OS uptime: 4 days 19:42 hours
Hyper-V role detected

CPU: total 8 (initial active 8) (4 cores per cpu, 2 threads per core) family 6 model 140 stepping 1 microcode 0xb6, cx8, cmov, fxsr, ht, mmx, 3dnowpref, sse, sse2, sse3, ssse3, sse4.1, sse4.2, popcnt, lzcnt, tsc, tscinvbit, avx, avx2, aes, erms, clmul, bmi1, bmi2, adx, avx512f, avx512dq, avx512cd, avx512bw, avx512vl, sha, fma, vzeroupper, avx512_vpopcntdq, avx512_vpclmulqdq, avx512_vaes, avx512_vnni, clflush, clflushopt, clwb, avx512_vbmi2, avx512_vbmi, hv

Memory: 4k page, system-wide physical 11968M (480M free)
TotalPageFile size 25904M (AvailPageFile size 14M)
current process WorkingSet (physical memory assigned to process): 411M, peak: 420M
current process commit charge ("private bytes"): 485M, peak: 583M

vm_info: Java HotSpot(TM) 64-Bit Server VM (17.0.10+11-LTS-240) for windows-amd64 JRE (17.0.10+11-LTS-240), built on Dec 19 2023 21:47:25 by "mach5one" with MS VC++ 17.1 (VS2022)

END.
