#
# There is insufficient memory for the Java Runtime Environment to continue.
# Native memory allocation (malloc) failed to allocate 1048576 bytes. Error detail: AllocateHeap
# Possible reasons:
#   The system is out of physical RAM or swap space
#   This process is running with CompressedOops enabled, and the Java Heap may be blocking the growth of the native heap
# Possible solutions:
#   Reduce memory load on the system
#   Increase physical memory or swap space
#   Check if swap backing store is full
#   Decrease Java heap size (-Xmx/-Xms)
#   Decrease number of Java threads
#   Decrease Java thread stack sizes (-Xss)
#   Set larger code cache with -XX:ReservedCodeCacheSize=
#   JVM is running with Unscaled Compressed Oops mode in which the Java heap is
#     placed in the first 4GB address space. The Java Heap base address is the
#     maximum limit for the native heap growth. Please use -XX:HeapBaseMinAddress
#     to set the Java Heap base and to place the Java Heap above 4GB virtual address.
# This output file may be truncated or incomplete.
#
#  Out of Memory Error (allocation.cpp:44), pid=20664, tid=22788
#
# JRE version: OpenJDK Runtime Environment Temurin-17.0.12+7 (17.0.12+7) (build 17.0.12+7)
# Java VM: OpenJDK 64-Bit Server VM Temurin-17.0.12+7 (17.0.12+7, mixed mode, emulated-client, tiered, compressed oops, compressed class ptrs, g1 gc, windows-amd64)
# No core dump will be written. Minidumps are not enabled by default on client versions of Windows
#

---------------  S U M M A R Y ------------

Command Line: -Xmx1024m -Dsts.lsp.client=vscode -Dsts.log.file=/dev/null -XX:TieredStopAtLevel=1 -Xlog:jni+resolve=off c:\Users\d.ngantchou\.vscode\extensions\vmware.vscode-spring-boot-1.57.0\language-server\spring-boot-language-server-1.57.0-SNAPSHOT-exec.jar

Host: 11th Gen Intel(R) Core(TM) i5-1135G7 @ 2.40GHz, 8 cores, 11G,  Windows 10 , 64 bit Build 19041 (10.0.19041.4842)
Time: Sun Sep 29 01:14:15 2024 Afr. centrale Ouest elapsed time: 59893.260642 seconds (0d 16h 38m 13s)

---------------  T H R E A D  ---------------

Current thread (0x000002386fec7c70):  VMThread "VM Thread" [stack: 0x0000005426d00000,0x0000005426e00000] [id=22788]

Stack: [0x0000005426d00000,0x0000005426e00000]
Native frames: (J=compiled Java code, j=interpreted, Vv=VM code, C=native code)
V  [jvm.dll+0x67f929]
V  [jvm.dll+0x8371ba]
V  [jvm.dll+0x838c7e]
V  [jvm.dll+0x8392e3]
V  [jvm.dll+0x24834f]
V  [jvm.dll+0xa70d3]
V  [jvm.dll+0x2f9073]
V  [jvm.dll+0x2f4d00]
V  [jvm.dll+0x2dd82f]
V  [jvm.dll+0x3201f7]
V  [jvm.dll+0x83d7dd]
V  [jvm.dll+0x83e522]
V  [jvm.dll+0x83ea4f]
V  [jvm.dll+0x83ee34]
V  [jvm.dll+0x83ef00]
V  [jvm.dll+0x7e65dc]
V  [jvm.dll+0x67e7f7]
C  [ucrtbase.dll+0x21bb2]
C  [KERNEL32.DLL+0x17374]
C  [ntdll.dll+0x4cc91]

VM_Operation (0x00000054289fed00): G1CollectFull, mode: safepoint, requested by thread 0x0000023874fe48e0


---------------  P R O C E S S  ---------------

Threads class SMR info:
_java_thread_list=0x0000023876b11900, length=28, elements={
0x000002386fedd740, 0x000002386fede210, 0x000002386fef6b90, 0x000002386fef9570,
0x00000238741434f0, 0x0000023874145dd0, 0x00000238741466a0, 0x0000023874146fb0,
0x00000238741e3800, 0x00000238741e4760, 0x00000238750cdb90, 0x0000023874fe48e0,
0x0000023875a5a840, 0x0000023865079d30, 0x000002387508d990, 0x0000023875c46440,
0x0000023875cab790, 0x0000023875caea30, 0x0000023875caf450, 0x0000023875ca9e40,
0x0000023875caa860, 0x0000023875cacbd0, 0x0000023875caa350, 0x0000023875cac6c0,
0x0000023875cb0da0, 0x0000023875caf960, 0x0000023875cafe70, 0x0000023875233830
}

Java Threads: ( => current thread )
  0x000002386fedd740 JavaThread "Reference Handler" daemon [_thread_blocked, id=26852, stack(0x0000005426e00000,0x0000005426f00000)]
  0x000002386fede210 JavaThread "Finalizer" daemon [_thread_blocked, id=9832, stack(0x0000005426f00000,0x0000005427000000)]
  0x000002386fef6b90 JavaThread "Signal Dispatcher" daemon [_thread_blocked, id=2892, stack(0x0000005427000000,0x0000005427100000)]
  0x000002386fef9570 JavaThread "Attach Listener" daemon [_thread_blocked, id=3244, stack(0x0000005427100000,0x0000005427200000)]
  0x00000238741434f0 JavaThread "Service Thread" daemon [_thread_blocked, id=22364, stack(0x0000005427200000,0x0000005427300000)]
  0x0000023874145dd0 JavaThread "Monitor Deflation Thread" daemon [_thread_blocked, id=27780, stack(0x0000005427300000,0x0000005427400000)]
  0x00000238741466a0 JavaThread "C1 CompilerThread0" daemon [_thread_blocked, id=12184, stack(0x0000005427400000,0x0000005427500000)]
  0x0000023874146fb0 JavaThread "Sweeper thread" daemon [_thread_blocked, id=19596, stack(0x0000005427500000,0x0000005427600000)]
  0x00000238741e3800 JavaThread "Notification Thread" daemon [_thread_blocked, id=26244, stack(0x0000005427600000,0x0000005427700000)]
  0x00000238741e4760 JavaThread "Common-Cleaner" daemon [_thread_blocked, id=25364, stack(0x0000005427800000,0x0000005427900000)]
  0x00000238750cdb90 JavaThread "boundedElastic-evictor-1" daemon [_thread_blocked, id=16372, stack(0x0000005428800000,0x0000005428900000)]
  0x0000023874fe48e0 JavaThread "pool-13-thread-1" [_thread_blocked, id=21436, stack(0x0000005428900000,0x0000005428a00000)]
  0x0000023875a5a840 JavaThread "LanguageServerApp-lifecycle" [_thread_blocked, id=636, stack(0x0000005428a00000,0x0000005428b00000)]
  0x0000023865079d30 JavaThread "DestroyJavaVM" [_thread_blocked, id=4380, stack(0x0000005426600000,0x0000005426700000)]
  0x000002387508d990 JavaThread "pool-14-thread-1" [_thread_in_native, id=8404, stack(0x0000005428b00000,0x0000005428c00000)]
  0x0000023875c46440 JavaThread "Simple-Language-Server main thread" daemon [_thread_blocked, id=5208, stack(0x0000005428c00000,0x0000005428d00000)]
  0x0000023875cab790 JavaThread "pool-8-thread-1" [_thread_blocked, id=12800, stack(0x000000542be00000,0x000000542bf00000)]
  0x0000023875caea30 JavaThread "parallel-1" daemon [_thread_blocked, id=25712, stack(0x000000542bf00000,0x000000542c000000)]
  0x0000023875caf450 JavaThread "parallel-2" daemon [_thread_blocked, id=12544, stack(0x000000542c000000,0x000000542c100000)]
  0x0000023875ca9e40 JavaThread "pool-6-thread-1" [_thread_blocked, id=12364, stack(0x000000542c100000,0x000000542c200000)]
  0x0000023875caa860 JavaThread "parallel-3" daemon [_thread_blocked, id=5508, stack(0x000000542c200000,0x000000542c300000)]
  0x0000023875cacbd0 JavaThread "parallel-4" daemon [_thread_blocked, id=23576, stack(0x000000542c300000,0x000000542c400000)]
  0x0000023875caa350 JavaThread "parallel-5" daemon [_thread_blocked, id=15932, stack(0x000000542c400000,0x000000542c500000)]
  0x0000023875cac6c0 JavaThread "Reconciler-1" daemon [_thread_blocked, id=26220, stack(0x000000542c900000,0x000000542ca00000)]
  0x0000023875cb0da0 JavaThread "parallel-6" daemon [_thread_blocked, id=25708, stack(0x0000005428200000,0x0000005428300000)]
  0x0000023875caf960 JavaThread "parallel-7" daemon [_thread_blocked, id=17552, stack(0x0000005428e00000,0x0000005428f00000)]
  0x0000023875cafe70 JavaThread "parallel-8" daemon [_thread_blocked, id=10900, stack(0x0000005428f00000,0x0000005429000000)]
  0x0000023875233830 JavaThread "CompletableFutureDelayScheduler" daemon [_thread_blocked, id=2300, stack(0x0000005428500000,0x0000005428600000)]

Other Threads:
=>0x000002386fec7c70 VMThread "VM Thread" [stack: 0x0000005426d00000,0x0000005426e00000] [id=22788]
  0x00000238741e40d0 WatcherThread [stack: 0x0000005427700000,0x0000005427800000] [id=28796]
  0x00000238650b6970 GCTaskThread "GC Thread#0" [stack: 0x0000005426800000,0x0000005426900000] [id=9512]
  0x0000023874beb7c0 GCTaskThread "GC Thread#1" [stack: 0x0000005427a00000,0x0000005427b00000] [id=21652]
  0x0000023874bebe90 GCTaskThread "GC Thread#2" [stack: 0x0000005427b00000,0x0000005427c00000] [id=14256]
  0x0000023874bec150 GCTaskThread "GC Thread#3" [stack: 0x0000005427c00000,0x0000005427d00000] [id=16268]
  0x0000023875281350 GCTaskThread "GC Thread#4" [stack: 0x0000005427e00000,0x0000005427f00000] [id=13568]
  0x0000023875281e20 GCTaskThread "GC Thread#5" [stack: 0x0000005427f00000,0x0000005428000000] [id=26736]
  0x00000238752820e0 GCTaskThread "GC Thread#6" [stack: 0x0000005428000000,0x0000005428100000] [id=14732]
  0x00000238754f2c90 GCTaskThread "GC Thread#7" [stack: 0x0000005428300000,0x0000005428400000] [id=23648]
  0x00000238650bf8c0 ConcurrentGCThread "G1 Main Marker" [stack: 0x0000005426900000,0x0000005426a00000] [id=24588]
  0x00000238650c02e0 ConcurrentGCThread "G1 Conc#0" [stack: 0x0000005426a00000,0x0000005426b00000] [id=12492]
  0x0000023875483a30 ConcurrentGCThread "G1 Conc#1" [stack: 0x0000005428400000,0x0000005428500000] [id=29340]
  0x000002386fd320c0 ConcurrentGCThread "G1 Refine#0" [stack: 0x0000005426b00000,0x0000005426c00000] [id=20912]
  0x000002387512ee10 ConcurrentGCThread "G1 Refine#1" [stack: 0x0000005429400000,0x0000005429500000] [id=20904]
  0x000002387512e540 ConcurrentGCThread "G1 Refine#2" [stack: 0x0000005429500000,0x0000005429600000] [id=5468]
  0x000002387512e830 ConcurrentGCThread "G1 Refine#3" [stack: 0x0000005429800000,0x0000005429900000] [id=24132]
  0x000002387693f120 ConcurrentGCThread "G1 Refine#4" [stack: 0x0000005429900000,0x0000005429a00000] [id=19876]
  0x000002386fd32af0 ConcurrentGCThread "G1 Service" [stack: 0x0000005426c00000,0x0000005426d00000] [id=27316]

Threads with active compile tasks:

VM state: at safepoint (normal execution)

VM Mutex/Monitor currently owned by a thread:  ([mutex/lock_event])
[0x00000238650763a0] Threads_lock - owner thread: 0x000002386fec7c70
[0x0000023865074810] Heap_lock - owner thread: 0x0000023874fe48e0

Heap address: 0x00000000c0000000, size: 1024 MB, Compressed Oops mode: 32-bit

CDS archive(s) not mapped
Compressed class space mapped at: 0x0000000100000000-0x0000000140000000, reserved size: 1073741824
Narrow klass base: 0x0000000000000000, Narrow klass shift: 3, Narrow klass range: 0x140000000

GC Precious Log:
 CPUs: 8 total, 8 available
 Memory: 11968M
 Large Page Support: Disabled
 NUMA Support: Disabled
 Compressed Oops: Enabled (32-bit)
 Heap Region Size: 1M
 Heap Min Capacity: 8M
 Heap Initial Capacity: 188M
 Heap Max Capacity: 1G
 Pre-touch: Disabled
 Parallel Workers: 8
 Concurrent Workers: 2
 Concurrent Refinement Workers: 8
 Periodic GC: Disabled

Heap:
 garbage-first heap   total 219136K, used 81042K [0x00000000c0000000, 0x0000000100000000)
  region size 1024K, 1 young (1024K), 0 survivors (0K)
 Metaspace       used 63470K, committed 63872K, reserved 1114112K
  class space    used 8148K, committed 8320K, reserved 1048576K

Heap Regions: E=young(eden), S=young(survivor), O=old, HS=humongous(starts), HC=humongous(continues), CS=collection set, F=free, OA=open archive, CA=closed archive, TAMS=top-at-mark-start (previous, next)
|   0|0x00000000c0000000, 0x00000000c0100000, 0x00000000c0100000|100%|HS|  |TAMS 0x00000000c0100000, 0x00000000c0000000| Untracked 
|   1|0x00000000c0100000, 0x00000000c0200000, 0x00000000c0200000|100%|HC|  |TAMS 0x00000000c0200000, 0x00000000c0100000| Untracked 
|   2|0x00000000c0200000, 0x00000000c0300000, 0x00000000c0300000|100%|HC|  |TAMS 0x00000000c0300000, 0x00000000c0200000| Untracked 
|   3|0x00000000c0300000, 0x00000000c0400000, 0x00000000c0400000|100%|HC|  |TAMS 0x00000000c0400000, 0x00000000c0300000| Untracked 
|   4|0x00000000c0400000, 0x00000000c0500000, 0x00000000c0500000|100%|HS|  |TAMS 0x00000000c0500000, 0x00000000c0400000| Untracked 
|   5|0x00000000c0500000, 0x00000000c0600000, 0x00000000c0600000|100%|HC|  |TAMS 0x00000000c0600000, 0x00000000c0500000| Untracked 
|   6|0x00000000c0600000, 0x00000000c06fffe8, 0x00000000c0700000| 99%| O|  |TAMS 0x00000000c06fffe8, 0x00000000c0600000| Untracked 
|   7|0x00000000c0700000, 0x00000000c07fffe0, 0x00000000c0800000| 99%| O|  |TAMS 0x00000000c07fffe0, 0x00000000c0700000| Untracked 
|   8|0x00000000c0800000, 0x00000000c0900000, 0x00000000c0900000|100%| O|  |TAMS 0x00000000c0900000, 0x00000000c0800000| Untracked 
|   9|0x00000000c0900000, 0x00000000c0a00000, 0x00000000c0a00000|100%| O|  |TAMS 0x00000000c0a00000, 0x00000000c0900000| Untracked 
|  10|0x00000000c0a00000, 0x00000000c0b00000, 0x00000000c0b00000|100%| O|  |TAMS 0x00000000c0b00000, 0x00000000c0a00000| Untracked 
|  11|0x00000000c0b00000, 0x00000000c0c00000, 0x00000000c0c00000|100%| O|  |TAMS 0x00000000c0c00000, 0x00000000c0b00000| Untracked 
|  12|0x00000000c0c00000, 0x00000000c0d00000, 0x00000000c0d00000|100%| O|  |TAMS 0x00000000c0d00000, 0x00000000c0c00000| Untracked 
|  13|0x00000000c0d00000, 0x00000000c0dffff8, 0x00000000c0e00000| 99%| O|  |TAMS 0x00000000c0dffff8, 0x00000000c0d00000| Untracked 
|  14|0x00000000c0e00000, 0x00000000c0effff8, 0x00000000c0f00000| 99%| O|  |TAMS 0x00000000c0effff8, 0x00000000c0e00000| Untracked 
|  15|0x00000000c0f00000, 0x00000000c0ffff68, 0x00000000c1000000| 99%| O|  |TAMS 0x00000000c0ffff68, 0x00000000c0f00000| Untracked 
|  16|0x00000000c1000000, 0x00000000c10fffe8, 0x00000000c1100000| 99%| O|  |TAMS 0x00000000c10fffe8, 0x00000000c1000000| Untracked 
|  17|0x00000000c1100000, 0x00000000c1200000, 0x00000000c1200000|100%| O|  |TAMS 0x00000000c1200000, 0x00000000c1100000| Untracked 
|  18|0x00000000c1200000, 0x00000000c12fffe8, 0x00000000c1300000| 99%| O|  |TAMS 0x00000000c12fffe8, 0x00000000c1200000| Untracked 
|  19|0x00000000c1300000, 0x00000000c13fff00, 0x00000000c1400000| 99%| O|  |TAMS 0x00000000c13fff00, 0x00000000c1300000| Untracked 
|  20|0x00000000c1400000, 0x00000000c14ffff0, 0x00000000c1500000| 99%| O|  |TAMS 0x00000000c14ffff0, 0x00000000c1400000| Untracked 
|  21|0x00000000c1500000, 0x00000000c15ffff8, 0x00000000c1600000| 99%| O|  |TAMS 0x00000000c15ffff8, 0x00000000c1500000| Untracked 
|  22|0x00000000c1600000, 0x00000000c1700000, 0x00000000c1700000|100%| O|  |TAMS 0x00000000c1700000, 0x00000000c1600000| Untracked 
|  23|0x00000000c1700000, 0x00000000c1800000, 0x00000000c1800000|100%| O|  |TAMS 0x00000000c1800000, 0x00000000c1700000| Untracked 
|  24|0x00000000c1800000, 0x00000000c18fffd8, 0x00000000c1900000| 99%| O|  |TAMS 0x00000000c18fffd8, 0x00000000c1800000| Untracked 
|  25|0x00000000c1900000, 0x00000000c19ffff8, 0x00000000c1a00000| 99%| O|  |TAMS 0x00000000c19ffff8, 0x00000000c1900000| Untracked 
|  26|0x00000000c1a00000, 0x00000000c1affff0, 0x00000000c1b00000| 99%| O|  |TAMS 0x00000000c1affff0, 0x00000000c1a00000| Untracked 
|  27|0x00000000c1b00000, 0x00000000c1bfffa0, 0x00000000c1c00000| 99%| O|  |TAMS 0x00000000c1bfffa0, 0x00000000c1b00000| Untracked 
|  28|0x00000000c1c00000, 0x00000000c1cfff50, 0x00000000c1d00000| 99%| O|  |TAMS 0x00000000c1cfff50, 0x00000000c1c00000| Untracked 
|  29|0x00000000c1d00000, 0x00000000c1e00000, 0x00000000c1e00000|100%| O|  |TAMS 0x00000000c1e00000, 0x00000000c1d00000| Untracked 
|  30|0x00000000c1e00000, 0x00000000c1efffe8, 0x00000000c1f00000| 99%| O|  |TAMS 0x00000000c1efffe8, 0x00000000c1e00000| Untracked 
|  31|0x00000000c1f00000, 0x00000000c1fffff0, 0x00000000c2000000| 99%| O|  |TAMS 0x00000000c1fffff0, 0x00000000c1f00000| Untracked 
|  32|0x00000000c2000000, 0x00000000c20fffa0, 0x00000000c2100000| 99%| O|  |TAMS 0x00000000c20fffa0, 0x00000000c2000000| Untracked 
|  33|0x00000000c2100000, 0x00000000c21ffff0, 0x00000000c2200000| 99%| O|  |TAMS 0x00000000c21ffff0, 0x00000000c2100000| Untracked 
|  34|0x00000000c2200000, 0x00000000c22fff20, 0x00000000c2300000| 99%| O|  |TAMS 0x00000000c22fff20, 0x00000000c2200000| Untracked 
|  35|0x00000000c2300000, 0x00000000c23fffe0, 0x00000000c2400000| 99%| O|  |TAMS 0x00000000c23fffe0, 0x00000000c2300000| Untracked 
|  36|0x00000000c2400000, 0x00000000c24ffff8, 0x00000000c2500000| 99%| O|  |TAMS 0x00000000c24ffff8, 0x00000000c2400000| Untracked 
|  37|0x00000000c2500000, 0x00000000c25ffff8, 0x00000000c2600000| 99%| O|  |TAMS 0x00000000c25ffff8, 0x00000000c2500000| Untracked 
|  38|0x00000000c2600000, 0x00000000c26ffff8, 0x00000000c2700000| 99%| O|  |TAMS 0x00000000c26ffff8, 0x00000000c2600000| Untracked 
|  39|0x00000000c2700000, 0x00000000c27ff278, 0x00000000c2800000| 99%| O|  |TAMS 0x00000000c27ff278, 0x00000000c2700000| Untracked 
|  40|0x00000000c2800000, 0x00000000c28ffff8, 0x00000000c2900000| 99%| O|  |TAMS 0x00000000c28ffff8, 0x00000000c2800000| Untracked 
|  41|0x00000000c2900000, 0x00000000c29fffa0, 0x00000000c2a00000| 99%| O|  |TAMS 0x00000000c29fffa0, 0x00000000c2900000| Untracked 
|  42|0x00000000c2a00000, 0x00000000c2affff8, 0x00000000c2b00000| 99%| O|  |TAMS 0x00000000c2affff8, 0x00000000c2a00000| Untracked 
|  43|0x00000000c2b00000, 0x00000000c2bffff8, 0x00000000c2c00000| 99%| O|  |TAMS 0x00000000c2bffff8, 0x00000000c2b00000| Untracked 
|  44|0x00000000c2c00000, 0x00000000c2cffff8, 0x00000000c2d00000| 99%| O|  |TAMS 0x00000000c2cffff8, 0x00000000c2c00000| Untracked 
|  45|0x00000000c2d00000, 0x00000000c2dfffc8, 0x00000000c2e00000| 99%| O|  |TAMS 0x00000000c2dfffc8, 0x00000000c2d00000| Untracked 
|  46|0x00000000c2e00000, 0x00000000c2f00000, 0x00000000c2f00000|100%|HS|  |TAMS 0x00000000c2f00000, 0x00000000c2e00000| Untracked 
|  47|0x00000000c2f00000, 0x00000000c2fffff0, 0x00000000c3000000| 99%| O|  |TAMS 0x00000000c2fffff0, 0x00000000c2f00000| Untracked 
|  48|0x00000000c3000000, 0x00000000c30fffb8, 0x00000000c3100000| 99%| O|  |TAMS 0x00000000c30fffb8, 0x00000000c3000000| Untracked 
|  49|0x00000000c3100000, 0x00000000c3200000, 0x00000000c3200000|100%| O|  |TAMS 0x00000000c3200000, 0x00000000c3100000| Untracked 
|  50|0x00000000c3200000, 0x00000000c3300000, 0x00000000c3300000|100%| O|  |TAMS 0x00000000c3300000, 0x00000000c3200000| Untracked 
|  51|0x00000000c3300000, 0x00000000c33fffe0, 0x00000000c3400000| 99%| O|  |TAMS 0x00000000c33fffe0, 0x00000000c3300000| Untracked 
|  52|0x00000000c3400000, 0x00000000c34ffff8, 0x00000000c3500000| 99%| O|  |TAMS 0x00000000c34ffff8, 0x00000000c3400000| Untracked 
|  53|0x00000000c3500000, 0x00000000c35fab60, 0x00000000c3600000| 97%| O|  |TAMS 0x00000000c35fab60, 0x00000000c3500000| Untracked 
|  54|0x00000000c3600000, 0x00000000c36fff70, 0x00000000c3700000| 99%| O|  |TAMS 0x00000000c36fff70, 0x00000000c3600000| Untracked 
|  55|0x00000000c3700000, 0x00000000c3800000, 0x00000000c3800000|100%| O|  |TAMS 0x00000000c3800000, 0x00000000c3700000| Untracked 
|  56|0x00000000c3800000, 0x00000000c38febf0, 0x00000000c3900000| 99%| O|  |TAMS 0x00000000c38febf0, 0x00000000c3800000| Untracked 
|  57|0x00000000c3900000, 0x00000000c39fffe8, 0x00000000c3a00000| 99%| O|  |TAMS 0x00000000c39fffe8, 0x00000000c3900000| Untracked 
|  58|0x00000000c3a00000, 0x00000000c3aff690, 0x00000000c3b00000| 99%| O|  |TAMS 0x00000000c3aff690, 0x00000000c3a00000| Untracked 
|  59|0x00000000c3b00000, 0x00000000c3bfc6a8, 0x00000000c3c00000| 98%| O|  |TAMS 0x00000000c3bfc6a8, 0x00000000c3b00000| Untracked 
|  60|0x00000000c3c00000, 0x00000000c3d00000, 0x00000000c3d00000|100%| O|  |TAMS 0x00000000c3d00000, 0x00000000c3c00000| Untracked 
|  61|0x00000000c3d00000, 0x00000000c3dfba88, 0x00000000c3e00000| 98%| O|  |TAMS 0x00000000c3dfba88, 0x00000000c3d00000| Untracked 
|  62|0x00000000c3e00000, 0x00000000c3effff8, 0x00000000c3f00000| 99%| O|  |TAMS 0x00000000c3effff8, 0x00000000c3e00000| Untracked 
|  63|0x00000000c3f00000, 0x00000000c3ffffd8, 0x00000000c4000000| 99%| O|  |TAMS 0x00000000c3ffffd8, 0x00000000c3f00000| Untracked 
|  64|0x00000000c4000000, 0x00000000c40ffdc0, 0x00000000c4100000| 99%| O|  |TAMS 0x00000000c40ffdc0, 0x00000000c4000000| Untracked 
|  65|0x00000000c4100000, 0x00000000c41fffe8, 0x00000000c4200000| 99%| O|  |TAMS 0x00000000c41fffe8, 0x00000000c4100000| Untracked 
|  66|0x00000000c4200000, 0x00000000c42ffff8, 0x00000000c4300000| 99%| O|  |TAMS 0x00000000c42ffff8, 0x00000000c4200000| Untracked 
|  67|0x00000000c4300000, 0x00000000c43ffff0, 0x00000000c4400000| 99%| O|  |TAMS 0x00000000c43ffff0, 0x00000000c4300000| Untracked 
|  68|0x00000000c4400000, 0x00000000c44ffff8, 0x00000000c4500000| 99%| O|  |TAMS 0x00000000c44ffff8, 0x00000000c4400000| Untracked 
|  69|0x00000000c4500000, 0x00000000c45fe048, 0x00000000c4600000| 99%| O|  |TAMS 0x00000000c45fe048, 0x00000000c4500000| Untracked 
|  70|0x00000000c4600000, 0x00000000c46ffc18, 0x00000000c4700000| 99%| O|  |TAMS 0x00000000c46ffc18, 0x00000000c4600000| Untracked 
|  71|0x00000000c4700000, 0x00000000c47ffff0, 0x00000000c4800000| 99%| O|  |TAMS 0x00000000c47ffff0, 0x00000000c4700000| Untracked 
|  72|0x00000000c4800000, 0x00000000c4900000, 0x00000000c4900000|100%| O|  |TAMS 0x00000000c4900000, 0x00000000c4800000| Untracked 
|  73|0x00000000c4900000, 0x00000000c49ffe48, 0x00000000c4a00000| 99%| O|  |TAMS 0x00000000c49ffe48, 0x00000000c4900000| Untracked 
|  74|0x00000000c4a00000, 0x00000000c4ae03f8, 0x00000000c4b00000| 87%| O|  |TAMS 0x00000000c4a00000, 0x00000000c4a00000| Untracked 
|  75|0x00000000c4b00000, 0x00000000c4bfff78, 0x00000000c4c00000| 99%| O|  |TAMS 0x00000000c4bfff78, 0x00000000c4b00000| Untracked 
|  76|0x00000000c4c00000, 0x00000000c4ccad80, 0x00000000c4d00000| 79%| O|  |TAMS 0x00000000c4c00000, 0x00000000c4c00000| Untracked 
|  77|0x00000000c4d00000, 0x00000000c4e00000, 0x00000000c4e00000|100%| O|  |TAMS 0x00000000c4e00000, 0x00000000c4d00000| Untracked 
|  78|0x00000000c4e00000, 0x00000000c4f00000, 0x00000000c4f00000|100%| O|  |TAMS 0x00000000c4f00000, 0x00000000c4e00000| Untracked 
|  79|0x00000000c4f00000, 0x00000000c4f8c4e0, 0x00000000c5000000| 54%| O|  |TAMS 0x00000000c4f00000, 0x00000000c4f00000| Untracked 
|  80|0x00000000c5000000, 0x00000000c5000068, 0x00000000c5100000|  0%| O|  |TAMS 0x00000000c5000000, 0x00000000c5000000| Untracked 
|  81|0x00000000c5100000, 0x00000000c5100000, 0x00000000c5200000|  0%| F|  |TAMS 0x00000000c5100000, 0x00000000c5100000| Untracked 
|  82|0x00000000c5200000, 0x00000000c5200000, 0x00000000c5300000|  0%| F|  |TAMS 0x00000000c5200000, 0x00000000c5200000| Untracked 
|  83|0x00000000c5300000, 0x00000000c5300000, 0x00000000c5400000|  0%| F|  |TAMS 0x00000000c5300000, 0x00000000c5300000| Untracked 
|  84|0x00000000c5400000, 0x00000000c5400000, 0x00000000c5500000|  0%| F|  |TAMS 0x00000000c5400000, 0x00000000c5400000| Untracked 
|  85|0x00000000c5500000, 0x00000000c5500000, 0x00000000c5600000|  0%| F|  |TAMS 0x00000000c5500000, 0x00000000c5500000| Untracked 
|  86|0x00000000c5600000, 0x00000000c5600000, 0x00000000c5700000|  0%| F|  |TAMS 0x00000000c5600000, 0x00000000c5600000| Untracked 
|  87|0x00000000c5700000, 0x00000000c5700000, 0x00000000c5800000|  0%| F|  |TAMS 0x00000000c5700000, 0x00000000c5700000| Untracked 
|  88|0x00000000c5800000, 0x00000000c5800000, 0x00000000c5900000|  0%| F|  |TAMS 0x00000000c5800000, 0x00000000c5800000| Untracked 
|  89|0x00000000c5900000, 0x00000000c5900000, 0x00000000c5a00000|  0%| F|  |TAMS 0x00000000c5900000, 0x00000000c5900000| Untracked 
|  90|0x00000000c5a00000, 0x00000000c5a00000, 0x00000000c5b00000|  0%| F|  |TAMS 0x00000000c5a00000, 0x00000000c5a00000| Untracked 
|  91|0x00000000c5b00000, 0x00000000c5b00000, 0x00000000c5c00000|  0%| F|  |TAMS 0x00000000c5b00000, 0x00000000c5b00000| Untracked 
|  92|0x00000000c5c00000, 0x00000000c5c00000, 0x00000000c5d00000|  0%| F|  |TAMS 0x00000000c5c00000, 0x00000000c5c00000| Untracked 
|  93|0x00000000c5d00000, 0x00000000c5d00000, 0x00000000c5e00000|  0%| F|  |TAMS 0x00000000c5d00000, 0x00000000c5d00000| Untracked 
|  94|0x00000000c5e00000, 0x00000000c5e00000, 0x00000000c5f00000|  0%| F|  |TAMS 0x00000000c5e00000, 0x00000000c5e00000| Untracked 
|  95|0x00000000c5f00000, 0x00000000c5f00000, 0x00000000c6000000|  0%| F|  |TAMS 0x00000000c5f00000, 0x00000000c5f00000| Untracked 
|  96|0x00000000c6000000, 0x00000000c6000000, 0x00000000c6100000|  0%| F|  |TAMS 0x00000000c6000000, 0x00000000c6000000| Untracked 
|  97|0x00000000c6100000, 0x00000000c6100000, 0x00000000c6200000|  0%| F|  |TAMS 0x00000000c6100000, 0x00000000c6100000| Untracked 
|  98|0x00000000c6200000, 0x00000000c6200000, 0x00000000c6300000|  0%| F|  |TAMS 0x00000000c6200000, 0x00000000c6200000| Untracked 
|  99|0x00000000c6300000, 0x00000000c6300000, 0x00000000c6400000|  0%| F|  |TAMS 0x00000000c6300000, 0x00000000c6300000| Untracked 
| 100|0x00000000c6400000, 0x00000000c6400000, 0x00000000c6500000|  0%| F|  |TAMS 0x00000000c6400000, 0x00000000c6400000| Untracked 
| 101|0x00000000c6500000, 0x00000000c6500000, 0x00000000c6600000|  0%| F|  |TAMS 0x00000000c6500000, 0x00000000c6500000| Untracked 
| 102|0x00000000c6600000, 0x00000000c6600000, 0x00000000c6700000|  0%| F|  |TAMS 0x00000000c6600000, 0x00000000c6600000| Untracked 
| 103|0x00000000c6700000, 0x00000000c6700000, 0x00000000c6800000|  0%| F|  |TAMS 0x00000000c6700000, 0x00000000c6700000| Untracked 
| 104|0x00000000c6800000, 0x00000000c6800000, 0x00000000c6900000|  0%| F|  |TAMS 0x00000000c6800000, 0x00000000c6800000| Untracked 
| 105|0x00000000c6900000, 0x00000000c6900000, 0x00000000c6a00000|  0%| F|  |TAMS 0x00000000c6900000, 0x00000000c6900000| Untracked 
| 106|0x00000000c6a00000, 0x00000000c6a00000, 0x00000000c6b00000|  0%| F|  |TAMS 0x00000000c6a00000, 0x00000000c6a00000| Untracked 
| 107|0x00000000c6b00000, 0x00000000c6b00000, 0x00000000c6c00000|  0%| F|  |TAMS 0x00000000c6b00000, 0x00000000c6b00000| Untracked 
| 108|0x00000000c6c00000, 0x00000000c6c00000, 0x00000000c6d00000|  0%| F|  |TAMS 0x00000000c6c00000, 0x00000000c6c00000| Untracked 
| 109|0x00000000c6d00000, 0x00000000c6d00000, 0x00000000c6e00000|  0%| F|  |TAMS 0x00000000c6d00000, 0x00000000c6d00000| Untracked 
| 110|0x00000000c6e00000, 0x00000000c6e00000, 0x00000000c6f00000|  0%| F|  |TAMS 0x00000000c6e00000, 0x00000000c6e00000| Untracked 
| 111|0x00000000c6f00000, 0x00000000c6f00000, 0x00000000c7000000|  0%| F|  |TAMS 0x00000000c6f00000, 0x00000000c6f00000| Untracked 
| 112|0x00000000c7000000, 0x00000000c7000000, 0x00000000c7100000|  0%| F|  |TAMS 0x00000000c7000000, 0x00000000c7000000| Untracked 
| 113|0x00000000c7100000, 0x00000000c7100000, 0x00000000c7200000|  0%| F|  |TAMS 0x00000000c7100000, 0x00000000c7100000| Untracked 
| 114|0x00000000c7200000, 0x00000000c7200000, 0x00000000c7300000|  0%| F|  |TAMS 0x00000000c7200000, 0x00000000c7200000| Untracked 
| 115|0x00000000c7300000, 0x00000000c7300000, 0x00000000c7400000|  0%| F|  |TAMS 0x00000000c7300000, 0x00000000c7300000| Untracked 
| 116|0x00000000c7400000, 0x00000000c7400000, 0x00000000c7500000|  0%| F|  |TAMS 0x00000000c7400000, 0x00000000c7400000| Untracked 
| 117|0x00000000c7500000, 0x00000000c7500000, 0x00000000c7600000|  0%| F|  |TAMS 0x00000000c7500000, 0x00000000c7500000| Untracked 
| 118|0x00000000c7600000, 0x00000000c7600000, 0x00000000c7700000|  0%| F|  |TAMS 0x00000000c7600000, 0x00000000c7600000| Untracked 
| 119|0x00000000c7700000, 0x00000000c7700000, 0x00000000c7800000|  0%| F|  |TAMS 0x00000000c7700000, 0x00000000c7700000| Untracked 
| 120|0x00000000c7800000, 0x00000000c7800000, 0x00000000c7900000|  0%| F|  |TAMS 0x00000000c7800000, 0x00000000c7800000| Untracked 
| 121|0x00000000c7900000, 0x00000000c7900000, 0x00000000c7a00000|  0%| F|  |TAMS 0x00000000c7900000, 0x00000000c7900000| Untracked 
| 122|0x00000000c7a00000, 0x00000000c7a00000, 0x00000000c7b00000|  0%| F|  |TAMS 0x00000000c7a00000, 0x00000000c7a00000| Untracked 
| 123|0x00000000c7b00000, 0x00000000c7b00000, 0x00000000c7c00000|  0%| F|  |TAMS 0x00000000c7b00000, 0x00000000c7b00000| Untracked 
| 124|0x00000000c7c00000, 0x00000000c7c00000, 0x00000000c7d00000|  0%| F|  |TAMS 0x00000000c7c00000, 0x00000000c7c00000| Untracked 
| 125|0x00000000c7d00000, 0x00000000c7d00000, 0x00000000c7e00000|  0%| F|  |TAMS 0x00000000c7d00000, 0x00000000c7d00000| Untracked 
| 126|0x00000000c7e00000, 0x00000000c7e00000, 0x00000000c7f00000|  0%| F|  |TAMS 0x00000000c7e00000, 0x00000000c7e00000| Untracked 
| 127|0x00000000c7f00000, 0x00000000c7f00000, 0x00000000c8000000|  0%| F|  |TAMS 0x00000000c7f00000, 0x00000000c7f00000| Untracked 
| 128|0x00000000c8000000, 0x00000000c8000000, 0x00000000c8100000|  0%| F|  |TAMS 0x00000000c8000000, 0x00000000c8000000| Untracked 
| 129|0x00000000c8100000, 0x00000000c8100000, 0x00000000c8200000|  0%| F|  |TAMS 0x00000000c8100000, 0x00000000c8100000| Untracked 
| 130|0x00000000c8200000, 0x00000000c8200000, 0x00000000c8300000|  0%| F|  |TAMS 0x00000000c8200000, 0x00000000c8200000| Untracked 
| 131|0x00000000c8300000, 0x00000000c8300000, 0x00000000c8400000|  0%| F|  |TAMS 0x00000000c8300000, 0x00000000c8300000| Untracked 
| 132|0x00000000c8400000, 0x00000000c8400000, 0x00000000c8500000|  0%| F|  |TAMS 0x00000000c8400000, 0x00000000c8400000| Untracked 
| 133|0x00000000c8500000, 0x00000000c8500000, 0x00000000c8600000|  0%| F|  |TAMS 0x00000000c8500000, 0x00000000c8500000| Untracked 
| 134|0x00000000c8600000, 0x00000000c8600000, 0x00000000c8700000|  0%| F|  |TAMS 0x00000000c8600000, 0x00000000c8600000| Untracked 
| 135|0x00000000c8700000, 0x00000000c8700000, 0x00000000c8800000|  0%| F|  |TAMS 0x00000000c8700000, 0x00000000c8700000| Untracked 
| 136|0x00000000c8800000, 0x00000000c8800000, 0x00000000c8900000|  0%| F|  |TAMS 0x00000000c8800000, 0x00000000c8800000| Untracked 
| 137|0x00000000c8900000, 0x00000000c8900000, 0x00000000c8a00000|  0%| F|  |TAMS 0x00000000c8900000, 0x00000000c8900000| Untracked 
| 138|0x00000000c8a00000, 0x00000000c8a00000, 0x00000000c8b00000|  0%| F|  |TAMS 0x00000000c8a00000, 0x00000000c8a00000| Untracked 
| 139|0x00000000c8b00000, 0x00000000c8b00000, 0x00000000c8c00000|  0%| F|  |TAMS 0x00000000c8b00000, 0x00000000c8b00000| Untracked 
| 140|0x00000000c8c00000, 0x00000000c8c00000, 0x00000000c8d00000|  0%| F|  |TAMS 0x00000000c8c00000, 0x00000000c8c00000| Untracked 
| 141|0x00000000c8d00000, 0x00000000c8d00000, 0x00000000c8e00000|  0%| F|  |TAMS 0x00000000c8d00000, 0x00000000c8d00000| Untracked 
| 142|0x00000000c8e00000, 0x00000000c8e00000, 0x00000000c8f00000|  0%| F|  |TAMS 0x00000000c8e00000, 0x00000000c8e00000| Untracked 
| 143|0x00000000c8f00000, 0x00000000c8f00000, 0x00000000c9000000|  0%| F|  |TAMS 0x00000000c8f00000, 0x00000000c8f00000| Untracked 
| 144|0x00000000c9000000, 0x00000000c9000000, 0x00000000c9100000|  0%| F|  |TAMS 0x00000000c9000000, 0x00000000c9000000| Untracked 
| 145|0x00000000c9100000, 0x00000000c9100000, 0x00000000c9200000|  0%| F|  |TAMS 0x00000000c9100000, 0x00000000c9100000| Untracked 
| 146|0x00000000c9200000, 0x00000000c9200000, 0x00000000c9300000|  0%| F|  |TAMS 0x00000000c9200000, 0x00000000c9200000| Untracked 
| 147|0x00000000c9300000, 0x00000000c9300000, 0x00000000c9400000|  0%| F|  |TAMS 0x00000000c9300000, 0x00000000c9300000| Untracked 
| 148|0x00000000c9400000, 0x00000000c9400000, 0x00000000c9500000|  0%| F|  |TAMS 0x00000000c9400000, 0x00000000c9400000| Untracked 
| 149|0x00000000c9500000, 0x00000000c9500000, 0x00000000c9600000|  0%| F|  |TAMS 0x00000000c9500000, 0x00000000c9500000| Untracked 
| 150|0x00000000c9600000, 0x00000000c9600000, 0x00000000c9700000|  0%| F|  |TAMS 0x00000000c9600000, 0x00000000c9600000| Untracked 
| 151|0x00000000c9700000, 0x00000000c9700000, 0x00000000c9800000|  0%| F|  |TAMS 0x00000000c9700000, 0x00000000c9700000| Untracked 
| 152|0x00000000c9800000, 0x00000000c9800000, 0x00000000c9900000|  0%| F|  |TAMS 0x00000000c9800000, 0x00000000c9800000| Untracked 
| 153|0x00000000c9900000, 0x00000000c9900000, 0x00000000c9a00000|  0%| F|  |TAMS 0x00000000c9900000, 0x00000000c9900000| Untracked 
| 154|0x00000000c9a00000, 0x00000000c9a00000, 0x00000000c9b00000|  0%| F|  |TAMS 0x00000000c9a00000, 0x00000000c9a00000| Untracked 
| 155|0x00000000c9b00000, 0x00000000c9b00000, 0x00000000c9c00000|  0%| F|  |TAMS 0x00000000c9b00000, 0x00000000c9b00000| Untracked 
| 156|0x00000000c9c00000, 0x00000000c9c00000, 0x00000000c9d00000|  0%| F|  |TAMS 0x00000000c9c00000, 0x00000000c9c00000| Untracked 
| 157|0x00000000c9d00000, 0x00000000c9d00000, 0x00000000c9e00000|  0%| F|  |TAMS 0x00000000c9d00000, 0x00000000c9d00000| Untracked 
| 158|0x00000000c9e00000, 0x00000000c9e00000, 0x00000000c9f00000|  0%| F|  |TAMS 0x00000000c9e00000, 0x00000000c9e00000| Untracked 
| 159|0x00000000c9f00000, 0x00000000c9f00000, 0x00000000ca000000|  0%| F|  |TAMS 0x00000000c9f00000, 0x00000000c9f00000| Untracked 
| 160|0x00000000ca000000, 0x00000000ca000000, 0x00000000ca100000|  0%| F|  |TAMS 0x00000000ca000000, 0x00000000ca000000| Untracked 
| 161|0x00000000ca100000, 0x00000000ca100000, 0x00000000ca200000|  0%| F|  |TAMS 0x00000000ca100000, 0x00000000ca100000| Untracked 
| 162|0x00000000ca200000, 0x00000000ca200000, 0x00000000ca300000|  0%| F|  |TAMS 0x00000000ca200000, 0x00000000ca200000| Untracked 
| 163|0x00000000ca300000, 0x00000000ca300000, 0x00000000ca400000|  0%| F|  |TAMS 0x00000000ca300000, 0x00000000ca300000| Untracked 
| 164|0x00000000ca400000, 0x00000000ca400000, 0x00000000ca500000|  0%| F|  |TAMS 0x00000000ca400000, 0x00000000ca400000| Untracked 
| 165|0x00000000ca500000, 0x00000000ca500000, 0x00000000ca600000|  0%| F|  |TAMS 0x00000000ca500000, 0x00000000ca500000| Untracked 
| 166|0x00000000ca600000, 0x00000000ca600000, 0x00000000ca700000|  0%| F|  |TAMS 0x00000000ca600000, 0x00000000ca600000| Untracked 
| 167|0x00000000ca700000, 0x00000000ca700000, 0x00000000ca800000|  0%| F|  |TAMS 0x00000000ca700000, 0x00000000ca700000| Untracked 
| 168|0x00000000ca800000, 0x00000000ca800000, 0x00000000ca900000|  0%| F|  |TAMS 0x00000000ca800000, 0x00000000ca800000| Untracked 
| 169|0x00000000ca900000, 0x00000000ca900000, 0x00000000caa00000|  0%| F|  |TAMS 0x00000000ca900000, 0x00000000ca900000| Untracked 
| 170|0x00000000caa00000, 0x00000000caa00000, 0x00000000cab00000|  0%| F|  |TAMS 0x00000000caa00000, 0x00000000caa00000| Untracked 
| 171|0x00000000cab00000, 0x00000000cab00000, 0x00000000cac00000|  0%| F|  |TAMS 0x00000000cab00000, 0x00000000cab00000| Untracked 
| 172|0x00000000cac00000, 0x00000000cac00000, 0x00000000cad00000|  0%| F|  |TAMS 0x00000000cac00000, 0x00000000cac00000| Untracked 
| 173|0x00000000cad00000, 0x00000000cad00000, 0x00000000cae00000|  0%| F|  |TAMS 0x00000000cad00000, 0x00000000cad00000| Untracked 
| 174|0x00000000cae00000, 0x00000000cae00000, 0x00000000caf00000|  0%| F|  |TAMS 0x00000000cae00000, 0x00000000cae00000| Untracked 
| 175|0x00000000caf00000, 0x00000000caf00000, 0x00000000cb000000|  0%| F|  |TAMS 0x00000000caf00000, 0x00000000caf00000| Untracked 
| 176|0x00000000cb000000, 0x00000000cb000000, 0x00000000cb100000|  0%| F|  |TAMS 0x00000000cb000000, 0x00000000cb000000| Untracked 
| 177|0x00000000cb100000, 0x00000000cb100000, 0x00000000cb200000|  0%| F|  |TAMS 0x00000000cb100000, 0x00000000cb100000| Untracked 
| 178|0x00000000cb200000, 0x00000000cb200000, 0x00000000cb300000|  0%| F|  |TAMS 0x00000000cb200000, 0x00000000cb200000| Untracked 
| 179|0x00000000cb300000, 0x00000000cb300000, 0x00000000cb400000|  0%| F|  |TAMS 0x00000000cb300000, 0x00000000cb300000| Untracked 
| 180|0x00000000cb400000, 0x00000000cb400000, 0x00000000cb500000|  0%| F|  |TAMS 0x00000000cb400000, 0x00000000cb400000| Untracked 
| 181|0x00000000cb500000, 0x00000000cb500000, 0x00000000cb600000|  0%| F|  |TAMS 0x00000000cb500000, 0x00000000cb500000| Untracked 
| 182|0x00000000cb600000, 0x00000000cb600000, 0x00000000cb700000|  0%| F|  |TAMS 0x00000000cb600000, 0x00000000cb600000| Untracked 
| 183|0x00000000cb700000, 0x00000000cb700000, 0x00000000cb800000|  0%| F|  |TAMS 0x00000000cb700000, 0x00000000cb700000| Untracked 
| 184|0x00000000cb800000, 0x00000000cb800000, 0x00000000cb900000|  0%| F|  |TAMS 0x00000000cb800000, 0x00000000cb800000| Untracked 
| 185|0x00000000cb900000, 0x00000000cb900000, 0x00000000cba00000|  0%| F|  |TAMS 0x00000000cb900000, 0x00000000cb900000| Untracked 
| 186|0x00000000cba00000, 0x00000000cba00000, 0x00000000cbb00000|  0%| F|  |TAMS 0x00000000cba00000, 0x00000000cba00000| Untracked 
| 187|0x00000000cbb00000, 0x00000000cbb00000, 0x00000000cbc00000|  0%| F|  |TAMS 0x00000000cbb00000, 0x00000000cbb00000| Untracked 
| 188|0x00000000cbc00000, 0x00000000cbc00000, 0x00000000cbd00000|  0%| F|  |TAMS 0x00000000cbc00000, 0x00000000cbc00000| Untracked 
| 189|0x00000000cbd00000, 0x00000000cbd00000, 0x00000000cbe00000|  0%| F|  |TAMS 0x00000000cbd00000, 0x00000000cbd00000| Untracked 
| 190|0x00000000cbe00000, 0x00000000cbe00000, 0x00000000cbf00000|  0%| F|  |TAMS 0x00000000cbe00000, 0x00000000cbe00000| Untracked 
| 191|0x00000000cbf00000, 0x00000000cbf00000, 0x00000000cc000000|  0%| F|  |TAMS 0x00000000cbf00000, 0x00000000cbf00000| Untracked 
| 192|0x00000000cc000000, 0x00000000cc000000, 0x00000000cc100000|  0%| F|  |TAMS 0x00000000cc000000, 0x00000000cc000000| Untracked 
| 193|0x00000000cc100000, 0x00000000cc100000, 0x00000000cc200000|  0%| F|  |TAMS 0x00000000cc100000, 0x00000000cc100000| Untracked 
| 194|0x00000000cc200000, 0x00000000cc200000, 0x00000000cc300000|  0%| F|  |TAMS 0x00000000cc200000, 0x00000000cc200000| Untracked 
| 195|0x00000000cc300000, 0x00000000cc300000, 0x00000000cc400000|  0%| F|  |TAMS 0x00000000cc300000, 0x00000000cc300000| Untracked 
| 196|0x00000000cc400000, 0x00000000cc400000, 0x00000000cc500000|  0%| F|  |TAMS 0x00000000cc400000, 0x00000000cc400000| Untracked 
| 197|0x00000000cc500000, 0x00000000cc500000, 0x00000000cc600000|  0%| F|  |TAMS 0x00000000cc500000, 0x00000000cc500000| Untracked 
| 198|0x00000000cc600000, 0x00000000cc600000, 0x00000000cc700000|  0%| F|  |TAMS 0x00000000cc600000, 0x00000000cc600000| Untracked 
| 199|0x00000000cc700000, 0x00000000cc700000, 0x00000000cc800000|  0%| F|  |TAMS 0x00000000cc700000, 0x00000000cc700000| Untracked 
| 200|0x00000000cc800000, 0x00000000cc800000, 0x00000000cc900000|  0%| F|  |TAMS 0x00000000cc800000, 0x00000000cc800000| Untracked 
| 201|0x00000000cc900000, 0x00000000cc900000, 0x00000000cca00000|  0%| F|  |TAMS 0x00000000cc900000, 0x00000000cc900000| Untracked 
| 202|0x00000000cca00000, 0x00000000cca00000, 0x00000000ccb00000|  0%| F|  |TAMS 0x00000000cca00000, 0x00000000cca00000| Untracked 
| 203|0x00000000ccb00000, 0x00000000ccb00000, 0x00000000ccc00000|  0%| F|  |TAMS 0x00000000ccb00000, 0x00000000ccb00000| Untracked 
| 204|0x00000000ccc00000, 0x00000000ccc00000, 0x00000000ccd00000|  0%| F|  |TAMS 0x00000000ccc00000, 0x00000000ccc00000| Untracked 
| 205|0x00000000ccd00000, 0x00000000ccd00000, 0x00000000cce00000|  0%| F|  |TAMS 0x00000000ccd00000, 0x00000000ccd00000| Untracked 
| 206|0x00000000cce00000, 0x00000000cce00000, 0x00000000ccf00000|  0%| F|  |TAMS 0x00000000cce00000, 0x00000000cce00000| Untracked 
| 207|0x00000000ccf00000, 0x00000000ccf00000, 0x00000000cd000000|  0%| F|  |TAMS 0x00000000ccf00000, 0x00000000ccf00000| Untracked 
| 208|0x00000000cd000000, 0x00000000cd000000, 0x00000000cd100000|  0%| F|  |TAMS 0x00000000cd000000, 0x00000000cd000000| Untracked 
| 209|0x00000000cd100000, 0x00000000cd100000, 0x00000000cd200000|  0%| F|  |TAMS 0x00000000cd100000, 0x00000000cd100000| Untracked 
| 210|0x00000000cd200000, 0x00000000cd200000, 0x00000000cd300000|  0%| F|  |TAMS 0x00000000cd200000, 0x00000000cd200000| Untracked 
| 211|0x00000000cd300000, 0x00000000cd300000, 0x00000000cd400000|  0%| F|  |TAMS 0x00000000cd300000, 0x00000000cd300000| Untracked 
| 212|0x00000000cd400000, 0x00000000cd400000, 0x00000000cd500000|  0%| F|  |TAMS 0x00000000cd400000, 0x00000000cd400000| Untracked 
| 213|0x00000000cd500000, 0x00000000cd5058a8, 0x00000000cd600000|  2%| E|  |TAMS 0x00000000cd500000, 0x00000000cd500000| Complete 

Card table byte_map: [0x000002386b030000,0x000002386b230000] _byte_map_base: 0x000002386aa30000

Marking Bits (Prev, Next): (CMBitMap*) 0x00000238650b6f90, (CMBitMap*) 0x00000238650b6fd0
 Prev Bits: [0x000002386b430000, 0x000002386c430000)
 Next Bits: [0x000002386c430000, 0x000002386d430000)

Polling page: 0x0000023864840000

Metaspace:

Usage:
  Non-class:     54.02 MB used.
      Class:      7.96 MB used.
       Both:     61.98 MB used.

Virtual space:
  Non-class space:       64.00 MB reserved,      54.25 MB ( 85%) committed,  1 nodes.
      Class space:        1.00 GB reserved,       8.12 MB ( <1%) committed,  1 nodes.
             Both:        1.06 GB reserved,      62.38 MB (  6%) committed. 

Chunk freelists:
   Non-Class:  9.60 MB
       Class:  7.70 MB
        Both:  17.30 MB

MaxMetaspaceSize: unlimited
CompressedClassSpaceSize: 1.00 GB
Initial GC threshold: 21.00 MB
Current GC threshold: 103.75 MB
CDS: off
MetaspaceReclaimPolicy: balanced
 - commit_granule_bytes: 65536.
 - commit_granule_words: 8192.
 - virtual_space_node_default_size: 8388608.
 - enlarge_chunks_in_place: 1.
 - new_chunks_are_fully_committed: 0.
 - uncommit_free_chunks: 1.
 - use_allocation_guard: 0.
 - handle_deallocations: 1.


Internal statistics:

num_allocs_failed_limit: 11.
num_arena_births: 1104.
num_arena_deaths: 566.
num_vsnodes_births: 2.
num_vsnodes_deaths: 0.
num_space_committed: 1000.
num_space_uncommitted: 3.
num_chunks_returned_to_freelist: 725.
num_chunks_taken_from_freelist: 3393.
num_chunk_merges: 280.
num_chunk_splits: 2123.
num_chunks_enlarged: 1461.
num_inconsistent_stats: 0.

CodeCache: size=49152Kb used=25882Kb max_used=26986Kb free=23269Kb
 bounds [0x0000023867d20000, 0x0000023869800000, 0x000002386ad20000]
 total_blobs=13807 nmethods=13140 adapters=590
 compilation: enabled
              stopped_count=0, restarted_count=0
 full_count=0

Compilation events (20 events):
Event: 52252.057 Thread 0x00000238741466a0 13332       1       java.lang.invoke.LambdaFormBuffer::insertExpression (30 bytes)
Event: 52252.057 Thread 0x00000238741466a0 nmethod 13332 0x0000023869658d90 code [0x0000023869658f20, 0x0000023869659008]
Event: 52278.985 Thread 0x00000238741466a0 13333       1       org.springframework.ide.vscode.commons.util.text.linetracker.TreeLineTracker::rotateRight (90 bytes)
Event: 52278.985 Thread 0x00000238741466a0 nmethod 13333 0x0000023869658890 code [0x0000023869658a40, 0x0000023869658c08]
Event: 52375.222 Thread 0x00000238741466a0 13334       1       org.springframework.ide.vscode.boot.java.spel.JdtSpelSemanticTokensProvider$1$$Lambda$1273/0x00000001007c2998::apply (8 bytes)
Event: 52375.222 Thread 0x00000238741466a0 nmethod 13334 0x0000023869658390 code [0x0000023869658540, 0x0000023869658728]
Event: 52375.222 Thread 0x00000238741466a0 13335       1       org.springframework.ide.vscode.boot.java.spel.JdtSpelSemanticTokensProvider$1::lambda$visit$6 (8 bytes)
Event: 52375.222 Thread 0x00000238741466a0 nmethod 13335 0x0000023869657f10 code [0x00000238696580c0, 0x0000023869658248]
Event: 52375.222 Thread 0x00000238741466a0 13336       1       org.springframework.ide.vscode.boot.java.spel.JdtSpelSemanticTokensProvider$1$$Lambda$1274/0x00000001007c2bd0::accept (16 bytes)
Event: 52375.223 Thread 0x00000238741466a0 nmethod 13336 0x0000023869657810 code [0x00000238696579e0, 0x0000023869657cb8]
Event: 52375.223 Thread 0x00000238741466a0 13337       1       org.springframework.ide.vscode.boot.java.spel.JdtSpelSemanticTokensProvider$1::lambda$visit$7 (35 bytes)
Event: 52375.223 Thread 0x00000238741466a0 nmethod 13337 0x0000023869657190 code [0x0000023869657360, 0x00000238696575d8]
Event: 52375.223 Thread 0x00000238741466a0 13338       1       org.springframework.ide.vscode.boot.java.spel.SpelSemanticTokens::computeTokens (153 bytes)
Event: 52375.225 Thread 0x00000238741466a0 nmethod 13338 0x0000023869655790 code [0x0000023869655aa0, 0x0000023869656b18]
Event: 52375.226 Thread 0x00000238741466a0 13339       1       org.springframework.ide.vscode.boot.java.spel.SpelSemanticTokens$1::<init> (26 bytes)
Event: 52375.226 Thread 0x00000238741466a0 nmethod 13339 0x0000023869655390 code [0x0000023869655520, 0x00000238696556f8]
Event: 52375.226 Thread 0x00000238741466a0 13340       1       org.springframework.ide.vscode.parser.spel.SpelParserBaseListener::<init> (5 bytes)
Event: 52375.226 Thread 0x00000238741466a0 nmethod 13340 0x0000023869655090 code [0x0000023869655220, 0x00000238696552d8]
Event: 52375.226 Thread 0x00000238741466a0 13341       1       org.springframework.ide.vscode.boot.java.spel.SpelSemanticTokens$$Lambda$1275/0x00000001007e0f78::<init> (10 bytes)
Event: 52375.226 Thread 0x00000238741466a0 nmethod 13341 0x0000023869654d90 code [0x0000023869654f20, 0x0000023869654ff8]

GC Heap History (20 events):
Event: 59790.173 GC heap after
{Heap after GC invocations=3649 (full 3095):
 garbage-first heap   total 219136K, used 81042K [0x00000000c0000000, 0x0000000100000000)
  region size 1024K, 0 young (0K), 0 survivors (0K)
 Metaspace       used 63470K, committed 63872K, reserved 1114112K
  class space    used 8148K, committed 8320K, reserved 1048576K
}
Event: 59800.456 GC heap before
{Heap before GC invocations=3649 (full 3095):
 garbage-first heap   total 219136K, used 81042K [0x00000000c0000000, 0x0000000100000000)
  region size 1024K, 1 young (1024K), 0 survivors (0K)
 Metaspace       used 63470K, committed 63872K, reserved 1114112K
  class space    used 8148K, committed 8320K, reserved 1048576K
}
Event: 59800.504 GC heap after
{Heap after GC invocations=3650 (full 3096):
 garbage-first heap   total 219136K, used 81042K [0x00000000c0000000, 0x0000000100000000)
  region size 1024K, 0 young (0K), 0 survivors (0K)
 Metaspace       used 63470K, committed 63872K, reserved 1114112K
  class space    used 8148K, committed 8320K, reserved 1048576K
}
Event: 59810.683 GC heap before
{Heap before GC invocations=3650 (full 3096):
 garbage-first heap   total 219136K, used 81042K [0x00000000c0000000, 0x0000000100000000)
  region size 1024K, 1 young (1024K), 0 survivors (0K)
 Metaspace       used 63470K, committed 63872K, reserved 1114112K
  class space    used 8148K, committed 8320K, reserved 1048576K
}
Event: 59810.729 GC heap after
{Heap after GC invocations=3651 (full 3097):
 garbage-first heap   total 219136K, used 81042K [0x00000000c0000000, 0x0000000100000000)
  region size 1024K, 0 young (0K), 0 survivors (0K)
 Metaspace       used 63470K, committed 63872K, reserved 1114112K
  class space    used 8148K, committed 8320K, reserved 1048576K
}
Event: 59820.926 GC heap before
{Heap before GC invocations=3651 (full 3097):
 garbage-first heap   total 219136K, used 81042K [0x00000000c0000000, 0x0000000100000000)
  region size 1024K, 1 young (1024K), 0 survivors (0K)
 Metaspace       used 63470K, committed 63872K, reserved 1114112K
  class space    used 8148K, committed 8320K, reserved 1048576K
}
Event: 59820.973 GC heap after
{Heap after GC invocations=3652 (full 3098):
 garbage-first heap   total 219136K, used 81042K [0x00000000c0000000, 0x0000000100000000)
  region size 1024K, 0 young (0K), 0 survivors (0K)
 Metaspace       used 63470K, committed 63872K, reserved 1114112K
  class space    used 8148K, committed 8320K, reserved 1048576K
}
Event: 59831.154 GC heap before
{Heap before GC invocations=3652 (full 3098):
 garbage-first heap   total 219136K, used 81042K [0x00000000c0000000, 0x0000000100000000)
  region size 1024K, 1 young (1024K), 0 survivors (0K)
 Metaspace       used 63470K, committed 63872K, reserved 1114112K
  class space    used 8148K, committed 8320K, reserved 1048576K
}
Event: 59831.198 GC heap after
{Heap after GC invocations=3653 (full 3099):
 garbage-first heap   total 219136K, used 81042K [0x00000000c0000000, 0x0000000100000000)
  region size 1024K, 0 young (0K), 0 survivors (0K)
 Metaspace       used 63470K, committed 63872K, reserved 1114112K
  class space    used 8148K, committed 8320K, reserved 1048576K
}
Event: 59841.367 GC heap before
{Heap before GC invocations=3653 (full 3099):
 garbage-first heap   total 219136K, used 81042K [0x00000000c0000000, 0x0000000100000000)
  region size 1024K, 1 young (1024K), 0 survivors (0K)
 Metaspace       used 63470K, committed 63872K, reserved 1114112K
  class space    used 8148K, committed 8320K, reserved 1048576K
}
Event: 59841.406 GC heap after
{Heap after GC invocations=3654 (full 3100):
 garbage-first heap   total 219136K, used 81042K [0x00000000c0000000, 0x0000000100000000)
  region size 1024K, 0 young (0K), 0 survivors (0K)
 Metaspace       used 63470K, committed 63872K, reserved 1114112K
  class space    used 8148K, committed 8320K, reserved 1048576K
}
Event: 59851.576 GC heap before
{Heap before GC invocations=3654 (full 3100):
 garbage-first heap   total 219136K, used 81042K [0x00000000c0000000, 0x0000000100000000)
  region size 1024K, 1 young (1024K), 0 survivors (0K)
 Metaspace       used 63470K, committed 63872K, reserved 1114112K
  class space    used 8148K, committed 8320K, reserved 1048576K
}
Event: 59851.619 GC heap after
{Heap after GC invocations=3655 (full 3101):
 garbage-first heap   total 219136K, used 81042K [0x00000000c0000000, 0x0000000100000000)
  region size 1024K, 0 young (0K), 0 survivors (0K)
 Metaspace       used 63470K, committed 63872K, reserved 1114112K
  class space    used 8148K, committed 8320K, reserved 1048576K
}
Event: 59861.807 GC heap before
{Heap before GC invocations=3655 (full 3101):
 garbage-first heap   total 219136K, used 81042K [0x00000000c0000000, 0x0000000100000000)
  region size 1024K, 1 young (1024K), 0 survivors (0K)
 Metaspace       used 63470K, committed 63872K, reserved 1114112K
  class space    used 8148K, committed 8320K, reserved 1048576K
}
Event: 59861.848 GC heap after
{Heap after GC invocations=3656 (full 3102):
 garbage-first heap   total 219136K, used 81042K [0x00000000c0000000, 0x0000000100000000)
  region size 1024K, 0 young (0K), 0 survivors (0K)
 Metaspace       used 63470K, committed 63872K, reserved 1114112K
  class space    used 8148K, committed 8320K, reserved 1048576K
}
Event: 59872.036 GC heap before
{Heap before GC invocations=3656 (full 3102):
 garbage-first heap   total 219136K, used 81042K [0x00000000c0000000, 0x0000000100000000)
  region size 1024K, 1 young (1024K), 0 survivors (0K)
 Metaspace       used 63470K, committed 63872K, reserved 1114112K
  class space    used 8148K, committed 8320K, reserved 1048576K
}
Event: 59872.086 GC heap after
{Heap after GC invocations=3657 (full 3103):
 garbage-first heap   total 219136K, used 81042K [0x00000000c0000000, 0x0000000100000000)
  region size 1024K, 0 young (0K), 0 survivors (0K)
 Metaspace       used 63470K, committed 63872K, reserved 1114112K
  class space    used 8148K, committed 8320K, reserved 1048576K
}
Event: 59882.307 GC heap before
{Heap before GC invocations=3657 (full 3103):
 garbage-first heap   total 219136K, used 81042K [0x00000000c0000000, 0x0000000100000000)
  region size 1024K, 1 young (1024K), 0 survivors (0K)
 Metaspace       used 63470K, committed 63872K, reserved 1114112K
  class space    used 8148K, committed 8320K, reserved 1048576K
}
Event: 59882.346 GC heap after
{Heap after GC invocations=3658 (full 3104):
 garbage-first heap   total 219136K, used 81042K [0x00000000c0000000, 0x0000000100000000)
  region size 1024K, 0 young (0K), 0 survivors (0K)
 Metaspace       used 63470K, committed 63872K, reserved 1114112K
  class space    used 8148K, committed 8320K, reserved 1048576K
}
Event: 59893.248 GC heap before
{Heap before GC invocations=3658 (full 3104):
 garbage-first heap   total 219136K, used 81042K [0x00000000c0000000, 0x0000000100000000)
  region size 1024K, 1 young (1024K), 0 survivors (0K)
 Metaspace       used 63470K, committed 63872K, reserved 1114112K
  class space    used 8148K, committed 8320K, reserved 1048576K
}

Dll operation events (10 events):
Event: 0.017 Loaded shared library c:\Users\d.ngantchou\.vscode\extensions\redhat.java-1.35.0-win32-x64\jre\17.0.12-win32-x86_64\bin\java.dll
Event: 0.834 Loaded shared library C:\Users\d.ngantchou\.vscode\extensions\redhat.java-1.35.0-win32-x64\jre\17.0.12-win32-x86_64\bin\net.dll
Event: 0.837 Loaded shared library C:\Users\d.ngantchou\.vscode\extensions\redhat.java-1.35.0-win32-x64\jre\17.0.12-win32-x86_64\bin\nio.dll
Event: 0.850 Loaded shared library C:\Users\d.ngantchou\.vscode\extensions\redhat.java-1.35.0-win32-x64\jre\17.0.12-win32-x86_64\bin\zip.dll
Event: 23.329 Loaded shared library C:\Users\d.ngantchou\.vscode\extensions\redhat.java-1.35.0-win32-x64\jre\17.0.12-win32-x86_64\bin\jimage.dll
Event: 27.595 Loaded shared library c:\Users\d.ngantchou\.vscode\extensions\redhat.java-1.35.0-win32-x64\jre\17.0.12-win32-x86_64\bin\verify.dll
Event: 32.376 Loaded shared library C:\Users\d.ngantchou\.vscode\extensions\redhat.java-1.35.0-win32-x64\jre\17.0.12-win32-x86_64\bin\management.dll
Event: 32.380 Loaded shared library C:\Users\d.ngantchou\.vscode\extensions\redhat.java-1.35.0-win32-x64\jre\17.0.12-win32-x86_64\bin\management_ext.dll
Event: 113.970 Loaded shared library C:\Users\d.ngantchou\.vscode\extensions\redhat.java-1.35.0-win32-x64\jre\17.0.12-win32-x86_64\bin\sunmscapi.dll
Event: 114.083 Loaded shared library C:\Users\d.ngantchou\.vscode\extensions\redhat.java-1.35.0-win32-x64\jre\17.0.12-win32-x86_64\bin\extnet.dll

Deoptimization events (20 events):
Event: 211.953 Thread 0x0000023875ca9e40 DEOPT PACKING pc=0x00000238687c568c sp=0x000000542c1fe4d0
Event: 211.953 Thread 0x0000023875ca9e40 DEOPT UNPACKING pc=0x0000023867d7ace3 sp=0x000000542c1fda38 mode 0
Event: 211.953 Thread 0x0000023875ca9e40 DEOPT PACKING pc=0x00000238687ce44c sp=0x000000542c1fe600
Event: 211.953 Thread 0x0000023875ca9e40 DEOPT UNPACKING pc=0x0000023867d7ace3 sp=0x000000542c1fdae0 mode 0
Event: 211.953 Thread 0x0000023875ca9e40 DEOPT PACKING pc=0x00000238687c568c sp=0x000000542c1fe730
Event: 211.953 Thread 0x0000023875ca9e40 DEOPT UNPACKING pc=0x0000023867d7ace3 sp=0x000000542c1fdc98 mode 0
Event: 211.953 Thread 0x0000023875ca9e40 DEOPT PACKING pc=0x00000238687ce44c sp=0x000000542c1fe860
Event: 211.953 Thread 0x0000023875ca9e40 DEOPT UNPACKING pc=0x0000023867d7ace3 sp=0x000000542c1fdd58 mode 0
Event: 212.020 Thread 0x0000023875ca9e40 DEOPT PACKING pc=0x00000238687c568c sp=0x000000542c1febd0
Event: 212.020 Thread 0x0000023875ca9e40 DEOPT UNPACKING pc=0x0000023867d7ace3 sp=0x000000542c1fe138 mode 0
Event: 212.020 Thread 0x0000023875ca9e40 DEOPT PACKING pc=0x00000238687ce44c sp=0x000000542c1fed00
Event: 212.020 Thread 0x0000023875ca9e40 DEOPT UNPACKING pc=0x0000023867d7ace3 sp=0x000000542c1fe1f8 mode 0
Event: 8563.394 Thread 0x0000023875c440d0 DEOPT PACKING pc=0x0000023868aff234 sp=0x00000054281fd710
Event: 8563.395 Thread 0x0000023875c440d0 DEOPT UNPACKING pc=0x0000023867d7ace3 sp=0x00000054281fcbc0 mode 0
Event: 8726.571 Thread 0x0000023875c47880 DEOPT PACKING pc=0x0000023868c19ab4 sp=0x00000054279fdfd0
Event: 8726.571 Thread 0x0000023875c47880 DEOPT UNPACKING pc=0x0000023867d7ace3 sp=0x00000054279fd518 mode 0
Event: 22203.141 Thread 0x0000023875233d40 DEOPT PACKING pc=0x0000023868ad42bc sp=0x00000054267fd540
Event: 22203.142 Thread 0x0000023875233d40 DEOPT UNPACKING pc=0x0000023867d7ace3 sp=0x00000054267fca28 mode 0
Event: 41323.337 Thread 0x0000023876b3bfa0 DEOPT PACKING pc=0x00000238693a3616 sp=0x00000054267fdd30
Event: 41323.341 Thread 0x0000023876b3bfa0 DEOPT UNPACKING pc=0x0000023867d7ace3 sp=0x00000054267fd428 mode 0

Classes loaded (20 events):
Event: 8726.567 Loading class java/util/Spliterators$IntArraySpliterator
Event: 8726.567 Loading class java/util/Spliterators$IntArraySpliterator done
Event: 8726.568 Loading class java/util/stream/Nodes$IntSpinedNodeBuilder
Event: 8726.568 Loading class java/util/stream/SpinedBuffer$OfInt
Event: 8726.568 Loading class java/util/stream/SpinedBuffer$OfPrimitive
Event: 8726.569 Loading class java/util/stream/SpinedBuffer$OfPrimitive done
Event: 8726.569 Loading class java/util/stream/SpinedBuffer$OfInt done
Event: 8726.569 Loading class java/util/stream/Nodes$IntSpinedNodeBuilder done
Event: 13837.305 Loading class java/util/concurrent/CompletableFuture$DelayedExecutor
Event: 13837.306 Loading class java/util/concurrent/CompletableFuture$DelayedExecutor done
Event: 13837.306 Loading class java/util/concurrent/CompletableFuture$TaskSubmitter
Event: 13837.306 Loading class java/util/concurrent/CompletableFuture$TaskSubmitter done
Event: 13837.306 Loading class java/util/concurrent/CompletableFuture$Delayer
Event: 13837.307 Loading class java/util/concurrent/CompletableFuture$Delayer done
Event: 13837.307 Loading class java/util/concurrent/CompletableFuture$Delayer$DaemonThreadFactory
Event: 13837.307 Loading class java/util/concurrent/CompletableFuture$Delayer$DaemonThreadFactory done
Event: 17943.250 Loading class java/lang/Throwable$WrappedPrintWriter
Event: 17943.259 Loading class java/lang/Throwable$PrintStreamOrWriter
Event: 17943.261 Loading class java/lang/Throwable$PrintStreamOrWriter done
Event: 17943.261 Loading class java/lang/Throwable$WrappedPrintWriter done

Classes unloaded (20 events):
Event: 46524.307 Thread 0x000002386fec7c70 Unloading class 0x000000010084c800 'jdk/internal/reflect/GeneratedMethodAccessor88'
Event: 46524.307 Thread 0x000002386fec7c70 Unloading class 0x000000010084d000 'jdk/internal/reflect/GeneratedConstructorAccessor130'
Event: 46524.307 Thread 0x000002386fec7c70 Unloading class 0x000000010084dc00 'jdk/internal/reflect/GeneratedConstructorAccessor129'
Event: 51185.707 Thread 0x000002386fec7c70 Unloading class 0x000000010084f400 'jdk/internal/reflect/GeneratedMethodAccessor99'
Event: 51185.707 Thread 0x000002386fec7c70 Unloading class 0x000000010084f000 'jdk/internal/reflect/GeneratedConstructorAccessor136'
Event: 51185.707 Thread 0x000002386fec7c70 Unloading class 0x000000010084ec00 'jdk/internal/reflect/GeneratedMethodAccessor98'
Event: 51185.707 Thread 0x000002386fec7c70 Unloading class 0x000000010084e800 'jdk/internal/reflect/GeneratedConstructorAccessor135'
Event: 51185.707 Thread 0x000002386fec7c70 Unloading class 0x000000010084e400 'jdk/internal/reflect/GeneratedMethodAccessor97'
Event: 51185.707 Thread 0x000002386fec7c70 Unloading class 0x000000010084e000 'jdk/internal/reflect/GeneratedMethodAccessor96'
Event: 51185.707 Thread 0x000002386fec7c70 Unloading class 0x000000010084cc00 'jdk/internal/reflect/GeneratedMethodAccessor95'
Event: 51185.707 Thread 0x000002386fec7c70 Unloading class 0x000000010084c800 'jdk/internal/reflect/GeneratedMethodAccessor94'
Event: 51185.707 Thread 0x000002386fec7c70 Unloading class 0x000000010084dc00 'jdk/internal/reflect/GeneratedConstructorAccessor134'
Event: 51185.707 Thread 0x000002386fec7c70 Unloading class 0x000000010084d000 'jdk/internal/reflect/GeneratedConstructorAccessor133'
Event: 52370.837 Thread 0x000002386fec7c70 Unloading class 0x000000010084cc00 'java/lang/invoke/LambdaForm$MH+0x000000010084cc00'
Event: 52370.837 Thread 0x000002386fec7c70 Unloading class 0x000000010084c800 'java/lang/invoke/LambdaForm$MH+0x000000010084c800'
Event: 52370.837 Thread 0x000002386fec7c70 Unloading class 0x000000010084d000 'java/lang/invoke/LambdaForm$MH+0x000000010084d000'
Event: 52370.837 Thread 0x000002386fec7c70 Unloading class 0x000000010084dc00 'java/lang/invoke/LambdaForm$MH+0x000000010084dc00'
Event: 52532.190 Thread 0x000002386fec7c70 Unloading class 0x000000010084ec00 'jdk/internal/reflect/GeneratedMethodAccessor100'
Event: 52532.190 Thread 0x000002386fec7c70 Unloading class 0x000000010084e800 'jdk/internal/reflect/GeneratedConstructorAccessor138'
Event: 52532.190 Thread 0x000002386fec7c70 Unloading class 0x000000010084e400 'jdk/internal/reflect/GeneratedConstructorAccessor137'

Classes redefined (0 events):
No events

Internal exceptions (20 events):
Event: 51013.423 Thread 0x0000023876b47580 Implicit null exception at 0x0000023868e7c5b7 to 0x0000023868e7c6da
Event: 51013.423 Thread 0x0000023876b47580 Exception <a 'java/lang/NullPointerException'{0x00000000c9fe1db0}> (0x00000000c9fe1db0) 
thrown [s\src\hotspot\share\runtime\sharedRuntime.cpp, line 631]
Event: 51014.104 Thread 0x0000023876b47580 Implicit null exception at 0x0000023868e7c5b7 to 0x0000023868e7c6da
Event: 51014.105 Thread 0x0000023876b47580 Exception <a 'java/lang/NullPointerException'{0x00000000cd229090}> (0x00000000cd229090) 
thrown [s\src\hotspot\share\runtime\sharedRuntime.cpp, line 631]
Event: 51015.468 Thread 0x0000023876b47580 Implicit null exception at 0x0000023868e7c5b7 to 0x0000023868e7c6da
Event: 51015.468 Thread 0x0000023876b47580 Exception <a 'java/lang/NullPointerException'{0x00000000ca782978}> (0x00000000ca782978) 
thrown [s\src\hotspot\share\runtime\sharedRuntime.cpp, line 631]
Event: 51015.795 Thread 0x0000023876b47580 Implicit null exception at 0x0000023868e7c5b7 to 0x0000023868e7c6da
Event: 51015.795 Thread 0x0000023876b47580 Exception <a 'java/lang/NullPointerException'{0x00000000cd4c9b90}> (0x00000000cd4c9b90) 
thrown [s\src\hotspot\share\runtime\sharedRuntime.cpp, line 631]
Event: 51018.213 Thread 0x0000023876b47580 Implicit null exception at 0x0000023868e7c5b7 to 0x0000023868e7c6da
Event: 51018.213 Thread 0x0000023876b47580 Exception <a 'java/lang/NullPointerException'{0x00000000cc0e2fb8}> (0x00000000cc0e2fb8) 
thrown [s\src\hotspot\share\runtime\sharedRuntime.cpp, line 631]
Event: 51018.549 Thread 0x0000023876b47580 Implicit null exception at 0x0000023868e7c5b7 to 0x0000023868e7c6da
Event: 51018.550 Thread 0x0000023876b47580 Exception <a 'java/lang/NullPointerException'{0x00000000cb9d7710}> (0x00000000cb9d7710) 
thrown [s\src\hotspot\share\runtime\sharedRuntime.cpp, line 631]
Event: 51019.010 Thread 0x0000023876b47580 Implicit null exception at 0x0000023868e7c5b7 to 0x0000023868e7c6da
Event: 51019.010 Thread 0x0000023876b47580 Exception <a 'java/lang/NullPointerException'{0x00000000cc2e9890}> (0x00000000cc2e9890) 
thrown [s\src\hotspot\share\runtime\sharedRuntime.cpp, line 631]
Event: 51020.283 Thread 0x0000023876b47580 NullPointerException in IC check 0x0000023868207b60
Event: 51020.283 Thread 0x0000023876b47580 Exception <a 'java/lang/NullPointerException'{0x00000000c9ce26e8}> (0x00000000c9ce26e8) 
thrown [s\src\hotspot\share\runtime\sharedRuntime.cpp, line 631]
Event: 51020.429 Thread 0x0000023876b47580 Implicit null exception at 0x0000023868e7c5b7 to 0x0000023868e7c6da
Event: 51020.429 Thread 0x0000023876b47580 Exception <a 'java/lang/NullPointerException'{0x00000000cd102768}> (0x00000000cd102768) 
thrown [s\src\hotspot\share\runtime\sharedRuntime.cpp, line 631]
Event: 51020.748 Thread 0x0000023876b47580 Implicit null exception at 0x0000023868e7c5b7 to 0x0000023868e7c6da
Event: 51020.748 Thread 0x0000023876b47580 Exception <a 'java/lang/NullPointerException'{0x00000000cac02608}> (0x00000000cac02608) 
thrown [s\src\hotspot\share\runtime\sharedRuntime.cpp, line 631]

VM Operations (20 events):
Event: 59790.173 Executing VM operation: G1CollectFull done
Event: 59800.456 Executing VM operation: G1CollectFull
Event: 59800.504 Executing VM operation: G1CollectFull done
Event: 59810.682 Executing VM operation: G1CollectFull
Event: 59810.730 Executing VM operation: G1CollectFull done
Event: 59820.926 Executing VM operation: G1CollectFull
Event: 59820.973 Executing VM operation: G1CollectFull done
Event: 59831.154 Executing VM operation: G1CollectFull
Event: 59831.198 Executing VM operation: G1CollectFull done
Event: 59841.367 Executing VM operation: G1CollectFull
Event: 59841.406 Executing VM operation: G1CollectFull done
Event: 59851.576 Executing VM operation: G1CollectFull
Event: 59851.619 Executing VM operation: G1CollectFull done
Event: 59861.807 Executing VM operation: G1CollectFull
Event: 59861.848 Executing VM operation: G1CollectFull done
Event: 59872.036 Executing VM operation: G1CollectFull
Event: 59872.087 Executing VM operation: G1CollectFull done
Event: 59882.307 Executing VM operation: G1CollectFull
Event: 59882.346 Executing VM operation: G1CollectFull done
Event: 59893.248 Executing VM operation: G1CollectFull

Events (20 events):
Event: 52440.566 Thread 0x00000238762f9040 Thread exited: 0x00000238762f9040
Event: 52440.598 Thread 0x0000023875cad0e0 Thread exited: 0x0000023875cad0e0
Event: 52500.574 Thread 0x0000023876b3c4b0 Thread exited: 0x0000023876b3c4b0
Event: 52560.589 Thread 0x0000023876b3ced0 Thread exited: 0x0000023876b3ced0
Event: 52620.599 Thread 0x0000023876c332a0 Thread exited: 0x0000023876c332a0
Event: 52680.609 Thread 0x000002387716f530 Thread exited: 0x000002387716f530
Event: 52709.019 Thread 0x0000023875cb0890 Thread added: 0x0000023875cb0890
Event: 52709.021 Thread 0x000002387716f530 Thread added: 0x000002387716f530
Event: 52740.617 Thread 0x000002387716f020 Thread exited: 0x000002387716f020
Event: 52769.179 Thread 0x000002387716f530 Thread exited: 0x000002387716f530
Event: 52793.306 Thread 0x0000023875cb0890 Thread exited: 0x0000023875cb0890
Event: 52800.617 Thread 0x0000023875235180 Thread exited: 0x0000023875235180
Event: 52868.244 Thread 0x0000023875234c70 Thread added: 0x0000023875234c70
Event: 52868.246 Thread 0x0000023875d6bc90 Thread added: 0x0000023875d6bc90
Event: 52928.991 Thread 0x0000023875d6bc90 Thread exited: 0x0000023875d6bc90
Event: 52929.678 Thread 0x0000023875234c70 Thread exited: 0x0000023875234c70
Event: 56095.969 Thread 0x0000023876b47070 Thread added: 0x0000023876b47070
Event: 56095.989 Thread 0x0000023876b3c4b0 Thread added: 0x0000023876b3c4b0
Event: 56157.007 Thread 0x0000023876b3c4b0 Thread exited: 0x0000023876b3c4b0
Event: 56157.037 Thread 0x0000023876b47070 Thread exited: 0x0000023876b47070


Dynamic libraries:
0x00007ff71a8d0000 - 0x00007ff71a8de000 	c:\Users\d.ngantchou\.vscode\extensions\redhat.java-1.35.0-win32-x64\jre\17.0.12-win32-x86_64\bin\java.exe
0x00007ff8f59b0000 - 0x00007ff8f5ba8000 	C:\Windows\SYSTEM32\ntdll.dll
0x00007ff8f3f70000 - 0x00007ff8f4031000 	C:\Windows\System32\KERNEL32.DLL
0x00007ff8f3100000 - 0x00007ff8f33fd000 	C:\Windows\System32\KERNELBASE.dll
0x00007ff8f3530000 - 0x00007ff8f3630000 	C:\Windows\System32\ucrtbase.dll
0x00007ff8c0a20000 - 0x00007ff8c0a37000 	c:\Users\d.ngantchou\.vscode\extensions\redhat.java-1.35.0-win32-x64\jre\17.0.12-win32-x86_64\bin\jli.dll
0x00007ff8f3ac0000 - 0x00007ff8f3c5d000 	C:\Windows\System32\USER32.dll
0x00007ff8f3890000 - 0x00007ff8f38b2000 	C:\Windows\System32\win32u.dll
0x00007ff8f4280000 - 0x00007ff8f42ab000 	C:\Windows\System32\GDI32.dll
0x00007ff8f38c0000 - 0x00007ff8f39d7000 	C:\Windows\System32\gdi32full.dll
0x00007ff8f3060000 - 0x00007ff8f30fd000 	C:\Windows\System32\msvcp_win.dll
0x00007ff8c0600000 - 0x00007ff8c061b000 	c:\Users\d.ngantchou\.vscode\extensions\redhat.java-1.35.0-win32-x64\jre\17.0.12-win32-x86_64\bin\VCRUNTIME140.dll
0x00007ff8d90f0000 - 0x00007ff8d938a000 	C:\Windows\WinSxS\amd64_microsoft.windows.common-controls_6595b64144ccf1df_6.0.19041.4355_none_60b8b9eb71f62e16\COMCTL32.dll
0x00007ff8f4de0000 - 0x00007ff8f4e7e000 	C:\Windows\System32\msvcrt.dll
0x00007ff8f3ed0000 - 0x00007ff8f3eff000 	C:\Windows\System32\IMM32.DLL
0x00007ff8c8480000 - 0x00007ff8c848c000 	c:\Users\d.ngantchou\.vscode\extensions\redhat.java-1.35.0-win32-x64\jre\17.0.12-win32-x86_64\bin\vcruntime140_1.dll
0x00007ff8b0320000 - 0x00007ff8b03ad000 	c:\Users\d.ngantchou\.vscode\extensions\redhat.java-1.35.0-win32-x64\jre\17.0.12-win32-x86_64\bin\msvcp140.dll
0x00007ff87cb90000 - 0x00007ff87d7fa000 	c:\Users\d.ngantchou\.vscode\extensions\redhat.java-1.35.0-win32-x64\jre\17.0.12-win32-x86_64\bin\server\jvm.dll
0x00007ff8f4730000 - 0x00007ff8f47e0000 	C:\Windows\System32\ADVAPI32.dll
0x00007ff8f4860000 - 0x00007ff8f4900000 	C:\Windows\System32\sechost.dll
0x00007ff8f56a0000 - 0x00007ff8f57c3000 	C:\Windows\System32\RPCRT4.dll
0x00007ff8f3450000 - 0x00007ff8f3477000 	C:\Windows\System32\bcrypt.dll
0x00007ff8f3f00000 - 0x00007ff8f3f6b000 	C:\Windows\System32\WS2_32.dll
0x00007ff8f29a0000 - 0x00007ff8f29eb000 	C:\Windows\SYSTEM32\POWRPROF.dll
0x00007ff8de780000 - 0x00007ff8de7a7000 	C:\Windows\SYSTEM32\WINMM.dll
0x00007ff8e9460000 - 0x00007ff8e946a000 	C:\Windows\SYSTEM32\VERSION.dll
0x00007ff8f2980000 - 0x00007ff8f2992000 	C:\Windows\SYSTEM32\UMPDC.dll
0x00007ff8f18a0000 - 0x00007ff8f18b2000 	C:\Windows\SYSTEM32\kernel.appcore.dll
0x00007ff8c83f0000 - 0x00007ff8c83fa000 	c:\Users\d.ngantchou\.vscode\extensions\redhat.java-1.35.0-win32-x64\jre\17.0.12-win32-x86_64\bin\jimage.dll
0x00007ff8f1280000 - 0x00007ff8f1464000 	C:\Windows\SYSTEM32\DBGHELP.DLL
0x00007ff8e5e30000 - 0x00007ff8e5e64000 	C:\Windows\SYSTEM32\dbgcore.DLL
0x00007ff8f3630000 - 0x00007ff8f36b2000 	C:\Windows\System32\bcryptPrimitives.dll
0x00007ff8bfe30000 - 0x00007ff8bfe55000 	c:\Users\d.ngantchou\.vscode\extensions\redhat.java-1.35.0-win32-x64\jre\17.0.12-win32-x86_64\bin\java.dll
0x00007ff8bbd30000 - 0x00007ff8bbd48000 	c:\Users\d.ngantchou\.vscode\extensions\redhat.java-1.35.0-win32-x64\jre\17.0.12-win32-x86_64\bin\zip.dll
0x00007ff8f4f30000 - 0x00007ff8f569f000 	C:\Windows\System32\SHELL32.dll
0x00007ff8f0920000 - 0x00007ff8f10c3000 	C:\Windows\SYSTEM32\windows.storage.dll
0x00007ff8f4910000 - 0x00007ff8f4c63000 	C:\Windows\System32\combase.dll
0x00007ff8f2940000 - 0x00007ff8f296e000 	C:\Windows\SYSTEM32\Wldp.dll
0x00007ff8f3cc0000 - 0x00007ff8f3d8d000 	C:\Windows\System32\OLEAUT32.dll
0x00007ff8f4cd0000 - 0x00007ff8f4d7d000 	C:\Windows\System32\SHCORE.dll
0x00007ff8f3c60000 - 0x00007ff8f3cb5000 	C:\Windows\System32\shlwapi.dll
0x00007ff8f2f90000 - 0x00007ff8f2fb4000 	C:\Windows\SYSTEM32\profapi.dll
0x00007ff8bba40000 - 0x00007ff8bba59000 	C:\Users\d.ngantchou\.vscode\extensions\redhat.java-1.35.0-win32-x64\jre\17.0.12-win32-x86_64\bin\net.dll
0x00007ff8f1f80000 - 0x00007ff8f208d000 	C:\Windows\SYSTEM32\WINHTTP.dll
0x00007ff8f2720000 - 0x00007ff8f278a000 	C:\Windows\system32\mswsock.dll
0x00007ff8ba2c0000 - 0x00007ff8ba2d6000 	C:\Users\d.ngantchou\.vscode\extensions\redhat.java-1.35.0-win32-x64\jre\17.0.12-win32-x86_64\bin\nio.dll
0x00007ff8c7f50000 - 0x00007ff8c7f60000 	c:\Users\d.ngantchou\.vscode\extensions\redhat.java-1.35.0-win32-x64\jre\17.0.12-win32-x86_64\bin\verify.dll
0x00007ff8f29f0000 - 0x00007ff8f2a08000 	C:\Windows\SYSTEM32\CRYPTSP.dll
0x00007ff8f1ef0000 - 0x00007ff8f1f24000 	C:\Windows\system32\rsaenh.dll
0x00007ff8f2f50000 - 0x00007ff8f2f7e000 	C:\Windows\SYSTEM32\USERENV.dll
0x00007ff8f28b0000 - 0x00007ff8f28bc000 	C:\Windows\SYSTEM32\CRYPTBASE.dll
0x00007ff8f2420000 - 0x00007ff8f245b000 	C:\Windows\SYSTEM32\IPHLPAPI.DLL
0x00007ff8f42b0000 - 0x00007ff8f42b8000 	C:\Windows\System32\NSI.dll
0x00007ff8ec930000 - 0x00007ff8ec947000 	C:\Windows\SYSTEM32\dhcpcsvc6.DLL
0x00007ff8ec910000 - 0x00007ff8ec92d000 	C:\Windows\SYSTEM32\dhcpcsvc.DLL
0x00007ff8f2460000 - 0x00007ff8f252a000 	C:\Windows\SYSTEM32\DNSAPI.dll
0x00007ff8c79f0000 - 0x00007ff8c79f9000 	C:\Users\d.ngantchou\.vscode\extensions\redhat.java-1.35.0-win32-x64\jre\17.0.12-win32-x86_64\bin\management.dll
0x00007ff8c7470000 - 0x00007ff8c747b000 	C:\Users\d.ngantchou\.vscode\extensions\redhat.java-1.35.0-win32-x64\jre\17.0.12-win32-x86_64\bin\management_ext.dll
0x00007ff8f3d90000 - 0x00007ff8f3d98000 	C:\Windows\System32\PSAPI.DLL
0x00007ff8c6e70000 - 0x00007ff8c6e7e000 	C:\Users\d.ngantchou\.vscode\extensions\redhat.java-1.35.0-win32-x64\jre\17.0.12-win32-x86_64\bin\sunmscapi.dll
0x00007ff8f3730000 - 0x00007ff8f388c000 	C:\Windows\System32\CRYPT32.dll
0x00007ff8f2b00000 - 0x00007ff8f2b29000 	C:\Windows\SYSTEM32\ncrypt.dll
0x00007ff8f2ac0000 - 0x00007ff8f2afb000 	C:\Windows\SYSTEM32\NTASN1.dll
0x00007ff8cf920000 - 0x00007ff8cf927000 	C:\Windows\system32\wshunix.dll
0x00007ff8c42b0000 - 0x00007ff8c42b9000 	C:\Users\d.ngantchou\.vscode\extensions\redhat.java-1.35.0-win32-x64\jre\17.0.12-win32-x86_64\bin\extnet.dll
0x00007ff8e9d70000 - 0x00007ff8e9d7a000 	C:\Windows\System32\rasadhlp.dll
0x00007ff8ec950000 - 0x00007ff8ec9d0000 	C:\Windows\System32\fwpuclnt.dll

dbghelp: loaded successfully - version: 4.0.5 - missing functions: none
symbol engine: initialized successfully - sym options: 0x614 - pdb path: .;c:\Users\d.ngantchou\.vscode\extensions\redhat.java-1.35.0-win32-x64\jre\17.0.12-win32-x86_64\bin;C:\Windows\SYSTEM32;C:\Windows\WinSxS\amd64_microsoft.windows.common-controls_6595b64144ccf1df_6.0.19041.4355_none_60b8b9eb71f62e16;c:\Users\d.ngantchou\.vscode\extensions\redhat.java-1.35.0-win32-x64\jre\17.0.12-win32-x86_64\bin\server

VM Arguments:
jvm_args: -Xmx1024m -Dsts.lsp.client=vscode -Dsts.log.file=/dev/null -XX:TieredStopAtLevel=1 -Xlog:jni+resolve=off 
java_command: c:\Users\d.ngantchou\.vscode\extensions\vmware.vscode-spring-boot-1.57.0\language-server\spring-boot-language-server-1.57.0-SNAPSHOT-exec.jar
java_class_path (initial): c:\Users\d.ngantchou\.vscode\extensions\vmware.vscode-spring-boot-1.57.0\language-server\spring-boot-language-server-1.57.0-SNAPSHOT-exec.jar
Launcher Type: SUN_STANDARD

[Global flags]
     intx CICompilerCount                          = 4                                         {product} {ergonomic}
     uint ConcGCThreads                            = 2                                         {product} {ergonomic}
     uint G1ConcRefinementThreads                  = 8                                         {product} {ergonomic}
   size_t G1HeapRegionSize                         = 1048576                                   {product} {ergonomic}
    uintx GCDrainStackTargetSize                   = 64                                        {product} {ergonomic}
   size_t InitialHeapSize                          = 197132288                                 {product} {ergonomic}
   size_t MarkStackSize                            = 4194304                                   {product} {ergonomic}
   size_t MaxHeapSize                              = 1073741824                                {product} {command line}
   size_t MaxNewSize                               = 643825664                                 {product} {ergonomic}
   size_t MinHeapDeltaBytes                        = 1048576                                   {product} {ergonomic}
   size_t MinHeapSize                              = 8388608                                   {product} {ergonomic}
    uintx NonProfiledCodeHeapSize                  = 0                                      {pd product} {ergonomic}
     bool ProfileInterpreter                       = false                                  {pd product} {command line}
    uintx ProfiledCodeHeapSize                     = 0                                      {pd product} {ergonomic}
   size_t SoftMaxHeapSize                          = 1073741824                             {manageable} {ergonomic}
     intx TieredStopAtLevel                        = 1                                         {product} {command line}
     bool UseCompressedClassPointers               = true                           {product lp64_product} {ergonomic}
     bool UseCompressedOops                        = true                           {product lp64_product} {ergonomic}
     bool UseG1GC                                  = true                                      {product} {ergonomic}
     bool UseLargePagesIndividualAllocation        = false                                  {pd product} {ergonomic}

Logging:
Log output configuration:
 #0: stdout all=warning,jni+resolve=off uptime,level,tags
 #1: stderr all=off uptime,level,tags

Environment Variables:
JAVA_HOME=C:\Program Files\Java\jdk-17
PATH=D:\app\d.ngantchou\product\11.2.0\client_2\bin;C:\Program Files\Common Files\Oracle\Java\javapath;C:\Windows\system32;C:\Windows;C:\Windows\System32\Wbem;C:\Windows\System32\WindowsPowerShell\v1.0\;C:\Windows\System32\OpenSSH\;C:\Program Files\Git\cmd;C:\Program Files\nodejs\;C:\xampp\php;C:\composer;C:\Program Files\Java\jdk-17\bin;C:\xampp\mysql\bin;C:\Gradle\gradle-8.6\bin;C:\Program Files\Microsoft SQL Server\150\Tools\Binn\;C:\Program Files\Microsoft SQL Server\Client SDK\ODBC\170\Tools\Binn\;C:\Program Files\dotnet\;C:\instantclient_23_4;C:\Users\d.ngantchou\AppData\Local\Microsoft\WindowsApps;C:\Users\d.ngantchou\AppData\Local\Programs\Microsoft VS Code\bin;C:\Users\d.ngantchou\AppData\Roaming\npm;C:\Users\d.ngantchou\AppData\Roaming\Composer\vendor\bin;C:\Users\d.ngantchou\.dotnet\tools;C:\instantclient_23_4;C:\Users\d.ngantchou\flutter\bin
USERNAME=d.ngantchou
OS=Windows_NT
PROCESSOR_IDENTIFIER=Intel64 Family 6 Model 140 Stepping 1, GenuineIntel
TMP=C:\Users\D98E0~1.NGA\AppData\Local\Temp
TEMP=C:\Users\D98E0~1.NGA\AppData\Local\Temp



Periodic native trim disabled


---------------  S Y S T E M  ---------------

OS:
 Windows 10 , 64 bit Build 19041 (10.0.19041.4842)
OS uptime: 11 days 0:49 hours
Hyper-V role detected

CPU: total 8 (initial active 8) (4 cores per cpu, 2 threads per core) family 6 model 140 stepping 1 microcode 0xb6, cx8, cmov, fxsr, ht, mmx, 3dnowpref, sse, sse2, sse3, ssse3, sse4.1, sse4.2, popcnt, lzcnt, tsc, tscinvbit, avx, avx2, aes, erms, clmul, bmi1, bmi2, adx, avx512f, avx512dq, avx512cd, avx512bw, avx512vl, sha, fma, vzeroupper, avx512_vpopcntdq, avx512_vpclmulqdq, avx512_vaes, avx512_vnni, clflush, clflushopt, clwb, avx512_vbmi2, avx512_vbmi, hv
Processor Information for all 8 processors :
  Max Mhz: 2419, Current Mhz: 2419, Mhz Limit: 2419

Memory: 4k page, system-wide physical 11968M (412M free)
TotalPageFile size 25904M (AvailPageFile size 35M)
current process WorkingSet (physical memory assigned to process): 123M, peak: 753M
current process commit charge ("private bytes"): 430M, peak: 841M

vm_info: OpenJDK 64-Bit Server VM (17.0.12+7) for windows-amd64 JRE (17.0.12+7), built on Jul 16 2024 22:08:24 by "admin" with MS VC++ 16.10 / 16.11 (VS2019)

END.
