#
# There is insufficient memory for the Java Runtime Environment to continue.
# Native memory allocation (malloc) failed to allocate 919968 bytes for Chunk::new
# Possible reasons:
#   The system is out of physical RAM or swap space
#   The process is running with CompressedOops enabled, and the Java Heap may be blocking the growth of the native heap
# Possible solutions:
#   Reduce memory load on the system
#   Increase physical memory or swap space
#   Check if swap backing store is full
#   Decrease Java heap size (-Xmx/-Xms)
#   Decrease number of Java threads
#   Decrease Java thread stack sizes (-Xss)
#   Set larger code cache with -XX:ReservedCodeCacheSize=
#   JVM is running with Zero Based Compressed Oops mode in which the Java heap is
#     placed in the first 32GB address space. The Java Heap base address is the
#     maximum limit for the native heap growth. Please use -XX:HeapBaseMinAddress
#     to set the Java Heap base and to place the Java Heap above 32GB virtual address.
# This output file may be truncated or incomplete.
#
#  Out of Memory Error (arena.cpp:189), pid=14824, tid=15736
#
# JRE version: Java(TM) SE Runtime Environment (17.0.10+11) (build 17.0.10+11-LTS-240)
# Java VM: Java HotSpot(TM) 64-Bit Server VM (17.0.10+11-LTS-240, mixed mode, sharing, tiered, compressed oops, compressed class ptrs, g1 gc, windows-amd64)
# No core dump will be written. Minidumps are not enabled by default on client versions of Windows
#

---------------  S U M M A R Y ------------

Command Line: --add-opens=java.base/java.util=ALL-UNNAMED --add-opens=java.base/java.lang=ALL-UNNAMED --add-opens=java.base/java.lang.invoke=ALL-UNNAMED --add-opens=java.prefs/java.util.prefs=ALL-UNNAMED --add-opens=java.base/java.nio.charset=ALL-UNNAMED --add-opens=java.base/java.net=ALL-UNNAMED --add-opens=java.base/java.util.concurrent.atomic=ALL-UNNAMED -Dfile.encoding=windows-1252 -Duser.country=FR -Duser.language=fr -Duser.variant -javaagent:C:\Users\d.ngantchou\.gradle\wrapper\dists\gradle-8.6-bin\afr5mpiioh2wthjmwnkmdsd5w\gradle-8.6\lib\agents\gradle-instrumentation-agent-8.6.jar org.gradle.launcher.daemon.bootstrap.GradleDaemon 8.6

Host: 11th Gen Intel(R) Core(TM) i5-1135G7 @ 2.40GHz, 8 cores, 11G,  Windows 10 , 64 bit Build 19041 (10.0.19041.3636)
Time: Mon Jun 24 22:15:18 2024 Afr. centrale Ouest elapsed time: 37.467410 seconds (0d 0h 0m 37s)

---------------  T H R E A D  ---------------

Current thread (0x000002a482dff450):  JavaThread "C2 CompilerThread1" daemon [_thread_in_native, id=15736, stack(0x000000bcb1a00000,0x000000bcb1b00000)]


Current CompileTask:
C2:  37467 11769       4       org.gradle.internal.logging.text.AbstractLineChoppingStyledTextOutput::doAppend (43 bytes)

Stack: [0x000000bcb1a00000,0x000000bcb1b00000]
Native frames: (J=compiled Java code, j=interpreted, Vv=VM code, C=native code)
V  [jvm.dll+0x677a5a]
V  [jvm.dll+0x7d8b2d]
V  [jvm.dll+0x7da48e]
V  [jvm.dll+0x7daaf3]
V  [jvm.dll+0x2455ff]
V  [jvm.dll+0xaaafb]
V  [jvm.dll+0xab09c]
V  [jvm.dll+0x361bae]
V  [jvm.dll+0x32c211]
V  [jvm.dll+0x32b6aa]
V  [jvm.dll+0x21794f]
V  [jvm.dll+0x216d81]
V  [jvm.dll+0x1a3410]
V  [jvm.dll+0x226aeb]
V  [jvm.dll+0x224cab]
V  [jvm.dll+0x78e45c]
V  [jvm.dll+0x78888a]
V  [jvm.dll+0x676935]
C  [ucrtbase.dll+0x21bb2]
C  [KERNEL32.DLL+0x17344]
C  [ntdll.dll+0x4cc91]


---------------  P R O C E S S  ---------------

Threads class SMR info:
_java_thread_list=0x000002a4837b48e0, length=137, elements={
0x000002a498f164e0, 0x000002a4b944a9b0, 0x000002a4b944bd10, 0x000002a4b945d9e0,
0x000002a4b945e3a0, 0x000002a4b9460f80, 0x000002a4b9461940, 0x000002a4b9465a00,
0x000002a4b94748e0, 0x000002a4b94817e0, 0x000002a4b96a3df0, 0x000002a4b9787b90,
0x000002a48110b510, 0x000002a48114b080, 0x000002a4807d8c90, 0x000002a4807cd6a0,
0x000002a4807b7040, 0x000002a481233e50, 0x000002a481235290, 0x000002a481234360,
0x000002a4812357a0, 0x000002a481234d80, 0x000002a481232f20, 0x000002a481233430,
0x000002a481233940, 0x000002a481234870, 0x000002a4822c66e0, 0x000002a4822c01a0,
0x000002a4822c2510, 0x000002a4822c5cc0, 0x000002a4822c15e0, 0x000002a4822c61d0,
0x000002a4822c57b0, 0x000002a4822c06b0, 0x000002a4822c2f30, 0x000002a4822c3440,
0x000002a4822c0bc0, 0x000002a4822c10d0, 0x000002a4822c4370, 0x000002a4822c4880,
0x000002a4825264e0, 0x000002a4825250a0, 0x000002a482523750, 0x000002a482525ac0,
0x000002a482525fd0, 0x000002a4825269f0, 0x000002a482523c60, 0x000002a482524170,
0x000002a482524680, 0x000002a482524b90, 0x000002a481b163b0, 0x000002a481b15ea0,
0x000002a481b13110, 0x000002a481b16dd0, 0x000002a481b14040, 0x000002a481b168c0,
0x000002a481b13620, 0x000002a481b172e0, 0x000002a481b177f0, 0x000002a481b14550,
0x000002a481b18720, 0x000002a481b13b30, 0x000002a481b14a60, 0x000002a481b14f70,
0x000002a481b15480, 0x000002a481b18210, 0x000002a481b17d00, 0x000002a481b12c00,
0x000002a481b15990, 0x000002a481b18c30, 0x000002a481b121e0, 0x000002a481b19140,
0x000002a481b11cd0, 0x000002a481b19650, 0x000002a481b126f0, 0x000002a482797f30,
0x000002a482798950, 0x000002a482799370, 0x000002a4827951a0, 0x000002a482798e60,
0x000002a482797510, 0x000002a48279bbf0, 0x000002a4827956b0, 0x000002a48279c100,
0x000002a48279b6e0, 0x000002a48279c610, 0x000002a4827960d0, 0x000002a48279acc0,
0x000002a482798440, 0x000002a482795bc0, 0x000002a482797a20, 0x000002a482799880,
0x000002a48279cb20, 0x000002a48279b1d0, 0x000002a482797000, 0x000002a482799d90,
0x000002a4827965e0, 0x000002a48279a7b0, 0x000002a482796af0, 0x000002a48166d740,
0x000002a48166a4a0, 0x000002a481671e20, 0x000002a48166dc50, 0x000002a481671400,
0x000002a48166c810, 0x000002a48166f5a0, 0x000002a48166fab0, 0x000002a48166cd20,
0x000002a48166d230, 0x000002a48166e160, 0x000002a48166b8e0, 0x000002a48166a9b0,
0x000002a48166aec0, 0x000002a48166e670, 0x000002a48166eb80, 0x000002a4816709e0,
0x000002a4816704d0, 0x000002a48166b3d0, 0x000002a48166bdf0, 0x000002a481671910,
0x000002a48166f090, 0x000002a48166c300, 0x000002a481670ef0, 0x000002a48293ee60,
0x000002a48293caf0, 0x000002a482940cc0, 0x000002a48293c5e0, 0x000002a48293f370,
0x000002a48293d000, 0x000002a48293fd90, 0x000002a48293f880, 0x000002a48293b6b0,
0x000002a482942610, 0x000002a48293b1a0, 0x000002a48293bbc0, 0x000002a482dff450,
0x000002a482dfdf10
}

Java Threads: ( => current thread )
  0x000002a498f164e0 JavaThread "main" [_thread_blocked, id=9476, stack(0x000000bca9f00000,0x000000bcaa000000)]
  0x000002a4b944a9b0 JavaThread "Reference Handler" daemon [_thread_blocked, id=15056, stack(0x000000bcaa600000,0x000000bcaa700000)]
  0x000002a4b944bd10 JavaThread "Finalizer" daemon [_thread_blocked, id=21584, stack(0x000000bcaa700000,0x000000bcaa800000)]
  0x000002a4b945d9e0 JavaThread "Signal Dispatcher" daemon [_thread_blocked, id=24216, stack(0x000000bcaa800000,0x000000bcaa900000)]
  0x000002a4b945e3a0 JavaThread "Attach Listener" daemon [_thread_blocked, id=21684, stack(0x000000bcaa900000,0x000000bcaaa00000)]
  0x000002a4b9460f80 JavaThread "Service Thread" daemon [_thread_blocked, id=9708, stack(0x000000bcaaa00000,0x000000bcaab00000)]
  0x000002a4b9461940 JavaThread "Monitor Deflation Thread" daemon [_thread_blocked, id=18044, stack(0x000000bcaab00000,0x000000bcaac00000)]
  0x000002a4b9465a00 JavaThread "C2 CompilerThread0" daemon [_thread_in_native, id=25512, stack(0x000000bcaac00000,0x000000bcaad00000)]
  0x000002a4b94748e0 JavaThread "C1 CompilerThread0" daemon [_thread_blocked, id=18788, stack(0x000000bcaad00000,0x000000bcaae00000)]
  0x000002a4b94817e0 JavaThread "Sweeper thread" daemon [_thread_blocked, id=15080, stack(0x000000bcaae00000,0x000000bcaaf00000)]
  0x000002a4b96a3df0 JavaThread "Common-Cleaner" daemon [_thread_blocked, id=23192, stack(0x000000bcaaf00000,0x000000bcab000000)]
  0x000002a4b9787b90 JavaThread "Notification Thread" daemon [_thread_blocked, id=9972, stack(0x000000bcab000000,0x000000bcab100000)]
  0x000002a48110b510 JavaThread "Daemon health stats" [_thread_blocked, id=9944, stack(0x000000bcab800000,0x000000bcab900000)]
  0x000002a48114b080 JavaThread "Incoming local TCP Connector on port 52297" [_thread_in_native, id=24112, stack(0x000000bcab300000,0x000000bcab400000)]
  0x000002a4807d8c90 JavaThread "Daemon periodic checks" [_thread_blocked, id=12488, stack(0x000000bcab700000,0x000000bcab800000)]
  0x000002a4807cd6a0 JavaThread "Daemon" [_thread_blocked, id=21252, stack(0x000000bcab900000,0x000000bcaba00000)]
  0x000002a4807b7040 JavaThread "Handler for socket connection from /127.0.0.1:52297 to /127.0.0.1:52298" [_thread_in_native, id=19032, stack(0x000000bcaba00000,0x000000bcabb00000)]
  0x000002a481233e50 JavaThread "Cancel handler" [_thread_blocked, id=13128, stack(0x000000bcabb00000,0x000000bcabc00000)]
  0x000002a481235290 JavaThread "Daemon worker" [_thread_in_vm, id=19448, stack(0x000000bcabc00000,0x000000bcabd00000)]
  0x000002a481234360 JavaThread "Asynchronous log dispatcher for DefaultDaemonConnection: socket connection from /127.0.0.1:52297 to /127.0.0.1:52298" [_thread_blocked, id=18644, stack(0x000000bcabd00000,0x000000bcabe00000)]
  0x000002a4812357a0 JavaThread "Stdin handler" [_thread_blocked, id=18624, stack(0x000000bcabe00000,0x000000bcabf00000)]
  0x000002a481234d80 JavaThread "Daemon client event forwarder" [_thread_blocked, id=5784, stack(0x000000bcabf00000,0x000000bcac000000)]
  0x000002a481232f20 JavaThread "Cache worker for journal cache (C:\Users\d.ngantchou\.gradle\caches\journal-1)" [_thread_blocked, id=17400, stack(0x000000bcac000000,0x000000bcac100000)]
  0x000002a481233430 JavaThread "File lock request listener" [_thread_in_native, id=7656, stack(0x000000bcac100000,0x000000bcac200000)]
  0x000002a481233940 JavaThread "Cache worker for file hash cache (C:\Users\d.ngantchou\.gradle\caches\8.6\fileHashes)" [_thread_blocked, id=9304, stack(0x000000bcac200000,0x000000bcac300000)]
  0x000002a481234870 JavaThread "File watcher server" daemon [_thread_in_native, id=13388, stack(0x000000bcac400000,0x000000bcac500000)]
  0x000002a4822c66e0 JavaThread "File watcher consumer" daemon [_thread_blocked, id=6564, stack(0x000000bcac800000,0x000000bcac900000)]
  0x000002a4822c01a0 JavaThread "Cache worker for checksums cache (C:\xampp\htdocs\lvm\fineract\.gradle\8.6\checksums)" [_thread_blocked, id=26388, stack(0x000000bcac300000,0x000000bcac400000)]
  0x000002a4822c2510 JavaThread "Cache worker for file hash cache (C:\xampp\htdocs\lvm\fineract\.gradle\8.6\fileHashes)" [_thread_blocked, id=16200, stack(0x000000bcaca00000,0x000000bcacb00000)]
  0x000002a4822c5cc0 JavaThread "Cache worker for cache directory md-supplier (C:\Users\d.ngantchou\.gradle\caches\8.6\md-supplier)" [_thread_blocked, id=13520, stack(0x000000bcacb00000,0x000000bcacc00000)]
  0x000002a4822c15e0 JavaThread "Cache worker for cache directory md-rule (C:\Users\d.ngantchou\.gradle\caches\8.6\md-rule)" [_thread_blocked, id=12884, stack(0x000000bcacc00000,0x000000bcacd00000)]
  0x000002a4822c61d0 JavaThread "Cache worker for file content cache (C:\Users\d.ngantchou\.gradle\caches\8.6\fileContent)" [_thread_blocked, id=18800, stack(0x000000bcacd00000,0x000000bcace00000)]
  0x000002a4822c57b0 JavaThread "jar transforms" [_thread_blocked, id=11928, stack(0x000000bcacf00000,0x000000bcad000000)]
  0x000002a4822c06b0 JavaThread "Unconstrained build operations" [_thread_blocked, id=1568, stack(0x000000bcace00000,0x000000bcacf00000)]
  0x000002a4822c2f30 JavaThread "jar transforms Thread 2" [_thread_blocked, id=11080, stack(0x000000bcad000000,0x000000bcad100000)]
  0x000002a4822c3440 JavaThread "jar transforms Thread 3" [_thread_blocked, id=12100, stack(0x000000bcad300000,0x000000bcad400000)]
  0x000002a4822c0bc0 JavaThread "Unconstrained build operations Thread 2" [_thread_blocked, id=20716, stack(0x000000bcad400000,0x000000bcad500000)]
  0x000002a4822c10d0 JavaThread "Unconstrained build operations Thread 3" [_thread_blocked, id=11900, stack(0x000000bcad500000,0x000000bcad600000)]
  0x000002a4822c4370 JavaThread "gradle-enterprise-worker-0" [_thread_blocked, id=19676, stack(0x000000bcad600000,0x000000bcad700000)]
  0x000002a4822c4880 JavaThread "gradle-enterprise-background-job-0" daemon [_thread_blocked, id=12504, stack(0x000000bcad700000,0x000000bcad800000)]
  0x000002a4825264e0 JavaThread "jar transforms Thread 4" [_thread_blocked, id=16924, stack(0x000000bcad800000,0x000000bcad900000)]
  0x000002a4825250a0 JavaThread "jar transforms Thread 5" [_thread_blocked, id=15472, stack(0x000000bcad200000,0x000000bcad300000)]
  0x000002a482523750 JavaThread "jar transforms Thread 6" [_thread_blocked, id=13632, stack(0x000000bcad900000,0x000000bcada00000)]
  0x000002a482525ac0 JavaThread "Cache worker for Build Output Cleanup Cache (C:\xampp\htdocs\lvm\fineract\buildSrc\.gradle\buildOutputCleanup)" [_thread_blocked, id=25820, stack(0x000000bcada00000,0x000000bcadb00000)]
  0x000002a482525fd0 JavaThread "Memory manager" [_thread_blocked, id=10084, stack(0x000000bcadc00000,0x000000bcadd00000)]
  0x000002a4825269f0 JavaThread "jar transforms Thread 7" [_thread_blocked, id=22624, stack(0x000000bcadd00000,0x000000bcade00000)]
  0x000002a482523c60 JavaThread "Unconstrained build operations Thread 4" [_thread_blocked, id=13752, stack(0x000000bcade00000,0x000000bcadf00000)]
  0x000002a482524170 JavaThread "jar transforms Thread 8" [_thread_blocked, id=8000, stack(0x000000bcadb00000,0x000000bcadc00000)]
  0x000002a482524680 JavaThread "included builds" [_thread_blocked, id=18316, stack(0x000000bcae000000,0x000000bcae100000)]
  0x000002a482524b90 JavaThread "Execution worker" [_thread_blocked, id=26076, stack(0x000000bcae100000,0x000000bcae200000)]
  0x000002a481b163b0 JavaThread "Execution worker Thread 2" [_thread_blocked, id=19280, stack(0x000000bcae200000,0x000000bcae300000)]
  0x000002a481b15ea0 JavaThread "Execution worker Thread 3" [_thread_blocked, id=15552, stack(0x000000bcae300000,0x000000bcae400000)]
  0x000002a481b13110 JavaThread "Execution worker Thread 4" [_thread_blocked, id=26180, stack(0x000000bcae400000,0x000000bcae500000)]
  0x000002a481b16dd0 JavaThread "Execution worker Thread 5" [_thread_blocked, id=19012, stack(0x000000bcae500000,0x000000bcae600000)]
  0x000002a481b14040 JavaThread "Execution worker Thread 6" [_thread_blocked, id=25192, stack(0x000000bcae600000,0x000000bcae700000)]
  0x000002a481b168c0 JavaThread "Execution worker Thread 7" [_thread_blocked, id=12500, stack(0x000000bcae700000,0x000000bcae800000)]
  0x000002a481b13620 JavaThread "Cache worker for execution history cache (C:\xampp\htdocs\lvm\fineract\buildSrc\.gradle\8.6\executionHistory)" [_thread_blocked, id=10572, stack(0x000000bcae800000,0x000000bcae900000)]
  0x000002a481b172e0 JavaThread "Unconstrained build operations Thread 5" [_thread_blocked, id=13320, stack(0x000000bcae900000,0x000000bcaea00000)]
  0x000002a481b177f0 JavaThread "Unconstrained build operations Thread 6" [_thread_blocked, id=27004, stack(0x000000bcaea00000,0x000000bcaeb00000)]
  0x000002a481b14550 JavaThread "Unconstrained build operations Thread 7" [_thread_blocked, id=22248, stack(0x000000bcaeb00000,0x000000bcaec00000)]
  0x000002a481b18720 JavaThread "Unconstrained build operations Thread 8" [_thread_blocked, id=9248, stack(0x000000bcaec00000,0x000000bcaed00000)]
  0x000002a481b13b30 JavaThread "Unconstrained build operations Thread 9" [_thread_blocked, id=14024, stack(0x000000bcaed00000,0x000000bcaee00000)]
  0x000002a481b14a60 JavaThread "Unconstrained build operations Thread 10" [_thread_blocked, id=892, stack(0x000000bcaee00000,0x000000bcaef00000)]
  0x000002a481b14f70 JavaThread "Unconstrained build operations Thread 11" [_thread_blocked, id=22416, stack(0x000000bcaef00000,0x000000bcaf000000)]
  0x000002a481b15480 JavaThread "Unconstrained build operations Thread 12" [_thread_blocked, id=23956, stack(0x000000bcaf000000,0x000000bcaf100000)]
  0x000002a481b18210 JavaThread "Unconstrained build operations Thread 13" [_thread_blocked, id=16328, stack(0x000000bcaf100000,0x000000bcaf200000)]
  0x000002a481b17d00 JavaThread "Unconstrained build operations Thread 14" [_thread_blocked, id=26040, stack(0x000000bcaf200000,0x000000bcaf300000)]
  0x000002a481b12c00 JavaThread "Unconstrained build operations Thread 15" [_thread_blocked, id=20500, stack(0x000000bcaf300000,0x000000bcaf400000)]
  0x000002a481b15990 JavaThread "Unconstrained build operations Thread 16" [_thread_blocked, id=17292, stack(0x000000bcaf400000,0x000000bcaf500000)]
  0x000002a481b18c30 JavaThread "Unconstrained build operations Thread 17" [_thread_blocked, id=22816, stack(0x000000bcaf500000,0x000000bcaf600000)]
  0x000002a481b121e0 JavaThread "Unconstrained build operations Thread 18" [_thread_blocked, id=27492, stack(0x000000bcaf600000,0x000000bcaf700000)]
  0x000002a481b19140 JavaThread "Unconstrained build operations Thread 19" [_thread_blocked, id=19284, stack(0x000000bcaf700000,0x000000bcaf800000)]
  0x000002a481b11cd0 JavaThread "Unconstrained build operations Thread 20" [_thread_blocked, id=15924, stack(0x000000bcaf800000,0x000000bcaf900000)]
  0x000002a481b19650 JavaThread "Unconstrained build operations Thread 21" [_thread_blocked, id=23424, stack(0x000000bcaf900000,0x000000bcafa00000)]
  0x000002a481b126f0 JavaThread "Unconstrained build operations Thread 22" [_thread_blocked, id=8240, stack(0x000000bcafa00000,0x000000bcafb00000)]
  0x000002a482797f30 JavaThread "Unconstrained build operations Thread 23" [_thread_blocked, id=27120, stack(0x000000bcafb00000,0x000000bcafc00000)]
  0x000002a482798950 JavaThread "Unconstrained build operations Thread 24" [_thread_blocked, id=11112, stack(0x000000bcafc00000,0x000000bcafd00000)]
  0x000002a482799370 JavaThread "Unconstrained build operations Thread 25" [_thread_blocked, id=25152, stack(0x000000bcafd00000,0x000000bcafe00000)]
  0x000002a4827951a0 JavaThread "Unconstrained build operations Thread 26" [_thread_blocked, id=13376, stack(0x000000bcafe00000,0x000000bcaff00000)]
  0x000002a482798e60 JavaThread "Unconstrained build operations Thread 27" [_thread_blocked, id=25156, stack(0x000000bcaff00000,0x000000bcb0000000)]
  0x000002a482797510 JavaThread "Unconstrained build operations Thread 28" [_thread_blocked, id=7912, stack(0x000000bcb0000000,0x000000bcb0100000)]
  0x000002a48279bbf0 JavaThread "Unconstrained build operations Thread 29" [_thread_blocked, id=11592, stack(0x000000bcb0100000,0x000000bcb0200000)]
  0x000002a4827956b0 JavaThread "Unconstrained build operations Thread 30" [_thread_blocked, id=3624, stack(0x000000bcb0200000,0x000000bcb0300000)]
  0x000002a48279c100 JavaThread "Unconstrained build operations Thread 31" [_thread_blocked, id=7384, stack(0x000000bcb0300000,0x000000bcb0400000)]
  0x000002a48279b6e0 JavaThread "Unconstrained build operations Thread 32" [_thread_blocked, id=13688, stack(0x000000bcb0400000,0x000000bcb0500000)]
  0x000002a48279c610 JavaThread "Unconstrained build operations Thread 33" [_thread_blocked, id=3800, stack(0x000000bcb0500000,0x000000bcb0600000)]
  0x000002a4827960d0 JavaThread "Unconstrained build operations Thread 34" [_thread_blocked, id=16904, stack(0x000000bcb0600000,0x000000bcb0700000)]
  0x000002a48279acc0 JavaThread "Unconstrained build operations Thread 35" [_thread_blocked, id=4836, stack(0x000000bcb0700000,0x000000bcb0800000)]
  0x000002a482798440 JavaThread "Unconstrained build operations Thread 36" [_thread_blocked, id=14412, stack(0x000000bcb0800000,0x000000bcb0900000)]
  0x000002a482795bc0 JavaThread "Unconstrained build operations Thread 37" [_thread_blocked, id=14564, stack(0x000000bcb0900000,0x000000bcb0a00000)]
  0x000002a482797a20 JavaThread "Unconstrained build operations Thread 38" [_thread_blocked, id=11988, stack(0x000000bcb0a00000,0x000000bcb0b00000)]
  0x000002a482799880 JavaThread "Unconstrained build operations Thread 39" [_thread_blocked, id=26284, stack(0x000000bcb0b00000,0x000000bcb0c00000)]
  0x000002a48279cb20 JavaThread "Unconstrained build operations Thread 40" [_thread_blocked, id=14788, stack(0x000000bcb0c00000,0x000000bcb0d00000)]
  0x000002a48279b1d0 JavaThread "Unconstrained build operations Thread 41" [_thread_blocked, id=11444, stack(0x000000bcb0d00000,0x000000bcb0e00000)]
  0x000002a482797000 JavaThread "Unconstrained build operations Thread 42" [_thread_blocked, id=10892, stack(0x000000bcb0e00000,0x000000bcb0f00000)]
  0x000002a482799d90 JavaThread "Unconstrained build operations Thread 43" [_thread_blocked, id=17356, stack(0x000000bcb0f00000,0x000000bcb1000000)]
  0x000002a4827965e0 JavaThread "Unconstrained build operations Thread 44" [_thread_blocked, id=1916, stack(0x000000bcb1000000,0x000000bcb1100000)]
  0x000002a48279a7b0 JavaThread "Unconstrained build operations Thread 45" [_thread_blocked, id=18392, stack(0x000000bcadf00000,0x000000bcae000000)]
  0x000002a482796af0 JavaThread "Unconstrained build operations Thread 46" [_thread_blocked, id=20880, stack(0x000000bcb1100000,0x000000bcb1200000)]
  0x000002a48166d740 JavaThread "Unconstrained build operations Thread 47" [_thread_blocked, id=19756, stack(0x000000bcb1200000,0x000000bcb1300000)]
  0x000002a48166a4a0 JavaThread "Unconstrained build operations Thread 48" [_thread_blocked, id=16868, stack(0x000000bcb1300000,0x000000bcb1400000)]
  0x000002a481671e20 JavaThread "Unconstrained build operations Thread 49" [_thread_blocked, id=14832, stack(0x000000bcb1400000,0x000000bcb1500000)]
  0x000002a48166dc50 JavaThread "Unconstrained build operations Thread 50" [_thread_blocked, id=4164, stack(0x000000bcb1500000,0x000000bcb1600000)]
  0x000002a481671400 JavaThread "Unconstrained build operations Thread 51" [_thread_blocked, id=9796, stack(0x000000bcb1600000,0x000000bcb1700000)]
  0x000002a48166c810 JavaThread "Unconstrained build operations Thread 52" [_thread_blocked, id=20984, stack(0x000000bcb1700000,0x000000bcb1800000)]
  0x000002a48166f5a0 JavaThread "Unconstrained build operations Thread 53" [_thread_blocked, id=12536, stack(0x000000bcb1800000,0x000000bcb1900000)]
  0x000002a48166fab0 JavaThread "Unconstrained build operations Thread 54" [_thread_blocked, id=25552, stack(0x000000bcb1900000,0x000000bcb1a00000)]
  0x000002a48166cd20 JavaThread "Unconstrained build operations Thread 55" [_thread_blocked, id=24312, stack(0x000000bcb1b00000,0x000000bcb1c00000)]
  0x000002a48166d230 JavaThread "Unconstrained build operations Thread 56" [_thread_blocked, id=26012, stack(0x000000bcb1c00000,0x000000bcb1d00000)]
  0x000002a48166e160 JavaThread "Unconstrained build operations Thread 57" [_thread_blocked, id=16824, stack(0x000000bcb1d00000,0x000000bcb1e00000)]
  0x000002a48166b8e0 JavaThread "Unconstrained build operations Thread 58" [_thread_blocked, id=3696, stack(0x000000bcb1e00000,0x000000bcb1f00000)]
  0x000002a48166a9b0 JavaThread "Unconstrained build operations Thread 59" [_thread_blocked, id=16880, stack(0x000000bcb1f00000,0x000000bcb2000000)]
  0x000002a48166aec0 JavaThread "Unconstrained build operations Thread 60" [_thread_blocked, id=22532, stack(0x000000bcb2000000,0x000000bcb2100000)]
  0x000002a48166e670 JavaThread "Unconstrained build operations Thread 61" [_thread_blocked, id=22104, stack(0x000000bcb2100000,0x000000bcb2200000)]
  0x000002a48166eb80 JavaThread "Unconstrained build operations Thread 62" [_thread_blocked, id=5352, stack(0x000000bcb2200000,0x000000bcb2300000)]
  0x000002a4816709e0 JavaThread "Unconstrained build operations Thread 63" [_thread_blocked, id=20876, stack(0x000000bcb2300000,0x000000bcb2400000)]
  0x000002a4816704d0 JavaThread "Unconstrained build operations Thread 64" [_thread_blocked, id=8972, stack(0x000000bcb2400000,0x000000bcb2500000)]
  0x000002a48166b3d0 JavaThread "Unconstrained build operations Thread 65" [_thread_blocked, id=11032, stack(0x000000bcb2500000,0x000000bcb2600000)]
  0x000002a48166bdf0 JavaThread "Unconstrained build operations Thread 66" [_thread_blocked, id=19440, stack(0x000000bcb2600000,0x000000bcb2700000)]
  0x000002a481671910 JavaThread "Unconstrained build operations Thread 67" [_thread_blocked, id=6480, stack(0x000000bcb2700000,0x000000bcb2800000)]
  0x000002a48166f090 JavaThread "Unconstrained build operations Thread 68" [_thread_blocked, id=19868, stack(0x000000bcb2800000,0x000000bcb2900000)]
  0x000002a48166c300 JavaThread "Unconstrained build operations Thread 69" [_thread_blocked, id=5496, stack(0x000000bcb2900000,0x000000bcb2a00000)]
  0x000002a481670ef0 JavaThread "Unconstrained build operations Thread 70" [_thread_blocked, id=8544, stack(0x000000bcb2a00000,0x000000bcb2b00000)]
  0x000002a48293ee60 JavaThread "Unconstrained build operations Thread 71" [_thread_blocked, id=3492, stack(0x000000bcb2b00000,0x000000bcb2c00000)]
  0x000002a48293caf0 JavaThread "Unconstrained build operations Thread 72" [_thread_blocked, id=17876, stack(0x000000bcb2c00000,0x000000bcb2d00000)]
  0x000002a482940cc0 JavaThread "Unconstrained build operations Thread 73" [_thread_blocked, id=8788, stack(0x000000bcb2d00000,0x000000bcb2e00000)]
  0x000002a48293c5e0 JavaThread "Unconstrained build operations Thread 74" [_thread_blocked, id=6476, stack(0x000000bcb2e00000,0x000000bcb2f00000)]
  0x000002a48293f370 JavaThread "Unconstrained build operations Thread 75" [_thread_blocked, id=6764, stack(0x000000bcb2f00000,0x000000bcb3000000)]
  0x000002a48293d000 JavaThread "Unconstrained build operations Thread 76" [_thread_blocked, id=25536, stack(0x000000bcb3000000,0x000000bcb3100000)]
  0x000002a48293fd90 JavaThread "Unconstrained build operations Thread 77" [_thread_blocked, id=19704, stack(0x000000bcb3100000,0x000000bcb3200000)]
  0x000002a48293f880 JavaThread "Unconstrained build operations Thread 78" [_thread_blocked, id=13056, stack(0x000000bcb3200000,0x000000bcb3300000)]
  0x000002a48293b6b0 JavaThread "Unconstrained build operations Thread 79" [_thread_blocked, id=26832, stack(0x000000bcb3300000,0x000000bcb3400000)]
  0x000002a482942610 JavaThread "Unconstrained build operations Thread 80" [_thread_blocked, id=26648, stack(0x000000bcb3400000,0x000000bcb3500000)]
  0x000002a48293b1a0 JavaThread "Cache worker for Build Output Cleanup Cache (C:\xampp\htdocs\lvm\fineract\.gradle\buildOutputCleanup)" [_thread_blocked, id=18656, stack(0x000000bcb3500000,0x000000bcb3600000)]
  0x000002a48293bbc0 JavaThread "JGit-FileStoreAttributeReader-1" daemon [_thread_blocked, id=23024, stack(0x000000bcad100000,0x000000bcad200000)]
=>0x000002a482dff450 JavaThread "C2 CompilerThread1" daemon [_thread_in_native, id=15736, stack(0x000000bcb1a00000,0x000000bcb1b00000)]
  0x000002a482dfdf10 JavaThread "C2 CompilerThread2" daemon [_thread_in_native, id=26216, stack(0x000000bcb3800000,0x000000bcb3900000)]

Other Threads:
  0x000002a4b9442740 VMThread "VM Thread" [stack: 0x000000bcaa500000,0x000000bcaa600000] [id=20704]
  0x000002a498f174a0 WatcherThread [stack: 0x000000bcab100000,0x000000bcab200000] [id=21308]
  0x000002a498f6ec90 GCTaskThread "GC Thread#0" [stack: 0x000000bcaa000000,0x000000bcaa100000] [id=14296]
  0x000002a4802c9980 GCTaskThread "GC Thread#1" [stack: 0x000000bcab400000,0x000000bcab500000] [id=27608]
  0x000002a48028fc80 GCTaskThread "GC Thread#2" [stack: 0x000000bcab500000,0x000000bcab600000] [id=26888]
  0x000002a4802c9c40 GCTaskThread "GC Thread#3" [stack: 0x000000bcab600000,0x000000bcab700000] [id=11004]
  0x000002a4802550e0 GCTaskThread "GC Thread#4" [stack: 0x000000bcab200000,0x000000bcab300000] [id=16884]
  0x000002a480d90fb0 GCTaskThread "GC Thread#5" [stack: 0x000000bcac500000,0x000000bcac600000] [id=10528]
  0x000002a481e2e970 GCTaskThread "GC Thread#6" [stack: 0x000000bcac600000,0x000000bcac700000] [id=25128]
  0x000002a481e2ec30 GCTaskThread "GC Thread#7" [stack: 0x000000bcac700000,0x000000bcac800000] [id=9892]
  0x000002a498f7b6f0 ConcurrentGCThread "G1 Main Marker" [stack: 0x000000bcaa100000,0x000000bcaa200000] [id=9180]
  0x000002a498f7c100 ConcurrentGCThread "G1 Conc#0" [stack: 0x000000bcaa200000,0x000000bcaa300000] [id=5884]
  0x000002a4825de450 ConcurrentGCThread "G1 Conc#1" [stack: 0x000000bcac900000,0x000000bcaca00000] [id=27212]
  0x000002a498fc82a0 ConcurrentGCThread "G1 Refine#0" [stack: 0x000000bcaa300000,0x000000bcaa400000] [id=16296]
  0x000002a4b93120c0 ConcurrentGCThread "G1 Service" [stack: 0x000000bcaa400000,0x000000bcaa500000] [id=24004]

Threads with active compile tasks:
C2 CompilerThread0    37544 11783 %     4       org.eclipse.jgit.internal.storage.file.PackIndexV2::<init> @ 273 (506 bytes)
C2 CompilerThread1    37545 11769       4       org.gradle.internal.logging.text.AbstractLineChoppingStyledTextOutput::doAppend (43 bytes)
C2 CompilerThread2    37545 11775       4       java.util.jar.Manifest::getAttributes (14 bytes)

VM state: not at safepoint (normal execution)

VM Mutex/Monitor currently owned by a thread: None

Heap address: 0x0000000744e00000, size: 2994 MB, Compressed Oops mode: Zero based, Oop shift amount: 3

CDS archive(s) mapped at: [0x000002a4ba000000-0x000002a4babd0000-0x000002a4babd0000), size 12386304, SharedBaseAddress: 0x000002a4ba000000, ArchiveRelocationMode: 1.
Compressed class space mapped at: 0x000002a4bb000000-0x000002a4fb000000, reserved size: 1073741824
Narrow klass base: 0x000002a4ba000000, Narrow klass shift: 0, Narrow klass range: 0x100000000

GC Precious Log:
 CPUs: 8 total, 8 available
 Memory: 11968M
 Large Page Support: Disabled
 NUMA Support: Disabled
 Compressed Oops: Enabled (Zero based)
 Heap Region Size: 2M
 Heap Min Capacity: 8M
 Heap Initial Capacity: 188M
 Heap Max Capacity: 2994M
 Pre-touch: Disabled
 Parallel Workers: 8
 Concurrent Workers: 2
 Concurrent Refinement Workers: 8
 Periodic GC: Disabled

Heap:
 garbage-first heap   total 165888K, used 95776K [0x0000000744e00000, 0x0000000800000000)
  region size 2048K, 11 young (22528K), 2 survivors (4096K)
 Metaspace       used 68045K, committed 68800K, reserved 1114112K
  class space    used 9619K, committed 9984K, reserved 1048576K

Heap Regions: E=young(eden), S=young(survivor), O=old, HS=humongous(starts), HC=humongous(continues), CS=collection set, F=free, OA=open archive, CA=closed archive, TAMS=top-at-mark-start (previous, next)
|   0|0x0000000744e00000, 0x0000000745000000, 0x0000000745000000|100%|HS|  |TAMS 0x0000000745000000, 0x0000000744e00000| Complete 
|   1|0x0000000745000000, 0x0000000745200000, 0x0000000745200000|100%|HC|  |TAMS 0x0000000745200000, 0x0000000745000000| Complete 
|   2|0x0000000745200000, 0x0000000745400000, 0x0000000745400000|100%| O|  |TAMS 0x0000000745400000, 0x0000000745200000| Untracked 
|   3|0x0000000745400000, 0x0000000745600000, 0x0000000745600000|100%| O|  |TAMS 0x0000000745600000, 0x0000000745400000| Untracked 
|   4|0x0000000745600000, 0x0000000745800000, 0x0000000745800000|100%| O|  |TAMS 0x0000000745800000, 0x0000000745600000| Untracked 
|   5|0x0000000745800000, 0x0000000745a00000, 0x0000000745a00000|100%| O|  |TAMS 0x0000000745a00000, 0x0000000745800000| Untracked 
|   6|0x0000000745a00000, 0x0000000745c00000, 0x0000000745c00000|100%| O|  |TAMS 0x0000000745c00000, 0x0000000745a00000| Untracked 
|   7|0x0000000745c00000, 0x0000000745e00000, 0x0000000745e00000|100%| O|  |TAMS 0x0000000745e00000, 0x0000000745c00000| Untracked 
|   8|0x0000000745e00000, 0x0000000746000000, 0x0000000746000000|100%| O|  |TAMS 0x0000000746000000, 0x0000000745e00000| Untracked 
|   9|0x0000000746000000, 0x0000000746200000, 0x0000000746200000|100%| O|  |TAMS 0x0000000746200000, 0x0000000746000000| Untracked 
|  10|0x0000000746200000, 0x0000000746400000, 0x0000000746400000|100%| O|  |TAMS 0x0000000746400000, 0x0000000746200000| Untracked 
|  11|0x0000000746400000, 0x0000000746600000, 0x0000000746600000|100%| O|  |TAMS 0x0000000746600000, 0x0000000746400000| Untracked 
|  12|0x0000000746600000, 0x0000000746800000, 0x0000000746800000|100%| O|  |TAMS 0x0000000746800000, 0x0000000746600000| Untracked 
|  13|0x0000000746800000, 0x0000000746a00000, 0x0000000746a00000|100%| O|  |TAMS 0x0000000746a00000, 0x0000000746800000| Untracked 
|  14|0x0000000746a00000, 0x0000000746c00000, 0x0000000746c00000|100%| O|  |TAMS 0x0000000746c00000, 0x0000000746a00000| Untracked 
|  15|0x0000000746c00000, 0x0000000746e00000, 0x0000000746e00000|100%| O|  |TAMS 0x0000000746e00000, 0x0000000746c00000| Untracked 
|  16|0x0000000746e00000, 0x0000000747000000, 0x0000000747000000|100%| O|  |TAMS 0x0000000747000000, 0x0000000746e00000| Untracked 
|  17|0x0000000747000000, 0x0000000747200000, 0x0000000747200000|100%| O|  |TAMS 0x0000000747200000, 0x0000000747000000| Untracked 
|  18|0x0000000747200000, 0x0000000747400000, 0x0000000747400000|100%| O|  |TAMS 0x0000000747400000, 0x0000000747200000| Untracked 
|  19|0x0000000747400000, 0x0000000747600000, 0x0000000747600000|100%| O|  |TAMS 0x0000000747600000, 0x0000000747400000| Untracked 
|  20|0x0000000747600000, 0x0000000747800000, 0x0000000747800000|100%| O|  |TAMS 0x0000000747800000, 0x0000000747600000| Untracked 
|  21|0x0000000747800000, 0x0000000747a00000, 0x0000000747a00000|100%| O|  |TAMS 0x0000000747a00000, 0x0000000747800000| Untracked 
|  22|0x0000000747a00000, 0x0000000747c00000, 0x0000000747c00000|100%| O|  |TAMS 0x0000000747c00000, 0x0000000747a00000| Untracked 
|  23|0x0000000747c00000, 0x0000000747e00000, 0x0000000747e00000|100%| O|  |TAMS 0x0000000747e00000, 0x0000000747c00000| Untracked 
|  24|0x0000000747e00000, 0x0000000748000000, 0x0000000748000000|100%| O|  |TAMS 0x0000000748000000, 0x0000000747e00000| Untracked 
|  25|0x0000000748000000, 0x0000000748200000, 0x0000000748200000|100%| O|  |TAMS 0x0000000748200000, 0x0000000748000000| Untracked 
|  26|0x0000000748200000, 0x0000000748400000, 0x0000000748400000|100%| O|  |TAMS 0x0000000748400000, 0x0000000748200000| Untracked 
|  27|0x0000000748400000, 0x0000000748600000, 0x0000000748600000|100%| O|  |TAMS 0x0000000748600000, 0x0000000748400000| Untracked 
|  28|0x0000000748600000, 0x0000000748800000, 0x0000000748800000|100%| O|  |TAMS 0x0000000748800000, 0x0000000748600000| Untracked 
|  29|0x0000000748800000, 0x0000000748a00000, 0x0000000748a00000|100%| O|  |TAMS 0x0000000748a00000, 0x0000000748800000| Untracked 
|  30|0x0000000748a00000, 0x0000000748c00000, 0x0000000748c00000|100%| O|  |TAMS 0x0000000748c00000, 0x0000000748a00000| Untracked 
|  31|0x0000000748c00000, 0x0000000748e00000, 0x0000000748e00000|100%| O|  |TAMS 0x0000000748e00000, 0x0000000748c00000| Untracked 
|  32|0x0000000748e00000, 0x0000000749000000, 0x0000000749000000|100%| O|  |TAMS 0x0000000749000000, 0x0000000748e00000| Untracked 
|  33|0x0000000749000000, 0x0000000749200000, 0x0000000749200000|100%| O|  |TAMS 0x0000000749200000, 0x0000000749000000| Untracked 
|  34|0x0000000749200000, 0x0000000749400000, 0x0000000749400000|100%| O|  |TAMS 0x0000000749400000, 0x0000000749200000| Untracked 
|  35|0x0000000749400000, 0x0000000749600000, 0x0000000749600000|100%| O|  |TAMS 0x0000000749600000, 0x0000000749400000| Untracked 
|  36|0x0000000749600000, 0x0000000749800000, 0x0000000749800000|100%| O|  |TAMS 0x00000007496b0200, 0x0000000749600000| Untracked 
|  37|0x0000000749800000, 0x0000000749920200, 0x0000000749a00000| 56%| O|  |TAMS 0x0000000749800000, 0x0000000749800000| Untracked 
|  38|0x0000000749a00000, 0x0000000749a00000, 0x0000000749c00000|  0%| F|  |TAMS 0x0000000749a00000, 0x0000000749a00000| Untracked 
|  39|0x0000000749c00000, 0x0000000749c00000, 0x0000000749e00000|  0%| F|  |TAMS 0x0000000749c00000, 0x0000000749c00000| Untracked 
|  40|0x0000000749e00000, 0x0000000749e00000, 0x000000074a000000|  0%| F|  |TAMS 0x0000000749e00000, 0x0000000749e00000| Untracked 
|  41|0x000000074a000000, 0x000000074a000000, 0x000000074a200000|  0%| F|  |TAMS 0x000000074a000000, 0x000000074a000000| Untracked 
|  42|0x000000074a200000, 0x000000074a200000, 0x000000074a400000|  0%| F|  |TAMS 0x000000074a200000, 0x000000074a200000| Untracked 
|  43|0x000000074a400000, 0x000000074a400000, 0x000000074a600000|  0%| F|  |TAMS 0x000000074a400000, 0x000000074a400000| Untracked 
|  44|0x000000074a600000, 0x000000074a600000, 0x000000074a800000|  0%| F|  |TAMS 0x000000074a600000, 0x000000074a600000| Untracked 
|  45|0x000000074a800000, 0x000000074a800000, 0x000000074aa00000|  0%| F|  |TAMS 0x000000074a800000, 0x000000074a800000| Untracked 
|  46|0x000000074aa00000, 0x000000074aa00000, 0x000000074ac00000|  0%| F|  |TAMS 0x000000074aa00000, 0x000000074aa00000| Untracked 
|  47|0x000000074ac00000, 0x000000074ac00000, 0x000000074ae00000|  0%| F|  |TAMS 0x000000074ac00000, 0x000000074ac00000| Untracked 
|  48|0x000000074ae00000, 0x000000074ae00000, 0x000000074b000000|  0%| F|  |TAMS 0x000000074ae00000, 0x000000074ae00000| Untracked 
|  49|0x000000074b000000, 0x000000074b067e40, 0x000000074b200000| 20%| S|CS|TAMS 0x000000074b000000, 0x000000074b000000| Complete 
|  50|0x000000074b200000, 0x000000074b400000, 0x000000074b400000|100%| S|CS|TAMS 0x000000074b200000, 0x000000074b200000| Complete 
|  51|0x000000074b400000, 0x000000074b400000, 0x000000074b600000|  0%| F|  |TAMS 0x000000074b400000, 0x000000074b400000| Untracked 
|  52|0x000000074b600000, 0x000000074b600000, 0x000000074b800000|  0%| F|  |TAMS 0x000000074b600000, 0x000000074b600000| Untracked 
|  53|0x000000074b800000, 0x000000074b800000, 0x000000074ba00000|  0%| F|  |TAMS 0x000000074b800000, 0x000000074b800000| Untracked 
|  54|0x000000074ba00000, 0x000000074ba00000, 0x000000074bc00000|  0%| F|  |TAMS 0x000000074ba00000, 0x000000074ba00000| Untracked 
|  55|0x000000074bc00000, 0x000000074bc00000, 0x000000074be00000|  0%| F|  |TAMS 0x000000074bc00000, 0x000000074bc00000| Untracked 
|  56|0x000000074be00000, 0x000000074be00000, 0x000000074c000000|  0%| F|  |TAMS 0x000000074be00000, 0x000000074be00000| Untracked 
|  57|0x000000074c000000, 0x000000074c000000, 0x000000074c200000|  0%| F|  |TAMS 0x000000074c000000, 0x000000074c000000| Untracked 
|  58|0x000000074c200000, 0x000000074c200000, 0x000000074c400000|  0%| F|  |TAMS 0x000000074c200000, 0x000000074c200000| Untracked 
|  59|0x000000074c400000, 0x000000074c400000, 0x000000074c600000|  0%| F|  |TAMS 0x000000074c400000, 0x000000074c400000| Untracked 
|  60|0x000000074c600000, 0x000000074c600000, 0x000000074c800000|  0%| F|  |TAMS 0x000000074c600000, 0x000000074c600000| Untracked 
|  61|0x000000074c800000, 0x000000074c800000, 0x000000074ca00000|  0%| F|  |TAMS 0x000000074c800000, 0x000000074c800000| Untracked 
|  62|0x000000074ca00000, 0x000000074ca00000, 0x000000074cc00000|  0%| F|  |TAMS 0x000000074ca00000, 0x000000074ca00000| Untracked 
|  63|0x000000074cc00000, 0x000000074cc00000, 0x000000074ce00000|  0%| F|  |TAMS 0x000000074cc00000, 0x000000074cc00000| Untracked 
|  64|0x000000074ce00000, 0x000000074ce00000, 0x000000074d000000|  0%| F|  |TAMS 0x000000074ce00000, 0x000000074ce00000| Untracked 
|  65|0x000000074d000000, 0x000000074d000000, 0x000000074d200000|  0%| F|  |TAMS 0x000000074d000000, 0x000000074d000000| Untracked 
|  66|0x000000074d200000, 0x000000074d200000, 0x000000074d400000|  0%| F|  |TAMS 0x000000074d200000, 0x000000074d200000| Untracked 
|  67|0x000000074d400000, 0x000000074d400000, 0x000000074d600000|  0%| F|  |TAMS 0x000000074d400000, 0x000000074d400000| Untracked 
|  68|0x000000074d600000, 0x000000074d600000, 0x000000074d800000|  0%| F|  |TAMS 0x000000074d600000, 0x000000074d600000| Untracked 
|  69|0x000000074d800000, 0x000000074d800000, 0x000000074da00000|  0%| F|  |TAMS 0x000000074d800000, 0x000000074d800000| Untracked 
|  70|0x000000074da00000, 0x000000074da00000, 0x000000074dc00000|  0%| F|  |TAMS 0x000000074da00000, 0x000000074da00000| Untracked 
|  71|0x000000074dc00000, 0x000000074dc00000, 0x000000074de00000|  0%| F|  |TAMS 0x000000074dc00000, 0x000000074dc00000| Untracked 
|  72|0x000000074de00000, 0x000000074df6edb8, 0x000000074e000000| 71%| E|  |TAMS 0x000000074de00000, 0x000000074de00000| Complete 
|  73|0x000000074e000000, 0x000000074e200000, 0x000000074e200000|100%| E|CS|TAMS 0x000000074e000000, 0x000000074e000000| Complete 
|  74|0x000000074e200000, 0x000000074e400000, 0x000000074e400000|100%| E|CS|TAMS 0x000000074e200000, 0x000000074e200000| Complete 
|  75|0x000000074e400000, 0x000000074e600000, 0x000000074e600000|100%| E|CS|TAMS 0x000000074e400000, 0x000000074e400000| Complete 
|  76|0x000000074e600000, 0x000000074e800000, 0x000000074e800000|100%| E|CS|TAMS 0x000000074e600000, 0x000000074e600000| Complete 
|  77|0x000000074e800000, 0x000000074ea00000, 0x000000074ea00000|100%| E|CS|TAMS 0x000000074e800000, 0x000000074e800000| Complete 
|  78|0x000000074ea00000, 0x000000074ec00000, 0x000000074ec00000|100%| E|CS|TAMS 0x000000074ea00000, 0x000000074ea00000| Complete 
|  81|0x000000074f000000, 0x000000074f200000, 0x000000074f200000|100%| E|CS|TAMS 0x000000074f000000, 0x000000074f000000| Complete 
|  93|0x0000000750800000, 0x0000000750a00000, 0x0000000750a00000|100%| E|CS|TAMS 0x0000000750800000, 0x0000000750800000| Complete 

Card table byte_map: [0x000002a4b00d0000,0x000002a4b06b0000] _byte_map_base: 0x000002a4ac6a9000

Marking Bits (Prev, Next): (CMBitMap*) 0x000002a498f6f2f0, (CMBitMap*) 0x000002a498f6f2b0
 Prev Bits: [0x000002a4b3b60000, 0x000002a4b6a28000)
 Next Bits: [0x000002a4b0c90000, 0x000002a4b3b58000)

Polling page: 0x000002a4986e0000

Metaspace:

Usage:
  Non-class:     57.08 MB used.
      Class:      9.40 MB used.
       Both:     66.48 MB used.

Virtual space:
  Non-class space:       64.00 MB reserved,      57.50 MB ( 90%) committed,  1 nodes.
      Class space:        1.00 GB reserved,       9.75 MB ( <1%) committed,  1 nodes.
             Both:        1.06 GB reserved,      67.25 MB (  6%) committed. 

Chunk freelists:
   Non-Class:  6.54 MB
       Class:  6.25 MB
        Both:  12.79 MB

MaxMetaspaceSize: unlimited
CompressedClassSpaceSize: 1.00 GB
Initial GC threshold: 21.00 MB
Current GC threshold: 111.56 MB
CDS: on
MetaspaceReclaimPolicy: balanced
 - commit_granule_bytes: 65536.
 - commit_granule_words: 8192.
 - virtual_space_node_default_size: 8388608.
 - enlarge_chunks_in_place: 1.
 - new_chunks_are_fully_committed: 0.
 - uncommit_free_chunks: 1.
 - use_allocation_guard: 0.
 - handle_deallocations: 1.


Internal statistics:

num_allocs_failed_limit: 6.
num_arena_births: 900.
num_arena_deaths: 0.
num_vsnodes_births: 2.
num_vsnodes_deaths: 0.
num_space_committed: 1076.
num_space_uncommitted: 0.
num_chunks_returned_to_freelist: 6.
num_chunks_taken_from_freelist: 3872.
num_chunk_merges: 6.
num_chunk_splits: 2446.
num_chunks_enlarged: 1523.
num_inconsistent_stats: 0.

CodeHeap 'non-profiled nmethods': size=120000Kb used=6198Kb max_used=6198Kb free=113801Kb
 bounds [0x000002a4a8290000, 0x000002a4a88a0000, 0x000002a4af7c0000]
CodeHeap 'profiled nmethods': size=120000Kb used=19772Kb max_used=19772Kb free=100227Kb
 bounds [0x000002a4a07c0000, 0x000002a4a1b20000, 0x000002a4a7cf0000]
CodeHeap 'non-nmethods': size=5760Kb used=2393Kb max_used=2463Kb free=3366Kb
 bounds [0x000002a4a7cf0000, 0x000002a4a7f60000, 0x000002a4a8290000]
 total_blobs=11163 nmethods=10256 adapters=818
 compilation: enabled
              stopped_count=0, restarted_count=0
 full_count=0

Compilation events (20 events):
Event: 37.382 Thread 0x000002a4b94748e0 nmethod 11772 0x000002a4a1afc490 code [0x000002a4a1afc620, 0x000002a4a1afc738]
Event: 37.382 Thread 0x000002a4b94748e0 11773       1       org.gradle.api.internal.project.DefaultProject::getTasks (5 bytes)
Event: 37.382 Thread 0x000002a4b94748e0 nmethod 11773 0x000002a4a8897210 code [0x000002a4a88973a0, 0x000002a4a8897478]
Event: 37.383 Thread 0x000002a4b94748e0 11774       3       groovy.lang.MetaBeanProperty::getProperty (64 bytes)
Event: 37.384 Thread 0x000002a4b94748e0 nmethod 11774 0x000002a4a1afc810 code [0x000002a4a1afca60, 0x000002a4a1afd318]
Event: 37.430 Thread 0x000002a4b94748e0 11776       3       sun.security.provider.SHA2$SHA256::<init> (12 bytes)
Event: 37.430 Thread 0x000002a4b94748e0 nmethod 11776 0x000002a4a1afd610 code [0x000002a4a1afd7e0, 0x000002a4a1afdda8]
Event: 37.430 Thread 0x000002a4b94748e0 11777       3       sun.security.provider.SHA2::<init> (26 bytes)
Event: 37.431 Thread 0x000002a4b94748e0 nmethod 11777 0x000002a4a1afdf90 code [0x000002a4a1afe160, 0x000002a4a1afe6a8]
Event: 37.432 Thread 0x000002a4b94748e0 11778       3       org.eclipse.jgit.util.NB::decodeUInt32 (57 bytes)
Event: 37.433 Thread 0x000002a4b94748e0 nmethod 11778 0x000002a4a1afe810 code [0x000002a4a1afe9a0, 0x000002a4a1afeb58]
Event: 37.433 Thread 0x000002a4b94748e0 11779       3       org.eclipse.jgit.util.NB::decodeInt32 (51 bytes)
Event: 37.433 Thread 0x000002a4b94748e0 nmethod 11779 0x000002a4a1afec90 code [0x000002a4a1afee20, 0x000002a4a1afefd8]
Event: 37.438 Thread 0x000002a4b94748e0 11781 %     3       org.eclipse.jgit.internal.storage.file.PackIndexV2::<init> @ 273 (506 bytes)
Event: 37.442 Thread 0x000002a4b94748e0 nmethod 11781% 0x000002a4a1aff110 code [0x000002a4a1aff520, 0x000002a4a1b01db8]
Event: 37.442 Thread 0x000002a4b94748e0 11782       3       org.eclipse.jgit.internal.storage.file.PackIndexV2::<init> (506 bytes)
Event: 37.443 Thread 0x000002a482dfdf10 11770       4       java.util.LinkedHashMap::keysToArray (38 bytes)
Event: 37.445 Thread 0x000002a4b94748e0 nmethod 11782 0x000002a4a1b02c90 code [0x000002a4a1b03080, 0x000002a4a1b05718]
Event: 37.457 Thread 0x000002a482dfdf10 nmethod 11770 0x000002a4a8897510 code [0x000002a4a88976a0, 0x000002a4a8897ad8]
Event: 37.457 Thread 0x000002a482dfdf10 11767       4       java.io.WinNTFileSystem::resolve (275 bytes)

GC Heap History (20 events):
Event: 27.320 GC heap before
{Heap before GC invocations=21 (full 0):
 garbage-first heap   total 108544K, used 85185K [0x0000000744e00000, 0x0000000800000000)
  region size 2048K, 19 young (38912K), 2 survivors (4096K)
 Metaspace       used 60418K, committed 61120K, reserved 1114112K
  class space    used 8786K, committed 9152K, reserved 1048576K
}
Event: 27.329 GC heap after
{Heap after GC invocations=22 (full 0):
 garbage-first heap   total 108544K, used 53146K [0x0000000744e00000, 0x0000000800000000)
  region size 2048K, 3 young (6144K), 3 survivors (6144K)
 Metaspace       used 60418K, committed 61120K, reserved 1114112K
  class space    used 8786K, committed 9152K, reserved 1048576K
}
Event: 28.559 GC heap before
{Heap before GC invocations=22 (full 0):
 garbage-first heap   total 108544K, used 85914K [0x0000000744e00000, 0x0000000800000000)
  region size 2048K, 19 young (38912K), 3 survivors (6144K)
 Metaspace       used 61065K, committed 61696K, reserved 1114112K
  class space    used 8832K, committed 9152K, reserved 1048576K
}
Event: 28.571 GC heap after
{Heap after GC invocations=23 (full 0):
 garbage-first heap   total 108544K, used 55380K [0x0000000744e00000, 0x0000000800000000)
  region size 2048K, 3 young (6144K), 3 survivors (6144K)
 Metaspace       used 61065K, committed 61696K, reserved 1114112K
  class space    used 8832K, committed 9152K, reserved 1048576K
}
Event: 29.398 GC heap before
{Heap before GC invocations=24 (full 0):
 garbage-first heap   total 108544K, used 86100K [0x0000000744e00000, 0x0000000800000000)
  region size 2048K, 18 young (36864K), 3 survivors (6144K)
 Metaspace       used 61439K, committed 62144K, reserved 1114112K
  class space    used 8865K, committed 9216K, reserved 1048576K
}
Event: 29.407 GC heap after
{Heap after GC invocations=25 (full 0):
 garbage-first heap   total 108544K, used 55298K [0x0000000744e00000, 0x0000000800000000)
  region size 2048K, 1 young (2048K), 1 survivors (2048K)
 Metaspace       used 61439K, committed 62144K, reserved 1114112K
  class space    used 8865K, committed 9216K, reserved 1048576K
}
Event: 31.570 GC heap before
{Heap before GC invocations=25 (full 0):
 garbage-first heap   total 108544K, used 83970K [0x0000000744e00000, 0x0000000800000000)
  region size 2048K, 16 young (32768K), 1 survivors (2048K)
 Metaspace       used 62954K, committed 63680K, reserved 1114112K
  class space    used 9069K, committed 9408K, reserved 1048576K
}
Event: 31.577 GC heap after
{Heap after GC invocations=26 (full 0):
 garbage-first heap   total 108544K, used 57336K [0x0000000744e00000, 0x0000000800000000)
  region size 2048K, 2 young (4096K), 2 survivors (4096K)
 Metaspace       used 62954K, committed 63680K, reserved 1114112K
  class space    used 9069K, committed 9408K, reserved 1048576K
}
Event: 33.140 GC heap before
{Heap before GC invocations=27 (full 0):
 garbage-first heap   total 108544K, used 83960K [0x0000000744e00000, 0x0000000800000000)
  region size 2048K, 16 young (32768K), 2 survivors (4096K)
 Metaspace       used 63516K, committed 64320K, reserved 1114112K
  class space    used 9092K, committed 9472K, reserved 1048576K
}
Event: 33.153 GC heap after
{Heap after GC invocations=28 (full 0):
 garbage-first heap   total 108544K, used 63505K [0x0000000744e00000, 0x0000000800000000)
  region size 2048K, 2 young (4096K), 2 survivors (4096K)
 Metaspace       used 63516K, committed 64320K, reserved 1114112K
  class space    used 9092K, committed 9472K, reserved 1048576K
}
Event: 33.533 GC heap before
{Heap before GC invocations=28 (full 0):
 garbage-first heap   total 108544K, used 83985K [0x0000000744e00000, 0x0000000800000000)
  region size 2048K, 13 young (26624K), 2 survivors (4096K)
 Metaspace       used 63705K, committed 64512K, reserved 1114112K
  class space    used 9092K, committed 9472K, reserved 1048576K
}
Event: 33.542 GC heap after
{Heap after GC invocations=29 (full 0):
 garbage-first heap   total 108544K, used 65508K [0x0000000744e00000, 0x0000000800000000)
  region size 2048K, 1 young (2048K), 1 survivors (2048K)
 Metaspace       used 63705K, committed 64512K, reserved 1114112K
  class space    used 9092K, committed 9472K, reserved 1048576K
}
Event: 34.318 GC heap before
{Heap before GC invocations=30 (full 0):
 garbage-first heap   total 120832K, used 83940K [0x0000000744e00000, 0x0000000800000000)
  region size 2048K, 11 young (22528K), 1 survivors (2048K)
 Metaspace       used 63888K, committed 64640K, reserved 1114112K
  class space    used 9093K, committed 9472K, reserved 1048576K
}
Event: 34.323 GC heap after
{Heap after GC invocations=31 (full 0):
 garbage-first heap   total 120832K, used 65937K [0x0000000744e00000, 0x0000000800000000)
  region size 2048K, 2 young (4096K), 2 survivors (4096K)
 Metaspace       used 63888K, committed 64640K, reserved 1114112K
  class space    used 9093K, committed 9472K, reserved 1048576K
}
Event: 35.279 GC heap before
{Heap before GC invocations=31 (full 0):
 garbage-first heap   total 120832K, used 92561K [0x0000000744e00000, 0x0000000800000000)
  region size 2048K, 16 young (32768K), 2 survivors (4096K)
 Metaspace       used 65154K, committed 65920K, reserved 1114112K
  class space    used 9242K, committed 9600K, reserved 1048576K
}
Event: 35.286 GC heap after
{Heap after GC invocations=32 (full 0):
 garbage-first heap   total 120832K, used 74210K [0x0000000744e00000, 0x0000000800000000)
  region size 2048K, 2 young (4096K), 2 survivors (4096K)
 Metaspace       used 65154K, committed 65920K, reserved 1114112K
  class space    used 9242K, committed 9600K, reserved 1048576K
}
Event: 35.850 GC heap before
{Heap before GC invocations=33 (full 0):
 garbage-first heap   total 137216K, used 94690K [0x0000000744e00000, 0x0000000800000000)
  region size 2048K, 12 young (24576K), 2 survivors (4096K)
 Metaspace       used 65759K, committed 66560K, reserved 1114112K
  class space    used 9316K, committed 9728K, reserved 1048576K
}
Event: 35.861 GC heap after
{Heap after GC invocations=34 (full 0):
 garbage-first heap   total 137216K, used 76975K [0x0000000744e00000, 0x0000000800000000)
  region size 2048K, 2 young (4096K), 2 survivors (4096K)
 Metaspace       used 65759K, committed 66560K, reserved 1114112K
  class space    used 9316K, committed 9728K, reserved 1048576K
}
Event: 37.114 GC heap before
{Heap before GC invocations=34 (full 0):
 garbage-first heap   total 137216K, used 103599K [0x0000000744e00000, 0x0000000800000000)
  region size 2048K, 16 young (32768K), 2 survivors (4096K)
 Metaspace       used 67152K, committed 67968K, reserved 1114112K
  class space    used 9475K, committed 9856K, reserved 1048576K
}
Event: 37.120 GC heap after
{Heap after GC invocations=35 (full 0):
 garbage-first heap   total 165888K, used 79392K [0x0000000744e00000, 0x0000000800000000)
  region size 2048K, 2 young (4096K), 2 survivors (4096K)
 Metaspace       used 67152K, committed 67968K, reserved 1114112K
  class space    used 9475K, committed 9856K, reserved 1048576K
}

Deoptimization events (20 events):
Event: 37.075 Thread 0x000002a481235290 Uncommon trap: trap_request=0xffffff45 fr.pc=0x000002a4a8379dcc relative=0x000000000000042c
Event: 37.075 Thread 0x000002a481235290 Uncommon trap: reason=unstable_if action=reinterpret pc=0x000002a4a8379dcc method=java.lang.StringBuilder.toString()Ljava/lang/String; @ 4 c2
Event: 37.075 Thread 0x000002a481235290 DEOPT PACKING pc=0x000002a4a8379dcc sp=0x000000bcabcf8600
Event: 37.075 Thread 0x000002a481235290 DEOPT UNPACKING pc=0x000002a4a7d45ba3 sp=0x000000bcabcf85e0 mode 2
Event: 37.075 Thread 0x000002a481235290 Uncommon trap: trap_request=0xffffff45 fr.pc=0x000002a4a82ffc7c relative=0x000000000000015c
Event: 37.075 Thread 0x000002a481235290 Uncommon trap: reason=unstable_if action=reinterpret pc=0x000002a4a82ffc7c method=java.lang.AbstractStringBuilder.putStringAt(ILjava/lang/String;II)V @ 8 c2
Event: 37.075 Thread 0x000002a481235290 DEOPT PACKING pc=0x000002a4a82ffc7c sp=0x000000bcabcf8530
Event: 37.075 Thread 0x000002a481235290 DEOPT UNPACKING pc=0x000002a4a7d45ba3 sp=0x000000bcabcf8478 mode 2
Event: 37.075 Thread 0x000002a481235290 Uncommon trap: trap_request=0xffffff45 fr.pc=0x000002a4a82c33d0 relative=0x0000000000000710
Event: 37.075 Thread 0x000002a481235290 Uncommon trap: reason=unstable_if action=reinterpret pc=0x000002a4a82c33d0 method=java.lang.String.toLowerCase(Ljava/util/Locale;)Ljava/lang/String; @ 4 c2
Event: 37.075 Thread 0x000002a481235290 DEOPT PACKING pc=0x000002a4a82c33d0 sp=0x000000bcabcf90a0
Event: 37.075 Thread 0x000002a481235290 DEOPT UNPACKING pc=0x000002a4a7d45ba3 sp=0x000000bcabcf90a0 mode 2
Event: 37.334 Thread 0x000002a48293bbc0 Uncommon trap: trap_request=0xffffff45 fr.pc=0x000002a4a84e3798 relative=0x0000000000000098
Event: 37.334 Thread 0x000002a48293bbc0 Uncommon trap: reason=unstable_if action=reinterpret pc=0x000002a4a84e3798 method=java.lang.Integer.stringSize(I)I @ 3 c2
Event: 37.334 Thread 0x000002a48293bbc0 DEOPT PACKING pc=0x000002a4a84e3798 sp=0x000000bcad1fee70
Event: 37.334 Thread 0x000002a48293bbc0 DEOPT UNPACKING pc=0x000002a4a7d45ba3 sp=0x000000bcad1fedf8 mode 2
Event: 37.334 Thread 0x000002a48293bbc0 Uncommon trap: trap_request=0xffffff45 fr.pc=0x000002a4a84e3eec relative=0x00000000000001cc
Event: 37.334 Thread 0x000002a48293bbc0 Uncommon trap: reason=unstable_if action=reinterpret pc=0x000002a4a84e3eec method=java.lang.Integer.getChars(II[B)I @ 4 c2
Event: 37.334 Thread 0x000002a48293bbc0 DEOPT PACKING pc=0x000002a4a84e3eec sp=0x000000bcad1fee50
Event: 37.334 Thread 0x000002a48293bbc0 DEOPT UNPACKING pc=0x000002a4a7d45ba3 sp=0x000000bcad1fede0 mode 2

Classes unloaded (0 events):
No events

Classes redefined (0 events):
No events

Internal exceptions (20 events):
Event: 36.299 Thread 0x000002a481235290 Exception <a 'java/lang/ClassNotFoundException'{0x000000074c5c8cc0}: me/qoomon/gradle/gitversioning/GitVersioningPluginConfig$PatchDescription_DecoratedCustomizer> (0x000000074c5c8cc0) 
thrown [s\open\src\hotspot\share\classfile\systemDictionary.cpp, line 256]
Event: 36.359 Thread 0x000002a481235290 Implicit null exception at 0x000002a4a839d8e8 to 0x000002a4a839da80
Event: 37.074 Thread 0x000002a481235290 Exception <a 'sun/nio/fs/WindowsException'{0x000000074b509d30}> (0x000000074b509d30) 
thrown [s\open\src\hotspot\share\prims\jni.cpp, line 516]
Event: 37.074 Thread 0x000002a481235290 Exception <a 'sun/nio/fs/WindowsException'{0x000000074b50b140}> (0x000000074b50b140) 
thrown [s\open\src\hotspot\share\prims\jni.cpp, line 516]
Event: 37.075 Thread 0x000002a481235290 Exception <a 'java/io/FileNotFoundException'{0x000000074b50c510}> (0x000000074b50c510) 
thrown [s\open\src\hotspot\share\prims\jni.cpp, line 516]
Event: 37.083 Thread 0x000002a481235290 Exception <a 'sun/nio/fs/WindowsException'{0x000000074b527eb8}> (0x000000074b527eb8) 
thrown [s\open\src\hotspot\share\prims\jni.cpp, line 516]
Event: 37.090 Thread 0x000002a481235290 Exception <a 'sun/nio/fs/WindowsException'{0x000000074b5410c8}> (0x000000074b5410c8) 
thrown [s\open\src\hotspot\share\prims\jni.cpp, line 516]
Event: 37.092 Thread 0x000002a481235290 Exception <a 'sun/nio/fs/WindowsException'{0x000000074b542598}> (0x000000074b542598) 
thrown [s\open\src\hotspot\share\prims\jni.cpp, line 516]
Event: 37.137 Thread 0x000002a481235290 Exception <a 'sun/nio/fs/WindowsException'{0x0000000750863a18}> (0x0000000750863a18) 
thrown [s\open\src\hotspot\share\prims\jni.cpp, line 516]
Event: 37.137 Thread 0x000002a481235290 Exception <a 'sun/nio/fs/WindowsException'{0x0000000750864ee8}> (0x0000000750864ee8) 
thrown [s\open\src\hotspot\share\prims\jni.cpp, line 516]
Event: 37.138 Thread 0x000002a481235290 Exception <a 'sun/nio/fs/WindowsException'{0x0000000750866638}> (0x0000000750866638) 
thrown [s\open\src\hotspot\share\prims\jni.cpp, line 516]
Event: 37.139 Thread 0x000002a481235290 Exception <a 'sun/nio/fs/WindowsException'{0x0000000750867b08}> (0x0000000750867b08) 
thrown [s\open\src\hotspot\share\prims\jni.cpp, line 516]
Event: 37.317 Thread 0x000002a481235290 Exception <a 'sun/nio/fs/WindowsException'{0x000000074eb741b8}> (0x000000074eb741b8) 
thrown [s\open\src\hotspot\share\prims\jni.cpp, line 516]
Event: 37.333 Thread 0x000002a48293bbc0 Exception <a 'sun/nio/fs/WindowsException'{0x000000074e804330}> (0x000000074e804330) 
thrown [s\open\src\hotspot\share\prims\jni.cpp, line 516]
Event: 37.334 Thread 0x000002a48293bbc0 Exception <a 'sun/nio/fs/WindowsException'{0x000000074e804810}> (0x000000074e804810) 
thrown [s\open\src\hotspot\share\prims\jni.cpp, line 516]
Event: 37.339 Thread 0x000002a481235290 Exception <a 'sun/nio/fs/WindowsException'{0x000000074eb99ee0}> (0x000000074eb99ee0) 
thrown [s\open\src\hotspot\share\prims\jni.cpp, line 516]
Event: 37.417 Thread 0x000002a481235290 Exception <a 'sun/nio/fs/WindowsException'{0x000000074e93a320}> (0x000000074e93a320) 
thrown [s\open\src\hotspot\share\prims\jni.cpp, line 516]
Event: 37.417 Thread 0x000002a481235290 Exception <a 'sun/nio/fs/WindowsException'{0x000000074e93b7f0}> (0x000000074e93b7f0) 
thrown [s\open\src\hotspot\share\prims\jni.cpp, line 516]
Event: 37.418 Thread 0x000002a481235290 Exception <a 'sun/nio/fs/WindowsException'{0x000000074e93ceb8}> (0x000000074e93ceb8) 
thrown [s\open\src\hotspot\share\prims\jni.cpp, line 516]
Event: 37.419 Thread 0x000002a481235290 Exception <a 'sun/nio/fs/WindowsException'{0x000000074e93e388}> (0x000000074e93e388) 
thrown [s\open\src\hotspot\share\prims\jni.cpp, line 516]

VM Operations (20 events):
Event: 33.839 Executing VM operation: G1Concurrent
Event: 33.840 Executing VM operation: G1Concurrent done
Event: 34.318 Executing VM operation: G1CollectForAllocation
Event: 34.323 Executing VM operation: G1CollectForAllocation done
Event: 34.537 Executing VM operation: HandshakeAllThreads
Event: 34.537 Executing VM operation: HandshakeAllThreads done
Event: 35.278 Executing VM operation: G1CollectForAllocation
Event: 35.286 Executing VM operation: G1CollectForAllocation done
Event: 35.467 Executing VM operation: G1Concurrent
Event: 35.477 Executing VM operation: G1Concurrent done
Event: 35.566 Executing VM operation: G1Concurrent
Event: 35.567 Executing VM operation: G1Concurrent done
Event: 35.850 Executing VM operation: G1CollectForAllocation
Event: 35.861 Executing VM operation: G1CollectForAllocation done
Event: 37.113 Executing VM operation: G1CollectForAllocation
Event: 37.121 Executing VM operation: G1CollectForAllocation done
Event: 37.302 Executing VM operation: G1Concurrent
Event: 37.312 Executing VM operation: G1Concurrent done
Event: 37.406 Executing VM operation: G1Concurrent
Event: 37.406 Executing VM operation: G1Concurrent done

Events (20 events):
Event: 37.333 loading class java/util/concurrent/CompletableFuture$Signaller
Event: 37.333 loading class java/util/concurrent/CompletableFuture$Signaller done
Event: 37.351 Thread 0x000002a482dff450 Thread added: 0x000002a482dff450
Event: 37.414 loading class javax/management/MalformedObjectNameException
Event: 37.414 loading class javax/management/OperationsException
Event: 37.414 loading class javax/management/JMException
Event: 37.414 loading class javax/management/JMException done
Event: 37.414 loading class javax/management/OperationsException done
Event: 37.414 loading class javax/management/MalformedObjectNameException done
Event: 37.414 loading class javax/management/InstanceAlreadyExistsException
Event: 37.414 loading class javax/management/InstanceAlreadyExistsException done
Event: 37.415 loading class javax/management/MBeanRegistrationException
Event: 37.415 loading class javax/management/MBeanException
Event: 37.415 loading class javax/management/MBeanException done
Event: 37.415 loading class javax/management/MBeanRegistrationException done
Event: 37.415 loading class javax/management/NotCompliantMBeanException
Event: 37.415 loading class javax/management/NotCompliantMBeanException done
Event: 37.415 loading class javax/management/InstanceNotFoundException
Event: 37.415 loading class javax/management/InstanceNotFoundException done
Event: 37.442 Thread 0x000002a482dfdf10 Thread added: 0x000002a482dfdf10


Dynamic libraries:
0x00007ff790a90000 - 0x00007ff790aa0000 	C:\Program Files\Java\jdk-17\bin\java.exe
0x00007fffefbd0000 - 0x00007fffefdc8000 	C:\Windows\SYSTEM32\ntdll.dll
0x00007fffef550000 - 0x00007fffef60d000 	C:\Windows\System32\KERNEL32.DLL
0x00007fffed730000 - 0x00007fffeda26000 	C:\Windows\System32\KERNELBASE.dll
0x00007fffe5a60000 - 0x00007fffe5af0000 	C:\Windows\SYSTEM32\apphelp.dll
0x00007fffedb10000 - 0x00007fffedc10000 	C:\Windows\System32\ucrtbase.dll
0x00007fffd0ea0000 - 0x00007fffd0ebb000 	C:\Program Files\Java\jdk-17\bin\VCRUNTIME140.dll
0x00007fffe0590000 - 0x00007fffe05a9000 	C:\Program Files\Java\jdk-17\bin\jli.dll
0x00007fffefa60000 - 0x00007fffefb10000 	C:\Windows\System32\ADVAPI32.dll
0x00007fffef610000 - 0x00007fffef6ae000 	C:\Windows\System32\msvcrt.dll
0x00007fffedc10000 - 0x00007fffedcb0000 	C:\Windows\System32\sechost.dll
0x00007fffeee90000 - 0x00007fffeefb3000 	C:\Windows\System32\RPCRT4.dll
0x00007fffed5a0000 - 0x00007fffed5c7000 	C:\Windows\System32\bcrypt.dll
0x00007fffef710000 - 0x00007fffef8af000 	C:\Windows\System32\USER32.dll
0x00007fffd0ab0000 - 0x00007fffd0d4a000 	C:\Windows\WinSxS\amd64_microsoft.windows.common-controls_6595b64144ccf1df_6.0.19041.4355_none_60b8b9eb71f62e16\COMCTL32.dll
0x00007fffeda30000 - 0x00007fffeda52000 	C:\Windows\System32\win32u.dll
0x00007fffeedf0000 - 0x00007fffeee1b000 	C:\Windows\System32\GDI32.dll
0x00007fffed290000 - 0x00007fffed3a7000 	C:\Windows\System32\gdi32full.dll
0x00007fffed5d0000 - 0x00007fffed66d000 	C:\Windows\System32\msvcp_win.dll
0x00007fffe35d0000 - 0x00007fffe35da000 	C:\Windows\SYSTEM32\VERSION.dll
0x00007fffee4f0000 - 0x00007fffee51f000 	C:\Windows\System32\IMM32.DLL
0x00007fffe58c0000 - 0x00007fffe58cc000 	C:\Program Files\Java\jdk-17\bin\vcruntime140_1.dll
0x00007fffaf560000 - 0x00007fffaf5ee000 	C:\Program Files\Java\jdk-17\bin\msvcp140.dll
0x00007fff08700000 - 0x00007fff092df000 	C:\Program Files\Java\jdk-17\bin\server\jvm.dll
0x00007fffeee80000 - 0x00007fffeee88000 	C:\Windows\System32\PSAPI.DLL
0x00007fffc9540000 - 0x00007fffc9549000 	C:\Windows\SYSTEM32\WSOCK32.dll
0x00007fffdd790000 - 0x00007fffdd7b7000 	C:\Windows\SYSTEM32\WINMM.dll
0x00007fffeecf0000 - 0x00007fffeed5b000 	C:\Windows\System32\WS2_32.dll
0x00007fffeb8a0000 - 0x00007fffeb8b2000 	C:\Windows\SYSTEM32\kernel.appcore.dll
0x00007fffe1ee0000 - 0x00007fffe1eea000 	C:\Program Files\Java\jdk-17\bin\jimage.dll
0x00007fffeacd0000 - 0x00007fffeaeb4000 	C:\Windows\SYSTEM32\DBGHELP.DLL
0x00007fffc8d00000 - 0x00007fffc8d34000 	C:\Windows\SYSTEM32\dbgcore.DLL
0x00007fffed3b0000 - 0x00007fffed432000 	C:\Windows\System32\bcryptPrimitives.dll
0x00007fffe1e00000 - 0x00007fffe1e0e000 	C:\Program Files\Java\jdk-17\bin\instrument.dll
0x00007fffce0a0000 - 0x00007fffce0c5000 	C:\Program Files\Java\jdk-17\bin\java.dll
0x00007fffaf440000 - 0x00007fffaf517000 	C:\Program Files\Java\jdk-17\bin\jsvml.dll
0x00007fffedcb0000 - 0x00007fffee41c000 	C:\Windows\System32\SHELL32.dll
0x00007fffeafc0000 - 0x00007fffeb75d000 	C:\Windows\SYSTEM32\windows.storage.dll
0x00007fffee990000 - 0x00007fffeece3000 	C:\Windows\System32\combase.dll
0x00007fffecb60000 - 0x00007fffecb8e000 	C:\Windows\SYSTEM32\Wldp.dll
0x00007fffee420000 - 0x00007fffee4ed000 	C:\Windows\System32\OLEAUT32.dll
0x00007fffee520000 - 0x00007fffee5cd000 	C:\Windows\System32\SHCORE.dll
0x00007fffeee20000 - 0x00007fffeee75000 	C:\Windows\System32\shlwapi.dll
0x00007fffed1c0000 - 0x00007fffed1e4000 	C:\Windows\SYSTEM32\profapi.dll
0x00007fffcdbc0000 - 0x00007fffcdbd8000 	C:\Program Files\Java\jdk-17\bin\zip.dll
0x00007fffce8a0000 - 0x00007fffce8b9000 	C:\Program Files\Java\jdk-17\bin\net.dll
0x00007fffec200000 - 0x00007fffec30a000 	C:\Windows\SYSTEM32\WINHTTP.dll
0x00007fffec940000 - 0x00007fffec9aa000 	C:\Windows\system32\mswsock.dll
0x00007fffce080000 - 0x00007fffce096000 	C:\Program Files\Java\jdk-17\bin\nio.dll
0x00007fffce740000 - 0x00007fffce750000 	C:\Program Files\Java\jdk-17\bin\verify.dll
0x00007fffca1e0000 - 0x00007fffca207000 	C:\Users\d.ngantchou\.gradle\native\c067742578af261105cb4f569cf0c3c89f3d7b1fecec35dd04571415982c5e48\windows-amd64\native-platform.dll
0x00007fffb3dc0000 - 0x00007fffb3f04000 	C:\Users\d.ngantchou\.gradle\native\38dada09dfb8b06ba9b0570ebf7e218e3eb74d4ef43ca46872605cf95ebc2f47\windows-amd64\native-platform-file-events.dll
0x00007fffcf220000 - 0x00007fffcf22a000 	C:\Program Files\Java\jdk-17\bin\management.dll
0x00007fffceef0000 - 0x00007fffceefb000 	C:\Program Files\Java\jdk-17\bin\management_ext.dll
0x00007fffecc10000 - 0x00007fffecc28000 	C:\Windows\SYSTEM32\CRYPTSP.dll
0x00007fffec110000 - 0x00007fffec144000 	C:\Windows\system32\rsaenh.dll
0x00007fffed130000 - 0x00007fffed15e000 	C:\Windows\SYSTEM32\USERENV.dll
0x00007fffecad0000 - 0x00007fffecadc000 	C:\Windows\SYSTEM32\CRYPTBASE.dll
0x00007fffec640000 - 0x00007fffec67b000 	C:\Windows\SYSTEM32\IPHLPAPI.DLL
0x00007fffee780000 - 0x00007fffee788000 	C:\Windows\System32\NSI.dll
0x00007fffe6bb0000 - 0x00007fffe6bc7000 	C:\Windows\SYSTEM32\dhcpcsvc6.DLL
0x00007fffe6b80000 - 0x00007fffe6b9d000 	C:\Windows\SYSTEM32\dhcpcsvc.DLL
0x00007fffec680000 - 0x00007fffec74a000 	C:\Windows\SYSTEM32\DNSAPI.dll
0x00007fffcea90000 - 0x00007fffcea9e000 	C:\Program Files\Java\jdk-17\bin\sunmscapi.dll
0x00007fffed440000 - 0x00007fffed59e000 	C:\Windows\System32\CRYPT32.dll
0x00007fffecd20000 - 0x00007fffecd49000 	C:\Windows\SYSTEM32\ncrypt.dll
0x00007fffecce0000 - 0x00007fffecd1b000 	C:\Windows\SYSTEM32\NTASN1.dll
0x00007fffb0160000 - 0x00007fffb0167000 	C:\Windows\system32\wshunix.dll
0x00007fffc9550000 - 0x00007fffc9567000 	C:\Windows\system32\napinsp.dll
0x00007fffc9490000 - 0x00007fffc94ab000 	C:\Windows\system32\pnrpnsp.dll
0x00007fffe74f0000 - 0x00007fffe7505000 	C:\Windows\system32\wshbth.dll
0x00007fffe6840000 - 0x00007fffe685d000 	C:\Windows\system32\NLAapi.dll
0x00007fffc9470000 - 0x00007fffc9482000 	C:\Windows\System32\winrnr.dll
0x00007fffe34e0000 - 0x00007fffe34ea000 	C:\Windows\System32\rasadhlp.dll
0x00007fffe6b00000 - 0x00007fffe6b80000 	C:\Windows\System32\fwpuclnt.dll

dbghelp: loaded successfully - version: 4.0.5 - missing functions: none
symbol engine: initialized successfully - sym options: 0x614 - pdb path: .;C:\Program Files\Java\jdk-17\bin;C:\Windows\SYSTEM32;C:\Windows\WinSxS\amd64_microsoft.windows.common-controls_6595b64144ccf1df_6.0.19041.4355_none_60b8b9eb71f62e16;C:\Program Files\Java\jdk-17\bin\server;C:\Users\d.ngantchou\.gradle\native\c067742578af261105cb4f569cf0c3c89f3d7b1fecec35dd04571415982c5e48\windows-amd64;C:\Users\d.ngantchou\.gradle\native\38dada09dfb8b06ba9b0570ebf7e218e3eb74d4ef43ca46872605cf95ebc2f47\windows-amd64

VM Arguments:
jvm_args: --add-opens=java.base/java.util=ALL-UNNAMED --add-opens=java.base/java.lang=ALL-UNNAMED --add-opens=java.base/java.lang.invoke=ALL-UNNAMED --add-opens=java.prefs/java.util.prefs=ALL-UNNAMED --add-opens=java.base/java.nio.charset=ALL-UNNAMED --add-opens=java.base/java.net=ALL-UNNAMED --add-opens=java.base/java.util.concurrent.atomic=ALL-UNNAMED -Dfile.encoding=windows-1252 -Duser.country=FR -Duser.language=fr -Duser.variant -javaagent:C:\Users\d.ngantchou\.gradle\wrapper\dists\gradle-8.6-bin\afr5mpiioh2wthjmwnkmdsd5w\gradle-8.6\lib\agents\gradle-instrumentation-agent-8.6.jar 
java_command: org.gradle.launcher.daemon.bootstrap.GradleDaemon 8.6
java_class_path (initial): C:\Users\d.ngantchou\.gradle\wrapper\dists\gradle-8.6-bin\afr5mpiioh2wthjmwnkmdsd5w\gradle-8.6\lib\gradle-launcher-8.6.jar
Launcher Type: SUN_STANDARD

[Global flags]
     intx CICompilerCount                          = 4                                         {product} {ergonomic}
     uint ConcGCThreads                            = 2                                         {product} {ergonomic}
     uint G1ConcRefinementThreads                  = 8                                         {product} {ergonomic}
   size_t G1HeapRegionSize                         = 2097152                                   {product} {ergonomic}
    uintx GCDrainStackTargetSize                   = 64                                        {product} {ergonomic}
   size_t InitialHeapSize                          = 197132288                                 {product} {ergonomic}
   size_t MarkStackSize                            = 4194304                                   {product} {ergonomic}
   size_t MaxHeapSize                              = 3139436544                                {product} {ergonomic}
   size_t MaxNewSize                               = 1883242496                                {product} {ergonomic}
   size_t MinHeapDeltaBytes                        = 2097152                                   {product} {ergonomic}
   size_t MinHeapSize                              = 8388608                                   {product} {ergonomic}
    uintx NonNMethodCodeHeapSize                   = 5839372                                {pd product} {ergonomic}
    uintx NonProfiledCodeHeapSize                  = 122909434                              {pd product} {ergonomic}
    uintx ProfiledCodeHeapSize                     = 122909434                              {pd product} {ergonomic}
    uintx ReservedCodeCacheSize                    = 251658240                              {pd product} {ergonomic}
     bool SegmentedCodeCache                       = true                                      {product} {ergonomic}
   size_t SoftMaxHeapSize                          = 3139436544                             {manageable} {ergonomic}
     bool UseCompressedClassPointers               = true                           {product lp64_product} {ergonomic}
     bool UseCompressedOops                        = true                           {product lp64_product} {ergonomic}
     bool UseG1GC                                  = true                                      {product} {ergonomic}
     bool UseLargePagesIndividualAllocation        = false                                  {pd product} {ergonomic}

Logging:
Log output configuration:
 #0: stdout all=warning uptime,level,tags
 #1: stderr all=off uptime,level,tags

Environment Variables:
JAVA_HOME=C:\Program Files\Java\jdk-17
PATH=C:\Program Files\Common Files\Oracle\Java\javapath;C:\Windows\system32;C:\Windows;C:\Windows\System32\Wbem;C:\Windows\System32\WindowsPowerShell\v1.0\;C:\Windows\System32\OpenSSH\;C:\Program Files\Git\cmd;C:\Program Files\nodejs\;C:\Program Files\Docker\Docker\resources\bin;C:\xampp\php;C:\composer;C:\Program Files\Java\jdk-17\bin;C:\xampp\mysql\bin;C:\Gradle\gradle-8.6\bin;C:\Program Files\Microsoft SQL Server\150\Tools\Binn\;C:\Program Files\Microsoft SQL Server\Client SDK\ODBC\170\Tools\Binn\;C:\Program Files\dotnet\;C:\Users\d.ngantchou\AppData\Local\Microsoft\WindowsApps;;C:\Users\d.ngantchou\AppData\Local\Programs\Microsoft VS Code\bin;C:\Users\d.ngantchou\AppData\Roaming\npm;C:\Users\d.ngantchou\AppData\Roaming\Composer\vendor\bin;C:\Users\d.ngantchou\.dotnet\tools
USERNAME=d.ngantchou
OS=Windows_NT
PROCESSOR_IDENTIFIER=Intel64 Family 6 Model 140 Stepping 1, GenuineIntel



---------------  S Y S T E M  ---------------

OS:
 Windows 10 , 64 bit Build 19041 (10.0.19041.3636)
OS uptime: 4 days 22:15 hours
Hyper-V role detected

CPU: total 8 (initial active 8) (4 cores per cpu, 2 threads per core) family 6 model 140 stepping 1 microcode 0xb6, cx8, cmov, fxsr, ht, mmx, 3dnowpref, sse, sse2, sse3, ssse3, sse4.1, sse4.2, popcnt, lzcnt, tsc, tscinvbit, avx, avx2, aes, erms, clmul, bmi1, bmi2, adx, avx512f, avx512dq, avx512cd, avx512bw, avx512vl, sha, fma, vzeroupper, avx512_vpopcntdq, avx512_vpclmulqdq, avx512_vaes, avx512_vnni, clflush, clflushopt, clwb, avx512_vbmi2, avx512_vbmi, hv

Memory: 4k page, system-wide physical 11968M (754M free)
TotalPageFile size 25904M (AvailPageFile size 5M)
current process WorkingSet (physical memory assigned to process): 405M, peak: 405M
current process commit charge ("private bytes"): 463M, peak: 463M

vm_info: Java HotSpot(TM) 64-Bit Server VM (17.0.10+11-LTS-240) for windows-amd64 JRE (17.0.10+11-LTS-240), built on Dec 19 2023 21:47:25 by "mach5one" with MS VC++ 17.1 (VS2022)

END.
