#
# There is insufficient memory for the Java Runtime Environment to continue.
# Native memory allocation (mmap) failed to map 197132288 bytes for G1 virtual space
# Possible reasons:
#   The system is out of physical RAM or swap space
#   The process is running with CompressedOops enabled, and the Java Heap may be blocking the growth of the native heap
# Possible solutions:
#   Reduce memory load on the system
#   Increase physical memory or swap space
#   Check if swap backing store is full
#   Decrease Java heap size (-Xmx/-Xms)
#   Decrease number of Java threads
#   Decrease Java thread stack sizes (-Xss)
#   Set larger code cache with -XX:ReservedCodeCacheSize=
#   JVM is running with Zero Based Compressed Oops mode in which the Java heap is
#     placed in the first 32GB address space. The Java Heap base address is the
#     maximum limit for the native heap growth. Please use -XX:HeapBaseMinAddress
#     to set the Java Heap base and to place the Java Heap above 32GB virtual address.
# This output file may be truncated or incomplete.
#
#  Out of Memory Error (os_windows.cpp:3548), pid=26348, tid=25024
#
# JRE version:  (17.0.10+11) (build )
# Java VM: Java HotSpot(TM) 64-Bit Server VM (17.0.10+11-LTS-240, mixed mode, sharing, tiered, compressed oops, compressed class ptrs, g1 gc, windows-amd64)
# No core dump will be written. Minidumps are not enabled by default on client versions of Windows
#

---------------  S U M M A R Y ------------

Command Line: -Dfile.encoding=windows-1252 -Duser.country=FR -Duser.language=fr -Duser.variant org.eclipse.persistence.tools.weaving.jpa.StaticWeave -persistenceinfo C:\xampp\htdocs\lvm\fineract\fineract-loan\build\classes\java\main C:\xampp\htdocs\lvm\fineract\fineract-loan\build\classes\java\main C:\xampp\htdocs\lvm\fineract\fineract-loan\build\classes\java\main

Host: 11th Gen Intel(R) Core(TM) i5-1135G7 @ 2.40GHz, 8 cores, 11G,  Windows 10 , 64 bit Build 19041 (10.0.19041.3636)
Time: Tue Jun 11 10:03:39 2024 Afr. centrale Ouest elapsed time: 0.083036 seconds (0d 0h 0m 0s)

---------------  T H R E A D  ---------------

Current thread (0x000002254baaabc0):  JavaThread "Unknown thread" [_thread_in_vm, id=25024, stack(0x000000f403c00000,0x000000f403d00000)]

Stack: [0x000000f403c00000,0x000000f403d00000]
Native frames: (J=compiled Java code, j=interpreted, Vv=VM code, C=native code)
V  [jvm.dll+0x677a5a]
V  [jvm.dll+0x7d8b2d]
V  [jvm.dll+0x7da48e]
V  [jvm.dll+0x7daaf3]
V  [jvm.dll+0x2455ff]
V  [jvm.dll+0x6749b9]
V  [jvm.dll+0x669382]
V  [jvm.dll+0x302e96]
V  [jvm.dll+0x30a416]
V  [jvm.dll+0x359cbe]
V  [jvm.dll+0x359eef]
V  [jvm.dll+0x2d9e88]
V  [jvm.dll+0x2dadf4]
V  [jvm.dll+0x7aa551]
V  [jvm.dll+0x367911]
V  [jvm.dll+0x789639]
V  [jvm.dll+0x3eb30f]
V  [jvm.dll+0x3ecd91]
C  [jli.dll+0x5297]
C  [ucrtbase.dll+0x21bb2]
C  [KERNEL32.DLL+0x17344]
C  [ntdll.dll+0x526b1]


---------------  P R O C E S S  ---------------

Threads class SMR info:
_java_thread_list=0x00007ffe25546a18, length=0, elements={
}

Java Threads: ( => current thread )

Other Threads:
  0x000002254bb028b0 GCTaskThread "GC Thread#0" [stack: 0x000000f403d00000,0x000000f403e00000] [id=18080]
  0x000002254bb0f310 ConcurrentGCThread "G1 Main Marker" [stack: 0x000000f403e00000,0x000000f403f00000] [id=12060]
  0x000002254bb10d30 ConcurrentGCThread "G1 Conc#0" [stack: 0x000000f403f00000,0x000000f404000000] [id=20964]

[error occurred during error reporting (printing all threads), id 0xc0000005, EXCEPTION_ACCESS_VIOLATION (0xc0000005) at pc=0x00007ffe24d7aae7]

VM state: not at safepoint (not fully initialized)

VM Mutex/Monitor currently owned by a thread:  ([mutex/lock_event])
[0x000002254baa6510] Heap_lock - owner thread: 0x000002254baaabc0

Heap address: 0x0000000744e00000, size: 2994 MB, Compressed Oops mode: Zero based, Oop shift amount: 3

CDS archive(s) mapped at: [0x0000000000000000-0x0000000000000000-0x0000000000000000), size 0, SharedBaseAddress: 0x0000000800000000, ArchiveRelocationMode: 1.
Narrow klass base: 0x0000000000000000, Narrow klass shift: 0, Narrow klass range: 0x0

GC Precious Log:
<Empty>

Heap:
 garbage-first heap   total 0K, used 0K [0x0000000744e00000, 0x0000000800000000)
  region size 2048K, 0 young (0K), 0 survivors (0K)

[error occurred during error reporting (printing heap information), id 0xc0000005, EXCEPTION_ACCESS_VIOLATION (0xc0000005) at pc=0x00007ffe25161249]

GC Heap History (0 events):
No events

Deoptimization events (0 events):
No events

Classes unloaded (0 events):
No events

Classes redefined (0 events):
No events

Internal exceptions (0 events):
No events

VM Operations (0 events):
No events

Events (1 events):
Event: 0.053 Loaded shared library C:\Program Files\Java\jdk-17\bin\java.dll


Dynamic libraries:
0x00007ff613560000 - 0x00007ff613570000 	C:\Program Files\Java\jdk-17\bin\java.exe
0x00007ffe9a5f0000 - 0x00007ffe9a7e8000 	C:\Windows\SYSTEM32\ntdll.dll
0x00007ffe98990000 - 0x00007ffe98a4d000 	C:\Windows\System32\KERNEL32.DLL
0x00007ffe981b0000 - 0x00007ffe984a6000 	C:\Windows\System32\KERNELBASE.dll
0x00007ffe984b0000 - 0x00007ffe985b0000 	C:\Windows\System32\ucrtbase.dll
0x00007ffe923f0000 - 0x00007ffe92409000 	C:\Program Files\Java\jdk-17\bin\jli.dll
0x00007ffe98620000 - 0x00007ffe986d0000 	C:\Windows\System32\ADVAPI32.dll
0x00007ffe98a90000 - 0x00007ffe98b2e000 	C:\Windows\System32\msvcrt.dll
0x00007ffe99ab0000 - 0x00007ffe99b50000 	C:\Windows\System32\sechost.dll
0x00007ffe98840000 - 0x00007ffe98963000 	C:\Windows\System32\RPCRT4.dll
0x00007ffe97db0000 - 0x00007ffe97dd7000 	C:\Windows\System32\bcrypt.dll
0x00007ffe925e0000 - 0x00007ffe925fb000 	C:\Program Files\Java\jdk-17\bin\VCRUNTIME140.dll
0x00007ffe99380000 - 0x00007ffe9951f000 	C:\Windows\System32\USER32.dll
0x00007ffe97d30000 - 0x00007ffe97d52000 	C:\Windows\System32\win32u.dll
0x00007ffe99350000 - 0x00007ffe9937b000 	C:\Windows\System32\GDI32.dll
0x00007ffe84080000 - 0x00007ffe8431a000 	C:\Windows\WinSxS\amd64_microsoft.windows.common-controls_6595b64144ccf1df_6.0.19041.4355_none_60b8b9eb71f62e16\COMCTL32.dll
0x00007ffe97e80000 - 0x00007ffe97f97000 	C:\Windows\System32\gdi32full.dll
0x00007ffe97de0000 - 0x00007ffe97e7d000 	C:\Windows\System32\msvcp_win.dll
0x00007ffe8bb50000 - 0x00007ffe8bb5a000 	C:\Windows\SYSTEM32\VERSION.dll
0x00007ffe98a50000 - 0x00007ffe98a82000 	C:\Windows\System32\IMM32.DLL
0x00007ffe92480000 - 0x00007ffe9248c000 	C:\Program Files\Java\jdk-17\bin\vcruntime140_1.dll
0x00007ffe63140000 - 0x00007ffe631ce000 	C:\Program Files\Java\jdk-17\bin\msvcp140.dll
0x00007ffe24a90000 - 0x00007ffe2566f000 	C:\Program Files\Java\jdk-17\bin\server\jvm.dll
0x00007ffe9a4d0000 - 0x00007ffe9a4d8000 	C:\Windows\System32\PSAPI.DLL
0x00007ffe74cc0000 - 0x00007ffe74cc9000 	C:\Windows\SYSTEM32\WSOCK32.dll
0x00007ffe881d0000 - 0x00007ffe881f7000 	C:\Windows\SYSTEM32\WINMM.dll
0x00007ffe99f70000 - 0x00007ffe99fdb000 	C:\Windows\System32\WS2_32.dll
0x00007ffe962b0000 - 0x00007ffe962c2000 	C:\Windows\SYSTEM32\kernel.appcore.dll
0x00007ffe92450000 - 0x00007ffe9245a000 	C:\Program Files\Java\jdk-17\bin\jimage.dll
0x00007ffe95590000 - 0x00007ffe95774000 	C:\Windows\SYSTEM32\DBGHELP.DLL
0x00007ffe74a10000 - 0x00007ffe74a44000 	C:\Windows\SYSTEM32\dbgcore.DLL
0x00007ffe97ca0000 - 0x00007ffe97d22000 	C:\Windows\System32\bcryptPrimitives.dll
0x00007ffe8d880000 - 0x00007ffe8d8a5000 	C:\Program Files\Java\jdk-17\bin\java.dll

dbghelp: loaded successfully - version: 4.0.5 - missing functions: none
symbol engine: initialized successfully - sym options: 0x614 - pdb path: .;C:\Program Files\Java\jdk-17\bin;C:\Windows\SYSTEM32;C:\Windows\WinSxS\amd64_microsoft.windows.common-controls_6595b64144ccf1df_6.0.19041.4355_none_60b8b9eb71f62e16;C:\Program Files\Java\jdk-17\bin\server

VM Arguments:
jvm_args: -Dfile.encoding=windows-1252 -Duser.country=FR -Duser.language=fr -Duser.variant 
java_command: org.eclipse.persistence.tools.weaving.jpa.StaticWeave -persistenceinfo C:\xampp\htdocs\lvm\fineract\fineract-loan\build\classes\java\main C:\xampp\htdocs\lvm\fineract\fineract-loan\build\classes\java\main C:\xampp\htdocs\lvm\fineract\fineract-loan\build\classes\java\main
java_class_path (initial): C:\xampp\htdocs\lvm\fineract\fineract-loan\build\classes\java\main;C:\xampp\htdocs\lvm\fineract\fineract-accounting\build\libs\fineract-accounting-1.11.0-SNAPSHOT.jar;C:\xampp\htdocs\lvm\fineract\fineract-charge\build\libs\fineract-charge-1.11.0-SNAPSHOT.jar;C:\xampp\htdocs\lvm\fineract\fineract-rates\build\libs\fineract-rates-1.11.0-SNAPSHOT.jar;C:\xampp\htdocs\lvm\fineract\fineract-core\build\libs\fineract-core-1.11.0-SNAPSHOT.jar;C:\Users\d.ngantchou\.gradle\caches\modules-2\files-2.1\com.github.spotbugs\spotbugs-annotations\4.8.3\5d2dc4ca5b632976371155252499819aea372ed\spotbugs-annotations-4.8.3.jar;C:\xampp\htdocs\lvm\fineract\fineract-avro-schemas\build\libs\fineract-avro-schemas-1.11.0-SNAPSHOT.jar;C:\Users\d.ngantchou\.gradle\caches\modules-2\files-2.1\ch.qos.logback.contrib\logback-json-classic\0.1.5\f7fd4e747a9b0c50fc4f71b0055d5bea64dc05c3\logback-json-classic-0.1.5.jar;C:\Users\d.ngantchou\.gradle\caches\modules-2\files-2.1\org.springframework.boot\spring-boot-starter-web\3.2.2\b89d213d9f49c3e6247b2503ac7d94b0ac8260f6\spring-boot-starter-web-3.2.2.jar;C:\Users\d.ngantchou\.gradle\caches\modules-2\files-2.1\org.springframework.boot\spring-boot-starter-security\3.2.2\79676d6fe68878890e26be10ecab126f472d7c0f\spring-boot-starter-security-3.2.2.jar;C:\Users\d.ngantchou\.gradle\caches\modules-2\files-2.1\org.springframework.boot\spring-boot-starter-jersey\3.2.2\6ba86343175d3420a0994dd6e39ee10912af3f20\spring-boot-starter-jersey-3.2.2.jar;C:\Users\d.ngantchou\.gradle\caches\modules-2\files-2.1\org.springframework.boot\spring-boot-starter-validation\3.2.2\faedd363ffbafde6a23bc7183ce79de11a96e780\spring-boot-starter-validation-3.2.2.jar;C:\Users\d.ngantchou\.gradle\caches\modules-2\files-2.1\org.springframework.boot\spring-boot-starter-batch\3.2.2\5da32a6ead1560563cd8731765abd5fa6ea7f53\spring-boot-starter-batch-3.2.2.jar;C:\Users\d.ngantchou\.gradle\caches\modules-2\files-2.1\org.springframework.boot\spring-boot-starter-json\3.2.2\328
Launcher Type: SUN_STANDARD

[Global flags]
     intx CICompilerCount                          = 4                                         {product} {ergonomic}
     uint ConcGCThreads                            = 2                                         {product} {ergonomic}
     uint G1ConcRefinementThreads                  = 8                                         {product} {ergonomic}
   size_t G1HeapRegionSize                         = 2097152                                   {product} {ergonomic}
    uintx GCDrainStackTargetSize                   = 64                                        {product} {ergonomic}
   size_t InitialHeapSize                          = 197132288                                 {product} {ergonomic}
   size_t MarkStackSize                            = 4194304                                   {product} {ergonomic}
   size_t MaxHeapSize                              = 3139436544                                {product} {ergonomic}
   size_t MinHeapDeltaBytes                        = 2097152                                   {product} {ergonomic}
   size_t MinHeapSize                              = 8388608                                   {product} {ergonomic}
    uintx NonNMethodCodeHeapSize                   = 5839372                                {pd product} {ergonomic}
    uintx NonProfiledCodeHeapSize                  = 122909434                              {pd product} {ergonomic}
    uintx ProfiledCodeHeapSize                     = 122909434                              {pd product} {ergonomic}
    uintx ReservedCodeCacheSize                    = 251658240                              {pd product} {ergonomic}
     bool SegmentedCodeCache                       = true                                      {product} {ergonomic}
   size_t SoftMaxHeapSize                          = 3139436544                             {manageable} {ergonomic}
     bool UseCompressedClassPointers               = true                           {product lp64_product} {ergonomic}
     bool UseCompressedOops                        = true                           {product lp64_product} {ergonomic}
     bool UseG1GC                                  = true                                      {product} {ergonomic}
     bool UseLargePagesIndividualAllocation        = false                                  {pd product} {ergonomic}

Logging:
Log output configuration:
 #0: stdout all=warning uptime,level,tags
 #1: stderr all=off uptime,level,tags

Environment Variables:
JAVA_HOME=C:\Program Files\Java\jdk-17
CLASSPATH=C:\xampp\htdocs\lvm\fineract\\gradle\wrapper\gradle-wrapper.jar
PATH=C:\Program Files\Common Files\Oracle\Java\javapath;C:\Windows\system32;C:\Windows;C:\Windows\System32\Wbem;C:\Windows\System32\WindowsPowerShell\v1.0\;C:\Windows\System32\OpenSSH\;C:\Program Files\Git\cmd;C:\Program Files\nodejs\;C:\Program Files\Docker\Docker\resources\bin;C:\xampp\php;C:\composer;C:\Program Files\Java\jdk-17\bin;C:\xampp\mysql\bin;C:\Gradle\gradle-8.6\bin;C:\Users\d.ngantchou\AppData\Local\Microsoft\WindowsApps;;C:\Users\d.ngantchou\AppData\Local\Programs\Microsoft VS Code\bin;C:\Users\d.ngantchou\AppData\Roaming\npm;C:\Users\d.ngantchou\AppData\Roaming\Composer\vendor\bin
USERNAME=d.ngantchou
LANG=en_US.UTF-8
OS=Windows_NT
PROCESSOR_IDENTIFIER=Intel64 Family 6 Model 140 Stepping 1, GenuineIntel



---------------  S Y S T E M  ---------------

OS:
 Windows 10 , 64 bit Build 19041 (10.0.19041.3636)
OS uptime: 6 days 8:53 hours
Hyper-V role detected

CPU: total 8 (initial active 8) (4 cores per cpu, 2 threads per core) family 6 model 140 stepping 1 microcode 0xb6, cx8, cmov, fxsr, ht, mmx, 3dnowpref, sse, sse2, sse3, ssse3, sse4.1, sse4.2, popcnt, lzcnt, tsc, tscinvbit, avx, avx2, aes, erms, clmul, bmi1, bmi2, adx, avx512f, avx512dq, avx512cd, avx512bw, avx512vl, sha, fma, vzeroupper, avx512_vpopcntdq, avx512_vpclmulqdq, avx512_vaes, avx512_vnni, clflush, clflushopt, clwb, avx512_vbmi2, avx512_vbmi, hv

Memory: 4k page, system-wide physical 11968M (729M free)
TotalPageFile size 28479M (AvailPageFile size 232M)
current process WorkingSet (physical memory assigned to process): 10M, peak: 10M
current process commit charge ("private bytes"): 60M, peak: 248M

vm_info: Java HotSpot(TM) 64-Bit Server VM (17.0.10+11-LTS-240) for windows-amd64 JRE (17.0.10+11-LTS-240), built on Dec 19 2023 21:47:25 by "mach5one" with MS VC++ 17.1 (VS2022)

END.
